MB052 Q0 32973061993005056 1 -7.82525 indri
MB052 Q0 32586132818501632 2 -10.0911 indri
MB052 Q0 30274519411195904 3 -10.4322 indri
MB052 Q0 32452930514722818 4 -10.4342 indri
MB052 Q0 29176831886229505 5 -10.4342 indri
MB052 Q0 32477041165074433 6 -10.4346 indri
MB052 Q0 29273986579832832 7 -10.4346 indri
MB052 Q0 33194092661833728 8 -10.4354 indri
MB052 Q0 32093179519967233 9 -10.4354 indri
MB052 Q0 30376934647005184 10 -10.4374 indri
MB052 Q0 29091743618039808 11 -10.4374 indri
MB052 Q0 32872962348548096 12 -10.4378 indri
MB052 Q0 32461176700928000 13 -10.9766 indri
MB052 Q0 28970319251243008 14 -10.9782 indri
MB052 Q0 31323317705113600 15 -10.9797 indri
MB052 Q0 30872491819802624 16 -10.9805 indri
MB052 Q0 32936211655954432 17 -10.9813 indri
MB052 Q0 32374903306981376 18 -11.3174 indri
MB052 Q0 29477253435887616 19 -11.3174 indri
MB052 Q0 31282260816695296 20 -11.3178 indri
MB052 Q0 31883809494401024 21 -11.3182 indri
MB052 Q0 30076585994362880 22 -11.3186 indri
MB052 Q0 30054100565499905 23 -11.3186 indri
MB052 Q0 30135309542887424 24 -11.319 indri
MB052 Q0 31255231228542976 25 -11.3194 indri
MB052 Q0 31053329748459520 26 -11.3194 indri
MB052 Q0 32175470816534528 27 -11.3198 indri
MB052 Q0 30358686664761344 28 -11.3198 indri
MB052 Q0 32554601131548673 29 -11.3202 indri
MB052 Q0 32198085593534464 30 -11.3202 indri
MB052 Q0 31912677823488000 31 -11.3202 indri
MB052 Q0 32664347280941056 32 -11.3206 indri
MB052 Q0 29711067563163649 33 -11.3206 indri
MB052 Q0 29563722666082304 34 -11.3206 indri
MB052 Q0 31680155143380993 35 -11.321 indri
MB052 Q0 29582250639101952 36 -11.321 indri
MB052 Q0 30463742131044353 37 -11.3214 indri
MB052 Q0 30380354254667776 38 -11.3214 indri
MB052 Q0 30103514642386944 39 -11.3214 indri
MB052 Q0 29725576998686720 40 -11.3214 indri
MB052 Q0 31419222710034433 41 -11.3218 indri
MB052 Q0 29763378842963968 42 -11.3218 indri
MB052 Q0 29730028895862784 43 -11.3218 indri
MB052 Q0 33188417697226752 44 -11.3222 indri
MB052 Q0 32618963326214144 45 -11.3222 indri
MB052 Q0 32141402875887616 46 -11.3222 indri
MB052 Q0 32012151778443264 47 -11.3222 indri
MB052 Q0 30404645390127106 48 -11.3222 indri
MB052 Q0 33052618884390912 49 -11.3226 indri
MB052 Q0 32906414900903936 50 -11.3226 indri
MB052 Q0 32871474456961024 51 -11.3226 indri
MB052 Q0 30252350539042817 52 -11.3226 indri
MB052 Q0 30697627775410177 53 -11.323 indri
MB052 Q0 30108299298873345 54 -11.323 indri
MB052 Q0 29638944261939201 55 -11.323 indri
MB052 Q0 29372322523648000 56 -11.323 indri
MB052 Q0 32528817570451456 57 -11.3234 indri
MB052 Q0 32414359632216064 58 -11.3234 indri
MB052 Q0 31428966615093248 59 -11.3234 indri
MB052 Q0 30347932188286976 60 -11.3234 indri
MB052 Q0 29756362250526721 61 -11.3234 indri
MB052 Q0 29660980623450112 62 -11.3234 indri
MB052 Q0 28993855701385216 63 -11.3234 indri
MB052 Q0 32836599955853312 64 -11.3238 indri
MB052 Q0 32157513885417472 65 -11.3238 indri
MB052 Q0 31579735733567488 66 -11.3238 indri
MB052 Q0 29269584418705409 67 -11.3238 indri
MB052 Q0 32835710402695172 68 -11.3242 indri
MB052 Q0 32503705991389184 69 -11.3242 indri
MB052 Q0 30806980297756672 70 -11.3242 indri
MB052 Q0 30806564176662528 71 -11.3242 indri
MB052 Q0 33001076659589122 72 -11.3246 indri
MB052 Q0 31970846394290176 73 -11.3246 indri
MB052 Q0 29885818457821184 74 -11.3246 indri
MB052 Q0 29778453146374146 75 -11.3246 indri
MB052 Q0 29451825736323072 76 -11.3246 indri
MB052 Q0 33193379504332801 77 -11.325 indri
MB052 Q0 32679737432219648 78 -11.325 indri
MB052 Q0 31781754993901568 79 -11.325 indri
MB052 Q0 30401912348082176 80 -11.325 indri
MB052 Q0 30334103303757824 81 -11.325 indri
MB052 Q0 29782729826508802 82 -11.325 indri
MB052 Q0 30738422704373761 83 -11.3265 indri
