MB056 Q0 30014717997092864 1 -7.13574 indri
MB056 Q0 31762855594303488 2 -7.47742 indri
MB056 Q0 30521472812318720 3 -7.47822 indri
MB056 Q0 29354370453737473 4 -7.47822 indri
MB056 Q0 32948356061863936 5 -7.47981 indri
MB056 Q0 32945505914847232 6 -7.47981 indri
MB056 Q0 31807798136283138 7 -7.81862 indri
MB056 Q0 30089313916030978 8 -7.81942 indri
MB056 Q0 31450045198901248 9 -7.81982 indri
MB056 Q0 32513343017189376 10 -7.82022 indri
MB056 Q0 33035848345722880 11 -7.82101 indri
MB056 Q0 33278755069902848 12 -7.82221 indri
MB056 Q0 32824055220404224 13 -7.8226 indri
MB056 Q0 29349478234329090 14 -7.8226 indri
MB056 Q0 29866049172152321 15 -7.8234 indri
MB056 Q0 29805486199013377 16 -7.82379 indri
MB056 Q0 33275587548286976 17 -7.82419 indri
MB056 Q0 30118369902465024 18 -7.82419 indri
MB056 Q0 32147760174080000 19 -7.82459 indri
MB056 Q0 32784896296493056 20 -7.82538 indri
MB056 Q0 33277775108382720 21 -7.82657 indri
MB056 Q0 31666954032906240 22 -9.58135 indri
MB056 Q0 29696501416468481 23 -9.74938 indri
MB056 Q0 30335651857571841 24 -9.77872 indri
MB056 Q0 33098287666049024 25 -9.78309 indri
MB056 Q0 31016736551608320 26 -9.94969 indri
MB056 Q0 31234853261287425 27 -9.95008 indri
MB056 Q0 29987059816992768 28 -9.95048 indri
MB056 Q0 31456358683385856 29 -9.95127 indri
MB056 Q0 30428818955042817 30 -9.95127 indri
MB056 Q0 31907095322300417 31 -9.95206 indri
MB056 Q0 31140906979565568 32 -10.1199 indri
MB056 Q0 29291531378630656 33 -10.1199 indri
MB056 Q0 32244227601600512 34 -10.1203 indri
MB056 Q0 31745451036254208 35 -10.1203 indri
MB056 Q0 29721471504875520 36 -10.1203 indri
MB056 Q0 29654315937308672 37 -10.1203 indri
MB056 Q0 29654053017362432 38 -10.1207 indri
MB056 Q0 29653380544598016 39 -10.1207 indri
MB056 Q0 29653256284143616 40 -10.1207 indri
MB056 Q0 29276947221585920 41 -10.1207 indri
MB056 Q0 32983293913731072 42 -10.1211 indri
MB056 Q0 32894644123607040 43 -10.1211 indri
MB056 Q0 31686006822404096 44 -10.1219 indri
MB056 Q0 30714909889138688 45 -10.1219 indri
MB056 Q0 33249501770682368 46 -10.1223 indri
MB056 Q0 29354563387523073 47 -10.1223 indri
MB056 Q0 31214364195291136 48 -10.1227 indri
MB056 Q0 31744066563604480 49 -10.1231 indri
MB056 Q0 30246351543476224 50 -10.1231 indri
MB056 Q0 30020231271284736 51 -10.1231 indri
MB056 Q0 29689873766027265 52 -10.1231 indri
MB056 Q0 32293188026765312 53 -10.1235 indri
MB056 Q0 31104247235874816 54 -10.1235 indri
MB056 Q0 30361362878169088 55 -10.1235 indri
MB056 Q0 30297203738152960 56 -10.1235 indri
MB056 Q0 30084695144271873 57 -10.1235 indri
MB056 Q0 30791542343991297 58 -10.1239 indri
MB056 Q0 29268348596387841 59 -10.1239 indri
MB056 Q0 31890232550891521 60 -10.1243 indri
MB056 Q0 31191142389260288 61 -10.1243 indri
MB056 Q0 31064276370198528 62 -10.1243 indri
MB056 Q0 30697769291227136 63 -10.1243 indri
MB056 Q0 29984929089585152 64 -10.1243 indri
MB056 Q0 32945457676156929 65 -10.1247 indri
MB056 Q0 29796012910448640 66 -10.1247 indri
MB056 Q0 29283887125364736 67 -10.1247 indri
MB056 Q0 29149612686188544 68 -10.1247 indri
MB056 Q0 29050104069492736 69 -10.1247 indri
MB056 Q0 32912680809398272 70 -10.1251 indri
MB056 Q0 30938632764268544 71 -10.1251 indri
MB056 Q0 29324446879711232 72 -10.1251 indri
MB056 Q0 32256866536919041 73 -10.1255 indri
MB056 Q0 32174204858146816 74 -10.1255 indri
MB056 Q0 31870707759587328 75 -10.1255 indri
MB056 Q0 31719556514844672 76 -10.1255 indri
MB056 Q0 30752379854917632 77 -10.1255 indri
MB056 Q0 30037191400890368 78 -10.1255 indri
MB056 Q0 30035203309178880 79 -10.1255 indri
MB056 Q0 33012849357885440 80 -10.1259 indri
MB056 Q0 31846578897551360 81 -10.1259 indri
MB056 Q0 31368894950150144 82 -10.1259 indri
MB056 Q0 29527274499866625 83 -10.1259 indri
MB056 Q0 29192367013625856 84 -10.1259 indri
MB056 Q0 32670494071193601 85 -10.1263 indri
MB056 Q0 31563719385292800 86 -10.1263 indri
MB056 Q0 30790919447912448 87 -10.1263 indri
MB056 Q0 30702236413730816 88 -10.1263 indri
MB056 Q0 30587682639847424 89 -10.1263 indri
MB056 Q0 31439990474936320 90 -10.1267 indri
MB056 Q0 31087482724417536 91 -10.1267 indri
MB056 Q0 30291272077942784 92 -10.1267 indri
MB056 Q0 29292508659847170 93 -10.1267 indri
MB056 Q0 33104559010365440 94 -10.1271 indri
MB056 Q0 32095475440033792 95 -10.1271 indri
MB056 Q0 31780695965704192 96 -10.1271 indri
MB056 Q0 30411954489139201 97 -10.1271 indri
MB056 Q0 30286328058871808 98 -10.1271 indri
MB056 Q0 29357936337747969 99 -10.1271 indri
MB056 Q0 30829627194740736 100 -10.1275 indri
MB056 Q0 32565177215881216 101 -10.1279 indri
MB056 Q0 31441781816033280 102 -10.1279 indri
MB056 Q0 30260138891808768 103 -10.1287 indri
MB056 Q0 32619117353631744 104 -10.1291 indri
MB056 Q0 33258145572720640 105 -10.287 indri
MB056 Q0 32966181149212672 106 -10.287 indri
MB056 Q0 30872221379469312 107 -10.287 indri
MB056 Q0 30103823510937600 108 -10.287 indri
MB056 Q0 30296222321348608 109 -10.2874 indri
MB056 Q0 32244532519108608 110 -10.2878 indri
MB056 Q0 31382850326495233 111 -10.2878 indri
MB056 Q0 30484683502391296 112 -10.2878 indri
MB056 Q0 30441645765820416 113 -10.2878 indri
MB056 Q0 29876101715070976 114 -10.2878 indri
MB056 Q0 29690077655343104 115 -10.2878 indri
MB056 Q0 29523890061451264 116 -10.2878 indri
MB056 Q0 31973774890901505 117 -10.2882 indri
MB056 Q0 30098879038881792 118 -10.2882 indri
MB056 Q0 33333858803912704 119 -10.2886 indri
MB056 Q0 33050851790561281 120 -10.2886 indri
MB056 Q0 32781633396416512 121 -10.2886 indri
MB056 Q0 31714638102003712 122 -10.2886 indri
MB056 Q0 29378040031092738 123 -10.2886 indri
MB056 Q0 32379479548493824 124 -10.289 indri
MB056 Q0 30027684591439872 125 -10.289 indri
MB056 Q0 33082299209752576 126 -10.2894 indri
MB056 Q0 32399517890379776 127 -10.2894 indri
MB056 Q0 31530059751755777 128 -10.2894 indri
MB056 Q0 31513406498414592 129 -10.2894 indri
MB056 Q0 31382820316250114 130 -10.2894 indri
MB056 Q0 31144305234018304 131 -10.2894 indri
MB056 Q0 30824405680525312 132 -10.2894 indri
MB056 Q0 33240795268120576 133 -10.2898 indri
MB056 Q0 33232542425419776 134 -10.2898 indri
MB056 Q0 31502261083439104 135 -10.2898 indri
MB056 Q0 29268790906716161 136 -10.2898 indri
MB056 Q0 29040246381346816 137 -10.2898 indri
MB056 Q0 31025534481731585 138 -10.2902 indri
MB056 Q0 30861422661476352 139 -10.2902 indri
MB056 Q0 30329298699157504 140 -10.2902 indri
MB056 Q0 29978529244389376 141 -10.2902 indri
MB056 Q0 29974285967687680 142 -10.2902 indri
MB056 Q0 32693135528165376 143 -10.2906 indri
MB056 Q0 32200772632449027 144 -10.2906 indri
MB056 Q0 31966174388424704 145 -10.2906 indri
MB056 Q0 31168485920866305 146 -10.2906 indri
MB056 Q0 31154123185328128 147 -10.2906 indri
MB056 Q0 30324639599173632 148 -10.2906 indri
MB056 Q0 30184369251422208 149 -10.2906 indri
MB056 Q0 33375095628111872 150 -10.291 indri
MB056 Q0 32997367590420480 151 -10.291 indri
MB056 Q0 32328876898131968 152 -10.291 indri
MB056 Q0 32206236430630912 153 -10.291 indri
MB056 Q0 31693984048881664 154 -10.291 indri
MB056 Q0 31143323636858880 155 -10.291 indri
MB056 Q0 30321589249642496 156 -10.291 indri
MB056 Q0 30260698617487360 157 -10.291 indri
MB056 Q0 29926711315402752 158 -10.291 indri
MB056 Q0 32868659579854848 159 -10.2914 indri
MB056 Q0 31011239740047360 160 -10.2914 indri
MB056 Q0 32976924804382720 161 -10.2918 indri
MB056 Q0 32658302299021312 162 -10.2918 indri
MB056 Q0 31535504830758912 163 -10.2918 indri
MB056 Q0 30395848189808640 164 -10.2918 indri
MB056 Q0 33375244534300672 165 -10.2922 indri
MB056 Q0 33080018930241536 166 -10.2922 indri
MB056 Q0 32700461534420993 167 -10.2922 indri
MB056 Q0 32183954794618881 168 -10.2922 indri
MB056 Q0 32165038261280768 169 -10.2922 indri
MB056 Q0 31543689591394304 170 -10.2922 indri
MB056 Q0 31447830614777856 171 -10.2922 indri
MB056 Q0 32275451875434497 172 -10.2926 indri
MB056 Q0 31539897336594433 173 -10.2926 indri
MB056 Q0 29584758715457536 174 -10.2926 indri
MB056 Q0 29227172170305536 175 -10.2926 indri
MB056 Q0 28986796746477568 176 -10.2926 indri
MB056 Q0 32872876256268288 177 -10.293 indri
MB056 Q0 32231509075165185 178 -10.293 indri
MB056 Q0 31899769295085568 179 -10.293 indri
MB056 Q0 33279960458207233 180 -10.2934 indri
MB056 Q0 32457029570273280 181 -10.2934 indri
MB056 Q0 31899754229145600 182 -10.2934 indri
MB056 Q0 31413771213742080 183 -10.2934 indri
MB056 Q0 30404994574327808 184 -10.2934 indri
MB056 Q0 30380428753899520 185 -10.2934 indri
MB056 Q0 29776236326690816 186 -10.2934 indri
MB056 Q0 29208431508328449 187 -10.2934 indri
MB056 Q0 33195930240942080 188 -10.2938 indri
MB056 Q0 32289032973058049 189 -10.2938 indri
MB056 Q0 30733868084494336 190 -10.2938 indri
MB056 Q0 30692589493551104 191 -10.2938 indri
MB056 Q0 29796317484032000 192 -10.2938 indri
MB056 Q0 29313559380885505 193 -10.2938 indri
MB056 Q0 29285639442669571 194 -10.2938 indri
MB056 Q0 29161633951518721 195 -10.2938 indri
MB056 Q0 32974697901588480 196 -10.2941 indri
MB056 Q0 32958554923077633 197 -10.2941 indri
MB056 Q0 32942799246594048 198 -10.2941 indri
MB056 Q0 32548073955659777 199 -10.2941 indri
MB056 Q0 32240087504781313 200 -10.2941 indri
MB056 Q0 31862665273933824 201 -10.2941 indri
MB056 Q0 29963766842003456 202 -10.2941 indri
MB056 Q0 29327171902242817 203 -10.2941 indri
MB056 Q0 31772353742503936 204 -10.2945 indri
MB056 Q0 31578493061963776 205 -10.2945 indri
MB056 Q0 33195931587321856 206 -10.2949 indri
MB056 Q0 30341180902346753 207 -10.2949 indri
MB056 Q0 32122462980280320 208 -10.2957 indri
MB056 Q0 30330250067968000 209 -10.2957 indri
MB056 Q0 31802092683272192 210 -10.2961 indri
MB056 Q0 31640057727164416 211 -10.2961 indri
MB056 Q0 29404917479243776 212 -10.2961 indri
MB056 Q0 32740188979462144 213 -10.2965 indri
MB056 Q0 31518031649701888 214 -10.2965 indri
MB056 Q0 30330856094568449 215 -10.2965 indri
MB056 Q0 29679110255026176 216 -10.2965 indri
MB056 Q0 33214871193518080 217 -10.2989 indri
