MB060 Q0 34265847648223232 1 -12.3693 indri
MB060 Q0 30888675101384704 2 -12.5085 indri
MB060 Q0 32924110325551104 3 -12.5101 indri
MB060 Q0 31541787378065409 4 -12.5101 indri
MB060 Q0 32008904330186752 5 -12.5105 indri
MB060 Q0 30666356126912512 6 -12.5105 indri
MB060 Q0 33034489114402818 7 -12.5109 indri
MB060 Q0 33093432729673728 8 -12.5112 indri
MB060 Q0 32485126906580992 9 -12.5116 indri
MB060 Q0 29431560562282496 10 -12.5116 indri
MB060 Q0 34161535391633408 11 -12.512 indri
MB060 Q0 34141762964426752 12 -12.512 indri
MB060 Q0 30724724736655361 13 -12.512 indri
MB060 Q0 30371703578169344 14 -12.512 indri
MB060 Q0 29105358521769984 15 -12.512 indri
MB060 Q0 33333604473905153 16 -12.5124 indri
MB060 Q0 30075242592337920 17 -12.5124 indri
MB060 Q0 31299916881993728 18 -12.5128 indri
MB060 Q0 34212573473677313 19 -12.7059 indri
MB060 Q0 33286243110359040 20 -12.7067 indri
MB060 Q0 29911466186375168 21 -12.7067 indri
MB060 Q0 29480824051077120 22 -12.7067 indri
MB060 Q0 29436803878490112 23 -12.7067 indri
MB060 Q0 34089080761352192 24 -12.7071 indri
MB060 Q0 33832369173561344 25 -12.7071 indri
MB060 Q0 33681047828967424 26 -12.7075 indri
MB060 Q0 32400138295050240 27 -12.7075 indri
MB060 Q0 30867592214220800 28 -12.7075 indri
MB060 Q0 30803091490086912 29 -12.7079 indri
MB060 Q0 33706609385414656 30 -12.7083 indri
MB060 Q0 32045900373172224 31 -12.7083 indri
MB060 Q0 30363847143464961 32 -12.7083 indri
MB060 Q0 34191148067065856 33 -12.7086 indri
MB060 Q0 32980463521894404 34 -12.7086 indri
MB060 Q0 32630574321500160 35 -12.7086 indri
MB060 Q0 31025621903609856 36 -12.7086 indri
MB060 Q0 30231673970884608 37 -12.7086 indri
MB060 Q0 33677391939239936 38 -12.709 indri
MB060 Q0 32796533900451840 39 -12.709 indri
MB060 Q0 31529509962387456 40 -12.709 indri
MB060 Q0 31269345250246656 41 -12.709 indri
MB060 Q0 30382527768166400 42 -12.709 indri
MB060 Q0 33121277527076864 43 -12.7094 indri
MB060 Q0 33004878599028736 44 -12.7094 indri
MB060 Q0 32209447271010305 45 -12.7094 indri
MB060 Q0 31938590585921537 46 -12.7094 indri
MB060 Q0 30947181829562368 47 -12.7094 indri
MB060 Q0 30569278860165120 48 -12.7094 indri
MB060 Q0 29802949865639937 49 -12.7094 indri
MB060 Q0 29237611558080512 50 -12.7094 indri
MB060 Q0 34423422805086208 51 -12.7098 indri
MB060 Q0 32164323618979840 52 -12.7098 indri
MB060 Q0 31343165118087169 53 -12.7098 indri
MB060 Q0 31263929590091776 54 -12.7098 indri
MB060 Q0 31187069468413952 55 -12.7098 indri
MB060 Q0 31073318543032320 56 -12.7098 indri
MB060 Q0 30838480187686913 57 -12.7098 indri
MB060 Q0 30786145579180032 58 -12.7098 indri
MB060 Q0 29070877672865792 59 -12.7098 indri
MB060 Q0 34037666857095168 60 -12.7102 indri
MB060 Q0 33440459686674432 61 -12.7102 indri
MB060 Q0 32921526181306368 62 -12.7102 indri
MB060 Q0 32767369885523968 63 -12.7102 indri
MB060 Q0 31732480914489344 64 -12.7102 indri
MB060 Q0 31656691342770176 65 -12.7102 indri
MB060 Q0 30951279899451393 66 -12.7102 indri
MB060 Q0 30922877704339456 67 -12.7102 indri
MB060 Q0 29662689458388992 68 -12.7102 indri
MB060 Q0 29599260441837568 69 -12.7102 indri
MB060 Q0 29097687013920768 70 -12.7102 indri
MB060 Q0 31387551839293441 71 -12.7106 indri
MB060 Q0 31330501872586753 72 -12.7106 indri
MB060 Q0 31324492491923456 73 -12.7106 indri
MB060 Q0 30307642370949121 74 -12.7106 indri
MB060 Q0 30017319606427649 75 -12.7106 indri
MB060 Q0 34399985877385216 76 -12.711 indri
MB060 Q0 34241267537813504 77 -12.711 indri
MB060 Q0 33136404745687041 78 -12.711 indri
MB060 Q0 33089393585561600 79 -12.711 indri
MB060 Q0 32951788327927809 80 -12.711 indri
MB060 Q0 32769247159525376 81 -12.711 indri
MB060 Q0 31058541116657664 82 -12.711 indri
MB060 Q0 30678113146896384 83 -12.711 indri
MB060 Q0 30608387918004224 84 -12.711 indri
MB060 Q0 30583328172154880 85 -12.711 indri
MB060 Q0 30127796827201537 86 -12.711 indri
MB060 Q0 34207433509314560 87 -12.7114 indri
MB060 Q0 33514651547344896 88 -12.7114 indri
MB060 Q0 32096649790623745 89 -12.7114 indri
MB060 Q0 31740806834425856 90 -12.7114 indri
MB060 Q0 31469968528769025 91 -12.7114 indri
MB060 Q0 30569342814916608 92 -12.7114 indri
MB060 Q0 30391135373361152 93 -12.7114 indri
MB060 Q0 29909262767489024 94 -12.7114 indri
MB060 Q0 29740251769470976 95 -12.7114 indri
MB060 Q0 28994302659006464 96 -12.7114 indri
MB060 Q0 32773497323261953 97 -12.7118 indri
MB060 Q0 31590126110904320 98 -12.7118 indri
MB060 Q0 31442910696177665 99 -12.7118 indri
MB060 Q0 32622381050626048 100 -12.7122 indri
MB060 Q0 33030215693238272 101 -12.7126 indri
MB060 Q0 31287096681435136 102 -12.7126 indri
MB060 Q0 30959520830197760 103 -12.7126 indri
MB060 Q0 30375709289480192 104 -12.715 indri
MB060 Q0 32459873564237824 105 -12.717 indri
MB060 Q0 33893263983382528 106 -13.0382 indri
MB060 Q0 30001201529495552 107 -13.0382 indri
MB060 Q0 33931204822708224 108 -13.0386 indri
MB060 Q0 31543425941643264 109 -13.0386 indri
MB060 Q0 30781762292424704 110 -13.0386 indri
MB060 Q0 29796903000477696 111 -13.0386 indri
MB060 Q0 34047953588981760 112 -13.039 indri
MB060 Q0 33075693453574144 113 -13.039 indri
MB060 Q0 32829804684255232 114 -13.039 indri
MB060 Q0 31504834347663360 115 -13.039 indri
MB060 Q0 31091400284049408 116 -13.039 indri
MB060 Q0 29928774757781504 117 -13.039 indri
MB060 Q0 29629082937327616 118 -13.039 indri
MB060 Q0 33427794578907138 119 -13.0394 indri
MB060 Q0 32827336114044928 120 -13.0394 indri
MB060 Q0 32162361813114880 121 -13.0394 indri
MB060 Q0 31777556533354496 122 -13.0394 indri
MB060 Q0 30414856796508160 123 -13.0394 indri
MB060 Q0 29709683308625920 124 -13.0394 indri
MB060 Q0 29208077458735104 125 -13.0394 indri
MB060 Q0 33414268057550848 126 -13.0398 indri
MB060 Q0 33347616108449792 127 -13.0398 indri
MB060 Q0 33290517185830913 128 -13.0398 indri
MB060 Q0 33123261378199552 129 -13.0398 indri
MB060 Q0 32846949170286593 130 -13.0398 indri
MB060 Q0 32784347446640641 131 -13.0398 indri
MB060 Q0 32563258921586688 132 -13.0398 indri
MB060 Q0 31295548401131520 133 -13.0398 indri
MB060 Q0 30896445397671936 134 -13.0398 indri
MB060 Q0 30291942273196032 135 -13.0398 indri
MB060 Q0 29372616569524224 136 -13.0398 indri
MB060 Q0 34293118794727424 137 -13.0402 indri
MB060 Q0 30524220291162112 138 -13.0402 indri
MB060 Q0 30361012511186945 139 -13.0402 indri
MB060 Q0 30303527939084289 140 -13.0402 indri
MB060 Q0 29583076854079488 141 -13.0402 indri
MB060 Q0 29422130202415104 142 -13.0402 indri
MB060 Q0 29143766619131906 143 -13.0402 indri
MB060 Q0 33314537855782912 144 -13.0406 indri
MB060 Q0 33005252936613888 145 -13.0406 indri
MB060 Q0 32941334444642304 146 -13.0406 indri
MB060 Q0 32650628815654912 147 -13.0406 indri
MB060 Q0 32489954206552064 148 -13.0406 indri
MB060 Q0 31672985840517120 149 -13.0406 indri
MB060 Q0 31574865592979456 150 -13.0406 indri
MB060 Q0 31569769945636865 151 -13.0406 indri
MB060 Q0 31280399111950336 152 -13.0406 indri
MB060 Q0 30344561100324864 153 -13.0406 indri
MB060 Q0 29851893127716865 154 -13.0406 indri
MB060 Q0 29401850142785536 155 -13.0406 indri
MB060 Q0 29300983699869696 156 -13.0406 indri
MB060 Q0 33213207115988993 157 -13.041 indri
MB060 Q0 33178793958973440 158 -13.041 indri
MB060 Q0 32998133591965698 159 -13.041 indri
MB060 Q0 32708438391783424 160 -13.041 indri
MB060 Q0 32636564857163776 161 -13.041 indri
MB060 Q0 32126045767344128 162 -13.041 indri
MB060 Q0 31767856039329792 163 -13.041 indri
MB060 Q0 31731638631137281 164 -13.041 indri
MB060 Q0 31682217021276160 165 -13.041 indri
MB060 Q0 31160749384540161 166 -13.041 indri
MB060 Q0 31134657022001153 167 -13.041 indri
MB060 Q0 31122825305657344 168 -13.041 indri
MB060 Q0 30365823444983809 169 -13.041 indri
MB060 Q0 30073610689323008 170 -13.041 indri
MB060 Q0 29726446595346433 171 -13.041 indri
MB060 Q0 29534793855148033 172 -13.041 indri
MB060 Q0 29416616659779584 173 -13.041 indri
MB060 Q0 33466017904599040 174 -13.0414 indri
MB060 Q0 33215620443013120 175 -13.0414 indri
MB060 Q0 33204998779183104 176 -13.0414 indri
MB060 Q0 33164098782896128 177 -13.0414 indri
MB060 Q0 32890431842820097 178 -13.0414 indri
MB060 Q0 32670047541399554 179 -13.0414 indri
MB060 Q0 32586965681438721 180 -13.0414 indri
MB060 Q0 32509167298154497 181 -13.0414 indri
MB060 Q0 32274292934709248 182 -13.0414 indri
MB060 Q0 32209889547784193 183 -13.0414 indri
MB060 Q0 31724837294571520 184 -13.0414 indri
MB060 Q0 31283921618472960 185 -13.0414 indri
MB060 Q0 30742992339865600 186 -13.0414 indri
MB060 Q0 30338015612108801 187 -13.0414 indri
MB060 Q0 30187075735134208 188 -13.0414 indri
MB060 Q0 30117313898348544 189 -13.0414 indri
MB060 Q0 30083577085427713 190 -13.0414 indri
MB060 Q0 29923754175893506 191 -13.0414 indri
MB060 Q0 29877422140686336 192 -13.0414 indri
MB060 Q0 29522709046099968 193 -13.0414 indri
MB060 Q0 29146414491635712 194 -13.0414 indri
MB060 Q0 28981073769660416 195 -13.0414 indri
MB060 Q0 34400768010223616 196 -13.0418 indri
MB060 Q0 34340702926151680 197 -13.0418 indri
MB060 Q0 34294472170799104 198 -13.0418 indri
MB060 Q0 33947153646755840 199 -13.0418 indri
MB060 Q0 33515230587785216 200 -13.0418 indri
MB060 Q0 33481092530970624 201 -13.0418 indri
MB060 Q0 33455624742240256 202 -13.0418 indri
MB060 Q0 33441821556219904 203 -13.0418 indri
MB060 Q0 33088815753072640 204 -13.0418 indri
MB060 Q0 32499549176078336 205 -13.0418 indri
MB060 Q0 32128917364019200 206 -13.0418 indri
MB060 Q0 32122661534437376 207 -13.0418 indri
MB060 Q0 32008658833379328 208 -13.0418 indri
MB060 Q0 31801180061433856 209 -13.0418 indri
MB060 Q0 31685731671875584 210 -13.0418 indri
MB060 Q0 31574562965557248 211 -13.0418 indri
MB060 Q0 31549742353747968 212 -13.0418 indri
MB060 Q0 30796264580849664 213 -13.0418 indri
MB060 Q0 30371756602564608 214 -13.0418 indri
MB060 Q0 30098273620463616 215 -13.0418 indri
MB060 Q0 30032059602829312 216 -13.0418 indri
MB060 Q0 29982067924144128 217 -13.0418 indri
MB060 Q0 29938616243326977 218 -13.0418 indri
MB060 Q0 29566862849220608 219 -13.0418 indri
MB060 Q0 29379320292048896 220 -13.0418 indri
MB060 Q0 28967672074993664 221 -13.0418 indri
MB060 Q0 34220554386939904 222 -13.0422 indri
MB060 Q0 33935143164968960 223 -13.0422 indri
MB060 Q0 33918077670260736 224 -13.0422 indri
MB060 Q0 33906092450775040 225 -13.0422 indri
MB060 Q0 33355922768134144 226 -13.0422 indri
MB060 Q0 33319693687193600 227 -13.0422 indri
MB060 Q0 33303077645721601 228 -13.0422 indri
MB060 Q0 33289881463554048 229 -13.0422 indri
MB060 Q0 33193476678098944 230 -13.0422 indri
MB060 Q0 33189744468824064 231 -13.0422 indri
MB060 Q0 32969751617609728 232 -13.0422 indri
MB060 Q0 32682961971187712 233 -13.0422 indri
MB060 Q0 32533115071102976 234 -13.0422 indri
MB060 Q0 32470427972407297 235 -13.0422 indri
MB060 Q0 32420868470607872 236 -13.0422 indri
MB060 Q0 32163338561519616 237 -13.0422 indri
MB060 Q0 32150815032479744 238 -13.0422 indri
MB060 Q0 32095910624239616 239 -13.0422 indri
MB060 Q0 31811792514588672 240 -13.0422 indri
MB060 Q0 31775016945197056 241 -13.0422 indri
MB060 Q0 31748735637651459 242 -13.0422 indri
MB060 Q0 31468756320391168 243 -13.0422 indri
MB060 Q0 31367981963415553 244 -13.0422 indri
MB060 Q0 31224800038879232 245 -13.0422 indri
MB060 Q0 30929580629950464 246 -13.0422 indri
MB060 Q0 30912466233860096 247 -13.0422 indri
MB060 Q0 30356080949207040 248 -13.0422 indri
MB060 Q0 30342511624978432 249 -13.0422 indri
MB060 Q0 30078388416806912 250 -13.0422 indri
MB060 Q0 30066056034779137 251 -13.0422 indri
MB060 Q0 30041240959451136 252 -13.0422 indri
MB060 Q0 29875837419393024 253 -13.0422 indri
MB060 Q0 29571474918473728 254 -13.0422 indri
MB060 Q0 29295343174688769 255 -13.0422 indri
MB060 Q0 29160545152139264 256 -13.0422 indri
MB060 Q0 29043623660097536 257 -13.0422 indri
MB060 Q0 34427856268296192 258 -13.0426 indri
MB060 Q0 34362237711810560 259 -13.0426 indri
MB060 Q0 34301372430032896 260 -13.0426 indri
MB060 Q0 34196606400069632 261 -13.0426 indri
MB060 Q0 34083615394635776 262 -13.0426 indri
MB060 Q0 33747547113799680 263 -13.0426 indri
MB060 Q0 33662328511668224 264 -13.0426 indri
MB060 Q0 33475941577523200 265 -13.0426 indri
MB060 Q0 33258453669519360 266 -13.0426 indri
MB060 Q0 33219399687086080 267 -13.0426 indri
MB060 Q0 32952319834333184 268 -13.0426 indri
MB060 Q0 32835480282206208 269 -13.0426 indri
MB060 Q0 32833569088864256 270 -13.0426 indri
MB060 Q0 32759104686526464 271 -13.0426 indri
MB060 Q0 32695014534422528 272 -13.0426 indri
MB060 Q0 32505435818823680 273 -13.0426 indri
MB060 Q0 32491264125440000 274 -13.0426 indri
MB060 Q0 32326977826324480 275 -13.0426 indri
MB060 Q0 32253721475809280 276 -13.0426 indri
MB060 Q0 31983916797665280 277 -13.0426 indri
MB060 Q0 31891601236168704 278 -13.0426 indri
MB060 Q0 31851458030731265 279 -13.0426 indri
MB060 Q0 31546669883465728 280 -13.0426 indri
MB060 Q0 31012345664765952 281 -13.0426 indri
MB060 Q0 30918931124322304 282 -13.0426 indri
MB060 Q0 30772722690695168 283 -13.0426 indri
MB060 Q0 30454133827829760 284 -13.0426 indri
MB060 Q0 30413288911147008 285 -13.0426 indri
MB060 Q0 30163374469816321 286 -13.0426 indri
MB060 Q0 30113140213555201 287 -13.0426 indri
MB060 Q0 29941269752971264 288 -13.0426 indri
MB060 Q0 29717543878926336 289 -13.0426 indri
MB060 Q0 29656748692348929 290 -13.0426 indri
MB060 Q0 29555420544638976 291 -13.0426 indri
MB060 Q0 29416479157915648 292 -13.0426 indri
MB060 Q0 29356159487967233 293 -13.0426 indri
MB060 Q0 29325217474023424 294 -13.0426 indri
MB060 Q0 29036864241405953 295 -13.0426 indri
MB060 Q0 28979576382169088 296 -13.0426 indri
MB060 Q0 34048651693129728 297 -13.043 indri
MB060 Q0 34039493702979584 298 -13.043 indri
MB060 Q0 33905407281864704 299 -13.043 indri
MB060 Q0 33861807881854976 300 -13.043 indri
MB060 Q0 33825712628572160 301 -13.043 indri
MB060 Q0 33234896205910016 302 -13.043 indri
MB060 Q0 32925036524339200 303 -13.043 indri
MB060 Q0 32633259359739904 304 -13.043 indri
MB060 Q0 32624094155382784 305 -13.043 indri
MB060 Q0 32563025143668736 306 -13.043 indri
MB060 Q0 32378179473637376 307 -13.043 indri
MB060 Q0 32251502751911936 308 -13.043 indri
MB060 Q0 32121406158282752 309 -13.043 indri
MB060 Q0 31417341728260096 310 -13.043 indri
MB060 Q0 31371147513692160 311 -13.043 indri
MB060 Q0 31350795135877120 312 -13.043 indri
MB060 Q0 31270753550737408 313 -13.043 indri
MB060 Q0 30745569156665345 314 -13.043 indri
MB060 Q0 30702658113249282 315 -13.043 indri
MB060 Q0 30614708486676480 316 -13.043 indri
MB060 Q0 30551131616706560 317 -13.043 indri
MB060 Q0 30479247961235456 318 -13.043 indri
MB060 Q0 30381776270528512 319 -13.043 indri
MB060 Q0 30369843635036160 320 -13.043 indri
MB060 Q0 30347468537339904 321 -13.043 indri
MB060 Q0 30287161899094016 322 -13.043 indri
MB060 Q0 30267517163282432 323 -13.043 indri
MB060 Q0 29652571551440896 324 -13.043 indri
MB060 Q0 29639393610305536 325 -13.043 indri
MB060 Q0 29510166013550592 326 -13.043 indri
MB060 Q0 29417193758269440 327 -13.043 indri
MB060 Q0 29327931427786752 328 -13.043 indri
MB060 Q0 29311442557599744 329 -13.043 indri
MB060 Q0 29123189728616448 330 -13.043 indri
MB060 Q0 34413781824053250 331 -13.0434 indri
MB060 Q0 34330261625765888 332 -13.0434 indri
MB060 Q0 34170614801498112 333 -13.0434 indri
MB060 Q0 33766008078475264 334 -13.0434 indri
MB060 Q0 33465601515061248 335 -13.0434 indri
MB060 Q0 32924622777229312 336 -13.0434 indri
MB060 Q0 32910909026336769 337 -13.0434 indri
MB060 Q0 32788760802361344 338 -13.0434 indri
MB060 Q0 32585080530534400 339 -13.0434 indri
MB060 Q0 32397620974460928 340 -13.0434 indri
MB060 Q0 32146010880876544 341 -13.0434 indri
MB060 Q0 31792512024707072 342 -13.0434 indri
MB060 Q0 31789696912723969 343 -13.0434 indri
MB060 Q0 31606047844077568 344 -13.0434 indri
MB060 Q0 31547140597620738 345 -13.0434 indri
MB060 Q0 31361239879778304 346 -13.0434 indri
MB060 Q0 31320075092885504 347 -13.0434 indri
MB060 Q0 31182635430576128 348 -13.0434 indri
MB060 Q0 30658825623179265 349 -13.0434 indri
MB060 Q0 30597951457853442 350 -13.0434 indri
MB060 Q0 30416778207166465 351 -13.0434 indri
MB060 Q0 30198396929187840 352 -13.0434 indri
MB060 Q0 30121883856801793 353 -13.0434 indri
MB060 Q0 29970359025401856 354 -13.0434 indri
MB060 Q0 29888789279145986 355 -13.0434 indri
MB060 Q0 29784967005343744 356 -13.0434 indri
MB060 Q0 29675551593598976 357 -13.0434 indri
MB060 Q0 29341219486175232 358 -13.0434 indri
MB060 Q0 29173760179310592 359 -13.0434 indri
MB060 Q0 29095951092162560 360 -13.0434 indri
MB060 Q0 34350131339862016 361 -13.0438 indri
MB060 Q0 34319783511986177 362 -13.0438 indri
MB060 Q0 33952047346753536 363 -13.0438 indri
MB060 Q0 33886610151968768 364 -13.0438 indri
MB060 Q0 33877818676871169 365 -13.0438 indri
MB060 Q0 33528419429912577 366 -13.0438 indri
MB060 Q0 33244191333023745 367 -13.0438 indri
MB060 Q0 33143822955323392 368 -13.0438 indri
MB060 Q0 32621134683840512 369 -13.0438 indri
MB060 Q0 32245131734163456 370 -13.0438 indri
MB060 Q0 30993448911765504 371 -13.0438 indri
MB060 Q0 30702331435683841 372 -13.0438 indri
MB060 Q0 30658102550335488 373 -13.0438 indri
MB060 Q0 30652376973053952 374 -13.0438 indri
MB060 Q0 30605376395157504 375 -13.0438 indri
MB060 Q0 30589863128473600 376 -13.0438 indri
MB060 Q0 30455674320199681 377 -13.0438 indri
MB060 Q0 29578813029486593 378 -13.0438 indri
MB060 Q0 29416551786483712 379 -13.0438 indri
MB060 Q0 34401760499994624 380 -13.0442 indri
MB060 Q0 34374207865360384 381 -13.0442 indri
MB060 Q0 34288453235507200 382 -13.0442 indri
MB060 Q0 34208991005384704 383 -13.0442 indri
MB060 Q0 33207663022186496 384 -13.0442 indri
MB060 Q0 32310535236091904 385 -13.0442 indri
MB060 Q0 32197479604686848 386 -13.0442 indri
MB060 Q0 31928170336751616 387 -13.0442 indri
MB060 Q0 31292566762684417 388 -13.0442 indri
MB060 Q0 31158533105909760 389 -13.0442 indri
MB060 Q0 30984263960633344 390 -13.0442 indri
MB060 Q0 30936142652112896 391 -13.0442 indri
MB060 Q0 30900201635979264 392 -13.0442 indri
MB060 Q0 30517889798774784 393 -13.0442 indri
MB060 Q0 30478250358607872 394 -13.0442 indri
MB060 Q0 30355370538958850 395 -13.0442 indri
MB060 Q0 29705297664671744 396 -13.0442 indri
MB060 Q0 29481716678660096 397 -13.0442 indri
MB060 Q0 29013847473913857 398 -13.0442 indri
MB060 Q0 34360524418326528 399 -13.0446 indri
MB060 Q0 34321869083656192 400 -13.0446 indri
MB060 Q0 34295352752488448 401 -13.0446 indri
MB060 Q0 34272896184483840 402 -13.0446 indri
MB060 Q0 34196305525997568 403 -13.0446 indri
MB060 Q0 32940057354567680 404 -13.0446 indri
MB060 Q0 32606382687522816 405 -13.0446 indri
MB060 Q0 32583438900924416 406 -13.0446 indri
MB060 Q0 32561751102857217 407 -13.0446 indri
MB060 Q0 32216775609294848 408 -13.0446 indri
MB060 Q0 32003703108018176 409 -13.0446 indri
MB060 Q0 31844651140911104 410 -13.0446 indri
MB060 Q0 31778804447846401 411 -13.0446 indri
MB060 Q0 31749327172935680 412 -13.0446 indri
MB060 Q0 31652844012572673 413 -13.0446 indri
MB060 Q0 31377104851435520 414 -13.0446 indri
MB060 Q0 31168490618486784 415 -13.0446 indri
MB060 Q0 31085518896758785 416 -13.0446 indri
MB060 Q0 30901247426957312 417 -13.0446 indri
MB060 Q0 30728211767762944 418 -13.0446 indri
MB060 Q0 30712634152062976 419 -13.0446 indri
MB060 Q0 30522982673686529 420 -13.0446 indri
MB060 Q0 30477968526544896 421 -13.0446 indri
MB060 Q0 30464679839006720 422 -13.0446 indri
MB060 Q0 30402067868688384 423 -13.0446 indri
MB060 Q0 29911610587877377 424 -13.0446 indri
MB060 Q0 29896443762315264 425 -13.0446 indri
MB060 Q0 29756093555023873 426 -13.0446 indri
MB060 Q0 29543243590926337 427 -13.0446 indri
MB060 Q0 29462420049104897 428 -13.0446 indri
MB060 Q0 29263112657965056 429 -13.0446 indri
MB060 Q0 29146553318903809 430 -13.0446 indri
MB060 Q0 34339551702949888 431 -13.0449 indri
MB060 Q0 34317814336593920 432 -13.0449 indri
MB060 Q0 34314302349512704 433 -13.0449 indri
MB060 Q0 34239780854169600 434 -13.0449 indri
MB060 Q0 33930401353306112 435 -13.0449 indri
MB060 Q0 33499408821649408 436 -13.0449 indri
MB060 Q0 32596338398986240 437 -13.0449 indri
MB060 Q0 32465039742992384 438 -13.0449 indri
MB060 Q0 32218369029578752 439 -13.0449 indri
MB060 Q0 32025187096469504 440 -13.0449 indri
MB060 Q0 31925027234385920 441 -13.0449 indri
MB060 Q0 31849691155013632 442 -13.0449 indri
MB060 Q0 31648324306079744 443 -13.0449 indri
MB060 Q0 31424346220134400 444 -13.0449 indri
MB060 Q0 30779659390033920 445 -13.0449 indri
MB060 Q0 30687231832227840 446 -13.0449 indri
MB060 Q0 30407855718793217 447 -13.0449 indri
MB060 Q0 30271128404492288 448 -13.0449 indri
MB060 Q0 30267608511021056 449 -13.0449 indri
MB060 Q0 29675264728371200 450 -13.0449 indri
MB060 Q0 29631879036534785 451 -13.0449 indri
MB060 Q0 29571477997101056 452 -13.0449 indri
MB060 Q0 29498516329988096 453 -13.0449 indri
MB060 Q0 29404462439206912 454 -13.0449 indri
MB060 Q0 29140024943448064 455 -13.0449 indri
MB060 Q0 34436767029399552 456 -13.0453 indri
MB060 Q0 34257438848851968 457 -13.0453 indri
MB060 Q0 33724367154184192 458 -13.0453 indri
MB060 Q0 33191028164919296 459 -13.0453 indri
MB060 Q0 33118667621269504 460 -13.0453 indri
MB060 Q0 32637471158181888 461 -13.0453 indri
MB060 Q0 32478081310531584 462 -13.0453 indri
MB060 Q0 32356570746593280 463 -13.0453 indri
MB060 Q0 32313684516667392 464 -13.0453 indri
MB060 Q0 32287551872049153 465 -13.0453 indri
MB060 Q0 32282429179822080 466 -13.0453 indri
MB060 Q0 32041815846682624 467 -13.0453 indri
MB060 Q0 31901150139654145 468 -13.0453 indri
MB060 Q0 31772625969610752 469 -13.0453 indri
MB060 Q0 31553127102550016 470 -13.0453 indri
MB060 Q0 31416196981067776 471 -13.0453 indri
MB060 Q0 31314268687171584 472 -13.0453 indri
MB060 Q0 31256750145409024 473 -13.0453 indri
MB060 Q0 30883172178726912 474 -13.0453 indri
MB060 Q0 30782535134879744 475 -13.0453 indri
MB060 Q0 30562259365269505 476 -13.0453 indri
MB060 Q0 30385790752137216 477 -13.0453 indri
MB060 Q0 30352981819920384 478 -13.0453 indri
MB060 Q0 30310816603447296 479 -13.0453 indri
MB060 Q0 29546508198084608 480 -13.0453 indri
MB060 Q0 29517940504137729 481 -13.0453 indri
MB060 Q0 29503167339167744 482 -13.0453 indri
MB060 Q0 29305434984685568 483 -13.0453 indri
MB060 Q0 34433105322311681 484 -13.0457 indri
MB060 Q0 34196136759791616 485 -13.0457 indri
MB060 Q0 33897544161562624 486 -13.0457 indri
MB060 Q0 33817367196733440 487 -13.0457 indri
MB060 Q0 33541837868240896 488 -13.0457 indri
MB060 Q0 33450326254161920 489 -13.0457 indri
MB060 Q0 33269747457986560 490 -13.0457 indri
MB060 Q0 32844335699460096 491 -13.0457 indri
MB060 Q0 32778112353701888 492 -13.0457 indri
MB060 Q0 32549389721403392 493 -13.0457 indri
MB060 Q0 32545550293278720 494 -13.0457 indri
MB060 Q0 32135116910239745 495 -13.0457 indri
MB060 Q0 32080120806117377 496 -13.0457 indri
MB060 Q0 31932548758114304 497 -13.0457 indri
MB060 Q0 31925014072655873 498 -13.0457 indri
MB060 Q0 31760876486795264 499 -13.0457 indri
MB060 Q0 31582344502575104 500 -13.0457 indri
MB060 Q0 31364247728427008 501 -13.0457 indri
MB060 Q0 30833823713333248 502 -13.0457 indri
MB060 Q0 30676488235782144 503 -13.0457 indri
MB060 Q0 30635285104558080 504 -13.0457 indri
MB060 Q0 30622029539442688 505 -13.0457 indri
MB060 Q0 30393365296054272 506 -13.0457 indri
MB060 Q0 30100811585425410 507 -13.0457 indri
MB060 Q0 30066912960454656 508 -13.0457 indri
MB060 Q0 30047760992436224 509 -13.0457 indri
MB060 Q0 29556885262696449 510 -13.0457 indri
MB060 Q0 29517238008553473 511 -13.0457 indri
MB060 Q0 29514405133684736 512 -13.0457 indri
MB060 Q0 29437563794104320 513 -13.0457 indri
MB060 Q0 29176539719409666 514 -13.0457 indri
MB060 Q0 29147943172837376 515 -13.0457 indri
MB060 Q0 29033611101470720 516 -13.0457 indri
MB060 Q0 28985882807631872 517 -13.0457 indri
MB060 Q0 33767395541778432 518 -13.0461 indri
MB060 Q0 33194092347260929 519 -13.0461 indri
MB060 Q0 33184527253774336 520 -13.0461 indri
MB060 Q0 33163430215028737 521 -13.0461 indri
MB060 Q0 32993365960163329 522 -13.0461 indri
MB060 Q0 32888502592999424 523 -13.0461 indri
MB060 Q0 32804963172229122 524 -13.0461 indri
MB060 Q0 32587720056381440 525 -13.0461 indri
MB060 Q0 32546178050564096 526 -13.0461 indri
MB060 Q0 32425136569188352 527 -13.0461 indri
MB060 Q0 32036574552129537 528 -13.0461 indri
MB060 Q0 31902196287152130 529 -13.0461 indri
MB060 Q0 31473705490063360 530 -13.0461 indri
MB060 Q0 31459972197908480 531 -13.0461 indri
MB060 Q0 31355475723296768 532 -13.0461 indri
MB060 Q0 31206369348558848 533 -13.0461 indri
MB060 Q0 31175586026094593 534 -13.0461 indri
MB060 Q0 30983787705794560 535 -13.0461 indri
MB060 Q0 30906101285261312 536 -13.0461 indri
MB060 Q0 30408172598468609 537 -13.0461 indri
MB060 Q0 30387072019730432 538 -13.0461 indri
MB060 Q0 30107033172709377 539 -13.0461 indri
MB060 Q0 29964149756788736 540 -13.0461 indri
MB060 Q0 29817069507715072 541 -13.0461 indri
MB060 Q0 29561661484433408 542 -13.0461 indri
MB060 Q0 29296928357351424 543 -13.0461 indri
MB060 Q0 34298509683335168 544 -13.0465 indri
MB060 Q0 33648572633186305 545 -13.0465 indri
MB060 Q0 33509970242703360 546 -13.0465 indri
MB060 Q0 33473583443345408 547 -13.0465 indri
MB060 Q0 33280407558422530 548 -13.0465 indri
MB060 Q0 33241766408753152 549 -13.0465 indri
MB060 Q0 32918942691360769 550 -13.0465 indri
MB060 Q0 32401917023887360 551 -13.0465 indri
MB060 Q0 32232123762999296 552 -13.0465 indri
MB060 Q0 32006887113236480 553 -13.0465 indri
MB060 Q0 31948959979151360 554 -13.0465 indri
MB060 Q0 31787373297668096 555 -13.0465 indri
MB060 Q0 31717825269731328 556 -13.0465 indri
MB060 Q0 31301157481611264 557 -13.0465 indri
MB060 Q0 31139501162102784 558 -13.0465 indri
MB060 Q0 31098329915981825 559 -13.0465 indri
MB060 Q0 30987549543497728 560 -13.0465 indri
MB060 Q0 30794679930851328 561 -13.0465 indri
MB060 Q0 30550652635582465 562 -13.0465 indri
MB060 Q0 30471649639796736 563 -13.0465 indri
MB060 Q0 30336632099966976 564 -13.0465 indri
MB060 Q0 30266409938321408 565 -13.0465 indri
MB060 Q0 30205821816152064 566 -13.0465 indri
MB060 Q0 30197563596476417 567 -13.0465 indri
MB060 Q0 30088313067020288 568 -13.0465 indri
MB060 Q0 30037030612246528 569 -13.0465 indri
MB060 Q0 30029810507976707 570 -13.0465 indri
MB060 Q0 30023369994797056 571 -13.0465 indri
MB060 Q0 29726027206893568 572 -13.0465 indri
MB060 Q0 29667576967593984 573 -13.0465 indri
MB060 Q0 29605916726788097 574 -13.0465 indri
MB060 Q0 29459255841001472 575 -13.0465 indri
MB060 Q0 29340051905191937 576 -13.0465 indri
MB060 Q0 29323783848329217 577 -13.0465 indri
MB060 Q0 29123083109408768 578 -13.0465 indri
MB060 Q0 28988679422738432 579 -13.0465 indri
MB060 Q0 34119176763219969 580 -13.0469 indri
MB060 Q0 34037388133015552 581 -13.0469 indri
MB060 Q0 33891480875573248 582 -13.0469 indri
MB060 Q0 33886665583894529 583 -13.0469 indri
MB060 Q0 33866244889255936 584 -13.0469 indri
MB060 Q0 33686423018147840 585 -13.0469 indri
MB060 Q0 33289072579448832 586 -13.0469 indri
MB060 Q0 33193270754410496 587 -13.0469 indri
MB060 Q0 33182966221905921 588 -13.0469 indri
MB060 Q0 32790377945628674 589 -13.0469 indri
MB060 Q0 32565854197522434 590 -13.0469 indri
MB060 Q0 32531322975031297 591 -13.0469 indri
MB060 Q0 32476378754453504 592 -13.0469 indri
MB060 Q0 32246224383909888 593 -13.0469 indri
MB060 Q0 32215388670394369 594 -13.0469 indri
MB060 Q0 32113442663964674 595 -13.0469 indri
MB060 Q0 31887149833912320 596 -13.0469 indri
MB060 Q0 31859911369424897 597 -13.0469 indri
MB060 Q0 31596255645798400 598 -13.0469 indri
MB060 Q0 31111015328387072 599 -13.0469 indri
MB060 Q0 31044285503639553 600 -13.0469 indri
MB060 Q0 30948577773621248 601 -13.0469 indri
MB060 Q0 30742388892762113 602 -13.0469 indri
MB060 Q0 30685454885986304 603 -13.0469 indri
MB060 Q0 30455347827183616 604 -13.0469 indri
MB060 Q0 30413404111904768 605 -13.0469 indri
MB060 Q0 29961450948657152 606 -13.0469 indri
MB060 Q0 29847110702596096 607 -13.0469 indri
MB060 Q0 29544741423026176 608 -13.0469 indri
MB060 Q0 29540933515083776 609 -13.0469 indri
MB060 Q0 29406431119671296 610 -13.0469 indri
MB060 Q0 29115103752228864 611 -13.0469 indri
MB060 Q0 29114803469422592 612 -13.0469 indri
MB060 Q0 29104314123292672 613 -13.0469 indri
MB060 Q0 29028510521630720 614 -13.0469 indri
MB060 Q0 34242790003048448 615 -13.0473 indri
MB060 Q0 34064563758436353 616 -13.0473 indri
MB060 Q0 33822127090040833 617 -13.0473 indri
MB060 Q0 33736019194941440 618 -13.0473 indri
MB060 Q0 33538596304584704 619 -13.0473 indri
MB060 Q0 33420322896089089 620 -13.0473 indri
MB060 Q0 33360216896577537 621 -13.0473 indri
MB060 Q0 33315423587926016 622 -13.0473 indri
MB060 Q0 33312830832779264 623 -13.0473 indri
MB060 Q0 32944120313937920 624 -13.0473 indri
MB060 Q0 32779560177106944 625 -13.0473 indri
MB060 Q0 32717001642213376 626 -13.0473 indri
MB060 Q0 32518041971462144 627 -13.0473 indri
MB060 Q0 32338110041817088 628 -13.0473 indri
MB060 Q0 32262026784935937 629 -13.0473 indri
MB060 Q0 32160280121184256 630 -13.0473 indri
MB060 Q0 32159615927975936 631 -13.0473 indri
MB060 Q0 31782993198583808 632 -13.0473 indri
MB060 Q0 31682953595584513 633 -13.0473 indri
MB060 Q0 31327450969415680 634 -13.0473 indri
MB060 Q0 31198473860685824 635 -13.0473 indri
MB060 Q0 31132710705565696 636 -13.0473 indri
MB060 Q0 31059718105468928 637 -13.0473 indri
MB060 Q0 31018278142869506 638 -13.0473 indri
MB060 Q0 30367127315681280 639 -13.0473 indri
MB060 Q0 30364014986924032 640 -13.0473 indri
MB060 Q0 30298265106780160 641 -13.0473 indri
MB060 Q0 30262084751073281 642 -13.0473 indri
MB060 Q0 29752410721230848 643 -13.0473 indri
MB060 Q0 29311598619262976 644 -13.0473 indri
MB060 Q0 29263176147140608 645 -13.0473 indri
MB060 Q0 34170614994440192 646 -13.0477 indri
MB060 Q0 34096959190999040 647 -13.0477 indri
MB060 Q0 32964361152630785 648 -13.0477 indri
MB060 Q0 32788306391474176 649 -13.0477 indri
MB060 Q0 32777293533282304 650 -13.0477 indri
MB060 Q0 32735966103863296 651 -13.0477 indri
MB060 Q0 32625374466670592 652 -13.0477 indri
MB060 Q0 32129079801024512 653 -13.0477 indri
MB060 Q0 31858497041735680 654 -13.0477 indri
MB060 Q0 31579382669639680 655 -13.0477 indri
MB060 Q0 31528219622506496 656 -13.0477 indri
MB060 Q0 31027264854433793 657 -13.0477 indri
MB060 Q0 30037379448307712 658 -13.0477 indri
MB060 Q0 30030983189233664 659 -13.0477 indri
MB060 Q0 29987499350687744 660 -13.0477 indri
MB060 Q0 29787452214353920 661 -13.0477 indri
MB060 Q0 29712384855642114 662 -13.0477 indri
MB060 Q0 29447012155920384 663 -13.0477 indri
MB060 Q0 29383329295896576 664 -13.0477 indri
MB060 Q0 31971578401001472 665 -13.0481 indri
MB060 Q0 31845699976957952 666 -13.0481 indri
MB060 Q0 31266735499776000 667 -13.0481 indri
MB060 Q0 30424269355745280 668 -13.0481 indri
MB060 Q0 29372615957151745 669 -13.0481 indri
MB060 Q0 29274757601959936 670 -13.0481 indri
MB060 Q0 29232618335637504 671 -13.0481 indri
MB060 Q0 33394964012470272 672 -13.0485 indri
MB060 Q0 31553007199985664 673 -13.0485 indri
MB060 Q0 30472083452465153 674 -13.0485 indri
MB060 Q0 30068138389282816 675 -13.0485 indri
MB060 Q0 29608084414402560 676 -13.0485 indri
MB060 Q0 33759350933688320 677 -13.0489 indri
MB060 Q0 32893865128103936 678 -13.0489 indri
MB060 Q0 30694625152864256 679 -13.0489 indri
MB060 Q0 29887273495433219 680 -13.0489 indri
MB060 Q0 29455877622730752 681 -13.0493 indri
MB060 Q0 28994415271878656 682 -13.0493 indri
MB060 Q0 33325971704647680 683 -13.0497 indri
MB060 Q0 32209755963392000 684 -13.0497 indri
