MB077 Q0 32845616035921920 1 -6.72864 indri
MB077 Q0 33925993001390081 2 -6.72983 indri
MB077 Q0 32609548221022210 3 -7.12675 indri
MB077 Q0 32550368009256960 4 -7.12835 indri
MB077 Q0 29243473437655040 5 -7.12835 indri
MB077 Q0 29256455995527168 6 -7.12915 indri
MB077 Q0 33149474507325440 7 -7.12954 indri
MB077 Q0 32092527716737024 8 -7.12954 indri
MB077 Q0 30393473576210432 9 -7.12994 indri
MB077 Q0 34071113352876032 10 -7.13034 indri
MB077 Q0 30776661356060672 11 -7.13034 indri
MB077 Q0 29876411493777408 12 -7.13034 indri
MB077 Q0 33862816679067648 13 -7.13113 indri
MB077 Q0 32988669979656192 14 -7.13113 indri
MB077 Q0 32623091242766336 15 -7.13153 indri
MB077 Q0 32954431808995328 16 -7.13233 indri
MB077 Q0 32996730060410880 17 -7.13272 indri
MB077 Q0 32944257501237248 18 -7.13272 indri
MB077 Q0 31161527536975872 19 -7.13352 indri
MB077 Q0 31728925046476802 20 -7.13431 indri
MB077 Q0 31362103843491840 21 -7.1347 indri
MB077 Q0 30091445956251649 22 -7.13747 indri
MB077 Q0 32619153839886337 23 -7.8118 indri
MB077 Q0 30958538293514240 24 -7.8118 indri
MB077 Q0 30070885197021186 25 -7.8118 indri
MB077 Q0 32969804566503424 26 -7.8122 indri
MB077 Q0 32969185705328640 27 -7.8122 indri
MB077 Q0 31124761136340992 28 -7.8122 indri
MB077 Q0 29983901808074752 29 -7.8122 indri
MB077 Q0 33447279251693568 30 -7.8126 indri
MB077 Q0 33348933027631105 31 -7.8126 indri
MB077 Q0 32982215709167616 32 -7.8126 indri
MB077 Q0 32978887881269249 33 -7.8126 indri
MB077 Q0 32605465493897217 34 -7.8126 indri
MB077 Q0 32604199921385472 35 -7.8126 indri
MB077 Q0 32187717899001857 36 -7.8126 indri
MB077 Q0 32175071703343104 37 -7.8126 indri
MB077 Q0 30979020686360577 38 -7.8126 indri
MB077 Q0 30467507382919168 39 -7.8126 indri
MB077 Q0 34536973259509760 40 -7.813 indri
MB077 Q0 33001315260960768 41 -7.813 indri
MB077 Q0 30792514889842688 42 -7.813 indri
MB077 Q0 33849811635539969 43 -7.8134 indri
MB077 Q0 32643849864089601 44 -7.8134 indri
MB077 Q0 32501320443232256 45 -7.8134 indri
MB077 Q0 32251134382972928 46 -7.8134 indri
MB077 Q0 31623527513722880 47 -7.8134 indri
MB077 Q0 31173603252764672 48 -7.8134 indri
MB077 Q0 30469058558164993 49 -7.8134 indri
MB077 Q0 29263360616833024 50 -7.8134 indri
MB077 Q0 33156793634922496 51 -7.8138 indri
MB077 Q0 32620372843044865 52 -7.8138 indri
MB077 Q0 32572927727640576 53 -7.8138 indri
MB077 Q0 29981654843924480 54 -7.8138 indri
MB077 Q0 31913082238275585 55 -7.8142 indri
MB077 Q0 31862468191977472 56 -7.8142 indri
MB077 Q0 30461399368990720 57 -7.8142 indri
MB077 Q0 30381743122948096 58 -7.8142 indri
MB077 Q0 30268234234077184 59 -7.8142 indri
MB077 Q0 29268748439388160 60 -7.8142 indri
MB077 Q0 33844096464326656 61 -7.8146 indri
MB077 Q0 33146706786787328 62 -7.8146 indri
MB077 Q0 33064159918690304 63 -7.8146 indri
MB077 Q0 32918899708133376 64 -7.8146 indri
MB077 Q0 32890686722281473 65 -7.8146 indri
MB077 Q0 32288389910757377 66 -7.8146 indri
MB077 Q0 32052086803795968 67 -7.8146 indri
MB077 Q0 31839415663857664 68 -7.8146 indri
MB077 Q0 31829532772147200 69 -7.8146 indri
MB077 Q0 31729684089675777 70 -7.8146 indri
MB077 Q0 31539109612748800 71 -7.8146 indri
MB077 Q0 31369529653207041 72 -7.8146 indri
MB077 Q0 30964159885611008 73 -7.8146 indri
MB077 Q0 30611006124204032 74 -7.8146 indri
MB077 Q0 30372959797383168 75 -7.8146 indri
MB077 Q0 29742494652567552 76 -7.8146 indri
MB077 Q0 29734122221998081 77 -7.8146 indri
MB077 Q0 29701297317871617 78 -7.8146 indri
MB077 Q0 29689251729776640 79 -7.8146 indri
MB077 Q0 29121432738865152 80 -7.8146 indri
MB077 Q0 34247573736927232 81 -7.815 indri
MB077 Q0 33869261634011136 82 -7.815 indri
MB077 Q0 32907750962892801 83 -7.815 indri
MB077 Q0 32633322530152448 84 -7.815 indri
MB077 Q0 32608659322183680 85 -7.815 indri
MB077 Q0 32593907170672640 86 -7.815 indri
MB077 Q0 32132039549394944 87 -7.815 indri
MB077 Q0 31631720604246017 88 -7.815 indri
MB077 Q0 29004786640621568 89 -7.815 indri
MB077 Q0 33268194508541952 90 -7.8154 indri
MB077 Q0 32900758844215297 91 -7.8154 indri
MB077 Q0 32619456484085760 92 -7.8154 indri
MB077 Q0 32216839585013760 93 -7.8154 indri
MB077 Q0 32205561952993280 94 -7.8154 indri
MB077 Q0 31734884242300928 95 -7.8154 indri
MB077 Q0 29010214539763712 96 -7.8154 indri
MB077 Q0 34052675620306944 97 -7.81579 indri
MB077 Q0 33920364622913537 98 -7.81579 indri
MB077 Q0 33500286949527552 99 -7.81579 indri
MB077 Q0 32970059114614786 100 -7.81579 indri
MB077 Q0 32969448524619776 101 -7.81579 indri
MB077 Q0 32907612995461120 102 -7.81579 indri
MB077 Q0 31450261113274368 103 -7.81579 indri
MB077 Q0 30777141503197185 104 -7.81579 indri
MB077 Q0 30756202493255680 105 -7.81579 indri
MB077 Q0 29253420934242305 106 -7.81579 indri
MB077 Q0 34215250077159424 107 -7.81619 indri
MB077 Q0 33809772683726848 108 -7.81619 indri
MB077 Q0 33761692546506753 109 -7.81619 indri
MB077 Q0 33364655128711168 110 -7.81619 indri
MB077 Q0 31857975786213376 111 -7.81619 indri
MB077 Q0 33292779786346496 112 -7.81659 indri
MB077 Q0 33274805956378624 113 -7.81659 indri
MB077 Q0 33252408964415488 114 -7.81659 indri
MB077 Q0 33045626291757056 115 -7.81659 indri
MB077 Q0 32947539808362496 116 -7.81659 indri
MB077 Q0 32302143356538880 117 -7.81659 indri
MB077 Q0 31133247110914048 118 -7.81659 indri
MB077 Q0 29901713020289024 119 -7.81659 indri
MB077 Q0 34580405671698432 120 -7.81699 indri
MB077 Q0 33096118543974400 121 -7.81699 indri
MB077 Q0 32628884600000512 122 -7.81699 indri
MB077 Q0 32621751720480769 123 -7.81699 indri
MB077 Q0 32310198718693376 124 -7.81699 indri
MB077 Q0 32244441804701696 125 -7.81699 indri
MB077 Q0 31814448750526464 126 -7.81699 indri
MB077 Q0 31811199234478080 127 -7.81699 indri
MB077 Q0 29901855903449088 128 -7.81699 indri
MB077 Q0 33545018400575488 129 -7.81738 indri
MB077 Q0 33268849121959936 130 -7.81738 indri
MB077 Q0 32864593290199040 131 -7.81738 indri
MB077 Q0 32614562435960834 132 -7.81738 indri
MB077 Q0 32409051748896769 133 -7.81738 indri
MB077 Q0 32150193889615872 134 -7.81738 indri
MB077 Q0 32143100361056257 135 -7.81738 indri
MB077 Q0 30787173783437312 136 -7.81738 indri
MB077 Q0 30077958911688704 137 -7.81738 indri
MB077 Q0 29892923914985472 138 -7.81738 indri
MB077 Q0 32993577059491840 139 -7.81778 indri
MB077 Q0 32955208384380928 140 -7.81778 indri
MB077 Q0 32925475395342336 141 -7.81778 indri
MB077 Q0 32915045482496000 142 -7.81778 indri
MB077 Q0 31569130519793665 143 -7.81778 indri
MB077 Q0 30480234977427456 144 -7.81778 indri
MB077 Q0 30475098628558848 145 -7.81778 indri
MB077 Q0 29553034593828865 146 -7.81778 indri
MB077 Q0 33244953878609920 147 -7.81818 indri
MB077 Q0 33169120358825984 148 -7.81818 indri
MB077 Q0 32604141977079808 149 -7.81818 indri
MB077 Q0 32379399017865216 150 -7.81818 indri
MB077 Q0 32219481539354624 151 -7.81818 indri
MB077 Q0 31985052065730561 152 -7.81818 indri
MB077 Q0 31702927013838848 153 -7.81818 indri
MB077 Q0 31347144443039744 154 -7.81818 indri
MB077 Q0 31285907176816640 155 -7.81818 indri
MB077 Q0 34223297499639808 156 -7.81858 indri
MB077 Q0 33485191074811905 157 -7.81858 indri
MB077 Q0 32983884006166531 158 -7.81858 indri
MB077 Q0 32628027728863232 159 -7.81858 indri
MB077 Q0 31742456454184960 160 -7.81858 indri
MB077 Q0 31080929296388097 161 -7.81858 indri
MB077 Q0 34067036435005440 162 -7.81897 indri
MB077 Q0 33674163143053312 163 -7.81897 indri
MB077 Q0 33400760528011264 164 -7.81897 indri
MB077 Q0 32835526532800513 165 -7.81897 indri
MB077 Q0 32547912160378881 166 -7.81897 indri
MB077 Q0 32441513510174721 167 -7.81897 indri
MB077 Q0 31127341434413058 168 -7.81897 indri
MB077 Q0 31050246922444800 169 -7.81897 indri
MB077 Q0 30973394883182593 170 -7.81897 indri
MB077 Q0 33940639125086208 171 -7.81937 indri
MB077 Q0 32617342634565632 172 -7.81937 indri
MB077 Q0 32123224141594624 173 -7.81937 indri
MB077 Q0 30947542611009536 174 -7.81937 indri
MB077 Q0 29911264473907200 175 -7.81937 indri
MB077 Q0 29711873431572480 176 -7.81937 indri
MB077 Q0 34252945759404032 177 -7.81977 indri
MB077 Q0 34083970832400384 178 -7.81977 indri
MB077 Q0 32939628541513729 179 -7.81977 indri
MB077 Q0 32552935732813824 180 -7.81977 indri
MB077 Q0 31796483225288704 181 -7.81977 indri
MB077 Q0 31742470190534656 182 -7.81977 indri
MB077 Q0 30519745103003648 183 -7.81977 indri
MB077 Q0 29164970742652928 184 -7.81977 indri
MB077 Q0 34496417523306496 185 -7.82016 indri
MB077 Q0 34323238175641600 186 -7.82016 indri
MB077 Q0 33252737349058560 187 -7.82016 indri
MB077 Q0 32880155521191936 188 -7.82016 indri
MB077 Q0 32879029216350209 189 -7.82016 indri
MB077 Q0 32603862183448576 190 -7.82016 indri
MB077 Q0 31826024148770819 191 -7.82016 indri
MB077 Q0 31752287227482112 192 -7.82016 indri
MB077 Q0 30269780724285440 193 -7.82016 indri
MB077 Q0 33307750226202624 194 -7.82056 indri
MB077 Q0 32953634920603648 195 -7.82056 indri
MB077 Q0 31660124170887168 196 -7.82056 indri
MB077 Q0 29916425212665857 197 -7.82056 indri
MB077 Q0 29728159272271873 198 -7.82056 indri
MB077 Q0 29728158315970561 199 -7.82056 indri
MB077 Q0 34100747612196864 200 -7.82096 indri
MB077 Q0 32985781458964480 201 -7.82096 indri
MB077 Q0 31536437723660288 202 -7.82096 indri
MB077 Q0 29549646078545920 203 -7.82096 indri
MB077 Q0 34082296424300545 204 -7.82135 indri
MB077 Q0 33258694724558849 205 -7.82135 indri
MB077 Q0 32988786631639040 206 -7.82135 indri
MB077 Q0 32914631085260800 207 -7.82135 indri
MB077 Q0 32643149876695040 208 -7.82135 indri
MB077 Q0 31452764886269952 209 -7.82135 indri
MB077 Q0 29751092812193792 210 -7.82135 indri
MB077 Q0 29654273054736384 211 -7.82135 indri
MB077 Q0 32514539840864257 212 -7.82254 indri
MB077 Q0 29661960660328448 213 -7.82293 indri
