MB086 Q0 29383227986677760 1 -7.80537 indri
MB086 Q0 29146763931680768 2 -7.80656 indri
MB086 Q0 28978641706684416 3 -7.80656 indri
MB086 Q0 29937325668573184 4 -7.80935 indri
MB086 Q0 29990350961516545 5 -7.80974 indri
MB086 Q0 29442086180749312 6 -8.29948 indri
MB086 Q0 29404802370772992 7 -8.75776 indri
MB086 Q0 32075949373652992 8 -8.76014 indri
MB086 Q0 30146947197177857 9 -9.04189 indri
MB086 Q0 29491383353999360 10 -9.48241 indri
MB086 Q0 29488990407098368 11 -9.4832 indri
MB086 Q0 29463996230799360 12 -9.48519 indri
MB086 Q0 29402165919350784 13 -9.48757 indri
MB086 Q0 29121866333425664 14 -9.48757 indri
MB086 Q0 28978692289994752 15 -9.48757 indri
MB086 Q0 28971749961891840 16 -9.48797 indri
MB086 Q0 29576023934763008 17 -9.48837 indri
MB086 Q0 29396791782805504 18 -10.436 indri
MB086 Q0 29107104522436608 19 -10.4388 indri
MB086 Q0 31915046166601728 20 -10.5882 indri
MB086 Q0 30363645179330560 21 -10.811 indri
MB086 Q0 29985632289820672 22 -10.811 indri
MB086 Q0 31974683532333056 23 -10.8118 indri
MB086 Q0 31228524996075520 24 -10.8122 indri
MB086 Q0 31933049541230592 25 -10.8126 indri
MB086 Q0 30971264348725248 26 -10.8126 indri
MB086 Q0 31822156740431872 27 -10.813 indri
MB086 Q0 31389049419735040 28 -10.813 indri
MB086 Q0 31546820970680320 29 -10.8134 indri
MB086 Q0 31219652172455936 30 -10.8134 indri
MB086 Q0 29748170787397632 31 -10.8134 indri
MB086 Q0 29428612545380352 32 -10.8138 indri
MB086 Q0 30412875373748224 33 -10.8142 indri
MB086 Q0 31395551530459136 34 -10.8146 indri
MB086 Q0 31113716225286144 35 -10.8146 indri
MB086 Q0 29617035436625920 36 -10.815 indri
MB086 Q0 31594286717861890 37 -10.8154 indri
MB086 Q0 31051183942533120 38 -10.8154 indri
MB086 Q0 31004139957780481 39 -10.8154 indri
MB086 Q0 31001768372469760 40 -10.8154 indri
MB086 Q0 30751482856873985 41 -10.8158 indri
MB086 Q0 29869089979633664 42 -10.8158 indri
MB086 Q0 30277453368786944 43 -10.8162 indri
MB086 Q0 29642200241414144 44 -10.8166 indri
MB086 Q0 32050879104290816 45 -10.817 indri
MB086 Q0 31288024667004928 46 -10.817 indri
MB086 Q0 30980352872816640 47 -10.817 indri
MB086 Q0 29212764283076608 48 -10.817 indri
MB086 Q0 31544444155076608 49 -10.8174 indri
MB086 Q0 31295502456717312 50 -10.8174 indri
MB086 Q0 31083487079440385 51 -10.8178 indri
MB086 Q0 30375162822004736 52 -10.8178 indri
MB086 Q0 29951456115171328 53 -10.8178 indri
MB086 Q0 31442829737725952 54 -10.8182 indri
MB086 Q0 31441703793590272 55 -10.8182 indri
MB086 Q0 31058661182799872 56 -10.8182 indri
MB086 Q0 30601690541461504 57 -10.8182 indri
MB086 Q0 30463779686846464 58 -10.8182 indri
MB086 Q0 30013899466084352 59 -10.8182 indri
MB086 Q0 29501373070446592 60 -10.8182 indri
MB086 Q0 31464583453478912 61 -10.8186 indri
MB086 Q0 31221325917855744 62 -10.8186 indri
MB086 Q0 31090218291437569 63 -10.8186 indri
MB086 Q0 30258629760258049 64 -10.8186 indri
MB086 Q0 29715991520874496 65 -10.819 indri
MB086 Q0 29648841972121600 66 -10.819 indri
MB086 Q0 31317537132118017 67 -10.8194 indri
MB086 Q0 29189252570939392 68 -10.8194 indri
MB086 Q0 31419899645530112 69 -10.8198 indri
MB086 Q0 29070177752584192 70 -10.8198 indri
MB086 Q0 31753762661990400 71 -10.8202 indri
MB086 Q0 29187973064953856 72 -10.8202 indri
MB086 Q0 30966159528435712 73 -10.8206 indri
MB086 Q0 29013764443475969 74 -10.821 indri
MB086 Q0 30417289937424384 75 -10.8229 indri
MB086 Q0 30684228928671744 76 -11.1925 indri
MB086 Q0 30761273268375552 77 -11.3184 indri
MB086 Q0 31809098387292160 78 -11.3216 indri
MB086 Q0 30916036156981249 79 -11.3216 indri
MB086 Q0 29583441351680002 80 -11.3219 indri
MB086 Q0 30172668875513856 81 -11.3223 indri
MB086 Q0 30703283312009218 82 -11.3227 indri
MB086 Q0 31284921209200641 83 -11.3231 indri
MB086 Q0 31006409738948610 84 -11.3231 indri
MB086 Q0 30671333884960770 85 -11.3231 indri
MB086 Q0 30438507772125184 86 -11.3231 indri
MB086 Q0 29857167506931712 87 -11.3231 indri
MB086 Q0 29805345765335041 88 -11.3231 indri
MB086 Q0 29119923103989760 89 -11.3231 indri
MB086 Q0 30966722299170816 90 -11.3235 indri
MB086 Q0 30909954219053056 91 -11.3235 indri
MB086 Q0 30717855687245824 92 -11.3235 indri
MB086 Q0 30063531483209728 93 -11.3235 indri
MB086 Q0 29846527547543552 94 -11.3235 indri
MB086 Q0 29834043126194177 95 -11.3235 indri
MB086 Q0 29036632392863744 96 -11.3235 indri
MB086 Q0 31558127857967104 97 -11.3239 indri
MB086 Q0 30887092338827264 98 -11.3239 indri
MB086 Q0 29556269169774592 99 -11.3239 indri
MB086 Q0 29265201169694721 100 -11.3247 indri
MB086 Q0 30658143398662144 101 -11.3251 indri
MB086 Q0 29717360587841536 102 -11.3251 indri
MB086 Q0 31011657253650432 103 -11.3255 indri
MB086 Q0 30543246849474561 104 -11.3271 indri
MB086 Q0 29799186077589505 105 -11.3275 indri
MB086 Q0 30677780928659457 106 -11.3299 indri
MB086 Q0 31019038398226432 107 -11.3302 indri
MB086 Q0 31470086606815232 108 -11.5369 indri
MB086 Q0 29405576991612928 109 -11.5369 indri
MB086 Q0 30203089914961921 110 -11.5373 indri
MB086 Q0 31578948240416768 111 -11.5377 indri
MB086 Q0 30493958324879360 112 -11.5377 indri
MB086 Q0 30418414853951488 113 -11.5377 indri
MB086 Q0 29755257735086081 114 -11.5377 indri
MB086 Q0 32031082635329537 115 -11.5381 indri
MB086 Q0 31046242725273600 116 -11.5381 indri
MB086 Q0 30853015657259008 117 -11.5381 indri
MB086 Q0 30675242280034304 118 -11.5381 indri
MB086 Q0 30599023714893824 119 -11.5381 indri
MB086 Q0 30091511530004480 120 -11.5381 indri
MB086 Q0 29545122429407232 121 -11.5381 indri
MB086 Q0 29244981755514880 122 -11.5381 indri
MB086 Q0 31681161759559680 123 -11.5385 indri
MB086 Q0 31524551263264768 124 -11.5385 indri
MB086 Q0 31455745308364800 125 -11.5385 indri
MB086 Q0 31430565123063808 126 -11.5385 indri
MB086 Q0 31410167299969025 127 -11.5385 indri
MB086 Q0 31231541749219328 128 -11.5385 indri
MB086 Q0 30986676373299200 129 -11.5385 indri
MB086 Q0 30747653998387200 130 -11.5385 indri
MB086 Q0 30452965663838209 131 -11.5385 indri
MB086 Q0 29742473332920320 132 -11.5385 indri
MB086 Q0 29678420153606145 133 -11.5385 indri
MB086 Q0 31934685340762112 134 -11.5389 indri
MB086 Q0 31541573137203200 135 -11.5389 indri
MB086 Q0 31369017079894016 136 -11.5389 indri
MB086 Q0 31142417381982209 137 -11.5389 indri
MB086 Q0 31138561503793153 138 -11.5389 indri
MB086 Q0 30488422455971841 139 -11.5389 indri
MB086 Q0 30104915481198592 140 -11.5389 indri
MB086 Q0 29731985010196480 141 -11.5389 indri
MB086 Q0 29600024887296000 142 -11.5389 indri
MB086 Q0 29570380972695552 143 -11.5389 indri
MB086 Q0 29369515326312448 144 -11.5389 indri
MB086 Q0 32064383794282500 145 -11.5393 indri
MB086 Q0 31877998965686273 146 -11.5393 indri
MB086 Q0 31732826017636352 147 -11.5393 indri
MB086 Q0 31639781775515648 148 -11.5393 indri
MB086 Q0 31564371146571776 149 -11.5393 indri
MB086 Q0 30807032063856640 150 -11.5393 indri
MB086 Q0 30785190888480768 151 -11.5393 indri
MB086 Q0 30782154858303488 152 -11.5393 indri
MB086 Q0 30455039919132672 153 -11.5393 indri
MB086 Q0 30375952143884289 154 -11.5393 indri
MB086 Q0 30084912103038976 155 -11.5393 indri
MB086 Q0 29676217019932672 156 -11.5393 indri
MB086 Q0 29385081176981505 157 -11.5393 indri
MB086 Q0 29375797848444929 158 -11.5393 indri
MB086 Q0 29355238905348098 159 -11.5393 indri
MB086 Q0 29296097251819521 160 -11.5393 indri
MB086 Q0 29001106029805569 161 -11.5393 indri
MB086 Q0 28974893693411328 162 -11.5393 indri
MB086 Q0 32036245399937024 163 -11.5397 indri
MB086 Q0 31234744930795520 164 -11.5397 indri
MB086 Q0 31198370315898881 165 -11.5397 indri
MB086 Q0 31184842511089664 166 -11.5397 indri
MB086 Q0 31162727036620800 167 -11.5397 indri
MB086 Q0 30897918403682304 168 -11.5397 indri
MB086 Q0 30776805124218880 169 -11.5397 indri
MB086 Q0 30442895722938370 170 -11.5397 indri
MB086 Q0 30015762395561985 171 -11.5397 indri
MB086 Q0 29681785755410433 172 -11.5397 indri
MB086 Q0 29438683413221376 173 -11.5397 indri
MB086 Q0 28978703102902273 174 -11.5397 indri
MB086 Q0 31936729204260864 175 -11.5401 indri
MB086 Q0 31756113745551360 176 -11.5401 indri
MB086 Q0 31526571156185088 177 -11.5401 indri
MB086 Q0 31502163540705280 178 -11.5401 indri
MB086 Q0 31306247214997504 179 -11.5401 indri
MB086 Q0 31159912562171904 180 -11.5401 indri
MB086 Q0 30747418995724288 181 -11.5401 indri
MB086 Q0 30712023918583808 182 -11.5401 indri
MB086 Q0 30466979076775937 183 -11.5401 indri
MB086 Q0 30435582614183936 184 -11.5401 indri
MB086 Q0 30377546201694208 185 -11.5401 indri
MB086 Q0 30179487928811520 186 -11.5401 indri
MB086 Q0 30060298375274496 187 -11.5401 indri
MB086 Q0 29937026249789440 188 -11.5401 indri
MB086 Q0 29588514202984449 189 -11.5401 indri
MB086 Q0 29380520303394816 190 -11.5401 indri
MB086 Q0 29094089513238528 191 -11.5401 indri
MB086 Q0 29025135629438977 192 -11.5401 indri
MB086 Q0 31795812023410688 193 -11.5405 indri
MB086 Q0 31737117251997696 194 -11.5405 indri
MB086 Q0 31562076090535937 195 -11.5405 indri
MB086 Q0 31550179672858624 196 -11.5405 indri
MB086 Q0 31528042241200129 197 -11.5405 indri
MB086 Q0 31462223834513409 198 -11.5405 indri
MB086 Q0 31415047490117634 199 -11.5405 indri
MB086 Q0 31248809627484160 200 -11.5405 indri
MB086 Q0 30974062620573697 201 -11.5405 indri
MB086 Q0 30965261251117056 202 -11.5405 indri
MB086 Q0 30917648887840768 203 -11.5405 indri
MB086 Q0 30874824087699456 204 -11.5405 indri
MB086 Q0 30832021626429440 205 -11.5405 indri
MB086 Q0 30767399326195712 206 -11.5405 indri
MB086 Q0 30728097892401152 207 -11.5405 indri
MB086 Q0 30571110252683264 208 -11.5405 indri
MB086 Q0 30542500087209984 209 -11.5405 indri
MB086 Q0 30538295825928192 210 -11.5405 indri
MB086 Q0 30518439294541825 211 -11.5405 indri
MB086 Q0 30395441858220033 212 -11.5405 indri
MB086 Q0 30379095762149376 213 -11.5405 indri
MB086 Q0 30316847572193280 214 -11.5405 indri
MB086 Q0 30169874592436224 215 -11.5405 indri
MB086 Q0 30106687658524673 216 -11.5405 indri
MB086 Q0 30056218047287296 217 -11.5405 indri
MB086 Q0 29913978117300224 218 -11.5405 indri
MB086 Q0 29768217274621952 219 -11.5405 indri
MB086 Q0 29441608327892992 220 -11.5405 indri
MB086 Q0 29347479497482240 221 -11.5405 indri
MB086 Q0 29158158857408513 222 -11.5405 indri
MB086 Q0 29050649618415616 223 -11.5405 indri
MB086 Q0 31945325258211328 224 -11.5409 indri
MB086 Q0 31865156346576896 225 -11.5409 indri
MB086 Q0 31802708600029184 226 -11.5409 indri
MB086 Q0 31711553585684480 227 -11.5409 indri
MB086 Q0 31551444393922560 228 -11.5409 indri
MB086 Q0 31511215666630657 229 -11.5409 indri
MB086 Q0 31469394336948224 230 -11.5409 indri
MB086 Q0 31444952584028160 231 -11.5409 indri
MB086 Q0 31262806833635328 232 -11.5409 indri
MB086 Q0 31258404697673728 233 -11.5409 indri
MB086 Q0 31131276580757504 234 -11.5409 indri
MB086 Q0 31046884734795776 235 -11.5409 indri
MB086 Q0 31014958258982912 236 -11.5409 indri
MB086 Q0 30995788070916096 237 -11.5409 indri
MB086 Q0 30941177725329408 238 -11.5409 indri
MB086 Q0 30899515204575232 239 -11.5409 indri
MB086 Q0 30837028836872192 240 -11.5409 indri
MB086 Q0 30828910996365314 241 -11.5409 indri
MB086 Q0 30796891574763520 242 -11.5409 indri
MB086 Q0 30745308690386945 243 -11.5409 indri
MB086 Q0 30718027745992704 244 -11.5409 indri
MB086 Q0 30633090309165057 245 -11.5409 indri
MB086 Q0 30461795810410496 246 -11.5409 indri
MB086 Q0 30455761637212160 247 -11.5409 indri
MB086 Q0 30311020048154624 248 -11.5409 indri
MB086 Q0 30171250743578624 249 -11.5409 indri
MB086 Q0 30095999934402561 250 -11.5409 indri
MB086 Q0 30013015449411584 251 -11.5409 indri
MB086 Q0 29980618624335873 252 -11.5409 indri
MB086 Q0 29886962143854592 253 -11.5409 indri
MB086 Q0 29726807246770176 254 -11.5409 indri
MB086 Q0 29654358702428161 255 -11.5409 indri
MB086 Q0 29439914063953920 256 -11.5409 indri
MB086 Q0 29355438835240960 257 -11.5409 indri
MB086 Q0 29325434873192448 258 -11.5409 indri
MB086 Q0 29039139458383872 259 -11.5409 indri
MB086 Q0 32046607587344384 260 -11.5413 indri
MB086 Q0 31812198657429505 261 -11.5413 indri
MB086 Q0 31799046859399168 262 -11.5413 indri
MB086 Q0 31703901442932736 263 -11.5413 indri
MB086 Q0 31651538292178944 264 -11.5413 indri
MB086 Q0 31401122333724673 265 -11.5413 indri
MB086 Q0 31323093460844544 266 -11.5413 indri
MB086 Q0 31210137301553152 267 -11.5413 indri
MB086 Q0 31055329227710464 268 -11.5413 indri
MB086 Q0 30950530419261440 269 -11.5413 indri
MB086 Q0 30934995304456192 270 -11.5413 indri
MB086 Q0 30718232734208000 271 -11.5413 indri
MB086 Q0 30676929996652544 272 -11.5413 indri
MB086 Q0 30663357258272768 273 -11.5413 indri
MB086 Q0 30319791889719296 274 -11.5413 indri
MB086 Q0 30178701425512448 275 -11.5413 indri
MB086 Q0 29918140443926528 276 -11.5413 indri
MB086 Q0 29802935240101889 277 -11.5413 indri
MB086 Q0 29773927471382529 278 -11.5413 indri
MB086 Q0 29744332361699328 279 -11.5413 indri
MB086 Q0 29593756491579392 280 -11.5413 indri
MB086 Q0 29513205877313536 281 -11.5413 indri
MB086 Q0 29469216423813121 282 -11.5413 indri
MB086 Q0 29258998540668928 283 -11.5413 indri
MB086 Q0 29163765572304897 284 -11.5413 indri
MB086 Q0 31999613875527680 285 -11.5417 indri
MB086 Q0 31880549085749248 286 -11.5417 indri
MB086 Q0 31842193484283904 287 -11.5417 indri
MB086 Q0 31809513208156160 288 -11.5417 indri
MB086 Q0 31777088734240768 289 -11.5417 indri
MB086 Q0 31555144055259136 290 -11.5417 indri
MB086 Q0 31434712597663744 291 -11.5417 indri
MB086 Q0 31273977473146880 292 -11.5417 indri
MB086 Q0 31204961165508608 293 -11.5417 indri
MB086 Q0 31190920485412864 294 -11.5417 indri
MB086 Q0 31114866634788864 295 -11.5417 indri
MB086 Q0 31083015689998337 296 -11.5417 indri
MB086 Q0 31060392931229696 297 -11.5417 indri
MB086 Q0 31043418247401472 298 -11.5417 indri
MB086 Q0 31000463302205441 299 -11.5417 indri
MB086 Q0 30927527216152576 300 -11.5417 indri
MB086 Q0 30771929514250241 301 -11.5417 indri
MB086 Q0 30759684172419073 302 -11.5417 indri
MB086 Q0 30741238407757824 303 -11.5417 indri
MB086 Q0 30664661326110720 304 -11.5417 indri
MB086 Q0 30658881596166145 305 -11.5417 indri
MB086 Q0 30529334087262208 306 -11.5417 indri
MB086 Q0 30524364021563392 307 -11.5417 indri
MB086 Q0 30499113011257344 308 -11.5417 indri
MB086 Q0 30325398441037824 309 -11.5417 indri
MB086 Q0 30198621387358208 310 -11.5417 indri
MB086 Q0 30184661133037571 311 -11.5417 indri
MB086 Q0 30088166446731266 312 -11.5417 indri
MB086 Q0 29916715408166913 313 -11.5417 indri
MB086 Q0 29783596797530113 314 -11.5417 indri
MB086 Q0 29723480316444672 315 -11.5417 indri
MB086 Q0 29569668519825408 316 -11.5417 indri
MB086 Q0 29554157409013760 317 -11.5417 indri
MB086 Q0 29392983799365632 318 -11.5417 indri
MB086 Q0 29384234535755777 319 -11.5417 indri
MB086 Q0 29271317354123264 320 -11.5417 indri
MB086 Q0 29204467731660800 321 -11.5417 indri
MB086 Q0 31919449917366273 322 -11.5421 indri
MB086 Q0 31856838332915712 323 -11.5421 indri
MB086 Q0 31655324167442432 324 -11.5421 indri
MB086 Q0 31653565671936000 325 -11.5421 indri
MB086 Q0 31530233823760384 326 -11.5421 indri
MB086 Q0 31469364234428417 327 -11.5421 indri
MB086 Q0 31386199008477184 328 -11.5421 indri
MB086 Q0 31184254771658752 329 -11.5421 indri
MB086 Q0 31053656509911040 330 -11.5421 indri
MB086 Q0 30779207692845058 331 -11.5421 indri
MB086 Q0 30728774312001536 332 -11.5421 indri
MB086 Q0 30663888601092097 333 -11.5421 indri
MB086 Q0 30621930084110336 334 -11.5421 indri
MB086 Q0 30607835935019009 335 -11.5421 indri
MB086 Q0 30583095837069312 336 -11.5421 indri
MB086 Q0 30396142785138690 337 -11.5421 indri
MB086 Q0 30380164475002881 338 -11.5421 indri
MB086 Q0 30378757017567233 339 -11.5421 indri
MB086 Q0 30378265159929857 340 -11.5421 indri
MB086 Q0 29585549970898945 341 -11.5421 indri
MB086 Q0 29388008155258880 342 -11.5421 indri
MB086 Q0 29328378410573824 343 -11.5421 indri
MB086 Q0 29222231989035008 344 -11.5421 indri
MB086 Q0 29188875788226561 345 -11.5421 indri
MB086 Q0 29159007616761856 346 -11.5421 indri
MB086 Q0 29127486059061248 347 -11.5421 indri
MB086 Q0 29065212611002369 348 -11.5421 indri
MB086 Q0 31942214154190849 349 -11.5425 indri
MB086 Q0 31552324073693184 350 -11.5425 indri
MB086 Q0 31385999770648576 351 -11.5425 indri
MB086 Q0 31197451826241536 352 -11.5425 indri
MB086 Q0 31115990683099136 353 -11.5425 indri
MB086 Q0 31100751245737984 354 -11.5425 indri
MB086 Q0 31028232455200768 355 -11.5425 indri
MB086 Q0 30938959714451456 356 -11.5425 indri
MB086 Q0 30823386087165952 357 -11.5425 indri
MB086 Q0 30779566821736448 358 -11.5425 indri
MB086 Q0 30720083894468608 359 -11.5425 indri
MB086 Q0 30695811394310144 360 -11.5425 indri
MB086 Q0 30695810555445248 361 -11.5425 indri
MB086 Q0 30240069235249152 362 -11.5425 indri
MB086 Q0 30233316070268928 363 -11.5425 indri
MB086 Q0 30202638561710080 364 -11.5425 indri
MB086 Q0 30029559411773440 365 -11.5425 indri
MB086 Q0 29784663161573376 366 -11.5425 indri
MB086 Q0 29752305800708096 367 -11.5425 indri
MB086 Q0 29373247833251840 368 -11.5425 indri
MB086 Q0 28986909833297920 369 -11.5425 indri
MB086 Q0 31876986511032321 370 -11.5429 indri
MB086 Q0 31796026197147648 371 -11.5429 indri
MB086 Q0 31749096431689728 372 -11.5429 indri
MB086 Q0 31506684039925761 373 -11.5429 indri
MB086 Q0 31345456776744961 374 -11.5429 indri
MB086 Q0 31045339037310977 375 -11.5429 indri
MB086 Q0 31009227434622976 376 -11.5429 indri
MB086 Q0 30745658168180736 377 -11.5429 indri
MB086 Q0 30486526777364481 378 -11.5429 indri
MB086 Q0 30368972012523520 379 -11.5429 indri
MB086 Q0 30348990276964352 380 -11.5429 indri
MB086 Q0 30305656284123136 381 -11.5429 indri
MB086 Q0 29956847007961088 382 -11.5429 indri
MB086 Q0 29936538108297217 383 -11.5429 indri
MB086 Q0 29779073651703808 384 -11.5429 indri
MB086 Q0 29529620386676736 385 -11.5429 indri
MB086 Q0 29498026905051136 386 -11.5429 indri
MB086 Q0 29492447847383041 387 -11.5429 indri
MB086 Q0 29404485226856448 388 -11.5429 indri
MB086 Q0 29398510877024256 389 -11.5429 indri
MB086 Q0 31799664349020161 390 -11.5432 indri
MB086 Q0 31397260872912896 391 -11.5432 indri
MB086 Q0 31216760136933376 392 -11.5432 indri
MB086 Q0 31171218950328320 393 -11.5432 indri
MB086 Q0 31112213561348096 394 -11.5432 indri
MB086 Q0 31064238692769792 395 -11.5432 indri
MB086 Q0 31051304029655040 396 -11.5432 indri
MB086 Q0 30809856231342080 397 -11.5432 indri
MB086 Q0 30774161164996608 398 -11.5432 indri
MB086 Q0 30729307835863040 399 -11.5432 indri
MB086 Q0 30587853255737344 400 -11.5432 indri
MB086 Q0 30510380082012160 401 -11.5432 indri
MB086 Q0 30486198329806849 402 -11.5432 indri
MB086 Q0 30433201826566144 403 -11.5432 indri
MB086 Q0 30038169726492672 404 -11.5432 indri
MB086 Q0 29941395812786177 405 -11.5432 indri
MB086 Q0 29844199524274176 406 -11.5432 indri
MB086 Q0 29824874235035648 407 -11.5432 indri
MB086 Q0 29766892201713664 408 -11.5432 indri
MB086 Q0 29697599837577216 409 -11.5432 indri
MB086 Q0 29688890453393408 410 -11.5432 indri
MB086 Q0 29649858008715265 411 -11.5432 indri
MB086 Q0 31504613333016576 412 -11.5436 indri
MB086 Q0 31225799411499008 413 -11.5436 indri
MB086 Q0 31152561889214464 414 -11.5436 indri
MB086 Q0 31136208658636800 415 -11.5436 indri
MB086 Q0 31104017597734912 416 -11.5436 indri
MB086 Q0 30827989386137601 417 -11.5436 indri
MB086 Q0 30795613545168897 418 -11.5436 indri
MB086 Q0 30742842766794752 419 -11.5436 indri
MB086 Q0 30653034388267008 420 -11.5436 indri
MB086 Q0 30645343645339648 421 -11.5436 indri
MB086 Q0 30610766532976640 422 -11.5436 indri
MB086 Q0 30176304095563776 423 -11.5436 indri
MB086 Q0 30068631345831936 424 -11.5436 indri
MB086 Q0 30058591570370560 425 -11.5436 indri
MB086 Q0 30014601596764160 426 -11.5436 indri
MB086 Q0 29773865412460545 427 -11.5436 indri
MB086 Q0 29706398333927425 428 -11.5436 indri
MB086 Q0 29653983232532480 429 -11.5436 indri
MB086 Q0 29564886354763776 430 -11.5436 indri
MB086 Q0 29296356346560512 431 -11.5436 indri
MB086 Q0 29067530056245248 432 -11.5436 indri
MB086 Q0 31932998324715520 433 -11.544 indri
MB086 Q0 31866026358480896 434 -11.544 indri
MB086 Q0 31464534585647104 435 -11.544 indri
MB086 Q0 31431817437380608 436 -11.544 indri
MB086 Q0 31394190898241536 437 -11.544 indri
MB086 Q0 31280973882593281 438 -11.544 indri
MB086 Q0 31186326225162240 439 -11.544 indri
MB086 Q0 31180697142042624 440 -11.544 indri
MB086 Q0 31075684218576896 441 -11.544 indri
MB086 Q0 31018941128118272 442 -11.544 indri
MB086 Q0 30933182039728128 443 -11.544 indri
MB086 Q0 30824960087818240 444 -11.544 indri
MB086 Q0 30798313896804352 445 -11.544 indri
MB086 Q0 30791505140523008 446 -11.544 indri
MB086 Q0 30582253490802689 447 -11.544 indri
MB086 Q0 30548542846144513 448 -11.544 indri
MB086 Q0 30517228143116288 449 -11.544 indri
MB086 Q0 30430182196121600 450 -11.544 indri
MB086 Q0 30416787325583360 451 -11.544 indri
MB086 Q0 30413166630408192 452 -11.544 indri
MB086 Q0 30067549177647105 453 -11.544 indri
MB086 Q0 30047279641530368 454 -11.544 indri
MB086 Q0 29973423811727360 455 -11.544 indri
MB086 Q0 29970197326594048 456 -11.544 indri
MB086 Q0 29902796727779330 457 -11.544 indri
MB086 Q0 29831063102554112 458 -11.544 indri
MB086 Q0 29750003706634240 459 -11.544 indri
MB086 Q0 29734051074015232 460 -11.544 indri
MB086 Q0 29670909463756801 461 -11.544 indri
MB086 Q0 29656965734993920 462 -11.544 indri
MB086 Q0 29637025531437056 463 -11.544 indri
MB086 Q0 29374628942053376 464 -11.544 indri
MB086 Q0 29335001745063936 465 -11.544 indri
MB086 Q0 29297475609174016 466 -11.544 indri
MB086 Q0 29262420102881280 467 -11.544 indri
MB086 Q0 29209902102618112 468 -11.544 indri
MB086 Q0 29117396539150336 469 -11.544 indri
MB086 Q0 31989749929476097 470 -11.5444 indri
MB086 Q0 31859329762074624 471 -11.5444 indri
MB086 Q0 31769458661916672 472 -11.5444 indri
MB086 Q0 31380089232957441 473 -11.5444 indri
MB086 Q0 31301958899867648 474 -11.5444 indri
MB086 Q0 31158377006505985 475 -11.5444 indri
MB086 Q0 31144147456892928 476 -11.5444 indri
MB086 Q0 31052413297229825 477 -11.5444 indri
MB086 Q0 30837647228280834 478 -11.5444 indri
MB086 Q0 30772160096116736 479 -11.5444 indri
MB086 Q0 30672165112123392 480 -11.5444 indri
MB086 Q0 30539059692572672 481 -11.5444 indri
MB086 Q0 30497586745974784 482 -11.5444 indri
MB086 Q0 30462916687831043 483 -11.5444 indri
MB086 Q0 30412073208913922 484 -11.5444 indri
MB086 Q0 30404634510106624 485 -11.5444 indri
MB086 Q0 30391762459557889 486 -11.5444 indri
MB086 Q0 30375479324188672 487 -11.5444 indri
MB086 Q0 30373049995886592 488 -11.5444 indri
MB086 Q0 30367491200913409 489 -11.5444 indri
MB086 Q0 30250128128344064 490 -11.5444 indri
MB086 Q0 30234258631036928 491 -11.5444 indri
MB086 Q0 30066845557981185 492 -11.5444 indri
MB086 Q0 29894505872236545 493 -11.5444 indri
MB086 Q0 29885549351280640 494 -11.5444 indri
MB086 Q0 29832975470305280 495 -11.5444 indri
MB086 Q0 29827445376942080 496 -11.5444 indri
MB086 Q0 29815336723283969 497 -11.5444 indri
MB086 Q0 29399825455783936 498 -11.5444 indri
MB086 Q0 29298393402572801 499 -11.5444 indri
MB086 Q0 29297487437103104 500 -11.5444 indri
MB086 Q0 29144305486528512 501 -11.5444 indri
MB086 Q0 29143135825174528 502 -11.5444 indri
MB086 Q0 32012997698256896 503 -11.5448 indri
MB086 Q0 32003733579632640 504 -11.5448 indri
MB086 Q0 31876486982008832 505 -11.5448 indri
MB086 Q0 31858175628025856 506 -11.5448 indri
MB086 Q0 31829220749475840 507 -11.5448 indri
MB086 Q0 31433407808405505 508 -11.5448 indri
MB086 Q0 31336722985910272 509 -11.5448 indri
MB086 Q0 31152086456467456 510 -11.5448 indri
MB086 Q0 31022406134931456 511 -11.5448 indri
MB086 Q0 31011517604306944 512 -11.5448 indri
MB086 Q0 30997253653004288 513 -11.5448 indri
MB086 Q0 30807307528962048 514 -11.5448 indri
MB086 Q0 30759670763233280 515 -11.5448 indri
MB086 Q0 30583708369031169 516 -11.5448 indri
MB086 Q0 30454832917651456 517 -11.5448 indri
MB086 Q0 30421458878464001 518 -11.5448 indri
MB086 Q0 30420468355825664 519 -11.5448 indri
MB086 Q0 30263771117125632 520 -11.5448 indri
MB086 Q0 30244862943039488 521 -11.5448 indri
MB086 Q0 30244737835339776 522 -11.5448 indri
MB086 Q0 30062045768450048 523 -11.5448 indri
MB086 Q0 29987957767151616 524 -11.5448 indri
MB086 Q0 29960927767961600 525 -11.5448 indri
MB086 Q0 29930801151877120 526 -11.5448 indri
MB086 Q0 29730177667829760 527 -11.5448 indri
MB086 Q0 29726169683197952 528 -11.5448 indri
MB086 Q0 29284152725475328 529 -11.5448 indri
MB086 Q0 29232030084505600 530 -11.5448 indri
MB086 Q0 29052491538628609 531 -11.5448 indri
MB086 Q0 29015151210405889 532 -11.5448 indri
MB086 Q0 31970840450965506 533 -11.5452 indri
MB086 Q0 31926612425449472 534 -11.5452 indri
MB086 Q0 31884764654862336 535 -11.5452 indri
MB086 Q0 31823087842361344 536 -11.5452 indri
MB086 Q0 31506298981851136 537 -11.5452 indri
MB086 Q0 31381002626535425 538 -11.5452 indri
MB086 Q0 31150017846853632 539 -11.5452 indri
MB086 Q0 31095735273390080 540 -11.5452 indri
MB086 Q0 30853072976609280 541 -11.5452 indri
MB086 Q0 30791032337604608 542 -11.5452 indri
MB086 Q0 30767725764677632 543 -11.5452 indri
MB086 Q0 30766608506953728 544 -11.5452 indri
MB086 Q0 30736383156948992 545 -11.5452 indri
MB086 Q0 30667405860540417 546 -11.5452 indri
MB086 Q0 30637035324710913 547 -11.5452 indri
MB086 Q0 30483749548331008 548 -11.5452 indri
MB086 Q0 30433969078013952 549 -11.5452 indri
MB086 Q0 30404788009041923 550 -11.5452 indri
MB086 Q0 30348206588043265 551 -11.5452 indri
MB086 Q0 30330223408971778 552 -11.5452 indri
MB086 Q0 30316794950451200 553 -11.5452 indri
MB086 Q0 30288158696411136 554 -11.5452 indri
MB086 Q0 30279027746934785 555 -11.5452 indri
MB086 Q0 30223799307730944 556 -11.5452 indri
MB086 Q0 30123323853635584 557 -11.5452 indri
MB086 Q0 30122514470408192 558 -11.5452 indri
MB086 Q0 30054381718085632 559 -11.5452 indri
MB086 Q0 30054360633315328 560 -11.5452 indri
MB086 Q0 30024621822582784 561 -11.5452 indri
MB086 Q0 30021210309918720 562 -11.5452 indri
MB086 Q0 29965575237140480 563 -11.5452 indri
MB086 Q0 29586798711672832 564 -11.5452 indri
MB086 Q0 29453459002499072 565 -11.5452 indri
MB086 Q0 29414758830571520 566 -11.5452 indri
MB086 Q0 29234173906522112 567 -11.5452 indri
MB086 Q0 29040482524856321 568 -11.5452 indri
MB086 Q0 29018191883673600 569 -11.5452 indri
MB086 Q0 31850074778632192 570 -11.5456 indri
MB086 Q0 31653348906110976 571 -11.5456 indri
MB086 Q0 31643752757989376 572 -11.5456 indri
MB086 Q0 31632539563069440 573 -11.5456 indri
MB086 Q0 31469866737205248 574 -11.5456 indri
MB086 Q0 31205606949920768 575 -11.5456 indri
MB086 Q0 31112699475660800 576 -11.5456 indri
MB086 Q0 31027941995454464 577 -11.5456 indri
MB086 Q0 30902572705390592 578 -11.5456 indri
MB086 Q0 30855477260722176 579 -11.5456 indri
MB086 Q0 30678042397384704 580 -11.5456 indri
MB086 Q0 30643716314112000 581 -11.5456 indri
MB086 Q0 30513658916245504 582 -11.5456 indri
MB086 Q0 30140600766435328 583 -11.5456 indri
MB086 Q0 30018599179526145 584 -11.5456 indri
MB086 Q0 29938407081779201 585 -11.5456 indri
MB086 Q0 29860870808936449 586 -11.5456 indri
MB086 Q0 29624902826852352 587 -11.5456 indri
MB086 Q0 29485632304717824 588 -11.5456 indri
MB086 Q0 29371773623476225 589 -11.5456 indri
MB086 Q0 29345535580180480 590 -11.5456 indri
MB086 Q0 29286177517346816 591 -11.5456 indri
MB086 Q0 28981043449044992 592 -11.5456 indri
MB086 Q0 31114204622626816 593 -11.546 indri
MB086 Q0 30709497538285568 594 -11.546 indri
MB086 Q0 30670904518254594 595 -11.546 indri
MB086 Q0 30413660270632960 596 -11.546 indri
MB086 Q0 30081542608912384 597 -11.546 indri
MB086 Q0 29866394778599425 598 -11.546 indri
MB086 Q0 29646756241219585 599 -11.546 indri
MB086 Q0 29559375261601792 600 -11.546 indri
MB086 Q0 29515041929691137 601 -11.546 indri
MB086 Q0 29494391810818048 602 -11.546 indri
MB086 Q0 29327363422556160 603 -11.546 indri
MB086 Q0 29287874578882560 604 -11.546 indri
MB086 Q0 29227317930762240 605 -11.546 indri
MB086 Q0 29181814337699840 606 -11.546 indri
MB086 Q0 29162492747845632 607 -11.546 indri
MB086 Q0 29118332934295552 608 -11.546 indri
MB086 Q0 29049115472044032 609 -11.546 indri
MB086 Q0 32000884665749506 610 -11.5464 indri
MB086 Q0 31934373204852736 611 -11.5464 indri
MB086 Q0 30869097650585600 612 -11.5464 indri
MB086 Q0 30744164857552896 613 -11.5464 indri
MB086 Q0 30512645576589312 614 -11.5464 indri
MB086 Q0 30425913564860416 615 -11.5464 indri
MB086 Q0 30397849199968257 616 -11.5464 indri
MB086 Q0 30272363870294016 617 -11.5464 indri
MB086 Q0 30160666098667521 618 -11.5464 indri
MB086 Q0 30116417256820737 619 -11.5464 indri
MB086 Q0 29915875469434880 620 -11.5464 indri
MB086 Q0 29669094923964416 621 -11.5464 indri
MB086 Q0 29640160798834688 622 -11.5464 indri
MB086 Q0 29435676638314496 623 -11.5464 indri
MB086 Q0 29435673865879552 624 -11.5464 indri
MB086 Q0 29028594143461377 625 -11.5464 indri
MB086 Q0 31542440582189056 626 -11.5468 indri
MB086 Q0 31182887877353472 627 -11.5468 indri
MB086 Q0 31151082398810112 628 -11.5468 indri
MB086 Q0 30498483299422208 629 -11.5468 indri
MB086 Q0 29688104860254209 630 -11.5468 indri
MB086 Q0 29539369320718338 631 -11.5468 indri
MB086 Q0 29243219967483904 632 -11.5468 indri
MB086 Q0 31949621618024448 633 -11.5472 indri
MB086 Q0 29995509405978625 634 -11.5472 indri
MB086 Q0 29459452583215104 635 -11.5472 indri
MB086 Q0 29386574865104896 636 -11.5472 indri
MB086 Q0 29086199763181568 637 -11.5472 indri
MB086 Q0 31698178281574401 638 -11.5476 indri
MB086 Q0 29014715824873472 639 -11.548 indri
MB086 Q0 30749316276559873 640 -11.5484 indri
MB086 Q0 30978020407771136 641 -11.5496 indri
