MB107 Q0 33874115857227777 1 -7.4806 indri
MB107 Q0 30641734190895104 2 -7.82246 indri
MB107 Q0 31083523758620673 3 -7.82405 indri
MB107 Q0 33371739924733952 4 -7.82485 indri
MB107 Q0 33752995967533056 5 -9.99178 indri
MB107 Q0 29152271338045440 6 -9.99178 indri
MB107 Q0 30242855733694464 7 -9.99217 indri
MB107 Q0 33486160076476417 8 -9.99336 indri
MB107 Q0 29254971430014976 9 -9.99336 indri
MB107 Q0 34676489286848513 10 -10.177 indri
MB107 Q0 33246299994341376 11 -10.1782 indri
MB107 Q0 34707878807863296 12 -10.179 indri
MB107 Q0 29364447365562368 13 -10.1798 indri
MB107 Q0 30606551752384513 14 -10.1806 indri
MB107 Q0 30583418236444672 15 -10.1806 indri
MB107 Q0 30262198236348416 16 -10.1806 indri
MB107 Q0 29468057994788864 17 -10.1826 indri
MB107 Q0 33298462560882688 18 -10.3316 indri
MB107 Q0 34795479732584448 19 -10.3328 indri
MB107 Q0 33405276715491328 20 -10.3328 indri
MB107 Q0 31772870241685504 21 -10.3328 indri
MB107 Q0 34691661221068801 22 -10.3336 indri
MB107 Q0 33188102256197633 23 -10.3336 indri
MB107 Q0 33212181138907136 24 -10.334 indri
MB107 Q0 34449378907267073 25 -10.3344 indri
MB107 Q0 33208239474610176 26 -10.3344 indri
MB107 Q0 31195459603140608 27 -10.3344 indri
MB107 Q0 30435849879420928 28 -10.3344 indri
MB107 Q0 29106526375383040 29 -10.3344 indri
MB107 Q0 34110683578630144 30 -10.3348 indri
MB107 Q0 31409907525754880 31 -10.3348 indri
MB107 Q0 31245051736629249 32 -10.3348 indri
MB107 Q0 30617194891051009 33 -10.3348 indri
MB107 Q0 29917603661090816 34 -10.3348 indri
MB107 Q0 32325795691110400 35 -10.3352 indri
MB107 Q0 32306816650059777 36 -10.3352 indri
MB107 Q0 31972343882457088 37 -10.3352 indri
MB107 Q0 31817347798925312 38 -10.3356 indri
MB107 Q0 31729099948949504 39 -10.3356 indri
MB107 Q0 31105890924896256 40 -10.3356 indri
MB107 Q0 29959212624773120 41 -10.3356 indri
MB107 Q0 29636568536850436 42 -10.3356 indri
MB107 Q0 29277223970152448 43 -10.3356 indri
MB107 Q0 29064814454116352 44 -10.3356 indri
MB107 Q0 34522101528526848 45 -10.336 indri
MB107 Q0 32746494146641920 46 -10.336 indri
MB107 Q0 32723664042463232 47 -10.336 indri
MB107 Q0 31354002134278144 48 -10.336 indri
MB107 Q0 30269833291501568 49 -10.336 indri
MB107 Q0 29932587304615937 50 -10.336 indri
MB107 Q0 29546629417672704 51 -10.336 indri
MB107 Q0 29380391924146177 52 -10.336 indri
MB107 Q0 29147876911218688 53 -10.336 indri
MB107 Q0 29147372638445568 54 -10.336 indri
MB107 Q0 30464305233133568 55 -10.3364 indri
MB107 Q0 29490668644597760 56 -10.3364 indri
MB107 Q0 33230223239548928 57 -10.3368 indri
MB107 Q0 33197429079678976 58 -10.3368 indri
MB107 Q0 32627732370169856 59 -10.3368 indri
MB107 Q0 31891712209059841 60 -10.3368 indri
MB107 Q0 29296524286500864 61 -10.3368 indri
MB107 Q0 34617708137943040 62 -10.3372 indri
MB107 Q0 33912724970803201 63 -10.3372 indri
MB107 Q0 32208500994080768 64 -10.3372 indri
MB107 Q0 30746195299147776 65 -10.3372 indri
MB107 Q0 30226557435912192 66 -10.3372 indri
MB107 Q0 33431539941519360 67 -10.3376 indri
MB107 Q0 30950507921022976 68 -10.3376 indri
MB107 Q0 30118054390140928 69 -10.3376 indri
MB107 Q0 30053018137272321 70 -10.3376 indri
MB107 Q0 30016238981746688 71 -10.3376 indri
MB107 Q0 30006094747148288 72 -10.3376 indri
MB107 Q0 34597816944828416 73 -10.338 indri
MB107 Q0 34080125846814720 74 -10.338 indri
MB107 Q0 33251573689749504 75 -10.338 indri
MB107 Q0 33145165799620608 76 -10.338 indri
MB107 Q0 31783410783494144 77 -10.338 indri
MB107 Q0 31379176976027648 78 -10.338 indri
MB107 Q0 34800544195416064 79 -10.3384 indri
MB107 Q0 34355148251734016 80 -10.3384 indri
MB107 Q0 29926299384414208 81 -10.3384 indri
MB107 Q0 29446794408628224 82 -10.3384 indri
MB107 Q0 33535623163809792 83 -10.3388 indri
MB107 Q0 33289773313425409 84 -10.3388 indri
MB107 Q0 33410202447380480 85 -10.3392 indri
MB107 Q0 32733876728111104 86 -10.3392 indri
MB107 Q0 33876133950783489 87 -10.34 indri
MB107 Q0 32591433714106368 88 -10.3404 indri
MB107 Q0 31449489558478848 89 -10.3408 indri
MB107 Q0 29801207350427648 90 -10.3408 indri
MB107 Q0 33944084129390592 91 -10.5192 indri
MB107 Q0 33943550039171073 92 -10.5192 indri
MB107 Q0 33940573983346688 93 -10.5192 indri
MB107 Q0 34691531487055872 94 -10.5196 indri
MB107 Q0 33940740035837952 95 -10.5196 indri
MB107 Q0 30987866825826305 96 -10.5196 indri
MB107 Q0 34554501213986816 97 -10.52 indri
MB107 Q0 33943493940350977 98 -10.52 indri
MB107 Q0 31736131007553536 99 -10.52 indri
MB107 Q0 34902391677521920 100 -10.5203 indri
MB107 Q0 33255202819678208 101 -10.5203 indri
MB107 Q0 32417956327591936 102 -10.5203 indri
MB107 Q0 34418538580156416 103 -10.5207 indri
MB107 Q0 33756446864707584 104 -10.5207 indri
MB107 Q0 33695590218993664 105 -10.5207 indri
MB107 Q0 30741655636152321 106 -10.5207 indri
MB107 Q0 30655832362328064 107 -10.5207 indri
MB107 Q0 29167831027290113 108 -10.5207 indri
MB107 Q0 34708495861424128 109 -10.5211 indri
MB107 Q0 34707868955451393 110 -10.5211 indri
MB107 Q0 33314806891020289 111 -10.5211 indri
MB107 Q0 33169663835766784 112 -10.5211 indri
MB107 Q0 31717039261360128 113 -10.5211 indri
MB107 Q0 31568963183845376 114 -10.5211 indri
MB107 Q0 30532746656882688 115 -10.5211 indri
MB107 Q0 30516431275687936 116 -10.5211 indri
MB107 Q0 30503723834806273 117 -10.5211 indri
MB107 Q0 30503459547521024 118 -10.5211 indri
MB107 Q0 29140922730024960 119 -10.5211 indri
MB107 Q0 34037173757935616 120 -10.5215 indri
MB107 Q0 33672219229945856 121 -10.5215 indri
MB107 Q0 32682849370902528 122 -10.5215 indri
MB107 Q0 31696221231915008 123 -10.5215 indri
MB107 Q0 30931945189806080 124 -10.5215 indri
MB107 Q0 29470976584450049 125 -10.5215 indri
MB107 Q0 34626338929393664 126 -10.5219 indri
MB107 Q0 34423084211507200 127 -10.5219 indri
MB107 Q0 33910634965901313 128 -10.5219 indri
MB107 Q0 33230751776378880 129 -10.5219 indri
MB107 Q0 32347027073409024 130 -10.5219 indri
MB107 Q0 31826731073540096 131 -10.5219 indri
MB107 Q0 31594475058892801 132 -10.5219 indri
MB107 Q0 30760981990735873 133 -10.5219 indri
MB107 Q0 30503755766046720 134 -10.5219 indri
MB107 Q0 30503443495919616 135 -10.5219 indri
MB107 Q0 32114084824489984 136 -10.5223 indri
MB107 Q0 31105563030986752 137 -10.5223 indri
MB107 Q0 33946282431086592 138 -10.5227 indri
MB107 Q0 33864238116114432 139 -10.5227 indri
MB107 Q0 33539674085527552 140 -10.5227 indri
MB107 Q0 32441185939230720 141 -10.5227 indri
MB107 Q0 34123731857051648 142 -10.5231 indri
MB107 Q0 32839781972971520 143 -10.5235 indri
MB107 Q0 30255072919166976 144 -10.5235 indri
MB107 Q0 34058985338310656 145 -10.5239 indri
MB107 Q0 33243828102103040 146 -10.5239 indri
MB107 Q0 33200855427584000 147 -10.5239 indri
MB107 Q0 33104263953518592 148 -10.5239 indri
MB107 Q0 32401754213580801 149 -10.5239 indri
MB107 Q0 32196354189033472 150 -10.5239 indri
MB107 Q0 31868820264058880 151 -10.5239 indri
MB107 Q0 31457316683386880 152 -10.5239 indri
MB107 Q0 30392855478411264 153 -10.5239 indri
MB107 Q0 30377575092068352 154 -10.5239 indri
MB107 Q0 30335399607934976 155 -10.5239 indri
MB107 Q0 29665062092279808 156 -10.5239 indri
MB107 Q0 29635496325947392 157 -10.5239 indri
MB107 Q0 33169146845863936 158 -10.5243 indri
MB107 Q0 31627673281232896 159 -10.5243 indri
MB107 Q0 31111507857117184 160 -10.5243 indri
MB107 Q0 30503756760096768 161 -10.5243 indri
MB107 Q0 30503556704378880 162 -10.5243 indri
MB107 Q0 30503508281131008 163 -10.5243 indri
MB107 Q0 30503477746606081 164 -10.5243 indri
MB107 Q0 29627483645022208 165 -10.5243 indri
MB107 Q0 29488533592870912 166 -10.5243 indri
MB107 Q0 34815328680673280 167 -10.5247 indri
MB107 Q0 34780560287080448 168 -10.5247 indri
MB107 Q0 32068265530363904 169 -10.5247 indri
MB107 Q0 30615051849179137 170 -10.5247 indri
MB107 Q0 29859008714117121 171 -10.5247 indri
MB107 Q0 34934916911206400 172 -10.5251 indri
MB107 Q0 34374037694062592 173 -10.5251 indri
MB107 Q0 33274422466969600 174 -10.5251 indri
MB107 Q0 32201959117160448 175 -10.5251 indri
MB107 Q0 32002758282313728 176 -10.5251 indri
MB107 Q0 31988624497057792 177 -10.5251 indri
MB107 Q0 31988608873275392 178 -10.5251 indri
MB107 Q0 31051505712758784 179 -10.5251 indri
MB107 Q0 29969010321788928 180 -10.5251 indri
MB107 Q0 29931197094174720 181 -10.5251 indri
MB107 Q0 33166959180775425 182 -10.5255 indri
MB107 Q0 32641101823221760 183 -10.5255 indri
MB107 Q0 31976814465261568 184 -10.5255 indri
MB107 Q0 31612106658816000 185 -10.5255 indri
MB107 Q0 30982657407983616 186 -10.5255 indri
MB107 Q0 29705163694407680 187 -10.5255 indri
MB107 Q0 32762463833292800 188 -10.5259 indri
MB107 Q0 31299541219147776 189 -10.5259 indri
MB107 Q0 29373617028472832 190 -10.5259 indri
MB107 Q0 34681581679411200 191 -10.5263 indri
MB107 Q0 33940735363387393 192 -10.5263 indri
MB107 Q0 33940575078060032 193 -10.5263 indri
MB107 Q0 33675489168072704 194 -10.5263 indri
MB107 Q0 31262570253918208 195 -10.5263 indri
MB107 Q0 34634485672710144 196 -10.5267 indri
MB107 Q0 31216862033354752 197 -10.5267 indri
MB107 Q0 30681601281097728 198 -10.5267 indri
