MB105 Q0 29321094007627776 1 -7.82568 indri
MB105 Q0 33646609665499136 2 -7.82648 indri
MB105 Q0 33643035627749376 3 -7.82887 indri
MB105 Q0 29199241532411906 4 -7.82887 indri
MB105 Q0 30387811911729153 5 -7.82926 indri
MB105 Q0 34796248099848192 6 -7.82966 indri
MB105 Q0 32260985251176448 7 -7.83006 indri
MB105 Q0 31693008969666560 8 -7.83006 indri
MB105 Q0 31753515357446146 9 -7.83085 indri
MB105 Q0 31360343561211904 10 -7.83085 indri
MB105 Q0 33085281003380737 11 -7.83125 indri
MB105 Q0 30626603646058496 12 -7.83125 indri
MB105 Q0 30183401243803648 13 -7.83164 indri
MB105 Q0 29592873020170240 14 -7.83164 indri
MB105 Q0 32104211680329728 15 -7.83204 indri
MB105 Q0 33894477240213505 16 -7.83244 indri
MB105 Q0 33111332517584896 17 -7.83244 indri
MB105 Q0 31321052042756096 18 -7.83283 indri
MB105 Q0 30712553332019200 19 -7.83283 indri
MB105 Q0 30459454025637888 20 -7.83283 indri
MB105 Q0 34500007851728897 21 -7.83363 indri
MB105 Q0 34739278869172224 22 -7.83402 indri
