MB059 Q0 33396197251088384 1 -7.80558 indri
MB059 Q0 32828194776154114 2 -7.80598 indri
MB059 Q0 30470661310775296 3 -7.80638 indri
MB059 Q0 29241913722802177 4 -7.80638 indri
MB059 Q0 33379392612732928 5 -7.80718 indri
MB059 Q0 28967419716304896 6 -7.80758 indri
MB059 Q0 30110416549978112 7 -7.80837 indri
MB059 Q0 32725449062752256 8 -7.80917 indri
MB059 Q0 31045555408871424 9 -7.80917 indri
MB059 Q0 30432049806450689 10 -7.80917 indri
MB059 Q0 33750810122784768 11 -7.80957 indri
MB059 Q0 29020656456699904 12 -7.80957 indri
MB059 Q0 34976296341749760 13 -7.81036 indri
MB059 Q0 32657721379520513 14 -7.81036 indri
MB059 Q0 32175870340759554 15 -7.81076 indri
MB059 Q0 32250243357609984 16 -7.81195 indri
MB059 Q0 31516723777634304 17 -7.81195 indri
MB059 Q0 33535729975955456 18 -7.81234 indri
MB059 Q0 32283033822306305 19 -7.81274 indri
MB059 Q0 34776982290055168 20 -7.81353 indri
MB059 Q0 33292981385568256 21 -7.81353 indri
MB059 Q0 32829380870799360 22 -7.81393 indri
MB059 Q0 29742511282978816 23 -9.11669 indri
MB059 Q0 28998748319260672 24 -9.31531 indri
MB059 Q0 29324093425717248 25 -9.31571 indri
MB059 Q0 32515072433590275 26 -9.3161 indri
MB059 Q0 29632168334458881 27 -9.3161 indri
MB059 Q0 30252988438159360 28 -9.3165 indri
MB059 Q0 29017260576219136 29 -9.3165 indri
MB059 Q0 29324131359002624 30 -9.3169 indri
MB059 Q0 29045062629335040 31 -9.3169 indri
MB059 Q0 34375457633738752 32 -9.3173 indri
MB059 Q0 31774687046402048 33 -9.3173 indri
MB059 Q0 34832718290223104 34 -9.3177 indri
MB059 Q0 34824385923653632 35 -9.31809 indri
MB059 Q0 32170606707347456 36 -9.31849 indri
MB059 Q0 31758162952454145 37 -9.31849 indri
MB059 Q0 29105785418027008 38 -9.31849 indri
MB059 Q0 34967130428538880 39 -9.31889 indri
MB059 Q0 30090321354293249 40 -9.31929 indri
MB059 Q0 33101818347134976 41 -9.32127 indri
MB059 Q0 31279445813764097 42 -9.32127 indri
MB059 Q0 29764663541501953 43 -9.32127 indri
MB059 Q0 32096043113914368 44 -9.32246 indri
MB059 Q0 31990690615398400 45 -9.32246 indri
MB059 Q0 29554887519903744 46 -9.32285 indri
MB059 Q0 33158185766359040 47 -9.34214 indri
MB059 Q0 31839586221039616 48 -9.5404 indri
MB059 Q0 33163419423088640 49 -9.54199 indri
MB059 Q0 34415011669483520 50 -9.54239 indri
MB059 Q0 30192843519696896 51 -9.54278 indri
MB059 Q0 30062538221686784 52 -9.54278 indri
MB059 Q0 33368686832132096 53 -9.54358 indri
MB059 Q0 31931240982519808 54 -9.54358 indri
MB059 Q0 30369047069597696 55 -9.54358 indri
MB059 Q0 32770354506104832 56 -9.54397 indri
MB059 Q0 29247047706091521 57 -9.54397 indri
MB059 Q0 31030494665637892 58 -9.54437 indri
MB059 Q0 28982057333948417 59 -9.54437 indri
MB059 Q0 33534709732474880 60 -9.54477 indri
MB059 Q0 32971624395309056 61 -9.54477 indri
MB059 Q0 34742885027028992 62 -9.54516 indri
MB059 Q0 33413578174234624 63 -9.54556 indri
MB059 Q0 32760166982090752 64 -9.54556 indri
MB059 Q0 31961202645016576 65 -9.54556 indri
MB059 Q0 31783210920706048 66 -9.54556 indri
MB059 Q0 30981643950891008 67 -9.54556 indri
MB059 Q0 34686174412939264 68 -9.54596 indri
MB059 Q0 34893452810391552 69 -9.54635 indri
MB059 Q0 34282885666050048 70 -9.54635 indri
MB059 Q0 33658665219137536 71 -9.54635 indri
MB059 Q0 31912374873100288 72 -9.54635 indri
MB059 Q0 30605404719284224 73 -9.54635 indri
MB059 Q0 34974698567639042 74 -9.54675 indri
MB059 Q0 33215459595649024 75 -9.54675 indri
MB059 Q0 31569527422586881 76 -9.54754 indri
MB059 Q0 30806679683604480 77 -9.54794 indri
MB059 Q0 33212702486700032 78 -9.54833 indri
MB059 Q0 33319725492604928 79 -9.54991 indri
MB059 Q0 32865106417164288 80 -9.55109 indri
MB059 Q0 31057967595917312 81 -9.55699 indri
MB059 Q0 30815440133427200 82 -9.65591 indri
MB059 Q0 30493589310021632 83 -9.65591 indri
MB059 Q0 29626333378117632 84 -9.65591 indri
MB059 Q0 31824284011724800 85 -9.65631 indri
MB059 Q0 31128689819254785 86 -9.65631 indri
MB059 Q0 33322176329293825 87 -9.65671 indri
MB059 Q0 33154350993907712 88 -9.65671 indri
MB059 Q0 32272543775723520 89 -9.65671 indri
MB059 Q0 31841747126456320 90 -9.65671 indri
MB059 Q0 34298176265650176 91 -9.65711 indri
MB059 Q0 34209879845507072 92 -9.65711 indri
MB059 Q0 34116691738755072 93 -9.65711 indri
MB059 Q0 32539309340893185 94 -9.65711 indri
MB059 Q0 32490180229210112 95 -9.65711 indri
MB059 Q0 30054429998718976 96 -9.65711 indri
MB059 Q0 34986825336496128 97 -9.65751 indri
MB059 Q0 34270295485448192 98 -9.65751 indri
MB059 Q0 30589920296833024 99 -9.65751 indri
MB059 Q0 30485943693611008 100 -9.65751 indri
MB059 Q0 29651005452853250 101 -9.65751 indri
MB059 Q0 34802791499169792 102 -9.65791 indri
MB059 Q0 33939485133639680 103 -9.65791 indri
MB059 Q0 33880413185249280 104 -9.65791 indri
MB059 Q0 33032624591081474 105 -9.65791 indri
MB059 Q0 32030649627971584 106 -9.65791 indri
MB059 Q0 31865976232353793 107 -9.65791 indri
MB059 Q0 31019262864789504 108 -9.65791 indri
MB059 Q0 30152735043092481 109 -9.65791 indri
MB059 Q0 34407298189361152 110 -9.65831 indri
MB059 Q0 34402308838268928 111 -9.65831 indri
MB059 Q0 33850151407714304 112 -9.65831 indri
MB059 Q0 33663403356590080 113 -9.65831 indri
MB059 Q0 33244409772384256 114 -9.65831 indri
MB059 Q0 32787995069251584 115 -9.65831 indri
MB059 Q0 32781277060931584 116 -9.65831 indri
MB059 Q0 32041251209486336 117 -9.65831 indri
MB059 Q0 31901742933217280 118 -9.65831 indri
MB059 Q0 31573049794895873 119 -9.65831 indri
MB059 Q0 31191316205412352 120 -9.65831 indri
MB059 Q0 30446947416416257 121 -9.65831 indri
MB059 Q0 30255854020206593 122 -9.65831 indri
MB059 Q0 34588855738830850 123 -9.65871 indri
MB059 Q0 34415627959668736 124 -9.65871 indri
MB059 Q0 34403358886473728 125 -9.65871 indri
MB059 Q0 34380803588755456 126 -9.65871 indri
MB059 Q0 34376660581093376 127 -9.65871 indri
MB059 Q0 33476839032750080 128 -9.65871 indri
MB059 Q0 32965345513836544 129 -9.65871 indri
MB059 Q0 31821984258072576 130 -9.65871 indri
MB059 Q0 31054458561503232 131 -9.65871 indri
MB059 Q0 30416541962997760 132 -9.65871 indri
MB059 Q0 30272614651920384 133 -9.65871 indri
MB059 Q0 30098027347705856 134 -9.65871 indri
MB059 Q0 29980933838864384 135 -9.65871 indri
MB059 Q0 29640051671441409 136 -9.65871 indri
MB059 Q0 29284102712590337 137 -9.65871 indri
MB059 Q0 34795829021646849 138 -9.65911 indri
MB059 Q0 34151006837153793 139 -9.65911 indri
MB059 Q0 33414464988520449 140 -9.65911 indri
MB059 Q0 33312729213177858 141 -9.65911 indri
MB059 Q0 33104702644158464 142 -9.65911 indri
MB059 Q0 32786234619207680 143 -9.65911 indri
MB059 Q0 32489012920844288 144 -9.65911 indri
MB059 Q0 32488035530579968 145 -9.65911 indri
MB059 Q0 32188431253635072 146 -9.65911 indri
MB059 Q0 32134733089476608 147 -9.65911 indri
MB059 Q0 31365799562190848 148 -9.65911 indri
MB059 Q0 30675834050183168 149 -9.65911 indri
MB059 Q0 29569693438189568 150 -9.65911 indri
MB059 Q0 29545359554379777 151 -9.65911 indri
MB059 Q0 29215075004846080 152 -9.65911 indri
MB059 Q0 29018083217645568 153 -9.65911 indri
MB059 Q0 34426938319704065 154 -9.6595 indri
MB059 Q0 34426846862905344 155 -9.6595 indri
MB059 Q0 34403353005916160 156 -9.6595 indri
MB059 Q0 33131357794205696 157 -9.6595 indri
MB059 Q0 32236326392692736 158 -9.6595 indri
MB059 Q0 31585259304783873 159 -9.6595 indri
MB059 Q0 31235473808560128 160 -9.6595 indri
MB059 Q0 31181048117198849 161 -9.6595 indri
MB059 Q0 30283313344155648 162 -9.6595 indri
MB059 Q0 29860405119549441 163 -9.6595 indri
MB059 Q0 29353444213002242 164 -9.6595 indri
MB059 Q0 29003080678768640 165 -9.6595 indri
MB059 Q0 34117399250731008 166 -9.6599 indri
MB059 Q0 31151127831511041 167 -9.6599 indri
MB059 Q0 31106607718858753 168 -9.6599 indri
MB059 Q0 30989766287687681 169 -9.6599 indri
MB059 Q0 29984961725464576 170 -9.6599 indri
MB059 Q0 29278951201308672 171 -9.6599 indri
MB059 Q0 34426993718071296 172 -9.6603 indri
MB059 Q0 34374339537145856 173 -9.6603 indri
MB059 Q0 33417662327427072 174 -9.6603 indri
MB059 Q0 33379999050366976 175 -9.6603 indri
MB059 Q0 32929804554600448 176 -9.6603 indri
MB059 Q0 32558925475741696 177 -9.6603 indri
MB059 Q0 32488411000479744 178 -9.6603 indri
MB059 Q0 32233892475834368 179 -9.6603 indri
MB059 Q0 32220813738377216 180 -9.6603 indri
MB059 Q0 31564839105069056 181 -9.6603 indri
MB059 Q0 31159825379368960 182 -9.6603 indri
MB059 Q0 30963866045259776 183 -9.6603 indri
MB059 Q0 30805221714165761 184 -9.6603 indri
MB059 Q0 30429493160058881 185 -9.6603 indri
MB059 Q0 29105096717508608 186 -9.6603 indri
MB059 Q0 34376944715825153 187 -9.6607 indri
MB059 Q0 34362483070210048 188 -9.6607 indri
MB059 Q0 34308351198240768 189 -9.6607 indri
MB059 Q0 33284941370363904 190 -9.6607 indri
MB059 Q0 32914086899482624 191 -9.6607 indri
MB059 Q0 31885658301661184 192 -9.6607 indri
MB059 Q0 31831419848228864 193 -9.6607 indri
MB059 Q0 31223004893552640 194 -9.6607 indri
MB059 Q0 30741625474916352 195 -9.6607 indri
MB059 Q0 30306141762224128 196 -9.6607 indri
MB059 Q0 30084468098207744 197 -9.6607 indri
MB059 Q0 29900324697284609 198 -9.6607 indri
MB059 Q0 29068906245128192 199 -9.6607 indri
MB059 Q0 34379942221316097 200 -9.66109 indri
MB059 Q0 33539284694859776 201 -9.66109 indri
MB059 Q0 33384047828803584 202 -9.66109 indri
MB059 Q0 32978964997738496 203 -9.66109 indri
MB059 Q0 32522475807965185 204 -9.66109 indri
MB059 Q0 32246270844207104 205 -9.66109 indri
MB059 Q0 31832487504121856 206 -9.66109 indri
MB059 Q0 30424404118736896 207 -9.66109 indri
MB059 Q0 29984246516948992 208 -9.66109 indri
MB059 Q0 29769628544671744 209 -9.66109 indri
MB059 Q0 34660591041921024 210 -9.66149 indri
MB059 Q0 34240149156007936 211 -9.66149 indri
MB059 Q0 33743291426013184 212 -9.66149 indri
MB059 Q0 32946458621648897 213 -9.66149 indri
MB059 Q0 31657234148626432 214 -9.66149 indri
MB059 Q0 31360480899497985 215 -9.66149 indri
MB059 Q0 30364398744768512 216 -9.66149 indri
MB059 Q0 29982492693893120 217 -9.66149 indri
MB059 Q0 29862214080921600 218 -9.66149 indri
MB059 Q0 29249768240717825 219 -9.66149 indri
MB059 Q0 34725257080213504 220 -9.66189 indri
MB059 Q0 33902663028441088 221 -9.66189 indri
MB059 Q0 33388666390847488 222 -9.66189 indri
MB059 Q0 33132225218224128 223 -9.66189 indri
MB059 Q0 32826062756909056 224 -9.66189 indri
MB059 Q0 32171247815106560 225 -9.66189 indri
MB059 Q0 32015031902142466 226 -9.66189 indri
MB059 Q0 31686542195949568 227 -9.66189 indri
MB059 Q0 31559221749219328 228 -9.66189 indri
MB059 Q0 29912916106944512 229 -9.66189 indri
MB059 Q0 29768342428459008 230 -9.66189 indri
MB059 Q0 34966258931728385 231 -9.66229 indri
MB059 Q0 34675725508419584 232 -9.66229 indri
MB059 Q0 34426256938237953 233 -9.66229 indri
MB059 Q0 33125534225403904 234 -9.66229 indri
MB059 Q0 33114297773068288 235 -9.66229 indri
MB059 Q0 29381375719112704 236 -9.66229 indri
MB059 Q0 29191708126216193 237 -9.66229 indri
MB059 Q0 34697544592269312 238 -9.66268 indri
MB059 Q0 34653637242404864 239 -9.66268 indri
MB059 Q0 34515256654958592 240 -9.66268 indri
MB059 Q0 34497678142345216 241 -9.66268 indri
MB059 Q0 34328659129012224 242 -9.66268 indri
MB059 Q0 33845334853550080 243 -9.66268 indri
MB059 Q0 33184091411058689 244 -9.66268 indri
MB059 Q0 32163344706174976 245 -9.66268 indri
MB059 Q0 32062709214220290 246 -9.66268 indri
MB059 Q0 31106682654294016 247 -9.66268 indri
MB059 Q0 29966101832007680 248 -9.66268 indri
MB059 Q0 29333125158928384 249 -9.66268 indri
MB059 Q0 34660747258630144 250 -9.66308 indri
MB059 Q0 34648788656201728 251 -9.66308 indri
MB059 Q0 34339096704978944 252 -9.66308 indri
MB059 Q0 34229114508419072 253 -9.66308 indri
MB059 Q0 33025585575890944 254 -9.66308 indri
MB059 Q0 32993630142603264 255 -9.66308 indri
MB059 Q0 32785862496358400 256 -9.66308 indri
MB059 Q0 32387892709953537 257 -9.66308 indri
MB059 Q0 32137820613115904 258 -9.66308 indri
MB059 Q0 32083484734398465 259 -9.66308 indri
MB059 Q0 31459000457367552 260 -9.66308 indri
MB059 Q0 31091731051057152 261 -9.66308 indri
MB059 Q0 30366494395203584 262 -9.66308 indri
MB059 Q0 29594820032864256 263 -9.66308 indri
MB059 Q0 33390805162926080 264 -9.66348 indri
MB059 Q0 33306105769627648 265 -9.66348 indri
MB059 Q0 32872389830246400 266 -9.66348 indri
MB059 Q0 32806323527614464 267 -9.66348 indri
MB059 Q0 31849809195302912 268 -9.66348 indri
MB059 Q0 31221921399963648 269 -9.66348 indri
MB059 Q0 31214046359326720 270 -9.66348 indri
MB059 Q0 31042339094921217 271 -9.66348 indri
MB059 Q0 29698532420100096 272 -9.66348 indri
MB059 Q0 34888702660448256 273 -9.66387 indri
MB059 Q0 34434188669095936 274 -9.66387 indri
MB059 Q0 34387976712626176 275 -9.66387 indri
MB059 Q0 33780108099592192 276 -9.66387 indri
MB059 Q0 32565951215968256 277 -9.66387 indri
MB059 Q0 32494458704498688 278 -9.66387 indri
MB059 Q0 30056125239918592 279 -9.66387 indri
MB059 Q0 29987050488856576 280 -9.66387 indri
MB059 Q0 29782635219779584 281 -9.66387 indri
MB059 Q0 29227676086575104 282 -9.66387 indri
MB059 Q0 34998511489519616 283 -9.66427 indri
MB059 Q0 34400039753220096 284 -9.66427 indri
MB059 Q0 34317125661237248 285 -9.66427 indri
MB059 Q0 32630437910155265 286 -9.66427 indri
MB059 Q0 31641026695270400 287 -9.66427 indri
MB059 Q0 30405491599347713 288 -9.66427 indri
MB059 Q0 30026360021852160 289 -9.66427 indri
MB059 Q0 29974385737601025 290 -9.66427 indri
MB059 Q0 29972181953810432 291 -9.66427 indri
MB059 Q0 29491752289173504 292 -9.66427 indri
MB059 Q0 29328299020787712 293 -9.66427 indri
MB059 Q0 33181395174178816 294 -9.66467 indri
MB059 Q0 32901578478325760 295 -9.66467 indri
MB059 Q0 32593961495306240 296 -9.66467 indri
MB059 Q0 32450618010370048 297 -9.66467 indri
MB059 Q0 32384671622897664 298 -9.66467 indri
MB059 Q0 29413495619452928 299 -9.66467 indri
MB059 Q0 29077572922900480 300 -9.66467 indri
MB059 Q0 34610366562435072 301 -9.66506 indri
MB059 Q0 34294826153279488 302 -9.66506 indri
MB059 Q0 34143591232315392 303 -9.66506 indri
MB059 Q0 32881309651046400 304 -9.66506 indri
MB059 Q0 32199960954937346 305 -9.66506 indri
MB059 Q0 31846953511817216 306 -9.66506 indri
MB059 Q0 29681532503330816 307 -9.66506 indri
MB059 Q0 33918233836781568 308 -9.66546 indri
MB059 Q0 32985355871330304 309 -9.66546 indri
MB059 Q0 32909857220722688 310 -9.66546 indri
MB059 Q0 32900719052849152 311 -9.66546 indri
MB059 Q0 32834405785403394 312 -9.66546 indri
MB059 Q0 31426921795420161 313 -9.66546 indri
MB059 Q0 31401758357987328 314 -9.66546 indri
MB059 Q0 30073654742097921 315 -9.66546 indri
MB059 Q0 29993791645552640 316 -9.66546 indri
MB059 Q0 29605845704646656 317 -9.66546 indri
MB059 Q0 29073064557809664 318 -9.66546 indri
MB059 Q0 32094618271092737 319 -9.66585 indri
MB059 Q0 31155346219204609 320 -9.66585 indri
MB059 Q0 29984372320894977 321 -9.66585 indri
MB059 Q0 30487863682404352 322 -9.66625 indri
MB059 Q0 29928831800311809 323 -9.66625 indri
MB059 Q0 29000931018285056 324 -9.66625 indri
MB059 Q0 32115436258598912 325 -9.87757 indri
MB059 Q0 33542493614116864 326 -9.87797 indri
MB059 Q0 34632912582217729 327 -9.87837 indri
MB059 Q0 33934894958645248 328 -9.87837 indri
MB059 Q0 33729941048664064 329 -9.87837 indri
MB059 Q0 33285886175088640 330 -9.87837 indri
MB059 Q0 30769164406751233 331 -9.87837 indri
MB059 Q0 30302685051756545 332 -9.87837 indri
MB059 Q0 29935509258113024 333 -9.87837 indri
MB059 Q0 29537123535163392 334 -9.87837 indri
MB059 Q0 29013425791176704 335 -9.87837 indri
MB059 Q0 34287044855341056 336 -9.87877 indri
MB059 Q0 33339953865826304 337 -9.87877 indri
MB059 Q0 30108065734860800 338 -9.87877 indri
MB059 Q0 29781587390373888 339 -9.87877 indri
MB059 Q0 33005148552826880 340 -9.87917 indri
MB059 Q0 31118300159148033 341 -9.87917 indri
MB059 Q0 30750675621117952 342 -9.87917 indri
MB059 Q0 29277744500056064 343 -9.87917 indri
MB059 Q0 34749300630097920 344 -9.87957 indri
MB059 Q0 31522086929301504 345 -9.87957 indri
MB059 Q0 31304620491935744 346 -9.87957 indri
MB059 Q0 34809782506360832 347 -9.87997 indri
MB059 Q0 34299392697573376 348 -9.87997 indri
MB059 Q0 34045945175875584 349 -9.87997 indri
MB059 Q0 33198892031934464 350 -9.87997 indri
MB059 Q0 33032524179443712 351 -9.87997 indri
MB059 Q0 32551390156955648 352 -9.87997 indri
MB059 Q0 31570339779584000 353 -9.87997 indri
MB059 Q0 30424319129554944 354 -9.87997 indri
MB059 Q0 30289169800495104 355 -9.87997 indri
MB059 Q0 34784668205195264 356 -9.88037 indri
MB059 Q0 34691832805859330 357 -9.88037 indri
MB059 Q0 34070890803236864 358 -9.88037 indri
MB059 Q0 33860009938915328 359 -9.88037 indri
MB059 Q0 33356262930386944 360 -9.88037 indri
MB059 Q0 33260304037056513 361 -9.88037 indri
MB059 Q0 33158000092913664 362 -9.88037 indri
MB059 Q0 32966878762766336 363 -9.88037 indri
MB059 Q0 32204939019161600 364 -9.88037 indri
MB059 Q0 30965231664500737 365 -9.88037 indri
MB059 Q0 30929456554049537 366 -9.88037 indri
MB059 Q0 30661669214490625 367 -9.88037 indri
MB059 Q0 30387008278888448 368 -9.88037 indri
MB059 Q0 30104876872630272 369 -9.88037 indri
MB059 Q0 30103146596409344 370 -9.88037 indri
MB059 Q0 30078366145056769 371 -9.88037 indri
MB059 Q0 30022847590043648 372 -9.88037 indri
MB059 Q0 34369548702449665 373 -9.88076 indri
MB059 Q0 34342996883279872 374 -9.88076 indri
MB059 Q0 33369336806645760 375 -9.88076 indri
MB059 Q0 32762632578531330 376 -9.88076 indri
MB059 Q0 32387255439986688 377 -9.88076 indri
MB059 Q0 31899207166066688 378 -9.88076 indri
MB059 Q0 31190902672195584 379 -9.88076 indri
MB059 Q0 29415636354465792 380 -9.88076 indri
MB059 Q0 34747970608041984 381 -9.88116 indri
MB059 Q0 32887292595015680 382 -9.88116 indri
MB059 Q0 32827081662398464 383 -9.88116 indri
MB059 Q0 32245418112843776 384 -9.88116 indri
MB059 Q0 32170300477018113 385 -9.88116 indri
MB059 Q0 31962058060730368 386 -9.88116 indri
MB059 Q0 30825778467835904 387 -9.88116 indri
MB059 Q0 30787806049607680 388 -9.88116 indri
MB059 Q0 29491546768277504 389 -9.88116 indri
MB059 Q0 34618895142748161 390 -9.88156 indri
MB059 Q0 34065249246257152 391 -9.88156 indri
MB059 Q0 33925230086852608 392 -9.88156 indri
MB059 Q0 31684254945517569 393 -9.88156 indri
MB059 Q0 31382804394676224 394 -9.88156 indri
MB059 Q0 31056609920688128 395 -9.88156 indri
MB059 Q0 29066764398632960 396 -9.88156 indri
MB059 Q0 34633662586691585 397 -9.88196 indri
MB059 Q0 33851984666697728 398 -9.88196 indri
MB059 Q0 33760485581004800 399 -9.88196 indri
MB059 Q0 33221910552645632 400 -9.88196 indri
MB059 Q0 32954053713465344 401 -9.88196 indri
MB059 Q0 32919206836051969 402 -9.88196 indri
MB059 Q0 32708622991495168 403 -9.88196 indri
MB059 Q0 32612061586395136 404 -9.88196 indri
MB059 Q0 32601782987259904 405 -9.88196 indri
MB059 Q0 31605494720237568 406 -9.88196 indri
MB059 Q0 31390232750325760 407 -9.88196 indri
MB059 Q0 31249407588438016 408 -9.88196 indri
MB059 Q0 31141343698878464 409 -9.88196 indri
MB059 Q0 30782783748055040 410 -9.88196 indri
MB059 Q0 30386588085129216 411 -9.88196 indri
MB059 Q0 30314616563179520 412 -9.88196 indri
MB059 Q0 30081364204199936 413 -9.88196 indri
MB059 Q0 29975328554221568 414 -9.88196 indri
MB059 Q0 29672348193918976 415 -9.88196 indri
MB059 Q0 29621193753493504 416 -9.88196 indri
MB059 Q0 29269625392861184 417 -9.88196 indri
MB059 Q0 29059156216385536 418 -9.88196 indri
MB059 Q0 34900969896542208 419 -9.88236 indri
MB059 Q0 34585081800564736 420 -9.88236 indri
MB059 Q0 34470382769545216 421 -9.88236 indri
MB059 Q0 33649018173132800 422 -9.88236 indri
MB059 Q0 33314030521159680 423 -9.88236 indri
MB059 Q0 32900406602366976 424 -9.88236 indri
MB059 Q0 32657824760725504 425 -9.88236 indri
MB059 Q0 32550567893012481 426 -9.88236 indri
MB059 Q0 32228933621514240 427 -9.88236 indri
MB059 Q0 31796395010691072 428 -9.88236 indri
MB059 Q0 31106568816693248 429 -9.88236 indri
MB059 Q0 30687510287876096 430 -9.88236 indri
MB059 Q0 30388773497864192 431 -9.88236 indri
MB059 Q0 30331697530667009 432 -9.88236 indri
MB059 Q0 30040004679958528 433 -9.88236 indri
MB059 Q0 29889791659081728 434 -9.88236 indri
MB059 Q0 29788480053710848 435 -9.88236 indri
MB059 Q0 29706916666023936 436 -9.88236 indri
MB059 Q0 29680084075941888 437 -9.88236 indri
MB059 Q0 29388644347285504 438 -9.88236 indri
MB059 Q0 29098249658826752 439 -9.88236 indri
MB059 Q0 34934167879811072 440 -9.88275 indri
MB059 Q0 34749659314397185 441 -9.88275 indri
MB059 Q0 34698013716779008 442 -9.88275 indri
MB059 Q0 34674358152593408 443 -9.88275 indri
MB059 Q0 34313746251780096 444 -9.88275 indri
MB059 Q0 33969696587911168 445 -9.88275 indri
MB059 Q0 33352082224324608 446 -9.88275 indri
MB059 Q0 33319537222881280 447 -9.88275 indri
MB059 Q0 33244581382463488 448 -9.88275 indri
MB059 Q0 33128992873652224 449 -9.88275 indri
MB059 Q0 32991321123717120 450 -9.88275 indri
MB059 Q0 32931395651244032 451 -9.88275 indri
MB059 Q0 32560893875195904 452 -9.88275 indri
MB059 Q0 32415339874615296 453 -9.88275 indri
MB059 Q0 31349658164924416 454 -9.88275 indri
MB059 Q0 29936564540809217 455 -9.88275 indri
MB059 Q0 29706562507378688 456 -9.88275 indri
MB059 Q0 29680508430450688 457 -9.88275 indri
MB059 Q0 29266211703361536 458 -9.88275 indri
MB059 Q0 35000826351058944 459 -9.88315 indri
MB059 Q0 34739653194027008 460 -9.88315 indri
MB059 Q0 34634448825753600 461 -9.88315 indri
MB059 Q0 34456442127777793 462 -9.88315 indri
MB059 Q0 34222180271136768 463 -9.88315 indri
MB059 Q0 33786461891334144 464 -9.88315 indri
MB059 Q0 33651557283135489 465 -9.88315 indri
MB059 Q0 33120293228650496 466 -9.88315 indri
MB059 Q0 32952572822167553 467 -9.88315 indri
MB059 Q0 32928471537684480 468 -9.88315 indri
MB059 Q0 32806795198074880 469 -9.88315 indri
MB059 Q0 32705668716691456 470 -9.88315 indri
MB059 Q0 32699947002372096 471 -9.88315 indri
MB059 Q0 32213854410768384 472 -9.88315 indri
MB059 Q0 31779220946419712 473 -9.88315 indri
MB059 Q0 31666862852939776 474 -9.88315 indri
MB059 Q0 31282925399969792 475 -9.88315 indri
MB059 Q0 30817671889035264 476 -9.88315 indri
MB059 Q0 30752286187724800 477 -9.88315 indri
MB059 Q0 30708642789466112 478 -9.88315 indri
MB059 Q0 30578566655647746 479 -9.88315 indri
MB059 Q0 30556605216980992 480 -9.88315 indri
MB059 Q0 30530259044532225 481 -9.88315 indri
MB059 Q0 30389148175048705 482 -9.88315 indri
MB059 Q0 29200073061572608 483 -9.88315 indri
MB059 Q0 34835672783126528 484 -9.88355 indri
MB059 Q0 34641965349998592 485 -9.88355 indri
MB059 Q0 33423264126607360 486 -9.88355 indri
MB059 Q0 33377534213099522 487 -9.88355 indri
MB059 Q0 33122110008201216 488 -9.88355 indri
MB059 Q0 32892637727948800 489 -9.88355 indri
MB059 Q0 32565119917498368 490 -9.88355 indri
MB059 Q0 32518643564679168 491 -9.88355 indri
MB059 Q0 32491121154199552 492 -9.88355 indri
MB059 Q0 32355614881488896 493 -9.88355 indri
MB059 Q0 32348532115505152 494 -9.88355 indri
MB059 Q0 31272799108599808 495 -9.88355 indri
MB059 Q0 31149847805431808 496 -9.88355 indri
MB059 Q0 31115844079587328 497 -9.88355 indri
MB059 Q0 31109443630399488 498 -9.88355 indri
MB059 Q0 30897264503296000 499 -9.88355 indri
MB059 Q0 29948490213756928 500 -9.88355 indri
MB059 Q0 29893457573056512 501 -9.88355 indri
MB059 Q0 29642535605379072 502 -9.88355 indri
MB059 Q0 29553714586980353 503 -9.88355 indri
MB059 Q0 34751764376977408 504 -9.88395 indri
MB059 Q0 34726155814703104 505 -9.88395 indri
MB059 Q0 34696139097772033 506 -9.88395 indri
MB059 Q0 34623172397506560 507 -9.88395 indri
MB059 Q0 34400825463808000 508 -9.88395 indri
MB059 Q0 34358296072683520 509 -9.88395 indri
MB059 Q0 34299719802945536 510 -9.88395 indri
MB059 Q0 34260252169863168 511 -9.88395 indri
MB059 Q0 33691150728568833 512 -9.88395 indri
MB059 Q0 33643480249139200 513 -9.88395 indri
MB059 Q0 33463878528536576 514 -9.88395 indri
MB059 Q0 33296712730677248 515 -9.88395 indri
MB059 Q0 33278923391377408 516 -9.88395 indri
MB059 Q0 33179550586241025 517 -9.88395 indri
MB059 Q0 32878034059001856 518 -9.88395 indri
MB059 Q0 32875236080750592 519 -9.88395 indri
MB059 Q0 32873647370670080 520 -9.88395 indri
MB059 Q0 32841318120030208 521 -9.88395 indri
MB059 Q0 32637607657603073 522 -9.88395 indri
MB059 Q0 32544265426964480 523 -9.88395 indri
MB059 Q0 32225020503658497 524 -9.88395 indri
MB059 Q0 31909126548226048 525 -9.88395 indri
MB059 Q0 31444132207534081 526 -9.88395 indri
MB059 Q0 31103752198946816 527 -9.88395 indri
MB059 Q0 30842098827665409 528 -9.88395 indri
MB059 Q0 30753185589108736 529 -9.88395 indri
MB059 Q0 30670377176801280 530 -9.88395 indri
MB059 Q0 30650578166087680 531 -9.88395 indri
MB059 Q0 30448524214669312 532 -9.88395 indri
MB059 Q0 30171561260490752 533 -9.88395 indri
MB059 Q0 30066442191769600 534 -9.88395 indri
MB059 Q0 29912813224853505 535 -9.88395 indri
MB059 Q0 29458616389992448 536 -9.88395 indri
MB059 Q0 34809142833057792 537 -9.88434 indri
MB059 Q0 34708376302653440 538 -9.88434 indri
MB059 Q0 34673483556454400 539 -9.88434 indri
MB059 Q0 33907804079276032 540 -9.88434 indri
MB059 Q0 33895424301473792 541 -9.88434 indri
MB059 Q0 33696394195763200 542 -9.88434 indri
MB059 Q0 33656503378526208 543 -9.88434 indri
MB059 Q0 33212609410891776 544 -9.88434 indri
MB059 Q0 32885051863601152 545 -9.88434 indri
MB059 Q0 32437833075527680 546 -9.88434 indri
MB059 Q0 32228604041494528 547 -9.88434 indri
MB059 Q0 31843489058660352 548 -9.88434 indri
MB059 Q0 31790674265251842 549 -9.88434 indri
MB059 Q0 31773553372172289 550 -9.88434 indri
MB059 Q0 31700095208529920 551 -9.88434 indri
MB059 Q0 31527487120871424 552 -9.88434 indri
MB059 Q0 31078332825079808 553 -9.88434 indri
MB059 Q0 31066976927358976 554 -9.88434 indri
MB059 Q0 31066806701522944 555 -9.88434 indri
MB059 Q0 31006108768272384 556 -9.88434 indri
MB059 Q0 30884120213065728 557 -9.88434 indri
MB059 Q0 30799335801225217 558 -9.88434 indri
MB059 Q0 30758483011833856 559 -9.88434 indri
MB059 Q0 29978933667561472 560 -9.88434 indri
MB059 Q0 29699466021830656 561 -9.88434 indri
MB059 Q0 29569979753959426 562 -9.88434 indri
MB059 Q0 29071619657834496 563 -9.88434 indri
MB059 Q0 34738138719072256 564 -9.88474 indri
MB059 Q0 34737274373545985 565 -9.88474 indri
MB059 Q0 34370934789898242 566 -9.88474 indri
MB059 Q0 34314960767033344 567 -9.88474 indri
MB059 Q0 33646415028682752 568 -9.88474 indri
MB059 Q0 33332156235255808 569 -9.88474 indri
MB059 Q0 32957103261876224 570 -9.88474 indri
MB059 Q0 32870061777616897 571 -9.88474 indri
MB059 Q0 32808300818989056 572 -9.88474 indri
MB059 Q0 32625602909446144 573 -9.88474 indri
MB059 Q0 32486617704833024 574 -9.88474 indri
MB059 Q0 32197200113049600 575 -9.88474 indri
MB059 Q0 32005537860161536 576 -9.88474 indri
MB059 Q0 31033527726243840 577 -9.88474 indri
MB059 Q0 30725561257041921 578 -9.88474 indri
MB059 Q0 29846239159783424 579 -9.88474 indri
MB059 Q0 29748362643251200 580 -9.88474 indri
MB059 Q0 29683779052240896 581 -9.88474 indri
MB059 Q0 29556185300471808 582 -9.88474 indri
MB059 Q0 29416532547215361 583 -9.88474 indri
MB059 Q0 34788177344471040 584 -9.88514 indri
MB059 Q0 34768962084544512 585 -9.88514 indri
MB059 Q0 33714470249304064 586 -9.88514 indri
MB059 Q0 33666849270927360 587 -9.88514 indri
MB059 Q0 33351671555825664 588 -9.88514 indri
MB059 Q0 33217041183809536 589 -9.88514 indri
MB059 Q0 32706905696636928 590 -9.88514 indri
MB059 Q0 32591779211517954 591 -9.88514 indri
MB059 Q0 32478469480783872 592 -9.88514 indri
MB059 Q0 32350833072939009 593 -9.88514 indri
MB059 Q0 31731273936408576 594 -9.88514 indri
MB059 Q0 31511700805001216 595 -9.88514 indri
MB059 Q0 30624749595926528 596 -9.88514 indri
MB059 Q0 30062711031201792 597 -9.88514 indri
MB059 Q0 30037683845734400 598 -9.88514 indri
MB059 Q0 30030375744962561 599 -9.88514 indri
MB059 Q0 30020960484597760 600 -9.88514 indri
MB059 Q0 29990086128959488 601 -9.88514 indri
MB059 Q0 29943129201188864 602 -9.88514 indri
MB059 Q0 29864602787385344 603 -9.88514 indri
MB059 Q0 29216884180127746 604 -9.88514 indri
MB059 Q0 29029950463942657 605 -9.88514 indri
MB059 Q0 34745920134316032 606 -9.88553 indri
MB059 Q0 33892137078624256 607 -9.88553 indri
MB059 Q0 33855725243604992 608 -9.88553 indri
MB059 Q0 33687680306913280 609 -9.88553 indri
MB059 Q0 33672238469222400 610 -9.88553 indri
MB059 Q0 33065018480136192 611 -9.88553 indri
MB059 Q0 32489227367223296 612 -9.88553 indri
MB059 Q0 32382352420249600 613 -9.88553 indri
MB059 Q0 32226303998427138 614 -9.88553 indri
MB059 Q0 32204304022511616 615 -9.88553 indri
MB059 Q0 32178641840377856 616 -9.88553 indri
MB059 Q0 31811453631598592 617 -9.88553 indri
MB059 Q0 31107853544595456 618 -9.88553 indri
MB059 Q0 31077430508654592 619 -9.88553 indri
MB059 Q0 30994112115122177 620 -9.88553 indri
MB059 Q0 30784370889461760 621 -9.88553 indri
MB059 Q0 30749119622418432 622 -9.88553 indri
MB059 Q0 30301417939935232 623 -9.88553 indri
MB059 Q0 30149441402966016 624 -9.88553 indri
MB059 Q0 30024078546968576 625 -9.88553 indri
MB059 Q0 30023371542499328 626 -9.88553 indri
MB059 Q0 29975833141579776 627 -9.88553 indri
MB059 Q0 29747008562528256 628 -9.88553 indri
MB059 Q0 29717511767326720 629 -9.88553 indri
MB059 Q0 29294490275549184 630 -9.88553 indri
MB059 Q0 29283313973723136 631 -9.88553 indri
MB059 Q0 29241634667364352 632 -9.88553 indri
MB059 Q0 29233680778006529 633 -9.88553 indri
MB059 Q0 35001472148049921 634 -9.88593 indri
MB059 Q0 34777026564984832 635 -9.88593 indri
MB059 Q0 34606993687838720 636 -9.88593 indri
MB059 Q0 34109659375874048 637 -9.88593 indri
MB059 Q0 34078983943356416 638 -9.88593 indri
MB059 Q0 33665091962413056 639 -9.88593 indri
MB059 Q0 33647014185009152 640 -9.88593 indri
MB059 Q0 33458297663135744 641 -9.88593 indri
MB059 Q0 33092907812524032 642 -9.88593 indri
MB059 Q0 32980179290685440 643 -9.88593 indri
MB059 Q0 32952760815067136 644 -9.88593 indri
MB059 Q0 32902190737653760 645 -9.88593 indri
MB059 Q0 32695034235064320 646 -9.88593 indri
MB059 Q0 32631959876280320 647 -9.88593 indri
MB059 Q0 32535597801283585 648 -9.88593 indri
MB059 Q0 32507665204641793 649 -9.88593 indri
MB059 Q0 31848748686508032 650 -9.88593 indri
MB059 Q0 31828141269848064 651 -9.88593 indri
MB059 Q0 31826736459026432 652 -9.88593 indri
MB059 Q0 31679783616118784 653 -9.88593 indri
MB059 Q0 31101576634437632 654 -9.88593 indri
MB059 Q0 30714344794759169 655 -9.88593 indri
MB059 Q0 30690905920905217 656 -9.88593 indri
MB059 Q0 30667620172697600 657 -9.88593 indri
MB059 Q0 30521804636295168 658 -9.88593 indri
MB059 Q0 29910533666770946 659 -9.88593 indri
MB059 Q0 29711807568420865 660 -9.88593 indri
MB059 Q0 29416333498130432 661 -9.88593 indri
MB059 Q0 28976511000248320 662 -9.88593 indri
MB059 Q0 34588618022457344 663 -9.88633 indri
MB059 Q0 33664216451784704 664 -9.88633 indri
MB059 Q0 33395798125322240 665 -9.88633 indri
MB059 Q0 33340190072242176 666 -9.88633 indri
MB059 Q0 32900772739948545 667 -9.88633 indri
MB059 Q0 32471890605899776 668 -9.88633 indri
MB059 Q0 32004379187875840 669 -9.88633 indri
MB059 Q0 31824774942433280 670 -9.88633 indri
MB059 Q0 31076773718401025 671 -9.88633 indri
MB059 Q0 30633185905737729 672 -9.88633 indri
MB059 Q0 30421252501938176 673 -9.88633 indri
MB059 Q0 29657064930279424 674 -9.88633 indri
MB059 Q0 29610815283793920 675 -9.88633 indri
MB059 Q0 29607942009389056 676 -9.88633 indri
MB059 Q0 29279690464165888 677 -9.88633 indri
MB059 Q0 28966355436834816 678 -9.88633 indri
MB059 Q0 34889059637661696 679 -9.88672 indri
MB059 Q0 33747428490354689 680 -9.88672 indri
MB059 Q0 33272902207930368 681 -9.88672 indri
MB059 Q0 33252363389116416 682 -9.88672 indri
MB059 Q0 32892263629586432 683 -9.88672 indri
MB059 Q0 32882155105296385 684 -9.88672 indri
MB059 Q0 32842781365899264 685 -9.88672 indri
MB059 Q0 32766795173593088 686 -9.88672 indri
MB059 Q0 32274380876681217 687 -9.88672 indri
MB059 Q0 32258472317816832 688 -9.88672 indri
MB059 Q0 30810767565520896 689 -9.88672 indri
MB059 Q0 30778164955324417 690 -9.88672 indri
MB059 Q0 29609447391236096 691 -9.88672 indri
MB059 Q0 29386537707765760 692 -9.88672 indri
MB059 Q0 29198726421549057 693 -9.88672 indri
MB059 Q0 34874799930998784 694 -9.88712 indri
MB059 Q0 34797413155733504 695 -9.88712 indri
MB059 Q0 34654634509340672 696 -9.88712 indri
MB059 Q0 33724182801948672 697 -9.88712 indri
MB059 Q0 33460725900902401 698 -9.88712 indri
MB059 Q0 33374548988526592 699 -9.88712 indri
MB059 Q0 33141706945728512 700 -9.88712 indri
MB059 Q0 31915687966412800 701 -9.88712 indri
MB059 Q0 31091058687344640 702 -9.88712 indri
MB059 Q0 30477102809616385 703 -9.88712 indri
MB059 Q0 30161623813464064 704 -9.88712 indri
MB059 Q0 30118102763053056 705 -9.88712 indri
MB059 Q0 29544673739538432 706 -9.88712 indri
MB059 Q0 29334752867647488 707 -9.88712 indri
MB059 Q0 35012866822119424 708 -9.88751 indri
MB059 Q0 34997474384941057 709 -9.88751 indri
MB059 Q0 34938562432466946 710 -9.88751 indri
MB059 Q0 34089871165366272 711 -9.88751 indri
MB059 Q0 33377567645896704 712 -9.88751 indri
MB059 Q0 33287044524548096 713 -9.88751 indri
MB059 Q0 32526804937871360 714 -9.88751 indri
MB059 Q0 30111895264436224 715 -9.88751 indri
MB059 Q0 29570240769695744 716 -9.88751 indri
MB059 Q0 32913847018852352 717 -9.88791 indri
MB059 Q0 31519730363797504 718 -9.88791 indri
MB059 Q0 31088441139666944 719 -9.88791 indri
MB059 Q0 31185169570336768 720 -9.8883 indri
MB059 Q0 30768436158144512 721 -9.8883 indri
MB059 Q0 34878490696224768 722 -9.8887 indri
MB059 Q0 30665019477729280 723 -9.8891 indri
MB059 Q0 30433560976429056 724 -9.89028 indri
MB059 Q0 33683248362033152 725 -9.89304 indri
