MB060 Q0 32451702485422081 1 -9.0257 indri
MB060 Q0 30422256056274947 2 -9.02689 indri
MB060 Q0 30805118169391104 3 -9.36868 indri
MB060 Q0 31413978651435008 4 -9.36908 indri
MB060 Q0 30265732965076994 5 -9.36908 indri
MB060 Q0 30166180924760065 6 -9.36908 indri
MB060 Q0 32297423967617024 7 -9.36948 indri
MB060 Q0 30505936757981184 8 -9.36948 indri
MB060 Q0 30370994178752512 9 -9.37067 indri
MB060 Q0 32873793785430016 10 -9.37147 indri
MB060 Q0 32819002531119104 11 -9.37187 indri
MB060 Q0 32607635337388032 12 -9.37266 indri
MB060 Q0 32243215436353536 13 -9.37266 indri
MB060 Q0 30357279580626944 14 -9.37306 indri
MB060 Q0 31785247922200576 15 -9.37345 indri
MB060 Q0 31670793079361536 16 -9.37345 indri
MB060 Q0 31670775505223680 17 -9.37345 indri
MB060 Q0 33302638321737728 18 -9.37385 indri
MB060 Q0 32890514625794049 19 -9.37385 indri
MB060 Q0 33317297439375360 20 -9.37425 indri
MB060 Q0 32840314427277312 21 -9.37425 indri
MB060 Q0 32538296370339840 22 -9.37425 indri
MB060 Q0 29593685628821506 23 -9.37425 indri
MB060 Q0 34419890836209664 24 -9.37504 indri
MB060 Q0 32493092347052033 25 -9.37504 indri
MB060 Q0 33067735395082240 26 -9.37543 indri
MB060 Q0 34124249186697216 27 -9.3782 indri
MB060 Q0 34265847648223232 28 -10.3391 indri
MB060 Q0 30888675101384704 29 -10.4782 indri
MB060 Q0 32924110325551104 30 -10.4798 indri
MB060 Q0 31541787378065409 31 -10.4798 indri
MB060 Q0 32008904330186752 32 -10.4802 indri
MB060 Q0 30666356126912512 33 -10.4802 indri
MB060 Q0 33034489114402818 34 -10.4806 indri
MB060 Q0 33093432729673728 35 -10.481 indri
MB060 Q0 32485126906580992 36 -10.4814 indri
MB060 Q0 29431560562282496 37 -10.4814 indri
MB060 Q0 34161535391633408 38 -10.4818 indri
MB060 Q0 34141762964426752 39 -10.4818 indri
MB060 Q0 30724724736655361 40 -10.4818 indri
MB060 Q0 30371703578169344 41 -10.4818 indri
MB060 Q0 29105358521769984 42 -10.4818 indri
MB060 Q0 33333604473905153 43 -10.4822 indri
MB060 Q0 30075242592337920 44 -10.4822 indri
MB060 Q0 31299916881993728 45 -10.4826 indri
MB060 Q0 34212573473677313 46 -10.6756 indri
MB060 Q0 33286243110359040 47 -10.6764 indri
MB060 Q0 29911466186375168 48 -10.6764 indri
MB060 Q0 29480824051077120 49 -10.6764 indri
MB060 Q0 29436803878490112 50 -10.6764 indri
MB060 Q0 34089080761352192 51 -10.6768 indri
MB060 Q0 33832369173561344 52 -10.6768 indri
MB060 Q0 33681047828967424 53 -10.6772 indri
MB060 Q0 32400138295050240 54 -10.6772 indri
MB060 Q0 30867592214220800 55 -10.6772 indri
MB060 Q0 30803091490086912 56 -10.6776 indri
MB060 Q0 33706609385414656 57 -10.678 indri
MB060 Q0 32045900373172224 58 -10.678 indri
MB060 Q0 30363847143464961 59 -10.678 indri
MB060 Q0 34191148067065856 60 -10.6784 indri
MB060 Q0 32980463521894404 61 -10.6784 indri
MB060 Q0 32630574321500160 62 -10.6784 indri
MB060 Q0 31025621903609856 63 -10.6784 indri
MB060 Q0 30231673970884608 64 -10.6784 indri
MB060 Q0 33677391939239936 65 -10.6788 indri
MB060 Q0 32796533900451840 66 -10.6788 indri
MB060 Q0 31529509962387456 67 -10.6788 indri
MB060 Q0 31269345250246656 68 -10.6788 indri
MB060 Q0 30382527768166400 69 -10.6788 indri
MB060 Q0 33121277527076864 70 -10.6792 indri
MB060 Q0 33004878599028736 71 -10.6792 indri
MB060 Q0 32209447271010305 72 -10.6792 indri
MB060 Q0 31938590585921537 73 -10.6792 indri
MB060 Q0 30947181829562368 74 -10.6792 indri
MB060 Q0 30569278860165120 75 -10.6792 indri
MB060 Q0 29802949865639937 76 -10.6792 indri
MB060 Q0 29237611558080512 77 -10.6792 indri
MB060 Q0 34423422805086208 78 -10.6796 indri
MB060 Q0 32164323618979840 79 -10.6796 indri
MB060 Q0 31343165118087169 80 -10.6796 indri
MB060 Q0 31263929590091776 81 -10.6796 indri
MB060 Q0 31187069468413952 82 -10.6796 indri
MB060 Q0 31073318543032320 83 -10.6796 indri
MB060 Q0 30838480187686913 84 -10.6796 indri
MB060 Q0 30786145579180032 85 -10.6796 indri
MB060 Q0 29070877672865792 86 -10.6796 indri
MB060 Q0 34037666857095168 87 -10.68 indri
MB060 Q0 33440459686674432 88 -10.68 indri
MB060 Q0 32921526181306368 89 -10.68 indri
MB060 Q0 32767369885523968 90 -10.68 indri
MB060 Q0 31732480914489344 91 -10.68 indri
MB060 Q0 31656691342770176 92 -10.68 indri
MB060 Q0 30951279899451393 93 -10.68 indri
MB060 Q0 30922877704339456 94 -10.68 indri
MB060 Q0 29662689458388992 95 -10.68 indri
MB060 Q0 29599260441837568 96 -10.68 indri
MB060 Q0 29097687013920768 97 -10.68 indri
MB060 Q0 31387551839293441 98 -10.6804 indri
MB060 Q0 31330501872586753 99 -10.6804 indri
MB060 Q0 31324492491923456 100 -10.6804 indri
MB060 Q0 30307642370949121 101 -10.6804 indri
MB060 Q0 30017319606427649 102 -10.6804 indri
MB060 Q0 34399985877385216 103 -10.6808 indri
MB060 Q0 34241267537813504 104 -10.6808 indri
MB060 Q0 33136404745687041 105 -10.6808 indri
MB060 Q0 33089393585561600 106 -10.6808 indri
MB060 Q0 32951788327927809 107 -10.6808 indri
MB060 Q0 32769247159525376 108 -10.6808 indri
MB060 Q0 31058541116657664 109 -10.6808 indri
MB060 Q0 30678113146896384 110 -10.6808 indri
MB060 Q0 30608387918004224 111 -10.6808 indri
MB060 Q0 30583328172154880 112 -10.6808 indri
MB060 Q0 30127796827201537 113 -10.6808 indri
MB060 Q0 34207433509314560 114 -10.6812 indri
MB060 Q0 33514651547344896 115 -10.6812 indri
MB060 Q0 32096649790623745 116 -10.6812 indri
MB060 Q0 31740806834425856 117 -10.6812 indri
MB060 Q0 31469968528769025 118 -10.6812 indri
MB060 Q0 30569342814916608 119 -10.6812 indri
MB060 Q0 30391135373361152 120 -10.6812 indri
MB060 Q0 29909262767489024 121 -10.6812 indri
MB060 Q0 29740251769470976 122 -10.6812 indri
MB060 Q0 28994302659006464 123 -10.6812 indri
MB060 Q0 32773497323261953 124 -10.6816 indri
MB060 Q0 31590126110904320 125 -10.6816 indri
MB060 Q0 31442910696177665 126 -10.6816 indri
MB060 Q0 32622381050626048 127 -10.682 indri
MB060 Q0 33030215693238272 128 -10.6824 indri
MB060 Q0 31287096681435136 129 -10.6824 indri
MB060 Q0 30959520830197760 130 -10.6824 indri
MB060 Q0 30375709289480192 131 -10.6848 indri
MB060 Q0 32459873564237824 132 -10.6867 indri
MB060 Q0 33893263983382528 133 -11.008 indri
MB060 Q0 30001201529495552 134 -11.008 indri
MB060 Q0 33931204822708224 135 -11.0084 indri
MB060 Q0 31543425941643264 136 -11.0084 indri
MB060 Q0 30781762292424704 137 -11.0084 indri
MB060 Q0 29796903000477696 138 -11.0084 indri
MB060 Q0 34047953588981760 139 -11.0088 indri
MB060 Q0 33075693453574144 140 -11.0088 indri
MB060 Q0 32829804684255232 141 -11.0088 indri
MB060 Q0 31504834347663360 142 -11.0088 indri
MB060 Q0 31091400284049408 143 -11.0088 indri
MB060 Q0 29928774757781504 144 -11.0088 indri
MB060 Q0 29629082937327616 145 -11.0088 indri
MB060 Q0 33427794578907138 146 -11.0092 indri
MB060 Q0 32827336114044928 147 -11.0092 indri
MB060 Q0 32162361813114880 148 -11.0092 indri
MB060 Q0 31777556533354496 149 -11.0092 indri
MB060 Q0 30414856796508160 150 -11.0092 indri
MB060 Q0 29709683308625920 151 -11.0092 indri
MB060 Q0 29208077458735104 152 -11.0092 indri
MB060 Q0 33414268057550848 153 -11.0096 indri
MB060 Q0 33347616108449792 154 -11.0096 indri
MB060 Q0 33290517185830913 155 -11.0096 indri
MB060 Q0 33123261378199552 156 -11.0096 indri
MB060 Q0 32846949170286593 157 -11.0096 indri
MB060 Q0 32784347446640641 158 -11.0096 indri
MB060 Q0 32563258921586688 159 -11.0096 indri
MB060 Q0 31295548401131520 160 -11.0096 indri
MB060 Q0 30896445397671936 161 -11.0096 indri
MB060 Q0 30291942273196032 162 -11.0096 indri
MB060 Q0 29372616569524224 163 -11.0096 indri
MB060 Q0 34293118794727424 164 -11.01 indri
MB060 Q0 30524220291162112 165 -11.01 indri
MB060 Q0 30361012511186945 166 -11.01 indri
MB060 Q0 30303527939084289 167 -11.01 indri
MB060 Q0 29583076854079488 168 -11.01 indri
MB060 Q0 29422130202415104 169 -11.01 indri
MB060 Q0 29143766619131906 170 -11.01 indri
MB060 Q0 33314537855782912 171 -11.0104 indri
MB060 Q0 33005252936613888 172 -11.0104 indri
MB060 Q0 32941334444642304 173 -11.0104 indri
MB060 Q0 32650628815654912 174 -11.0104 indri
MB060 Q0 32489954206552064 175 -11.0104 indri
MB060 Q0 31672985840517120 176 -11.0104 indri
MB060 Q0 31574865592979456 177 -11.0104 indri
MB060 Q0 31569769945636865 178 -11.0104 indri
MB060 Q0 31280399111950336 179 -11.0104 indri
MB060 Q0 30344561100324864 180 -11.0104 indri
MB060 Q0 29851893127716865 181 -11.0104 indri
MB060 Q0 29401850142785536 182 -11.0104 indri
MB060 Q0 29300983699869696 183 -11.0104 indri
MB060 Q0 33213207115988993 184 -11.0108 indri
MB060 Q0 33178793958973440 185 -11.0108 indri
MB060 Q0 32998133591965698 186 -11.0108 indri
MB060 Q0 32708438391783424 187 -11.0108 indri
MB060 Q0 32636564857163776 188 -11.0108 indri
MB060 Q0 32126045767344128 189 -11.0108 indri
MB060 Q0 31767856039329792 190 -11.0108 indri
MB060 Q0 31731638631137281 191 -11.0108 indri
MB060 Q0 31682217021276160 192 -11.0108 indri
MB060 Q0 31160749384540161 193 -11.0108 indri
MB060 Q0 31134657022001153 194 -11.0108 indri
MB060 Q0 31122825305657344 195 -11.0108 indri
MB060 Q0 30365823444983809 196 -11.0108 indri
MB060 Q0 30073610689323008 197 -11.0108 indri
MB060 Q0 29726446595346433 198 -11.0108 indri
MB060 Q0 29534793855148033 199 -11.0108 indri
MB060 Q0 29416616659779584 200 -11.0108 indri
MB060 Q0 33466017904599040 201 -11.0111 indri
MB060 Q0 33215620443013120 202 -11.0111 indri
MB060 Q0 33204998779183104 203 -11.0111 indri
MB060 Q0 33164098782896128 204 -11.0111 indri
MB060 Q0 32890431842820097 205 -11.0111 indri
MB060 Q0 32670047541399554 206 -11.0111 indri
MB060 Q0 32586965681438721 207 -11.0111 indri
MB060 Q0 32509167298154497 208 -11.0111 indri
MB060 Q0 32274292934709248 209 -11.0111 indri
MB060 Q0 32209889547784193 210 -11.0111 indri
MB060 Q0 31724837294571520 211 -11.0111 indri
MB060 Q0 31283921618472960 212 -11.0111 indri
MB060 Q0 30742992339865600 213 -11.0111 indri
MB060 Q0 30338015612108801 214 -11.0111 indri
MB060 Q0 30187075735134208 215 -11.0111 indri
MB060 Q0 30117313898348544 216 -11.0111 indri
MB060 Q0 30083577085427713 217 -11.0111 indri
MB060 Q0 29923754175893506 218 -11.0111 indri
MB060 Q0 29877422140686336 219 -11.0111 indri
MB060 Q0 29522709046099968 220 -11.0111 indri
MB060 Q0 29146414491635712 221 -11.0111 indri
MB060 Q0 28981073769660416 222 -11.0111 indri
MB060 Q0 34400768010223616 223 -11.0115 indri
MB060 Q0 34340702926151680 224 -11.0115 indri
MB060 Q0 34294472170799104 225 -11.0115 indri
MB060 Q0 33947153646755840 226 -11.0115 indri
MB060 Q0 33515230587785216 227 -11.0115 indri
MB060 Q0 33481092530970624 228 -11.0115 indri
MB060 Q0 33455624742240256 229 -11.0115 indri
MB060 Q0 33441821556219904 230 -11.0115 indri
MB060 Q0 33088815753072640 231 -11.0115 indri
MB060 Q0 32499549176078336 232 -11.0115 indri
MB060 Q0 32128917364019200 233 -11.0115 indri
MB060 Q0 32122661534437376 234 -11.0115 indri
MB060 Q0 32008658833379328 235 -11.0115 indri
MB060 Q0 31801180061433856 236 -11.0115 indri
MB060 Q0 31685731671875584 237 -11.0115 indri
MB060 Q0 31574562965557248 238 -11.0115 indri
MB060 Q0 31549742353747968 239 -11.0115 indri
MB060 Q0 30796264580849664 240 -11.0115 indri
MB060 Q0 30371756602564608 241 -11.0115 indri
MB060 Q0 30098273620463616 242 -11.0115 indri
MB060 Q0 30032059602829312 243 -11.0115 indri
MB060 Q0 29982067924144128 244 -11.0115 indri
MB060 Q0 29938616243326977 245 -11.0115 indri
MB060 Q0 29566862849220608 246 -11.0115 indri
MB060 Q0 29379320292048896 247 -11.0115 indri
MB060 Q0 28967672074993664 248 -11.0115 indri
MB060 Q0 34220554386939904 249 -11.0119 indri
MB060 Q0 33935143164968960 250 -11.0119 indri
MB060 Q0 33918077670260736 251 -11.0119 indri
MB060 Q0 33906092450775040 252 -11.0119 indri
MB060 Q0 33355922768134144 253 -11.0119 indri
MB060 Q0 33319693687193600 254 -11.0119 indri
MB060 Q0 33303077645721601 255 -11.0119 indri
MB060 Q0 33289881463554048 256 -11.0119 indri
MB060 Q0 33193476678098944 257 -11.0119 indri
MB060 Q0 33189744468824064 258 -11.0119 indri
MB060 Q0 32969751617609728 259 -11.0119 indri
MB060 Q0 32682961971187712 260 -11.0119 indri
MB060 Q0 32533115071102976 261 -11.0119 indri
MB060 Q0 32470427972407297 262 -11.0119 indri
MB060 Q0 32420868470607872 263 -11.0119 indri
MB060 Q0 32163338561519616 264 -11.0119 indri
MB060 Q0 32150815032479744 265 -11.0119 indri
MB060 Q0 32095910624239616 266 -11.0119 indri
MB060 Q0 31811792514588672 267 -11.0119 indri
MB060 Q0 31775016945197056 268 -11.0119 indri
MB060 Q0 31748735637651459 269 -11.0119 indri
MB060 Q0 31468756320391168 270 -11.0119 indri
MB060 Q0 31367981963415553 271 -11.0119 indri
MB060 Q0 31224800038879232 272 -11.0119 indri
MB060 Q0 30929580629950464 273 -11.0119 indri
MB060 Q0 30912466233860096 274 -11.0119 indri
MB060 Q0 30356080949207040 275 -11.0119 indri
MB060 Q0 30342511624978432 276 -11.0119 indri
MB060 Q0 30078388416806912 277 -11.0119 indri
MB060 Q0 30066056034779137 278 -11.0119 indri
MB060 Q0 30041240959451136 279 -11.0119 indri
MB060 Q0 29875837419393024 280 -11.0119 indri
MB060 Q0 29571474918473728 281 -11.0119 indri
MB060 Q0 29295343174688769 282 -11.0119 indri
MB060 Q0 29160545152139264 283 -11.0119 indri
MB060 Q0 29043623660097536 284 -11.0119 indri
MB060 Q0 34427856268296192 285 -11.0123 indri
MB060 Q0 34362237711810560 286 -11.0123 indri
MB060 Q0 34301372430032896 287 -11.0123 indri
MB060 Q0 34196606400069632 288 -11.0123 indri
MB060 Q0 34083615394635776 289 -11.0123 indri
MB060 Q0 33747547113799680 290 -11.0123 indri
MB060 Q0 33662328511668224 291 -11.0123 indri
MB060 Q0 33475941577523200 292 -11.0123 indri
MB060 Q0 33258453669519360 293 -11.0123 indri
MB060 Q0 33219399687086080 294 -11.0123 indri
MB060 Q0 32952319834333184 295 -11.0123 indri
MB060 Q0 32835480282206208 296 -11.0123 indri
MB060 Q0 32833569088864256 297 -11.0123 indri
MB060 Q0 32759104686526464 298 -11.0123 indri
MB060 Q0 32695014534422528 299 -11.0123 indri
MB060 Q0 32505435818823680 300 -11.0123 indri
MB060 Q0 32491264125440000 301 -11.0123 indri
MB060 Q0 32326977826324480 302 -11.0123 indri
MB060 Q0 32253721475809280 303 -11.0123 indri
MB060 Q0 31983916797665280 304 -11.0123 indri
MB060 Q0 31891601236168704 305 -11.0123 indri
MB060 Q0 31851458030731265 306 -11.0123 indri
MB060 Q0 31546669883465728 307 -11.0123 indri
MB060 Q0 31012345664765952 308 -11.0123 indri
MB060 Q0 30918931124322304 309 -11.0123 indri
MB060 Q0 30772722690695168 310 -11.0123 indri
MB060 Q0 30454133827829760 311 -11.0123 indri
MB060 Q0 30413288911147008 312 -11.0123 indri
MB060 Q0 30163374469816321 313 -11.0123 indri
MB060 Q0 30113140213555201 314 -11.0123 indri
MB060 Q0 29941269752971264 315 -11.0123 indri
MB060 Q0 29717543878926336 316 -11.0123 indri
MB060 Q0 29656748692348929 317 -11.0123 indri
MB060 Q0 29555420544638976 318 -11.0123 indri
MB060 Q0 29416479157915648 319 -11.0123 indri
MB060 Q0 29356159487967233 320 -11.0123 indri
MB060 Q0 29325217474023424 321 -11.0123 indri
MB060 Q0 29036864241405953 322 -11.0123 indri
MB060 Q0 28979576382169088 323 -11.0123 indri
MB060 Q0 34048651693129728 324 -11.0127 indri
MB060 Q0 34039493702979584 325 -11.0127 indri
MB060 Q0 33905407281864704 326 -11.0127 indri
MB060 Q0 33861807881854976 327 -11.0127 indri
MB060 Q0 33825712628572160 328 -11.0127 indri
MB060 Q0 33234896205910016 329 -11.0127 indri
MB060 Q0 32925036524339200 330 -11.0127 indri
MB060 Q0 32633259359739904 331 -11.0127 indri
MB060 Q0 32624094155382784 332 -11.0127 indri
MB060 Q0 32563025143668736 333 -11.0127 indri
MB060 Q0 32378179473637376 334 -11.0127 indri
MB060 Q0 32251502751911936 335 -11.0127 indri
MB060 Q0 32121406158282752 336 -11.0127 indri
MB060 Q0 31417341728260096 337 -11.0127 indri
MB060 Q0 31371147513692160 338 -11.0127 indri
MB060 Q0 31350795135877120 339 -11.0127 indri
MB060 Q0 31270753550737408 340 -11.0127 indri
MB060 Q0 30745569156665345 341 -11.0127 indri
MB060 Q0 30702658113249282 342 -11.0127 indri
MB060 Q0 30614708486676480 343 -11.0127 indri
MB060 Q0 30551131616706560 344 -11.0127 indri
MB060 Q0 30479247961235456 345 -11.0127 indri
MB060 Q0 30381776270528512 346 -11.0127 indri
MB060 Q0 30369843635036160 347 -11.0127 indri
MB060 Q0 30347468537339904 348 -11.0127 indri
MB060 Q0 30287161899094016 349 -11.0127 indri
MB060 Q0 30267517163282432 350 -11.0127 indri
MB060 Q0 29652571551440896 351 -11.0127 indri
MB060 Q0 29639393610305536 352 -11.0127 indri
MB060 Q0 29510166013550592 353 -11.0127 indri
MB060 Q0 29417193758269440 354 -11.0127 indri
MB060 Q0 29327931427786752 355 -11.0127 indri
MB060 Q0 29311442557599744 356 -11.0127 indri
MB060 Q0 29123189728616448 357 -11.0127 indri
MB060 Q0 34413781824053250 358 -11.0131 indri
MB060 Q0 34330261625765888 359 -11.0131 indri
MB060 Q0 34170614801498112 360 -11.0131 indri
MB060 Q0 33766008078475264 361 -11.0131 indri
MB060 Q0 33465601515061248 362 -11.0131 indri
MB060 Q0 32924622777229312 363 -11.0131 indri
MB060 Q0 32910909026336769 364 -11.0131 indri
MB060 Q0 32788760802361344 365 -11.0131 indri
MB060 Q0 32585080530534400 366 -11.0131 indri
MB060 Q0 32397620974460928 367 -11.0131 indri
MB060 Q0 32146010880876544 368 -11.0131 indri
MB060 Q0 31792512024707072 369 -11.0131 indri
MB060 Q0 31789696912723969 370 -11.0131 indri
MB060 Q0 31606047844077568 371 -11.0131 indri
MB060 Q0 31547140597620738 372 -11.0131 indri
MB060 Q0 31361239879778304 373 -11.0131 indri
MB060 Q0 31320075092885504 374 -11.0131 indri
MB060 Q0 31182635430576128 375 -11.0131 indri
MB060 Q0 30658825623179265 376 -11.0131 indri
MB060 Q0 30597951457853442 377 -11.0131 indri
MB060 Q0 30416778207166465 378 -11.0131 indri
MB060 Q0 30198396929187840 379 -11.0131 indri
MB060 Q0 30121883856801793 380 -11.0131 indri
MB060 Q0 29970359025401856 381 -11.0131 indri
MB060 Q0 29888789279145986 382 -11.0131 indri
MB060 Q0 29784967005343744 383 -11.0131 indri
MB060 Q0 29675551593598976 384 -11.0131 indri
MB060 Q0 29341219486175232 385 -11.0131 indri
MB060 Q0 29173760179310592 386 -11.0131 indri
MB060 Q0 29095951092162560 387 -11.0131 indri
MB060 Q0 34350131339862016 388 -11.0135 indri
MB060 Q0 34319783511986177 389 -11.0135 indri
MB060 Q0 33952047346753536 390 -11.0135 indri
MB060 Q0 33886610151968768 391 -11.0135 indri
MB060 Q0 33877818676871169 392 -11.0135 indri
MB060 Q0 33528419429912577 393 -11.0135 indri
MB060 Q0 33244191333023745 394 -11.0135 indri
MB060 Q0 33143822955323392 395 -11.0135 indri
MB060 Q0 32621134683840512 396 -11.0135 indri
MB060 Q0 32245131734163456 397 -11.0135 indri
MB060 Q0 30993448911765504 398 -11.0135 indri
MB060 Q0 30702331435683841 399 -11.0135 indri
MB060 Q0 30658102550335488 400 -11.0135 indri
MB060 Q0 30652376973053952 401 -11.0135 indri
MB060 Q0 30605376395157504 402 -11.0135 indri
MB060 Q0 30589863128473600 403 -11.0135 indri
MB060 Q0 30455674320199681 404 -11.0135 indri
MB060 Q0 29578813029486593 405 -11.0135 indri
MB060 Q0 29416551786483712 406 -11.0135 indri
MB060 Q0 34401760499994624 407 -11.0139 indri
MB060 Q0 34374207865360384 408 -11.0139 indri
MB060 Q0 34288453235507200 409 -11.0139 indri
MB060 Q0 34208991005384704 410 -11.0139 indri
MB060 Q0 33207663022186496 411 -11.0139 indri
MB060 Q0 32310535236091904 412 -11.0139 indri
MB060 Q0 32197479604686848 413 -11.0139 indri
MB060 Q0 31928170336751616 414 -11.0139 indri
MB060 Q0 31292566762684417 415 -11.0139 indri
MB060 Q0 31158533105909760 416 -11.0139 indri
MB060 Q0 30984263960633344 417 -11.0139 indri
MB060 Q0 30936142652112896 418 -11.0139 indri
MB060 Q0 30900201635979264 419 -11.0139 indri
MB060 Q0 30517889798774784 420 -11.0139 indri
MB060 Q0 30478250358607872 421 -11.0139 indri
MB060 Q0 30355370538958850 422 -11.0139 indri
MB060 Q0 29705297664671744 423 -11.0139 indri
MB060 Q0 29481716678660096 424 -11.0139 indri
MB060 Q0 29013847473913857 425 -11.0139 indri
MB060 Q0 34360524418326528 426 -11.0143 indri
MB060 Q0 34321869083656192 427 -11.0143 indri
MB060 Q0 34295352752488448 428 -11.0143 indri
MB060 Q0 34272896184483840 429 -11.0143 indri
MB060 Q0 34196305525997568 430 -11.0143 indri
MB060 Q0 32940057354567680 431 -11.0143 indri
MB060 Q0 32606382687522816 432 -11.0143 indri
MB060 Q0 32583438900924416 433 -11.0143 indri
MB060 Q0 32561751102857217 434 -11.0143 indri
MB060 Q0 32216775609294848 435 -11.0143 indri
MB060 Q0 32003703108018176 436 -11.0143 indri
MB060 Q0 31844651140911104 437 -11.0143 indri
MB060 Q0 31778804447846401 438 -11.0143 indri
MB060 Q0 31749327172935680 439 -11.0143 indri
MB060 Q0 31652844012572673 440 -11.0143 indri
MB060 Q0 31377104851435520 441 -11.0143 indri
MB060 Q0 31168490618486784 442 -11.0143 indri
MB060 Q0 31085518896758785 443 -11.0143 indri
MB060 Q0 30901247426957312 444 -11.0143 indri
MB060 Q0 30728211767762944 445 -11.0143 indri
MB060 Q0 30712634152062976 446 -11.0143 indri
MB060 Q0 30522982673686529 447 -11.0143 indri
MB060 Q0 30477968526544896 448 -11.0143 indri
MB060 Q0 30464679839006720 449 -11.0143 indri
MB060 Q0 30402067868688384 450 -11.0143 indri
MB060 Q0 29911610587877377 451 -11.0143 indri
MB060 Q0 29896443762315264 452 -11.0143 indri
MB060 Q0 29756093555023873 453 -11.0143 indri
MB060 Q0 29543243590926337 454 -11.0143 indri
MB060 Q0 29462420049104897 455 -11.0143 indri
MB060 Q0 29263112657965056 456 -11.0143 indri
MB060 Q0 29146553318903809 457 -11.0143 indri
MB060 Q0 34339551702949888 458 -11.0147 indri
MB060 Q0 34317814336593920 459 -11.0147 indri
MB060 Q0 34314302349512704 460 -11.0147 indri
MB060 Q0 34239780854169600 461 -11.0147 indri
MB060 Q0 33930401353306112 462 -11.0147 indri
MB060 Q0 33499408821649408 463 -11.0147 indri
MB060 Q0 32596338398986240 464 -11.0147 indri
MB060 Q0 32465039742992384 465 -11.0147 indri
MB060 Q0 32218369029578752 466 -11.0147 indri
MB060 Q0 32025187096469504 467 -11.0147 indri
MB060 Q0 31925027234385920 468 -11.0147 indri
MB060 Q0 31849691155013632 469 -11.0147 indri
MB060 Q0 31648324306079744 470 -11.0147 indri
MB060 Q0 31424346220134400 471 -11.0147 indri
MB060 Q0 30779659390033920 472 -11.0147 indri
MB060 Q0 30687231832227840 473 -11.0147 indri
MB060 Q0 30407855718793217 474 -11.0147 indri
MB060 Q0 30271128404492288 475 -11.0147 indri
MB060 Q0 30267608511021056 476 -11.0147 indri
MB060 Q0 29675264728371200 477 -11.0147 indri
MB060 Q0 29631879036534785 478 -11.0147 indri
MB060 Q0 29571477997101056 479 -11.0147 indri
MB060 Q0 29498516329988096 480 -11.0147 indri
MB060 Q0 29404462439206912 481 -11.0147 indri
MB060 Q0 29140024943448064 482 -11.0147 indri
MB060 Q0 34436767029399552 483 -11.0151 indri
MB060 Q0 34257438848851968 484 -11.0151 indri
MB060 Q0 33724367154184192 485 -11.0151 indri
MB060 Q0 33191028164919296 486 -11.0151 indri
MB060 Q0 33118667621269504 487 -11.0151 indri
MB060 Q0 32637471158181888 488 -11.0151 indri
MB060 Q0 32478081310531584 489 -11.0151 indri
MB060 Q0 32356570746593280 490 -11.0151 indri
MB060 Q0 32313684516667392 491 -11.0151 indri
MB060 Q0 32287551872049153 492 -11.0151 indri
MB060 Q0 32282429179822080 493 -11.0151 indri
MB060 Q0 32041815846682624 494 -11.0151 indri
MB060 Q0 31901150139654145 495 -11.0151 indri
MB060 Q0 31772625969610752 496 -11.0151 indri
MB060 Q0 31553127102550016 497 -11.0151 indri
MB060 Q0 31416196981067776 498 -11.0151 indri
MB060 Q0 31314268687171584 499 -11.0151 indri
MB060 Q0 31256750145409024 500 -11.0151 indri
MB060 Q0 30883172178726912 501 -11.0151 indri
MB060 Q0 30782535134879744 502 -11.0151 indri
MB060 Q0 30562259365269505 503 -11.0151 indri
MB060 Q0 30385790752137216 504 -11.0151 indri
MB060 Q0 30352981819920384 505 -11.0151 indri
MB060 Q0 30310816603447296 506 -11.0151 indri
MB060 Q0 29546508198084608 507 -11.0151 indri
MB060 Q0 29517940504137729 508 -11.0151 indri
MB060 Q0 29503167339167744 509 -11.0151 indri
MB060 Q0 29305434984685568 510 -11.0151 indri
MB060 Q0 34433105322311681 511 -11.0155 indri
MB060 Q0 34196136759791616 512 -11.0155 indri
MB060 Q0 33897544161562624 513 -11.0155 indri
MB060 Q0 33817367196733440 514 -11.0155 indri
MB060 Q0 33541837868240896 515 -11.0155 indri
MB060 Q0 33450326254161920 516 -11.0155 indri
MB060 Q0 33269747457986560 517 -11.0155 indri
MB060 Q0 32844335699460096 518 -11.0155 indri
MB060 Q0 32778112353701888 519 -11.0155 indri
MB060 Q0 32549389721403392 520 -11.0155 indri
MB060 Q0 32545550293278720 521 -11.0155 indri
MB060 Q0 32135116910239745 522 -11.0155 indri
MB060 Q0 32080120806117377 523 -11.0155 indri
MB060 Q0 31932548758114304 524 -11.0155 indri
MB060 Q0 31925014072655873 525 -11.0155 indri
MB060 Q0 31760876486795264 526 -11.0155 indri
MB060 Q0 31582344502575104 527 -11.0155 indri
MB060 Q0 31364247728427008 528 -11.0155 indri
MB060 Q0 30833823713333248 529 -11.0155 indri
MB060 Q0 30676488235782144 530 -11.0155 indri
MB060 Q0 30635285104558080 531 -11.0155 indri
MB060 Q0 30622029539442688 532 -11.0155 indri
MB060 Q0 30393365296054272 533 -11.0155 indri
MB060 Q0 30100811585425410 534 -11.0155 indri
MB060 Q0 30066912960454656 535 -11.0155 indri
MB060 Q0 30047760992436224 536 -11.0155 indri
MB060 Q0 29556885262696449 537 -11.0155 indri
MB060 Q0 29517238008553473 538 -11.0155 indri
MB060 Q0 29514405133684736 539 -11.0155 indri
MB060 Q0 29437563794104320 540 -11.0155 indri
MB060 Q0 29176539719409666 541 -11.0155 indri
MB060 Q0 29147943172837376 542 -11.0155 indri
MB060 Q0 29033611101470720 543 -11.0155 indri
MB060 Q0 28985882807631872 544 -11.0155 indri
MB060 Q0 33767395541778432 545 -11.0159 indri
MB060 Q0 33194092347260929 546 -11.0159 indri
MB060 Q0 33184527253774336 547 -11.0159 indri
MB060 Q0 33163430215028737 548 -11.0159 indri
MB060 Q0 32993365960163329 549 -11.0159 indri
MB060 Q0 32888502592999424 550 -11.0159 indri
MB060 Q0 32804963172229122 551 -11.0159 indri
MB060 Q0 32587720056381440 552 -11.0159 indri
MB060 Q0 32546178050564096 553 -11.0159 indri
MB060 Q0 32425136569188352 554 -11.0159 indri
MB060 Q0 32036574552129537 555 -11.0159 indri
MB060 Q0 31902196287152130 556 -11.0159 indri
MB060 Q0 31473705490063360 557 -11.0159 indri
MB060 Q0 31459972197908480 558 -11.0159 indri
MB060 Q0 31355475723296768 559 -11.0159 indri
MB060 Q0 31206369348558848 560 -11.0159 indri
MB060 Q0 31175586026094593 561 -11.0159 indri
MB060 Q0 30983787705794560 562 -11.0159 indri
MB060 Q0 30906101285261312 563 -11.0159 indri
MB060 Q0 30408172598468609 564 -11.0159 indri
MB060 Q0 30387072019730432 565 -11.0159 indri
MB060 Q0 30107033172709377 566 -11.0159 indri
MB060 Q0 29964149756788736 567 -11.0159 indri
MB060 Q0 29817069507715072 568 -11.0159 indri
MB060 Q0 29561661484433408 569 -11.0159 indri
MB060 Q0 29296928357351424 570 -11.0159 indri
MB060 Q0 34298509683335168 571 -11.0163 indri
MB060 Q0 33648572633186305 572 -11.0163 indri
MB060 Q0 33509970242703360 573 -11.0163 indri
MB060 Q0 33473583443345408 574 -11.0163 indri
MB060 Q0 33280407558422530 575 -11.0163 indri
MB060 Q0 33241766408753152 576 -11.0163 indri
MB060 Q0 32918942691360769 577 -11.0163 indri
MB060 Q0 32401917023887360 578 -11.0163 indri
MB060 Q0 32232123762999296 579 -11.0163 indri
MB060 Q0 32006887113236480 580 -11.0163 indri
MB060 Q0 31948959979151360 581 -11.0163 indri
MB060 Q0 31787373297668096 582 -11.0163 indri
MB060 Q0 31717825269731328 583 -11.0163 indri
MB060 Q0 31301157481611264 584 -11.0163 indri
MB060 Q0 31139501162102784 585 -11.0163 indri
MB060 Q0 31098329915981825 586 -11.0163 indri
MB060 Q0 30987549543497728 587 -11.0163 indri
MB060 Q0 30794679930851328 588 -11.0163 indri
MB060 Q0 30550652635582465 589 -11.0163 indri
MB060 Q0 30471649639796736 590 -11.0163 indri
MB060 Q0 30336632099966976 591 -11.0163 indri
MB060 Q0 30266409938321408 592 -11.0163 indri
MB060 Q0 30205821816152064 593 -11.0163 indri
MB060 Q0 30197563596476417 594 -11.0163 indri
MB060 Q0 30088313067020288 595 -11.0163 indri
MB060 Q0 30037030612246528 596 -11.0163 indri
MB060 Q0 30029810507976707 597 -11.0163 indri
MB060 Q0 30023369994797056 598 -11.0163 indri
MB060 Q0 29726027206893568 599 -11.0163 indri
MB060 Q0 29667576967593984 600 -11.0163 indri
MB060 Q0 29605916726788097 601 -11.0163 indri
MB060 Q0 29459255841001472 602 -11.0163 indri
MB060 Q0 29340051905191937 603 -11.0163 indri
MB060 Q0 29323783848329217 604 -11.0163 indri
MB060 Q0 29123083109408768 605 -11.0163 indri
MB060 Q0 28988679422738432 606 -11.0163 indri
MB060 Q0 34119176763219969 607 -11.0167 indri
MB060 Q0 34037388133015552 608 -11.0167 indri
MB060 Q0 33891480875573248 609 -11.0167 indri
MB060 Q0 33886665583894529 610 -11.0167 indri
MB060 Q0 33866244889255936 611 -11.0167 indri
MB060 Q0 33686423018147840 612 -11.0167 indri
MB060 Q0 33289072579448832 613 -11.0167 indri
MB060 Q0 33193270754410496 614 -11.0167 indri
MB060 Q0 33182966221905921 615 -11.0167 indri
MB060 Q0 32790377945628674 616 -11.0167 indri
MB060 Q0 32565854197522434 617 -11.0167 indri
MB060 Q0 32531322975031297 618 -11.0167 indri
MB060 Q0 32476378754453504 619 -11.0167 indri
MB060 Q0 32246224383909888 620 -11.0167 indri
MB060 Q0 32215388670394369 621 -11.0167 indri
MB060 Q0 32113442663964674 622 -11.0167 indri
MB060 Q0 31887149833912320 623 -11.0167 indri
MB060 Q0 31859911369424897 624 -11.0167 indri
MB060 Q0 31596255645798400 625 -11.0167 indri
MB060 Q0 31111015328387072 626 -11.0167 indri
MB060 Q0 31044285503639553 627 -11.0167 indri
MB060 Q0 30948577773621248 628 -11.0167 indri
MB060 Q0 30742388892762113 629 -11.0167 indri
MB060 Q0 30685454885986304 630 -11.0167 indri
MB060 Q0 30455347827183616 631 -11.0167 indri
MB060 Q0 30413404111904768 632 -11.0167 indri
MB060 Q0 29961450948657152 633 -11.0167 indri
MB060 Q0 29847110702596096 634 -11.0167 indri
MB060 Q0 29544741423026176 635 -11.0167 indri
MB060 Q0 29540933515083776 636 -11.0167 indri
MB060 Q0 29406431119671296 637 -11.0167 indri
MB060 Q0 29115103752228864 638 -11.0167 indri
MB060 Q0 29114803469422592 639 -11.0167 indri
MB060 Q0 29104314123292672 640 -11.0167 indri
MB060 Q0 29028510521630720 641 -11.0167 indri
MB060 Q0 34242790003048448 642 -11.0171 indri
MB060 Q0 34064563758436353 643 -11.0171 indri
MB060 Q0 33822127090040833 644 -11.0171 indri
MB060 Q0 33736019194941440 645 -11.0171 indri
MB060 Q0 33538596304584704 646 -11.0171 indri
MB060 Q0 33420322896089089 647 -11.0171 indri
MB060 Q0 33360216896577537 648 -11.0171 indri
MB060 Q0 33315423587926016 649 -11.0171 indri
MB060 Q0 33312830832779264 650 -11.0171 indri
MB060 Q0 32944120313937920 651 -11.0171 indri
MB060 Q0 32779560177106944 652 -11.0171 indri
MB060 Q0 32717001642213376 653 -11.0171 indri
MB060 Q0 32518041971462144 654 -11.0171 indri
MB060 Q0 32338110041817088 655 -11.0171 indri
MB060 Q0 32262026784935937 656 -11.0171 indri
MB060 Q0 32160280121184256 657 -11.0171 indri
MB060 Q0 32159615927975936 658 -11.0171 indri
MB060 Q0 31782993198583808 659 -11.0171 indri
MB060 Q0 31682953595584513 660 -11.0171 indri
MB060 Q0 31327450969415680 661 -11.0171 indri
MB060 Q0 31198473860685824 662 -11.0171 indri
MB060 Q0 31132710705565696 663 -11.0171 indri
MB060 Q0 31059718105468928 664 -11.0171 indri
MB060 Q0 31018278142869506 665 -11.0171 indri
MB060 Q0 30367127315681280 666 -11.0171 indri
MB060 Q0 30364014986924032 667 -11.0171 indri
MB060 Q0 30298265106780160 668 -11.0171 indri
MB060 Q0 30262084751073281 669 -11.0171 indri
MB060 Q0 29752410721230848 670 -11.0171 indri
MB060 Q0 29311598619262976 671 -11.0171 indri
MB060 Q0 29263176147140608 672 -11.0171 indri
MB060 Q0 34170614994440192 673 -11.0175 indri
MB060 Q0 34096959190999040 674 -11.0175 indri
MB060 Q0 32964361152630785 675 -11.0175 indri
MB060 Q0 32788306391474176 676 -11.0175 indri
MB060 Q0 32777293533282304 677 -11.0175 indri
MB060 Q0 32735966103863296 678 -11.0175 indri
MB060 Q0 32625374466670592 679 -11.0175 indri
MB060 Q0 32129079801024512 680 -11.0175 indri
MB060 Q0 31858497041735680 681 -11.0175 indri
MB060 Q0 31579382669639680 682 -11.0175 indri
MB060 Q0 31528219622506496 683 -11.0175 indri
MB060 Q0 31027264854433793 684 -11.0175 indri
MB060 Q0 30037379448307712 685 -11.0175 indri
MB060 Q0 30030983189233664 686 -11.0175 indri
MB060 Q0 29987499350687744 687 -11.0175 indri
MB060 Q0 29787452214353920 688 -11.0175 indri
MB060 Q0 29712384855642114 689 -11.0175 indri
MB060 Q0 29447012155920384 690 -11.0175 indri
MB060 Q0 29383329295896576 691 -11.0175 indri
MB060 Q0 31971578401001472 692 -11.0179 indri
MB060 Q0 31845699976957952 693 -11.0179 indri
MB060 Q0 31266735499776000 694 -11.0179 indri
MB060 Q0 30424269355745280 695 -11.0179 indri
MB060 Q0 29372615957151745 696 -11.0179 indri
MB060 Q0 29274757601959936 697 -11.0179 indri
MB060 Q0 29232618335637504 698 -11.0179 indri
MB060 Q0 33394964012470272 699 -11.0183 indri
MB060 Q0 31553007199985664 700 -11.0183 indri
MB060 Q0 30472083452465153 701 -11.0183 indri
MB060 Q0 30068138389282816 702 -11.0183 indri
MB060 Q0 29608084414402560 703 -11.0183 indri
MB060 Q0 33759350933688320 704 -11.0187 indri
MB060 Q0 32893865128103936 705 -11.0187 indri
MB060 Q0 30694625152864256 706 -11.0187 indri
MB060 Q0 29887273495433219 707 -11.0187 indri
MB060 Q0 29455877622730752 708 -11.0191 indri
MB060 Q0 28994415271878656 709 -11.0191 indri
MB060 Q0 33325971704647680 710 -11.0195 indri
MB060 Q0 32209755963392000 711 -11.0195 indri
