MB079 Q0 33266823277314048 1 -9.15693 indri
MB079 Q0 32848894010335233 2 -9.35944 indri
MB079 Q0 33427300426977281 3 -9.58738 indri
MB079 Q0 29058588605423616 4 -9.58817 indri
MB079 Q0 32804838496538624 5 -9.81297 indri
MB079 Q0 33279674582831104 6 -9.81615 indri
MB079 Q0 32820318045212672 7 -9.81615 indri
MB079 Q0 33212373925888001 8 -9.81655 indri
MB079 Q0 32690125683040257 9 -9.81655 indri
MB079 Q0 33015699781718016 10 -9.81695 indri
MB079 Q0 32856991055478784 11 -9.81695 indri
MB079 Q0 32841380040544256 12 -9.81695 indri
MB079 Q0 32811143571443713 13 -9.81695 indri
MB079 Q0 31428546798813184 14 -9.81695 indri
MB079 Q0 32723685072703488 15 -9.81734 indri
MB079 Q0 32809421763514369 16 -9.81814 indri
MB079 Q0 30576002576949248 17 -11.1432 indri
MB079 Q0 32026712573214721 18 -11.1436 indri
MB079 Q0 30940657614852096 19 -11.1456 indri
MB079 Q0 31514916070367232 20 -11.1476 indri
MB079 Q0 33258961700528128 21 -11.148 indri
MB079 Q0 29842468228829185 22 -11.1488 indri
MB079 Q0 32750424545034240 23 -11.1492 indri
MB079 Q0 29181835523133441 24 -11.1492 indri
MB079 Q0 32727159973875712 25 -11.15 indri
MB079 Q0 31797135636692992 26 -11.1503 indri
MB079 Q0 32747158964805632 27 -11.1507 indri
MB079 Q0 32716748293677056 28 -11.1507 indri
MB079 Q0 32825347099598848 29 -11.1515 indri
MB079 Q0 32051471239352320 30 -11.1519 indri
MB079 Q0 31018784831569923 31 -11.2203 indri
MB079 Q0 30399887682048000 32 -11.2207 indri
MB079 Q0 29282524236611584 33 -11.2215 indri
MB079 Q0 31384597090537473 34 -11.2219 indri
MB079 Q0 32111723624267776 35 -11.2235 indri
MB079 Q0 31532441655058432 36 -11.2235 indri
MB079 Q0 31411658114994176 37 -11.2235 indri
MB079 Q0 30045333933260800 38 -11.2235 indri
MB079 Q0 32432898514624512 39 -11.2239 indri
MB079 Q0 31136071093854208 40 -11.2243 indri
MB079 Q0 30609337328082944 41 -11.2243 indri
MB079 Q0 32823155726749697 42 -11.2247 indri
MB079 Q0 32039275172204544 43 -11.2251 indri
MB079 Q0 30008947830161408 44 -11.2251 indri
MB079 Q0 29648818735681536 45 -11.2251 indri
MB079 Q0 31534066801049601 46 -11.2255 indri
MB079 Q0 29419632058175488 47 -11.2255 indri
MB079 Q0 32803892534181888 48 -11.2259 indri
MB079 Q0 31860725026660352 49 -11.2259 indri
MB079 Q0 31757579466055680 50 -11.2259 indri
MB079 Q0 31185068160450561 51 -11.2259 indri
MB079 Q0 33294887470235649 52 -11.2263 indri
MB079 Q0 33225366172602369 53 -11.2263 indri
MB079 Q0 32358793656410112 54 -11.2263 indri
MB079 Q0 32326613131595776 55 -11.2263 indri
MB079 Q0 31166920124272640 56 -11.2263 indri
MB079 Q0 29411930921771008 57 -11.2263 indri
MB079 Q0 32199124812042240 58 -11.2267 indri
MB079 Q0 31471811338178562 59 -11.2267 indri
MB079 Q0 31456205549342720 60 -11.2267 indri
MB079 Q0 31044953765314560 61 -11.2267 indri
MB079 Q0 30381510158712832 62 -11.2267 indri
MB079 Q0 29836218883645440 63 -11.2267 indri
MB079 Q0 31036482504359936 64 -11.2271 indri
MB079 Q0 30307931605958657 65 -11.2271 indri
MB079 Q0 30102536190955520 66 -11.2271 indri
MB079 Q0 30879838613020672 67 -11.2275 indri
MB079 Q0 30681551381463040 68 -11.2279 indri
MB079 Q0 29720247393062913 69 -11.6524 indri
MB079 Q0 29543755157602305 70 -11.6536 indri
MB079 Q0 33407080119402496 71 -11.6544 indri
MB079 Q0 30620671297986560 72 -11.6548 indri
MB079 Q0 32893504556371969 73 -11.656 indri
MB079 Q0 31843674534969345 74 -11.6564 indri
MB079 Q0 29367743086075904 75 -11.6568 indri
MB079 Q0 29326635345907713 76 -11.6568 indri
MB079 Q0 29094949328785408 77 -11.6568 indri
MB079 Q0 33200325326282752 78 -11.6571 indri
MB079 Q0 30814638606123008 79 -11.6571 indri
MB079 Q0 30580930766708736 80 -11.6571 indri
MB079 Q0 29106262545268736 81 -11.6571 indri
MB079 Q0 32474543188615168 82 -11.6575 indri
MB079 Q0 32291209045086208 83 -11.6575 indri
MB079 Q0 31311081548812288 84 -11.6575 indri
MB079 Q0 31035828142612480 85 -11.6575 indri
MB079 Q0 30568658166087680 86 -11.6627 indri
MB079 Q0 30679835969851392 87 -11.6658 indri
MB079 Q0 31004787692535809 88 -11.8776 indri
MB079 Q0 32479186572550144 89 -11.8784 indri
MB079 Q0 32430928869462016 90 -11.8784 indri
MB079 Q0 31880746780073984 91 -11.8784 indri
MB079 Q0 31032020201115648 92 -11.8784 indri
MB079 Q0 31013962401189888 93 -11.8788 indri
MB079 Q0 30681009418670080 94 -11.8788 indri
MB079 Q0 30545208089251840 95 -11.8788 indri
MB079 Q0 31585744552198144 96 -11.8792 indri
MB079 Q0 31441099969003520 97 -11.8792 indri
MB079 Q0 30734117633007616 98 -11.8792 indri
MB079 Q0 30704934009704448 99 -11.8792 indri
MB079 Q0 33456699029327872 100 -11.8796 indri
MB079 Q0 31036095269437440 101 -11.8796 indri
MB079 Q0 30707660609298433 102 -11.8796 indri
MB079 Q0 33088503407452160 103 -11.88 indri
MB079 Q0 33068107408871424 104 -11.88 indri
MB079 Q0 31056874358972416 105 -11.88 indri
MB079 Q0 31054817082216448 106 -11.88 indri
MB079 Q0 30843661369475072 107 -11.88 indri
MB079 Q0 32422141248937984 108 -11.8804 indri
MB079 Q0 31618553526362112 109 -11.8804 indri
MB079 Q0 31414777767010304 110 -11.8804 indri
MB079 Q0 30652307230162946 111 -11.8804 indri
MB079 Q0 32124741124886528 112 -11.8808 indri
MB079 Q0 31457851939491840 113 -11.8808 indri
MB079 Q0 30666360010833920 114 -11.8808 indri
MB079 Q0 30631313245470722 115 -11.8808 indri
MB079 Q0 30587685898817536 116 -11.8808 indri
MB079 Q0 29489519241732096 117 -11.8808 indri
MB079 Q0 33530736250195968 118 -11.8812 indri
MB079 Q0 33279457905090560 119 -11.8812 indri
MB079 Q0 33277579976904704 120 -11.8812 indri
MB079 Q0 33273249630519296 121 -11.8812 indri
MB079 Q0 33078018607939584 122 -11.8812 indri
MB079 Q0 33030516215255040 123 -11.8812 indri
MB079 Q0 32472790015680513 124 -11.8812 indri
MB079 Q0 31351779312537600 125 -11.8812 indri
MB079 Q0 31059190684319745 126 -11.8812 indri
MB079 Q0 31032832738467840 127 -11.8812 indri
MB079 Q0 30985841555800064 128 -11.8812 indri
MB079 Q0 30734492020772864 129 -11.8812 indri
MB079 Q0 30650358351007744 130 -11.8812 indri
MB079 Q0 30636957327425536 131 -11.8812 indri
MB079 Q0 29488481063407616 132 -11.8812 indri
MB079 Q0 33438750080114688 133 -11.8816 indri
MB079 Q0 33315626017619969 134 -11.8816 indri
MB079 Q0 33231255357095936 135 -11.8816 indri
MB079 Q0 33157685188759552 136 -11.8816 indri
MB079 Q0 33113792476872704 137 -11.8816 indri
MB079 Q0 32869874661335040 138 -11.8816 indri
MB079 Q0 32750991669460992 139 -11.8816 indri
MB079 Q0 32726644967866369 140 -11.8816 indri
MB079 Q0 32153677808533504 141 -11.8816 indri
MB079 Q0 31664234228088832 142 -11.8816 indri
MB079 Q0 31467128456486912 143 -11.8816 indri
MB079 Q0 31461069528502272 144 -11.8816 indri
MB079 Q0 31112903692124160 145 -11.8816 indri
MB079 Q0 30652616639782912 146 -11.8816 indri
MB079 Q0 30644248546119680 147 -11.8816 indri
MB079 Q0 30636864566206464 148 -11.8816 indri
MB079 Q0 29394046883471360 149 -11.8816 indri
MB079 Q0 33210439097790464 150 -11.8819 indri
MB079 Q0 33168771480821760 151 -11.8819 indri
MB079 Q0 32866875406819328 152 -11.8819 indri
MB079 Q0 32856990996762624 153 -11.8819 indri
MB079 Q0 32431292708556800 154 -11.8819 indri
MB079 Q0 32158463563931649 155 -11.8819 indri
MB079 Q0 31768236009717760 156 -11.8819 indri
MB079 Q0 31106854876618753 157 -11.8819 indri
MB079 Q0 30693301371797504 158 -11.8819 indri
MB079 Q0 33474372425482240 159 -11.8823 indri
MB079 Q0 33438923103404032 160 -11.8823 indri
MB079 Q0 33423248188375040 161 -11.8823 indri
MB079 Q0 33085052841627649 162 -11.8823 indri
MB079 Q0 31071902327902210 163 -11.8823 indri
MB079 Q0 31002648396177408 164 -11.8823 indri
MB079 Q0 30889992091860992 165 -11.8823 indri
MB079 Q0 30821805958635520 166 -11.8823 indri
MB079 Q0 30687266489769984 167 -11.8823 indri
MB079 Q0 30628460376363008 168 -11.8823 indri
MB079 Q0 30584738985021441 169 -11.8823 indri
MB079 Q0 29118205649756160 170 -11.8823 indri
MB079 Q0 29116319165054976 171 -11.8823 indri
MB079 Q0 33234964061356032 172 -11.8827 indri
MB079 Q0 33206344550981632 173 -11.8827 indri
MB079 Q0 33102082504396801 174 -11.8827 indri
MB079 Q0 32790975910772736 175 -11.8827 indri
MB079 Q0 32777366187016192 176 -11.8827 indri
MB079 Q0 31422256051658752 177 -11.8827 indri
MB079 Q0 31075438944063488 178 -11.8827 indri
MB079 Q0 30647808595857408 179 -11.8827 indri
MB079 Q0 30634009172123650 180 -11.8827 indri
MB079 Q0 30512948690558976 181 -11.8827 indri
MB079 Q0 29121573977858049 182 -11.8827 indri
MB079 Q0 32725671826432000 183 -11.8831 indri
MB079 Q0 31011864758452224 184 -11.8831 indri
MB079 Q0 33282613162541056 185 -11.8835 indri
MB079 Q0 33202363879653376 186 -11.8835 indri
MB079 Q0 33191086495113216 187 -11.8835 indri
MB079 Q0 33138938495377408 188 -11.8835 indri
MB079 Q0 33116836291678209 189 -11.8835 indri
MB079 Q0 33065606085488640 190 -11.8835 indri
MB079 Q0 33052691491987457 191 -11.8835 indri
MB079 Q0 32851764847841281 192 -11.8835 indri
MB079 Q0 32722964927483904 193 -11.8835 indri
MB079 Q0 32712329204334592 194 -11.8835 indri
MB079 Q0 31833117970931713 195 -11.8835 indri
MB079 Q0 31174622997118977 196 -11.8835 indri
MB079 Q0 31170625116577792 197 -11.8835 indri
MB079 Q0 30777856829165568 198 -11.8835 indri
MB079 Q0 30635254607773696 199 -11.8835 indri
MB079 Q0 33458269372555264 200 -11.8839 indri
MB079 Q0 33442202923450368 201 -11.8839 indri
MB079 Q0 33241391375060992 202 -11.8839 indri
MB079 Q0 33137927806521344 203 -11.8839 indri
MB079 Q0 32730058242138112 204 -11.8839 indri
MB079 Q0 32576593570308096 205 -11.8839 indri
MB079 Q0 32435021075718144 206 -11.8839 indri
MB079 Q0 32347660568502272 207 -11.8839 indri
MB079 Q0 32023978725875712 208 -11.8839 indri
MB079 Q0 31915056350367744 209 -11.8839 indri
MB079 Q0 31747382349664256 210 -11.8839 indri
MB079 Q0 31716497919311873 211 -11.8839 indri
MB079 Q0 30826845066764288 212 -11.8839 indri
MB079 Q0 30651318930505728 213 -11.8839 indri
MB079 Q0 30626262993084416 214 -11.8839 indri
MB079 Q0 30076025526288384 215 -11.8839 indri
MB079 Q0 29235914429440000 216 -11.8839 indri
MB079 Q0 29204826390790144 217 -11.8839 indri
MB079 Q0 33503201617514497 218 -11.8843 indri
MB079 Q0 33204214435942400 219 -11.8843 indri
MB079 Q0 33135385701785600 220 -11.8843 indri
MB079 Q0 33101876715204608 221 -11.8843 indri
MB079 Q0 33070881286660096 222 -11.8843 indri
MB079 Q0 33047430375149569 223 -11.8843 indri
MB079 Q0 33044326971871232 224 -11.8843 indri
MB079 Q0 32779985445978112 225 -11.8843 indri
MB079 Q0 32739416388673536 226 -11.8843 indri
MB079 Q0 32465855358967808 227 -11.8843 indri
MB079 Q0 32123672785330177 228 -11.8843 indri
MB079 Q0 32117905948676096 229 -11.8843 indri
MB079 Q0 32098519745560576 230 -11.8843 indri
MB079 Q0 31844701015384064 231 -11.8843 indri
MB079 Q0 31809534871736320 232 -11.8843 indri
MB079 Q0 31439544976941056 233 -11.8843 indri
MB079 Q0 31132583303581698 234 -11.8843 indri
MB079 Q0 30983191900721152 235 -11.8843 indri
MB079 Q0 30837766195515393 236 -11.8843 indri
MB079 Q0 30661645986430976 237 -11.8843 indri
MB079 Q0 30640240846704640 238 -11.8843 indri
MB079 Q0 30625618529878016 239 -11.8843 indri
MB079 Q0 30598702481539073 240 -11.8843 indri
MB079 Q0 30562965165965312 241 -11.8843 indri
MB079 Q0 29373310793949184 242 -11.8843 indri
MB079 Q0 29012851536433152 243 -11.8843 indri
MB079 Q0 33283136804626433 244 -11.8847 indri
MB079 Q0 33244243371761664 245 -11.8847 indri
MB079 Q0 33204193841909760 246 -11.8847 indri
MB079 Q0 33108761853825024 247 -11.8847 indri
MB079 Q0 33107480137568256 248 -11.8847 indri
MB079 Q0 33076720277917696 249 -11.8847 indri
MB079 Q0 33070870536650752 250 -11.8847 indri
MB079 Q0 32712112321077248 251 -11.8847 indri
MB079 Q0 32306063927681025 252 -11.8847 indri
MB079 Q0 32215244231155713 253 -11.8847 indri
MB079 Q0 31775521666768896 254 -11.8847 indri
MB079 Q0 31457110051004416 255 -11.8847 indri
MB079 Q0 31418138599886848 256 -11.8847 indri
MB079 Q0 31330756399730690 257 -11.8847 indri
MB079 Q0 31084135099404288 258 -11.8847 indri
MB079 Q0 30771330068520960 259 -11.8847 indri
MB079 Q0 30616053729988609 260 -11.8847 indri
MB079 Q0 29726784295542785 261 -11.8847 indri
MB079 Q0 33336490683539456 262 -11.8851 indri
MB079 Q0 33316849793896448 263 -11.8851 indri
MB079 Q0 33207351645315072 264 -11.8851 indri
MB079 Q0 33188958363979776 265 -11.8851 indri
MB079 Q0 32961982747385856 266 -11.8851 indri
MB079 Q0 32819265786609665 267 -11.8851 indri
MB079 Q0 32707988091314176 268 -11.8851 indri
MB079 Q0 32395728135389185 269 -11.8851 indri
MB079 Q0 32151479376678912 270 -11.8851 indri
MB079 Q0 31619386968121345 271 -11.8851 indri
MB079 Q0 31432727026733056 272 -11.8851 indri
MB079 Q0 31077282743320576 273 -11.8851 indri
MB079 Q0 31056912183205888 274 -11.8851 indri
MB079 Q0 31054874296721408 275 -11.8851 indri
MB079 Q0 30691395639443456 276 -11.8851 indri
MB079 Q0 30636766327209984 277 -11.8851 indri
MB079 Q0 29697622042214400 278 -11.8851 indri
MB079 Q0 29697616262467584 279 -11.8851 indri
MB079 Q0 29107903789015040 280 -11.8851 indri
MB079 Q0 29079432626962432 281 -11.8851 indri
MB079 Q0 29078682777681920 282 -11.8851 indri
MB079 Q0 33369142971072512 283 -11.8855 indri
MB079 Q0 33363533177556994 284 -11.8855 indri
MB079 Q0 33361107498311680 285 -11.8855 indri
MB079 Q0 31506089577021441 286 -11.8855 indri
MB079 Q0 31382824267288576 287 -11.8855 indri
MB079 Q0 31347363494760448 288 -11.8855 indri
MB079 Q0 31227454337056768 289 -11.8855 indri
MB079 Q0 31067309351108608 290 -11.8855 indri
MB079 Q0 30719032567013376 291 -11.8855 indri
MB079 Q0 30696374286688256 292 -11.8855 indri
MB079 Q0 29674700191834113 293 -11.8855 indri
MB079 Q0 29280550053216256 294 -11.8855 indri
MB079 Q0 33318194512924672 295 -11.8859 indri
MB079 Q0 32855922942418945 296 -11.8859 indri
MB079 Q0 32707535446216704 297 -11.8859 indri
MB079 Q0 32650477854261249 298 -11.8859 indri
MB079 Q0 31521823212445696 299 -11.8859 indri
MB079 Q0 31029299381280768 300 -11.8859 indri
MB079 Q0 30984522178756608 301 -11.8859 indri
MB079 Q0 30748814096732160 302 -11.8859 indri
MB079 Q0 30564389102813184 303 -11.8859 indri
MB079 Q0 29052291231252481 304 -11.8859 indri
MB079 Q0 33226850880724992 305 -11.8863 indri
MB079 Q0 33177101439864832 306 -11.8863 indri
MB079 Q0 33103779331051520 307 -11.8863 indri
MB079 Q0 32991438090276864 308 -11.8863 indri
MB079 Q0 30561385402339328 309 -11.8863 indri
MB079 Q0 33285204508545024 310 -11.8867 indri
MB079 Q0 33268797716566017 311 -11.8867 indri
MB079 Q0 33093923828146176 312 -11.8867 indri
MB079 Q0 29948659890130944 313 -11.8867 indri
MB079 Q0 31920602377879552 314 -11.8871 indri
MB079 Q0 30671214263410688 315 -11.8871 indri
MB079 Q0 31128633175179264 316 -11.8911 indri
MB079 Q0 30954320551747584 317 -11.8915 indri
