MB080 Q0 35067092726185984 1 -7.47159 indri
MB080 Q0 30289608214319104 2 -9.06528 indri
MB080 Q0 32849092929388544 3 -9.2629 indri
MB080 Q0 32595740895223808 4 -9.2637 indri
MB080 Q0 30823903009972225 5 -9.26409 indri
MB080 Q0 29217647275016192 6 -9.26449 indri
MB080 Q0 33016075058679808 7 -9.26489 indri
MB080 Q0 34937612527468546 8 -9.26528 indri
MB080 Q0 30675298445950976 9 -9.26528 indri
MB080 Q0 30453237769306112 10 -9.26528 indri
MB080 Q0 29230846342860801 11 -9.26528 indri
MB080 Q0 30018306052202496 12 -9.26568 indri
MB080 Q0 34934916911206400 13 -9.26608 indri
MB080 Q0 29217257359941634 14 -9.26608 indri
MB080 Q0 29113804021305344 15 -9.26608 indri
MB080 Q0 33887486178500609 16 -9.26647 indri
MB080 Q0 29169634112446465 17 -9.26647 indri
MB080 Q0 33283843335131136 18 -9.26687 indri
MB080 Q0 31035734798372864 19 -9.26687 indri
MB080 Q0 29293349768798208 20 -9.26766 indri
MB080 Q0 32558299819802624 21 -9.26806 indri
MB080 Q0 29581490962563073 22 -9.26845 indri
MB080 Q0 32848608038486016 23 -9.41549 indri
MB080 Q0 30351697595334656 24 -9.42384 indri
MB080 Q0 33889453294489600 25 -9.60169 indri
MB080 Q0 31054454627241984 26 -9.60169 indri
MB080 Q0 31206397899182080 27 -9.60209 indri
MB080 Q0 30363021851238401 28 -9.60209 indri
MB080 Q0 29955050717577216 29 -9.60209 indri
MB080 Q0 29518796171513858 30 -9.60209 indri
MB080 Q0 32783041046773761 31 -9.60248 indri
MB080 Q0 29735253924904960 32 -9.60248 indri
MB080 Q0 34784664719867904 33 -9.60288 indri
MB080 Q0 34102104817668096 34 -9.60328 indri
MB080 Q0 33731388897230848 35 -9.60328 indri
MB080 Q0 33374346164572160 36 -9.60328 indri
MB080 Q0 33326807067541504 37 -9.60328 indri
MB080 Q0 32911748277207040 38 -9.60328 indri
MB080 Q0 31453883750559744 39 -9.60328 indri
MB080 Q0 31177453347012608 40 -9.60328 indri
MB080 Q0 31130304320110592 41 -9.60328 indri
MB080 Q0 29679678625161216 42 -9.60328 indri
MB080 Q0 34751386797219840 43 -9.60368 indri
MB080 Q0 34479430860541952 44 -9.60368 indri
MB080 Q0 33880326002450432 45 -9.60368 indri
MB080 Q0 32387927258439680 46 -9.60368 indri
MB080 Q0 31778424557142016 47 -9.60368 indri
MB080 Q0 31697058083635200 48 -9.60368 indri
MB080 Q0 30409804312743936 49 -9.60368 indri
MB080 Q0 30197408348504065 50 -9.60368 indri
MB080 Q0 29020838762123265 51 -9.60368 indri
MB080 Q0 33914476390658048 52 -9.60408 indri
MB080 Q0 32504251674529792 53 -9.60408 indri
MB080 Q0 32351143338180608 54 -9.60408 indri
MB080 Q0 32315532938051584 55 -9.60408 indri
MB080 Q0 30450153852772353 56 -9.60408 indri
MB080 Q0 30215259851595776 57 -9.60408 indri
MB080 Q0 35036877648039936 58 -9.60448 indri
MB080 Q0 34804332218032129 59 -9.60448 indri
MB080 Q0 34270301638369280 60 -9.60448 indri
MB080 Q0 33050958959362048 61 -9.60448 indri
MB080 Q0 32708230861824000 62 -9.60448 indri
MB080 Q0 32708201271001088 63 -9.60448 indri
MB080 Q0 31150592831258624 64 -9.60448 indri
MB080 Q0 31024519665684481 65 -9.60448 indri
MB080 Q0 29990885844324353 66 -9.60448 indri
MB080 Q0 29916487909117952 67 -9.60448 indri
MB080 Q0 29212087167225856 68 -9.60448 indri
MB080 Q0 33803055895937024 69 -9.60488 indri
MB080 Q0 33306009191579649 70 -9.60488 indri
MB080 Q0 32504338584702976 71 -9.60488 indri
MB080 Q0 31852227295444992 72 -9.60488 indri
MB080 Q0 31299382003367936 73 -9.60488 indri
MB080 Q0 30814415360098305 74 -9.60488 indri
MB080 Q0 29998472090361856 75 -9.60488 indri
MB080 Q0 29519323986923520 76 -9.60488 indri
MB080 Q0 29347161862836225 77 -9.60488 indri
MB080 Q0 29324867962675200 78 -9.60488 indri
MB080 Q0 33642244133101568 79 -9.60527 indri
MB080 Q0 31338486699130880 80 -9.60527 indri
MB080 Q0 29847538764881920 81 -9.60527 indri
MB080 Q0 29555033532010496 82 -9.60527 indri
MB080 Q0 29378053318643712 83 -9.60527 indri
MB080 Q0 29167367250518016 84 -9.60527 indri
MB080 Q0 35016012411699200 85 -9.60567 indri
MB080 Q0 34643141218803712 86 -9.60567 indri
MB080 Q0 33677777177673728 87 -9.60567 indri
MB080 Q0 33394074815827968 88 -9.60567 indri
MB080 Q0 31637834959949824 89 -9.60567 indri
MB080 Q0 30997739022065664 90 -9.60567 indri
MB080 Q0 30635253009752065 91 -9.60567 indri
MB080 Q0 30623869316366337 92 -9.60567 indri
MB080 Q0 29540831954210816 93 -9.60567 indri
MB080 Q0 29436715592589312 94 -9.60567 indri
MB080 Q0 29415139719516160 95 -9.60567 indri
MB080 Q0 29293699166904320 96 -9.60567 indri
MB080 Q0 29209693847035904 97 -9.60567 indri
MB080 Q0 29029958416343040 98 -9.60567 indri
MB080 Q0 34918470453825536 99 -9.60607 indri
MB080 Q0 34811206485155840 100 -9.60607 indri
MB080 Q0 34241530134798336 101 -9.60607 indri
MB080 Q0 34098824591052800 102 -9.60607 indri
MB080 Q0 33910634965901313 103 -9.60607 indri
MB080 Q0 33439176615526401 104 -9.60607 indri
MB080 Q0 33335503700885504 105 -9.60607 indri
MB080 Q0 33152701109899264 106 -9.60607 indri
MB080 Q0 32699041594744832 107 -9.60607 indri
MB080 Q0 30943796892008448 108 -9.60607 indri
MB080 Q0 30849810122674176 109 -9.60607 indri
MB080 Q0 30821685372391424 110 -9.60607 indri
MB080 Q0 30775047069114368 111 -9.60607 indri
MB080 Q0 29837691252113408 112 -9.60607 indri
MB080 Q0 29317917803814912 113 -9.60607 indri
MB080 Q0 29264367606308865 114 -9.60607 indri
MB080 Q0 29191296732106753 115 -9.60607 indri
MB080 Q0 29074956251832321 116 -9.60607 indri
MB080 Q0 28965853865185280 117 -9.60607 indri
MB080 Q0 34560731823210496 118 -9.60647 indri
MB080 Q0 34556348045869056 119 -9.60647 indri
MB080 Q0 32792495695855616 120 -9.60647 indri
MB080 Q0 31552888614428673 121 -9.60647 indri
MB080 Q0 31396172392304640 122 -9.60647 indri
MB080 Q0 30295546107265024 123 -9.60647 indri
MB080 Q0 29973735637254144 124 -9.60647 indri
MB080 Q0 29856014761201664 125 -9.60647 indri
MB080 Q0 29791355488182272 126 -9.60647 indri
MB080 Q0 29437622602436609 127 -9.60647 indri
MB080 Q0 29316925603450881 128 -9.60647 indri
MB080 Q0 29206398801809408 129 -9.60647 indri
MB080 Q0 33180998183157760 130 -9.60686 indri
MB080 Q0 32029063971340288 131 -9.60686 indri
MB080 Q0 31901125766549504 132 -9.60686 indri
MB080 Q0 31029054765268992 133 -9.60686 indri
MB080 Q0 30701729343340544 134 -9.60686 indri
MB080 Q0 29857228173352960 135 -9.60686 indri
MB080 Q0 29742208282267648 136 -9.60686 indri
MB080 Q0 29674060883431424 137 -9.60686 indri
MB080 Q0 29637497281576960 138 -9.60686 indri
MB080 Q0 29249482604421120 139 -9.60686 indri
MB080 Q0 29180145436725249 140 -9.60686 indri
MB080 Q0 34893832940167168 141 -9.60726 indri
MB080 Q0 33806860045787136 142 -9.60726 indri
MB080 Q0 32842919383666688 143 -9.60726 indri
MB080 Q0 32830732820811776 144 -9.60726 indri
MB080 Q0 32448528596860929 145 -9.60726 indri
MB080 Q0 31600172299456513 146 -9.60726 indri
MB080 Q0 31538042439208960 147 -9.60726 indri
MB080 Q0 31408735603662848 148 -9.60726 indri
MB080 Q0 29352857614422016 149 -9.60726 indri
MB080 Q0 29244089614475264 150 -9.60726 indri
MB080 Q0 34935557981208576 151 -9.60766 indri
MB080 Q0 34054263139348480 152 -9.60766 indri
MB080 Q0 32954479850561536 153 -9.60766 indri
MB080 Q0 32833786248953857 154 -9.60766 indri
MB080 Q0 31934582756478977 155 -9.60766 indri
MB080 Q0 31876375811981312 156 -9.60766 indri
MB080 Q0 31762072102510592 157 -9.60766 indri
MB080 Q0 31646595854368768 158 -9.60766 indri
MB080 Q0 29155130213408768 159 -9.60766 indri
MB080 Q0 34912715730321408 160 -9.60806 indri
MB080 Q0 34843871066198016 161 -9.60806 indri
MB080 Q0 33347633493835776 162 -9.60806 indri
MB080 Q0 32890744603672576 163 -9.60806 indri
MB080 Q0 32846351242895360 164 -9.60806 indri
MB080 Q0 32510607819280384 165 -9.60806 indri
MB080 Q0 32173534784520193 166 -9.60806 indri
MB080 Q0 31126551160430592 167 -9.60806 indri
MB080 Q0 30460766129754112 168 -9.60806 indri
MB080 Q0 30281838299713536 169 -9.60806 indri
MB080 Q0 30266769549557760 170 -9.60806 indri
MB080 Q0 29191789780926465 171 -9.60806 indri
MB080 Q0 29165262716534784 172 -9.60806 indri
MB080 Q0 29155130389561345 173 -9.60806 indri
MB080 Q0 34966667666653185 174 -9.60845 indri
MB080 Q0 34587893964091393 175 -9.60845 indri
MB080 Q0 34383445182382080 176 -9.60845 indri
MB080 Q0 33229082493845504 177 -9.60845 indri
MB080 Q0 32590925263802368 178 -9.60845 indri
MB080 Q0 32493938321395712 179 -9.60845 indri
MB080 Q0 32205214849179649 180 -9.60845 indri
MB080 Q0 31826459081318400 181 -9.60845 indri
MB080 Q0 31469467317833728 182 -9.60845 indri
MB080 Q0 31458712841363456 183 -9.60845 indri
MB080 Q0 31143522681749505 184 -9.60845 indri
MB080 Q0 30683756004114432 185 -9.60845 indri
MB080 Q0 30627512161673216 186 -9.60845 indri
MB080 Q0 29383255614558208 187 -9.60845 indri
MB080 Q0 29240886231564288 188 -9.60845 indri
MB080 Q0 29239714158485504 189 -9.60845 indri
MB080 Q0 29221801133346816 190 -9.60845 indri
MB080 Q0 29210208949510144 191 -9.60845 indri
MB080 Q0 35029619413356544 192 -9.60885 indri
MB080 Q0 34147703613030400 193 -9.60885 indri
MB080 Q0 32182049662050304 194 -9.60885 indri
MB080 Q0 32088679467982848 195 -9.60885 indri
MB080 Q0 31811060528840704 196 -9.60885 indri
MB080 Q0 31571643176325121 197 -9.60885 indri
MB080 Q0 31351126364266497 198 -9.60885 indri
MB080 Q0 31030981364293632 199 -9.60885 indri
MB080 Q0 30367155430100992 200 -9.60885 indri
MB080 Q0 30356002587021313 201 -9.60885 indri
MB080 Q0 30300797975658498 202 -9.60885 indri
MB080 Q0 29954585581846530 203 -9.60885 indri
MB080 Q0 29856673757663232 204 -9.60885 indri
MB080 Q0 29724493366693889 205 -9.60885 indri
MB080 Q0 29464208328364032 206 -9.60885 indri
MB080 Q0 29166490427064321 207 -9.60885 indri
MB080 Q0 34736365266542592 208 -9.60925 indri
MB080 Q0 34625425523085313 209 -9.60925 indri
MB080 Q0 33367287733948416 210 -9.60925 indri
MB080 Q0 33294049800622080 211 -9.60925 indri
MB080 Q0 32554106065260544 212 -9.60925 indri
MB080 Q0 31662592632029184 213 -9.60925 indri
MB080 Q0 30854784273616896 214 -9.60925 indri
MB080 Q0 30840452609478656 215 -9.60925 indri
MB080 Q0 30586172849786880 216 -9.60925 indri
MB080 Q0 29957812192804864 217 -9.60925 indri
MB080 Q0 29266927436173312 218 -9.60925 indri
MB080 Q0 29194898657771520 219 -9.60925 indri
MB080 Q0 34080555481960448 220 -9.60964 indri
MB080 Q0 33227565690781696 221 -9.60964 indri
MB080 Q0 32956414733324288 222 -9.60964 indri
MB080 Q0 30951073350950912 223 -9.60964 indri
MB080 Q0 30752334946504704 224 -9.60964 indri
MB080 Q0 30687338518544384 225 -9.60964 indri
MB080 Q0 30242976336715776 226 -9.60964 indri
MB080 Q0 34700095739928576 227 -9.61004 indri
MB080 Q0 34519237968003072 228 -9.61004 indri
MB080 Q0 33507527371005952 229 -9.61004 indri
MB080 Q0 33245796333785088 230 -9.61004 indri
MB080 Q0 31588115567091712 231 -9.61004 indri
MB080 Q0 31185319567032320 232 -9.61004 indri
MB080 Q0 30596393135513600 233 -9.61004 indri
MB080 Q0 35007095292035072 234 -9.61043 indri
MB080 Q0 34564133856743425 235 -9.61043 indri
MB080 Q0 34085190779273216 236 -9.61043 indri
MB080 Q0 33173159251279873 237 -9.61043 indri
MB080 Q0 32202044769042433 238 -9.61043 indri
MB080 Q0 31110230943211520 239 -9.61043 indri
MB080 Q0 30976404866736128 240 -9.61043 indri
MB080 Q0 30640450457047041 241 -9.61043 indri
MB080 Q0 29822370768228352 242 -9.61043 indri
MB080 Q0 29563947552083968 243 -9.61043 indri
MB080 Q0 29398860233183232 244 -9.61043 indri
MB080 Q0 34362503345479680 245 -9.61083 indri
MB080 Q0 30676999957647361 246 -9.61083 indri
MB080 Q0 29408360084279296 247 -9.61083 indri
MB080 Q0 29299052713611264 248 -9.61083 indri
MB080 Q0 34865348335378432 249 -9.61162 indri
MB080 Q0 34864959305428992 250 -9.61162 indri
MB080 Q0 30834387142578177 251 -9.61162 indri
MB080 Q0 30922193466556416 252 -9.61241 indri
MB080 Q0 31507009731829760 253 -9.61749 indri
MB080 Q0 32256108361940993 254 -9.61829 indri
MB080 Q0 33688592530276352 255 -9.61869 indri
MB080 Q0 31413437376495617 256 -9.61908 indri
MB080 Q0 31045452279324672 257 -9.61908 indri
MB080 Q0 34777333416067073 258 -9.62107 indri
MB080 Q0 34670725491068929 259 -9.62107 indri
MB080 Q0 33644706596392960 260 -9.62107 indri
MB080 Q0 35004307413794817 261 -9.62147 indri
MB080 Q0 32530971291029505 262 -9.62187 indri
MB080 Q0 30043654965960705 263 -9.62305 indri
MB080 Q0 33283001316016128 264 -9.95355 indri
MB080 Q0 32895539351650304 265 -9.95355 indri
MB080 Q0 31391397357551616 266 -9.95355 indri
MB080 Q0 30335952081653760 267 -9.95355 indri
MB080 Q0 29662807007961088 268 -9.95355 indri
MB080 Q0 29646289838800896 269 -9.95355 indri
MB080 Q0 34378536848457728 270 -9.95395 indri
MB080 Q0 32797687778648064 271 -9.95395 indri
MB080 Q0 31756961091420161 272 -9.95395 indri
MB080 Q0 31427404635308032 273 -9.95395 indri
MB080 Q0 30710478837645312 274 -9.95395 indri
MB080 Q0 30706285234098176 275 -9.95395 indri
MB080 Q0 29028489424277505 276 -9.95395 indri
MB080 Q0 34405109064540161 277 -9.95435 indri
MB080 Q0 34301563560271873 278 -9.95435 indri
MB080 Q0 33926506816217088 279 -9.95435 indri
MB080 Q0 33236873329516545 280 -9.95435 indri
MB080 Q0 32981220337913856 281 -9.95435 indri
MB080 Q0 32627337161867264 282 -9.95435 indri
MB080 Q0 32501179665620992 283 -9.95435 indri
MB080 Q0 32280440622555136 284 -9.95435 indri
MB080 Q0 32237286384992257 285 -9.95435 indri
MB080 Q0 32226822305353728 286 -9.95435 indri
MB080 Q0 32168941417668608 287 -9.95435 indri
MB080 Q0 31472316525318144 288 -9.95435 indri
MB080 Q0 31415606527926272 289 -9.95435 indri
MB080 Q0 30719105367547904 290 -9.95435 indri
MB080 Q0 30710259349716992 291 -9.95435 indri
MB080 Q0 30106130218749952 292 -9.95435 indri
MB080 Q0 29748112000028673 293 -9.95435 indri
MB080 Q0 29604300535635968 294 -9.95435 indri
MB080 Q0 34826167076782080 295 -9.95475 indri
MB080 Q0 34688100231815168 296 -9.95475 indri
MB080 Q0 34462071131217920 297 -9.95475 indri
MB080 Q0 34384099011461120 298 -9.95475 indri
MB080 Q0 33707243924885504 299 -9.95475 indri
MB080 Q0 33358927869509633 300 -9.95475 indri
MB080 Q0 33271088062406656 301 -9.95475 indri
MB080 Q0 32909818184339456 302 -9.95475 indri
MB080 Q0 32891848569651200 303 -9.95475 indri
MB080 Q0 32864952326819840 304 -9.95475 indri
MB080 Q0 32625125006249984 305 -9.95475 indri
MB080 Q0 32570937622667265 306 -9.95475 indri
MB080 Q0 32543620640804865 307 -9.95475 indri
MB080 Q0 32261384632803328 308 -9.95475 indri
MB080 Q0 31808131386318848 309 -9.95475 indri
MB080 Q0 31641184434651138 310 -9.95475 indri
MB080 Q0 31425767426490368 311 -9.95475 indri
MB080 Q0 31137236267311104 312 -9.95475 indri
MB080 Q0 30521567511322624 313 -9.95475 indri
MB080 Q0 30302336274407424 314 -9.95475 indri
MB080 Q0 30300224362643457 315 -9.95475 indri
MB080 Q0 30098381162422272 316 -9.95475 indri
MB080 Q0 30046830251212800 317 -9.95475 indri
MB080 Q0 29988137891532800 318 -9.95475 indri
MB080 Q0 29814235420688384 319 -9.95475 indri
MB080 Q0 29751569905881088 320 -9.95475 indri
MB080 Q0 29736672979591169 321 -9.95475 indri
MB080 Q0 29620074952261632 322 -9.95475 indri
MB080 Q0 29600356103098368 323 -9.95475 indri
MB080 Q0 29574564690264065 324 -9.95475 indri
MB080 Q0 29352879965868032 325 -9.95475 indri
MB080 Q0 28979478738767872 326 -9.95475 indri
MB080 Q0 28975177526157313 327 -9.95475 indri
MB080 Q0 34817564848689153 328 -9.95515 indri
MB080 Q0 34361521672818688 329 -9.95515 indri
MB080 Q0 33671521457152000 330 -9.95515 indri
MB080 Q0 33645440981274625 331 -9.95515 indri
MB080 Q0 33380022907576320 332 -9.95515 indri
MB080 Q0 33348362421927937 333 -9.95515 indri
MB080 Q0 33319845449699328 334 -9.95515 indri
MB080 Q0 32676863763550208 335 -9.95515 indri
MB080 Q0 32605803131179008 336 -9.95515 indri
MB080 Q0 32552134855622656 337 -9.95515 indri
MB080 Q0 32543545084608512 338 -9.95515 indri
MB080 Q0 32502315042734080 339 -9.95515 indri
MB080 Q0 32107918136446976 340 -9.95515 indri
MB080 Q0 31901642173456384 341 -9.95515 indri
MB080 Q0 31836603957649409 342 -9.95515 indri
MB080 Q0 31794577916559360 343 -9.95515 indri
MB080 Q0 31787519032954880 344 -9.95515 indri
MB080 Q0 31094885478047745 345 -9.95515 indri
MB080 Q0 31056742209036288 346 -9.95515 indri
MB080 Q0 30685921271611393 347 -9.95515 indri
MB080 Q0 30361750926786561 348 -9.95515 indri
MB080 Q0 30102108388724736 349 -9.95515 indri
MB080 Q0 30027225034129408 350 -9.95515 indri
MB080 Q0 29997605337436161 351 -9.95515 indri
MB080 Q0 29993011194626049 352 -9.95515 indri
MB080 Q0 29610566905499648 353 -9.95515 indri
MB080 Q0 29325299514609665 354 -9.95515 indri
MB080 Q0 29237779560931328 355 -9.95515 indri
MB080 Q0 28980381680140288 356 -9.95515 indri
MB080 Q0 28965565213184000 357 -9.95515 indri
MB080 Q0 35054097644257280 358 -9.95555 indri
MB080 Q0 34819298597806080 359 -9.95555 indri
MB080 Q0 34765043480395777 360 -9.95555 indri
MB080 Q0 34710433889779712 361 -9.95555 indri
MB080 Q0 34417673802620929 362 -9.95555 indri
MB080 Q0 34126896383918080 363 -9.95555 indri
MB080 Q0 34043418061570048 364 -9.95555 indri
MB080 Q0 34038765496311808 365 -9.95555 indri
MB080 Q0 33681144088248320 366 -9.95555 indri
MB080 Q0 33639844592746497 367 -9.95555 indri
MB080 Q0 33363799188705280 368 -9.95555 indri
MB080 Q0 32955882434199552 369 -9.95555 indri
MB080 Q0 32939022225506304 370 -9.95555 indri
MB080 Q0 32923262241476608 371 -9.95555 indri
MB080 Q0 32886937375219712 372 -9.95555 indri
MB080 Q0 32868719168331776 373 -9.95555 indri
MB080 Q0 32458284174671873 374 -9.95555 indri
MB080 Q0 32295267264897024 375 -9.95555 indri
MB080 Q0 32247872783126528 376 -9.95555 indri
MB080 Q0 32235415758962688 377 -9.95555 indri
MB080 Q0 31796177896734720 378 -9.95555 indri
MB080 Q0 31437389909987328 379 -9.95555 indri
MB080 Q0 31412238086574080 380 -9.95555 indri
MB080 Q0 31137406358917120 381 -9.95555 indri
MB080 Q0 30821846630801408 382 -9.95555 indri
MB080 Q0 30780649853947904 383 -9.95555 indri
MB080 Q0 30778249411821568 384 -9.95555 indri
MB080 Q0 30775235707928576 385 -9.95555 indri
MB080 Q0 30741361447665664 386 -9.95555 indri
MB080 Q0 30725817503846400 387 -9.95555 indri
MB080 Q0 30445067470639107 388 -9.95555 indri
MB080 Q0 30435994750689280 389 -9.95555 indri
MB080 Q0 30083393790156802 390 -9.95555 indri
MB080 Q0 30075275110776832 391 -9.95555 indri
MB080 Q0 30055238450806784 392 -9.95555 indri
MB080 Q0 30049380077666304 393 -9.95555 indri
MB080 Q0 29947376475054080 394 -9.95555 indri
MB080 Q0 29737552281866240 395 -9.95555 indri
MB080 Q0 29634990526439424 396 -9.95555 indri
MB080 Q0 29305112572723200 397 -9.95555 indri
MB080 Q0 29295826685665280 398 -9.95555 indri
MB080 Q0 29283256801165312 399 -9.95555 indri
MB080 Q0 34365307938148352 400 -9.95595 indri
MB080 Q0 34045062555893760 401 -9.95595 indri
MB080 Q0 34038575204925441 402 -9.95595 indri
MB080 Q0 33361131829465088 403 -9.95595 indri
MB080 Q0 33328800620089344 404 -9.95595 indri
MB080 Q0 33221632247996416 405 -9.95595 indri
MB080 Q0 33040906613428224 406 -9.95595 indri
MB080 Q0 32931720462344192 407 -9.95595 indri
MB080 Q0 32621469678698496 408 -9.95595 indri
MB080 Q0 32547996314898432 409 -9.95595 indri
MB080 Q0 32271865414156289 410 -9.95595 indri
MB080 Q0 32130701289594880 411 -9.95595 indri
MB080 Q0 31595903177457664 412 -9.95595 indri
MB080 Q0 31008266683154432 413 -9.95595 indri
MB080 Q0 30847444669440000 414 -9.95595 indri
MB080 Q0 30810422961508352 415 -9.95595 indri
MB080 Q0 30695564811177984 416 -9.95595 indri
MB080 Q0 30119811220508672 417 -9.95595 indri
MB080 Q0 29682596451454976 418 -9.95595 indri
MB080 Q0 29648869201551361 419 -9.95595 indri
MB080 Q0 29610100243046400 420 -9.95595 indri
MB080 Q0 29317993884291072 421 -9.95595 indri
MB080 Q0 29230934972698624 422 -9.95595 indri
MB080 Q0 29222828591026176 423 -9.95595 indri
MB080 Q0 34758284959293440 424 -9.95635 indri
MB080 Q0 34389094800818176 425 -9.95635 indri
MB080 Q0 34048257734742016 426 -9.95635 indri
MB080 Q0 34043628548521984 427 -9.95635 indri
MB080 Q0 33306588827615232 428 -9.95635 indri
MB080 Q0 33236350715039744 429 -9.95635 indri
MB080 Q0 33234955333013504 430 -9.95635 indri
MB080 Q0 32295011458490368 431 -9.95635 indri
MB080 Q0 32188454620110848 432 -9.95635 indri
MB080 Q0 31893340614041601 433 -9.95635 indri
MB080 Q0 31856846964785152 434 -9.95635 indri
MB080 Q0 31841038888861696 435 -9.95635 indri
MB080 Q0 31839497419227136 436 -9.95635 indri
MB080 Q0 31210089155133440 437 -9.95635 indri
MB080 Q0 31181239922724865 438 -9.95635 indri
MB080 Q0 31169872792657921 439 -9.95635 indri
MB080 Q0 31147362839695361 440 -9.95635 indri
MB080 Q0 31134825062604802 441 -9.95635 indri
MB080 Q0 31054243003629568 442 -9.95635 indri
MB080 Q0 30856040782237696 443 -9.95635 indri
MB080 Q0 30762890294206464 444 -9.95635 indri
MB080 Q0 30677052805877760 445 -9.95635 indri
MB080 Q0 30313683489923075 446 -9.95635 indri
MB080 Q0 29746735882440704 447 -9.95635 indri
MB080 Q0 29595224036614144 448 -9.95635 indri
MB080 Q0 29215846547062784 449 -9.95635 indri
MB080 Q0 29038830015217664 450 -9.95635 indri
MB080 Q0 35056307010539520 451 -9.95675 indri
MB080 Q0 35042628051410944 452 -9.95675 indri
MB080 Q0 34991592234287104 453 -9.95675 indri
MB080 Q0 34787293063553024 454 -9.95675 indri
MB080 Q0 34363469591486464 455 -9.95675 indri
MB080 Q0 34340662493057024 456 -9.95675 indri
MB080 Q0 34310559096639488 457 -9.95675 indri
MB080 Q0 33665275513536512 458 -9.95675 indri
MB080 Q0 33651985043431424 459 -9.95675 indri
MB080 Q0 33315592362528768 460 -9.95675 indri
MB080 Q0 33294735548358656 461 -9.95675 indri
MB080 Q0 33263936765693953 462 -9.95675 indri
MB080 Q0 33022642185310208 463 -9.95675 indri
MB080 Q0 33021552886808576 464 -9.95675 indri
MB080 Q0 32872314924179457 465 -9.95675 indri
MB080 Q0 32811091578847234 466 -9.95675 indri
MB080 Q0 32614657801854977 467 -9.95675 indri
MB080 Q0 32521186009161729 468 -9.95675 indri
MB080 Q0 32292355524530176 469 -9.95675 indri
MB080 Q0 32262482953248768 470 -9.95675 indri
MB080 Q0 32126598526271488 471 -9.95675 indri
MB080 Q0 31820263070892032 472 -9.95675 indri
MB080 Q0 31798430451892225 473 -9.95675 indri
MB080 Q0 31742095865675776 474 -9.95675 indri
MB080 Q0 31468146023993344 475 -9.95675 indri
MB080 Q0 31434056407191552 476 -9.95675 indri
MB080 Q0 30786751857434624 477 -9.95675 indri
MB080 Q0 30648794655760384 478 -9.95675 indri
MB080 Q0 30408631472095232 479 -9.95675 indri
MB080 Q0 30340046615748610 480 -9.95675 indri
MB080 Q0 30329409781104641 481 -9.95675 indri
MB080 Q0 30084850065080320 482 -9.95675 indri
MB080 Q0 30020417796186113 483 -9.95675 indri
MB080 Q0 29661337499996160 484 -9.95675 indri
MB080 Q0 29357263030321153 485 -9.95675 indri
MB080 Q0 28983431585079297 486 -9.95675 indri
MB080 Q0 34918561755439104 487 -9.95714 indri
MB080 Q0 34850707773329408 488 -9.95714 indri
MB080 Q0 34748304797609984 489 -9.95714 indri
MB080 Q0 34341024142729216 490 -9.95714 indri
MB080 Q0 33756843687804929 491 -9.95714 indri
MB080 Q0 33708915128541184 492 -9.95714 indri
MB080 Q0 33235123549769728 493 -9.95714 indri
MB080 Q0 33212463482798080 494 -9.95714 indri
MB080 Q0 32578570127675392 495 -9.95714 indri
MB080 Q0 32577195574566912 496 -9.95714 indri
MB080 Q0 32263416978604032 497 -9.95714 indri
MB080 Q0 32225561577259008 498 -9.95714 indri
MB080 Q0 32177255929085952 499 -9.95714 indri
MB080 Q0 32125321092276224 500 -9.95714 indri
MB080 Q0 31757844864831489 501 -9.95714 indri
MB080 Q0 31470294665269248 502 -9.95714 indri
MB080 Q0 31446168839917569 503 -9.95714 indri
MB080 Q0 31422173172207616 504 -9.95714 indri
MB080 Q0 31084076207181824 505 -9.95714 indri
MB080 Q0 31072004064940032 506 -9.95714 indri
MB080 Q0 31042514853044224 507 -9.95714 indri
MB080 Q0 30399853494272000 508 -9.95714 indri
MB080 Q0 30036263079780352 509 -9.95714 indri
MB080 Q0 29410548521115648 510 -9.95714 indri
MB080 Q0 29229258991730688 511 -9.95714 indri
MB080 Q0 28987704687460352 512 -9.95714 indri
MB080 Q0 35051479760900096 513 -9.95754 indri
MB080 Q0 35039892329201664 514 -9.95754 indri
MB080 Q0 34936582360272896 515 -9.95754 indri
MB080 Q0 34682968417116160 516 -9.95754 indri
MB080 Q0 34668652254994432 517 -9.95754 indri
MB080 Q0 34381562468368384 518 -9.95754 indri
MB080 Q0 32940260719595520 519 -9.95754 indri
MB080 Q0 32899693985927168 520 -9.95754 indri
MB080 Q0 32838502135627777 521 -9.95754 indri
MB080 Q0 32502400082251776 522 -9.95754 indri
MB080 Q0 32475948230123520 523 -9.95754 indri
MB080 Q0 32239768238563328 524 -9.95754 indri
MB080 Q0 31855541017903104 525 -9.95754 indri
MB080 Q0 31795793530716160 526 -9.95754 indri
MB080 Q0 31539258602815488 527 -9.95754 indri
MB080 Q0 31400522833465345 528 -9.95754 indri
MB080 Q0 31148238643929088 529 -9.95754 indri
MB080 Q0 31105654819127296 530 -9.95754 indri
MB080 Q0 31091013338533889 531 -9.95754 indri
MB080 Q0 30868421923053568 532 -9.95754 indri
MB080 Q0 30748788427595776 533 -9.95754 indri
MB080 Q0 30449517115482112 534 -9.95754 indri
MB080 Q0 30430567329693696 535 -9.95754 indri
MB080 Q0 30351961756794880 536 -9.95754 indri
MB080 Q0 30311175002525696 537 -9.95754 indri
MB080 Q0 30078906992164864 538 -9.95754 indri
MB080 Q0 29374563523502080 539 -9.95754 indri
MB080 Q0 29326265567678465 540 -9.95754 indri
MB080 Q0 29311700658290688 541 -9.95754 indri
MB080 Q0 29255149528547329 542 -9.95754 indri
MB080 Q0 29225427197231105 543 -9.95754 indri
MB080 Q0 35047014668439552 544 -9.95794 indri
MB080 Q0 34861074347982848 545 -9.95794 indri
MB080 Q0 34440093477380096 546 -9.95794 indri
MB080 Q0 34311440307322880 547 -9.95794 indri
MB080 Q0 33325330496233472 548 -9.95794 indri
MB080 Q0 32829536362045440 549 -9.95794 indri
MB080 Q0 32572078171361280 550 -9.95794 indri
MB080 Q0 32523079104073728 551 -9.95794 indri
MB080 Q0 31889926333136896 552 -9.95794 indri
MB080 Q0 31867314227912704 553 -9.95794 indri
MB080 Q0 31860905184739328 554 -9.95794 indri
MB080 Q0 31147025701543938 555 -9.95794 indri
MB080 Q0 31049731358597120 556 -9.95794 indri
MB080 Q0 30772194866888705 557 -9.95794 indri
MB080 Q0 30383774944464896 558 -9.95794 indri
MB080 Q0 30059344062058496 559 -9.95794 indri
MB080 Q0 30008729751519232 560 -9.95794 indri
MB080 Q0 29711626932322304 561 -9.95794 indri
MB080 Q0 29546959756853248 562 -9.95794 indri
MB080 Q0 34866941579497472 563 -9.95834 indri
MB080 Q0 34699971089408000 564 -9.95834 indri
MB080 Q0 34091102743040000 565 -9.95834 indri
MB080 Q0 32887720158167040 566 -9.95834 indri
MB080 Q0 32862664656945154 567 -9.95834 indri
MB080 Q0 32511551755784192 568 -9.95834 indri
MB080 Q0 32244994735603713 569 -9.95834 indri
MB080 Q0 32129405547577344 570 -9.95834 indri
MB080 Q0 31817830429106176 571 -9.95834 indri
MB080 Q0 31776099344060416 572 -9.95834 indri
MB080 Q0 31460897759170560 573 -9.95834 indri
MB080 Q0 31392701345701888 574 -9.95834 indri
MB080 Q0 31095857298284545 575 -9.95834 indri
MB080 Q0 31093957240823808 576 -9.95834 indri
MB080 Q0 31077677980979200 577 -9.95834 indri
MB080 Q0 30793869725532160 578 -9.95834 indri
MB080 Q0 30722167280766976 579 -9.95834 indri
MB080 Q0 30720858322378752 580 -9.95834 indri
MB080 Q0 30379652396613632 581 -9.95834 indri
MB080 Q0 30377865505669120 582 -9.95834 indri
MB080 Q0 29927344676278273 583 -9.95834 indri
MB080 Q0 29698307668320256 584 -9.95834 indri
MB080 Q0 29245188178186240 585 -9.95834 indri
MB080 Q0 34701800539955200 586 -9.95874 indri
MB080 Q0 34701653491843072 587 -9.95874 indri
MB080 Q0 34275648872652800 588 -9.95874 indri
MB080 Q0 34035360900063233 589 -9.95874 indri
MB080 Q0 33682063383072768 590 -9.95874 indri
MB080 Q0 33663421656342529 591 -9.95874 indri
MB080 Q0 33335688497860608 592 -9.95874 indri
MB080 Q0 32952048332840963 593 -9.95874 indri
MB080 Q0 32913585503997953 594 -9.95874 indri
MB080 Q0 32156110827814912 595 -9.95874 indri
MB080 Q0 31524564785692672 596 -9.95874 indri
MB080 Q0 31424547622227968 597 -9.95874 indri
MB080 Q0 30690535635161088 598 -9.95874 indri
MB080 Q0 30093168242335744 599 -9.95874 indri
MB080 Q0 30030863529938945 600 -9.95874 indri
MB080 Q0 29579652309721088 601 -9.95874 indri
MB080 Q0 29313827027820544 602 -9.95874 indri
MB080 Q0 29277764360077312 603 -9.95874 indri
MB080 Q0 35031787809804289 604 -9.95913 indri
MB080 Q0 35026114107674624 605 -9.95913 indri
MB080 Q0 34810837612888064 606 -9.95913 indri
MB080 Q0 33420638869790721 607 -9.95913 indri
MB080 Q0 32930514159534080 608 -9.95913 indri
MB080 Q0 32922762179776512 609 -9.95913 indri
MB080 Q0 32897316016885761 610 -9.95913 indri
MB080 Q0 32623782820577281 611 -9.95913 indri
MB080 Q0 32531620615426048 612 -9.95913 indri
MB080 Q0 31860063299698688 613 -9.95913 indri
MB080 Q0 31776155749060608 614 -9.95913 indri
MB080 Q0 31770300643282944 615 -9.95913 indri
MB080 Q0 31086483024650240 616 -9.95913 indri
MB080 Q0 30798652440055808 617 -9.95913 indri
MB080 Q0 30696315474149376 618 -9.95913 indri
MB080 Q0 30341415812726786 619 -9.95913 indri
MB080 Q0 30297850252369920 620 -9.95913 indri
MB080 Q0 30069977218289664 621 -9.95913 indri
MB080 Q0 30040066264928256 622 -9.95913 indri
MB080 Q0 29994411257499648 623 -9.95913 indri
MB080 Q0 29959588237287424 624 -9.95913 indri
MB080 Q0 29232696144166912 625 -9.95913 indri
MB080 Q0 34830345312411649 626 -9.95953 indri
MB080 Q0 34683517921132544 627 -9.95953 indri
MB080 Q0 34414311472504832 628 -9.95953 indri
MB080 Q0 34371174108504064 629 -9.95953 indri
MB080 Q0 33673102747631616 630 -9.95953 indri
MB080 Q0 33518890055114752 631 -9.95953 indri
MB080 Q0 33325995310186496 632 -9.95953 indri
MB080 Q0 33306280701464576 633 -9.95953 indri
MB080 Q0 32879191892434944 634 -9.95953 indri
MB080 Q0 32582708030869504 635 -9.95953 indri
MB080 Q0 32494226822397952 636 -9.95953 indri
MB080 Q0 32466078349135872 637 -9.95953 indri
MB080 Q0 31743903719759872 638 -9.95953 indri
MB080 Q0 31468438023049216 639 -9.95953 indri
MB080 Q0 31240911551729664 640 -9.95953 indri
MB080 Q0 31197463079559168 641 -9.95953 indri
MB080 Q0 31175325715005440 642 -9.95953 indri
MB080 Q0 31123961198682112 643 -9.95953 indri
MB080 Q0 31065628135653376 644 -9.95953 indri
MB080 Q0 30779908976287745 645 -9.95953 indri
MB080 Q0 30653185207050240 646 -9.95953 indri
MB080 Q0 30642029335683072 647 -9.95953 indri
MB080 Q0 30541965711900672 648 -9.95953 indri
MB080 Q0 30113428219629568 649 -9.95953 indri
MB080 Q0 29968222581161984 650 -9.95953 indri
MB080 Q0 28992963463880704 651 -9.95953 indri
MB080 Q0 34687711239475200 652 -9.95993 indri
MB080 Q0 33949942380765184 653 -9.95993 indri
MB080 Q0 33735327810068480 654 -9.95993 indri
MB080 Q0 33677795129294848 655 -9.95993 indri
MB080 Q0 32916336472494080 656 -9.95993 indri
MB080 Q0 32901982326886400 657 -9.95993 indri
MB080 Q0 32287276201410560 658 -9.95993 indri
MB080 Q0 32215743231688704 659 -9.95993 indri
MB080 Q0 31734240383074304 660 -9.95993 indri
MB080 Q0 31039326133420033 661 -9.95993 indri
MB080 Q0 31004881682694144 662 -9.95993 indri
MB080 Q0 30423233996005377 663 -9.95993 indri
MB080 Q0 30359453823926273 664 -9.95993 indri
MB080 Q0 30124822793031680 665 -9.95993 indri
MB080 Q0 29700318631567360 666 -9.95993 indri
MB080 Q0 29615811781984257 667 -9.95993 indri
MB080 Q0 29573004350459906 668 -9.95993 indri
MB080 Q0 29226025279819776 669 -9.95993 indri
MB080 Q0 34957187000303616 670 -9.96033 indri
MB080 Q0 34396104900481024 671 -9.96033 indri
MB080 Q0 33646487715975168 672 -9.96033 indri
MB080 Q0 33242487011155968 673 -9.96033 indri
MB080 Q0 32976064317755393 674 -9.96033 indri
MB080 Q0 32877744589111296 675 -9.96033 indri
MB080 Q0 32234444362350592 676 -9.96033 indri
MB080 Q0 31842260245024768 677 -9.96033 indri
MB080 Q0 31840383130406912 678 -9.96033 indri
MB080 Q0 31145636589993984 679 -9.96033 indri
MB080 Q0 30816611791282176 680 -9.96033 indri
MB080 Q0 30670468172226560 681 -9.96033 indri
MB080 Q0 30125656658415616 682 -9.96033 indri
MB080 Q0 29959631296012289 683 -9.96033 indri
MB080 Q0 29601340791455744 684 -9.96033 indri
MB080 Q0 34334988111446016 685 -9.96072 indri
MB080 Q0 34098254782140416 686 -9.96072 indri
MB080 Q0 34065926030626816 687 -9.96072 indri
MB080 Q0 33006346710290432 688 -9.96072 indri
MB080 Q0 32685366372728833 689 -9.96072 indri
MB080 Q0 31739119033917440 690 -9.96072 indri
MB080 Q0 31404291067478019 691 -9.96072 indri
MB080 Q0 31160001603043328 692 -9.96072 indri
MB080 Q0 31125074106912768 693 -9.96072 indri
MB080 Q0 30698351020220416 694 -9.96072 indri
MB080 Q0 30665468788346880 695 -9.96072 indri
MB080 Q0 30434473334022144 696 -9.96072 indri
MB080 Q0 30360864490000384 697 -9.96072 indri
MB080 Q0 30121063094423552 698 -9.96072 indri
MB080 Q0 29360570884956162 699 -9.96072 indri
MB080 Q0 29261808380420096 700 -9.96072 indri
MB080 Q0 35007727008743424 701 -9.96112 indri
MB080 Q0 34809751690944512 702 -9.96112 indri
MB080 Q0 34068540919128066 703 -9.96112 indri
MB080 Q0 33300097236213761 704 -9.96112 indri
MB080 Q0 32602055222755328 705 -9.96112 indri
MB080 Q0 32055589785837568 706 -9.96112 indri
MB080 Q0 31958186252566528 707 -9.96112 indri
MB080 Q0 31088746619215872 708 -9.96112 indri
MB080 Q0 30541029727801344 709 -9.96112 indri
MB080 Q0 29998831156330497 710 -9.96112 indri
MB080 Q0 29763160344887296 711 -9.96112 indri
MB080 Q0 29698863623311360 712 -9.96112 indri
MB080 Q0 29619200460857344 713 -9.96112 indri
MB080 Q0 29605517479387136 714 -9.96112 indri
MB080 Q0 29370421916737536 715 -9.96112 indri
MB080 Q0 29277937245097984 716 -9.96112 indri
MB080 Q0 29247501127122944 717 -9.96112 indri
MB080 Q0 34807288745172993 718 -9.96152 indri
MB080 Q0 34326466816647168 719 -9.96152 indri
MB080 Q0 34293003321352193 720 -9.96152 indri
MB080 Q0 33722703991013377 721 -9.96152 indri
MB080 Q0 33283292216168448 722 -9.96152 indri
MB080 Q0 33057088024350720 723 -9.96152 indri
MB080 Q0 33000271248359424 724 -9.96152 indri
MB080 Q0 32485952026845184 725 -9.96152 indri
MB080 Q0 32378866861350912 726 -9.96152 indri
MB080 Q0 32264547830075392 727 -9.96152 indri
MB080 Q0 31391018230226946 728 -9.96152 indri
MB080 Q0 31015935871557632 729 -9.96152 indri
MB080 Q0 30842382790426625 730 -9.96152 indri
MB080 Q0 30052597675069440 731 -9.96152 indri
MB080 Q0 35010347093991425 732 -9.96191 indri
MB080 Q0 34732349778305025 733 -9.96191 indri
MB080 Q0 34731888744595456 734 -9.96191 indri
MB080 Q0 34490215691194368 735 -9.96191 indri
MB080 Q0 34462374119346176 736 -9.96191 indri
MB080 Q0 33681979287277569 737 -9.96191 indri
MB080 Q0 33382362507120640 738 -9.96191 indri
MB080 Q0 32901601014321152 739 -9.96191 indri
MB080 Q0 31150947216396288 740 -9.96191 indri
MB080 Q0 31137051814400000 741 -9.96191 indri
MB080 Q0 31112629971849217 742 -9.96191 indri
MB080 Q0 30765818186825728 743 -9.96191 indri
MB080 Q0 30243957896118272 744 -9.96191 indri
MB080 Q0 29956594770907137 745 -9.96191 indri
MB080 Q0 29864303972585472 746 -9.96191 indri
MB080 Q0 29683139685122048 747 -9.96191 indri
MB080 Q0 35065908682555393 748 -9.96231 indri
MB080 Q0 35061569259835392 749 -9.96231 indri
MB080 Q0 35028438465265664 750 -9.96231 indri
MB080 Q0 33679862715785216 751 -9.96231 indri
MB080 Q0 33544071880380416 752 -9.96231 indri
MB080 Q0 32282871855058944 753 -9.96231 indri
MB080 Q0 31071280996286464 754 -9.96231 indri
MB080 Q0 31070686856351745 755 -9.96231 indri
MB080 Q0 30080328076894208 756 -9.96231 indri
MB080 Q0 29990451788382210 757 -9.96231 indri
MB080 Q0 29985820517601280 758 -9.96231 indri
MB080 Q0 29778023779663872 759 -9.96231 indri
MB080 Q0 29600787319496705 760 -9.96231 indri
MB080 Q0 29006526282735616 761 -9.96231 indri
MB080 Q0 35048148439281664 762 -9.96271 indri
MB080 Q0 35023408223756288 763 -9.96271 indri
MB080 Q0 34996060568944641 764 -9.96271 indri
MB080 Q0 34721512317652992 765 -9.96271 indri
MB080 Q0 33736595114827777 766 -9.96271 indri
MB080 Q0 33371225933750273 767 -9.96271 indri
MB080 Q0 32145017044738049 768 -9.96271 indri
MB080 Q0 32109000258486272 769 -9.96271 indri
MB080 Q0 30420957541695488 770 -9.96271 indri
MB080 Q0 30207819059826690 771 -9.96271 indri
MB080 Q0 30095297770168320 772 -9.96271 indri
MB080 Q0 29273314887213056 773 -9.96271 indri
MB080 Q0 33524333473177600 774 -9.9631 indri
MB080 Q0 33091616231137280 775 -9.9631 indri
MB080 Q0 32546597342547968 776 -9.9631 indri
MB080 Q0 31989705121726464 777 -9.9631 indri
MB080 Q0 31931818030669824 778 -9.9631 indri
MB080 Q0 31897184064503808 779 -9.9631 indri
MB080 Q0 31870134725382144 780 -9.9631 indri
MB080 Q0 31548610390786048 781 -9.9631 indri
MB080 Q0 31068038266621953 782 -9.9631 indri
MB080 Q0 29460025739059202 783 -9.9631 indri
MB080 Q0 34671230636269568 784 -9.9635 indri
MB080 Q0 31100117670961155 785 -9.9635 indri
MB080 Q0 31042024194965504 786 -9.9635 indri
MB080 Q0 30093327202258944 787 -9.9635 indri
MB080 Q0 30055209031958528 788 -9.9635 indri
MB080 Q0 32185368895823872 789 -9.96389 indri
MB080 Q0 31058465090707456 790 -9.96389 indri
MB080 Q0 29299323170717696 791 -9.96429 indri
MB080 Q0 32865736208683008 792 -9.96468 indri
