MB084 Q0 33410759199301632 1 -9.56654 indri
MB084 Q0 32543772990513152 2 -9.56654 indri
MB084 Q0 29718032578256896 3 -9.56694 indri
MB084 Q0 31363482683187200 4 -9.85245 indri
MB084 Q0 34640917965185024 5 -9.9049 indri
MB084 Q0 34477926703439872 6 -9.9049 indri
MB084 Q0 31286928858939392 7 -9.9053 indri
MB084 Q0 29715819613134848 8 -9.9053 indri
MB084 Q0 34533692089049088 9 -9.9057 indri
MB084 Q0 29364879982858241 10 -9.9057 indri
MB084 Q0 29306284259938306 11 -9.9057 indri
MB084 Q0 33390769695891457 12 -9.9061 indri
MB084 Q0 30373938240425984 13 -9.9065 indri
MB084 Q0 29721108538204160 14 -9.9065 indri
MB084 Q0 34692475364839424 15 -9.9069 indri
MB084 Q0 34064597044432896 16 -9.9069 indri
MB084 Q0 29370073810477056 17 -9.9069 indri
MB084 Q0 29246989694664704 18 -9.9069 indri
MB084 Q0 31235953490141184 19 -9.90729 indri
MB084 Q0 30825821224566784 20 -9.90729 indri
MB084 Q0 30362035489349632 21 -9.90729 indri
MB084 Q0 34990501505536000 22 -9.90769 indri
MB084 Q0 34776005608480768 23 -9.90769 indri
MB084 Q0 34278546046197760 24 -9.90769 indri
MB084 Q0 33252003106783232 25 -9.90769 indri
MB084 Q0 31970926882979841 26 -9.90769 indri
MB084 Q0 31751008367419392 27 -9.90769 indri
MB084 Q0 30287391906336770 28 -9.90769 indri
MB084 Q0 30240854249578496 29 -9.90769 indri
MB084 Q0 30046836467179521 30 -9.90769 indri
MB084 Q0 32422955921186816 31 -9.90809 indri
MB084 Q0 32294421860978688 32 -9.90809 indri
MB084 Q0 31714020926947328 33 -9.90809 indri
MB084 Q0 30850432431558656 34 -9.90809 indri
MB084 Q0 35060229741744128 35 -9.90849 indri
MB084 Q0 34999916392755200 36 -9.90849 indri
MB084 Q0 33835260634599424 37 -9.90849 indri
MB084 Q0 33356888963817472 38 -9.90849 indri
MB084 Q0 33304277246025728 39 -9.90849 indri
MB084 Q0 29199045150900226 40 -9.90849 indri
MB084 Q0 33502925351424000 41 -9.90889 indri
MB084 Q0 33245735579295744 42 -9.90889 indri
MB084 Q0 32888904910643200 43 -9.90889 indri
MB084 Q0 32406476156829696 44 -9.90889 indri
MB084 Q0 31104665051471873 45 -9.90889 indri
MB084 Q0 30424035380699136 46 -9.90889 indri
MB084 Q0 29610425934946304 47 -9.90889 indri
MB084 Q0 34337764161884160 48 -9.90928 indri
MB084 Q0 33206903760748544 49 -9.90928 indri
MB084 Q0 33006050965721088 50 -9.90928 indri
MB084 Q0 31753784480759808 51 -9.90928 indri
MB084 Q0 31060830552334336 52 -9.90928 indri
MB084 Q0 29765210638123008 53 -9.90928 indri
MB084 Q0 31450208873222145 54 -9.90968 indri
MB084 Q0 30862729937948672 55 -9.90968 indri
MB084 Q0 30609991681445890 56 -9.90968 indri
MB084 Q0 30259205092941825 57 -9.90968 indri
MB084 Q0 34993327937953793 58 -9.91008 indri
MB084 Q0 33707513199202304 59 -9.91008 indri
MB084 Q0 32485452514594816 60 -9.91008 indri
MB084 Q0 30739035114708993 61 -9.91008 indri
MB084 Q0 30730965840035840 62 -9.91008 indri
MB084 Q0 29293560050225152 63 -9.91008 indri
MB084 Q0 35049683688620033 64 -9.91048 indri
MB084 Q0 34982142656122881 65 -9.91048 indri
MB084 Q0 34914215026229249 66 -9.91048 indri
MB084 Q0 32850791035314176 67 -9.91048 indri
MB084 Q0 30717627127037952 68 -9.91048 indri
MB084 Q0 30012907110539265 69 -9.91048 indri
MB084 Q0 30011415892852736 70 -9.91048 indri
MB084 Q0 34694452912070656 71 -9.91087 indri
MB084 Q0 33754018660487168 72 -9.91087 indri
MB084 Q0 32572981897068545 73 -9.91087 indri
MB084 Q0 31398041776824321 74 -9.91087 indri
MB084 Q0 30787133388103680 75 -9.91087 indri
MB084 Q0 29693182564372480 76 -9.91087 indri
MB084 Q0 29453702565724160 77 -9.91087 indri
MB084 Q0 29310848358944768 78 -9.91087 indri
MB084 Q0 29308570122067968 79 -9.91087 indri
MB084 Q0 34938660860207104 80 -9.91127 indri
MB084 Q0 34722260942192640 81 -9.91127 indri
MB084 Q0 32899611458805760 82 -9.91127 indri
MB084 Q0 30812241792073728 83 -9.91127 indri
MB084 Q0 30802764497948673 84 -9.91127 indri
MB084 Q0 29412660885856257 85 -9.91127 indri
MB084 Q0 29412017571893249 86 -9.91127 indri
MB084 Q0 34728445531398144 87 -9.91167 indri
MB084 Q0 34658709195984897 88 -9.91167 indri
MB084 Q0 33743959029194752 89 -9.91167 indri
MB084 Q0 32895672516612096 90 -9.91167 indri
MB084 Q0 31611112269029376 91 -9.91167 indri
MB084 Q0 30242970187857920 92 -9.91167 indri
MB084 Q0 33251091936321536 93 -9.91206 indri
MB084 Q0 33238336374050816 94 -9.91206 indri
MB084 Q0 33206708150996993 95 -9.91206 indri
MB084 Q0 30015564571217921 96 -9.91206 indri
MB084 Q0 29738175966482433 97 -9.91206 indri
MB084 Q0 34947310391664642 98 -9.91246 indri
MB084 Q0 34769575476199424 99 -9.91246 indri
MB084 Q0 33850024282562560 100 -9.91246 indri
MB084 Q0 31554061517979648 101 -9.91246 indri
MB084 Q0 31513336176705538 102 -9.91246 indri
MB084 Q0 30715438866374656 103 -9.91246 indri
MB084 Q0 29273242355113984 104 -9.91246 indri
MB084 Q0 33717866272530432 105 -9.91285 indri
MB084 Q0 29893158997327872 106 -9.91285 indri
MB084 Q0 29319520405430272 107 -9.91285 indri
MB084 Q0 34906380972331008 108 -9.91325 indri
MB084 Q0 32891218677465088 109 -9.91325 indri
MB084 Q0 33331504843206656 110 -9.91365 indri
MB084 Q0 31518732048146432 111 -9.91365 indri
MB084 Q0 29090900529381377 112 -9.91404 indri
MB084 Q0 34829372879798272 113 -9.91483 indri
MB084 Q0 34641024118689792 114 -10.0495 indri
MB084 Q0 33432950846525440 115 -10.0519 indri
MB084 Q0 32512240426942464 116 -10.0539 indri
MB084 Q0 30422392920608768 117 -10.0543 indri
MB084 Q0 29593485271113728 118 -10.0547 indri
MB084 Q0 32609312182370304 119 -10.0551 indri
MB084 Q0 31392462052261888 120 -10.0551 indri
MB084 Q0 31586334455894016 121 -10.0555 indri
MB084 Q0 32192455285673984 122 -10.0563 indri
MB084 Q0 30888544054542336 123 -10.3899 indri
MB084 Q0 34576991076220928 124 -10.3902 indri
MB084 Q0 34211595689132032 125 -10.3902 indri
MB084 Q0 33014959273148416 126 -10.3902 indri
MB084 Q0 34358903663898624 127 -10.3906 indri
MB084 Q0 33241620409225216 128 -10.391 indri
MB084 Q0 31396272128659456 129 -10.391 indri
MB084 Q0 34367971312795648 130 -10.3914 indri
MB084 Q0 33694932376100864 131 -10.3914 indri
MB084 Q0 33298917491736576 132 -10.3914 indri
MB084 Q0 32654594727219200 133 -10.3914 indri
MB084 Q0 30324616421445633 134 -10.3914 indri
MB084 Q0 30028403021185024 135 -10.3914 indri
MB084 Q0 29127932190396416 136 -10.3914 indri
MB084 Q0 35047531998089216 137 -10.3918 indri
MB084 Q0 31114580725866496 138 -10.3918 indri
MB084 Q0 30817872510980096 139 -10.3918 indri
MB084 Q0 29300705047089152 140 -10.3918 indri
MB084 Q0 31084584175140864 141 -10.3922 indri
MB084 Q0 30802265216385024 142 -10.3922 indri
MB084 Q0 30632298709786624 143 -10.3922 indri
MB084 Q0 30448041391558657 144 -10.3922 indri
MB084 Q0 34514806685827072 145 -10.3926 indri
MB084 Q0 34439633714548736 146 -10.3926 indri
MB084 Q0 32961024919347201 147 -10.3926 indri
MB084 Q0 31897001025085442 148 -10.3926 indri
MB084 Q0 30672240995471360 149 -10.3926 indri
MB084 Q0 30466801460584448 150 -10.3926 indri
MB084 Q0 29528573232545792 151 -10.3926 indri
MB084 Q0 34421812817301504 152 -10.393 indri
MB084 Q0 34159522570305536 153 -10.393 indri
MB084 Q0 33419615472197632 154 -10.393 indri
MB084 Q0 32690633411928064 155 -10.393 indri
MB084 Q0 32514787170586625 156 -10.393 indri
MB084 Q0 31527479197835264 157 -10.393 indri
MB084 Q0 35018180145451008 158 -10.3934 indri
MB084 Q0 34800291282948096 159 -10.3934 indri
MB084 Q0 33743978545291264 160 -10.3934 indri
MB084 Q0 33295941213626368 161 -10.3934 indri
MB084 Q0 32422940112850944 162 -10.3934 indri
MB084 Q0 32131302685671425 163 -10.3934 indri
MB084 Q0 31950606952300544 164 -10.3934 indri
MB084 Q0 31651300659695617 165 -10.3934 indri
MB084 Q0 31576130175639552 166 -10.3934 indri
MB084 Q0 31448931997061120 167 -10.3934 indri
MB084 Q0 31081443073462273 168 -10.3934 indri
MB084 Q0 29306745088118784 169 -10.3934 indri
MB084 Q0 34789008810844160 170 -10.3938 indri
MB084 Q0 32931552333668353 171 -10.3938 indri
MB084 Q0 29749721325113344 172 -10.3938 indri
MB084 Q0 29506600016289792 173 -10.3938 indri
MB084 Q0 29315014959570944 174 -10.3938 indri
MB084 Q0 34585146099236864 175 -10.3942 indri
MB084 Q0 34217137023225857 176 -10.3942 indri
MB084 Q0 32646002599010304 177 -10.3942 indri
MB084 Q0 30401645191892992 178 -10.3942 indri
MB084 Q0 30300288774569984 179 -10.3942 indri
MB084 Q0 29639816350015489 180 -10.3942 indri
MB084 Q0 34456674362204160 181 -10.3946 indri
MB084 Q0 34352212993904641 182 -10.3946 indri
MB084 Q0 34261319506989056 183 -10.3946 indri
MB084 Q0 33098567270793217 184 -10.3946 indri
MB084 Q0 32922097713942528 185 -10.3946 indri
MB084 Q0 32602152887132160 186 -10.3946 indri
MB084 Q0 31275633774436353 187 -10.3946 indri
MB084 Q0 30813092619231233 188 -10.3946 indri
MB084 Q0 30686939422130177 189 -10.3946 indri
MB084 Q0 29971980786606080 190 -10.3946 indri
MB084 Q0 29301206698430464 191 -10.3946 indri
MB084 Q0 29102525051314177 192 -10.3946 indri
MB084 Q0 34964933561163777 193 -10.395 indri
MB084 Q0 34812338850758656 194 -10.395 indri
MB084 Q0 34361536210276352 195 -10.395 indri
MB084 Q0 34076311597096960 196 -10.395 indri
MB084 Q0 33265344554475520 197 -10.395 indri
MB084 Q0 32841408180125696 198 -10.395 indri
MB084 Q0 30857992417058816 199 -10.395 indri
MB084 Q0 30237085059260416 200 -10.395 indri
MB084 Q0 29557706670997504 201 -10.395 indri
MB084 Q0 29441483312463872 202 -10.395 indri
MB084 Q0 29302663778668545 203 -10.395 indri
MB084 Q0 29228696200019968 204 -10.395 indri
MB084 Q0 34093264311160832 205 -10.3954 indri
MB084 Q0 33233360780410880 206 -10.3954 indri
MB084 Q0 32678329022681088 207 -10.3954 indri
MB084 Q0 32614549098078208 208 -10.3954 indri
MB084 Q0 32545677376495616 209 -10.3954 indri
MB084 Q0 32359701953912832 210 -10.3954 indri
MB084 Q0 32174449428008961 211 -10.3954 indri
MB084 Q0 31793645770248193 212 -10.3954 indri
MB084 Q0 31384249965748224 213 -10.3954 indri
MB084 Q0 31116661457166336 214 -10.3954 indri
MB084 Q0 29698551625809920 215 -10.3954 indri
MB084 Q0 29272628422246400 216 -10.3954 indri
MB084 Q0 34890493133459456 217 -10.3958 indri
MB084 Q0 34400856245805056 218 -10.3958 indri
MB084 Q0 34122071202070528 219 -10.3958 indri
MB084 Q0 34105787274117120 220 -10.3958 indri
MB084 Q0 33856622551900160 221 -10.3958 indri
MB084 Q0 33262946465357824 222 -10.3958 indri
MB084 Q0 32800475820593153 223 -10.3958 indri
MB084 Q0 32587510852886529 224 -10.3958 indri
MB084 Q0 32201491875889153 225 -10.3958 indri
MB084 Q0 30801653896581120 226 -10.3958 indri
MB084 Q0 30727779339214848 227 -10.3958 indri
MB084 Q0 29948698704216064 228 -10.3958 indri
MB084 Q0 29916691609690112 229 -10.3958 indri
MB084 Q0 29652388365205505 230 -10.3958 indri
MB084 Q0 29375141532143616 231 -10.3958 indri
MB084 Q0 29233209443090432 232 -10.3958 indri
MB084 Q0 33939938718392320 233 -10.3962 indri
MB084 Q0 33351853974491137 234 -10.3962 indri
MB084 Q0 33313086748372992 235 -10.3962 indri
MB084 Q0 31935808525049856 236 -10.3962 indri
MB084 Q0 31895386385817600 237 -10.3962 indri
MB084 Q0 31820048213475328 238 -10.3962 indri
MB084 Q0 31068791337132032 239 -10.3962 indri
MB084 Q0 30583304176541696 240 -10.3962 indri
MB084 Q0 30329430106701824 241 -10.3962 indri
MB084 Q0 30121731242852352 242 -10.3962 indri
MB084 Q0 29878274918191104 243 -10.3962 indri
MB084 Q0 29701097530589184 244 -10.3962 indri
MB084 Q0 29381521588625408 245 -10.3962 indri
MB084 Q0 35039962940309504 246 -10.3966 indri
MB084 Q0 34853477079326722 247 -10.3966 indri
MB084 Q0 34749202311421952 248 -10.3966 indri
MB084 Q0 34120067574669312 249 -10.3966 indri
MB084 Q0 33201943178387456 250 -10.3966 indri
MB084 Q0 32529104607645696 251 -10.3966 indri
MB084 Q0 32518460634300416 252 -10.3966 indri
MB084 Q0 31465794932051969 253 -10.3966 indri
MB084 Q0 31198743525072896 254 -10.3966 indri
MB084 Q0 31194961164636160 255 -10.3966 indri
MB084 Q0 31180856257150976 256 -10.3966 indri
MB084 Q0 30373852953448448 257 -10.3966 indri
MB084 Q0 30009607036346368 258 -10.3966 indri
MB084 Q0 29287702092324865 259 -10.3966 indri
MB084 Q0 29287125060943872 260 -10.3966 indri
MB084 Q0 29273834334982145 261 -10.3966 indri
MB084 Q0 35031209163628544 262 -10.397 indri
MB084 Q0 34803420015624193 263 -10.397 indri
MB084 Q0 34624048956850176 264 -10.397 indri
MB084 Q0 34603347042369537 265 -10.397 indri
MB084 Q0 34049943534567424 266 -10.397 indri
MB084 Q0 33901413511733249 267 -10.397 indri
MB084 Q0 33764969791102976 268 -10.397 indri
MB084 Q0 33109382006841344 269 -10.397 indri
MB084 Q0 32845546213351427 270 -10.397 indri
MB084 Q0 32671817101475840 271 -10.397 indri
MB084 Q0 32621545583026176 272 -10.397 indri
MB084 Q0 32470728267796480 273 -10.397 indri
MB084 Q0 32265293682188289 274 -10.397 indri
MB084 Q0 31917669590499328 275 -10.397 indri
MB084 Q0 31403888816947201 276 -10.397 indri
MB084 Q0 30815104849158144 277 -10.397 indri
MB084 Q0 30803146364166144 278 -10.397 indri
MB084 Q0 30775505280049152 279 -10.397 indri
MB084 Q0 30375107645939713 280 -10.397 indri
MB084 Q0 30139248283750400 281 -10.397 indri
MB084 Q0 30123014855069696 282 -10.397 indri
MB084 Q0 30111438697668608 283 -10.397 indri
MB084 Q0 30055568559316992 284 -10.397 indri
MB084 Q0 30013385336688640 285 -10.397 indri
MB084 Q0 29887093849198592 286 -10.397 indri
MB084 Q0 29321300115726336 287 -10.397 indri
MB084 Q0 34898592065921025 288 -10.3974 indri
MB084 Q0 34824914775048192 289 -10.3974 indri
MB084 Q0 34527619055624192 290 -10.3974 indri
MB084 Q0 34404812862787584 291 -10.3974 indri
MB084 Q0 33369697160269824 292 -10.3974 indri
MB084 Q0 33114522961059840 293 -10.3974 indri
MB084 Q0 32939077598715904 294 -10.3974 indri
MB084 Q0 32716266196180992 295 -10.3974 indri
MB084 Q0 32630753393123328 296 -10.3974 indri
MB084 Q0 32484647174676480 297 -10.3974 indri
MB084 Q0 32473522089496576 298 -10.3974 indri
MB084 Q0 32453547098374145 299 -10.3974 indri
MB084 Q0 32044128212623360 300 -10.3974 indri
MB084 Q0 32020980163411968 301 -10.3974 indri
MB084 Q0 31795436956160001 302 -10.3974 indri
MB084 Q0 31643709988675585 303 -10.3974 indri
MB084 Q0 31400360341934080 304 -10.3974 indri
MB084 Q0 31060559726125056 305 -10.3974 indri
MB084 Q0 30662651117838336 306 -10.3974 indri
MB084 Q0 30655510466273281 307 -10.3974 indri
MB084 Q0 30439530716729344 308 -10.3974 indri
MB084 Q0 30137893745852416 309 -10.3974 indri
MB084 Q0 30129442604978176 310 -10.3974 indri
MB084 Q0 29668431028559872 311 -10.3974 indri
MB084 Q0 29643165573062656 312 -10.3974 indri
MB084 Q0 29255430475616256 313 -10.3974 indri
MB084 Q0 28966443194257408 314 -10.3974 indri
MB084 Q0 34523212889063424 315 -10.3978 indri
MB084 Q0 33414969219485696 316 -10.3978 indri
MB084 Q0 33272147921076224 317 -10.3978 indri
MB084 Q0 32911873741426688 318 -10.3978 indri
MB084 Q0 32896602406391808 319 -10.3978 indri
MB084 Q0 32896494021386240 320 -10.3978 indri
MB084 Q0 30658730265673728 321 -10.3978 indri
MB084 Q0 30517949659877376 322 -10.3978 indri
MB084 Q0 30298646327066625 323 -10.3978 indri
MB084 Q0 30025248686473217 324 -10.3978 indri
MB084 Q0 29498823826997248 325 -10.3978 indri
MB084 Q0 29321311545204736 326 -10.3978 indri
MB084 Q0 29214909623439360 327 -10.3978 indri
MB084 Q0 34949055423578112 328 -10.3982 indri
MB084 Q0 34431191524311040 329 -10.3982 indri
MB084 Q0 34318233058156544 330 -10.3982 indri
MB084 Q0 34290747679318016 331 -10.3982 indri
MB084 Q0 33336247590060033 332 -10.3982 indri
MB084 Q0 32872778180853760 333 -10.3982 indri
MB084 Q0 32767145280540672 334 -10.3982 indri
MB084 Q0 32471972126400512 335 -10.3982 indri
MB084 Q0 32223458226081792 336 -10.3982 indri
MB084 Q0 31633171959259136 337 -10.3982 indri
MB084 Q0 31008378574606336 338 -10.3982 indri
MB084 Q0 30725901431865344 339 -10.3982 indri
MB084 Q0 30517479172218881 340 -10.3982 indri
MB084 Q0 30298436779642880 341 -10.3982 indri
MB084 Q0 29576449568546816 342 -10.3982 indri
MB084 Q0 29352593452957696 343 -10.3982 indri
MB084 Q0 29284475003211776 344 -10.3982 indri
MB084 Q0 29284379284996096 345 -10.3982 indri
MB084 Q0 29054441290211328 346 -10.3982 indri
MB084 Q0 34483966757048320 347 -10.3986 indri
MB084 Q0 34177703879905280 348 -10.3986 indri
MB084 Q0 33375530476634112 349 -10.3986 indri
MB084 Q0 32792267286650880 350 -10.3986 indri
MB084 Q0 32680585524674561 351 -10.3986 indri
MB084 Q0 32505978561765376 352 -10.3986 indri
MB084 Q0 32245713479933952 353 -10.3986 indri
MB084 Q0 32114628926382080 354 -10.3986 indri
MB084 Q0 31844927990145026 355 -10.3986 indri
MB084 Q0 31793735578685441 356 -10.3986 indri
MB084 Q0 31697588822482944 357 -10.3986 indri
MB084 Q0 30662362675552256 358 -10.3986 indri
MB084 Q0 29793741854220288 359 -10.3986 indri
MB084 Q0 29621327639871488 360 -10.3986 indri
MB084 Q0 29337316132659200 361 -10.3986 indri
MB084 Q0 29083425679867904 362 -10.3986 indri
MB084 Q0 34426707469410304 363 -10.399 indri
MB084 Q0 34407593736671233 364 -10.399 indri
MB084 Q0 34393719788544001 365 -10.399 indri
MB084 Q0 33344672516546560 366 -10.399 indri
MB084 Q0 32949405787095040 367 -10.399 indri
MB084 Q0 32886306384121856 368 -10.399 indri
MB084 Q0 32818704584540160 369 -10.399 indri
MB084 Q0 32677605526216704 370 -10.399 indri
MB084 Q0 32628425667649536 371 -10.399 indri
MB084 Q0 31911416256532480 372 -10.399 indri
MB084 Q0 31522355641581569 373 -10.399 indri
MB084 Q0 30714147477917696 374 -10.399 indri
MB084 Q0 30502970885931008 375 -10.399 indri
MB084 Q0 30372126145908736 376 -10.399 indri
MB084 Q0 30342374827753472 377 -10.399 indri
MB084 Q0 29964868442390529 378 -10.399 indri
MB084 Q0 29606300098760705 379 -10.399 indri
MB084 Q0 29573231933394944 380 -10.399 indri
MB084 Q0 29325132497424384 381 -10.399 indri
MB084 Q0 29120730444603392 382 -10.399 indri
MB084 Q0 34693095006277632 383 -10.3994 indri
MB084 Q0 34637485464096768 384 -10.3994 indri
MB084 Q0 34623470964834304 385 -10.3994 indri
MB084 Q0 34308767348695040 386 -10.3994 indri
MB084 Q0 33327913415741440 387 -10.3994 indri
MB084 Q0 32715722467573760 388 -10.3994 indri
MB084 Q0 32395064340643840 389 -10.3994 indri
MB084 Q0 32112203758837760 390 -10.3994 indri
MB084 Q0 31842705214537728 391 -10.3994 indri
MB084 Q0 31783074660352000 392 -10.3994 indri
MB084 Q0 30339117283811328 393 -10.3994 indri
MB084 Q0 30152754383036416 394 -10.3994 indri
MB084 Q0 29095359032590336 395 -10.3994 indri
MB084 Q0 35047343258742785 396 -10.3998 indri
MB084 Q0 32743849193381888 397 -10.3998 indri
MB084 Q0 30299828709752832 398 -10.3998 indri
MB084 Q0 30086516659195905 399 -10.3998 indri
MB084 Q0 33886526559485952 400 -10.4002 indri
MB084 Q0 32566664696430592 401 -10.4002 indri
MB084 Q0 31878717458350080 402 -10.4002 indri
MB084 Q0 31502355832770560 403 -10.4002 indri
MB084 Q0 30835823628779521 404 -10.4002 indri
MB084 Q0 29743029317271552 405 -10.4002 indri
MB084 Q0 32221764268331008 406 -10.4006 indri
MB084 Q0 31151031035367424 407 -10.4006 indri
MB084 Q0 33437101030645761 408 -10.401 indri
