MB086 Q0 29383227986677760 1 -11.1085 indri
MB086 Q0 29146763931680768 2 -11.1097 indri
MB086 Q0 28978641706684416 3 -11.1097 indri
MB086 Q0 29937325668573184 4 -11.1125 indri
MB086 Q0 29990350961516545 5 -11.1129 indri
MB086 Q0 29442086180749312 6 -11.8333 indri
MB086 Q0 31915046166601728 7 -11.8341 indri
MB086 Q0 30363645179330560 8 -12.0569 indri
MB086 Q0 29985632289820672 9 -12.0569 indri
MB086 Q0 31974683532333056 10 -12.0577 indri
MB086 Q0 31228524996075520 11 -12.0581 indri
MB086 Q0 31933049541230592 12 -12.0585 indri
MB086 Q0 30971264348725248 13 -12.0585 indri
MB086 Q0 31822156740431872 14 -12.0589 indri
MB086 Q0 31389049419735040 15 -12.0589 indri
MB086 Q0 31546820970680320 16 -12.0593 indri
MB086 Q0 31219652172455936 17 -12.0593 indri
MB086 Q0 29748170787397632 18 -12.0593 indri
MB086 Q0 29428612545380352 19 -12.0597 indri
MB086 Q0 30412875373748224 20 -12.0601 indri
MB086 Q0 31395551530459136 21 -12.0605 indri
MB086 Q0 31113716225286144 22 -12.0605 indri
MB086 Q0 29617035436625920 23 -12.0609 indri
MB086 Q0 29404802370772992 24 -12.0609 indri
MB086 Q0 31594286717861890 25 -12.0613 indri
MB086 Q0 31051183942533120 26 -12.0613 indri
MB086 Q0 31004139957780481 27 -12.0613 indri
MB086 Q0 31001768372469760 28 -12.0613 indri
MB086 Q0 30751482856873985 29 -12.0617 indri
MB086 Q0 29869089979633664 30 -12.0617 indri
MB086 Q0 30277453368786944 31 -12.0621 indri
MB086 Q0 29642200241414144 32 -12.0625 indri
MB086 Q0 32050879104290816 33 -12.0629 indri
MB086 Q0 31288024667004928 34 -12.0629 indri
MB086 Q0 30980352872816640 35 -12.0629 indri
MB086 Q0 29212764283076608 36 -12.0629 indri
MB086 Q0 32075949373652992 37 -12.0633 indri
MB086 Q0 31544444155076608 38 -12.0633 indri
MB086 Q0 31295502456717312 39 -12.0633 indri
MB086 Q0 31083487079440385 40 -12.0637 indri
MB086 Q0 30375162822004736 41 -12.0637 indri
MB086 Q0 29951456115171328 42 -12.0637 indri
MB086 Q0 31442829737725952 43 -12.0641 indri
MB086 Q0 31441703793590272 44 -12.0641 indri
MB086 Q0 31058661182799872 45 -12.0641 indri
MB086 Q0 30601690541461504 46 -12.0641 indri
MB086 Q0 30463779686846464 47 -12.0641 indri
MB086 Q0 30013899466084352 48 -12.0641 indri
MB086 Q0 29501373070446592 49 -12.0641 indri
MB086 Q0 31464583453478912 50 -12.0645 indri
MB086 Q0 31221325917855744 51 -12.0645 indri
MB086 Q0 31090218291437569 52 -12.0645 indri
MB086 Q0 30258629760258049 53 -12.0645 indri
MB086 Q0 29715991520874496 54 -12.0649 indri
MB086 Q0 29648841972121600 55 -12.0649 indri
MB086 Q0 31317537132118017 56 -12.0653 indri
MB086 Q0 29189252570939392 57 -12.0653 indri
MB086 Q0 31419899645530112 58 -12.0657 indri
MB086 Q0 29070177752584192 59 -12.0657 indri
MB086 Q0 31753762661990400 60 -12.0661 indri
MB086 Q0 29187973064953856 61 -12.0661 indri
MB086 Q0 30966159528435712 62 -12.0665 indri
MB086 Q0 29013764443475969 63 -12.0669 indri
MB086 Q0 30417289937424384 64 -12.0688 indri
MB086 Q0 30684228928671744 65 -12.4384 indri
MB086 Q0 30761273268375552 66 -12.5643 indri
MB086 Q0 31809098387292160 67 -12.5674 indri
MB086 Q0 30916036156981249 68 -12.5674 indri
MB086 Q0 29583441351680002 69 -12.5678 indri
MB086 Q0 30172668875513856 70 -12.5682 indri
MB086 Q0 30703283312009218 71 -12.5686 indri
MB086 Q0 31284921209200641 72 -12.569 indri
MB086 Q0 31006409738948610 73 -12.569 indri
MB086 Q0 30671333884960770 74 -12.569 indri
MB086 Q0 30438507772125184 75 -12.569 indri
MB086 Q0 29857167506931712 76 -12.569 indri
MB086 Q0 29805345765335041 77 -12.569 indri
MB086 Q0 29119923103989760 78 -12.569 indri
MB086 Q0 30966722299170816 79 -12.5694 indri
MB086 Q0 30909954219053056 80 -12.5694 indri
MB086 Q0 30717855687245824 81 -12.5694 indri
MB086 Q0 30063531483209728 82 -12.5694 indri
MB086 Q0 29846527547543552 83 -12.5694 indri
MB086 Q0 29834043126194177 84 -12.5694 indri
MB086 Q0 29036632392863744 85 -12.5694 indri
MB086 Q0 31558127857967104 86 -12.5698 indri
MB086 Q0 30887092338827264 87 -12.5698 indri
MB086 Q0 29556269169774592 88 -12.5698 indri
MB086 Q0 29265201169694721 89 -12.5706 indri
MB086 Q0 30658143398662144 90 -12.571 indri
MB086 Q0 29717360587841536 91 -12.571 indri
MB086 Q0 31011657253650432 92 -12.5714 indri
MB086 Q0 30543246849474561 93 -12.573 indri
MB086 Q0 29799186077589505 94 -12.5734 indri
MB086 Q0 30677780928659457 95 -12.5757 indri
MB086 Q0 30146947197177857 96 -12.5757 indri
MB086 Q0 31019038398226432 97 -12.5761 indri
MB086 Q0 31470086606815232 98 -12.7828 indri
MB086 Q0 29405576991612928 99 -12.7828 indri
MB086 Q0 30203089914961921 100 -12.7832 indri
MB086 Q0 31578948240416768 101 -12.7836 indri
MB086 Q0 30493958324879360 102 -12.7836 indri
MB086 Q0 30418414853951488 103 -12.7836 indri
MB086 Q0 29755257735086081 104 -12.7836 indri
MB086 Q0 32031082635329537 105 -12.784 indri
MB086 Q0 31046242725273600 106 -12.784 indri
MB086 Q0 30853015657259008 107 -12.784 indri
MB086 Q0 30675242280034304 108 -12.784 indri
MB086 Q0 30599023714893824 109 -12.784 indri
MB086 Q0 30091511530004480 110 -12.784 indri
MB086 Q0 29545122429407232 111 -12.784 indri
MB086 Q0 29244981755514880 112 -12.784 indri
MB086 Q0 31681161759559680 113 -12.7844 indri
MB086 Q0 31524551263264768 114 -12.7844 indri
MB086 Q0 31455745308364800 115 -12.7844 indri
MB086 Q0 31430565123063808 116 -12.7844 indri
MB086 Q0 31410167299969025 117 -12.7844 indri
MB086 Q0 31231541749219328 118 -12.7844 indri
MB086 Q0 30986676373299200 119 -12.7844 indri
MB086 Q0 30747653998387200 120 -12.7844 indri
MB086 Q0 30452965663838209 121 -12.7844 indri
MB086 Q0 29742473332920320 122 -12.7844 indri
MB086 Q0 29678420153606145 123 -12.7844 indri
MB086 Q0 31934685340762112 124 -12.7848 indri
MB086 Q0 31541573137203200 125 -12.7848 indri
MB086 Q0 31369017079894016 126 -12.7848 indri
MB086 Q0 31142417381982209 127 -12.7848 indri
MB086 Q0 31138561503793153 128 -12.7848 indri
MB086 Q0 30488422455971841 129 -12.7848 indri
MB086 Q0 30104915481198592 130 -12.7848 indri
MB086 Q0 29731985010196480 131 -12.7848 indri
MB086 Q0 29600024887296000 132 -12.7848 indri
MB086 Q0 29570380972695552 133 -12.7848 indri
MB086 Q0 29369515326312448 134 -12.7848 indri
MB086 Q0 32064383794282500 135 -12.7852 indri
MB086 Q0 31877998965686273 136 -12.7852 indri
MB086 Q0 31732826017636352 137 -12.7852 indri
MB086 Q0 31639781775515648 138 -12.7852 indri
MB086 Q0 31564371146571776 139 -12.7852 indri
MB086 Q0 30807032063856640 140 -12.7852 indri
MB086 Q0 30785190888480768 141 -12.7852 indri
MB086 Q0 30782154858303488 142 -12.7852 indri
MB086 Q0 30455039919132672 143 -12.7852 indri
MB086 Q0 30375952143884289 144 -12.7852 indri
MB086 Q0 30084912103038976 145 -12.7852 indri
MB086 Q0 29676217019932672 146 -12.7852 indri
MB086 Q0 29385081176981505 147 -12.7852 indri
MB086 Q0 29375797848444929 148 -12.7852 indri
MB086 Q0 29355238905348098 149 -12.7852 indri
MB086 Q0 29296097251819521 150 -12.7852 indri
MB086 Q0 29001106029805569 151 -12.7852 indri
MB086 Q0 28974893693411328 152 -12.7852 indri
MB086 Q0 32036245399937024 153 -12.7856 indri
MB086 Q0 31234744930795520 154 -12.7856 indri
MB086 Q0 31198370315898881 155 -12.7856 indri
MB086 Q0 31184842511089664 156 -12.7856 indri
MB086 Q0 31162727036620800 157 -12.7856 indri
MB086 Q0 30897918403682304 158 -12.7856 indri
MB086 Q0 30776805124218880 159 -12.7856 indri
MB086 Q0 30442895722938370 160 -12.7856 indri
MB086 Q0 30015762395561985 161 -12.7856 indri
MB086 Q0 29681785755410433 162 -12.7856 indri
MB086 Q0 29491383353999360 163 -12.7856 indri
MB086 Q0 29438683413221376 164 -12.7856 indri
MB086 Q0 28978703102902273 165 -12.7856 indri
MB086 Q0 31936729204260864 166 -12.786 indri
MB086 Q0 31756113745551360 167 -12.786 indri
MB086 Q0 31526571156185088 168 -12.786 indri
MB086 Q0 31502163540705280 169 -12.786 indri
MB086 Q0 31306247214997504 170 -12.786 indri
MB086 Q0 31159912562171904 171 -12.786 indri
MB086 Q0 30747418995724288 172 -12.786 indri
MB086 Q0 30712023918583808 173 -12.786 indri
MB086 Q0 30466979076775937 174 -12.786 indri
MB086 Q0 30435582614183936 175 -12.786 indri
MB086 Q0 30377546201694208 176 -12.786 indri
MB086 Q0 30179487928811520 177 -12.786 indri
MB086 Q0 30060298375274496 178 -12.786 indri
MB086 Q0 29937026249789440 179 -12.786 indri
MB086 Q0 29588514202984449 180 -12.786 indri
MB086 Q0 29380520303394816 181 -12.786 indri
MB086 Q0 29094089513238528 182 -12.786 indri
MB086 Q0 29025135629438977 183 -12.786 indri
MB086 Q0 31795812023410688 184 -12.7864 indri
MB086 Q0 31737117251997696 185 -12.7864 indri
MB086 Q0 31562076090535937 186 -12.7864 indri
MB086 Q0 31550179672858624 187 -12.7864 indri
MB086 Q0 31528042241200129 188 -12.7864 indri
MB086 Q0 31462223834513409 189 -12.7864 indri
MB086 Q0 31415047490117634 190 -12.7864 indri
MB086 Q0 31248809627484160 191 -12.7864 indri
MB086 Q0 30974062620573697 192 -12.7864 indri
MB086 Q0 30965261251117056 193 -12.7864 indri
MB086 Q0 30917648887840768 194 -12.7864 indri
MB086 Q0 30874824087699456 195 -12.7864 indri
MB086 Q0 30832021626429440 196 -12.7864 indri
MB086 Q0 30767399326195712 197 -12.7864 indri
MB086 Q0 30728097892401152 198 -12.7864 indri
MB086 Q0 30571110252683264 199 -12.7864 indri
MB086 Q0 30542500087209984 200 -12.7864 indri
MB086 Q0 30538295825928192 201 -12.7864 indri
MB086 Q0 30518439294541825 202 -12.7864 indri
MB086 Q0 30395441858220033 203 -12.7864 indri
MB086 Q0 30379095762149376 204 -12.7864 indri
MB086 Q0 30316847572193280 205 -12.7864 indri
MB086 Q0 30169874592436224 206 -12.7864 indri
MB086 Q0 30106687658524673 207 -12.7864 indri
MB086 Q0 30056218047287296 208 -12.7864 indri
MB086 Q0 29913978117300224 209 -12.7864 indri
MB086 Q0 29768217274621952 210 -12.7864 indri
MB086 Q0 29488990407098368 211 -12.7864 indri
MB086 Q0 29441608327892992 212 -12.7864 indri
MB086 Q0 29347479497482240 213 -12.7864 indri
MB086 Q0 29158158857408513 214 -12.7864 indri
MB086 Q0 29050649618415616 215 -12.7864 indri
MB086 Q0 31945325258211328 216 -12.7868 indri
MB086 Q0 31865156346576896 217 -12.7868 indri
MB086 Q0 31802708600029184 218 -12.7868 indri
MB086 Q0 31711553585684480 219 -12.7868 indri
MB086 Q0 31551444393922560 220 -12.7868 indri
MB086 Q0 31511215666630657 221 -12.7868 indri
MB086 Q0 31469394336948224 222 -12.7868 indri
MB086 Q0 31444952584028160 223 -12.7868 indri
MB086 Q0 31262806833635328 224 -12.7868 indri
MB086 Q0 31258404697673728 225 -12.7868 indri
MB086 Q0 31131276580757504 226 -12.7868 indri
MB086 Q0 31046884734795776 227 -12.7868 indri
MB086 Q0 31014958258982912 228 -12.7868 indri
MB086 Q0 30995788070916096 229 -12.7868 indri
MB086 Q0 30941177725329408 230 -12.7868 indri
MB086 Q0 30899515204575232 231 -12.7868 indri
MB086 Q0 30837028836872192 232 -12.7868 indri
MB086 Q0 30828910996365314 233 -12.7868 indri
MB086 Q0 30796891574763520 234 -12.7868 indri
MB086 Q0 30745308690386945 235 -12.7868 indri
MB086 Q0 30718027745992704 236 -12.7868 indri
MB086 Q0 30633090309165057 237 -12.7868 indri
MB086 Q0 30461795810410496 238 -12.7868 indri
MB086 Q0 30455761637212160 239 -12.7868 indri
MB086 Q0 30311020048154624 240 -12.7868 indri
MB086 Q0 30171250743578624 241 -12.7868 indri
MB086 Q0 30095999934402561 242 -12.7868 indri
MB086 Q0 30013015449411584 243 -12.7868 indri
MB086 Q0 29980618624335873 244 -12.7868 indri
MB086 Q0 29886962143854592 245 -12.7868 indri
MB086 Q0 29726807246770176 246 -12.7868 indri
MB086 Q0 29654358702428161 247 -12.7868 indri
MB086 Q0 29439914063953920 248 -12.7868 indri
MB086 Q0 29355438835240960 249 -12.7868 indri
MB086 Q0 29325434873192448 250 -12.7868 indri
MB086 Q0 29039139458383872 251 -12.7868 indri
MB086 Q0 32046607587344384 252 -12.7872 indri
MB086 Q0 31812198657429505 253 -12.7872 indri
MB086 Q0 31799046859399168 254 -12.7872 indri
MB086 Q0 31703901442932736 255 -12.7872 indri
MB086 Q0 31651538292178944 256 -12.7872 indri
MB086 Q0 31401122333724673 257 -12.7872 indri
MB086 Q0 31323093460844544 258 -12.7872 indri
MB086 Q0 31210137301553152 259 -12.7872 indri
MB086 Q0 31055329227710464 260 -12.7872 indri
MB086 Q0 30950530419261440 261 -12.7872 indri
MB086 Q0 30934995304456192 262 -12.7872 indri
MB086 Q0 30718232734208000 263 -12.7872 indri
MB086 Q0 30676929996652544 264 -12.7872 indri
MB086 Q0 30663357258272768 265 -12.7872 indri
MB086 Q0 30319791889719296 266 -12.7872 indri
MB086 Q0 30178701425512448 267 -12.7872 indri
MB086 Q0 29918140443926528 268 -12.7872 indri
MB086 Q0 29802935240101889 269 -12.7872 indri
MB086 Q0 29773927471382529 270 -12.7872 indri
MB086 Q0 29744332361699328 271 -12.7872 indri
MB086 Q0 29593756491579392 272 -12.7872 indri
MB086 Q0 29513205877313536 273 -12.7872 indri
MB086 Q0 29469216423813121 274 -12.7872 indri
MB086 Q0 29258998540668928 275 -12.7872 indri
MB086 Q0 29163765572304897 276 -12.7872 indri
MB086 Q0 31999613875527680 277 -12.7876 indri
MB086 Q0 31880549085749248 278 -12.7876 indri
MB086 Q0 31842193484283904 279 -12.7876 indri
MB086 Q0 31809513208156160 280 -12.7876 indri
MB086 Q0 31777088734240768 281 -12.7876 indri
MB086 Q0 31555144055259136 282 -12.7876 indri
MB086 Q0 31434712597663744 283 -12.7876 indri
MB086 Q0 31273977473146880 284 -12.7876 indri
MB086 Q0 31204961165508608 285 -12.7876 indri
MB086 Q0 31190920485412864 286 -12.7876 indri
MB086 Q0 31114866634788864 287 -12.7876 indri
MB086 Q0 31083015689998337 288 -12.7876 indri
MB086 Q0 31060392931229696 289 -12.7876 indri
MB086 Q0 31043418247401472 290 -12.7876 indri
MB086 Q0 31000463302205441 291 -12.7876 indri
MB086 Q0 30927527216152576 292 -12.7876 indri
MB086 Q0 30771929514250241 293 -12.7876 indri
MB086 Q0 30759684172419073 294 -12.7876 indri
MB086 Q0 30741238407757824 295 -12.7876 indri
MB086 Q0 30664661326110720 296 -12.7876 indri
MB086 Q0 30658881596166145 297 -12.7876 indri
MB086 Q0 30529334087262208 298 -12.7876 indri
MB086 Q0 30524364021563392 299 -12.7876 indri
MB086 Q0 30499113011257344 300 -12.7876 indri
MB086 Q0 30325398441037824 301 -12.7876 indri
MB086 Q0 30198621387358208 302 -12.7876 indri
MB086 Q0 30184661133037571 303 -12.7876 indri
MB086 Q0 30088166446731266 304 -12.7876 indri
MB086 Q0 29916715408166913 305 -12.7876 indri
MB086 Q0 29783596797530113 306 -12.7876 indri
MB086 Q0 29723480316444672 307 -12.7876 indri
MB086 Q0 29569668519825408 308 -12.7876 indri
MB086 Q0 29554157409013760 309 -12.7876 indri
MB086 Q0 29392983799365632 310 -12.7876 indri
MB086 Q0 29384234535755777 311 -12.7876 indri
MB086 Q0 29271317354123264 312 -12.7876 indri
MB086 Q0 29204467731660800 313 -12.7876 indri
MB086 Q0 31919449917366273 314 -12.7879 indri
MB086 Q0 31856838332915712 315 -12.7879 indri
MB086 Q0 31655324167442432 316 -12.7879 indri
MB086 Q0 31653565671936000 317 -12.7879 indri
MB086 Q0 31530233823760384 318 -12.7879 indri
MB086 Q0 31469364234428417 319 -12.7879 indri
MB086 Q0 31386199008477184 320 -12.7879 indri
MB086 Q0 31184254771658752 321 -12.7879 indri
MB086 Q0 31053656509911040 322 -12.7879 indri
MB086 Q0 30779207692845058 323 -12.7879 indri
MB086 Q0 30728774312001536 324 -12.7879 indri
MB086 Q0 30663888601092097 325 -12.7879 indri
MB086 Q0 30621930084110336 326 -12.7879 indri
MB086 Q0 30607835935019009 327 -12.7879 indri
MB086 Q0 30583095837069312 328 -12.7879 indri
MB086 Q0 30396142785138690 329 -12.7879 indri
MB086 Q0 30380164475002881 330 -12.7879 indri
MB086 Q0 30378757017567233 331 -12.7879 indri
MB086 Q0 30378265159929857 332 -12.7879 indri
MB086 Q0 29585549970898945 333 -12.7879 indri
MB086 Q0 29388008155258880 334 -12.7879 indri
MB086 Q0 29328378410573824 335 -12.7879 indri
MB086 Q0 29222231989035008 336 -12.7879 indri
MB086 Q0 29188875788226561 337 -12.7879 indri
MB086 Q0 29159007616761856 338 -12.7879 indri
MB086 Q0 29127486059061248 339 -12.7879 indri
MB086 Q0 29065212611002369 340 -12.7879 indri
MB086 Q0 31942214154190849 341 -12.7883 indri
MB086 Q0 31552324073693184 342 -12.7883 indri
MB086 Q0 31385999770648576 343 -12.7883 indri
MB086 Q0 31197451826241536 344 -12.7883 indri
MB086 Q0 31115990683099136 345 -12.7883 indri
MB086 Q0 31100751245737984 346 -12.7883 indri
MB086 Q0 31028232455200768 347 -12.7883 indri
MB086 Q0 30938959714451456 348 -12.7883 indri
MB086 Q0 30823386087165952 349 -12.7883 indri
MB086 Q0 30779566821736448 350 -12.7883 indri
MB086 Q0 30720083894468608 351 -12.7883 indri
MB086 Q0 30695811394310144 352 -12.7883 indri
MB086 Q0 30695810555445248 353 -12.7883 indri
MB086 Q0 30240069235249152 354 -12.7883 indri
MB086 Q0 30233316070268928 355 -12.7883 indri
MB086 Q0 30202638561710080 356 -12.7883 indri
MB086 Q0 30029559411773440 357 -12.7883 indri
MB086 Q0 29784663161573376 358 -12.7883 indri
MB086 Q0 29752305800708096 359 -12.7883 indri
MB086 Q0 29463996230799360 360 -12.7883 indri
MB086 Q0 29373247833251840 361 -12.7883 indri
MB086 Q0 28986909833297920 362 -12.7883 indri
MB086 Q0 31876986511032321 363 -12.7887 indri
MB086 Q0 31796026197147648 364 -12.7887 indri
MB086 Q0 31749096431689728 365 -12.7887 indri
MB086 Q0 31506684039925761 366 -12.7887 indri
MB086 Q0 31345456776744961 367 -12.7887 indri
MB086 Q0 31045339037310977 368 -12.7887 indri
MB086 Q0 31009227434622976 369 -12.7887 indri
MB086 Q0 30745658168180736 370 -12.7887 indri
MB086 Q0 30486526777364481 371 -12.7887 indri
MB086 Q0 30368972012523520 372 -12.7887 indri
MB086 Q0 30348990276964352 373 -12.7887 indri
MB086 Q0 30305656284123136 374 -12.7887 indri
MB086 Q0 29956847007961088 375 -12.7887 indri
MB086 Q0 29936538108297217 376 -12.7887 indri
MB086 Q0 29779073651703808 377 -12.7887 indri
MB086 Q0 29529620386676736 378 -12.7887 indri
MB086 Q0 29498026905051136 379 -12.7887 indri
MB086 Q0 29492447847383041 380 -12.7887 indri
MB086 Q0 29404485226856448 381 -12.7887 indri
MB086 Q0 29398510877024256 382 -12.7887 indri
MB086 Q0 31799664349020161 383 -12.7891 indri
MB086 Q0 31397260872912896 384 -12.7891 indri
MB086 Q0 31216760136933376 385 -12.7891 indri
MB086 Q0 31171218950328320 386 -12.7891 indri
MB086 Q0 31112213561348096 387 -12.7891 indri
MB086 Q0 31064238692769792 388 -12.7891 indri
MB086 Q0 31051304029655040 389 -12.7891 indri
MB086 Q0 30809856231342080 390 -12.7891 indri
MB086 Q0 30774161164996608 391 -12.7891 indri
MB086 Q0 30729307835863040 392 -12.7891 indri
MB086 Q0 30587853255737344 393 -12.7891 indri
MB086 Q0 30510380082012160 394 -12.7891 indri
MB086 Q0 30486198329806849 395 -12.7891 indri
MB086 Q0 30433201826566144 396 -12.7891 indri
MB086 Q0 30038169726492672 397 -12.7891 indri
MB086 Q0 29941395812786177 398 -12.7891 indri
MB086 Q0 29844199524274176 399 -12.7891 indri
MB086 Q0 29824874235035648 400 -12.7891 indri
MB086 Q0 29766892201713664 401 -12.7891 indri
MB086 Q0 29697599837577216 402 -12.7891 indri
MB086 Q0 29688890453393408 403 -12.7891 indri
MB086 Q0 29649858008715265 404 -12.7891 indri
MB086 Q0 31504613333016576 405 -12.7895 indri
MB086 Q0 31225799411499008 406 -12.7895 indri
MB086 Q0 31152561889214464 407 -12.7895 indri
MB086 Q0 31136208658636800 408 -12.7895 indri
MB086 Q0 31104017597734912 409 -12.7895 indri
MB086 Q0 30827989386137601 410 -12.7895 indri
MB086 Q0 30795613545168897 411 -12.7895 indri
MB086 Q0 30742842766794752 412 -12.7895 indri
MB086 Q0 30653034388267008 413 -12.7895 indri
MB086 Q0 30645343645339648 414 -12.7895 indri
MB086 Q0 30610766532976640 415 -12.7895 indri
MB086 Q0 30176304095563776 416 -12.7895 indri
MB086 Q0 30068631345831936 417 -12.7895 indri
MB086 Q0 30058591570370560 418 -12.7895 indri
MB086 Q0 30014601596764160 419 -12.7895 indri
MB086 Q0 29773865412460545 420 -12.7895 indri
MB086 Q0 29706398333927425 421 -12.7895 indri
MB086 Q0 29653983232532480 422 -12.7895 indri
MB086 Q0 29564886354763776 423 -12.7895 indri
MB086 Q0 29296356346560512 424 -12.7895 indri
MB086 Q0 29067530056245248 425 -12.7895 indri
MB086 Q0 31932998324715520 426 -12.7899 indri
MB086 Q0 31866026358480896 427 -12.7899 indri
MB086 Q0 31464534585647104 428 -12.7899 indri
MB086 Q0 31431817437380608 429 -12.7899 indri
MB086 Q0 31394190898241536 430 -12.7899 indri
MB086 Q0 31280973882593281 431 -12.7899 indri
MB086 Q0 31186326225162240 432 -12.7899 indri
MB086 Q0 31180697142042624 433 -12.7899 indri
MB086 Q0 31075684218576896 434 -12.7899 indri
MB086 Q0 31018941128118272 435 -12.7899 indri
MB086 Q0 30933182039728128 436 -12.7899 indri
MB086 Q0 30824960087818240 437 -12.7899 indri
MB086 Q0 30798313896804352 438 -12.7899 indri
MB086 Q0 30791505140523008 439 -12.7899 indri
MB086 Q0 30582253490802689 440 -12.7899 indri
MB086 Q0 30548542846144513 441 -12.7899 indri
MB086 Q0 30517228143116288 442 -12.7899 indri
MB086 Q0 30430182196121600 443 -12.7899 indri
MB086 Q0 30416787325583360 444 -12.7899 indri
MB086 Q0 30413166630408192 445 -12.7899 indri
MB086 Q0 30067549177647105 446 -12.7899 indri
MB086 Q0 30047279641530368 447 -12.7899 indri
MB086 Q0 29973423811727360 448 -12.7899 indri
MB086 Q0 29970197326594048 449 -12.7899 indri
MB086 Q0 29902796727779330 450 -12.7899 indri
MB086 Q0 29831063102554112 451 -12.7899 indri
MB086 Q0 29750003706634240 452 -12.7899 indri
MB086 Q0 29734051074015232 453 -12.7899 indri
MB086 Q0 29670909463756801 454 -12.7899 indri
MB086 Q0 29656965734993920 455 -12.7899 indri
MB086 Q0 29637025531437056 456 -12.7899 indri
MB086 Q0 29374628942053376 457 -12.7899 indri
MB086 Q0 29335001745063936 458 -12.7899 indri
MB086 Q0 29297475609174016 459 -12.7899 indri
MB086 Q0 29262420102881280 460 -12.7899 indri
MB086 Q0 29209902102618112 461 -12.7899 indri
MB086 Q0 29117396539150336 462 -12.7899 indri
MB086 Q0 31989749929476097 463 -12.7903 indri
MB086 Q0 31859329762074624 464 -12.7903 indri
MB086 Q0 31769458661916672 465 -12.7903 indri
MB086 Q0 31380089232957441 466 -12.7903 indri
MB086 Q0 31301958899867648 467 -12.7903 indri
MB086 Q0 31158377006505985 468 -12.7903 indri
MB086 Q0 31144147456892928 469 -12.7903 indri
MB086 Q0 31052413297229825 470 -12.7903 indri
MB086 Q0 30837647228280834 471 -12.7903 indri
MB086 Q0 30772160096116736 472 -12.7903 indri
MB086 Q0 30672165112123392 473 -12.7903 indri
MB086 Q0 30539059692572672 474 -12.7903 indri
MB086 Q0 30497586745974784 475 -12.7903 indri
MB086 Q0 30462916687831043 476 -12.7903 indri
MB086 Q0 30412073208913922 477 -12.7903 indri
MB086 Q0 30404634510106624 478 -12.7903 indri
MB086 Q0 30391762459557889 479 -12.7903 indri
MB086 Q0 30375479324188672 480 -12.7903 indri
MB086 Q0 30373049995886592 481 -12.7903 indri
MB086 Q0 30367491200913409 482 -12.7903 indri
MB086 Q0 30250128128344064 483 -12.7903 indri
MB086 Q0 30234258631036928 484 -12.7903 indri
MB086 Q0 30066845557981185 485 -12.7903 indri
MB086 Q0 29894505872236545 486 -12.7903 indri
MB086 Q0 29885549351280640 487 -12.7903 indri
MB086 Q0 29832975470305280 488 -12.7903 indri
MB086 Q0 29827445376942080 489 -12.7903 indri
MB086 Q0 29815336723283969 490 -12.7903 indri
MB086 Q0 29399825455783936 491 -12.7903 indri
MB086 Q0 29298393402572801 492 -12.7903 indri
MB086 Q0 29297487437103104 493 -12.7903 indri
MB086 Q0 29144305486528512 494 -12.7903 indri
MB086 Q0 29143135825174528 495 -12.7903 indri
MB086 Q0 32012997698256896 496 -12.7907 indri
MB086 Q0 32003733579632640 497 -12.7907 indri
MB086 Q0 31876486982008832 498 -12.7907 indri
MB086 Q0 31858175628025856 499 -12.7907 indri
MB086 Q0 31829220749475840 500 -12.7907 indri
MB086 Q0 31433407808405505 501 -12.7907 indri
MB086 Q0 31336722985910272 502 -12.7907 indri
MB086 Q0 31152086456467456 503 -12.7907 indri
MB086 Q0 31022406134931456 504 -12.7907 indri
MB086 Q0 31011517604306944 505 -12.7907 indri
MB086 Q0 30997253653004288 506 -12.7907 indri
MB086 Q0 30807307528962048 507 -12.7907 indri
MB086 Q0 30759670763233280 508 -12.7907 indri
MB086 Q0 30583708369031169 509 -12.7907 indri
MB086 Q0 30454832917651456 510 -12.7907 indri
MB086 Q0 30421458878464001 511 -12.7907 indri
MB086 Q0 30420468355825664 512 -12.7907 indri
MB086 Q0 30263771117125632 513 -12.7907 indri
MB086 Q0 30244862943039488 514 -12.7907 indri
MB086 Q0 30244737835339776 515 -12.7907 indri
MB086 Q0 30062045768450048 516 -12.7907 indri
MB086 Q0 29987957767151616 517 -12.7907 indri
MB086 Q0 29960927767961600 518 -12.7907 indri
MB086 Q0 29930801151877120 519 -12.7907 indri
MB086 Q0 29730177667829760 520 -12.7907 indri
MB086 Q0 29726169683197952 521 -12.7907 indri
MB086 Q0 29402165919350784 522 -12.7907 indri
MB086 Q0 29284152725475328 523 -12.7907 indri
MB086 Q0 29232030084505600 524 -12.7907 indri
MB086 Q0 29121866333425664 525 -12.7907 indri
MB086 Q0 29052491538628609 526 -12.7907 indri
MB086 Q0 29015151210405889 527 -12.7907 indri
MB086 Q0 28978692289994752 528 -12.7907 indri
MB086 Q0 31970840450965506 529 -12.7911 indri
MB086 Q0 31926612425449472 530 -12.7911 indri
MB086 Q0 31884764654862336 531 -12.7911 indri
MB086 Q0 31823087842361344 532 -12.7911 indri
MB086 Q0 31506298981851136 533 -12.7911 indri
MB086 Q0 31381002626535425 534 -12.7911 indri
MB086 Q0 31150017846853632 535 -12.7911 indri
MB086 Q0 31095735273390080 536 -12.7911 indri
MB086 Q0 30853072976609280 537 -12.7911 indri
MB086 Q0 30791032337604608 538 -12.7911 indri
MB086 Q0 30767725764677632 539 -12.7911 indri
MB086 Q0 30766608506953728 540 -12.7911 indri
MB086 Q0 30736383156948992 541 -12.7911 indri
MB086 Q0 30667405860540417 542 -12.7911 indri
MB086 Q0 30637035324710913 543 -12.7911 indri
MB086 Q0 30483749548331008 544 -12.7911 indri
MB086 Q0 30433969078013952 545 -12.7911 indri
MB086 Q0 30404788009041923 546 -12.7911 indri
MB086 Q0 30348206588043265 547 -12.7911 indri
MB086 Q0 30330223408971778 548 -12.7911 indri
MB086 Q0 30316794950451200 549 -12.7911 indri
MB086 Q0 30288158696411136 550 -12.7911 indri
MB086 Q0 30279027746934785 551 -12.7911 indri
MB086 Q0 30223799307730944 552 -12.7911 indri
MB086 Q0 30123323853635584 553 -12.7911 indri
MB086 Q0 30122514470408192 554 -12.7911 indri
MB086 Q0 30054381718085632 555 -12.7911 indri
MB086 Q0 30054360633315328 556 -12.7911 indri
MB086 Q0 30024621822582784 557 -12.7911 indri
MB086 Q0 30021210309918720 558 -12.7911 indri
MB086 Q0 29965575237140480 559 -12.7911 indri
MB086 Q0 29586798711672832 560 -12.7911 indri
MB086 Q0 29453459002499072 561 -12.7911 indri
MB086 Q0 29414758830571520 562 -12.7911 indri
MB086 Q0 29234173906522112 563 -12.7911 indri
MB086 Q0 29040482524856321 564 -12.7911 indri
MB086 Q0 29018191883673600 565 -12.7911 indri
MB086 Q0 28971749961891840 566 -12.7911 indri
MB086 Q0 31850074778632192 567 -12.7915 indri
MB086 Q0 31653348906110976 568 -12.7915 indri
MB086 Q0 31643752757989376 569 -12.7915 indri
MB086 Q0 31632539563069440 570 -12.7915 indri
MB086 Q0 31469866737205248 571 -12.7915 indri
MB086 Q0 31205606949920768 572 -12.7915 indri
MB086 Q0 31112699475660800 573 -12.7915 indri
MB086 Q0 31027941995454464 574 -12.7915 indri
MB086 Q0 30902572705390592 575 -12.7915 indri
MB086 Q0 30855477260722176 576 -12.7915 indri
MB086 Q0 30678042397384704 577 -12.7915 indri
MB086 Q0 30643716314112000 578 -12.7915 indri
MB086 Q0 30513658916245504 579 -12.7915 indri
MB086 Q0 30140600766435328 580 -12.7915 indri
MB086 Q0 30018599179526145 581 -12.7915 indri
MB086 Q0 29938407081779201 582 -12.7915 indri
MB086 Q0 29860870808936449 583 -12.7915 indri
MB086 Q0 29624902826852352 584 -12.7915 indri
MB086 Q0 29576023934763008 585 -12.7915 indri
MB086 Q0 29485632304717824 586 -12.7915 indri
MB086 Q0 29371773623476225 587 -12.7915 indri
MB086 Q0 29345535580180480 588 -12.7915 indri
MB086 Q0 29286177517346816 589 -12.7915 indri
MB086 Q0 28981043449044992 590 -12.7915 indri
MB086 Q0 31114204622626816 591 -12.7919 indri
MB086 Q0 30709497538285568 592 -12.7919 indri
MB086 Q0 30670904518254594 593 -12.7919 indri
MB086 Q0 30413660270632960 594 -12.7919 indri
MB086 Q0 30081542608912384 595 -12.7919 indri
MB086 Q0 29866394778599425 596 -12.7919 indri
MB086 Q0 29646756241219585 597 -12.7919 indri
MB086 Q0 29559375261601792 598 -12.7919 indri
MB086 Q0 29515041929691137 599 -12.7919 indri
MB086 Q0 29494391810818048 600 -12.7919 indri
MB086 Q0 29327363422556160 601 -12.7919 indri
MB086 Q0 29287874578882560 602 -12.7919 indri
MB086 Q0 29227317930762240 603 -12.7919 indri
MB086 Q0 29181814337699840 604 -12.7919 indri
MB086 Q0 29162492747845632 605 -12.7919 indri
MB086 Q0 29118332934295552 606 -12.7919 indri
MB086 Q0 29049115472044032 607 -12.7919 indri
MB086 Q0 32000884665749506 608 -12.7923 indri
MB086 Q0 31934373204852736 609 -12.7923 indri
MB086 Q0 30869097650585600 610 -12.7923 indri
MB086 Q0 30744164857552896 611 -12.7923 indri
MB086 Q0 30512645576589312 612 -12.7923 indri
MB086 Q0 30425913564860416 613 -12.7923 indri
MB086 Q0 30397849199968257 614 -12.7923 indri
MB086 Q0 30272363870294016 615 -12.7923 indri
MB086 Q0 30160666098667521 616 -12.7923 indri
MB086 Q0 30116417256820737 617 -12.7923 indri
MB086 Q0 29915875469434880 618 -12.7923 indri
MB086 Q0 29669094923964416 619 -12.7923 indri
MB086 Q0 29640160798834688 620 -12.7923 indri
MB086 Q0 29435676638314496 621 -12.7923 indri
MB086 Q0 29435673865879552 622 -12.7923 indri
MB086 Q0 29028594143461377 623 -12.7923 indri
MB086 Q0 31542440582189056 624 -12.7927 indri
MB086 Q0 31182887877353472 625 -12.7927 indri
MB086 Q0 31151082398810112 626 -12.7927 indri
MB086 Q0 30498483299422208 627 -12.7927 indri
MB086 Q0 29688104860254209 628 -12.7927 indri
MB086 Q0 29539369320718338 629 -12.7927 indri
MB086 Q0 29243219967483904 630 -12.7927 indri
MB086 Q0 31949621618024448 631 -12.7931 indri
MB086 Q0 29995509405978625 632 -12.7931 indri
MB086 Q0 29459452583215104 633 -12.7931 indri
MB086 Q0 29386574865104896 634 -12.7931 indri
MB086 Q0 29086199763181568 635 -12.7931 indri
MB086 Q0 31698178281574401 636 -12.7935 indri
MB086 Q0 29014715824873472 637 -12.7939 indri
MB086 Q0 30749316276559873 638 -12.7943 indri
MB086 Q0 30978020407771136 639 -12.7955 indri
