MB096 Q0 30324320572014594 1 -9.09969 indri
MB096 Q0 29594059467132928 2 -9.10248 indri
MB096 Q0 29291154696577025 3 -9.10248 indri
MB096 Q0 30369777197252609 4 -9.10327 indri
MB096 Q0 30373791309762560 5 -9.10406 indri
MB096 Q0 30377307197669376 6 -9.10565 indri
MB096 Q0 30369880804954112 7 -9.10565 indri
MB096 Q0 30187987379687424 8 -10.7505 indri
MB096 Q0 29344772489486336 9 -10.9405 indri
MB096 Q0 31089142360182784 10 -10.9429 indri
MB096 Q0 29238441258520577 11 -10.9429 indri
MB096 Q0 29973612786098177 12 -10.9445 indri
MB096 Q0 29272099025588224 13 -10.9445 indri
MB096 Q0 30338085833154560 14 -10.9449 indri
MB096 Q0 29065426277244928 15 -10.9449 indri
MB096 Q0 30801703657799681 16 -10.9453 indri
MB096 Q0 30404081516285952 17 -10.9453 indri
MB096 Q0 30305227429122048 18 -10.9453 indri
MB096 Q0 29650590917201920 19 -10.9456 indri
MB096 Q0 29571333507514368 20 -10.9456 indri
MB096 Q0 29044873021628416 21 -10.9456 indri
MB096 Q0 31141530945196033 22 -10.946 indri
MB096 Q0 30904170546466816 23 -10.946 indri
MB096 Q0 30879538359570432 24 -10.946 indri
MB096 Q0 30606094262870016 25 -10.946 indri
MB096 Q0 30509766656663552 26 -10.946 indri
MB096 Q0 30434637184499713 27 -10.946 indri
MB096 Q0 30390248491982848 28 -10.946 indri
MB096 Q0 30381707496525828 29 -10.946 indri
MB096 Q0 29125863362531328 30 -10.946 indri
MB096 Q0 29041532879249409 31 -10.946 indri
MB096 Q0 29986876462993408 32 -10.9464 indri
MB096 Q0 29334488668438528 33 -10.9464 indri
MB096 Q0 29315357684539392 34 -10.9464 indri
MB096 Q0 30586778016555008 35 -10.9468 indri
MB096 Q0 29622573750812672 36 -10.9468 indri
MB096 Q0 29224223822057472 37 -10.9468 indri
MB096 Q0 29223340312887296 38 -10.9468 indri
MB096 Q0 30407185510965248 39 -10.9472 indri
MB096 Q0 29005993958440961 40 -10.9472 indri
MB096 Q0 30681768222785538 41 -10.9476 indri
MB096 Q0 30076609025282048 42 -10.9476 indri
MB096 Q0 29691352975413248 43 -10.9476 indri
MB096 Q0 29602384787283968 44 -10.9476 indri
MB096 Q0 29584884204838912 45 -10.9476 indri
MB096 Q0 29316453584867328 46 -10.9476 indri
MB096 Q0 29984984123056128 47 -10.948 indri
MB096 Q0 30732007998754817 48 -10.9484 indri
MB096 Q0 29253793996607489 49 -10.9492 indri
MB096 Q0 29658208410796032 50 -10.9504 indri
MB096 Q0 29544314979745792 51 -10.952 indri
MB096 Q0 30711589497741312 52 -10.9559 indri
MB096 Q0 29764014028365825 53 -11.2677 indri
MB096 Q0 29214285989158913 54 -11.2677 indri
MB096 Q0 31105189071036417 55 -11.2685 indri
MB096 Q0 30446673683546112 56 -11.2685 indri
MB096 Q0 29291427800293376 57 -11.2685 indri
MB096 Q0 29233393245884416 58 -11.2685 indri
MB096 Q0 29219029604376577 59 -11.2685 indri
MB096 Q0 30794027473313792 60 -11.2689 indri
MB096 Q0 30744378272129024 61 -11.2689 indri
MB096 Q0 30423510601957376 62 -11.2689 indri
MB096 Q0 30020078904811520 63 -11.2689 indri
MB096 Q0 29722931307216896 64 -11.2689 indri
MB096 Q0 29348050367414272 65 -11.2689 indri
MB096 Q0 29060569956880384 66 -11.2689 indri
MB096 Q0 31143839632728064 67 -11.2693 indri
MB096 Q0 30364613040144384 68 -11.2693 indri
MB096 Q0 30325582671642624 69 -11.2693 indri
MB096 Q0 30022330415587328 70 -11.2693 indri
MB096 Q0 29410578996924416 71 -11.2693 indri
MB096 Q0 30673734155112449 72 -11.2697 indri
MB096 Q0 30318217020837889 73 -11.2697 indri
MB096 Q0 30093101347381248 74 -11.2697 indri
MB096 Q0 30039009019297792 75 -11.2697 indri
MB096 Q0 29912415286071296 76 -11.2697 indri
MB096 Q0 29714988574707713 77 -11.2697 indri
MB096 Q0 29625813531889664 78 -11.2697 indri
MB096 Q0 29619667924422656 79 -11.2697 indri
MB096 Q0 29602062153023488 80 -11.2697 indri
MB096 Q0 29582349108776960 81 -11.2697 indri
MB096 Q0 29535796448993280 82 -11.2697 indri
MB096 Q0 29180827543801856 83 -11.2697 indri
MB096 Q0 29013741173481472 84 -11.2697 indri
MB096 Q0 31100738906099714 85 -11.2701 indri
MB096 Q0 31038540506730496 86 -11.2701 indri
MB096 Q0 30663360232038400 87 -11.2701 indri
MB096 Q0 30267417691160576 88 -11.2701 indri
MB096 Q0 30093067302215680 89 -11.2701 indri
MB096 Q0 29832119660318720 90 -11.2701 indri
MB096 Q0 29781878110167040 91 -11.2701 indri
MB096 Q0 29424205585981440 92 -11.2701 indri
MB096 Q0 29406657368825857 93 -11.2701 indri
MB096 Q0 29343904239194112 94 -11.2701 indri
MB096 Q0 29074479665643521 95 -11.2701 indri
MB096 Q0 29031242255044608 96 -11.2701 indri
MB096 Q0 29014093859917824 97 -11.2701 indri
MB096 Q0 31051296890949632 98 -11.2705 indri
MB096 Q0 30741828105928705 99 -11.2705 indri
MB096 Q0 30725843470786560 100 -11.2705 indri
MB096 Q0 30718248609644544 101 -11.2705 indri
MB096 Q0 30620282926403586 102 -11.2705 indri
MB096 Q0 30592183606181888 103 -11.2705 indri
MB096 Q0 30412574151409666 104 -11.2705 indri
MB096 Q0 30408701626028033 105 -11.2705 indri
MB096 Q0 30375924964790273 106 -11.2705 indri
MB096 Q0 30292257361891329 107 -11.2705 indri
MB096 Q0 30209763061010432 108 -11.2705 indri
MB096 Q0 30134715268730880 109 -11.2705 indri
MB096 Q0 30126321799532544 110 -11.2705 indri
MB096 Q0 30125049046372352 111 -11.2705 indri
MB096 Q0 30009957734678529 112 -11.2705 indri
MB096 Q0 29975733250031617 113 -11.2705 indri
MB096 Q0 29462246866292736 114 -11.2705 indri
MB096 Q0 29433278888943616 115 -11.2705 indri
MB096 Q0 29353369575362560 116 -11.2705 indri
MB096 Q0 29317122970624001 117 -11.2705 indri
MB096 Q0 29316493388816384 118 -11.2705 indri
MB096 Q0 29256183307042816 119 -11.2705 indri
MB096 Q0 29136000466817025 120 -11.2705 indri
MB096 Q0 29106020013838336 121 -11.2705 indri
MB096 Q0 29093195606401024 122 -11.2705 indri
MB096 Q0 29023241632751616 123 -11.2705 indri
MB096 Q0 29014462782504960 124 -11.2705 indri
MB096 Q0 28989616258293760 125 -11.2705 indri
MB096 Q0 28986077549174784 126 -11.2705 indri
MB096 Q0 31093338153156610 127 -11.2709 indri
MB096 Q0 31065844029067264 128 -11.2709 indri
MB096 Q0 30837851985809409 129 -11.2709 indri
MB096 Q0 30789460249550848 130 -11.2709 indri
MB096 Q0 30688506292473857 131 -11.2709 indri
MB096 Q0 30363558986391553 132 -11.2709 indri
MB096 Q0 30312761338626048 133 -11.2709 indri
MB096 Q0 30087537099804673 134 -11.2709 indri
MB096 Q0 30004400030220288 135 -11.2709 indri
MB096 Q0 29969971731763200 136 -11.2709 indri
MB096 Q0 29816092146798592 137 -11.2709 indri
MB096 Q0 29742734247989249 138 -11.2709 indri
MB096 Q0 29644622011568128 139 -11.2709 indri
MB096 Q0 29313252131340291 140 -11.2709 indri
MB096 Q0 29306331676545026 141 -11.2709 indri
MB096 Q0 29282813089947649 142 -11.2709 indri
MB096 Q0 29229471554871296 143 -11.2709 indri
MB096 Q0 29195285909471232 144 -11.2709 indri
MB096 Q0 29041503305203712 145 -11.2709 indri
MB096 Q0 31041082313678849 146 -11.2713 indri
MB096 Q0 30803428846346240 147 -11.2713 indri
MB096 Q0 30768860906917888 148 -11.2713 indri
MB096 Q0 30729311363268608 149 -11.2713 indri
MB096 Q0 30724743707500544 150 -11.2713 indri
MB096 Q0 30696455144476673 151 -11.2713 indri
MB096 Q0 30692417791328256 152 -11.2713 indri
MB096 Q0 30485680375209985 153 -11.2713 indri
MB096 Q0 30477438714650624 154 -11.2713 indri
MB096 Q0 30454255525564416 155 -11.2713 indri
MB096 Q0 30406549176320000 156 -11.2713 indri
MB096 Q0 30328558802968576 157 -11.2713 indri
MB096 Q0 30114592864608256 158 -11.2713 indri
MB096 Q0 29921918421303296 159 -11.2713 indri
MB096 Q0 29885532666331136 160 -11.2713 indri
MB096 Q0 29784054542893056 161 -11.2713 indri
MB096 Q0 29783111403307008 162 -11.2713 indri
MB096 Q0 29768161691697152 163 -11.2713 indri
MB096 Q0 29767422915383296 164 -11.2713 indri
MB096 Q0 29601203251847168 165 -11.2713 indri
MB096 Q0 29482696187060224 166 -11.2713 indri
MB096 Q0 29463557699538944 167 -11.2713 indri
MB096 Q0 29438739365232640 168 -11.2713 indri
MB096 Q0 29356167775916032 169 -11.2713 indri
MB096 Q0 29350312703692800 170 -11.2713 indri
MB096 Q0 29304241659052033 171 -11.2713 indri
MB096 Q0 29258131817107456 172 -11.2713 indri
MB096 Q0 29254888105967616 173 -11.2713 indri
MB096 Q0 29203466870063105 174 -11.2713 indri
MB096 Q0 29187722795024385 175 -11.2713 indri
MB096 Q0 29162481142210561 176 -11.2713 indri
MB096 Q0 29090249187528705 177 -11.2713 indri
MB096 Q0 28990073705861120 178 -11.2713 indri
MB096 Q0 31118494430924800 179 -11.2717 indri
MB096 Q0 31108464117809152 180 -11.2717 indri
MB096 Q0 31101212262662144 181 -11.2717 indri
MB096 Q0 31099915169955840 182 -11.2717 indri
MB096 Q0 30990647825534976 183 -11.2717 indri
MB096 Q0 30808052298940416 184 -11.2717 indri
MB096 Q0 30793507413168129 185 -11.2717 indri
MB096 Q0 30754494006431744 186 -11.2717 indri
MB096 Q0 30694511046819841 187 -11.2717 indri
MB096 Q0 30521246529626112 188 -11.2717 indri
MB096 Q0 30471888819982336 189 -11.2717 indri
MB096 Q0 30431426381877249 190 -11.2717 indri
MB096 Q0 30373188349206528 191 -11.2717 indri
MB096 Q0 30363522240094208 192 -11.2717 indri
MB096 Q0 30173889518637057 193 -11.2717 indri
MB096 Q0 30100934449172481 194 -11.2717 indri
MB096 Q0 29982964318212096 195 -11.2717 indri
MB096 Q0 29977738597105664 196 -11.2717 indri
MB096 Q0 29687995678330883 197 -11.2717 indri
MB096 Q0 29678817949777921 198 -11.2717 indri
MB096 Q0 29643520310517760 199 -11.2717 indri
MB096 Q0 29553886402445313 200 -11.2717 indri
MB096 Q0 29438356861485056 201 -11.2717 indri
MB096 Q0 29394257399783424 202 -11.2717 indri
MB096 Q0 29384279930707968 203 -11.2717 indri
MB096 Q0 29317193061634048 204 -11.2717 indri
MB096 Q0 29307416726216704 205 -11.2717 indri
MB096 Q0 29304476456194049 206 -11.2717 indri
MB096 Q0 29263388676726785 207 -11.2717 indri
MB096 Q0 29230765652840448 208 -11.2717 indri
MB096 Q0 29191677381967872 209 -11.2717 indri
MB096 Q0 29039598793392128 210 -11.2717 indri
MB096 Q0 29027590014504960 211 -11.2717 indri
MB096 Q0 28988906590441472 212 -11.2717 indri
MB096 Q0 28982747544428544 213 -11.2717 indri
MB096 Q0 31086415391490048 214 -11.2721 indri
MB096 Q0 31025789801594881 215 -11.2721 indri
MB096 Q0 30816105832382464 216 -11.2721 indri
MB096 Q0 30712111638249473 217 -11.2721 indri
MB096 Q0 30685769240682496 218 -11.2721 indri
MB096 Q0 30630018384138240 219 -11.2721 indri
MB096 Q0 30488963688960000 220 -11.2721 indri
MB096 Q0 30474989941559296 221 -11.2721 indri
MB096 Q0 30427200947748864 222 -11.2721 indri
MB096 Q0 30405726165794817 223 -11.2721 indri
MB096 Q0 30330349514915840 224 -11.2721 indri
MB096 Q0 30326405107552256 225 -11.2721 indri
MB096 Q0 30320859151335424 226 -11.2721 indri
MB096 Q0 30111977615392768 227 -11.2721 indri
MB096 Q0 30097643929604097 228 -11.2721 indri
MB096 Q0 30060347985494016 229 -11.2721 indri
MB096 Q0 29922248823406592 230 -11.2721 indri
MB096 Q0 29831520420102144 231 -11.2721 indri
MB096 Q0 29750837530066944 232 -11.2721 indri
MB096 Q0 29701926505422850 233 -11.2721 indri
MB096 Q0 29584371321151488 234 -11.2721 indri
MB096 Q0 29540134382735360 235 -11.2721 indri
MB096 Q0 29536585452093440 236 -11.2721 indri
MB096 Q0 29338826614775808 237 -11.2721 indri
MB096 Q0 29317896664514561 238 -11.2721 indri
MB096 Q0 29284399547686913 239 -11.2721 indri
MB096 Q0 29247785748398082 240 -11.2721 indri
MB096 Q0 29159405417136129 241 -11.2721 indri
MB096 Q0 29110871913406464 242 -11.2721 indri
MB096 Q0 28994160543408128 243 -11.2721 indri
MB096 Q0 30815554189131776 244 -11.2725 indri
MB096 Q0 30792544333864960 245 -11.2725 indri
MB096 Q0 30779274155786241 246 -11.2725 indri
MB096 Q0 30774982124511232 247 -11.2725 indri
MB096 Q0 30682571528474625 248 -11.2725 indri
MB096 Q0 30457505075167232 249 -11.2725 indri
MB096 Q0 30386670897471488 250 -11.2725 indri
MB096 Q0 30375997190705153 251 -11.2725 indri
MB096 Q0 30373299770888192 252 -11.2725 indri
MB096 Q0 30100864605622272 253 -11.2725 indri
MB096 Q0 30029869786075137 254 -11.2725 indri
MB096 Q0 29978634789855232 255 -11.2725 indri
MB096 Q0 29970743043297282 256 -11.2725 indri
MB096 Q0 29954805472432128 257 -11.2725 indri
MB096 Q0 29866854377857024 258 -11.2725 indri
MB096 Q0 29761256378339328 259 -11.2725 indri
MB096 Q0 29750076360364033 260 -11.2725 indri
MB096 Q0 29710916626939904 261 -11.2725 indri
MB096 Q0 29702540148875264 262 -11.2725 indri
MB096 Q0 29683628841639937 263 -11.2725 indri
MB096 Q0 29632800994885632 264 -11.2725 indri
MB096 Q0 29607812124377089 265 -11.2725 indri
MB096 Q0 29555430615158784 266 -11.2725 indri
MB096 Q0 29400947352403968 267 -11.2725 indri
MB096 Q0 29352216045297664 268 -11.2725 indri
MB096 Q0 29344371757289472 269 -11.2725 indri
MB096 Q0 29307433402765313 270 -11.2725 indri
MB096 Q0 29261767334952961 271 -11.2725 indri
MB096 Q0 29246731241660416 272 -11.2725 indri
MB096 Q0 29237730416263168 273 -11.2725 indri
MB096 Q0 29065010684633089 274 -11.2725 indri
MB096 Q0 29007740508577792 275 -11.2725 indri
MB096 Q0 31088200415973376 276 -11.2729 indri
MB096 Q0 30754168465522688 277 -11.2729 indri
MB096 Q0 30752167727996929 278 -11.2729 indri
MB096 Q0 30693758219583489 279 -11.2729 indri
MB096 Q0 30623733236367360 280 -11.2729 indri
MB096 Q0 30458775651487745 281 -11.2729 indri
MB096 Q0 30436694226378752 282 -11.2729 indri
MB096 Q0 30425945718398977 283 -11.2729 indri
MB096 Q0 30303471261458433 284 -11.2729 indri
MB096 Q0 30277574173134848 285 -11.2729 indri
MB096 Q0 30262731235921921 286 -11.2729 indri
MB096 Q0 30115141613780992 287 -11.2729 indri
MB096 Q0 30087813399576576 288 -11.2729 indri
MB096 Q0 30018726657003520 289 -11.2729 indri
MB096 Q0 30005343475994624 290 -11.2729 indri
MB096 Q0 29947258413776896 291 -11.2729 indri
MB096 Q0 29857943499317248 292 -11.2729 indri
MB096 Q0 29784440548884481 293 -11.2729 indri
MB096 Q0 29678703910854656 294 -11.2729 indri
MB096 Q0 29594244788256769 295 -11.2729 indri
MB096 Q0 29470096313290753 296 -11.2729 indri
MB096 Q0 29378132708425729 297 -11.2729 indri
MB096 Q0 29376508501954560 298 -11.2729 indri
MB096 Q0 29282965934571520 299 -11.2729 indri
MB096 Q0 29246402953482240 300 -11.2729 indri
MB096 Q0 29244181213872128 301 -11.2729 indri
MB096 Q0 29230496688906240 302 -11.2729 indri
MB096 Q0 29079824827940864 303 -11.2729 indri
MB096 Q0 28989402587856896 304 -11.2729 indri
MB096 Q0 31124582609981441 305 -11.2733 indri
MB096 Q0 31106693106507776 306 -11.2733 indri
MB096 Q0 31084052219961344 307 -11.2733 indri
MB096 Q0 31062622128316416 308 -11.2733 indri
MB096 Q0 31011234711080961 309 -11.2733 indri
MB096 Q0 30917174801469440 310 -11.2733 indri
MB096 Q0 30808429232656384 311 -11.2733 indri
MB096 Q0 30782140102737920 312 -11.2733 indri
MB096 Q0 30720939691868160 313 -11.2733 indri
MB096 Q0 30686640804462593 314 -11.2733 indri
MB096 Q0 30538068553371648 315 -11.2733 indri
MB096 Q0 30520154823589889 316 -11.2733 indri
MB096 Q0 30470058908065792 317 -11.2733 indri
MB096 Q0 30318599885291521 318 -11.2733 indri
MB096 Q0 30039037666394112 319 -11.2733 indri
MB096 Q0 30018410427457536 320 -11.2733 indri
MB096 Q0 29679395820011520 321 -11.2733 indri
MB096 Q0 29634885278769152 322 -11.2733 indri
MB096 Q0 29614373358010368 323 -11.2733 indri
MB096 Q0 29590877076721664 324 -11.2733 indri
MB096 Q0 29588060400259072 325 -11.2733 indri
MB096 Q0 29583795262853121 326 -11.2733 indri
MB096 Q0 29462377116209152 327 -11.2733 indri
MB096 Q0 29383661279256576 328 -11.2733 indri
MB096 Q0 29376866024427521 329 -11.2733 indri
MB096 Q0 29228773077422080 330 -11.2733 indri
MB096 Q0 29226255119290368 331 -11.2733 indri
MB096 Q0 29054742508347393 332 -11.2733 indri
MB096 Q0 29011436185325568 333 -11.2733 indri
MB096 Q0 29011142726651904 334 -11.2733 indri
MB096 Q0 28979633890267136 335 -11.2733 indri
MB096 Q0 31037367720607744 336 -11.2737 indri
MB096 Q0 30884178111234048 337 -11.2737 indri
MB096 Q0 30761496719917056 338 -11.2737 indri
MB096 Q0 30705418871246849 339 -11.2737 indri
MB096 Q0 30682010980716544 340 -11.2737 indri
MB096 Q0 30424890628644864 341 -11.2737 indri
MB096 Q0 30346948200366080 342 -11.2737 indri
MB096 Q0 30315224259104768 343 -11.2737 indri
MB096 Q0 30148062970126336 344 -11.2737 indri
MB096 Q0 30052429919690752 345 -11.2737 indri
MB096 Q0 30037947763916800 346 -11.2737 indri
MB096 Q0 29951342579548160 347 -11.2737 indri
MB096 Q0 29934479816523777 348 -11.2737 indri
MB096 Q0 29855550460133376 349 -11.2737 indri
MB096 Q0 29816945675075586 350 -11.2737 indri
MB096 Q0 29669909201948673 351 -11.2737 indri
MB096 Q0 29668896369807361 352 -11.2737 indri
MB096 Q0 29628059602657281 353 -11.2737 indri
MB096 Q0 29484795406843904 354 -11.2737 indri
MB096 Q0 29382613344976897 355 -11.2737 indri
MB096 Q0 29273551546617856 356 -11.2737 indri
MB096 Q0 29241157359767552 357 -11.2737 indri
MB096 Q0 29078960922955776 358 -11.2737 indri
MB096 Q0 29073860754149377 359 -11.2737 indri
MB096 Q0 29065968076455936 360 -11.2737 indri
MB096 Q0 29062201738264577 361 -11.2737 indri
MB096 Q0 29050296327995392 362 -11.2737 indri
MB096 Q0 28982468296056833 363 -11.2737 indri
MB096 Q0 28974892850348032 364 -11.2737 indri
MB096 Q0 30831177237532672 365 -11.274 indri
MB096 Q0 30798427885412352 366 -11.274 indri
MB096 Q0 30797432077950976 367 -11.274 indri
MB096 Q0 30708075954446337 368 -11.274 indri
MB096 Q0 30667377909698561 369 -11.274 indri
MB096 Q0 30498819334479873 370 -11.274 indri
MB096 Q0 30355108457873408 371 -11.274 indri
MB096 Q0 30272035993161728 372 -11.274 indri
MB096 Q0 30173308058083328 373 -11.274 indri
MB096 Q0 30122055915536384 374 -11.274 indri
MB096 Q0 30120295868137472 375 -11.274 indri
MB096 Q0 30062428016345088 376 -11.274 indri
MB096 Q0 30055589400813568 377 -11.274 indri
MB096 Q0 29932856050458625 378 -11.274 indri
MB096 Q0 29789489547186177 379 -11.274 indri
MB096 Q0 29710318464663553 380 -11.274 indri
MB096 Q0 29686043330478080 381 -11.274 indri
MB096 Q0 29686042680365056 382 -11.274 indri
MB096 Q0 29632594391863297 383 -11.274 indri
MB096 Q0 29575383770726400 384 -11.274 indri
MB096 Q0 29525649467117568 385 -11.274 indri
MB096 Q0 29476982622257152 386 -11.274 indri
MB096 Q0 29378827184504832 387 -11.274 indri
MB096 Q0 29316248466624513 388 -11.274 indri
MB096 Q0 29266412123979776 389 -11.274 indri
MB096 Q0 29101649716842496 390 -11.274 indri
MB096 Q0 28994234363154432 391 -11.274 indri
MB096 Q0 28966653265973249 392 -11.274 indri
MB096 Q0 31034389991264256 393 -11.2744 indri
MB096 Q0 30743373090394113 394 -11.2744 indri
MB096 Q0 30716005659451394 395 -11.2744 indri
MB096 Q0 30507989349703680 396 -11.2744 indri
MB096 Q0 30502297821773824 397 -11.2744 indri
MB096 Q0 30401299585441794 398 -11.2744 indri
MB096 Q0 30391166872584192 399 -11.2744 indri
MB096 Q0 30375352425521152 400 -11.2744 indri
MB096 Q0 30303360913506304 401 -11.2744 indri
MB096 Q0 30224757127389184 402 -11.2744 indri
MB096 Q0 30154134346792960 403 -11.2744 indri
MB096 Q0 30127892851589120 404 -11.2744 indri
MB096 Q0 30110295154237441 405 -11.2744 indri
MB096 Q0 30055145937043456 406 -11.2744 indri
MB096 Q0 30039858076454912 407 -11.2744 indri
MB096 Q0 30031649274068992 408 -11.2744 indri
MB096 Q0 30031479236984834 409 -11.2744 indri
MB096 Q0 30020457008726016 410 -11.2744 indri
MB096 Q0 29992611263553536 411 -11.2744 indri
MB096 Q0 29990868341489664 412 -11.2744 indri
MB096 Q0 29790304798244864 413 -11.2744 indri
MB096 Q0 29782794351673344 414 -11.2744 indri
MB096 Q0 29675124856717313 415 -11.2744 indri
MB096 Q0 29657773172064256 416 -11.2744 indri
MB096 Q0 29635504257372160 417 -11.2744 indri
MB096 Q0 29631832987279361 418 -11.2744 indri
MB096 Q0 29597814132572160 419 -11.2744 indri
MB096 Q0 29576869535817728 420 -11.2744 indri
MB096 Q0 29508182212616192 421 -11.2744 indri
MB096 Q0 29490865109995520 422 -11.2744 indri
MB096 Q0 29406354548465664 423 -11.2744 indri
MB096 Q0 29282916886380544 424 -11.2744 indri
MB096 Q0 29271934105550849 425 -11.2744 indri
MB096 Q0 29238925562220544 426 -11.2744 indri
MB096 Q0 29042615496216577 427 -11.2744 indri
MB096 Q0 29027324745744384 428 -11.2744 indri
MB096 Q0 28981986542493697 429 -11.2744 indri
MB096 Q0 28976730760806400 430 -11.2744 indri
MB096 Q0 31132697707413505 431 -11.2748 indri
MB096 Q0 31086418851794944 432 -11.2748 indri
MB096 Q0 31058906281152513 433 -11.2748 indri
MB096 Q0 31021732710055936 434 -11.2748 indri
MB096 Q0 30791309602070528 435 -11.2748 indri
MB096 Q0 30760710820597760 436 -11.2748 indri
MB096 Q0 30717481148485632 437 -11.2748 indri
MB096 Q0 30615843549224961 438 -11.2748 indri
MB096 Q0 30572861492043776 439 -11.2748 indri
MB096 Q0 30529515016945665 440 -11.2748 indri
MB096 Q0 30301743258542080 441 -11.2748 indri
MB096 Q0 30094254898421761 442 -11.2748 indri
MB096 Q0 30058678233071616 443 -11.2748 indri
MB096 Q0 30032478945148928 444 -11.2748 indri
MB096 Q0 29990290223800321 445 -11.2748 indri
MB096 Q0 29982226984730624 446 -11.2748 indri
MB096 Q0 29968622453526528 447 -11.2748 indri
MB096 Q0 29957250411925504 448 -11.2748 indri
MB096 Q0 29909228093181953 449 -11.2748 indri
MB096 Q0 29763031474896896 450 -11.2748 indri
MB096 Q0 29681562882674689 451 -11.2748 indri
MB096 Q0 29651702625869824 452 -11.2748 indri
MB096 Q0 29547043429023744 453 -11.2748 indri
MB096 Q0 29306705099624448 454 -11.2748 indri
MB096 Q0 29285206586302465 455 -11.2748 indri
MB096 Q0 29262698759856128 456 -11.2748 indri
MB096 Q0 29242412538793985 457 -11.2748 indri
MB096 Q0 31146959217631232 458 -11.2752 indri
MB096 Q0 31092794651054080 459 -11.2752 indri
MB096 Q0 31082487463550976 460 -11.2752 indri
MB096 Q0 30724636010348544 461 -11.2752 indri
MB096 Q0 30674587989577732 462 -11.2752 indri
MB096 Q0 30672626976296960 463 -11.2752 indri
MB096 Q0 30498542015483904 464 -11.2752 indri
MB096 Q0 30439343227146240 465 -11.2752 indri
MB096 Q0 30433641528041472 466 -11.2752 indri
MB096 Q0 30361303935619072 467 -11.2752 indri
MB096 Q0 30344460025995264 468 -11.2752 indri
MB096 Q0 30054436952870912 469 -11.2752 indri
MB096 Q0 29957763345948673 470 -11.2752 indri
MB096 Q0 29735093052379136 471 -11.2752 indri
MB096 Q0 29706747924975617 472 -11.2752 indri
MB096 Q0 29696095248457728 473 -11.2752 indri
MB096 Q0 29681096245387264 474 -11.2752 indri
MB096 Q0 29655554670469120 475 -11.2752 indri
MB096 Q0 29648631103492096 476 -11.2752 indri
MB096 Q0 29601630324269056 477 -11.2752 indri
MB096 Q0 29561527145078786 478 -11.2752 indri
MB096 Q0 29454516508168193 479 -11.2752 indri
MB096 Q0 29315810925223936 480 -11.2752 indri
MB096 Q0 29233445783740417 481 -11.2752 indri
MB096 Q0 29170642867716096 482 -11.2752 indri
MB096 Q0 29000023681269760 483 -11.2752 indri
MB096 Q0 31123136002916353 484 -11.2756 indri
MB096 Q0 30806875154948096 485 -11.2756 indri
MB096 Q0 30773692904505344 486 -11.2756 indri
MB096 Q0 30660093770993664 487 -11.2756 indri
MB096 Q0 30650769640263680 488 -11.2756 indri
MB096 Q0 30495900610600960 489 -11.2756 indri
MB096 Q0 30383807265771520 490 -11.2756 indri
MB096 Q0 30362715050483712 491 -11.2756 indri
MB096 Q0 30145992246427648 492 -11.2756 indri
MB096 Q0 30062422576336896 493 -11.2756 indri
MB096 Q0 30028986042028033 494 -11.2756 indri
MB096 Q0 30018780700606464 495 -11.2756 indri
MB096 Q0 29934339449954304 496 -11.2756 indri
MB096 Q0 29686599658770433 497 -11.2756 indri
MB096 Q0 29654436691316736 498 -11.2756 indri
MB096 Q0 29626540014702592 499 -11.2756 indri
MB096 Q0 29585315488333825 500 -11.2756 indri
MB096 Q0 29413388522094592 501 -11.2756 indri
MB096 Q0 29400430714822657 502 -11.2756 indri
MB096 Q0 29276536792158208 503 -11.2756 indri
MB096 Q0 29260306416926721 504 -11.2756 indri
MB096 Q0 29235373515214848 505 -11.2756 indri
MB096 Q0 29177332178620416 506 -11.2756 indri
MB096 Q0 28977806142603264 507 -11.2756 indri
MB096 Q0 31079186332389376 508 -11.276 indri
MB096 Q0 31030637691408384 509 -11.276 indri
MB096 Q0 30803885387943936 510 -11.276 indri
MB096 Q0 30643817208094721 511 -11.276 indri
MB096 Q0 30588015197814785 512 -11.276 indri
MB096 Q0 30555539452723200 513 -11.276 indri
MB096 Q0 30516292553277441 514 -11.276 indri
MB096 Q0 30506072846368768 515 -11.276 indri
MB096 Q0 30315977883254784 516 -11.276 indri
MB096 Q0 29686820694396928 517 -11.276 indri
MB096 Q0 29501868765876224 518 -11.276 indri
MB096 Q0 29310126884130816 519 -11.276 indri
MB096 Q0 30787917794250752 520 -11.2764 indri
MB096 Q0 30378297334435841 521 -11.2764 indri
MB096 Q0 30375276701548544 522 -11.2764 indri
MB096 Q0 30009933927809024 523 -11.2764 indri
MB096 Q0 29637500142100480 524 -11.2764 indri
MB096 Q0 29588975958106113 525 -11.2764 indri
MB096 Q0 29588654942851072 526 -11.2764 indri
MB096 Q0 29402773862748161 527 -11.2764 indri
MB096 Q0 29370345785925633 528 -11.2764 indri
MB096 Q0 29348620343967746 529 -11.2764 indri
MB096 Q0 31124752957440000 530 -11.2768 indri
MB096 Q0 30697285922852864 531 -11.2768 indri
MB096 Q0 30265567491399680 532 -11.2768 indri
MB096 Q0 30052161668775936 533 -11.2768 indri
MB096 Q0 29598802742607872 534 -11.2768 indri
MB096 Q0 29381540853063680 535 -11.2768 indri
MB096 Q0 29047015467917312 536 -11.2768 indri
MB096 Q0 29341983025668096 537 -11.2772 indri
MB096 Q0 29340380390498304 538 -11.2772 indri
MB096 Q0 30678734231052288 539 -11.2776 indri
MB096 Q0 29564031354273792 540 -11.2776 indri
MB096 Q0 29569696583913472 541 -11.278 indri
