MB107 Q0 31510252167892992 1 -9.99587 indri
MB107 Q0 30670819306766336 2 -10.3335 indri
MB107 Q0 34561267771379714 3 -10.3339 indri
MB107 Q0 32905351825195008 4 -10.3351 indri
MB107 Q0 34641136228237313 5 -10.3355 indri
MB107 Q0 30858426221330432 6 -10.3355 indri
MB107 Q0 30419283041329152 7 -10.3355 indri
MB107 Q0 32050638644846592 8 -10.3363 indri
MB107 Q0 29699831274405889 9 -10.3363 indri
MB107 Q0 30579528959000576 10 -10.3367 indri
MB107 Q0 33763780353736704 11 -10.3375 indri
MB107 Q0 30587451990867968 12 -10.3387 indri
MB107 Q0 34635269365825537 13 -10.3406 indri
MB107 Q0 33196122461831168 14 -10.3406 indri
MB107 Q0 31097992878497792 15 -10.3406 indri
MB107 Q0 30109409485004800 16 -10.3426 indri
MB107 Q0 34676489286848513 17 -10.9991 indri
MB107 Q0 33246299994341376 18 -11.0003 indri
MB107 Q0 34707878807863296 19 -11.0011 indri
MB107 Q0 29364447365562368 20 -11.0019 indri
MB107 Q0 30606551752384513 21 -11.0027 indri
MB107 Q0 30583418236444672 22 -11.0027 indri
MB107 Q0 30262198236348416 23 -11.0027 indri
MB107 Q0 29468057994788864 24 -11.0046 indri
MB107 Q0 33944084129390592 25 -11.3412 indri
MB107 Q0 33943550039171073 26 -11.3412 indri
MB107 Q0 33940573983346688 27 -11.3412 indri
MB107 Q0 34691531487055872 28 -11.3416 indri
MB107 Q0 33940740035837952 29 -11.3416 indri
MB107 Q0 30987866825826305 30 -11.3416 indri
MB107 Q0 34554501213986816 31 -11.342 indri
MB107 Q0 33943493940350977 32 -11.342 indri
MB107 Q0 31736131007553536 33 -11.342 indri
MB107 Q0 30641734190895104 34 -11.342 indri
MB107 Q0 34902391677521920 35 -11.3424 indri
MB107 Q0 33255202819678208 36 -11.3424 indri
MB107 Q0 32417956327591936 37 -11.3424 indri
MB107 Q0 34418538580156416 38 -11.3428 indri
MB107 Q0 33756446864707584 39 -11.3428 indri
MB107 Q0 33695590218993664 40 -11.3428 indri
MB107 Q0 30741655636152321 41 -11.3428 indri
MB107 Q0 30655832362328064 42 -11.3428 indri
MB107 Q0 29167831027290113 43 -11.3428 indri
MB107 Q0 34708495861424128 44 -11.3432 indri
MB107 Q0 34707868955451393 45 -11.3432 indri
MB107 Q0 33314806891020289 46 -11.3432 indri
MB107 Q0 33169663835766784 47 -11.3432 indri
MB107 Q0 31717039261360128 48 -11.3432 indri
MB107 Q0 31568963183845376 49 -11.3432 indri
MB107 Q0 30532746656882688 50 -11.3432 indri
MB107 Q0 30516431275687936 51 -11.3432 indri
MB107 Q0 30503723834806273 52 -11.3432 indri
MB107 Q0 30503459547521024 53 -11.3432 indri
MB107 Q0 29140922730024960 54 -11.3432 indri
MB107 Q0 34037173757935616 55 -11.3436 indri
MB107 Q0 33672219229945856 56 -11.3436 indri
MB107 Q0 32682849370902528 57 -11.3436 indri
MB107 Q0 31696221231915008 58 -11.3436 indri
MB107 Q0 31083523758620673 59 -11.3436 indri
MB107 Q0 30931945189806080 60 -11.3436 indri
MB107 Q0 29470976584450049 61 -11.3436 indri
MB107 Q0 34626338929393664 62 -11.344 indri
MB107 Q0 34423084211507200 63 -11.344 indri
MB107 Q0 33910634965901313 64 -11.344 indri
MB107 Q0 33230751776378880 65 -11.344 indri
MB107 Q0 32347027073409024 66 -11.344 indri
MB107 Q0 31826731073540096 67 -11.344 indri
MB107 Q0 31594475058892801 68 -11.344 indri
MB107 Q0 30760981990735873 69 -11.344 indri
MB107 Q0 30503755766046720 70 -11.344 indri
MB107 Q0 30503443495919616 71 -11.344 indri
MB107 Q0 33371739924733952 72 -11.3444 indri
MB107 Q0 32114084824489984 73 -11.3444 indri
MB107 Q0 31105563030986752 74 -11.3444 indri
MB107 Q0 33946282431086592 75 -11.3448 indri
MB107 Q0 33864238116114432 76 -11.3448 indri
MB107 Q0 33539674085527552 77 -11.3448 indri
MB107 Q0 32441185939230720 78 -11.3448 indri
MB107 Q0 34123731857051648 79 -11.3452 indri
MB107 Q0 33874115857227777 80 -11.3456 indri
MB107 Q0 32839781972971520 81 -11.3456 indri
MB107 Q0 30255072919166976 82 -11.3456 indri
MB107 Q0 34058985338310656 83 -11.346 indri
MB107 Q0 33243828102103040 84 -11.346 indri
MB107 Q0 33200855427584000 85 -11.346 indri
MB107 Q0 33104263953518592 86 -11.346 indri
MB107 Q0 32401754213580801 87 -11.346 indri
MB107 Q0 32196354189033472 88 -11.346 indri
MB107 Q0 31868820264058880 89 -11.346 indri
MB107 Q0 31457316683386880 90 -11.346 indri
MB107 Q0 30392855478411264 91 -11.346 indri
MB107 Q0 30377575092068352 92 -11.346 indri
MB107 Q0 30335399607934976 93 -11.346 indri
MB107 Q0 29665062092279808 94 -11.346 indri
MB107 Q0 29635496325947392 95 -11.346 indri
MB107 Q0 33169146845863936 96 -11.3464 indri
MB107 Q0 31627673281232896 97 -11.3464 indri
MB107 Q0 31111507857117184 98 -11.3464 indri
MB107 Q0 30503756760096768 99 -11.3464 indri
MB107 Q0 30503556704378880 100 -11.3464 indri
MB107 Q0 30503508281131008 101 -11.3464 indri
MB107 Q0 30503477746606081 102 -11.3464 indri
MB107 Q0 29627483645022208 103 -11.3464 indri
MB107 Q0 29488533592870912 104 -11.3464 indri
MB107 Q0 34815328680673280 105 -11.3468 indri
MB107 Q0 34780560287080448 106 -11.3468 indri
MB107 Q0 32068265530363904 107 -11.3468 indri
MB107 Q0 30615051849179137 108 -11.3468 indri
MB107 Q0 29859008714117121 109 -11.3468 indri
MB107 Q0 34934916911206400 110 -11.3472 indri
MB107 Q0 34374037694062592 111 -11.3472 indri
MB107 Q0 33274422466969600 112 -11.3472 indri
MB107 Q0 32201959117160448 113 -11.3472 indri
MB107 Q0 32002758282313728 114 -11.3472 indri
MB107 Q0 31988624497057792 115 -11.3472 indri
MB107 Q0 31988608873275392 116 -11.3472 indri
MB107 Q0 31051505712758784 117 -11.3472 indri
MB107 Q0 29969010321788928 118 -11.3472 indri
MB107 Q0 29931197094174720 119 -11.3472 indri
MB107 Q0 33166959180775425 120 -11.3476 indri
MB107 Q0 32641101823221760 121 -11.3476 indri
MB107 Q0 31976814465261568 122 -11.3476 indri
MB107 Q0 31612106658816000 123 -11.3476 indri
MB107 Q0 30982657407983616 124 -11.3476 indri
MB107 Q0 29705163694407680 125 -11.3476 indri
MB107 Q0 32762463833292800 126 -11.348 indri
MB107 Q0 31299541219147776 127 -11.348 indri
MB107 Q0 29373617028472832 128 -11.348 indri
MB107 Q0 34681581679411200 129 -11.3484 indri
MB107 Q0 33940735363387393 130 -11.3484 indri
MB107 Q0 33940575078060032 131 -11.3484 indri
MB107 Q0 33675489168072704 132 -11.3484 indri
MB107 Q0 31262570253918208 133 -11.3484 indri
MB107 Q0 34634485672710144 134 -11.3488 indri
MB107 Q0 31216862033354752 135 -11.3488 indri
MB107 Q0 30681601281097728 136 -11.3488 indri
