MB109 Q0 30393246936997888 1 -7.13818 indri
MB109 Q0 34252335039385600 2 -7.82466 indri
MB109 Q0 32192451028451328 3 -7.82586 indri
MB109 Q0 30671934417018880 4 -7.82626 indri
MB109 Q0 30082559194963968 5 -7.82626 indri
MB109 Q0 30032342810628096 6 -7.82666 indri
MB109 Q0 34390055866859520 7 -7.82706 indri
MB109 Q0 30539468427493376 8 -7.82746 indri
MB109 Q0 29975167115468800 9 -7.82746 indri
MB109 Q0 29983766109757440 10 -7.82825 indri
MB109 Q0 31525784468332545 11 -7.82865 indri
MB109 Q0 29912509850849280 12 -7.83024 indri
MB109 Q0 29948142942158849 13 -7.83063 indri
MB109 Q0 33174039199617024 14 -7.83103 indri
MB109 Q0 29929865545256960 15 -7.83103 indri
MB109 Q0 32931646336401409 16 -7.83182 indri
MB109 Q0 32039490805571584 17 -7.83182 indri
MB109 Q0 30272237445586944 18 -7.83182 indri
MB109 Q0 34035444312186880 19 -7.83222 indri
MB109 Q0 31911101734064128 20 -7.83222 indri
MB109 Q0 30144954164580352 21 -7.83222 indri
MB109 Q0 29957983949557760 22 -7.83222 indri
MB109 Q0 29048185200578561 23 -7.83301 indri
