MB105 Q0 34081727383224320 1 -7.13501 indri
MB105 Q0 34413984320856064 2 -7.1354 indri
MB105 Q0 34414085865091072 3 -7.13739 indri
MB105 Q0 29180730781212672 4 -7.8219 indri
MB105 Q0 33696954210848768 5 -7.8227 indri
MB105 Q0 33519702558908416 6 -7.8231 indri
MB105 Q0 33398134948233216 7 -7.8231 indri
MB105 Q0 32092945779789824 8 -7.8231 indri
MB105 Q0 30342866706366464 9 -7.8231 indri
MB105 Q0 34380448335400961 10 -7.82349 indri
MB105 Q0 34295126293487616 11 -7.82349 indri
MB105 Q0 29197172222197762 12 -7.82349 indri
MB105 Q0 33656065002315777 13 -7.82389 indri
MB105 Q0 30704470845292545 14 -7.82429 indri
MB105 Q0 34416735134158848 15 -7.82469 indri
MB105 Q0 33757229958037504 16 -7.82469 indri
MB105 Q0 34312490317774848 17 -7.82509 indri
MB105 Q0 30837158298259457 18 -7.82509 indri
MB105 Q0 30460510562426880 19 -7.82509 indri
MB105 Q0 34292473085829120 20 -7.82549 indri
MB105 Q0 29055689217277952 21 -7.82549 indri
MB105 Q0 29055686331600896 22 -7.82549 indri
MB105 Q0 34414240785764352 23 -7.82588 indri
MB105 Q0 34128583660142593 24 -7.82588 indri
MB105 Q0 32812730553475074 25 -7.82588 indri
MB105 Q0 30490003188482049 26 -7.82588 indri
MB105 Q0 34041530704470016 27 -7.82628 indri
MB105 Q0 32186249536081920 28 -7.82628 indri
MB105 Q0 31719460071014400 29 -7.82628 indri
MB105 Q0 34414094387773441 30 -7.82668 indri
MB105 Q0 33951405974757376 31 -7.82668 indri
MB105 Q0 33764536079097856 32 -7.82668 indri
MB105 Q0 32058220126146561 33 -7.82668 indri
MB105 Q0 29944596947542017 34 -7.82668 indri
MB105 Q0 29566181853630466 35 -7.82668 indri
MB105 Q0 29396801249349634 36 -7.82668 indri
MB105 Q0 33800512688230400 37 -7.82708 indri
MB105 Q0 30708352279384064 38 -7.82708 indri
MB105 Q0 29650557811556352 39 -7.82708 indri
MB105 Q0 34208952174514176 40 -7.82747 indri
MB105 Q0 33774610801496064 41 -7.82747 indri
MB105 Q0 33256916620677120 42 -7.82747 indri
MB105 Q0 32789945382871041 43 -7.82747 indri
MB105 Q0 32207735198064640 44 -7.82747 indri
MB105 Q0 32100695989559296 45 -7.82747 indri
MB105 Q0 33259011209953280 46 -7.82787 indri
MB105 Q0 30252595469623296 47 -7.82787 indri
MB105 Q0 33694159357353986 48 -7.82827 indri
MB105 Q0 34621769365061632 49 -7.82866 indri
MB105 Q0 34331343496159233 50 -7.82866 indri
MB105 Q0 31380634714775552 51 -7.82866 indri
MB105 Q0 31349527273275392 52 -7.82866 indri
MB105 Q0 29725443833729024 53 -7.82866 indri
MB105 Q0 34438194535735296 54 -7.82906 indri
MB105 Q0 30611796112973824 55 -7.82906 indri
MB105 Q0 29617246930210817 56 -7.82906 indri
MB105 Q0 34498571776561152 57 -7.82946 indri
MB105 Q0 34055468062081024 58 -7.82946 indri
MB105 Q0 33893305859182592 59 -7.82946 indri
MB105 Q0 33100389339373568 60 -7.82946 indri
MB105 Q0 31897922861797376 61 -7.82946 indri
MB105 Q0 33948673280974848 62 -7.83025 indri
MB105 Q0 29084736752193536 63 -7.83025 indri
MB105 Q0 29740509119381504 64 -7.83065 indri
MB105 Q0 31170229811806210 65 -7.83104 indri
MB105 Q0 33947078224781312 66 -7.83183 indri
MB105 Q0 29398158815535104 67 -7.83183 indri
MB105 Q0 31430924868521984 68 -7.83262 indri
