MB108 Q0 29264660284833792 1 -7.79596 indri
MB108 Q0 29063772995854336 2 -7.79675 indri
MB108 Q0 29250575958810624 3 -7.80033 indri
MB108 Q0 32862970534952960 4 -8.16424 indri
MB108 Q0 31989022381318145 5 -8.42593 indri
MB108 Q0 32846618633969664 6 -8.42673 indri
MB108 Q0 32049576701595650 7 -8.42752 indri
MB108 Q0 31803718215139328 8 -8.42752 indri
MB108 Q0 30122089952317441 9 -8.42831 indri
MB108 Q0 31246627213676545 10 -8.42871 indri
MB108 Q0 29295534518829056 11 -8.42871 indri
MB108 Q0 29932808952614912 12 -8.4295 indri
MB108 Q0 32548131761557504 13 -8.65212 indri
MB108 Q0 29222540199075840 14 -8.65351 indri
MB108 Q0 33499221260763136 15 -8.65411 indri
MB108 Q0 32060831692759040 16 -8.75362 indri
MB108 Q0 32518618143002624 17 -8.87453 indri
MB108 Q0 30731624077328384 18 -8.87493 indri
MB108 Q0 33369815032791041 19 -8.87532 indri
MB108 Q0 31349327062372352 20 -8.87532 indri
MB108 Q0 31091068871118848 21 -8.87532 indri
MB108 Q0 31777782535028736 22 -8.87572 indri
MB108 Q0 31853848926621697 23 -8.87652 indri
MB108 Q0 30662738413883392 24 -8.87652 indri
MB108 Q0 33665715978375168 25 -8.87692 indri
MB108 Q0 33452588351361024 26 -8.87692 indri
MB108 Q0 33445323636482048 27 -8.87692 indri
MB108 Q0 33402766470684672 28 -8.87692 indri
MB108 Q0 32862955007647744 29 -8.87692 indri
MB108 Q0 32769135905607680 30 -8.87692 indri
MB108 Q0 32759529099755520 31 -8.87692 indri
MB108 Q0 32237776351006720 32 -8.87692 indri
MB108 Q0 32202094458970112 33 -8.87692 indri
MB108 Q0 32193828333031424 34 -8.87692 indri
MB108 Q0 31881538727575552 35 -8.87692 indri
MB108 Q0 31269520672825344 36 -8.87692 indri
MB108 Q0 31260442315726848 37 -8.87692 indri
MB108 Q0 31689854869835776 38 -8.87732 indri
MB108 Q0 31369190782803970 39 -8.87732 indri
MB108 Q0 31260439643947009 40 -8.87732 indri
MB108 Q0 31021687252193280 41 -8.87732 indri
MB108 Q0 30183732333780992 42 -8.87732 indri
MB108 Q0 29870880108576768 43 -8.87732 indri
MB108 Q0 33414684539363328 44 -8.87771 indri
MB108 Q0 33307093956038656 45 -8.87771 indri
MB108 Q0 31859756092096513 46 -8.87771 indri
MB108 Q0 29870867437584384 47 -8.87771 indri
MB108 Q0 29626174858592256 48 -8.87811 indri
MB108 Q0 31995312931344385 49 -8.87851 indri
MB108 Q0 32666550041321472 50 -8.87891 indri
MB108 Q0 30797038568341504 51 -8.87891 indri
MB108 Q0 33438282545242112 52 -8.8793 indri
MB108 Q0 30491700384243713 53 -8.8793 indri
MB108 Q0 29625124579713024 54 -8.8793 indri
MB108 Q0 32453609195048960 55 -8.8797 indri
MB108 Q0 33255722284224512 56 -8.8801 indri
MB108 Q0 33761813606699008 57 -8.8805 indri
MB108 Q0 32619011673952256 58 -8.8805 indri
MB108 Q0 32498636956897280 59 -8.8805 indri
MB108 Q0 32226040524832769 60 -8.8805 indri
MB108 Q0 31329222781829120 61 -8.8805 indri
MB108 Q0 31286004509839361 62 -8.8805 indri
MB108 Q0 33219695922380800 63 -8.88089 indri
MB108 Q0 32912268186361856 64 -8.88089 indri
MB108 Q0 32130902561656832 65 -8.88089 indri
MB108 Q0 33141025404878848 66 -8.88129 indri
MB108 Q0 31260461554999298 67 -8.88129 indri
MB108 Q0 31260442705793024 68 -8.88129 indri
MB108 Q0 31260439602003968 69 -8.88129 indri
MB108 Q0 31260417296695296 70 -8.88129 indri
MB108 Q0 31260408840986624 71 -8.88129 indri
MB108 Q0 29618061514383360 72 -8.88129 indri
MB108 Q0 32900859390066688 73 -8.88169 indri
MB108 Q0 31558806093692929 74 -8.88169 indri
MB108 Q0 31315497316257792 75 -8.88169 indri
MB108 Q0 30998434429272064 76 -8.88169 indri
MB108 Q0 31692655704412161 77 -8.88208 indri
MB108 Q0 30747420539224065 78 -8.88208 indri
MB108 Q0 33337665436778497 79 -8.88406 indri
MB108 Q0 33181062775443456 80 -9.02113 indri
MB108 Q0 31066275291602945 81 -9.02192 indri
MB108 Q0 32425915698909184 82 -9.02431 indri
MB108 Q0 31329088828346369 83 -9.8326 indri
MB108 Q0 32096918108643328 84 -9.83379 indri
MB108 Q0 31089651531907072 85 -9.83419 indri
MB108 Q0 31445318197317632 86 -9.83458 indri
MB108 Q0 32810683967995905 87 -9.83498 indri
MB108 Q0 29329203442753537 88 -9.83617 indri
MB108 Q0 33003945202814977 89 -9.83657 indri
MB108 Q0 30158124346245120 90 -9.83657 indri
MB108 Q0 29397970101211136 91 -9.83736 indri
MB108 Q0 31159505530134528 92 -9.83854 indri
MB108 Q0 29505385849167872 93 -9.84052 indri
MB108 Q0 29534081813323778 94 -9.8759 indri
MB108 Q0 32469070976655360 95 -9.8767 indri
MB108 Q0 31366024498515968 96 -9.87709 indri
MB108 Q0 32475489759137792 97 -9.87749 indri
MB108 Q0 30809631219519488 98 -9.87749 indri
MB108 Q0 33517329044353024 99 -9.87789 indri
MB108 Q0 30368452019494912 100 -9.87789 indri
MB108 Q0 30928730817822720 101 -9.87828 indri
MB108 Q0 32983981125271552 102 -9.87868 indri
MB108 Q0 32744763337740289 103 -9.87868 indri
MB108 Q0 29291721791635457 104 -9.87908 indri
MB108 Q0 32106076811829249 105 -9.87947 indri
MB108 Q0 29532738285473793 106 -9.87947 indri
MB108 Q0 33184423335698433 107 -9.88066 indri
MB108 Q0 32695951252520960 108 -9.88066 indri
MB108 Q0 33003478812987392 109 -9.97754 indri
MB108 Q0 32199140309991425 110 -9.97794 indri
MB108 Q0 33218751000219648 111 -9.97953 indri
MB108 Q0 32305134780293120 112 -9.97953 indri
MB108 Q0 32379409117741056 113 -9.97993 indri
MB108 Q0 31179103184887808 114 -9.97993 indri
MB108 Q0 30259690042564608 115 -9.97993 indri
MB108 Q0 29227467533193216 116 -9.98032 indri
MB108 Q0 32347768332750848 117 -9.98072 indri
MB108 Q0 32123089051459584 118 -9.98072 indri
MB108 Q0 31708364593438720 119 -9.98072 indri
MB108 Q0 31015925201240065 120 -9.98072 indri
MB108 Q0 30511823283290112 121 -9.98072 indri
MB108 Q0 30744523986436096 122 -9.98112 indri
MB108 Q0 31806980226023424 123 -9.98151 indri
MB108 Q0 31314079243042816 124 -9.98151 indri
MB108 Q0 32368922300780544 125 -9.98191 indri
MB108 Q0 30624777920057344 126 -9.98191 indri
MB108 Q0 33357652532658176 127 -9.98349 indri
MB108 Q0 30503536785629184 128 -9.98349 indri
MB108 Q0 33303054799343616 129 -9.98744 indri
MB108 Q0 31749173267136513 130 -10.0542 indri
MB108 Q0 31309959924809728 131 -10.0542 indri
MB108 Q0 30533173662191616 132 -10.0542 indri
MB108 Q0 29254120246349824 133 -10.0542 indri
MB108 Q0 30814738933878784 134 -10.0546 indri
MB108 Q0 29440410191396865 135 -10.0546 indri
MB108 Q0 31378028093243393 136 -10.055 indri
MB108 Q0 30832150152482820 137 -10.055 indri
MB108 Q0 31534932459261955 138 -10.0554 indri
MB108 Q0 33537788339036160 139 -10.0558 indri
MB108 Q0 31010222189314049 140 -10.0558 indri
MB108 Q0 29902049185370112 141 -10.0558 indri
MB108 Q0 29722634048507904 142 -10.0558 indri
MB108 Q0 33055623717322752 143 -10.0562 indri
MB108 Q0 32505423269466112 144 -10.0562 indri
MB108 Q0 32492853590495234 145 -10.0562 indri
MB108 Q0 32364355907485696 146 -10.0562 indri
MB108 Q0 30555501179703297 147 -10.0562 indri
MB108 Q0 29724773823029248 148 -10.0562 indri
MB108 Q0 29346015077203968 149 -10.0562 indri
MB108 Q0 32861617632837633 150 -10.0566 indri
MB108 Q0 32767530967760897 151 -10.0566 indri
MB108 Q0 31979600212922368 152 -10.0566 indri
MB108 Q0 31845320979648513 153 -10.0566 indri
MB108 Q0 31777849316737024 154 -10.0566 indri
MB108 Q0 30493230839635968 155 -10.0566 indri
MB108 Q0 29445327274647553 156 -10.0566 indri
MB108 Q0 32762483047407616 157 -10.057 indri
MB108 Q0 32610143837360128 158 -10.057 indri
MB108 Q0 31298602806546433 159 -10.057 indri
MB108 Q0 31000044790353920 160 -10.057 indri
MB108 Q0 30135157700694016 161 -10.057 indri
MB108 Q0 33819209125330944 162 -10.0574 indri
MB108 Q0 33769208764432384 163 -10.0574 indri
MB108 Q0 33287365896183808 164 -10.0574 indri
MB108 Q0 32901819973771264 165 -10.0574 indri
MB108 Q0 32855845335207936 166 -10.0574 indri
MB108 Q0 32112495367823361 167 -10.0574 indri
MB108 Q0 32064561997676544 168 -10.0574 indri
MB108 Q0 31124696405647360 169 -10.0574 indri
MB108 Q0 30956297985724416 170 -10.0574 indri
MB108 Q0 28992922229669889 171 -10.0574 indri
MB108 Q0 33352864050970624 172 -10.0578 indri
MB108 Q0 33312499407405056 173 -10.0578 indri
MB108 Q0 33135689491021825 174 -10.0578 indri
MB108 Q0 32842811350982656 175 -10.0578 indri
MB108 Q0 32409868715429889 176 -10.0578 indri
MB108 Q0 32239111578324992 177 -10.0578 indri
MB108 Q0 32186416175775744 178 -10.0578 indri
MB108 Q0 31548429687590912 179 -10.0578 indri
MB108 Q0 31363665974272000 180 -10.0578 indri
MB108 Q0 30820413021884416 181 -10.0578 indri
MB108 Q0 30739893730676736 182 -10.0578 indri
MB108 Q0 30428299968643073 183 -10.0578 indri
MB108 Q0 29795657715818496 184 -10.0578 indri
MB108 Q0 29752780256186368 185 -10.0578 indri
MB108 Q0 29692078527094784 186 -10.0578 indri
MB108 Q0 29612955268030466 187 -10.0578 indri
MB108 Q0 33771322362306560 188 -10.0582 indri
MB108 Q0 33685744908247041 189 -10.0582 indri
MB108 Q0 33536216972537857 190 -10.0582 indri
MB108 Q0 33186863493677056 191 -10.0582 indri
MB108 Q0 32794960449241089 192 -10.0582 indri
MB108 Q0 32672574253039616 193 -10.0582 indri
MB108 Q0 32659153675624449 194 -10.0582 indri
MB108 Q0 31998524082098176 195 -10.0582 indri
MB108 Q0 31542097374879744 196 -10.0582 indri
MB108 Q0 31385812805353472 197 -10.0582 indri
MB108 Q0 31022392595709952 198 -10.0582 indri
MB108 Q0 30822697386639360 199 -10.0582 indri
MB108 Q0 30404220289032193 200 -10.0582 indri
MB108 Q0 30387465793572864 201 -10.0582 indri
MB108 Q0 29978822057136131 202 -10.0582 indri
MB108 Q0 29611481276354560 203 -10.0582 indri
MB108 Q0 29442555112333312 204 -10.0582 indri
MB108 Q0 29260170483728384 205 -10.0582 indri
MB108 Q0 33178872153382912 206 -10.0586 indri
MB108 Q0 32398180431699970 207 -10.0586 indri
MB108 Q0 31960072133283840 208 -10.0586 indri
MB108 Q0 31796265922592768 209 -10.0586 indri
MB108 Q0 31566406113820672 210 -10.0586 indri
MB108 Q0 30774904525684736 211 -10.0586 indri
MB108 Q0 30709984949968896 212 -10.0586 indri
MB108 Q0 30628239307177984 213 -10.0586 indri
MB108 Q0 30332969130397696 214 -10.0586 indri
MB108 Q0 29591066583760899 215 -10.0586 indri
MB108 Q0 33675394905284608 216 -10.059 indri
MB108 Q0 32541003202174976 217 -10.059 indri
MB108 Q0 32458163873652737 218 -10.059 indri
MB108 Q0 32452378946961408 219 -10.059 indri
MB108 Q0 32084319610601472 220 -10.059 indri
MB108 Q0 31883783284203520 221 -10.059 indri
MB108 Q0 31748879829434368 222 -10.059 indri
MB108 Q0 31675587365965824 223 -10.059 indri
MB108 Q0 31033185898860544 224 -10.059 indri
MB108 Q0 30973034248540160 225 -10.059 indri
MB108 Q0 30835940779888640 226 -10.059 indri
MB108 Q0 30388947217555457 227 -10.059 indri
MB108 Q0 30301890382143488 228 -10.059 indri
MB108 Q0 30053226438987776 229 -10.059 indri
MB108 Q0 33814956302405633 230 -10.0594 indri
MB108 Q0 33320327849181184 231 -10.0594 indri
MB108 Q0 33057664808255488 232 -10.0594 indri
MB108 Q0 32986765795143680 233 -10.0594 indri
MB108 Q0 32979615433625603 234 -10.0594 indri
MB108 Q0 32864282798460928 235 -10.0594 indri
MB108 Q0 32557006581669888 236 -10.0594 indri
MB108 Q0 32487358582493184 237 -10.0594 indri
MB108 Q0 31743912804622336 238 -10.0594 indri
MB108 Q0 31703338215022593 239 -10.0594 indri
MB108 Q0 31145896607481857 240 -10.0594 indri
MB108 Q0 31001870851907585 241 -10.0594 indri
MB108 Q0 30994079244353537 242 -10.0594 indri
MB108 Q0 30731892273717248 243 -10.0594 indri
MB108 Q0 30678188216557568 244 -10.0594 indri
MB108 Q0 30436500063653890 245 -10.0594 indri
MB108 Q0 30392687102271488 246 -10.0594 indri
MB108 Q0 30321631859580929 247 -10.0594 indri
MB108 Q0 30038361645252608 248 -10.0594 indri
MB108 Q0 29717164449595392 249 -10.0594 indri
MB108 Q0 29705098653339648 250 -10.0594 indri
MB108 Q0 29541545833144320 251 -10.0594 indri
MB108 Q0 29423580869558272 252 -10.0594 indri
MB108 Q0 29222397311717378 253 -10.0594 indri
MB108 Q0 33755117442301952 254 -10.0598 indri
MB108 Q0 33178874632208384 255 -10.0598 indri
MB108 Q0 33169657770807296 256 -10.0598 indri
MB108 Q0 33095618985467904 257 -10.0598 indri
MB108 Q0 32882439776894976 258 -10.0598 indri
MB108 Q0 32736659950796800 259 -10.0598 indri
MB108 Q0 32647488510889987 260 -10.0598 indri
MB108 Q0 32499287615082497 261 -10.0598 indri
MB108 Q0 32449172355416064 262 -10.0598 indri
MB108 Q0 32148198902472777 263 -10.0598 indri
MB108 Q0 31566812931952640 264 -10.0598 indri
MB108 Q0 31231584988303361 265 -10.0598 indri
MB108 Q0 30683767723008000 266 -10.0598 indri
MB108 Q0 30654951701086208 267 -10.0598 indri
MB108 Q0 30400836072902658 268 -10.0598 indri
MB108 Q0 33238531044278272 269 -10.0602 indri
MB108 Q0 33207536731553793 270 -10.0602 indri
MB108 Q0 33186177775304705 271 -10.0602 indri
MB108 Q0 32128073813987328 272 -10.0602 indri
MB108 Q0 32085718436159489 273 -10.0602 indri
MB108 Q0 31954099603767296 274 -10.0602 indri
MB108 Q0 31233531778703360 275 -10.0602 indri
MB108 Q0 31195744887119873 276 -10.0602 indri
MB108 Q0 31000779833741314 277 -10.0602 indri
MB108 Q0 30905389251829760 278 -10.0602 indri
MB108 Q0 30273999837593600 279 -10.0602 indri
MB108 Q0 29751189323124736 280 -10.0602 indri
MB108 Q0 29707129002655745 281 -10.0602 indri
MB108 Q0 29685610423779328 282 -10.0602 indri
MB108 Q0 29635484925825024 283 -10.0602 indri
MB108 Q0 29060108814127104 284 -10.0602 indri
MB108 Q0 33655168264306689 285 -10.0606 indri
MB108 Q0 33350582982934528 286 -10.0606 indri
MB108 Q0 33252256350474240 287 -10.0606 indri
MB108 Q0 32442510362021888 288 -10.0606 indri
MB108 Q0 31808737194803203 289 -10.0606 indri
MB108 Q0 31646984511168512 290 -10.0606 indri
MB108 Q0 31622796543000577 291 -10.0606 indri
MB108 Q0 31621388901027840 292 -10.0606 indri
MB108 Q0 31598928277274625 293 -10.0606 indri
MB108 Q0 31550478768668672 294 -10.0606 indri
MB108 Q0 31513475188523008 295 -10.0606 indri
MB108 Q0 31170210362826754 296 -10.0606 indri
MB108 Q0 30665559376920576 297 -10.0606 indri
MB108 Q0 30385368821927936 298 -10.0606 indri
MB108 Q0 29742037280489472 299 -10.0606 indri
MB108 Q0 28999185671913472 300 -10.0606 indri
MB108 Q0 33373823239725056 301 -10.061 indri
MB108 Q0 32889406952050688 302 -10.061 indri
MB108 Q0 32644869813960705 303 -10.061 indri
MB108 Q0 32402478465032192 304 -10.061 indri
MB108 Q0 32222609290559489 305 -10.061 indri
MB108 Q0 31825154208178176 306 -10.061 indri
MB108 Q0 31169159681277952 307 -10.061 indri
MB108 Q0 31097233646551040 308 -10.061 indri
MB108 Q0 30918695719018497 309 -10.061 indri
MB108 Q0 30708478490189824 310 -10.061 indri
MB108 Q0 30434365657849856 311 -10.061 indri
MB108 Q0 29505551805186048 312 -10.061 indri
MB108 Q0 33216059548897280 313 -10.0614 indri
MB108 Q0 32966858604810240 314 -10.0614 indri
MB108 Q0 32941933701627904 315 -10.0614 indri
MB108 Q0 32652755453607936 316 -10.0614 indri
MB108 Q0 32603263777902592 317 -10.0614 indri
MB108 Q0 32566687958040576 318 -10.0614 indri
MB108 Q0 32563908984176640 319 -10.0614 indri
MB108 Q0 32355798445203456 320 -10.0614 indri
MB108 Q0 31990773918470144 321 -10.0614 indri
MB108 Q0 31342773940518912 322 -10.0614 indri
MB108 Q0 30987287663742978 323 -10.0614 indri
MB108 Q0 30619049402572800 324 -10.0614 indri
MB108 Q0 30265675582808064 325 -10.0614 indri
MB108 Q0 29865158847242242 326 -10.0614 indri
MB108 Q0 29710318464663553 327 -10.0614 indri
MB108 Q0 29381394752868352 328 -10.0614 indri
MB108 Q0 33726759635525632 329 -10.0618 indri
MB108 Q0 33719555578662912 330 -10.0618 indri
MB108 Q0 33095080994672641 331 -10.0618 indri
MB108 Q0 32962277594365952 332 -10.0618 indri
MB108 Q0 32629325710761984 333 -10.0618 indri
MB108 Q0 32593868323028993 334 -10.0618 indri
MB108 Q0 32483831923609600 335 -10.0618 indri
MB108 Q0 32185923353448448 336 -10.0618 indri
MB108 Q0 32083335127769088 337 -10.0618 indri
MB108 Q0 31985691705475072 338 -10.0618 indri
MB108 Q0 31922737266032640 339 -10.0618 indri
MB108 Q0 31709964955287552 340 -10.0618 indri
MB108 Q0 31587487977574402 341 -10.0618 indri
MB108 Q0 31066826599309313 342 -10.0618 indri
MB108 Q0 31036340153876480 343 -10.0618 indri
MB108 Q0 30833156399570944 344 -10.0618 indri
MB108 Q0 30333881362157568 345 -10.0618 indri
MB108 Q0 30040381986963457 346 -10.0618 indri
MB108 Q0 29750528913186818 347 -10.0618 indri
MB108 Q0 29677528973053952 348 -10.0618 indri
MB108 Q0 29670113099644928 349 -10.0618 indri
MB108 Q0 29403545992167424 350 -10.0618 indri
MB108 Q0 33415607894409216 351 -10.0622 indri
MB108 Q0 33323258568769536 352 -10.0622 indri
MB108 Q0 33250245936680960 353 -10.0622 indri
MB108 Q0 33091575194058752 354 -10.0622 indri
MB108 Q0 32931778293534720 355 -10.0622 indri
MB108 Q0 32812468891815936 356 -10.0622 indri
MB108 Q0 32236783194341376 357 -10.0622 indri
MB108 Q0 32222812169043969 358 -10.0622 indri
MB108 Q0 32009258069397505 359 -10.0622 indri
MB108 Q0 31827119994568704 360 -10.0622 indri
MB108 Q0 31767289917345792 361 -10.0622 indri
MB108 Q0 31566766668775424 362 -10.0622 indri
MB108 Q0 31528486610935809 363 -10.0622 indri
MB108 Q0 31242159206170624 364 -10.0622 indri
MB108 Q0 31128663156064256 365 -10.0622 indri
MB108 Q0 31040939057217536 366 -10.0622 indri
MB108 Q0 30846546383732736 367 -10.0622 indri
MB108 Q0 30497586745974784 368 -10.0622 indri
MB108 Q0 30368316887400449 369 -10.0622 indri
MB108 Q0 30262767789281280 370 -10.0622 indri
MB108 Q0 30129472778805248 371 -10.0622 indri
MB108 Q0 30034600826769408 372 -10.0622 indri
MB108 Q0 30009991859535872 373 -10.0622 indri
MB108 Q0 29894747652890624 374 -10.0622 indri
MB108 Q0 29525769176752129 375 -10.0622 indri
MB108 Q0 29445209821544448 376 -10.0622 indri
MB108 Q0 29271237934972928 377 -10.0622 indri
MB108 Q0 29218295072694272 378 -10.0622 indri
MB108 Q0 33686534855073792 379 -10.0626 indri
MB108 Q0 33434125973196800 380 -10.0626 indri
MB108 Q0 33309083419283456 381 -10.0626 indri
MB108 Q0 32549443211366400 382 -10.0626 indri
MB108 Q0 32377337991397376 383 -10.0626 indri
MB108 Q0 32314820485185536 384 -10.0626 indri
MB108 Q0 31774976700846080 385 -10.0626 indri
MB108 Q0 31745754770964480 386 -10.0626 indri
MB108 Q0 31314971304394752 387 -10.0626 indri
MB108 Q0 31248501773959168 388 -10.0626 indri
MB108 Q0 31117642047692800 389 -10.0626 indri
MB108 Q0 30886903481896960 390 -10.0626 indri
MB108 Q0 30330982355697664 391 -10.0626 indri
MB108 Q0 30138539404431360 392 -10.0626 indri
MB108 Q0 30051789361389568 393 -10.0626 indri
MB108 Q0 29909285836161024 394 -10.0626 indri
MB108 Q0 29615273166249985 395 -10.0626 indri
MB108 Q0 29234080818143233 396 -10.0626 indri
MB108 Q0 29210798781894656 397 -10.0626 indri
MB108 Q0 33694001253064704 398 -10.063 indri
MB108 Q0 33385031225311232 399 -10.063 indri
MB108 Q0 32968997494333440 400 -10.063 indri
MB108 Q0 32966550768066561 401 -10.063 indri
MB108 Q0 32826250871447552 402 -10.063 indri
MB108 Q0 32819377413820416 403 -10.063 indri
MB108 Q0 32639538547396608 404 -10.063 indri
MB108 Q0 32143057524629504 405 -10.063 indri
MB108 Q0 32118601821462528 406 -10.063 indri
MB108 Q0 32062221722849280 407 -10.063 indri
MB108 Q0 31872818631155712 408 -10.063 indri
MB108 Q0 31757153748389888 409 -10.063 indri
MB108 Q0 31345457632387072 410 -10.063 indri
MB108 Q0 30125453968670721 411 -10.063 indri
MB108 Q0 30091114488799232 412 -10.063 indri
MB108 Q0 29560227313487872 413 -10.063 indri
MB108 Q0 33740129096962048 414 -10.0633 indri
MB108 Q0 32923484724133888 415 -10.0633 indri
MB108 Q0 32378634106830848 416 -10.0633 indri
MB108 Q0 32172195044139009 417 -10.0633 indri
MB108 Q0 32144879710633984 418 -10.0633 indri
MB108 Q0 31095389788577792 419 -10.0633 indri
MB108 Q0 33272895786450945 420 -10.0637 indri
MB108 Q0 33048644190085120 421 -10.0637 indri
MB108 Q0 32262920112963584 422 -10.0637 indri
MB108 Q0 29760539697610752 423 -10.0637 indri
MB108 Q0 32957754742145024 424 -10.0641 indri
MB108 Q0 32252385766146048 425 -10.0641 indri
MB108 Q0 31825978699284481 426 -10.0641 indri
MB108 Q0 30050664734265344 427 -10.0641 indri
MB108 Q0 32802590987128832 428 -10.0645 indri
MB108 Q0 31846735789690880 429 -10.0649 indri
MB108 Q0 29718945086836736 430 -10.0653 indri
MB108 Q0 29661798873436160 431 -10.0973 indri
MB108 Q0 29322346674257920 432 -10.0973 indri
MB108 Q0 32683029801467904 433 -10.0977 indri
MB108 Q0 30084157782626304 434 -10.0977 indri
MB108 Q0 32679673116753920 435 -10.0981 indri
MB108 Q0 30379758692868096 436 -10.0981 indri
MB108 Q0 29692429728743424 437 -10.0985 indri
MB108 Q0 29232900385800192 438 -10.0985 indri
MB108 Q0 32865911849361408 439 -10.0989 indri
MB108 Q0 32555194642337793 440 -10.0989 indri
MB108 Q0 30311796183146496 441 -10.0989 indri
MB108 Q0 29909360826126337 442 -10.0989 indri
MB108 Q0 29287303402754048 443 -10.0989 indri
MB108 Q0 32891041493286912 444 -10.0993 indri
MB108 Q0 32537681904795648 445 -10.0993 indri
MB108 Q0 32307200877662208 446 -10.0993 indri
MB108 Q0 31649534723489792 447 -10.0993 indri
MB108 Q0 29197831495483392 448 -10.0993 indri
MB108 Q0 32782898918592512 449 -10.0997 indri
MB108 Q0 32711383078408192 450 -10.0997 indri
MB108 Q0 32282053609259008 451 -10.0997 indri
MB108 Q0 31077059820265472 452 -10.0997 indri
MB108 Q0 30810435263406080 453 -10.0997 indri
MB108 Q0 30772147420921856 454 -10.0997 indri
MB108 Q0 30392050180427777 455 -10.0997 indri
MB108 Q0 32759454151745536 456 -10.1001 indri
MB108 Q0 32156791408304128 457 -10.1001 indri
MB108 Q0 31431536888782849 458 -10.1001 indri
MB108 Q0 30703317260705792 459 -10.1001 indri
MB108 Q0 30360902930792448 460 -10.1001 indri
MB108 Q0 30096561035812866 461 -10.1001 indri
MB108 Q0 29356756974964736 462 -10.1001 indri
MB108 Q0 33779858882564096 463 -10.1005 indri
MB108 Q0 32765202038521856 464 -10.1005 indri
MB108 Q0 31650551997407233 465 -10.1005 indri
MB108 Q0 31586888758333440 466 -10.1005 indri
MB108 Q0 29987484758704128 467 -10.1005 indri
MB108 Q0 29239991838187520 468 -10.1005 indri
MB108 Q0 32799980343271424 469 -10.1009 indri
MB108 Q0 32178339846299648 470 -10.1009 indri
MB108 Q0 31837321712115712 471 -10.1009 indri
MB108 Q0 31797848748072960 472 -10.1009 indri
MB108 Q0 31392588917383168 473 -10.1009 indri
MB108 Q0 30619167971352576 474 -10.1009 indri
MB108 Q0 30448532657807360 475 -10.1009 indri
MB108 Q0 30316328753565696 476 -10.1009 indri
MB108 Q0 30303902045831168 477 -10.1009 indri
MB108 Q0 29988242392612864 478 -10.1009 indri
MB108 Q0 33688797438812160 479 -10.1013 indri
MB108 Q0 33083416555552768 480 -10.1013 indri
MB108 Q0 32959560876556288 481 -10.1013 indri
MB108 Q0 32934732886974464 482 -10.1013 indri
MB108 Q0 32854625224757248 483 -10.1013 indri
MB108 Q0 32826886287527936 484 -10.1013 indri
MB108 Q0 32777620131151873 485 -10.1013 indri
MB108 Q0 32427148039950336 486 -10.1013 indri
MB108 Q0 32370345809805312 487 -10.1013 indri
MB108 Q0 32368964772306945 488 -10.1013 indri
MB108 Q0 31787573525352448 489 -10.1013 indri
MB108 Q0 31206757816598528 490 -10.1013 indri
MB108 Q0 30730265886199808 491 -10.1013 indri
MB108 Q0 30725299704438784 492 -10.1013 indri
MB108 Q0 30715229033725953 493 -10.1013 indri
MB108 Q0 30444161958158336 494 -10.1013 indri
MB108 Q0 30159924151455744 495 -10.1013 indri
MB108 Q0 30029509591826433 496 -10.1013 indri
MB108 Q0 29232822015234048 497 -10.1013 indri
MB108 Q0 33790569155137537 498 -10.1017 indri
MB108 Q0 32968491413807104 499 -10.1017 indri
MB108 Q0 32893817451454464 500 -10.1017 indri
MB108 Q0 32880824181329920 501 -10.1017 indri
MB108 Q0 32849264216375296 502 -10.1017 indri
MB108 Q0 32675262789328896 503 -10.1017 indri
MB108 Q0 32633737896263681 504 -10.1017 indri
MB108 Q0 31132481088397312 505 -10.1017 indri
MB108 Q0 30850394980622336 506 -10.1017 indri
MB108 Q0 30809375870296065 507 -10.1017 indri
MB108 Q0 30780541309554688 508 -10.1017 indri
MB108 Q0 30300751792177152 509 -10.1017 indri
MB108 Q0 30017398971039744 510 -10.1017 indri
MB108 Q0 29403859583508480 511 -10.1017 indri
MB108 Q0 33687071260418048 512 -10.1021 indri
MB108 Q0 33653555952877568 513 -10.1021 indri
MB108 Q0 33253911783673856 514 -10.1021 indri
MB108 Q0 33208167987032064 515 -10.1021 indri
MB108 Q0 32858649550393344 516 -10.1021 indri
MB108 Q0 32773811963170816 517 -10.1021 indri
MB108 Q0 31903035881955328 518 -10.1021 indri
MB108 Q0 31891604549668864 519 -10.1021 indri
MB108 Q0 31462631134990336 520 -10.1021 indri
MB108 Q0 31359874243760128 521 -10.1021 indri
MB108 Q0 31334080993828864 522 -10.1021 indri
MB108 Q0 31129970591924224 523 -10.1021 indri
MB108 Q0 29748994884239360 524 -10.1021 indri
MB108 Q0 29528007576129536 525 -10.1021 indri
MB108 Q0 33543400095621120 526 -10.1025 indri
MB108 Q0 33179129830445056 527 -10.1025 indri
MB108 Q0 32963040148197377 528 -10.1025 indri
MB108 Q0 32463772526313472 529 -10.1025 indri
MB108 Q0 31221789967257600 530 -10.1025 indri
MB108 Q0 30570400383508480 531 -10.1025 indri
MB108 Q0 29328817680027648 532 -10.1025 indri
MB108 Q0 29247870372675584 533 -10.1025 indri
MB108 Q0 33647267399344128 534 -10.1029 indri
MB108 Q0 33038923923984384 535 -10.1029 indri
MB108 Q0 32904442533650432 536 -10.1029 indri
MB108 Q0 32883501040672768 537 -10.1029 indri
MB108 Q0 32848400894394368 538 -10.1029 indri
MB108 Q0 32840273067245570 539 -10.1029 indri
MB108 Q0 32769901353500672 540 -10.1029 indri
MB108 Q0 32756869390925824 541 -10.1029 indri
MB108 Q0 32385412827717632 542 -10.1029 indri
MB108 Q0 32235527272927232 543 -10.1029 indri
MB108 Q0 32108008070717440 544 -10.1029 indri
MB108 Q0 32079472500936704 545 -10.1029 indri
MB108 Q0 31593568409751552 546 -10.1029 indri
MB108 Q0 31102992153321472 547 -10.1029 indri
MB108 Q0 30841196125356033 548 -10.1029 indri
MB108 Q0 30323751501434881 549 -10.1029 indri
MB108 Q0 30026727140892672 550 -10.1029 indri
MB108 Q0 29765770430910464 551 -10.1029 indri
MB108 Q0 29420334599897088 552 -10.1029 indri
MB108 Q0 33537259806392320 553 -10.1033 indri
MB108 Q0 33176976457994240 554 -10.1033 indri
MB108 Q0 32140989766307840 555 -10.1033 indri
MB108 Q0 31036552117227520 556 -10.1033 indri
MB108 Q0 30248694959837184 557 -10.1033 indri
MB108 Q0 29929132829708288 558 -10.1033 indri
MB108 Q0 29637000386576384 559 -10.1033 indri
MB108 Q0 33704153570091008 560 -10.1037 indri
MB108 Q0 33534478009769984 561 -10.1037 indri
MB108 Q0 32686601213575168 562 -10.1037 indri
MB108 Q0 32088902076469248 563 -10.1037 indri
MB108 Q0 31424042116321281 564 -10.1037 indri
MB108 Q0 31352135354417152 565 -10.1037 indri
MB108 Q0 31055422089601024 566 -10.1037 indri
MB108 Q0 31025615498911744 567 -10.1037 indri
MB108 Q0 30801590034108417 568 -10.1037 indri
MB108 Q0 30755970992840705 569 -10.1037 indri
MB108 Q0 30741349401624576 570 -10.1037 indri
MB108 Q0 30279127491674112 571 -10.1037 indri
MB108 Q0 30236514352889856 572 -10.1037 indri
MB108 Q0 30231707084918784 573 -10.1037 indri
MB108 Q0 30011331667034113 574 -10.1037 indri
MB108 Q0 33751827858067456 575 -10.1041 indri
MB108 Q0 33707095035486209 576 -10.1041 indri
MB108 Q0 33675416971509760 577 -10.1041 indri
MB108 Q0 33470324511211520 578 -10.1041 indri
MB108 Q0 33429642065096704 579 -10.1041 indri
MB108 Q0 33429383612084224 580 -10.1041 indri
MB108 Q0 33422584724856833 581 -10.1041 indri
MB108 Q0 33400995891384320 582 -10.1041 indri
MB108 Q0 33397848678596608 583 -10.1041 indri
MB108 Q0 33381205600632833 584 -10.1041 indri
MB108 Q0 33370603771666433 585 -10.1041 indri
MB108 Q0 33367703288815616 586 -10.1041 indri
MB108 Q0 33366700254564352 587 -10.1041 indri
MB108 Q0 33366697842839552 588 -10.1041 indri
MB108 Q0 33357349674557440 589 -10.1041 indri
MB108 Q0 33355304263491584 590 -10.1041 indri
MB108 Q0 33306814225321984 591 -10.1041 indri
MB108 Q0 33286946583216128 592 -10.1041 indri
MB108 Q0 33285727500378112 593 -10.1041 indri
MB108 Q0 33264004583399424 594 -10.1041 indri
MB108 Q0 33254786828599297 595 -10.1041 indri
MB108 Q0 33252143142014977 596 -10.1041 indri
MB108 Q0 33251674298515456 597 -10.1041 indri
MB108 Q0 33248198533316609 598 -10.1041 indri
MB108 Q0 33228940298420225 599 -10.1041 indri
MB108 Q0 33223089101742080 600 -10.1041 indri
MB108 Q0 33147718712950784 601 -10.1041 indri
MB108 Q0 33146229852475392 602 -10.1041 indri
MB108 Q0 33120157136064512 603 -10.1041 indri
MB108 Q0 33119976537722880 604 -10.1041 indri
MB108 Q0 33115065146155008 605 -10.1041 indri
MB108 Q0 33098179255730176 606 -10.1041 indri
MB108 Q0 33083361941524480 607 -10.1041 indri
MB108 Q0 33062367134748672 608 -10.1041 indri
MB108 Q0 33062241062354944 609 -10.1041 indri
MB108 Q0 33050604733464576 610 -10.1041 indri
MB108 Q0 33039245761314816 611 -10.1041 indri
MB108 Q0 33034416708128770 612 -10.1041 indri
MB108 Q0 33007258015105024 613 -10.1041 indri
MB108 Q0 32994662411141120 614 -10.1041 indri
MB108 Q0 32991914613542913 615 -10.1041 indri
MB108 Q0 32950430384263168 616 -10.1041 indri
MB108 Q0 32943704356425730 617 -10.1041 indri
MB108 Q0 32942946613469184 618 -10.1041 indri
MB108 Q0 32938510843387905 619 -10.1041 indri
MB108 Q0 32936159705305088 620 -10.1041 indri
MB108 Q0 32918020703657985 621 -10.1041 indri
MB108 Q0 32859108453384192 622 -10.1041 indri
MB108 Q0 32778790912397312 623 -10.1041 indri
MB108 Q0 32777068538232832 624 -10.1041 indri
MB108 Q0 32762326096547840 625 -10.1041 indri
MB108 Q0 32760543559294976 626 -10.1041 indri
MB108 Q0 32760380119842816 627 -10.1041 indri
MB108 Q0 32544615789764609 628 -10.1041 indri
MB108 Q0 32521931173400577 629 -10.1041 indri
MB108 Q0 32491792259612672 630 -10.1041 indri
MB108 Q0 32436128845922305 631 -10.1041 indri
MB108 Q0 32406181553111040 632 -10.1041 indri
MB108 Q0 32225681786011649 633 -10.1041 indri
MB108 Q0 32215476239073280 634 -10.1041 indri
MB108 Q0 32137521878011904 635 -10.1041 indri
MB108 Q0 32054809972449281 636 -10.1041 indri
MB108 Q0 32006516865236993 637 -10.1041 indri
MB108 Q0 31955300059717632 638 -10.1041 indri
MB108 Q0 31803474018570240 639 -10.1041 indri
MB108 Q0 31788087369531392 640 -10.1041 indri
MB108 Q0 31754825435713536 641 -10.1041 indri
MB108 Q0 31734110883942400 642 -10.1041 indri
MB108 Q0 31730659894493184 643 -10.1041 indri
MB108 Q0 31700461123805184 644 -10.1041 indri
MB108 Q0 31436317329981440 645 -10.1041 indri
MB108 Q0 31413209680314370 646 -10.1041 indri
MB108 Q0 31096005491425280 647 -10.1041 indri
MB108 Q0 31036127045488640 648 -10.1041 indri
MB108 Q0 30957562367053824 649 -10.1041 indri
MB108 Q0 30945550274662400 650 -10.1041 indri
MB108 Q0 30802588148432896 651 -10.1041 indri
MB108 Q0 30672398726463488 652 -10.1041 indri
MB108 Q0 30670803502628864 653 -10.1041 indri
MB108 Q0 30661942456623105 654 -10.1041 indri
MB108 Q0 30564156771930112 655 -10.1041 indri
MB108 Q0 30547177637945344 656 -10.1041 indri
MB108 Q0 30529222350999552 657 -10.1041 indri
MB108 Q0 30474386658041856 658 -10.1041 indri
MB108 Q0 30449984801349632 659 -10.1041 indri
MB108 Q0 30448729878171648 660 -10.1041 indri
MB108 Q0 30448681287159808 661 -10.1041 indri
MB108 Q0 30419884336742400 662 -10.1041 indri
MB108 Q0 30325815539400704 663 -10.1041 indri
MB108 Q0 30259928509718528 664 -10.1041 indri
MB108 Q0 30226626675482624 665 -10.1041 indri
MB108 Q0 30211562484531200 666 -10.1041 indri
MB108 Q0 30188509599899648 667 -10.1041 indri
MB108 Q0 30171734632038400 668 -10.1041 indri
MB108 Q0 30154650623680512 669 -10.1041 indri
MB108 Q0 30123377603649538 670 -10.1041 indri
MB108 Q0 30115241803128833 671 -10.1041 indri
MB108 Q0 30076012234539008 672 -10.1041 indri
MB108 Q0 30045168493133824 673 -10.1041 indri
MB108 Q0 29995382943514624 674 -10.1041 indri
MB108 Q0 29964349367918594 675 -10.1041 indri
MB108 Q0 29858911720837120 676 -10.1041 indri
MB108 Q0 29751311406727168 677 -10.1041 indri
MB108 Q0 29706240594542592 678 -10.1041 indri
MB108 Q0 29620322466529280 679 -10.1041 indri
MB108 Q0 29620316091191297 680 -10.1041 indri
MB108 Q0 29471294584004608 681 -10.1041 indri
MB108 Q0 29330562581798912 682 -10.1041 indri
MB108 Q0 29268836519772160 683 -10.1041 indri
MB108 Q0 29190420600725504 684 -10.1041 indri
MB108 Q0 29081548024193025 685 -10.1041 indri
MB108 Q0 33677457659928576 686 -10.1045 indri
MB108 Q0 32947554140295168 687 -10.1045 indri
MB108 Q0 32919285395365888 688 -10.1045 indri
MB108 Q0 32863644286976001 689 -10.1045 indri
MB108 Q0 32830068304646144 690 -10.1045 indri
MB108 Q0 31105757042712577 691 -10.1045 indri
MB108 Q0 30715000498683905 692 -10.1045 indri
MB108 Q0 30694520244928513 693 -10.1045 indri
MB108 Q0 30604965042982912 694 -10.1045 indri
MB108 Q0 30388998446784512 695 -10.1045 indri
MB108 Q0 29574520696209408 696 -10.1045 indri
MB108 Q0 29433919136866304 697 -10.1045 indri
MB108 Q0 29376147867308032 698 -10.1045 indri
MB108 Q0 29315049419964416 699 -10.1045 indri
MB108 Q0 33684233071362048 700 -10.1049 indri
MB108 Q0 33271691756961792 701 -10.1049 indri
MB108 Q0 33123259792752641 702 -10.1049 indri
MB108 Q0 33078228079878144 703 -10.1049 indri
MB108 Q0 32927437092294656 704 -10.1049 indri
MB108 Q0 32868235011424256 705 -10.1049 indri
MB108 Q0 32775749438013441 706 -10.1049 indri
MB108 Q0 32666947992682496 707 -10.1049 indri
MB108 Q0 32655710613413888 708 -10.1049 indri
MB108 Q0 32307225741492224 709 -10.1049 indri
MB108 Q0 32073088464068608 710 -10.1049 indri
MB108 Q0 31424532757614593 711 -10.1049 indri
MB108 Q0 31109020601286656 712 -10.1049 indri
MB108 Q0 30906003490873344 713 -10.1049 indri
MB108 Q0 30727508789821441 714 -10.1049 indri
MB108 Q0 30547427794620416 715 -10.1049 indri
MB108 Q0 29987540589088768 716 -10.1049 indri
MB108 Q0 29735416735203329 717 -10.1049 indri
MB108 Q0 29514019861692416 718 -10.1049 indri
MB108 Q0 33665693417357312 719 -10.1053 indri
MB108 Q0 33645387591983104 720 -10.1053 indri
MB108 Q0 33467058930851840 721 -10.1053 indri
MB108 Q0 33291641104109569 722 -10.1053 indri
MB108 Q0 32779931423346688 723 -10.1053 indri
MB108 Q0 32628459113029633 724 -10.1053 indri
MB108 Q0 32138230572777472 725 -10.1053 indri
MB108 Q0 31767548655575040 726 -10.1053 indri
MB108 Q0 31229055122542592 727 -10.1053 indri
MB108 Q0 30992404894982144 728 -10.1053 indri
MB108 Q0 30862580280983552 729 -10.1053 indri
MB108 Q0 30395172835565568 730 -10.1053 indri
MB108 Q0 29601112327716864 731 -10.1053 indri
MB108 Q0 29564314805338112 732 -10.1053 indri
MB108 Q0 33533058908946432 733 -10.1057 indri
MB108 Q0 33030921057734656 734 -10.1057 indri
MB108 Q0 32906905592532994 735 -10.1057 indri
MB108 Q0 32863765603024896 736 -10.1057 indri
MB108 Q0 32768224797917184 737 -10.1057 indri
MB108 Q0 32068016917188608 738 -10.1057 indri
MB108 Q0 31931829850214400 739 -10.1057 indri
MB108 Q0 31665464476172288 740 -10.1057 indri
MB108 Q0 31059185907011585 741 -10.1057 indri
MB108 Q0 30716507969294336 742 -10.1057 indri
MB108 Q0 29369678723817472 743 -10.1057 indri
MB108 Q0 33752555020353537 744 -10.1061 indri
MB108 Q0 33143051094327296 745 -10.1061 indri
MB108 Q0 33139487408132097 746 -10.1061 indri
MB108 Q0 32924524571791360 747 -10.1061 indri
MB108 Q0 32594084115775488 748 -10.1061 indri
MB108 Q0 32436588348702720 749 -10.1061 indri
MB108 Q0 31750906454216704 750 -10.1061 indri
MB108 Q0 31439231742124032 751 -10.1061 indri
MB108 Q0 31404346327433217 752 -10.1061 indri
MB108 Q0 30938158203932672 753 -10.1061 indri
MB108 Q0 30737077498814464 754 -10.1061 indri
MB108 Q0 30293387416440832 755 -10.1061 indri
MB108 Q0 30114726981672960 756 -10.1061 indri
MB108 Q0 33332981724614656 757 -10.1065 indri
MB108 Q0 33251970860978176 758 -10.1065 indri
MB108 Q0 32903678704746496 759 -10.1065 indri
MB108 Q0 32799696695074816 760 -10.1065 indri
MB108 Q0 31947455226445825 761 -10.1065 indri
MB108 Q0 31784945097637888 762 -10.1065 indri
MB108 Q0 31347172712652800 763 -10.1065 indri
MB108 Q0 31088107080122368 764 -10.1065 indri
MB108 Q0 30694783181651968 765 -10.1065 indri
MB108 Q0 30409711706710017 766 -10.1065 indri
MB108 Q0 30265609270857728 767 -10.1065 indri
MB108 Q0 30040228064399360 768 -10.1065 indri
MB108 Q0 29001424499118080 769 -10.1065 indri
MB108 Q0 33004633278386176 770 -10.1069 indri
MB108 Q0 32803082345652225 771 -10.1069 indri
MB108 Q0 32478379517149185 772 -10.1069 indri
MB108 Q0 30676226746097664 773 -10.1069 indri
MB108 Q0 33290871545798656 774 -10.1072 indri
MB108 Q0 31101948463685633 775 -10.1072 indri
MB108 Q0 33431587278290944 776 -10.1076 indri
MB108 Q0 31107663127379969 777 -10.1076 indri
MB108 Q0 29609456803258368 778 -10.1076 indri
MB108 Q0 29060241526099968 779 -10.1076 indri
MB108 Q0 30523770468827136 780 -10.108 indri
MB108 Q0 29415556071292929 781 -10.108 indri
MB108 Q0 30922193466556416 782 -10.1088 indri
MB108 Q0 32588941303488512 783 -10.1976 indri
MB108 Q0 32488632648470528 784 -10.1984 indri
MB108 Q0 31793893074800640 785 -10.1984 indri
MB108 Q0 29502598813843456 786 -10.1984 indri
MB108 Q0 31411678478336000 787 -10.1988 indri
MB108 Q0 30105174869549056 788 -10.1988 indri
MB108 Q0 33237650559213568 789 -10.1992 indri
MB108 Q0 32572337027026944 790 -10.1992 indri
MB108 Q0 31212278883811328 791 -10.1992 indri
MB108 Q0 30189376629645313 792 -10.1992 indri
MB108 Q0 29203802531831810 793 -10.1992 indri
MB108 Q0 30535905886339073 794 -10.1996 indri
MB108 Q0 29716382631329792 795 -10.1996 indri
MB108 Q0 33730968644755456 796 -10.2 indri
MB108 Q0 33241320529068032 797 -10.2 indri
MB108 Q0 30958057605308416 798 -10.2 indri
MB108 Q0 30946843974176768 799 -10.2 indri
MB108 Q0 30249376303550464 800 -10.2 indri
MB108 Q0 33718805255421952 801 -10.2004 indri
MB108 Q0 33490060154388480 802 -10.2004 indri
MB108 Q0 33391124039077888 803 -10.2004 indri
MB108 Q0 31431505863516160 804 -10.2004 indri
MB108 Q0 30728473685262336 805 -10.2004 indri
MB108 Q0 30219117483003904 806 -10.2004 indri
MB108 Q0 29913512633434113 807 -10.2004 indri
MB108 Q0 33639985844322304 808 -10.2008 indri
MB108 Q0 33030040513941504 809 -10.2008 indri
MB108 Q0 32798363179028482 810 -10.2008 indri
MB108 Q0 32797286178234368 811 -10.2008 indri
MB108 Q0 32178371186139136 812 -10.2008 indri
MB108 Q0 31836210355773440 813 -10.2008 indri
MB108 Q0 31676049200783360 814 -10.2008 indri
MB108 Q0 31575493568368640 815 -10.2008 indri
MB108 Q0 31447064105717760 816 -10.2008 indri
MB108 Q0 31407528763990016 817 -10.2008 indri
MB108 Q0 31205822352592900 818 -10.2008 indri
MB108 Q0 31110360031301632 819 -10.2008 indri
MB108 Q0 31051776174071808 820 -10.2008 indri
MB108 Q0 30881595149778944 821 -10.2008 indri
MB108 Q0 30662827714809856 822 -10.2008 indri
MB108 Q0 30109868216033280 823 -10.2008 indri
MB108 Q0 33691898908512256 824 -10.2012 indri
MB108 Q0 33317275889049601 825 -10.2012 indri
MB108 Q0 33232369204989952 826 -10.2012 indri
MB108 Q0 33003144124301312 827 -10.2012 indri
MB108 Q0 32714552047042561 828 -10.2012 indri
MB108 Q0 32681735246323712 829 -10.2012 indri
MB108 Q0 32414902484205569 830 -10.2012 indri
MB108 Q0 31757990570754048 831 -10.2012 indri
MB108 Q0 30906216418906112 832 -10.2012 indri
MB108 Q0 30555713512148992 833 -10.2012 indri
MB108 Q0 30292640683524096 834 -10.2012 indri
MB108 Q0 30093772738002944 835 -10.2012 indri
MB108 Q0 29785420300558336 836 -10.2012 indri
MB108 Q0 29496085303005184 837 -10.2012 indri
MB108 Q0 29431338704576512 838 -10.2012 indri
MB108 Q0 29406910469906432 839 -10.2012 indri
MB108 Q0 28973583686438912 840 -10.2012 indri
MB108 Q0 33699156958646272 841 -10.2016 indri
MB108 Q0 33432820403802112 842 -10.2016 indri
MB108 Q0 33041489059651584 843 -10.2016 indri
MB108 Q0 32961568811524096 844 -10.2016 indri
MB108 Q0 32952974552604672 845 -10.2016 indri
MB108 Q0 32500980213882880 846 -10.2016 indri
MB108 Q0 32269511751110656 847 -10.2016 indri
MB108 Q0 32093908955561985 848 -10.2016 indri
MB108 Q0 31672420708388866 849 -10.2016 indri
MB108 Q0 31571418600710144 850 -10.2016 indri
MB108 Q0 31556848117096449 851 -10.2016 indri
MB108 Q0 31449793788125184 852 -10.2016 indri
MB108 Q0 31163912938332160 853 -10.2016 indri
MB108 Q0 31088571624464384 854 -10.2016 indri
MB108 Q0 29717718437462016 855 -10.2016 indri
MB108 Q0 29307976577716224 856 -10.2016 indri
MB108 Q0 29300112211574784 857 -10.2016 indri
MB108 Q0 29257716706836480 858 -10.2016 indri
MB108 Q0 29250425752395776 859 -10.2016 indri
MB108 Q0 33251770444550144 860 -10.202 indri
MB108 Q0 33196111179026432 861 -10.202 indri
MB108 Q0 33050075731066880 862 -10.202 indri
MB108 Q0 32626538864189440 863 -10.202 indri
MB108 Q0 32461020979003394 864 -10.202 indri
MB108 Q0 32237418513965057 865 -10.202 indri
MB108 Q0 31829285975097345 866 -10.202 indri
MB108 Q0 31764359281647617 867 -10.202 indri
MB108 Q0 31602321712480256 868 -10.202 indri
MB108 Q0 31588064451100673 869 -10.202 indri
MB108 Q0 31515283294257153 870 -10.202 indri
MB108 Q0 31389552111263744 871 -10.202 indri
MB108 Q0 31069793977114624 872 -10.202 indri
MB108 Q0 30921797528457217 873 -10.202 indri
MB108 Q0 30874531581136897 874 -10.202 indri
MB108 Q0 30788492762021888 875 -10.202 indri
MB108 Q0 30483075754369024 876 -10.202 indri
MB108 Q0 30477616028852225 877 -10.202 indri
MB108 Q0 30455089877491712 878 -10.202 indri
MB108 Q0 30452749061586944 879 -10.202 indri
MB108 Q0 30398868076109824 880 -10.202 indri
MB108 Q0 30369505280532480 881 -10.202 indri
MB108 Q0 30324462360469504 882 -10.202 indri
MB108 Q0 30115057497014272 883 -10.202 indri
MB108 Q0 30099935802163201 884 -10.202 indri
MB108 Q0 30099637222248448 885 -10.202 indri
MB108 Q0 29933889464045569 886 -10.202 indri
MB108 Q0 29917157705912320 887 -10.202 indri
MB108 Q0 29677473180422144 888 -10.202 indri
MB108 Q0 29409861749964801 889 -10.202 indri
MB108 Q0 29181567465168897 890 -10.202 indri
MB108 Q0 33137019177807872 891 -10.2024 indri
MB108 Q0 33011699317473280 892 -10.2024 indri
MB108 Q0 32547997975842816 893 -10.2024 indri
MB108 Q0 32159850863525888 894 -10.2024 indri
MB108 Q0 31914014611087360 895 -10.2024 indri
MB108 Q0 31865103435440130 896 -10.2024 indri
MB108 Q0 31457236794482688 897 -10.2024 indri
MB108 Q0 31417627167428608 898 -10.2024 indri
MB108 Q0 31122496203792384 899 -10.2024 indri
MB108 Q0 30971465310412801 900 -10.2024 indri
MB108 Q0 30857301208334336 901 -10.2024 indri
MB108 Q0 30446730390540288 902 -10.2024 indri
MB108 Q0 30297351599947776 903 -10.2024 indri
MB108 Q0 30056221310455808 904 -10.2024 indri
MB108 Q0 29943026218442752 905 -10.2024 indri
MB108 Q0 29907459720093697 906 -10.2024 indri
MB108 Q0 29292156199895040 907 -10.2024 indri
MB108 Q0 33649579542970368 908 -10.2028 indri
MB108 Q0 33534834366365696 909 -10.2028 indri
MB108 Q0 33411999090081792 910 -10.2028 indri
MB108 Q0 33324215784439808 911 -10.2028 indri
MB108 Q0 33299779211493376 912 -10.2028 indri
MB108 Q0 33271143985061889 913 -10.2028 indri
MB108 Q0 33225431993810944 914 -10.2028 indri
MB108 Q0 33123793455026176 915 -10.2028 indri
MB108 Q0 33018194453073920 916 -10.2028 indri
MB108 Q0 32972365512196096 917 -10.2028 indri
MB108 Q0 32798073449091072 918 -10.2028 indri
MB108 Q0 32682022770049024 919 -10.2028 indri
MB108 Q0 32621154875211776 920 -10.2028 indri
MB108 Q0 32082708163198976 921 -10.2028 indri
MB108 Q0 31758366644637696 922 -10.2028 indri
MB108 Q0 31326217307168768 923 -10.2028 indri
MB108 Q0 31121300223168514 924 -10.2028 indri
MB108 Q0 31117236538179584 925 -10.2028 indri
MB108 Q0 31083514283692033 926 -10.2028 indri
MB108 Q0 31054825605046272 927 -10.2028 indri
MB108 Q0 30978368132358144 928 -10.2028 indri
MB108 Q0 30844373147062272 929 -10.2028 indri
MB108 Q0 30767534428917760 930 -10.2028 indri
MB108 Q0 30602873804947458 931 -10.2028 indri
MB108 Q0 30291866020749312 932 -10.2028 indri
MB108 Q0 30229595387076608 933 -10.2028 indri
MB108 Q0 29977115172544512 934 -10.2028 indri
MB108 Q0 29959527667335168 935 -10.2028 indri
MB108 Q0 29952900088201216 936 -10.2028 indri
MB108 Q0 29944472129241089 937 -10.2028 indri
MB108 Q0 29762746656497664 938 -10.2028 indri
MB108 Q0 29760581506433024 939 -10.2028 indri
MB108 Q0 29737869992001537 940 -10.2028 indri
MB108 Q0 29625210286120960 941 -10.2028 indri
MB108 Q0 29624458541006849 942 -10.2028 indri
MB108 Q0 29591985991979008 943 -10.2028 indri
MB108 Q0 29493851513167872 944 -10.2028 indri
MB108 Q0 29352151155212289 945 -10.2028 indri
MB108 Q0 29282772040290304 946 -10.2028 indri
MB108 Q0 29245257686196224 947 -10.2028 indri
MB108 Q0 33401119208116224 948 -10.2032 indri
MB108 Q0 33379068606947328 949 -10.2032 indri
MB108 Q0 33255288123424769 950 -10.2032 indri
MB108 Q0 33068086525427712 951 -10.2032 indri
MB108 Q0 32860433454993408 952 -10.2032 indri
MB108 Q0 32767672257089536 953 -10.2032 indri
MB108 Q0 32631732654051329 954 -10.2032 indri
MB108 Q0 32604546417041408 955 -10.2032 indri
MB108 Q0 32526661899526144 956 -10.2032 indri
MB108 Q0 31836939938168832 957 -10.2032 indri
MB108 Q0 30852424096813056 958 -10.2032 indri
MB108 Q0 30393256177041409 959 -10.2032 indri
MB108 Q0 29705357651615745 960 -10.2032 indri
MB108 Q0 29665324244668416 961 -10.2032 indri
MB108 Q0 29592403002265600 962 -10.2032 indri
MB108 Q0 29578598998347777 963 -10.2032 indri
MB108 Q0 29532391202627584 964 -10.2032 indri
MB108 Q0 29507710202417152 965 -10.2032 indri
MB108 Q0 29428221279739904 966 -10.2032 indri
MB108 Q0 28992427842867200 967 -10.2032 indri
MB108 Q0 28971560790401024 968 -10.2032 indri
MB108 Q0 33482312133910528 969 -10.2036 indri
MB108 Q0 33319526145724416 970 -10.2036 indri
MB108 Q0 33239130217381888 971 -10.2036 indri
MB108 Q0 33195942148579328 972 -10.2036 indri
MB108 Q0 32984560081833984 973 -10.2036 indri
MB108 Q0 32854455313502208 974 -10.2036 indri
MB108 Q0 32776380550746112 975 -10.2036 indri
MB108 Q0 32423529349652480 976 -10.2036 indri
MB108 Q0 32288343643398145 977 -10.2036 indri
MB108 Q0 32268169095675905 978 -10.2036 indri
MB108 Q0 32212228207808512 979 -10.2036 indri
MB108 Q0 31705594679271424 980 -10.2036 indri
MB108 Q0 31521583193391104 981 -10.2036 indri
MB108 Q0 31386486125371392 982 -10.2036 indri
MB108 Q0 31223200973062145 983 -10.2036 indri
MB108 Q0 31099585426358272 984 -10.2036 indri
MB108 Q0 31078367419695104 985 -10.2036 indri
MB108 Q0 31062965440487425 986 -10.2036 indri
MB108 Q0 30999715713654784 987 -10.2036 indri
MB108 Q0 30661346861260800 988 -10.2036 indri
MB108 Q0 30641958024122368 989 -10.2036 indri
MB108 Q0 30522213694185472 990 -10.2036 indri
MB108 Q0 30345487374614529 991 -10.2036 indri
MB108 Q0 30094890125758464 992 -10.2036 indri
MB108 Q0 29776247735189504 993 -10.2036 indri
MB108 Q0 29603149782188032 994 -10.2036 indri
MB108 Q0 29125878877257730 995 -10.2036 indri
MB108 Q0 33736627268354048 996 -10.204 indri
MB108 Q0 33684070546284544 997 -10.204 indri
MB108 Q0 33660781543297025 998 -10.204 indri
MB108 Q0 33647220926595072 999 -10.204 indri
MB108 Q0 33404590158249984 1000 -10.204 indri
MB108 Q0 33236086322896897 1001 -10.204 indri
MB108 Q0 33117883383029760 1002 -10.204 indri
MB108 Q0 32983160652304384 1003 -10.204 indri
MB108 Q0 32983052497981442 1004 -10.204 indri
MB108 Q0 32981802830266368 1005 -10.204 indri
MB108 Q0 32885240384987136 1006 -10.204 indri
MB108 Q0 32612628861820930 1007 -10.204 indri
MB108 Q0 32445607415119872 1008 -10.204 indri
MB108 Q0 32416411515092992 1009 -10.204 indri
MB108 Q0 32400710200983552 1010 -10.204 indri
MB108 Q0 32397029040721920 1011 -10.204 indri
MB108 Q0 32390639698051072 1012 -10.204 indri
MB108 Q0 32374887947444225 1013 -10.204 indri
MB108 Q0 32188250810490881 1014 -10.204 indri
MB108 Q0 32133977875685377 1015 -10.204 indri
MB108 Q0 32064685863870467 1016 -10.204 indri
MB108 Q0 31007227082973184 1017 -10.204 indri
MB108 Q0 30828551506763777 1018 -10.204 indri
MB108 Q0 30636711750930432 1019 -10.204 indri
MB108 Q0 30341195330756608 1020 -10.204 indri
MB108 Q0 30142522151927808 1021 -10.204 indri
MB108 Q0 30121211564400640 1022 -10.204 indri
MB108 Q0 30063662785888257 1023 -10.204 indri
MB108 Q0 29898752999292928 1024 -10.204 indri
MB108 Q0 29898206133362689 1025 -10.204 indri
MB108 Q0 29897988520280065 1026 -10.204 indri
MB108 Q0 29868688748318720 1027 -10.204 indri
MB108 Q0 29700536487911426 1028 -10.204 indri
MB108 Q0 29664840968568832 1029 -10.204 indri
MB108 Q0 29202061061001216 1030 -10.204 indri
MB108 Q0 33717753340760064 1031 -10.2044 indri
MB108 Q0 33321730890010624 1032 -10.2044 indri
MB108 Q0 33152196258308096 1033 -10.2044 indri
MB108 Q0 32958480344154112 1034 -10.2044 indri
MB108 Q0 32922654440689664 1035 -10.2044 indri
MB108 Q0 32899416029401088 1036 -10.2044 indri
MB108 Q0 32856230355537920 1037 -10.2044 indri
MB108 Q0 32827853233983489 1038 -10.2044 indri
MB108 Q0 32786318450753537 1039 -10.2044 indri
MB108 Q0 32746423791390720 1040 -10.2044 indri
MB108 Q0 32685185845694464 1041 -10.2044 indri
MB108 Q0 32634808895012864 1042 -10.2044 indri
MB108 Q0 32304246221185024 1043 -10.2044 indri
MB108 Q0 32269004210962432 1044 -10.2044 indri
MB108 Q0 32265055537987585 1045 -10.2044 indri
MB108 Q0 32222576415608832 1046 -10.2044 indri
MB108 Q0 32204635833901056 1047 -10.2044 indri
MB108 Q0 32191513924472832 1048 -10.2044 indri
MB108 Q0 32098680530014208 1049 -10.2044 indri
MB108 Q0 32086862533230592 1050 -10.2044 indri
MB108 Q0 31794627992358912 1051 -10.2044 indri
MB108 Q0 31432366446608384 1052 -10.2044 indri
MB108 Q0 31109853908832256 1053 -10.2044 indri
MB108 Q0 31051651129286656 1054 -10.2044 indri
MB108 Q0 30959575377117184 1055 -10.2044 indri
MB108 Q0 30916924837732352 1056 -10.2044 indri
MB108 Q0 30794184348667904 1057 -10.2044 indri
MB108 Q0 30672900033875970 1058 -10.2044 indri
MB108 Q0 30632554453278720 1059 -10.2044 indri
MB108 Q0 30574778586763264 1060 -10.2044 indri
MB108 Q0 29560448491720704 1061 -10.2044 indri
MB108 Q0 29475500686581760 1062 -10.2044 indri
MB108 Q0 29443138233835520 1063 -10.2044 indri
MB108 Q0 29436979808571392 1064 -10.2044 indri
MB108 Q0 29395944491450369 1065 -10.2044 indri
MB108 Q0 29344047562756096 1066 -10.2044 indri
MB108 Q0 29186929333379072 1067 -10.2044 indri
MB108 Q0 33692861648084992 1068 -10.2048 indri
MB108 Q0 33449907968806912 1069 -10.2048 indri
MB108 Q0 33433598107320320 1070 -10.2048 indri
MB108 Q0 33341551153258496 1071 -10.2048 indri
MB108 Q0 33296432110768128 1072 -10.2048 indri
MB108 Q0 33282271125442561 1073 -10.2048 indri
MB108 Q0 33279870452637696 1074 -10.2048 indri
MB108 Q0 33232917631082496 1075 -10.2048 indri
MB108 Q0 33232868146675713 1076 -10.2048 indri
MB108 Q0 32889659520454656 1077 -10.2048 indri
MB108 Q0 32826814552350720 1078 -10.2048 indri
MB108 Q0 32746236150808576 1079 -10.2048 indri
MB108 Q0 32578910034071552 1080 -10.2048 indri
MB108 Q0 32447384013250560 1081 -10.2048 indri
MB108 Q0 32138095700738048 1082 -10.2048 indri
MB108 Q0 32010050365034496 1083 -10.2048 indri
MB108 Q0 31828993732780032 1084 -10.2048 indri
MB108 Q0 31737091809349632 1085 -10.2048 indri
MB108 Q0 31681766292987904 1086 -10.2048 indri
MB108 Q0 31644658392104960 1087 -10.2048 indri
MB108 Q0 31416092228325376 1088 -10.2048 indri
MB108 Q0 31375699000434689 1089 -10.2048 indri
MB108 Q0 31316301624377344 1090 -10.2048 indri
MB108 Q0 31280426588835840 1091 -10.2048 indri
MB108 Q0 31240886285242368 1092 -10.2048 indri
MB108 Q0 31148650176450560 1093 -10.2048 indri
MB108 Q0 31019482939924480 1094 -10.2048 indri
MB108 Q0 31009172111753216 1095 -10.2048 indri
MB108 Q0 30814936187801601 1096 -10.2048 indri
MB108 Q0 30367363798933504 1097 -10.2048 indri
MB108 Q0 30357165625577472 1098 -10.2048 indri
MB108 Q0 30129772868669440 1099 -10.2048 indri
MB108 Q0 30043340481241089 1100 -10.2048 indri
MB108 Q0 29969560778051586 1101 -10.2048 indri
MB108 Q0 29947002787729408 1102 -10.2048 indri
MB108 Q0 29719041316757504 1103 -10.2048 indri
MB108 Q0 29697530321178624 1104 -10.2048 indri
MB108 Q0 29661638558744576 1105 -10.2048 indri
MB108 Q0 29627932200669184 1106 -10.2048 indri
MB108 Q0 29470374601170944 1107 -10.2048 indri
MB108 Q0 29469086207451136 1108 -10.2048 indri
MB108 Q0 29375236000448512 1109 -10.2048 indri
MB108 Q0 29246526236663808 1110 -10.2048 indri
MB108 Q0 29155269334269952 1111 -10.2048 indri
MB108 Q0 33424990581817345 1112 -10.2052 indri
MB108 Q0 33415806532452352 1113 -10.2052 indri
MB108 Q0 33316948750237696 1114 -10.2052 indri
MB108 Q0 33243384105664512 1115 -10.2052 indri
MB108 Q0 33241658736775168 1116 -10.2052 indri
MB108 Q0 33240730465992704 1117 -10.2052 indri
MB108 Q0 33225336523071488 1118 -10.2052 indri
MB108 Q0 33217290279329792 1119 -10.2052 indri
MB108 Q0 33216872908333056 1120 -10.2052 indri
MB108 Q0 33202940567097344 1121 -10.2052 indri
MB108 Q0 33173969460797440 1122 -10.2052 indri
MB108 Q0 33169415235178496 1123 -10.2052 indri
MB108 Q0 33141263146422273 1124 -10.2052 indri
MB108 Q0 33113915353206784 1125 -10.2052 indri
MB108 Q0 33095007246221312 1126 -10.2052 indri
MB108 Q0 33053743754780672 1127 -10.2052 indri
MB108 Q0 33035167522103297 1128 -10.2052 indri
MB108 Q0 32817029908004864 1129 -10.2052 indri
MB108 Q0 32807863302758400 1130 -10.2052 indri
MB108 Q0 32783740686049280 1131 -10.2052 indri
MB108 Q0 32728563262160896 1132 -10.2052 indri
MB108 Q0 32720375284498432 1133 -10.2052 indri
MB108 Q0 32660029123338240 1134 -10.2052 indri
MB108 Q0 32596302961311744 1135 -10.2052 indri
MB108 Q0 32556690490531841 1136 -10.2052 indri
MB108 Q0 32553823830540288 1137 -10.2052 indri
MB108 Q0 32479865101885442 1138 -10.2052 indri
MB108 Q0 32376783705735168 1139 -10.2052 indri
MB108 Q0 32269953407131648 1140 -10.2052 indri
MB108 Q0 32125952624431104 1141 -10.2052 indri
MB108 Q0 32123739223105536 1142 -10.2052 indri
MB108 Q0 32089562545131520 1143 -10.2052 indri
MB108 Q0 32060228044333056 1144 -10.2052 indri
MB108 Q0 31770091230076929 1145 -10.2052 indri
MB108 Q0 31731606611824640 1146 -10.2052 indri
MB108 Q0 31405866871689216 1147 -10.2052 indri
MB108 Q0 31244161067778048 1148 -10.2052 indri
MB108 Q0 31217804535402496 1149 -10.2052 indri
MB108 Q0 31188654219067392 1150 -10.2052 indri
MB108 Q0 31028091723710464 1151 -10.2052 indri
MB108 Q0 31009932551651329 1152 -10.2052 indri
MB108 Q0 31000650967945216 1153 -10.2052 indri
MB108 Q0 30938582436806656 1154 -10.2052 indri
MB108 Q0 30918164816596992 1155 -10.2052 indri
MB108 Q0 30885038333624320 1156 -10.2052 indri
MB108 Q0 30839749585408000 1157 -10.2052 indri
MB108 Q0 30833867736748034 1158 -10.2052 indri
MB108 Q0 30523301663084545 1159 -10.2052 indri
MB108 Q0 30452136923893760 1160 -10.2052 indri
MB108 Q0 30439179359879168 1161 -10.2052 indri
MB108 Q0 30399719641448448 1162 -10.2052 indri
MB108 Q0 30395425013891074 1163 -10.2052 indri
MB108 Q0 30366726512185344 1164 -10.2052 indri
MB108 Q0 30344306904535041 1165 -10.2052 indri
MB108 Q0 30314406529212416 1166 -10.2052 indri
MB108 Q0 30249702817529856 1167 -10.2052 indri
MB108 Q0 30249426572288001 1168 -10.2052 indri
MB108 Q0 30020025523896321 1169 -10.2052 indri
MB108 Q0 29920777696448513 1170 -10.2052 indri
MB108 Q0 29913624822685698 1171 -10.2052 indri
MB108 Q0 29904442836910080 1172 -10.2052 indri
MB108 Q0 29881574375821312 1173 -10.2052 indri
MB108 Q0 29871371303518208 1174 -10.2052 indri
MB108 Q0 29692447743287297 1175 -10.2052 indri
MB108 Q0 29679484282077184 1176 -10.2052 indri
MB108 Q0 29649694829318144 1177 -10.2052 indri
MB108 Q0 29607078003740672 1178 -10.2052 indri
MB108 Q0 29596816899047425 1179 -10.2052 indri
MB108 Q0 29571090657320961 1180 -10.2052 indri
MB108 Q0 33472656095313920 1181 -10.2056 indri
MB108 Q0 33372565263097856 1182 -10.2056 indri
MB108 Q0 33309594772054016 1183 -10.2056 indri
MB108 Q0 33276947257630720 1184 -10.2056 indri
MB108 Q0 33169338773012480 1185 -10.2056 indri
MB108 Q0 33114038267289600 1186 -10.2056 indri
MB108 Q0 33073656909406208 1187 -10.2056 indri
MB108 Q0 33027081830924290 1188 -10.2056 indri
MB108 Q0 32869068599984128 1189 -10.2056 indri
MB108 Q0 32841195390509056 1190 -10.2056 indri
MB108 Q0 32824635586256897 1191 -10.2056 indri
MB108 Q0 32581136123166720 1192 -10.2056 indri
MB108 Q0 32452558198939649 1193 -10.2056 indri
MB108 Q0 32435088729837568 1194 -10.2056 indri
MB108 Q0 32241477455187968 1195 -10.2056 indri
MB108 Q0 32234950736482304 1196 -10.2056 indri
MB108 Q0 32226663181852672 1197 -10.2056 indri
MB108 Q0 32146374753517568 1198 -10.2056 indri
MB108 Q0 32095678180098048 1199 -10.2056 indri
MB108 Q0 32019210695610368 1200 -10.2056 indri
MB108 Q0 31955953456775168 1201 -10.2056 indri
MB108 Q0 31747854464716800 1202 -10.2056 indri
MB108 Q0 31678809103142912 1203 -10.2056 indri
MB108 Q0 31327533475561473 1204 -10.2056 indri
MB108 Q0 31289322464346112 1205 -10.2056 indri
MB108 Q0 31223417764052993 1206 -10.2056 indri
MB108 Q0 31051907371892736 1207 -10.2056 indri
MB108 Q0 31032833455693824 1208 -10.2056 indri
MB108 Q0 30971058806849536 1209 -10.2056 indri
MB108 Q0 30869863782162432 1210 -10.2056 indri
MB108 Q0 30859740133203968 1211 -10.2056 indri
MB108 Q0 30682970314510336 1212 -10.2056 indri
MB108 Q0 30658823291146240 1213 -10.2056 indri
MB108 Q0 30580133165268992 1214 -10.2056 indri
MB108 Q0 30540462305574912 1215 -10.2056 indri
MB108 Q0 30401526312730624 1216 -10.2056 indri
MB108 Q0 30377942009774080 1217 -10.2056 indri
MB108 Q0 30345104640184321 1218 -10.2056 indri
MB108 Q0 30180064318464000 1219 -10.2056 indri
MB108 Q0 30128072044838912 1220 -10.2056 indri
MB108 Q0 29930013759373312 1221 -10.2056 indri
MB108 Q0 29873962112524288 1222 -10.2056 indri
MB108 Q0 29845583426490368 1223 -10.2056 indri
MB108 Q0 29745344061374464 1224 -10.2056 indri
MB108 Q0 29708006333620224 1225 -10.2056 indri
MB108 Q0 29695285814894592 1226 -10.2056 indri
MB108 Q0 29633401749241856 1227 -10.2056 indri
MB108 Q0 29623703302053888 1228 -10.2056 indri
MB108 Q0 29616317669572608 1229 -10.2056 indri
MB108 Q0 29542225083895808 1230 -10.2056 indri
MB108 Q0 29394902177546240 1231 -10.2056 indri
MB108 Q0 29347970675646464 1232 -10.2056 indri
MB108 Q0 29311746623668224 1233 -10.2056 indri
MB108 Q0 29189834950053888 1234 -10.2056 indri
MB108 Q0 29076243383058432 1235 -10.2056 indri
MB108 Q0 29071623076188160 1236 -10.2056 indri
MB108 Q0 28969145227812864 1237 -10.2056 indri
MB108 Q0 33706975720116224 1238 -10.206 indri
MB108 Q0 33198507208740864 1239 -10.206 indri
MB108 Q0 33192720050692096 1240 -10.206 indri
MB108 Q0 33122973762199552 1241 -10.206 indri
MB108 Q0 33112611511869440 1242 -10.206 indri
MB108 Q0 33000460902211584 1243 -10.206 indri
MB108 Q0 32846406133751808 1244 -10.206 indri
MB108 Q0 32832116811108352 1245 -10.206 indri
MB108 Q0 32670286574780416 1246 -10.206 indri
MB108 Q0 32649180652503040 1247 -10.206 indri
MB108 Q0 32645993367347200 1248 -10.206 indri
MB108 Q0 32408567608778752 1249 -10.206 indri
MB108 Q0 32347765350604800 1250 -10.206 indri
MB108 Q0 32122455195648000 1251 -10.206 indri
MB108 Q0 31705328043163649 1252 -10.206 indri
MB108 Q0 31640927348981761 1253 -10.206 indri
MB108 Q0 31226624938610690 1254 -10.206 indri
MB108 Q0 31027949943652352 1255 -10.206 indri
MB108 Q0 30685837477810177 1256 -10.206 indri
MB108 Q0 30676983977349120 1257 -10.206 indri
MB108 Q0 30672165112123392 1258 -10.206 indri
MB108 Q0 30560013617463296 1259 -10.206 indri
MB108 Q0 30498239715213313 1260 -10.206 indri
MB108 Q0 30411919089209344 1261 -10.206 indri
MB108 Q0 30371733336760320 1262 -10.206 indri
MB108 Q0 30279432782487552 1263 -10.206 indri
MB108 Q0 30151708831121409 1264 -10.206 indri
MB108 Q0 29976746132504576 1265 -10.206 indri
MB108 Q0 29962463503978499 1266 -10.206 indri
MB108 Q0 29942186732683264 1267 -10.206 indri
MB108 Q0 29936709844074496 1268 -10.206 indri
MB108 Q0 29879508483973120 1269 -10.206 indri
MB108 Q0 29671629046947840 1270 -10.206 indri
MB108 Q0 29661191697600513 1271 -10.206 indri
MB108 Q0 29588374847225857 1272 -10.206 indri
MB108 Q0 29552631709958144 1273 -10.206 indri
MB108 Q0 29510656684204032 1274 -10.206 indri
MB108 Q0 29481394644197377 1275 -10.206 indri
MB108 Q0 29416405304610816 1276 -10.206 indri
MB108 Q0 29384104520720384 1277 -10.206 indri
MB108 Q0 29244585200844801 1278 -10.206 indri
MB108 Q0 33531251860176896 1279 -10.2064 indri
MB108 Q0 33373914017038337 1280 -10.2064 indri
MB108 Q0 33241572652879872 1281 -10.2064 indri
MB108 Q0 33177669550080000 1282 -10.2064 indri
MB108 Q0 32910097088778240 1283 -10.2064 indri
MB108 Q0 32816573999747074 1284 -10.2064 indri
MB108 Q0 32656013765120000 1285 -10.2064 indri
MB108 Q0 32621275738275840 1286 -10.2064 indri
MB108 Q0 32454455949524993 1287 -10.2064 indri
MB108 Q0 32381906448285696 1288 -10.2064 indri
MB108 Q0 32302422349058048 1289 -10.2064 indri
MB108 Q0 32187032868487168 1290 -10.2064 indri
MB108 Q0 32183728964894720 1291 -10.2064 indri
MB108 Q0 32050455441842176 1292 -10.2064 indri
MB108 Q0 31963663598362624 1293 -10.2064 indri
MB108 Q0 31759777625276416 1294 -10.2064 indri
MB108 Q0 31616007453806592 1295 -10.2064 indri
MB108 Q0 31578369921388544 1296 -10.2064 indri
MB108 Q0 31578284659580928 1297 -10.2064 indri
MB108 Q0 31577987069513728 1298 -10.2064 indri
MB108 Q0 31561174432616448 1299 -10.2064 indri
MB108 Q0 31413572273700865 1300 -10.2064 indri
MB108 Q0 31372499052666880 1301 -10.2064 indri
MB108 Q0 31350148831379456 1302 -10.2064 indri
MB108 Q0 31092397404323840 1303 -10.2064 indri
MB108 Q0 30963629473927169 1304 -10.2064 indri
MB108 Q0 30925498611671040 1305 -10.2064 indri
MB108 Q0 30685876187045889 1306 -10.2064 indri
MB108 Q0 30621629146988544 1307 -10.2064 indri
MB108 Q0 30421407384997888 1308 -10.2064 indri
MB108 Q0 30397272495751168 1309 -10.2064 indri
MB108 Q0 30380243164340224 1310 -10.2064 indri
MB108 Q0 30360764330020865 1311 -10.2064 indri
MB108 Q0 30217331900682240 1312 -10.2064 indri
MB108 Q0 29971179301240833 1313 -10.2064 indri
MB108 Q0 29558270746173440 1314 -10.2064 indri
MB108 Q0 33771144662224896 1315 -10.2068 indri
MB108 Q0 33655798483648512 1316 -10.2068 indri
MB108 Q0 33396065398947840 1317 -10.2068 indri
MB108 Q0 33270708217843712 1318 -10.2068 indri
MB108 Q0 33260792681865216 1319 -10.2068 indri
MB108 Q0 33081857872498688 1320 -10.2068 indri
MB108 Q0 32914215924662273 1321 -10.2068 indri
MB108 Q0 32872096451268608 1322 -10.2068 indri
MB108 Q0 32445422874136576 1323 -10.2068 indri
MB108 Q0 32317790568321024 1324 -10.2068 indri
MB108 Q0 32251838120075265 1325 -10.2068 indri
MB108 Q0 32213767060197376 1326 -10.2068 indri
MB108 Q0 32107635117391872 1327 -10.2068 indri
MB108 Q0 32090579902926850 1328 -10.2068 indri
MB108 Q0 32010223531073536 1329 -10.2068 indri
MB108 Q0 31634874687295488 1330 -10.2068 indri
MB108 Q0 31434111562293248 1331 -10.2068 indri
MB108 Q0 31115096591695872 1332 -10.2068 indri
MB108 Q0 31104640120524800 1333 -10.2068 indri
MB108 Q0 30584399552581632 1334 -10.2068 indri
MB108 Q0 30498132039045120 1335 -10.2068 indri
MB108 Q0 30351825693573120 1336 -10.2068 indri
MB108 Q0 30252066400108544 1337 -10.2068 indri
MB108 Q0 30232346091323392 1338 -10.2068 indri
MB108 Q0 30213397949710336 1339 -10.2068 indri
MB108 Q0 30176451051397120 1340 -10.2068 indri
MB108 Q0 30131950882660352 1341 -10.2068 indri
MB108 Q0 29618225163534337 1342 -10.2068 indri
MB108 Q0 29443240130248704 1343 -10.2068 indri
MB108 Q0 29077633538990080 1344 -10.2068 indri
MB108 Q0 28994765739524096 1345 -10.2068 indri
MB108 Q0 33387655844597760 1346 -10.2072 indri
MB108 Q0 33186383136821248 1347 -10.2072 indri
MB108 Q0 32916290322710528 1348 -10.2072 indri
MB108 Q0 32442592830427137 1349 -10.2072 indri
MB108 Q0 32034115066793984 1350 -10.2072 indri
MB108 Q0 31899732913688576 1351 -10.2072 indri
MB108 Q0 31653912528293888 1352 -10.2072 indri
MB108 Q0 31023052586229761 1353 -10.2072 indri
MB108 Q0 30965030707007488 1354 -10.2072 indri
MB108 Q0 30622696266010624 1355 -10.2072 indri
MB108 Q0 29901043886202880 1356 -10.2072 indri
MB108 Q0 29796374706913280 1357 -10.2072 indri
MB108 Q0 29744275646316545 1358 -10.2072 indri
MB108 Q0 29529476140371968 1359 -10.2072 indri
MB108 Q0 33230523929202689 1360 -10.2076 indri
MB108 Q0 31471179030077440 1361 -10.2076 indri
MB108 Q0 31457430357413888 1362 -10.2076 indri
MB108 Q0 31395264430350336 1363 -10.2076 indri
MB108 Q0 30897080444657664 1364 -10.2076 indri
MB108 Q0 30372994316505088 1365 -10.2076 indri
MB108 Q0 30091455322136576 1366 -10.2076 indri
MB108 Q0 29994591243468800 1367 -10.2076 indri
MB108 Q0 29088822822174720 1368 -10.2076 indri
MB108 Q0 32331781759832065 1369 -10.208 indri
MB108 Q0 31849554433282048 1370 -10.208 indri
MB108 Q0 30623402909761537 1371 -10.208 indri
MB108 Q0 32514365429121025 1372 -10.2083 indri
MB108 Q0 32289092205027328 1373 -10.2083 indri
MB108 Q0 29965726416633857 1374 -10.2083 indri
MB108 Q0 29332088062742528 1375 -10.2083 indri
MB108 Q0 29242700796534784 1376 -10.2083 indri
MB108 Q0 33287712832233472 1377 -10.2087 indri
MB108 Q0 31838439070507008 1378 -10.2087 indri
MB108 Q0 30371205223550976 1379 -10.2087 indri
MB108 Q0 29940610966224897 1380 -10.2091 indri
MB108 Q0 29217480526266368 1381 -10.2091 indri
