MB072 Q0 29636527076151296 1 -9.16445 indri
MB072 Q0 29908944281403392 2 -9.16524 indri
MB072 Q0 31303292260720640 3 -9.39406 indri
MB072 Q0 31912472742985728 4 -9.49988 indri
MB072 Q0 29420342854291456 5 -9.49988 indri
MB072 Q0 31911108986019840 6 -9.50028 indri
MB072 Q0 29381118868332544 7 -9.50028 indri
MB072 Q0 29375616339939328 8 -9.50028 indri
MB072 Q0 30812676904976387 9 -9.50068 indri
MB072 Q0 29353838351753217 10 -9.50068 indri
MB072 Q0 29313649952694272 11 -9.50068 indri
MB072 Q0 29312669580263424 12 -9.50068 indri
MB072 Q0 29256195252424704 13 -9.50068 indri
MB072 Q0 32151946735386625 14 -9.50107 indri
MB072 Q0 31944362699001856 15 -9.50107 indri
MB072 Q0 31271249032257537 16 -9.50107 indri
MB072 Q0 30686521824645121 17 -9.50107 indri
MB072 Q0 29379480678047744 18 -9.50107 indri
MB072 Q0 29322606087770112 19 -9.50107 indri
MB072 Q0 29306143478124544 20 -9.50107 indri
MB072 Q0 29266217764130816 21 -9.50107 indri
MB072 Q0 29026331312263168 22 -9.50107 indri
MB072 Q0 31914056130498560 23 -9.50147 indri
MB072 Q0 30610394124910592 24 -9.50147 indri
MB072 Q0 30409100781158400 25 -9.50147 indri
MB072 Q0 29687101444333568 26 -9.50147 indri
MB072 Q0 29304995585204224 27 -9.50147 indri
MB072 Q0 29252434459103232 28 -9.50147 indri
MB072 Q0 29136145220632576 29 -9.50147 indri
MB072 Q0 31911380839829505 30 -9.50187 indri
MB072 Q0 29773345864024064 31 -9.50187 indri
MB072 Q0 29406191079661568 32 -9.50187 indri
MB072 Q0 29246465519910912 33 -9.50187 indri
MB072 Q0 32147942655655937 34 -9.50227 indri
MB072 Q0 30042099944521728 35 -9.50227 indri
MB072 Q0 29968005068759040 36 -9.50227 indri
MB072 Q0 29605976273326080 37 -9.50227 indri
MB072 Q0 29335186407694336 38 -9.50227 indri
MB072 Q0 29305997717671936 39 -9.50227 indri
MB072 Q0 29305405138010112 40 -9.50227 indri
MB072 Q0 29261312072622080 41 -9.50227 indri
MB072 Q0 31930602097741824 42 -9.50267 indri
MB072 Q0 31911944407490560 43 -9.50267 indri
MB072 Q0 31008319246172160 44 -9.50267 indri
MB072 Q0 30306965607415808 45 -9.50267 indri
MB072 Q0 29409146537246720 46 -9.50267 indri
MB072 Q0 29377714037198848 47 -9.50267 indri
MB072 Q0 29364393342935040 48 -9.50267 indri
MB072 Q0 29328192661618689 49 -9.50267 indri
MB072 Q0 29314953886306304 50 -9.50267 indri
MB072 Q0 29250490843791360 51 -9.50267 indri
MB072 Q0 31983510407356416 52 -9.50307 indri
MB072 Q0 31256410318708736 53 -9.50307 indri
MB072 Q0 30545314721042433 54 -9.50307 indri
MB072 Q0 30447879961186304 55 -9.50307 indri
MB072 Q0 29829500577513472 56 -9.50307 indri
MB072 Q0 29546090135035904 57 -9.50307 indri
MB072 Q0 29382879624568832 58 -9.50307 indri
MB072 Q0 29373297728684032 59 -9.50307 indri
MB072 Q0 29322095246708737 60 -9.50307 indri
MB072 Q0 31914966193799168 61 -9.50347 indri
MB072 Q0 31743342748377088 62 -9.50347 indri
MB072 Q0 29303954420535297 63 -9.50347 indri
MB072 Q0 29302423323414528 64 -9.50347 indri
MB072 Q0 29548970288087041 65 -9.50386 indri
MB072 Q0 29300097778978816 66 -9.50386 indri
MB072 Q0 29294970749849601 67 -9.50386 indri
MB072 Q0 31925844725202945 68 -9.50426 indri
MB072 Q0 31900524118802432 69 -9.50426 indri
MB072 Q0 31877995631222784 70 -9.50426 indri
MB072 Q0 31747404764028928 71 -9.50426 indri
MB072 Q0 31162339302576128 72 -9.50426 indri
MB072 Q0 31003331988033536 73 -9.50426 indri
MB072 Q0 30825979786043392 74 -9.50426 indri
MB072 Q0 30220894810935296 75 -9.50426 indri
MB072 Q0 29425251033022464 76 -9.50426 indri
MB072 Q0 29369444966858752 77 -9.50426 indri
MB072 Q0 29317455553765376 78 -9.50426 indri
MB072 Q0 29263731053568000 79 -9.50426 indri
MB072 Q0 31953306892898304 80 -9.50466 indri
MB072 Q0 31909554505646080 81 -9.50466 indri
MB072 Q0 30823312523268096 82 -9.50466 indri
MB072 Q0 29740477985062912 83 -9.50466 indri
MB072 Q0 29676966479134720 84 -9.50466 indri
MB072 Q0 29353106701549568 85 -9.50466 indri
MB072 Q0 29289771616436224 86 -9.50466 indri
MB072 Q0 32187009527193600 87 -9.50506 indri
MB072 Q0 31879820992323585 88 -9.50506 indri
MB072 Q0 31549597696393216 89 -9.50506 indri
MB072 Q0 31263727667908608 90 -9.50506 indri
MB072 Q0 30768757521514496 91 -9.50506 indri
MB072 Q0 29700929787789312 92 -9.50506 indri
MB072 Q0 29414113486569473 93 -9.50506 indri
MB072 Q0 31538217484288000 94 -9.50545 indri
MB072 Q0 30837461697429505 95 -9.50545 indri
MB072 Q0 30823766661537792 96 -9.50545 indri
MB072 Q0 30246843615027200 97 -9.50545 indri
MB072 Q0 31910297069424640 98 -9.50585 indri
MB072 Q0 31864962649432067 99 -9.50585 indri
MB072 Q0 30476151075901440 100 -9.50585 indri
MB072 Q0 29977423562940416 101 -9.50585 indri
MB072 Q0 29636125962276864 102 -9.50585 indri
MB072 Q0 29015887616937985 103 -9.50585 indri
MB072 Q0 31792998517837824 104 -9.50625 indri
MB072 Q0 29997788423004160 105 -9.50625 indri
MB072 Q0 29618800995344384 106 -9.50625 indri
MB072 Q0 29382289779597312 107 -9.50625 indri
MB072 Q0 29377314487799808 108 -9.50625 indri
MB072 Q0 29372270048714752 109 -9.50625 indri
MB072 Q0 29295828791197696 110 -9.50625 indri
MB072 Q0 29233297804496896 111 -9.50625 indri
MB072 Q0 31543324775030784 112 -9.50665 indri
MB072 Q0 31182195607470080 113 -9.50665 indri
MB072 Q0 30471853801738240 114 -9.50665 indri
MB072 Q0 30418412970704896 115 -9.50665 indri
MB072 Q0 30090400978964480 116 -9.50665 indri
MB072 Q0 32037286308745216 117 -9.50704 indri
MB072 Q0 31614488960569344 118 -9.50704 indri
MB072 Q0 31048385632927744 119 -9.50704 indri
MB072 Q0 31012403894288385 120 -9.50704 indri
MB072 Q0 30036051900764160 121 -9.50704 indri
MB072 Q0 29667593191161856 122 -9.50704 indri
MB072 Q0 29366085979471872 123 -9.50704 indri
MB072 Q0 29299327918673920 124 -9.50704 indri
MB072 Q0 29244065966989312 125 -9.50704 indri
MB072 Q0 31801245534523393 126 -9.50744 indri
MB072 Q0 31548821070684160 127 -9.50744 indri
MB072 Q0 31117687467802624 128 -9.50744 indri
MB072 Q0 30810435741556736 129 -9.50744 indri
MB072 Q0 30379552593149952 130 -9.50744 indri
MB072 Q0 29926077681893376 131 -9.50744 indri
MB072 Q0 29134877605502976 132 -9.50744 indri
MB072 Q0 32159711998513152 133 -9.50784 indri
MB072 Q0 30321124550115329 134 -9.50784 indri
MB072 Q0 29939536586866689 135 -9.50784 indri
MB072 Q0 29723582753939456 136 -9.50784 indri
MB072 Q0 29649091789070336 137 -9.50784 indri
MB072 Q0 29225405709819905 138 -9.50784 indri
MB072 Q0 31966899776528385 139 -9.50823 indri
MB072 Q0 30841105708744704 140 -9.50823 indri
MB072 Q0 30376078199492608 141 -9.50823 indri
MB072 Q0 29929504977715200 142 -9.50823 indri
MB072 Q0 29368515894968320 143 -9.50823 indri
MB072 Q0 30818606325440512 144 -9.50863 indri
MB072 Q0 30701873052778496 145 -9.50863 indri
MB072 Q0 29337214311731200 146 -9.50863 indri
MB072 Q0 30022190015455233 147 -9.50902 indri
MB072 Q0 31965133550919680 148 -9.50942 indri
MB072 Q0 31021918584832000 149 -9.50942 indri
MB072 Q0 31830929169186817 150 -9.50981 indri
MB072 Q0 29283034075238400 151 -9.51021 indri
MB072 Q0 31862899848777729 152 -9.59117 indri
MB072 Q0 30463920862924801 153 -9.59196 indri
MB072 Q0 29671271910342656 154 -9.59276 indri
MB072 Q0 29671224690876416 155 -9.59315 indri
MB072 Q0 31870523365396480 156 -9.59395 indri
MB072 Q0 29673799905452032 157 -9.59474 indri
MB072 Q0 31418765769969665 158 -9.59514 indri
MB072 Q0 31039143832190976 159 -9.59553 indri
MB072 Q0 30022814559895552 160 -9.92452 indri
MB072 Q0 30714125839499264 161 -9.92532 indri
MB072 Q0 31234726291316736 162 -9.92572 indri
MB072 Q0 30519926049480705 163 -9.92572 indri
MB072 Q0 29591632382795776 164 -9.92572 indri
MB072 Q0 30344687856394240 165 -9.92612 indri
MB072 Q0 32024820250050560 166 -9.92652 indri
MB072 Q0 31396570708574208 167 -9.92652 indri
MB072 Q0 31093301163589632 168 -9.92652 indri
MB072 Q0 30513112490713088 169 -9.92652 indri
MB072 Q0 30385347288367104 170 -9.92652 indri
MB072 Q0 30100706291621888 171 -9.92652 indri
MB072 Q0 31881741127917568 172 -9.92692 indri
MB072 Q0 30436646243536896 173 -9.92692 indri
MB072 Q0 31416130564263936 174 -9.92732 indri
MB072 Q0 31197584395603968 175 -9.92732 indri
MB072 Q0 31066301929623552 176 -9.92732 indri
MB072 Q0 30399049706250240 177 -9.92732 indri
MB072 Q0 30314987108962304 178 -9.92732 indri
MB072 Q0 32183686296244224 179 -9.92771 indri
MB072 Q0 32029355165097985 180 -9.92771 indri
MB072 Q0 31820406931329024 181 -9.92771 indri
MB072 Q0 31465254718283776 182 -9.92771 indri
MB072 Q0 31422810811277312 183 -9.92771 indri
MB072 Q0 31205113750097920 184 -9.92771 indri
MB072 Q0 30558822862954496 185 -9.92771 indri
MB072 Q0 29981560304304129 186 -9.92771 indri
MB072 Q0 29286375220060160 187 -9.92771 indri
MB072 Q0 31830053079744512 188 -9.92811 indri
MB072 Q0 31775094531424256 189 -9.92811 indri
MB072 Q0 31525428883623936 190 -9.92811 indri
MB072 Q0 31096427920760832 191 -9.92811 indri
MB072 Q0 31066950842982401 192 -9.92811 indri
MB072 Q0 30924583309680641 193 -9.92811 indri
MB072 Q0 30724228584050688 194 -9.92811 indri
MB072 Q0 30062776089059328 195 -9.92811 indri
MB072 Q0 29833689282121728 196 -9.92811 indri
MB072 Q0 29731891842125824 197 -9.92811 indri
MB072 Q0 29669244090191873 198 -9.92811 indri
MB072 Q0 29651785186545664 199 -9.92811 indri
MB072 Q0 29494507418427392 200 -9.92811 indri
MB072 Q0 31452468525146114 201 -9.92851 indri
MB072 Q0 31119688805126144 202 -9.92851 indri
MB072 Q0 30776361224245249 203 -9.92851 indri
MB072 Q0 30666352754692097 204 -9.92851 indri
MB072 Q0 29753211376115712 205 -9.92851 indri
MB072 Q0 29663889742368768 206 -9.92851 indri
MB072 Q0 29368554130243587 207 -9.92851 indri
MB072 Q0 32176157306650624 208 -9.92891 indri
MB072 Q0 31860035025899520 209 -9.92891 indri
MB072 Q0 31561897249607680 210 -9.92891 indri
MB072 Q0 31090278819430400 211 -9.92891 indri
MB072 Q0 30971524399759361 212 -9.92891 indri
MB072 Q0 30841359178928128 213 -9.92891 indri
MB072 Q0 30748362785427457 214 -9.92891 indri
MB072 Q0 30702971121565697 215 -9.92891 indri
MB072 Q0 30539468427493376 216 -9.92891 indri
MB072 Q0 30522212154871808 217 -9.92891 indri
MB072 Q0 30389037470588928 218 -9.92891 indri
MB072 Q0 30232900741890048 219 -9.92891 indri
MB072 Q0 29923033804185600 220 -9.92891 indri
MB072 Q0 29661671219793920 221 -9.92891 indri
MB072 Q0 29531248728743936 222 -9.92891 indri
MB072 Q0 29493937257320449 223 -9.92891 indri
MB072 Q0 29342331169673216 224 -9.92891 indri
MB072 Q0 29225192035196928 225 -9.92891 indri
MB072 Q0 29150022960414721 226 -9.92891 indri
MB072 Q0 31970771173646336 227 -9.92931 indri
MB072 Q0 31949306760003584 228 -9.92931 indri
MB072 Q0 31744573600440320 229 -9.92931 indri
MB072 Q0 31564675988590592 230 -9.92931 indri
MB072 Q0 31521089871941632 231 -9.92931 indri
MB072 Q0 31270561283833857 232 -9.92931 indri
MB072 Q0 31112217998925825 233 -9.92931 indri
MB072 Q0 30474639293554688 234 -9.92931 indri
MB072 Q0 30207139666468865 235 -9.92931 indri
MB072 Q0 30155168100126720 236 -9.92931 indri
MB072 Q0 30094373140037632 237 -9.92931 indri
MB072 Q0 29958895514419200 238 -9.92931 indri
MB072 Q0 29714685624320001 239 -9.92931 indri
MB072 Q0 29665759294652417 240 -9.92931 indri
MB072 Q0 29352745429372929 241 -9.92931 indri
MB072 Q0 29282120975257601 242 -9.92931 indri
MB072 Q0 32166028582588416 243 -9.9297 indri
MB072 Q0 31341393234366464 244 -9.9297 indri
MB072 Q0 30971862104150016 245 -9.9297 indri
MB072 Q0 30651509347717120 246 -9.9297 indri
MB072 Q0 30621751163486208 247 -9.9297 indri
MB072 Q0 30061590988460032 248 -9.9297 indri
MB072 Q0 29787441938309120 249 -9.9297 indri
MB072 Q0 29695961043304449 250 -9.9297 indri
MB072 Q0 29658853511528449 251 -9.9297 indri
MB072 Q0 29587368067465216 252 -9.9297 indri
MB072 Q0 29505229795885056 253 -9.9297 indri
MB072 Q0 29264317807329280 254 -9.9297 indri
MB072 Q0 29254686527721472 255 -9.9297 indri
MB072 Q0 29228619540729856 256 -9.9297 indri
MB072 Q0 29095170678988800 257 -9.9297 indri
MB072 Q0 31603792143192064 258 -9.9301 indri
MB072 Q0 30487832757800960 259 -9.9301 indri
MB072 Q0 30435295434383360 260 -9.9301 indri
MB072 Q0 30151881397374976 261 -9.9301 indri
MB072 Q0 30113032696758272 262 -9.9301 indri
MB072 Q0 29927903013638144 263 -9.9301 indri
MB072 Q0 29537799183007745 264 -9.9301 indri
MB072 Q0 29527596211372033 265 -9.9301 indri
MB072 Q0 29325743557181440 266 -9.9301 indri
MB072 Q0 29306243373862912 267 -9.9301 indri
MB072 Q0 29052298130886656 268 -9.9301 indri
MB072 Q0 29044760861736961 269 -9.9301 indri
MB072 Q0 32169271199010816 270 -9.9305 indri
MB072 Q0 32136727107739648 271 -9.9305 indri
MB072 Q0 31871981989142529 272 -9.9305 indri
MB072 Q0 31749683785240576 273 -9.9305 indri
MB072 Q0 31744990254206976 274 -9.9305 indri
MB072 Q0 31444930089984000 275 -9.9305 indri
MB072 Q0 31396502278512640 276 -9.9305 indri
MB072 Q0 31040685947748353 277 -9.9305 indri
MB072 Q0 31032748357455873 278 -9.9305 indri
MB072 Q0 30424772374433792 279 -9.9305 indri
MB072 Q0 30395135405588480 280 -9.9305 indri
MB072 Q0 30377118097477632 281 -9.9305 indri
MB072 Q0 29662309588668416 282 -9.9305 indri
MB072 Q0 29653259245326336 283 -9.9305 indri
MB072 Q0 28973673792667648 284 -9.9305 indri
MB072 Q0 32082219241574400 285 -9.9309 indri
MB072 Q0 31700738669289472 286 -9.9309 indri
MB072 Q0 31425153292304384 287 -9.9309 indri
MB072 Q0 31117383573700608 288 -9.9309 indri
MB072 Q0 30770611269664769 289 -9.9309 indri
MB072 Q0 30743983416152064 290 -9.9309 indri
MB072 Q0 30708638066679808 291 -9.9309 indri
MB072 Q0 30369284483977217 292 -9.9309 indri
MB072 Q0 30308757778997249 293 -9.9309 indri
MB072 Q0 30297765334491136 294 -9.9309 indri
MB072 Q0 30081213997780994 295 -9.9309 indri
MB072 Q0 29602385009577984 296 -9.9309 indri
MB072 Q0 29578019869822977 297 -9.9309 indri
MB072 Q0 29383467414327296 298 -9.9309 indri
MB072 Q0 29206529425022976 299 -9.9309 indri
MB072 Q0 31811492697350144 300 -9.93129 indri
MB072 Q0 31664892566044673 301 -9.93129 indri
MB072 Q0 31440137816645632 302 -9.93129 indri
MB072 Q0 31399266329038849 303 -9.93129 indri
MB072 Q0 31242684131713024 304 -9.93129 indri
MB072 Q0 31037534121238529 305 -9.93129 indri
MB072 Q0 30779415134736384 306 -9.93129 indri
MB072 Q0 30449738574725120 307 -9.93129 indri
MB072 Q0 30353207150510080 308 -9.93129 indri
MB072 Q0 30333446249259008 309 -9.93129 indri
MB072 Q0 30331530953891840 310 -9.93129 indri
MB072 Q0 30200621302816769 311 -9.93129 indri
MB072 Q0 30016715723112449 312 -9.93129 indri
MB072 Q0 29912241591549952 313 -9.93129 indri
MB072 Q0 29569418170208256 314 -9.93129 indri
MB072 Q0 31980579805200384 315 -9.93169 indri
MB072 Q0 31574913701650432 316 -9.93169 indri
MB072 Q0 31538714622558208 317 -9.93169 indri
MB072 Q0 31445503677833216 318 -9.93169 indri
MB072 Q0 31158585505357824 319 -9.93169 indri
MB072 Q0 31142309173141504 320 -9.93169 indri
MB072 Q0 31098565577154561 321 -9.93169 indri
MB072 Q0 31040436059508737 322 -9.93169 indri
MB072 Q0 30922676923015168 323 -9.93169 indri
MB072 Q0 30877411881000961 324 -9.93169 indri
MB072 Q0 30872212474953728 325 -9.93169 indri
MB072 Q0 30763900748177408 326 -9.93169 indri
MB072 Q0 30740011624177664 327 -9.93169 indri
MB072 Q0 30660817464598528 328 -9.93169 indri
MB072 Q0 30618900714491905 329 -9.93169 indri
MB072 Q0 30397964958572545 330 -9.93169 indri
MB072 Q0 30371438619787265 331 -9.93169 indri
MB072 Q0 30133148826210304 332 -9.93169 indri
MB072 Q0 29946014802644992 333 -9.93169 indri
MB072 Q0 29623927311433728 334 -9.93169 indri
MB072 Q0 29364755416223744 335 -9.93169 indri
MB072 Q0 29211088239206400 336 -9.93169 indri
MB072 Q0 29076637412761600 337 -9.93169 indri
MB072 Q0 29055563291688960 338 -9.93169 indri
MB072 Q0 32132201755705345 339 -9.93209 indri
MB072 Q0 31917934196563968 340 -9.93209 indri
MB072 Q0 31769932010098689 341 -9.93209 indri
MB072 Q0 31726151088996353 342 -9.93209 indri
MB072 Q0 31589577001017345 343 -9.93209 indri
MB072 Q0 31585536544083968 344 -9.93209 indri
MB072 Q0 31455085548539905 345 -9.93209 indri
MB072 Q0 31361209915670528 346 -9.93209 indri
MB072 Q0 31123300927152128 347 -9.93209 indri
MB072 Q0 31108840342687745 348 -9.93209 indri
MB072 Q0 30938360000282625 349 -9.93209 indri
MB072 Q0 30734273078104064 350 -9.93209 indri
MB072 Q0 30256025357524992 351 -9.93209 indri
MB072 Q0 30232554338521088 352 -9.93209 indri
MB072 Q0 30054435216433152 353 -9.93209 indri
MB072 Q0 30019620047953920 354 -9.93209 indri
MB072 Q0 29623635798917121 355 -9.93209 indri
MB072 Q0 29328325843357696 356 -9.93209 indri
MB072 Q0 29257997779738624 357 -9.93209 indri
MB072 Q0 29224320454627328 358 -9.93209 indri
MB072 Q0 29061990408257536 359 -9.93209 indri
MB072 Q0 31950357806456832 360 -9.93249 indri
MB072 Q0 31861796323201025 361 -9.93249 indri
MB072 Q0 31767251774345216 362 -9.93249 indri
MB072 Q0 31599574548217856 363 -9.93249 indri
MB072 Q0 31417059975888899 364 -9.93249 indri
MB072 Q0 31350254011940864 365 -9.93249 indri
MB072 Q0 31176079624376320 366 -9.93249 indri
MB072 Q0 31140291025051648 367 -9.93249 indri
MB072 Q0 31076482839224321 368 -9.93249 indri
MB072 Q0 31067031470084097 369 -9.93249 indri
MB072 Q0 31010049262358528 370 -9.93249 indri
MB072 Q0 30925775205048320 371 -9.93249 indri
MB072 Q0 30888602724470785 372 -9.93249 indri
MB072 Q0 30718555674648576 373 -9.93249 indri
MB072 Q0 30657425992327168 374 -9.93249 indri
MB072 Q0 30654587429986304 375 -9.93249 indri
MB072 Q0 30582084351295490 376 -9.93249 indri
MB072 Q0 30320569647890433 377 -9.93249 indri
MB072 Q0 30105192015863809 378 -9.93249 indri
MB072 Q0 30078649554182144 379 -9.93249 indri
MB072 Q0 29996135380688896 380 -9.93249 indri
MB072 Q0 29971049634332672 381 -9.93249 indri
MB072 Q0 29951527569334272 382 -9.93249 indri
MB072 Q0 29767703531098112 383 -9.93249 indri
MB072 Q0 29755445115625472 384 -9.93249 indri
MB072 Q0 29679928022667264 385 -9.93249 indri
MB072 Q0 29672922058588161 386 -9.93249 indri
MB072 Q0 29557139068428288 387 -9.93249 indri
MB072 Q0 29491233801904128 388 -9.93249 indri
MB072 Q0 29436947189469184 389 -9.93249 indri
MB072 Q0 29319184320040960 390 -9.93249 indri
MB072 Q0 29240708875427840 391 -9.93249 indri
MB072 Q0 29229260296163328 392 -9.93249 indri
MB072 Q0 29212617671188480 393 -9.93249 indri
MB072 Q0 32170513262444545 394 -9.93288 indri
MB072 Q0 31624073012314112 395 -9.93288 indri
MB072 Q0 31587078491865088 396 -9.93288 indri
MB072 Q0 31389492329848832 397 -9.93288 indri
MB072 Q0 31173242207080448 398 -9.93288 indri
MB072 Q0 31143528377614338 399 -9.93288 indri
MB072 Q0 31135483488636928 400 -9.93288 indri
MB072 Q0 31098818900533248 401 -9.93288 indri
MB072 Q0 31059204064149504 402 -9.93288 indri
MB072 Q0 31051914279911424 403 -9.93288 indri
MB072 Q0 30557542790729728 404 -9.93288 indri
MB072 Q0 30369940498284544 405 -9.93288 indri
MB072 Q0 30317968214728704 406 -9.93288 indri
MB072 Q0 30268362848215040 407 -9.93288 indri
MB072 Q0 30133971576688640 408 -9.93288 indri
MB072 Q0 30106080692408320 409 -9.93288 indri
MB072 Q0 30092241879957504 410 -9.93288 indri
MB072 Q0 30069922885271552 411 -9.93288 indri
MB072 Q0 29910629766668288 412 -9.93288 indri
MB072 Q0 29754041848303617 413 -9.93288 indri
MB072 Q0 29625318989897728 414 -9.93288 indri
MB072 Q0 29527118664695808 415 -9.93288 indri
MB072 Q0 29447241861177344 416 -9.93288 indri
MB072 Q0 29441424311193600 417 -9.93288 indri
MB072 Q0 29303654360023041 418 -9.93288 indri
MB072 Q0 29204441550823424 419 -9.93288 indri
MB072 Q0 29048432358330368 420 -9.93288 indri
MB072 Q0 32098595008159748 421 -9.93328 indri
MB072 Q0 31869825449992193 422 -9.93328 indri
MB072 Q0 31815280065777664 423 -9.93328 indri
MB072 Q0 31811707051589632 424 -9.93328 indri
MB072 Q0 31370822060871680 425 -9.93328 indri
MB072 Q0 31113608553299969 426 -9.93328 indri
MB072 Q0 30767402052489217 427 -9.93328 indri
MB072 Q0 30740448519651328 428 -9.93328 indri
MB072 Q0 30735725041295360 429 -9.93328 indri
MB072 Q0 30729060409679872 430 -9.93328 indri
MB072 Q0 30647300556591105 431 -9.93328 indri
MB072 Q0 30142791765983232 432 -9.93328 indri
MB072 Q0 30141217584975872 433 -9.93328 indri
MB072 Q0 30100017838555136 434 -9.93328 indri
MB072 Q0 30017545582940161 435 -9.93328 indri
MB072 Q0 29600179019587585 436 -9.93328 indri
MB072 Q0 29404033013780480 437 -9.93328 indri
MB072 Q0 29374199847981056 438 -9.93328 indri
MB072 Q0 29064324722982912 439 -9.93328 indri
MB072 Q0 32173848937897984 440 -9.93367 indri
MB072 Q0 32128840499200000 441 -9.93367 indri
MB072 Q0 32117643024535552 442 -9.93367 indri
MB072 Q0 31939467736518656 443 -9.93367 indri
MB072 Q0 31850630628769792 444 -9.93367 indri
MB072 Q0 31436255484977153 445 -9.93367 indri
MB072 Q0 31404244980469760 446 -9.93367 indri
MB072 Q0 31296422410190848 447 -9.93367 indri
MB072 Q0 31175476600897536 448 -9.93367 indri
MB072 Q0 31152929515769857 449 -9.93367 indri
MB072 Q0 31027648314474496 450 -9.93367 indri
MB072 Q0 31012941096558592 451 -9.93367 indri
MB072 Q0 30903479056728064 452 -9.93367 indri
MB072 Q0 30743461984473088 453 -9.93367 indri
MB072 Q0 30390556999819265 454 -9.93367 indri
MB072 Q0 30277872841134080 455 -9.93367 indri
MB072 Q0 29919511264104449 456 -9.93367 indri
MB072 Q0 29656003410665472 457 -9.93367 indri
MB072 Q0 29632780254056448 458 -9.93367 indri
MB072 Q0 29593719304880128 459 -9.93367 indri
MB072 Q0 29535635685511168 460 -9.93367 indri
MB072 Q0 29494334134951936 461 -9.93367 indri
MB072 Q0 29238854909173760 462 -9.93367 indri
MB072 Q0 29000207794446336 463 -9.93367 indri
MB072 Q0 30703058803499009 464 -9.93407 indri
MB072 Q0 30470533271257088 465 -9.93407 indri
MB072 Q0 30055004123435008 466 -9.93407 indri
MB072 Q0 29924672464224256 467 -9.93407 indri
MB072 Q0 29707713197907968 468 -9.93407 indri
MB072 Q0 29689835308457984 469 -9.93407 indri
MB072 Q0 29665672116043776 470 -9.93407 indri
MB072 Q0 29462430857822208 471 -9.93407 indri
MB072 Q0 31202318607192064 472 -9.93447 indri
MB072 Q0 31067716840325120 473 -9.93447 indri
MB072 Q0 31032034243649536 474 -9.93447 indri
MB072 Q0 30784240446611456 475 -9.93447 indri
MB072 Q0 30700147071520768 476 -9.93447 indri
MB072 Q0 30425143712944129 477 -9.93447 indri
MB072 Q0 30330807407083520 478 -9.93447 indri
MB072 Q0 30326462317862913 479 -9.93447 indri
MB072 Q0 30231549039349760 480 -9.93447 indri
MB072 Q0 29661436267470849 481 -9.93447 indri
MB072 Q0 29609976477519872 482 -9.93447 indri
MB072 Q0 29570269190295552 483 -9.93447 indri
MB072 Q0 32057803577229313 484 -9.93486 indri
MB072 Q0 31964528040218624 485 -9.93486 indri
MB072 Q0 31162307216154624 486 -9.93486 indri
MB072 Q0 30750461279600640 487 -9.93486 indri
MB072 Q0 30527490933915648 488 -9.93486 indri
MB072 Q0 30252163489865728 489 -9.93486 indri
MB072 Q0 30100164559503362 490 -9.93486 indri
MB072 Q0 30009527923376129 491 -9.93486 indri
MB072 Q0 29346887781851136 492 -9.93486 indri
MB072 Q0 31696061433126912 493 -9.93526 indri
MB072 Q0 29641303650205698 494 -9.93526 indri
MB072 Q0 31878940939259905 495 -9.93565 indri
MB072 Q0 31716466621423616 496 -9.93565 indri
MB072 Q0 31920266791624704 497 -9.93605 indri
MB072 Q0 31329217366986752 498 -9.93605 indri
MB072 Q0 30396115668963328 499 -9.93644 indri
MB072 Q0 31018836186628097 500 -9.93684 indri
MB072 Q0 30798571187998720 501 -9.93684 indri
MB072 Q0 29982699896709121 502 -9.93723 indri
MB072 Q0 32141441656430592 503 -9.93842 indri
