MB084 Q0 33649826826555392 1 -9.36919 indri
MB084 Q0 29991159749152770 2 -9.56735 indri
MB084 Q0 34806263611138050 3 -9.56814 indri
MB084 Q0 34785082065551362 4 -9.90731 indri
MB084 Q0 34422144238624768 5 -9.90771 indri
MB084 Q0 34389803298463744 6 -9.90811 indri
MB084 Q0 31935503678836736 7 -9.90811 indri
MB084 Q0 33661673067773953 8 -9.90851 indri
MB084 Q0 29749337743433728 9 -9.90851 indri
MB084 Q0 32567659467898880 10 -9.90891 indri
MB084 Q0 29876416833134592 11 -9.90891 indri
MB084 Q0 34723345157206016 12 -9.90931 indri
MB084 Q0 31384843216486400 13 -9.90931 indri
MB084 Q0 31752954860011520 14 -9.90971 indri
MB084 Q0 31689881163931648 15 -9.90971 indri
MB084 Q0 31588433650515969 16 -9.90971 indri
MB084 Q0 31363673821814784 17 -9.90971 indri
MB084 Q0 32107789086105600 18 -9.9101 indri
MB084 Q0 34125620560531456 19 -9.9105 indri
MB084 Q0 29908958084857856 20 -9.9105 indri
MB084 Q0 29600737398886400 21 -9.9105 indri
MB084 Q0 31590445049970688 22 -9.9109 indri
MB084 Q0 30612876720869376 23 -9.9109 indri
MB084 Q0 29734558656106496 24 -9.9109 indri
MB084 Q0 29731290206969857 25 -9.9109 indri
MB084 Q0 34609527160569856 26 -9.9113 indri
MB084 Q0 29563292804448256 27 -9.9113 indri
MB084 Q0 29006236145942529 28 -9.9113 indri
MB084 Q0 33249813399076865 29 -9.91169 indri
MB084 Q0 32584322196180992 30 -9.91169 indri
MB084 Q0 29537684594622464 31 -9.91169 indri
MB084 Q0 33908552460410880 32 -9.91209 indri
MB084 Q0 29307729411579905 33 -9.91209 indri
MB084 Q0 33951749853159424 34 -9.91249 indri
MB084 Q0 29662145364889600 35 -9.91249 indri
MB084 Q0 34475294811234304 36 -9.91288 indri
MB084 Q0 32630996998295553 37 -9.91288 indri
MB084 Q0 32253921909014528 38 -9.91288 indri
MB084 Q0 32157845621309440 39 -9.91288 indri
MB084 Q0 33667388817805312 40 -9.91328 indri
MB084 Q0 33661669712338945 41 -9.91328 indri
MB084 Q0 32890549035864064 42 -9.91328 indri
MB084 Q0 32910097088778240 43 -9.91368 indri
MB084 Q0 32621383808716800 44 -9.91407 indri
MB084 Q0 31122795370909696 45 -9.91487 indri
MB084 Q0 30729991532580865 46 -9.91487 indri
MB084 Q0 30714203610284032 47 -9.91487 indri
MB084 Q0 31363482683187200 48 -10.259 indri
MB084 Q0 34641024118689792 49 -10.4561 indri
MB084 Q0 33432950846525440 50 -10.4585 indri
MB084 Q0 32512240426942464 51 -10.4604 indri
MB084 Q0 30422392920608768 52 -10.4608 indri
MB084 Q0 29593485271113728 53 -10.4612 indri
MB084 Q0 32609312182370304 54 -10.4616 indri
MB084 Q0 31392462052261888 55 -10.4616 indri
MB084 Q0 31586334455894016 56 -10.462 indri
MB084 Q0 32192455285673984 57 -10.4628 indri
MB084 Q0 30888544054542336 58 -10.7964 indri
MB084 Q0 34576991076220928 59 -10.7968 indri
MB084 Q0 34211595689132032 60 -10.7968 indri
MB084 Q0 33014959273148416 61 -10.7968 indri
MB084 Q0 34358903663898624 62 -10.7972 indri
MB084 Q0 33241620409225216 63 -10.7976 indri
MB084 Q0 31396272128659456 64 -10.7976 indri
MB084 Q0 34367971312795648 65 -10.798 indri
MB084 Q0 33694932376100864 66 -10.798 indri
MB084 Q0 33298917491736576 67 -10.798 indri
MB084 Q0 32654594727219200 68 -10.798 indri
MB084 Q0 30324616421445633 69 -10.798 indri
MB084 Q0 30028403021185024 70 -10.798 indri
MB084 Q0 29127932190396416 71 -10.798 indri
MB084 Q0 35047531998089216 72 -10.7984 indri
MB084 Q0 31114580725866496 73 -10.7984 indri
MB084 Q0 30817872510980096 74 -10.7984 indri
MB084 Q0 29300705047089152 75 -10.7984 indri
MB084 Q0 31084584175140864 76 -10.7988 indri
MB084 Q0 30802265216385024 77 -10.7988 indri
MB084 Q0 30632298709786624 78 -10.7988 indri
MB084 Q0 30448041391558657 79 -10.7988 indri
MB084 Q0 34514806685827072 80 -10.7992 indri
MB084 Q0 34439633714548736 81 -10.7992 indri
MB084 Q0 32961024919347201 82 -10.7992 indri
MB084 Q0 31897001025085442 83 -10.7992 indri
MB084 Q0 30672240995471360 84 -10.7992 indri
MB084 Q0 30466801460584448 85 -10.7992 indri
MB084 Q0 29528573232545792 86 -10.7992 indri
MB084 Q0 34421812817301504 87 -10.7996 indri
MB084 Q0 34159522570305536 88 -10.7996 indri
MB084 Q0 33419615472197632 89 -10.7996 indri
MB084 Q0 32690633411928064 90 -10.7996 indri
MB084 Q0 32514787170586625 91 -10.7996 indri
MB084 Q0 31527479197835264 92 -10.7996 indri
MB084 Q0 35018180145451008 93 -10.8 indri
MB084 Q0 34800291282948096 94 -10.8 indri
MB084 Q0 33743978545291264 95 -10.8 indri
MB084 Q0 33295941213626368 96 -10.8 indri
MB084 Q0 32422940112850944 97 -10.8 indri
MB084 Q0 32131302685671425 98 -10.8 indri
MB084 Q0 31950606952300544 99 -10.8 indri
MB084 Q0 31651300659695617 100 -10.8 indri
MB084 Q0 31576130175639552 101 -10.8 indri
MB084 Q0 31448931997061120 102 -10.8 indri
MB084 Q0 31081443073462273 103 -10.8 indri
MB084 Q0 29306745088118784 104 -10.8 indri
MB084 Q0 34789008810844160 105 -10.8004 indri
MB084 Q0 32931552333668353 106 -10.8004 indri
MB084 Q0 29749721325113344 107 -10.8004 indri
MB084 Q0 29506600016289792 108 -10.8004 indri
MB084 Q0 29315014959570944 109 -10.8004 indri
MB084 Q0 34585146099236864 110 -10.8008 indri
MB084 Q0 34217137023225857 111 -10.8008 indri
MB084 Q0 32646002599010304 112 -10.8008 indri
MB084 Q0 30401645191892992 113 -10.8008 indri
MB084 Q0 30300288774569984 114 -10.8008 indri
MB084 Q0 29639816350015489 115 -10.8008 indri
MB084 Q0 34456674362204160 116 -10.8012 indri
MB084 Q0 34352212993904641 117 -10.8012 indri
MB084 Q0 34261319506989056 118 -10.8012 indri
MB084 Q0 33098567270793217 119 -10.8012 indri
MB084 Q0 32922097713942528 120 -10.8012 indri
MB084 Q0 32602152887132160 121 -10.8012 indri
MB084 Q0 31275633774436353 122 -10.8012 indri
MB084 Q0 30813092619231233 123 -10.8012 indri
MB084 Q0 30686939422130177 124 -10.8012 indri
MB084 Q0 29971980786606080 125 -10.8012 indri
MB084 Q0 29301206698430464 126 -10.8012 indri
MB084 Q0 29102525051314177 127 -10.8012 indri
MB084 Q0 34964933561163777 128 -10.8016 indri
MB084 Q0 34812338850758656 129 -10.8016 indri
MB084 Q0 34361536210276352 130 -10.8016 indri
MB084 Q0 34076311597096960 131 -10.8016 indri
MB084 Q0 33265344554475520 132 -10.8016 indri
MB084 Q0 32841408180125696 133 -10.8016 indri
MB084 Q0 30857992417058816 134 -10.8016 indri
MB084 Q0 30237085059260416 135 -10.8016 indri
MB084 Q0 29557706670997504 136 -10.8016 indri
MB084 Q0 29441483312463872 137 -10.8016 indri
MB084 Q0 29302663778668545 138 -10.8016 indri
MB084 Q0 29228696200019968 139 -10.8016 indri
MB084 Q0 34093264311160832 140 -10.802 indri
MB084 Q0 33233360780410880 141 -10.802 indri
MB084 Q0 32678329022681088 142 -10.802 indri
MB084 Q0 32614549098078208 143 -10.802 indri
MB084 Q0 32545677376495616 144 -10.802 indri
MB084 Q0 32359701953912832 145 -10.802 indri
MB084 Q0 32174449428008961 146 -10.802 indri
MB084 Q0 31793645770248193 147 -10.802 indri
MB084 Q0 31384249965748224 148 -10.802 indri
MB084 Q0 31116661457166336 149 -10.802 indri
MB084 Q0 29698551625809920 150 -10.802 indri
MB084 Q0 29272628422246400 151 -10.802 indri
MB084 Q0 34890493133459456 152 -10.8024 indri
MB084 Q0 34400856245805056 153 -10.8024 indri
MB084 Q0 34122071202070528 154 -10.8024 indri
MB084 Q0 34105787274117120 155 -10.8024 indri
MB084 Q0 33856622551900160 156 -10.8024 indri
MB084 Q0 33262946465357824 157 -10.8024 indri
MB084 Q0 32800475820593153 158 -10.8024 indri
MB084 Q0 32587510852886529 159 -10.8024 indri
MB084 Q0 32201491875889153 160 -10.8024 indri
MB084 Q0 30801653896581120 161 -10.8024 indri
MB084 Q0 30727779339214848 162 -10.8024 indri
MB084 Q0 29948698704216064 163 -10.8024 indri
MB084 Q0 29916691609690112 164 -10.8024 indri
MB084 Q0 29652388365205505 165 -10.8024 indri
MB084 Q0 29375141532143616 166 -10.8024 indri
MB084 Q0 29233209443090432 167 -10.8024 indri
MB084 Q0 33939938718392320 168 -10.8028 indri
MB084 Q0 33351853974491137 169 -10.8028 indri
MB084 Q0 33313086748372992 170 -10.8028 indri
MB084 Q0 31935808525049856 171 -10.8028 indri
MB084 Q0 31895386385817600 172 -10.8028 indri
MB084 Q0 31820048213475328 173 -10.8028 indri
MB084 Q0 31068791337132032 174 -10.8028 indri
MB084 Q0 30583304176541696 175 -10.8028 indri
MB084 Q0 30329430106701824 176 -10.8028 indri
MB084 Q0 30121731242852352 177 -10.8028 indri
MB084 Q0 29878274918191104 178 -10.8028 indri
MB084 Q0 29701097530589184 179 -10.8028 indri
MB084 Q0 29381521588625408 180 -10.8028 indri
MB084 Q0 35039962940309504 181 -10.8032 indri
MB084 Q0 34853477079326722 182 -10.8032 indri
MB084 Q0 34749202311421952 183 -10.8032 indri
MB084 Q0 34120067574669312 184 -10.8032 indri
MB084 Q0 33201943178387456 185 -10.8032 indri
MB084 Q0 32529104607645696 186 -10.8032 indri
MB084 Q0 32518460634300416 187 -10.8032 indri
MB084 Q0 31465794932051969 188 -10.8032 indri
MB084 Q0 31198743525072896 189 -10.8032 indri
MB084 Q0 31194961164636160 190 -10.8032 indri
MB084 Q0 31180856257150976 191 -10.8032 indri
MB084 Q0 30373852953448448 192 -10.8032 indri
MB084 Q0 30009607036346368 193 -10.8032 indri
MB084 Q0 29287702092324865 194 -10.8032 indri
MB084 Q0 29287125060943872 195 -10.8032 indri
MB084 Q0 29273834334982145 196 -10.8032 indri
MB084 Q0 35031209163628544 197 -10.8036 indri
MB084 Q0 34803420015624193 198 -10.8036 indri
MB084 Q0 34624048956850176 199 -10.8036 indri
MB084 Q0 34603347042369537 200 -10.8036 indri
MB084 Q0 34049943534567424 201 -10.8036 indri
MB084 Q0 33901413511733249 202 -10.8036 indri
MB084 Q0 33764969791102976 203 -10.8036 indri
MB084 Q0 33109382006841344 204 -10.8036 indri
MB084 Q0 32845546213351427 205 -10.8036 indri
MB084 Q0 32671817101475840 206 -10.8036 indri
MB084 Q0 32621545583026176 207 -10.8036 indri
MB084 Q0 32470728267796480 208 -10.8036 indri
MB084 Q0 32265293682188289 209 -10.8036 indri
MB084 Q0 31917669590499328 210 -10.8036 indri
MB084 Q0 31403888816947201 211 -10.8036 indri
MB084 Q0 30815104849158144 212 -10.8036 indri
MB084 Q0 30803146364166144 213 -10.8036 indri
MB084 Q0 30775505280049152 214 -10.8036 indri
MB084 Q0 30375107645939713 215 -10.8036 indri
MB084 Q0 30139248283750400 216 -10.8036 indri
MB084 Q0 30123014855069696 217 -10.8036 indri
MB084 Q0 30111438697668608 218 -10.8036 indri
MB084 Q0 30055568559316992 219 -10.8036 indri
MB084 Q0 30013385336688640 220 -10.8036 indri
MB084 Q0 29887093849198592 221 -10.8036 indri
MB084 Q0 29321300115726336 222 -10.8036 indri
MB084 Q0 34898592065921025 223 -10.804 indri
MB084 Q0 34824914775048192 224 -10.804 indri
MB084 Q0 34527619055624192 225 -10.804 indri
MB084 Q0 34404812862787584 226 -10.804 indri
MB084 Q0 33369697160269824 227 -10.804 indri
MB084 Q0 33114522961059840 228 -10.804 indri
MB084 Q0 32939077598715904 229 -10.804 indri
MB084 Q0 32716266196180992 230 -10.804 indri
MB084 Q0 32630753393123328 231 -10.804 indri
MB084 Q0 32484647174676480 232 -10.804 indri
MB084 Q0 32473522089496576 233 -10.804 indri
MB084 Q0 32453547098374145 234 -10.804 indri
MB084 Q0 32044128212623360 235 -10.804 indri
MB084 Q0 32020980163411968 236 -10.804 indri
MB084 Q0 31795436956160001 237 -10.804 indri
MB084 Q0 31643709988675585 238 -10.804 indri
MB084 Q0 31400360341934080 239 -10.804 indri
MB084 Q0 31060559726125056 240 -10.804 indri
MB084 Q0 30662651117838336 241 -10.804 indri
MB084 Q0 30655510466273281 242 -10.804 indri
MB084 Q0 30439530716729344 243 -10.804 indri
MB084 Q0 30137893745852416 244 -10.804 indri
MB084 Q0 30129442604978176 245 -10.804 indri
MB084 Q0 29668431028559872 246 -10.804 indri
MB084 Q0 29643165573062656 247 -10.804 indri
MB084 Q0 29255430475616256 248 -10.804 indri
MB084 Q0 28966443194257408 249 -10.804 indri
MB084 Q0 34523212889063424 250 -10.8044 indri
MB084 Q0 33414969219485696 251 -10.8044 indri
MB084 Q0 33272147921076224 252 -10.8044 indri
MB084 Q0 32911873741426688 253 -10.8044 indri
MB084 Q0 32896602406391808 254 -10.8044 indri
MB084 Q0 32896494021386240 255 -10.8044 indri
MB084 Q0 30658730265673728 256 -10.8044 indri
MB084 Q0 30517949659877376 257 -10.8044 indri
MB084 Q0 30298646327066625 258 -10.8044 indri
MB084 Q0 30025248686473217 259 -10.8044 indri
MB084 Q0 29498823826997248 260 -10.8044 indri
MB084 Q0 29321311545204736 261 -10.8044 indri
MB084 Q0 29214909623439360 262 -10.8044 indri
MB084 Q0 34949055423578112 263 -10.8048 indri
MB084 Q0 34431191524311040 264 -10.8048 indri
MB084 Q0 34318233058156544 265 -10.8048 indri
MB084 Q0 34290747679318016 266 -10.8048 indri
MB084 Q0 33336247590060033 267 -10.8048 indri
MB084 Q0 32872778180853760 268 -10.8048 indri
MB084 Q0 32767145280540672 269 -10.8048 indri
MB084 Q0 32471972126400512 270 -10.8048 indri
MB084 Q0 32223458226081792 271 -10.8048 indri
MB084 Q0 31633171959259136 272 -10.8048 indri
MB084 Q0 31008378574606336 273 -10.8048 indri
MB084 Q0 30725901431865344 274 -10.8048 indri
MB084 Q0 30517479172218881 275 -10.8048 indri
MB084 Q0 30298436779642880 276 -10.8048 indri
MB084 Q0 29576449568546816 277 -10.8048 indri
MB084 Q0 29352593452957696 278 -10.8048 indri
MB084 Q0 29284475003211776 279 -10.8048 indri
MB084 Q0 29284379284996096 280 -10.8048 indri
MB084 Q0 29054441290211328 281 -10.8048 indri
MB084 Q0 34483966757048320 282 -10.8052 indri
MB084 Q0 34177703879905280 283 -10.8052 indri
MB084 Q0 33375530476634112 284 -10.8052 indri
MB084 Q0 32792267286650880 285 -10.8052 indri
MB084 Q0 32680585524674561 286 -10.8052 indri
MB084 Q0 32505978561765376 287 -10.8052 indri
MB084 Q0 32245713479933952 288 -10.8052 indri
MB084 Q0 32114628926382080 289 -10.8052 indri
MB084 Q0 31844927990145026 290 -10.8052 indri
MB084 Q0 31793735578685441 291 -10.8052 indri
MB084 Q0 31697588822482944 292 -10.8052 indri
MB084 Q0 30662362675552256 293 -10.8052 indri
MB084 Q0 29793741854220288 294 -10.8052 indri
MB084 Q0 29621327639871488 295 -10.8052 indri
MB084 Q0 29337316132659200 296 -10.8052 indri
MB084 Q0 29083425679867904 297 -10.8052 indri
MB084 Q0 34426707469410304 298 -10.8056 indri
MB084 Q0 34407593736671233 299 -10.8056 indri
MB084 Q0 34393719788544001 300 -10.8056 indri
MB084 Q0 33344672516546560 301 -10.8056 indri
MB084 Q0 32949405787095040 302 -10.8056 indri
MB084 Q0 32886306384121856 303 -10.8056 indri
MB084 Q0 32818704584540160 304 -10.8056 indri
MB084 Q0 32677605526216704 305 -10.8056 indri
MB084 Q0 32628425667649536 306 -10.8056 indri
MB084 Q0 31911416256532480 307 -10.8056 indri
MB084 Q0 31522355641581569 308 -10.8056 indri
MB084 Q0 30714147477917696 309 -10.8056 indri
MB084 Q0 30502970885931008 310 -10.8056 indri
MB084 Q0 30372126145908736 311 -10.8056 indri
MB084 Q0 30342374827753472 312 -10.8056 indri
MB084 Q0 29964868442390529 313 -10.8056 indri
MB084 Q0 29606300098760705 314 -10.8056 indri
MB084 Q0 29573231933394944 315 -10.8056 indri
MB084 Q0 29325132497424384 316 -10.8056 indri
MB084 Q0 29120730444603392 317 -10.8056 indri
MB084 Q0 34693095006277632 318 -10.8059 indri
MB084 Q0 34637485464096768 319 -10.8059 indri
MB084 Q0 34623470964834304 320 -10.8059 indri
MB084 Q0 34308767348695040 321 -10.8059 indri
MB084 Q0 33327913415741440 322 -10.8059 indri
MB084 Q0 32715722467573760 323 -10.8059 indri
MB084 Q0 32395064340643840 324 -10.8059 indri
MB084 Q0 32112203758837760 325 -10.8059 indri
MB084 Q0 31842705214537728 326 -10.8059 indri
MB084 Q0 31783074660352000 327 -10.8059 indri
MB084 Q0 30339117283811328 328 -10.8059 indri
MB084 Q0 30152754383036416 329 -10.8059 indri
MB084 Q0 29095359032590336 330 -10.8059 indri
MB084 Q0 35047343258742785 331 -10.8063 indri
MB084 Q0 32743849193381888 332 -10.8063 indri
MB084 Q0 30299828709752832 333 -10.8063 indri
MB084 Q0 30086516659195905 334 -10.8063 indri
MB084 Q0 33886526559485952 335 -10.8067 indri
MB084 Q0 32566664696430592 336 -10.8067 indri
MB084 Q0 31878717458350080 337 -10.8067 indri
MB084 Q0 31502355832770560 338 -10.8067 indri
MB084 Q0 30835823628779521 339 -10.8067 indri
MB084 Q0 29743029317271552 340 -10.8067 indri
MB084 Q0 32221764268331008 341 -10.8071 indri
MB084 Q0 31151031035367424 342 -10.8071 indri
MB084 Q0 33437101030645761 343 -10.8075 indri
