MB096 Q0 29576869535817728 1 -7.79097 indri
MB096 Q0 31039860802330624 2 -9.09459 indri
MB096 Q0 31140090210164736 3 -9.09579 indri
MB096 Q0 29906444400726016 4 -9.09619 indri
MB096 Q0 29968589050085376 5 -9.09698 indri
MB096 Q0 29666391648894976 6 -9.09738 indri
MB096 Q0 31073702045032449 7 -9.09778 indri
MB096 Q0 30740825688252416 8 -9.09778 indri
MB096 Q0 29661203030609920 9 -9.09778 indri
MB096 Q0 29380318498656256 10 -9.09778 indri
MB096 Q0 30718389139808256 11 -9.09818 indri
MB096 Q0 30019480704782336 12 -9.09818 indri
MB096 Q0 29895697637576704 13 -9.09818 indri
MB096 Q0 29666729739161600 14 -9.09818 indri
MB096 Q0 30794519062511616 15 -9.09857 indri
MB096 Q0 31143360752254976 16 -9.09897 indri
MB096 Q0 31075805756915712 17 -9.09897 indri
MB096 Q0 31027553078616064 18 -9.09897 indri
MB096 Q0 29542853000568832 19 -9.09897 indri
MB096 Q0 30282541063737344 20 -9.09937 indri
MB096 Q0 30101324120985600 21 -9.09937 indri
MB096 Q0 29389006865170432 22 -9.09937 indri
MB096 Q0 29196332711280640 23 -9.09937 indri
MB096 Q0 30786942916366337 24 -9.09977 indri
MB096 Q0 30776032134959104 25 -9.09977 indri
MB096 Q0 29896225155194880 26 -9.09977 indri
MB096 Q0 29567367881170944 27 -9.09977 indri
MB096 Q0 30048882863906816 28 -9.10016 indri
MB096 Q0 29969243902574592 29 -9.10016 indri
MB096 Q0 29961750254198784 30 -9.10016 indri
MB096 Q0 30700199408046080 31 -9.10056 indri
MB096 Q0 30690594355417088 32 -9.10056 indri
MB096 Q0 30314252388532224 33 -9.10056 indri
MB096 Q0 30302138324230144 34 -9.10056 indri
MB096 Q0 30276028039438336 35 -9.10056 indri
MB096 Q0 29712055544053760 36 -9.10056 indri
MB096 Q0 29709886019346432 37 -9.10056 indri
MB096 Q0 29533330990960640 38 -9.10056 indri
MB096 Q0 31085586504749056 39 -9.10096 indri
MB096 Q0 30273105100279808 40 -9.10096 indri
MB096 Q0 29661338015891457 41 -9.10096 indri
MB096 Q0 29660375855144960 42 -9.10096 indri
MB096 Q0 29660163728220160 43 -9.10096 indri
MB096 Q0 29546518948093953 44 -9.10096 indri
MB096 Q0 29029086554750976 45 -9.10096 indri
MB096 Q0 30654178598588417 46 -9.10135 indri
MB096 Q0 30289951790735360 47 -9.10135 indri
MB096 Q0 29660370121527296 48 -9.10135 indri
MB096 Q0 31061856391008258 49 -9.10175 indri
MB096 Q0 30735104066195456 50 -9.10175 indri
MB096 Q0 30280232787247104 51 -9.10175 indri
MB096 Q0 29667559913558017 52 -9.10175 indri
MB096 Q0 29260339036033025 53 -9.10175 indri
MB096 Q0 30187987379687424 54 -9.73826 indri
MB096 Q0 29344772489486336 55 -9.92828 indri
MB096 Q0 31089142360182784 56 -9.93067 indri
MB096 Q0 29238441258520577 57 -9.93067 indri
MB096 Q0 29973612786098177 58 -9.93227 indri
MB096 Q0 29272099025588224 59 -9.93227 indri
MB096 Q0 30338085833154560 60 -9.93266 indri
MB096 Q0 29065426277244928 61 -9.93266 indri
MB096 Q0 30801703657799681 62 -9.93306 indri
MB096 Q0 30404081516285952 63 -9.93306 indri
MB096 Q0 30305227429122048 64 -9.93306 indri
MB096 Q0 29650590917201920 65 -9.93346 indri
MB096 Q0 29571333507514368 66 -9.93346 indri
MB096 Q0 29044873021628416 67 -9.93346 indri
MB096 Q0 31141530945196033 68 -9.93385 indri
MB096 Q0 30904170546466816 69 -9.93385 indri
MB096 Q0 30879538359570432 70 -9.93385 indri
MB096 Q0 30606094262870016 71 -9.93385 indri
MB096 Q0 30509766656663552 72 -9.93385 indri
MB096 Q0 30434637184499713 73 -9.93385 indri
MB096 Q0 30390248491982848 74 -9.93385 indri
MB096 Q0 30381707496525828 75 -9.93385 indri
MB096 Q0 29125863362531328 76 -9.93385 indri
MB096 Q0 29041532879249409 77 -9.93385 indri
MB096 Q0 29986876462993408 78 -9.93425 indri
MB096 Q0 29334488668438528 79 -9.93425 indri
MB096 Q0 29315357684539392 80 -9.93425 indri
MB096 Q0 30586778016555008 81 -9.93465 indri
MB096 Q0 29622573750812672 82 -9.93465 indri
MB096 Q0 29224223822057472 83 -9.93465 indri
MB096 Q0 29223340312887296 84 -9.93465 indri
MB096 Q0 30407185510965248 85 -9.93504 indri
MB096 Q0 29005993958440961 86 -9.93504 indri
MB096 Q0 30681768222785538 87 -9.93544 indri
MB096 Q0 30076609025282048 88 -9.93544 indri
MB096 Q0 29691352975413248 89 -9.93544 indri
MB096 Q0 29602384787283968 90 -9.93544 indri
MB096 Q0 29584884204838912 91 -9.93544 indri
MB096 Q0 29316453584867328 92 -9.93544 indri
MB096 Q0 29984984123056128 93 -9.93584 indri
MB096 Q0 30732007998754817 94 -9.93623 indri
MB096 Q0 29253793996607489 95 -9.93702 indri
MB096 Q0 29658208410796032 96 -9.93821 indri
MB096 Q0 29544314979745792 97 -9.93979 indri
MB096 Q0 30711589497741312 98 -9.94373 indri
MB096 Q0 29764014028365825 99 -10.2555 indri
MB096 Q0 29214285989158913 100 -10.2555 indri
MB096 Q0 31105189071036417 101 -10.2563 indri
MB096 Q0 30446673683546112 102 -10.2563 indri
MB096 Q0 29291427800293376 103 -10.2563 indri
MB096 Q0 29233393245884416 104 -10.2563 indri
MB096 Q0 29219029604376577 105 -10.2563 indri
MB096 Q0 30794027473313792 106 -10.2567 indri
MB096 Q0 30744378272129024 107 -10.2567 indri
MB096 Q0 30423510601957376 108 -10.2567 indri
MB096 Q0 30020078904811520 109 -10.2567 indri
MB096 Q0 29722931307216896 110 -10.2567 indri
MB096 Q0 29348050367414272 111 -10.2567 indri
MB096 Q0 29060569956880384 112 -10.2567 indri
MB096 Q0 31143839632728064 113 -10.2571 indri
MB096 Q0 30364613040144384 114 -10.2571 indri
MB096 Q0 30325582671642624 115 -10.2571 indri
MB096 Q0 30022330415587328 116 -10.2571 indri
MB096 Q0 29410578996924416 117 -10.2571 indri
MB096 Q0 30673734155112449 118 -10.2575 indri
MB096 Q0 30318217020837889 119 -10.2575 indri
MB096 Q0 30093101347381248 120 -10.2575 indri
MB096 Q0 30039009019297792 121 -10.2575 indri
MB096 Q0 29912415286071296 122 -10.2575 indri
MB096 Q0 29714988574707713 123 -10.2575 indri
MB096 Q0 29625813531889664 124 -10.2575 indri
MB096 Q0 29619667924422656 125 -10.2575 indri
MB096 Q0 29602062153023488 126 -10.2575 indri
MB096 Q0 29582349108776960 127 -10.2575 indri
MB096 Q0 29535796448993280 128 -10.2575 indri
MB096 Q0 29180827543801856 129 -10.2575 indri
MB096 Q0 29013741173481472 130 -10.2575 indri
MB096 Q0 31100738906099714 131 -10.2579 indri
MB096 Q0 31038540506730496 132 -10.2579 indri
MB096 Q0 30663360232038400 133 -10.2579 indri
MB096 Q0 30267417691160576 134 -10.2579 indri
MB096 Q0 30093067302215680 135 -10.2579 indri
MB096 Q0 29832119660318720 136 -10.2579 indri
MB096 Q0 29781878110167040 137 -10.2579 indri
MB096 Q0 29424205585981440 138 -10.2579 indri
MB096 Q0 29406657368825857 139 -10.2579 indri
MB096 Q0 29343904239194112 140 -10.2579 indri
MB096 Q0 29074479665643521 141 -10.2579 indri
MB096 Q0 29031242255044608 142 -10.2579 indri
MB096 Q0 29014093859917824 143 -10.2579 indri
MB096 Q0 31051296890949632 144 -10.2583 indri
MB096 Q0 30741828105928705 145 -10.2583 indri
MB096 Q0 30725843470786560 146 -10.2583 indri
MB096 Q0 30718248609644544 147 -10.2583 indri
MB096 Q0 30620282926403586 148 -10.2583 indri
MB096 Q0 30592183606181888 149 -10.2583 indri
MB096 Q0 30412574151409666 150 -10.2583 indri
MB096 Q0 30408701626028033 151 -10.2583 indri
MB096 Q0 30375924964790273 152 -10.2583 indri
MB096 Q0 30292257361891329 153 -10.2583 indri
MB096 Q0 30209763061010432 154 -10.2583 indri
MB096 Q0 30134715268730880 155 -10.2583 indri
MB096 Q0 30126321799532544 156 -10.2583 indri
MB096 Q0 30125049046372352 157 -10.2583 indri
MB096 Q0 30009957734678529 158 -10.2583 indri
MB096 Q0 29975733250031617 159 -10.2583 indri
MB096 Q0 29462246866292736 160 -10.2583 indri
MB096 Q0 29433278888943616 161 -10.2583 indri
MB096 Q0 29353369575362560 162 -10.2583 indri
MB096 Q0 29317122970624001 163 -10.2583 indri
MB096 Q0 29316493388816384 164 -10.2583 indri
MB096 Q0 29256183307042816 165 -10.2583 indri
MB096 Q0 29136000466817025 166 -10.2583 indri
MB096 Q0 29106020013838336 167 -10.2583 indri
MB096 Q0 29093195606401024 168 -10.2583 indri
MB096 Q0 29023241632751616 169 -10.2583 indri
MB096 Q0 29014462782504960 170 -10.2583 indri
MB096 Q0 28989616258293760 171 -10.2583 indri
MB096 Q0 28986077549174784 172 -10.2583 indri
MB096 Q0 31093338153156610 173 -10.2587 indri
MB096 Q0 31065844029067264 174 -10.2587 indri
MB096 Q0 30837851985809409 175 -10.2587 indri
MB096 Q0 30789460249550848 176 -10.2587 indri
MB096 Q0 30688506292473857 177 -10.2587 indri
MB096 Q0 30363558986391553 178 -10.2587 indri
MB096 Q0 30312761338626048 179 -10.2587 indri
MB096 Q0 30087537099804673 180 -10.2587 indri
MB096 Q0 30004400030220288 181 -10.2587 indri
MB096 Q0 29969971731763200 182 -10.2587 indri
MB096 Q0 29816092146798592 183 -10.2587 indri
MB096 Q0 29742734247989249 184 -10.2587 indri
MB096 Q0 29644622011568128 185 -10.2587 indri
MB096 Q0 29313252131340291 186 -10.2587 indri
MB096 Q0 29306331676545026 187 -10.2587 indri
MB096 Q0 29282813089947649 188 -10.2587 indri
MB096 Q0 29229471554871296 189 -10.2587 indri
MB096 Q0 29195285909471232 190 -10.2587 indri
MB096 Q0 29041503305203712 191 -10.2587 indri
MB096 Q0 31041082313678849 192 -10.2591 indri
MB096 Q0 30803428846346240 193 -10.2591 indri
MB096 Q0 30768860906917888 194 -10.2591 indri
MB096 Q0 30729311363268608 195 -10.2591 indri
MB096 Q0 30724743707500544 196 -10.2591 indri
MB096 Q0 30696455144476673 197 -10.2591 indri
MB096 Q0 30692417791328256 198 -10.2591 indri
MB096 Q0 30485680375209985 199 -10.2591 indri
MB096 Q0 30477438714650624 200 -10.2591 indri
MB096 Q0 30454255525564416 201 -10.2591 indri
MB096 Q0 30406549176320000 202 -10.2591 indri
MB096 Q0 30328558802968576 203 -10.2591 indri
MB096 Q0 30114592864608256 204 -10.2591 indri
MB096 Q0 29921918421303296 205 -10.2591 indri
MB096 Q0 29885532666331136 206 -10.2591 indri
MB096 Q0 29784054542893056 207 -10.2591 indri
MB096 Q0 29783111403307008 208 -10.2591 indri
MB096 Q0 29768161691697152 209 -10.2591 indri
MB096 Q0 29767422915383296 210 -10.2591 indri
MB096 Q0 29601203251847168 211 -10.2591 indri
MB096 Q0 29482696187060224 212 -10.2591 indri
MB096 Q0 29463557699538944 213 -10.2591 indri
MB096 Q0 29438739365232640 214 -10.2591 indri
MB096 Q0 29356167775916032 215 -10.2591 indri
MB096 Q0 29350312703692800 216 -10.2591 indri
MB096 Q0 29304241659052033 217 -10.2591 indri
MB096 Q0 29258131817107456 218 -10.2591 indri
MB096 Q0 29254888105967616 219 -10.2591 indri
MB096 Q0 29203466870063105 220 -10.2591 indri
MB096 Q0 29187722795024385 221 -10.2591 indri
MB096 Q0 29162481142210561 222 -10.2591 indri
MB096 Q0 29090249187528705 223 -10.2591 indri
MB096 Q0 28990073705861120 224 -10.2591 indri
MB096 Q0 31118494430924800 225 -10.2595 indri
MB096 Q0 31108464117809152 226 -10.2595 indri
MB096 Q0 31101212262662144 227 -10.2595 indri
MB096 Q0 31099915169955840 228 -10.2595 indri
MB096 Q0 30990647825534976 229 -10.2595 indri
MB096 Q0 30808052298940416 230 -10.2595 indri
MB096 Q0 30793507413168129 231 -10.2595 indri
MB096 Q0 30754494006431744 232 -10.2595 indri
MB096 Q0 30694511046819841 233 -10.2595 indri
MB096 Q0 30521246529626112 234 -10.2595 indri
MB096 Q0 30471888819982336 235 -10.2595 indri
MB096 Q0 30431426381877249 236 -10.2595 indri
MB096 Q0 30373188349206528 237 -10.2595 indri
MB096 Q0 30363522240094208 238 -10.2595 indri
MB096 Q0 30173889518637057 239 -10.2595 indri
MB096 Q0 30100934449172481 240 -10.2595 indri
MB096 Q0 29982964318212096 241 -10.2595 indri
MB096 Q0 29977738597105664 242 -10.2595 indri
MB096 Q0 29687995678330883 243 -10.2595 indri
MB096 Q0 29678817949777921 244 -10.2595 indri
MB096 Q0 29643520310517760 245 -10.2595 indri
MB096 Q0 29553886402445313 246 -10.2595 indri
MB096 Q0 29438356861485056 247 -10.2595 indri
MB096 Q0 29394257399783424 248 -10.2595 indri
MB096 Q0 29384279930707968 249 -10.2595 indri
MB096 Q0 29317193061634048 250 -10.2595 indri
MB096 Q0 29307416726216704 251 -10.2595 indri
MB096 Q0 29304476456194049 252 -10.2595 indri
MB096 Q0 29263388676726785 253 -10.2595 indri
MB096 Q0 29230765652840448 254 -10.2595 indri
MB096 Q0 29191677381967872 255 -10.2595 indri
MB096 Q0 29039598793392128 256 -10.2595 indri
MB096 Q0 29027590014504960 257 -10.2595 indri
MB096 Q0 28988906590441472 258 -10.2595 indri
MB096 Q0 28982747544428544 259 -10.2595 indri
MB096 Q0 31086415391490048 260 -10.2599 indri
MB096 Q0 31025789801594881 261 -10.2599 indri
MB096 Q0 30816105832382464 262 -10.2599 indri
MB096 Q0 30712111638249473 263 -10.2599 indri
MB096 Q0 30685769240682496 264 -10.2599 indri
MB096 Q0 30630018384138240 265 -10.2599 indri
MB096 Q0 30488963688960000 266 -10.2599 indri
MB096 Q0 30474989941559296 267 -10.2599 indri
MB096 Q0 30427200947748864 268 -10.2599 indri
MB096 Q0 30405726165794817 269 -10.2599 indri
MB096 Q0 30330349514915840 270 -10.2599 indri
MB096 Q0 30326405107552256 271 -10.2599 indri
MB096 Q0 30320859151335424 272 -10.2599 indri
MB096 Q0 30111977615392768 273 -10.2599 indri
MB096 Q0 30097643929604097 274 -10.2599 indri
MB096 Q0 30060347985494016 275 -10.2599 indri
MB096 Q0 29922248823406592 276 -10.2599 indri
MB096 Q0 29831520420102144 277 -10.2599 indri
MB096 Q0 29750837530066944 278 -10.2599 indri
MB096 Q0 29701926505422850 279 -10.2599 indri
MB096 Q0 29584371321151488 280 -10.2599 indri
MB096 Q0 29540134382735360 281 -10.2599 indri
MB096 Q0 29536585452093440 282 -10.2599 indri
MB096 Q0 29338826614775808 283 -10.2599 indri
MB096 Q0 29317896664514561 284 -10.2599 indri
MB096 Q0 29284399547686913 285 -10.2599 indri
MB096 Q0 29247785748398082 286 -10.2599 indri
MB096 Q0 29159405417136129 287 -10.2599 indri
MB096 Q0 29110871913406464 288 -10.2599 indri
MB096 Q0 28994160543408128 289 -10.2599 indri
MB096 Q0 30815554189131776 290 -10.2603 indri
MB096 Q0 30792544333864960 291 -10.2603 indri
MB096 Q0 30779274155786241 292 -10.2603 indri
MB096 Q0 30774982124511232 293 -10.2603 indri
MB096 Q0 30682571528474625 294 -10.2603 indri
MB096 Q0 30457505075167232 295 -10.2603 indri
MB096 Q0 30386670897471488 296 -10.2603 indri
MB096 Q0 30375997190705153 297 -10.2603 indri
MB096 Q0 30373299770888192 298 -10.2603 indri
MB096 Q0 30100864605622272 299 -10.2603 indri
MB096 Q0 30029869786075137 300 -10.2603 indri
MB096 Q0 29978634789855232 301 -10.2603 indri
MB096 Q0 29970743043297282 302 -10.2603 indri
MB096 Q0 29954805472432128 303 -10.2603 indri
MB096 Q0 29866854377857024 304 -10.2603 indri
MB096 Q0 29761256378339328 305 -10.2603 indri
MB096 Q0 29750076360364033 306 -10.2603 indri
MB096 Q0 29710916626939904 307 -10.2603 indri
MB096 Q0 29702540148875264 308 -10.2603 indri
MB096 Q0 29683628841639937 309 -10.2603 indri
MB096 Q0 29632800994885632 310 -10.2603 indri
MB096 Q0 29607812124377089 311 -10.2603 indri
MB096 Q0 29555430615158784 312 -10.2603 indri
MB096 Q0 29400947352403968 313 -10.2603 indri
MB096 Q0 29352216045297664 314 -10.2603 indri
MB096 Q0 29344371757289472 315 -10.2603 indri
MB096 Q0 29307433402765313 316 -10.2603 indri
MB096 Q0 29261767334952961 317 -10.2603 indri
MB096 Q0 29246731241660416 318 -10.2603 indri
MB096 Q0 29237730416263168 319 -10.2603 indri
MB096 Q0 29065010684633089 320 -10.2603 indri
MB096 Q0 29007740508577792 321 -10.2603 indri
MB096 Q0 31088200415973376 322 -10.2607 indri
MB096 Q0 30754168465522688 323 -10.2607 indri
MB096 Q0 30752167727996929 324 -10.2607 indri
MB096 Q0 30693758219583489 325 -10.2607 indri
MB096 Q0 30623733236367360 326 -10.2607 indri
MB096 Q0 30458775651487745 327 -10.2607 indri
MB096 Q0 30436694226378752 328 -10.2607 indri
MB096 Q0 30425945718398977 329 -10.2607 indri
MB096 Q0 30303471261458433 330 -10.2607 indri
MB096 Q0 30277574173134848 331 -10.2607 indri
MB096 Q0 30262731235921921 332 -10.2607 indri
MB096 Q0 30115141613780992 333 -10.2607 indri
MB096 Q0 30087813399576576 334 -10.2607 indri
MB096 Q0 30018726657003520 335 -10.2607 indri
MB096 Q0 30005343475994624 336 -10.2607 indri
MB096 Q0 29947258413776896 337 -10.2607 indri
MB096 Q0 29857943499317248 338 -10.2607 indri
MB096 Q0 29784440548884481 339 -10.2607 indri
MB096 Q0 29678703910854656 340 -10.2607 indri
MB096 Q0 29594244788256769 341 -10.2607 indri
MB096 Q0 29470096313290753 342 -10.2607 indri
MB096 Q0 29378132708425729 343 -10.2607 indri
MB096 Q0 29376508501954560 344 -10.2607 indri
MB096 Q0 29282965934571520 345 -10.2607 indri
MB096 Q0 29246402953482240 346 -10.2607 indri
MB096 Q0 29244181213872128 347 -10.2607 indri
MB096 Q0 29230496688906240 348 -10.2607 indri
MB096 Q0 29079824827940864 349 -10.2607 indri
MB096 Q0 28989402587856896 350 -10.2607 indri
MB096 Q0 31124582609981441 351 -10.2611 indri
MB096 Q0 31106693106507776 352 -10.2611 indri
MB096 Q0 31084052219961344 353 -10.2611 indri
MB096 Q0 31062622128316416 354 -10.2611 indri
MB096 Q0 31011234711080961 355 -10.2611 indri
MB096 Q0 30917174801469440 356 -10.2611 indri
MB096 Q0 30808429232656384 357 -10.2611 indri
MB096 Q0 30782140102737920 358 -10.2611 indri
MB096 Q0 30720939691868160 359 -10.2611 indri
MB096 Q0 30686640804462593 360 -10.2611 indri
MB096 Q0 30538068553371648 361 -10.2611 indri
MB096 Q0 30520154823589889 362 -10.2611 indri
MB096 Q0 30470058908065792 363 -10.2611 indri
MB096 Q0 30318599885291521 364 -10.2611 indri
MB096 Q0 30039037666394112 365 -10.2611 indri
MB096 Q0 30018410427457536 366 -10.2611 indri
MB096 Q0 29679395820011520 367 -10.2611 indri
MB096 Q0 29634885278769152 368 -10.2611 indri
MB096 Q0 29614373358010368 369 -10.2611 indri
MB096 Q0 29590877076721664 370 -10.2611 indri
MB096 Q0 29588060400259072 371 -10.2611 indri
MB096 Q0 29583795262853121 372 -10.2611 indri
MB096 Q0 29462377116209152 373 -10.2611 indri
MB096 Q0 29383661279256576 374 -10.2611 indri
MB096 Q0 29376866024427521 375 -10.2611 indri
MB096 Q0 29228773077422080 376 -10.2611 indri
MB096 Q0 29226255119290368 377 -10.2611 indri
MB096 Q0 29054742508347393 378 -10.2611 indri
MB096 Q0 29011436185325568 379 -10.2611 indri
MB096 Q0 29011142726651904 380 -10.2611 indri
MB096 Q0 28979633890267136 381 -10.2611 indri
MB096 Q0 31037367720607744 382 -10.2615 indri
MB096 Q0 30884178111234048 383 -10.2615 indri
MB096 Q0 30761496719917056 384 -10.2615 indri
MB096 Q0 30705418871246849 385 -10.2615 indri
MB096 Q0 30682010980716544 386 -10.2615 indri
MB096 Q0 30424890628644864 387 -10.2615 indri
MB096 Q0 30346948200366080 388 -10.2615 indri
MB096 Q0 30315224259104768 389 -10.2615 indri
MB096 Q0 30148062970126336 390 -10.2615 indri
MB096 Q0 30052429919690752 391 -10.2615 indri
MB096 Q0 30037947763916800 392 -10.2615 indri
MB096 Q0 29951342579548160 393 -10.2615 indri
MB096 Q0 29934479816523777 394 -10.2615 indri
MB096 Q0 29855550460133376 395 -10.2615 indri
MB096 Q0 29816945675075586 396 -10.2615 indri
MB096 Q0 29669909201948673 397 -10.2615 indri
MB096 Q0 29668896369807361 398 -10.2615 indri
MB096 Q0 29628059602657281 399 -10.2615 indri
MB096 Q0 29484795406843904 400 -10.2615 indri
MB096 Q0 29382613344976897 401 -10.2615 indri
MB096 Q0 29273551546617856 402 -10.2615 indri
MB096 Q0 29241157359767552 403 -10.2615 indri
MB096 Q0 29078960922955776 404 -10.2615 indri
MB096 Q0 29073860754149377 405 -10.2615 indri
MB096 Q0 29065968076455936 406 -10.2615 indri
MB096 Q0 29062201738264577 407 -10.2615 indri
MB096 Q0 29050296327995392 408 -10.2615 indri
MB096 Q0 28982468296056833 409 -10.2615 indri
MB096 Q0 28974892850348032 410 -10.2615 indri
MB096 Q0 30831177237532672 411 -10.2619 indri
MB096 Q0 30798427885412352 412 -10.2619 indri
MB096 Q0 30797432077950976 413 -10.2619 indri
MB096 Q0 30708075954446337 414 -10.2619 indri
MB096 Q0 30667377909698561 415 -10.2619 indri
MB096 Q0 30498819334479873 416 -10.2619 indri
MB096 Q0 30355108457873408 417 -10.2619 indri
MB096 Q0 30272035993161728 418 -10.2619 indri
MB096 Q0 30173308058083328 419 -10.2619 indri
MB096 Q0 30122055915536384 420 -10.2619 indri
MB096 Q0 30120295868137472 421 -10.2619 indri
MB096 Q0 30062428016345088 422 -10.2619 indri
MB096 Q0 30055589400813568 423 -10.2619 indri
MB096 Q0 29932856050458625 424 -10.2619 indri
MB096 Q0 29789489547186177 425 -10.2619 indri
MB096 Q0 29710318464663553 426 -10.2619 indri
MB096 Q0 29686043330478080 427 -10.2619 indri
MB096 Q0 29686042680365056 428 -10.2619 indri
MB096 Q0 29632594391863297 429 -10.2619 indri
MB096 Q0 29575383770726400 430 -10.2619 indri
MB096 Q0 29525649467117568 431 -10.2619 indri
MB096 Q0 29476982622257152 432 -10.2619 indri
MB096 Q0 29378827184504832 433 -10.2619 indri
MB096 Q0 29316248466624513 434 -10.2619 indri
MB096 Q0 29266412123979776 435 -10.2619 indri
MB096 Q0 29101649716842496 436 -10.2619 indri
MB096 Q0 28994234363154432 437 -10.2619 indri
MB096 Q0 28966653265973249 438 -10.2619 indri
MB096 Q0 31034389991264256 439 -10.2623 indri
MB096 Q0 30743373090394113 440 -10.2623 indri
MB096 Q0 30716005659451394 441 -10.2623 indri
MB096 Q0 30507989349703680 442 -10.2623 indri
MB096 Q0 30502297821773824 443 -10.2623 indri
MB096 Q0 30401299585441794 444 -10.2623 indri
MB096 Q0 30391166872584192 445 -10.2623 indri
MB096 Q0 30375352425521152 446 -10.2623 indri
MB096 Q0 30303360913506304 447 -10.2623 indri
MB096 Q0 30224757127389184 448 -10.2623 indri
MB096 Q0 30154134346792960 449 -10.2623 indri
MB096 Q0 30127892851589120 450 -10.2623 indri
MB096 Q0 30110295154237441 451 -10.2623 indri
MB096 Q0 30055145937043456 452 -10.2623 indri
MB096 Q0 30039858076454912 453 -10.2623 indri
MB096 Q0 30031649274068992 454 -10.2623 indri
MB096 Q0 30031479236984834 455 -10.2623 indri
MB096 Q0 30020457008726016 456 -10.2623 indri
MB096 Q0 29992611263553536 457 -10.2623 indri
MB096 Q0 29990868341489664 458 -10.2623 indri
MB096 Q0 29790304798244864 459 -10.2623 indri
MB096 Q0 29782794351673344 460 -10.2623 indri
MB096 Q0 29675124856717313 461 -10.2623 indri
MB096 Q0 29657773172064256 462 -10.2623 indri
MB096 Q0 29635504257372160 463 -10.2623 indri
MB096 Q0 29631832987279361 464 -10.2623 indri
MB096 Q0 29597814132572160 465 -10.2623 indri
MB096 Q0 29508182212616192 466 -10.2623 indri
MB096 Q0 29490865109995520 467 -10.2623 indri
MB096 Q0 29406354548465664 468 -10.2623 indri
MB096 Q0 29282916886380544 469 -10.2623 indri
MB096 Q0 29271934105550849 470 -10.2623 indri
MB096 Q0 29238925562220544 471 -10.2623 indri
MB096 Q0 29042615496216577 472 -10.2623 indri
MB096 Q0 29027324745744384 473 -10.2623 indri
MB096 Q0 28981986542493697 474 -10.2623 indri
MB096 Q0 28976730760806400 475 -10.2623 indri
MB096 Q0 31132697707413505 476 -10.2627 indri
MB096 Q0 31086418851794944 477 -10.2627 indri
MB096 Q0 31058906281152513 478 -10.2627 indri
MB096 Q0 31021732710055936 479 -10.2627 indri
MB096 Q0 30791309602070528 480 -10.2627 indri
MB096 Q0 30760710820597760 481 -10.2627 indri
MB096 Q0 30717481148485632 482 -10.2627 indri
MB096 Q0 30615843549224961 483 -10.2627 indri
MB096 Q0 30572861492043776 484 -10.2627 indri
MB096 Q0 30529515016945665 485 -10.2627 indri
MB096 Q0 30301743258542080 486 -10.2627 indri
MB096 Q0 30094254898421761 487 -10.2627 indri
MB096 Q0 30058678233071616 488 -10.2627 indri
MB096 Q0 30032478945148928 489 -10.2627 indri
MB096 Q0 29990290223800321 490 -10.2627 indri
MB096 Q0 29982226984730624 491 -10.2627 indri
MB096 Q0 29968622453526528 492 -10.2627 indri
MB096 Q0 29957250411925504 493 -10.2627 indri
MB096 Q0 29909228093181953 494 -10.2627 indri
MB096 Q0 29763031474896896 495 -10.2627 indri
MB096 Q0 29681562882674689 496 -10.2627 indri
MB096 Q0 29651702625869824 497 -10.2627 indri
MB096 Q0 29547043429023744 498 -10.2627 indri
MB096 Q0 29306705099624448 499 -10.2627 indri
MB096 Q0 29285206586302465 500 -10.2627 indri
MB096 Q0 29262698759856128 501 -10.2627 indri
MB096 Q0 29242412538793985 502 -10.2627 indri
MB096 Q0 31146959217631232 503 -10.263 indri
MB096 Q0 31092794651054080 504 -10.263 indri
MB096 Q0 31082487463550976 505 -10.263 indri
MB096 Q0 30724636010348544 506 -10.263 indri
MB096 Q0 30674587989577732 507 -10.263 indri
MB096 Q0 30672626976296960 508 -10.263 indri
MB096 Q0 30498542015483904 509 -10.263 indri
MB096 Q0 30439343227146240 510 -10.263 indri
MB096 Q0 30433641528041472 511 -10.263 indri
MB096 Q0 30361303935619072 512 -10.263 indri
MB096 Q0 30344460025995264 513 -10.263 indri
MB096 Q0 30054436952870912 514 -10.263 indri
MB096 Q0 29957763345948673 515 -10.263 indri
MB096 Q0 29735093052379136 516 -10.263 indri
MB096 Q0 29706747924975617 517 -10.263 indri
MB096 Q0 29696095248457728 518 -10.263 indri
MB096 Q0 29681096245387264 519 -10.263 indri
MB096 Q0 29655554670469120 520 -10.263 indri
MB096 Q0 29648631103492096 521 -10.263 indri
MB096 Q0 29601630324269056 522 -10.263 indri
MB096 Q0 29561527145078786 523 -10.263 indri
MB096 Q0 29454516508168193 524 -10.263 indri
MB096 Q0 29315810925223936 525 -10.263 indri
MB096 Q0 29233445783740417 526 -10.263 indri
MB096 Q0 29170642867716096 527 -10.263 indri
MB096 Q0 29000023681269760 528 -10.263 indri
MB096 Q0 31123136002916353 529 -10.2634 indri
MB096 Q0 30806875154948096 530 -10.2634 indri
MB096 Q0 30773692904505344 531 -10.2634 indri
MB096 Q0 30660093770993664 532 -10.2634 indri
MB096 Q0 30650769640263680 533 -10.2634 indri
MB096 Q0 30495900610600960 534 -10.2634 indri
MB096 Q0 30383807265771520 535 -10.2634 indri
MB096 Q0 30362715050483712 536 -10.2634 indri
MB096 Q0 30145992246427648 537 -10.2634 indri
MB096 Q0 30062422576336896 538 -10.2634 indri
MB096 Q0 30028986042028033 539 -10.2634 indri
MB096 Q0 30018780700606464 540 -10.2634 indri
MB096 Q0 29934339449954304 541 -10.2634 indri
MB096 Q0 29686599658770433 542 -10.2634 indri
MB096 Q0 29654436691316736 543 -10.2634 indri
MB096 Q0 29626540014702592 544 -10.2634 indri
MB096 Q0 29585315488333825 545 -10.2634 indri
MB096 Q0 29413388522094592 546 -10.2634 indri
MB096 Q0 29400430714822657 547 -10.2634 indri
MB096 Q0 29276536792158208 548 -10.2634 indri
MB096 Q0 29260306416926721 549 -10.2634 indri
MB096 Q0 29235373515214848 550 -10.2634 indri
MB096 Q0 29177332178620416 551 -10.2634 indri
MB096 Q0 28977806142603264 552 -10.2634 indri
MB096 Q0 31079186332389376 553 -10.2638 indri
MB096 Q0 31030637691408384 554 -10.2638 indri
MB096 Q0 30803885387943936 555 -10.2638 indri
MB096 Q0 30643817208094721 556 -10.2638 indri
MB096 Q0 30588015197814785 557 -10.2638 indri
MB096 Q0 30555539452723200 558 -10.2638 indri
MB096 Q0 30516292553277441 559 -10.2638 indri
MB096 Q0 30506072846368768 560 -10.2638 indri
MB096 Q0 30315977883254784 561 -10.2638 indri
MB096 Q0 29686820694396928 562 -10.2638 indri
MB096 Q0 29501868765876224 563 -10.2638 indri
MB096 Q0 29310126884130816 564 -10.2638 indri
MB096 Q0 30787917794250752 565 -10.2642 indri
MB096 Q0 30378297334435841 566 -10.2642 indri
MB096 Q0 30375276701548544 567 -10.2642 indri
MB096 Q0 30009933927809024 568 -10.2642 indri
MB096 Q0 29637500142100480 569 -10.2642 indri
MB096 Q0 29588975958106113 570 -10.2642 indri
MB096 Q0 29588654942851072 571 -10.2642 indri
MB096 Q0 29402773862748161 572 -10.2642 indri
MB096 Q0 29370345785925633 573 -10.2642 indri
MB096 Q0 29348620343967746 574 -10.2642 indri
MB096 Q0 31124752957440000 575 -10.2646 indri
MB096 Q0 30697285922852864 576 -10.2646 indri
MB096 Q0 30265567491399680 577 -10.2646 indri
MB096 Q0 30052161668775936 578 -10.2646 indri
MB096 Q0 29598802742607872 579 -10.2646 indri
MB096 Q0 29381540853063680 580 -10.2646 indri
MB096 Q0 29047015467917312 581 -10.2646 indri
MB096 Q0 29341983025668096 582 -10.265 indri
MB096 Q0 29340380390498304 583 -10.265 indri
MB096 Q0 30678734231052288 584 -10.2654 indri
MB096 Q0 29564031354273792 585 -10.2654 indri
MB096 Q0 29569696583913472 586 -10.2658 indri
