MB109 34390055866859520 -7.82706 LRS
MB109 34252335039385600 -7.82466 LRS
MB109 34035444312186880 -7.83222 LRS
MB109 33174039199617024 -7.83103 LRS
MB109 32931646336401409 -7.83182 LRS
MB109 32192451028451328 -7.82586 LRS
MB109 32039490805571584 -7.83182 LRS
MB109 31911101734064128 -7.83222 LRS
MB109 31525784468332545 -7.82865 LRS
MB109 30671934417018880 -7.82626 LRS
MB109 30539468427493376 -7.82746 LRS
MB109 30393246936997888 -7.13818 LRS
MB109 30272237445586944 -7.83182 LRS
MB109 30144954164580352 -7.83222 LRS
MB109 30082559194963968 -7.82626 LRS
MB109 30032342810628096 -7.82666 LRS
MB109 29983766109757440 -7.82825 LRS
MB109 29975167115468800 -7.82746 LRS
MB109 29957983949557760 -7.83222 LRS
MB109 29948142942158849 -7.83063 LRS
MB109 29929865545256960 -7.83103 LRS
MB109 29912509850849280 -7.83024 LRS
MB109 29048185200578561 -7.83301 LRS
