MB105 34621769365061632 -7.82866 LRS
MB105 34498571776561152 -7.82946 LRS
MB105 34438194535735296 -7.82906 LRS
MB105 34416735134158848 -7.82469 LRS
MB105 34414240785764352 -7.82588 LRS
MB105 34414094387773441 -7.82668 LRS
MB105 34414085865091072 -7.13739 LRS
MB105 34413984320856064 -7.1354 LRS
MB105 34380448335400961 -7.82349 LRS
MB105 34331343496159233 -7.82866 LRS
MB105 34312490317774848 -7.82509 LRS
MB105 34295126293487616 -7.82349 LRS
MB105 34292473085829120 -7.82549 LRS
MB105 34208952174514176 -7.82747 LRS
MB105 34128583660142593 -7.82588 LRS
MB105 34081727383224320 -7.13501 LRS
MB105 34055468062081024 -7.82946 LRS
MB105 34041530704470016 -7.82628 LRS
MB105 33951405974757376 -7.82668 LRS
MB105 33948673280974848 -7.83025 LRS
MB105 33947078224781312 -7.83183 LRS
MB105 33893305859182592 -7.82946 LRS
MB105 33800512688230400 -7.82708 LRS
MB105 33774610801496064 -7.82747 LRS
MB105 33764536079097856 -7.82668 LRS
MB105 33757229958037504 -7.82469 LRS
MB105 33696954210848768 -7.8227 LRS
MB105 33694159357353986 -7.82827 LRS
MB105 33656065002315777 -7.82389 LRS
MB105 33519702558908416 -7.8231 LRS
MB105 33398134948233216 -7.8231 LRS
MB105 33259011209953280 -7.82787 LRS
MB105 33256916620677120 -7.82747 LRS
MB105 33100389339373568 -7.82946 LRS
MB105 32812730553475074 -7.82588 LRS
MB105 32789945382871041 -7.82747 LRS
MB105 32207735198064640 -7.82747 LRS
MB105 32186249536081920 -7.82628 LRS
MB105 32100695989559296 -7.82747 LRS
MB105 32092945779789824 -7.8231 LRS
MB105 32058220126146561 -7.82668 LRS
MB105 31897922861797376 -7.82946 LRS
MB105 31719460071014400 -7.82628 LRS
MB105 31430924868521984 -7.83262 LRS
MB105 31380634714775552 -7.82866 LRS
MB105 31349527273275392 -7.82866 LRS
MB105 31170229811806210 -7.83104 LRS
MB105 30837158298259457 -7.82509 LRS
MB105 30708352279384064 -7.82708 LRS
MB105 30704470845292545 -7.82429 LRS
MB105 30611796112973824 -7.82906 LRS
MB105 30490003188482049 -7.82588 LRS
MB105 30460510562426880 -7.82509 LRS
MB105 30342866706366464 -7.8231 LRS
MB105 30252595469623296 -7.82787 LRS
MB105 29944596947542017 -7.82668 LRS
MB105 29740509119381504 -7.83065 LRS
MB105 29725443833729024 -7.82866 LRS
MB105 29650557811556352 -7.82708 LRS
MB105 29617246930210817 -7.82906 LRS
MB105 29566181853630466 -7.82668 LRS
MB105 29398158815535104 -7.83183 LRS
MB105 29396801249349634 -7.82668 LRS
MB105 29197172222197762 -7.82349 LRS
MB105 29180730781212672 -7.8219 LRS
MB105 29084736752193536 -7.83025 LRS
MB105 29055689217277952 -7.82549 LRS
MB105 29055686331600896 -7.82549 LRS
