MB052 33194092661833728 -10.4354 LRS
MB052 33193379504332801 -11.325 LRS
MB052 33188417697226752 -11.3222 LRS
MB052 33052618884390912 -11.3226 LRS
MB052 33001076659589122 -11.3246 LRS
MB052 32973061993005056 -7.82525 LRS
MB052 32936211655954432 -10.9813 LRS
MB052 32906414900903936 -11.3226 LRS
MB052 32872962348548096 -10.4378 LRS
MB052 32871474456961024 -11.3226 LRS
MB052 32836599955853312 -11.3238 LRS
MB052 32835710402695172 -11.3242 LRS
MB052 32679737432219648 -11.325 LRS
MB052 32664347280941056 -11.3206 LRS
MB052 32618963326214144 -11.3222 LRS
MB052 32586132818501632 -10.0911 LRS
MB052 32554601131548673 -11.3202 LRS
MB052 32528817570451456 -11.3234 LRS
MB052 32503705991389184 -11.3242 LRS
MB052 32477041165074433 -10.4346 LRS
MB052 32461176700928000 -10.9766 LRS
MB052 32452930514722818 -10.4342 LRS
MB052 32414359632216064 -11.3234 LRS
MB052 32374903306981376 -11.3174 LRS
MB052 32198085593534464 -11.3202 LRS
MB052 32175470816534528 -11.3198 LRS
MB052 32157513885417472 -11.3238 LRS
MB052 32141402875887616 -11.3222 LRS
MB052 32093179519967233 -10.4354 LRS
MB052 32012151778443264 -11.3222 LRS
MB052 31970846394290176 -11.3246 LRS
MB052 31912677823488000 -11.3202 LRS
MB052 31883809494401024 -11.3182 LRS
MB052 31781754993901568 -11.325 LRS
MB052 31680155143380993 -11.321 LRS
MB052 31579735733567488 -11.3238 LRS
MB052 31428966615093248 -11.3234 LRS
MB052 31419222710034433 -11.3218 LRS
MB052 31323317705113600 -10.9797 LRS
MB052 31282260816695296 -11.3178 LRS
MB052 31255231228542976 -11.3194 LRS
MB052 31053329748459520 -11.3194 LRS
MB052 30872491819802624 -10.9805 LRS
MB052 30806980297756672 -11.3242 LRS
MB052 30806564176662528 -11.3242 LRS
MB052 30738422704373761 -11.3265 LRS
MB052 30697627775410177 -11.323 LRS
MB052 30463742131044353 -11.3214 LRS
MB052 30404645390127106 -11.3222 LRS
MB052 30401912348082176 -11.325 LRS
MB052 30380354254667776 -11.3214 LRS
MB052 30376934647005184 -10.4374 LRS
MB052 30358686664761344 -11.3198 LRS
MB052 30347932188286976 -11.3234 LRS
MB052 30334103303757824 -11.325 LRS
MB052 30274519411195904 -10.4322 LRS
MB052 30252350539042817 -11.3226 LRS
MB052 30135309542887424 -11.319 LRS
MB052 30108299298873345 -11.323 LRS
MB052 30103514642386944 -11.3214 LRS
MB052 30076585994362880 -11.3186 LRS
MB052 30054100565499905 -11.3186 LRS
MB052 29885818457821184 -11.3246 LRS
MB052 29782729826508802 -11.325 LRS
MB052 29778453146374146 -11.3246 LRS
MB052 29763378842963968 -11.3218 LRS
MB052 29756362250526721 -11.3234 LRS
MB052 29730028895862784 -11.3218 LRS
MB052 29725576998686720 -11.3214 LRS
MB052 29711067563163649 -11.3206 LRS
MB052 29660980623450112 -11.3234 LRS
MB052 29638944261939201 -11.323 LRS
MB052 29582250639101952 -11.321 LRS
MB052 29563722666082304 -11.3206 LRS
MB052 29477253435887616 -11.3174 LRS
MB052 29451825736323072 -11.3246 LRS
MB052 29372322523648000 -11.323 LRS
MB052 29273986579832832 -10.4346 LRS
MB052 29269584418705409 -11.3238 LRS
MB052 29176831886229505 -10.4342 LRS
MB052 29091743618039808 -10.4374 LRS
MB052 28993855701385216 -11.3234 LRS
MB052 28970319251243008 -10.9782 LRS
