MB053 35123660406657024 -8.74278 LRS
MB053 35121644116774912 -10.255 LRS
MB053 35119949466836992 -10.2558 LRS
MB053 35119040707952641 -10.2558 LRS
MB053 35116556740608000 -10.2593 LRS
MB053 35116421486739456 -10.1735 LRS
MB053 35115200155750400 -10.2578 LRS
MB053 35114696969293824 -10.1747 LRS
MB053 35113842027532288 -10.2554 LRS
MB053 35113412136681472 -10.2522 LRS
MB053 35113140739903489 -10.1751 LRS
MB053 35111443070332929 -10.1774 LRS
MB053 35108911405080576 -10.1739 LRS
MB053 35108384831180802 -10.1743 LRS
MB053 35107244223897600 -10.2597 LRS
MB053 35106957991870464 -10.257 LRS
MB053 35106816656416769 -10.1743 LRS
MB053 35104726697775104 -10.1743 LRS
MB053 35103826226847744 -10.0403 LRS
MB053 35101538254983169 -10.2562 LRS
MB053 35100504753176576 -10.2593 LRS
MB053 35093621698994176 -10.2593 LRS
MB053 35092501228421120 -10.2546 LRS
MB053 35087904850051072 -10.2566 LRS
MB053 35087862797959169 -10.2566 LRS
MB053 35085824492191744 -10.2582 LRS
MB053 35081393524576256 -10.1782 LRS
MB053 35080757219164160 -10.2601 LRS
MB053 35079953435328512 -9.95659 LRS
MB053 35078669705822208 -10.2609 LRS
MB053 35077456926867456 -10.1782 LRS
MB053 35073226698661888 -10.2593 LRS
MB053 35070780068999168 -10.2589 LRS
MB053 35070497527955456 -10.1766 LRS
MB053 35070438526824448 -10.1723 LRS
MB053 35067271160401920 -10.2562 LRS
MB053 35065343835643904 -10.2597 LRS
MB053 35064876674064384 -10.1743 LRS
MB053 35061893215293440 -9.6296 LRS
MB053 35059285327093761 -10.1731 LRS
MB053 35056319249518592 -10.2582 LRS
MB053 35054952342626304 -9.63118 LRS
MB053 35053529919922176 -9.62602 LRS
MB053 35053225296138240 -10.2597 LRS
MB053 35052497408098305 -9.29301 LRS
MB053 35051858313609216 -10.2574 LRS
MB053 35049252866494465 -10.1758 LRS
MB053 35048315800256512 -10.1727 LRS
MB053 35042596829003776 -10.2566 LRS
MB053 35042578046918656 -10.2593 LRS
MB053 35042417178718209 -10.2566 LRS
MB053 35041658349289473 -10.2574 LRS
MB053 35036657677762560 -10.0391 LRS
MB053 35036421001584641 -10.2582 LRS
MB053 35036344417783808 -9.91008 LRS
MB053 35034357240430592 -10.1778 LRS
MB053 35033325282271232 -10.2586 LRS
MB053 35028267803082752 -10.2582 LRS
MB053 35026204125831169 -10.2566 LRS
MB053 35023125011759105 -10.255 LRS
MB053 35023024247947264 -10.1703 LRS
MB053 35021232957030401 -10.2574 LRS
MB053 35020213569200128 -10.179 LRS
MB053 35016962144878592 -10.177 LRS
MB053 35016603493994496 -10.1727 LRS
MB053 35016185997164544 -10.2605 LRS
MB053 35013039958790144 -10.2597 LRS
MB053 35012847230525441 -10.2566 LRS
MB053 35007475346448385 -10.1766 LRS
MB053 35005941942321152 -10.257 LRS
MB053 35005474579423232 -10.1766 LRS
MB053 35005393906176001 -10.2546 LRS
MB053 35000506787045376 -10.255 LRS
MB053 34999768442732545 -10.2589 LRS
MB053 34996777497141248 -10.1735 LRS
MB053 34993623351164928 -10.2562 LRS
MB053 34992453652054016 -10.1786 LRS
MB053 34990034532700160 -10.2613 LRS
MB053 34987729427103745 -10.2586 LRS
MB053 34986145293008897 -10.2542 LRS
MB053 34985327919636481 -10.2542 LRS
MB053 34985121614405632 -10.1731 LRS
MB053 34985042383994880 -10.2514 LRS
MB053 34980147169861632 -10.2578 LRS
MB053 34979397698064384 -9.29816 LRS
MB053 34977300273434624 -9.6296 LRS
MB053 34975891343806464 -10.1766 LRS
MB053 34972776536350720 -10.1758 LRS
MB053 34971471906340864 -10.2574 LRS
MB053 34969051360927744 -10.2526 LRS
MB053 34968691598696448 -9.63158 LRS
MB053 34966985490038784 -10.2586 LRS
MB053 34966973032964096 -10.2546 LRS
MB053 34965674011017216 -10.1751 LRS
MB053 34964878196359168 -10.1794 LRS
MB053 34962937625968640 -10.2538 LRS
MB053 34959668463804416 -10.255 LRS
MB053 34940301197967360 -10.1794 LRS
MB053 34939168769441792 -10.2514 LRS
MB053 34935504617082880 -10.2538 LRS
MB053 34934282162012160 -10.1798 LRS
MB053 34929425665499136 -10.2578 LRS
MB053 34928628835819520 -10.1794 LRS
MB053 34927610572046336 -10.2534 LRS
MB053 34923275196833792 -10.2546 LRS
MB053 34923160507777025 -10.2601 LRS
MB053 34920462584647681 -10.0403 LRS
MB053 34920334356381696 -10.255 LRS
MB053 34916486329933825 -10.0391 LRS
MB053 34913681082941440 -10.2593 LRS
MB053 34913047428472832 -9.62721 LRS
MB053 34904394730438656 -10.255 LRS
MB053 34903235256909824 -10.255 LRS
MB053 34903018163937280 -9.90691 LRS
MB053 34888717118218240 -10.0387 LRS
MB053 34887177707978752 -10.1814 LRS
MB053 34885955710238720 -10.1747 LRS
MB053 34885708397158400 -10.2589 LRS
MB053 34883071547416576 -10.2586 LRS
MB053 34879101504331776 -9.62841 LRS
MB053 34878051074580480 -10.251 LRS
MB053 34877887861489664 -10.253 LRS
MB053 34876673514016768 -10.1798 LRS
MB053 34874678736592896 -10.1758 LRS
MB053 34860154331742208 -10.1758 LRS
MB053 34859421670719488 -10.1758 LRS
MB053 34857440851927040 -10.1755 LRS
MB053 34855910191005696 -10.2582 LRS
MB053 34853949555089408 -10.2582 LRS
MB053 34852506827759617 -10.2597 LRS
MB053 34851709285040128 -10.2562 LRS
MB053 34851562576678912 -10.1751 LRS
MB053 34849250571452416 -10.2566 LRS
MB053 34848705588764672 -10.2546 LRS
MB053 34845844758863872 -10.2586 LRS
MB053 34842737287102464 -10.1786 LRS
MB053 34839627315544064 -10.2589 LRS
MB053 34836015789113345 -10.2558 LRS
MB053 34830161148907520 -10.2589 LRS
MB053 34828575341289472 -10.1719 LRS
MB053 34828197916839936 -10.1707 LRS
MB053 34827600425783296 -10.253 LRS
MB053 34826062458257408 -10.257 LRS
MB053 34823963775340544 -10.2617 LRS
MB053 34818529886732288 -10.1762 LRS
MB053 34816032405327872 -10.1723 LRS
MB053 34813066067578880 -10.1751 LRS
MB053 34808440232607744 -9.62642 LRS
MB053 34808178797445120 -10.2589 LRS
MB053 34807921116188672 -10.2538 LRS
MB053 34804975557148672 -10.1751 LRS
MB053 34803615117869056 -10.1782 LRS
MB053 34803040347234304 -10.2586 LRS
MB053 34802706111664128 -10.1751 LRS
MB053 34802382319652865 -10.0395 LRS
MB053 34802102505046016 -10.1751 LRS
MB053 34801991062392832 -10.0372 LRS
MB053 34797998680571904 -10.2526 LRS
MB053 34793898828107777 -10.1782 LRS
MB053 34793175197425664 -9.62681 LRS
MB053 34791198468083713 -10.1747 LRS
MB053 34790758133399552 -10.257 LRS
MB053 34790603875160065 -10.1727 LRS
MB053 34786513107681280 -10.1703 LRS
MB053 34785014835052544 -10.2593 LRS
MB053 34780867721310208 -10.2589 LRS
MB053 34780621297426432 -10.2586 LRS
MB053 34779946605871105 -10.2645 LRS
MB053 34779196702203904 -10.038 LRS
MB053 34778322122571777 -10.2582 LRS
MB053 34777860702994432 -10.1735 LRS
MB053 34776954691387392 -9.62642 LRS
MB053 34768853707788288 -10.2522 LRS
MB053 34764789603373056 -10.2597 LRS
MB053 34763440136388608 -9.62761 LRS
MB053 34762950141022210 -10.1778 LRS
MB053 34756041560301570 -10.1731 LRS
MB053 34754605384470528 -10.2542 LRS
MB053 34753237072482305 -10.257 LRS
MB053 34752631943471106 -10.1782 LRS
MB053 34751601646239745 -10.2558 LRS
MB053 34747376296001536 -10.2574 LRS
MB053 34744065526337536 -9.62562 LRS
MB053 34742941687750656 -10.2558 LRS
MB053 34742941029244929 -10.2582 LRS
MB053 34738639682408448 -10.2566 LRS
MB053 34738409532555264 -10.2574 LRS
MB053 34737033289142272 -10.2546 LRS
MB053 34734995343941632 -10.255 LRS
MB053 34734319947747328 -10.1731 LRS
MB053 34733314577272832 -10.0387 LRS
MB053 34732625050603520 -10.2582 LRS
MB053 34731783962497026 -10.2582 LRS
MB053 34731548079034368 -10.2609 LRS
MB053 34729306588446721 -10.2566 LRS
MB053 34728664532779008 -10.2589 LRS
MB053 34727772425293824 -9.62999 LRS
MB053 34723305843855360 -10.2554 LRS
MB053 34723141284536320 -10.2546 LRS
MB053 34718087936737280 -10.2593 LRS
MB053 34717236023263233 -10.179 LRS
MB053 34716774767271936 -10.2566 LRS
MB053 34715326667034624 -10.2542 LRS
MB053 34714917642706944 -10.2574 LRS
MB053 34714413705465856 -10.253 LRS
MB053 34712840443011072 -10.2601 LRS
MB053 34709790760378368 -10.2574 LRS
MB053 34709094048727041 -10.1798 LRS
MB053 34709046518874112 -10.1778 LRS
MB053 34706946019819520 -10.2546 LRS
MB053 34706190994771969 -10.2589 LRS
MB053 34699898225954817 -10.179 LRS
MB053 34696985822887936 -10.2546 LRS
MB053 34695279257059328 -9.62999 LRS
MB053 34694940004982785 -10.1774 LRS
MB053 34693439832457216 -10.2578 LRS
MB053 34691461463150592 -10.2601 LRS
MB053 34690356188549120 -10.0403 LRS
MB053 34689279951253504 -10.2586 LRS
MB053 34687795565961216 -10.2558 LRS
MB053 34684847125438465 -10.2558 LRS
MB053 34684206328061952 -10.2522 LRS
MB053 34684060571799552 -10.1798 LRS
MB053 34682691903291393 -10.1786 LRS
MB053 34681595357044736 -10.2589 LRS
MB053 34680962163937280 -9.62482 LRS
MB053 34679057840996352 -10.179 LRS
MB053 34676421276336129 -10.1727 LRS
MB053 34675228848160769 -10.2586 LRS
MB053 34674503543951360 -10.2593 LRS
MB053 34674335696297985 -10.1755 LRS
MB053 34673175233167360 -10.2538 LRS
MB053 34673059906453504 -10.2578 LRS
MB053 34672175885582336 -10.1727 LRS
MB053 34671587588313089 -9.39876 LRS
MB053 34671449394380801 -9.95461 LRS
MB053 34670690888056834 -9.95659 LRS
MB053 34668942890901506 -10.253 LRS
MB053 34665397412311040 -10.1703 LRS
MB053 34665352252096512 -9.95778 LRS
MB053 34664515157102592 -10.1747 LRS
MB053 34664317097873408 -10.1739 LRS
MB053 34664160646135809 -10.2593 LRS
MB053 34662147136946176 -10.2589 LRS
MB053 34662099015700481 -10.1727 LRS
MB053 34661945256714240 -10.257 LRS
MB053 34660484095410176 -9.62761 LRS
MB053 34659945731465216 -10.1731 LRS
MB053 34657369866637312 -10.1751 LRS
MB053 34655161703993344 -10.1762 LRS
MB053 34654349695254528 -10.2522 LRS
MB053 34653133439246336 -10.2542 LRS
MB053 34650721559257088 -10.1723 LRS
MB053 34649819871977474 -10.2562 LRS
MB053 34635874910081024 -10.1782 LRS
MB053 34632342874099712 -9.39796 LRS
MB053 34628830282911744 -10.0427 LRS
MB053 34628654512214016 -10.181 LRS
MB053 34627901651419136 -10.0352 LRS
MB053 34627360959496192 -10.1766 LRS
MB053 34623420477997056 -10.1751 LRS
MB053 34621596622659585 -10.2621 LRS
MB053 34620348473286656 -10.2582 LRS
MB053 34620045439008769 -10.1782 LRS
MB053 34619926035562496 -9.95659 LRS
MB053 34618645447446528 -9.6288 LRS
MB053 34618529554632704 -9.63039 LRS
MB053 34617537102618624 -10.2566 LRS
MB053 34614024779866112 -10.257 LRS
MB053 34613307897810946 -10.2562 LRS
MB053 34606580536311808 -10.2546 LRS
MB053 34605596867035138 -9.62721 LRS
MB053 34603111179878400 -10.1731 LRS
MB053 34602928023011328 -10.2586 LRS
MB053 34594350205763584 -10.1762 LRS
MB053 34594045938368513 -9.40035 LRS
MB053 34586732238213120 -10.2566 LRS
MB053 34580150750289920 -10.2597 LRS
MB053 34578902894518272 -10.1782 LRS
MB053 34572328427847681 -9.40074 LRS
MB053 34557569041178624 -9.40193 LRS
MB053 34555236282540032 -10.2574 LRS
MB053 34550864215539712 -9.62999 LRS
MB053 34548031642673152 -10.251 LRS
MB053 34541190116278272 -10.2597 LRS
MB053 34540198188556288 -10.1751 LRS
MB053 34539482812260352 -10.1755 LRS
MB053 34534761183576064 -10.2597 LRS
MB053 34534756687286272 -10.257 LRS
MB053 34530054755196928 -10.1743 LRS
MB053 34523467558686720 -10.1755 LRS
MB053 34517457070718976 -10.177 LRS
MB053 34515884223500288 -10.2593 LRS
MB053 34514113409323008 -10.255 LRS
MB053 34514008157458432 -10.1778 LRS
MB053 34511413963657216 -10.2534 LRS
MB053 34510437621960704 -10.1731 LRS
MB053 34509115669618689 -10.0364 LRS
MB053 34507109701779457 -10.1758 LRS
MB053 34506272300605440 -10.255 LRS
MB053 34497678142345216 -10.2578 LRS
MB053 34496141726851073 -10.2542 LRS
MB053 34494356522151936 -10.2558 LRS
MB053 34493224248672256 -9.63039 LRS
MB053 34487114674470912 -10.1731 LRS
MB053 34486444156256256 -10.1719 LRS
MB053 34482926955536384 -10.1762 LRS
MB053 34482439862624257 -10.257 LRS
MB053 34478861961920512 -10.1723 LRS
MB053 34478366178410496 -10.2542 LRS
MB053 34476862214250496 -10.1751 LRS
MB053 34475252029333504 -10.1798 LRS
MB053 34469080513646592 -10.2562 LRS
MB053 34468233868214272 -10.2554 LRS
MB053 34467966024163328 -10.2589 LRS
MB053 34465971922014208 -10.2601 LRS
MB053 34464009864347648 -10.257 LRS
MB053 34462657100652544 -10.1766 LRS
MB053 34462618911514624 -10.2546 LRS
MB053 34461213974859776 -10.1758 LRS
MB053 34460136219090944 -10.1755 LRS
MB053 34460101829988352 -10.2586 LRS
MB053 34458654560227329 -10.255 LRS
MB053 34458507650539520 -10.1747 LRS
MB053 34458151235354624 -10.1762 LRS
MB053 34455201691734016 -10.1731 LRS
MB053 34449491117477890 -10.1762 LRS
MB053 34444104314126336 -10.2522 LRS
MB053 34441452419424256 -9.95817 LRS
MB053 34434275017236481 -10.1731 LRS
MB053 34434243492847616 -10.2558 LRS
MB053 34433986965016576 -10.1715 LRS
MB053 34433032525971456 -10.2562 LRS
MB053 34432565213401090 -10.2562 LRS
MB053 34429355585310720 -10.2566 LRS
MB053 34426447787466752 -9.95699 LRS
MB053 34420631105703937 -10.257 LRS
MB053 34415704287481856 -10.038 LRS
MB053 34411878557941762 -10.257 LRS
MB053 34409652871503872 -10.2562 LRS
MB053 34408676072624128 -10.257 LRS
MB053 34407722959126528 -10.2586 LRS
MB053 34404935902695425 -10.1739 LRS
MB053 34404073872564224 -10.2586 LRS
MB053 34403854363656193 -9.62761 LRS
MB053 34403608015409152 -10.2578 LRS
MB053 34402313032437761 -9.62761 LRS
MB053 34398000218382337 -10.2554 LRS
MB053 34393429052104704 -10.2566 LRS
MB053 34392890834690048 -10.1747 LRS
MB053 34388330925785088 -10.2562 LRS
MB053 34387420006850560 -10.181 LRS
MB053 34385888288964608 -10.2597 LRS
MB053 34383279557705728 -10.0391 LRS
MB053 34382565674721280 -10.2566 LRS
MB053 34381408495472640 -9.9558 LRS
MB053 34380619001634816 -10.1715 LRS
MB053 34380244513193985 -10.2526 LRS
MB053 34378372616294401 -10.2586 LRS
MB053 34378092466147328 -10.2518 LRS
MB053 34373293360283649 -10.1778 LRS
MB053 34370345565691904 -10.2562 LRS
MB053 34369726226366464 -10.2538 LRS
MB053 34360779708960768 -10.1758 LRS
MB053 34359898061938688 -10.1786 LRS
MB053 34358662726164480 -9.62999 LRS
MB053 34358244033957888 -10.2597 LRS
MB053 34355887539748864 -10.1719 LRS
MB053 34355787161673728 -10.2574 LRS
MB053 34354924187811840 -10.2546 LRS
MB053 34354437413666816 -9.6292 LRS
MB053 34353833731817472 -10.1719 LRS
MB053 34352923433500672 -10.2578 LRS
MB053 34352771658424320 -10.2558 LRS
MB053 34351986681847809 -9.95262 LRS
MB053 34351091160195072 -10.1778 LRS
MB053 34348897908301824 -10.1751 LRS
MB053 34346758158946304 -10.177 LRS
MB053 34346374443048961 -10.2514 LRS
MB053 34343230233378817 -9.82185 LRS
MB053 34341537361952768 -10.1727 LRS
MB053 34339803113721856 -10.2554 LRS
MB053 34338028893769728 -10.2534 LRS
MB053 34337296836730880 -10.1774 LRS
MB053 34336779024728065 -10.2586 LRS
MB053 34334534786879488 -10.1739 LRS
MB053 34333646013865985 -10.1762 LRS
MB053 34333242463100928 -10.1727 LRS
MB053 34327002185990144 -10.1727 LRS
MB053 34321094819192832 -10.1766 LRS
MB053 34317446290612224 -10.1727 LRS
MB053 34317368112975873 -10.1782 LRS
MB053 34315231073288192 -10.2566 LRS
MB053 34311249370030080 -10.1782 LRS
MB053 34305487948226560 -10.2534 LRS
MB053 34305295492579328 -10.1755 LRS
MB053 34304595559714816 -10.2522 LRS
MB053 34302775810736128 -10.1735 LRS
MB053 34298942711660544 -10.2514 LRS
MB053 34296826026926080 -10.1707 LRS
MB053 34291459700039681 -9.62841 LRS
MB053 34291180271304704 -10.1707 LRS
MB053 34289474678562816 -10.1727 LRS
MB053 34289451165294592 -10.1762 LRS
MB053 34288166575804418 -10.2538 LRS
MB053 34287862664921088 -10.177 LRS
MB053 34285112950521856 -10.2589 LRS
MB053 34281314974842880 -10.1782 LRS
MB053 34280959717150721 -10.1782 LRS
MB053 34278231020408832 -10.1703 LRS
MB053 34275871455977472 -10.255 LRS
MB053 34273762509717504 -9.62761 LRS
MB053 34268768716718080 -10.2609 LRS
MB053 34268382115143680 -10.2566 LRS
MB053 34266932836311041 -10.2554 LRS
MB053 34266323412324352 -10.2593 LRS
MB053 34259642586505217 -10.2542 LRS
MB053 34259572306747392 -10.1758 LRS
MB053 34255326920310785 -10.255 LRS
MB053 34254564966273024 -10.1747 LRS
MB053 34254031379496960 -10.2566 LRS
MB053 34250290320384000 -10.1778 LRS
MB053 34245039949348864 -10.2586 LRS
MB053 34243464719769600 -10.2526 LRS
MB053 34234931156619264 -10.1782 LRS
MB053 34233111562682368 -10.2578 LRS
MB053 34232532379631616 -10.255 LRS
MB053 34228435605786624 -10.2593 LRS
MB053 34223213202513920 -10.1758 LRS
MB053 34220554386939904 -10.2546 LRS
MB053 34219006147694592 -9.29698 LRS
MB053 34216665508089856 -10.2586 LRS
MB053 34207434360758272 -10.1743 LRS
MB053 34204892205686784 -10.2582 LRS
MB053 34200207348465664 -10.2586 LRS
MB053 34198869176754176 -10.1739 LRS
MB053 34198727010811904 -10.2582 LRS
MB053 34197130851647488 -9.63118 LRS
MB053 34194699153702912 -10.1751 LRS
MB053 34187839038160896 -10.1707 LRS
MB053 34175039490228225 -10.2542 LRS
MB053 34173625309339648 -10.1751 LRS
MB053 34171921570463744 -10.1739 LRS
MB053 34166482934050816 -10.2601 LRS
MB053 34166330068303873 -10.2562 LRS
MB053 34159451795628033 -10.1766 LRS
MB053 34159148203507712 -10.2589 LRS
MB053 34149616882556929 -10.1715 LRS
MB053 34144296466653188 -10.2546 LRS
MB053 34142267606446080 -10.1731 LRS
MB053 34138416773857281 -10.255 LRS
MB053 34135525438783489 -10.1727 LRS
MB053 34130681739087872 -10.2562 LRS
MB053 34129814986170368 -10.1731 LRS
MB053 34125766568574976 -10.1707 LRS
MB053 34116743165251584 -10.2593 LRS
MB053 34116734889758720 -10.1731 LRS
MB053 34116520112029696 -10.2546 LRS
MB053 34114788237774848 -10.2589 LRS
MB053 34114302197628928 -10.2546 LRS
MB053 34114090687266816 -10.1766 LRS
MB053 34109934345920513 -10.2514 LRS
MB053 34105881465454592 -10.2554 LRS
MB053 34100371894837248 -10.1703 LRS
MB053 34099708817313792 -10.2574 LRS
MB053 34098024506458112 -9.62602 LRS
MB053 34097934614138881 -10.2574 LRS
MB053 34091944942505984 -10.2522 LRS
MB053 34086681724321792 -10.2578 LRS
MB053 34086208455843840 -10.257 LRS
MB053 34081934418120704 -10.2546 LRS
MB053 34075488490094593 -10.1802 LRS
MB053 34074879061925888 -10.0403 LRS
MB053 34071119141158912 -10.1743 LRS
MB053 34068601703120896 -10.2514 LRS
MB053 34063969199071232 -10.2566 LRS
MB053 34062848573452288 -10.1727 LRS
MB053 34061520648273920 -10.179 LRS
MB053 34058456239439872 -10.1766 LRS
MB053 34056378192502784 -10.2546 LRS
MB053 34054858650681345 -10.1786 LRS
MB053 34051732719804416 -10.255 LRS
MB053 34049530387234816 -10.2562 LRS
MB053 34048651693129728 -10.2554 LRS
MB053 34046821705719808 -9.955 LRS
MB053 34041533342687232 -10.2574 LRS
MB053 34038890750812160 -10.1735 LRS
MB053 34036847885684736 -10.1711 LRS
MB053 33948574131683329 -10.2566 LRS
MB053 33948163597402112 -10.2578 LRS
MB053 33942270210220032 -10.2558 LRS
MB053 33930275788431360 -10.1806 LRS
MB053 33929367805632512 -10.1778 LRS
MB053 33929326550319105 -10.1735 LRS
MB053 33923189159497728 -10.0395 LRS
MB053 33921062664282112 -10.255 LRS
MB053 33921016233205761 -10.2534 LRS
MB053 33913729775046656 -9.62642 LRS
MB053 33912009582051328 -10.253 LRS
MB053 33906041439784960 -10.253 LRS
MB053 33905407281864704 -10.1747 LRS
MB053 33904394256781312 -10.2578 LRS
MB053 33900953748897792 -10.2597 LRS
MB053 33900919523377152 -10.1751 LRS
MB053 33896446709202944 -10.2586 LRS
MB053 33896141221396480 -10.1755 LRS
MB053 33895018448031745 -10.2554 LRS
MB053 33892968364507136 -10.1774 LRS
MB053 33892467162087425 -10.1751 LRS
MB053 33881429163118593 -10.2518 LRS
MB053 33878249096495104 -10.251 LRS
MB053 33877243121897473 -10.179 LRS
MB053 33877032358125568 -10.2589 LRS
MB053 33875205419966464 -10.2582 LRS
MB053 33875202920161280 -10.2582 LRS
MB053 33873851267948545 -10.1758 LRS
MB053 33873478134276096 -10.255 LRS
MB053 33861807881854976 -10.1747 LRS
MB053 33859135493644288 -10.2578 LRS
MB053 33855174254669824 -10.1751 LRS
MB053 33854735501103104 -10.2566 LRS
MB053 33852474100031488 -10.1782 LRS
MB053 33851643661520896 -10.1747 LRS
MB053 33850635610759169 -10.2518 LRS
MB053 33847097178464256 -10.2554 LRS
MB053 33846000527343616 -10.2538 LRS
MB053 33845660075696128 -10.2582 LRS
MB053 33842597369749504 -10.2546 LRS
MB053 33839485699497984 -10.255 LRS
MB053 33837474811740160 -10.1747 LRS
MB053 33833201411559424 -10.2574 LRS
MB053 33832531702984704 -10.255 LRS
MB053 33829083787821056 -10.255 LRS
MB053 33824449992196096 -10.2526 LRS
MB053 33814106087628800 -10.255 LRS
MB053 33804548388683776 -10.2518 LRS
MB053 33803325174452224 -10.1723 LRS
MB053 33803084853411840 -8.74437 LRS
MB053 33802457553305600 -10.1782 LRS
MB053 33797436736544768 -10.2554 LRS
MB053 33796013445746688 -10.2534 LRS
MB053 33795414587088896 -9.62801 LRS
MB053 33791076242300928 -9.6296 LRS
MB053 33788052677599233 -9.6296 LRS
MB053 33785669008498688 -9.95421 LRS
MB053 33782391659044864 -10.0391 LRS
MB053 33775164973916160 -10.1782 LRS
MB053 33774130461413376 -10.2554 LRS
MB053 33771912056283136 -10.1727 LRS
MB053 33770218656370689 -10.2578 LRS
MB053 33768822443868160 -10.2593 LRS
MB053 33767829933137920 -10.1762 LRS
MB053 33763732383334401 -10.1751 LRS
MB053 33760921327382528 -10.2558 LRS
MB053 33759968700145664 -9.95262 LRS
MB053 33759350933688320 -10.1806 LRS
MB053 33757222332796928 -10.1731 LRS
MB053 33754594530037760 -10.1778 LRS
MB053 33752185586057216 -10.1774 LRS
MB053 33748891866374144 -10.2593 LRS
MB053 33747414686892032 -10.2597 LRS
MB053 33745443909271552 -10.1751 LRS
MB053 33744010103357440 -10.1794 LRS
MB053 33742266937909248 -10.1782 LRS
MB053 33740247095312384 -10.2554 LRS
MB053 33733406240018432 -9.82304 LRS
MB053 33731888635977728 -9.72995 LRS
MB053 33728367945584640 -10.1802 LRS
MB053 33724939525693440 -9.62522 LRS
MB053 33724717441486848 -10.2562 LRS
MB053 33722937664081922 -10.257 LRS
MB053 33717477456224256 -10.0399 LRS
MB053 33713775479619584 -9.29301 LRS
MB053 33710027072077824 -10.1751 LRS
MB053 33709420215148544 -10.177 LRS
MB053 33704806765821952 -10.1747 LRS
MB053 33701080080588801 -10.1774 LRS
MB053 33698483433115648 -10.1727 LRS
MB053 33697408475070464 -10.2534 LRS
MB053 33697012499091458 -10.257 LRS
MB053 33692170590355456 -10.2601 LRS
MB053 33689983604760576 -10.2546 LRS
MB053 33689255410671617 -10.1723 LRS
MB053 33686243535495168 -10.2542 LRS
MB053 33685527668457473 -9.62721 LRS
MB053 33684922866601985 -10.2562 LRS
MB053 33684602358857728 -10.2625 LRS
MB053 33681047828967424 -10.1747 LRS
MB053 33680461502877696 -10.2586 LRS
MB053 33678317987041280 -10.1786 LRS
MB053 33678131835437056 -10.2601 LRS
MB053 33677391939239936 -10.257 LRS
MB053 33676863310143488 -10.1778 LRS
MB053 33676859992584192 -10.253 LRS
MB053 33676684511154176 -10.1782 LRS
MB053 33673788151304192 -10.1715 LRS
MB053 33673714180562945 -10.253 LRS
MB053 33672396338634753 -10.255 LRS
MB053 33671526746161152 -10.2597 LRS
MB053 33670874678837248 -10.2546 LRS
MB053 33666006958211072 -10.2578 LRS
MB053 33662801507516416 -10.255 LRS
MB053 33661894891937792 -10.2593 LRS
MB053 33659351436623872 -10.251 LRS
MB053 33658294321029120 -10.1794 LRS
MB053 33657745836216320 -10.2562 LRS
MB053 33655069278736384 -10.1743 LRS
MB053 33654502129139712 -10.255 LRS
MB053 33653992823332864 -10.1743 LRS
MB053 33653387262169088 -10.1794 LRS
MB053 33652988778119168 -10.253 LRS
MB053 33652153348259840 -10.1786 LRS
MB053 33651312088326144 -9.62999 LRS
MB053 33649489780670464 -9.40074 LRS
MB053 33648572633186305 -10.2589 LRS
MB053 33646269096267776 -10.2574 LRS
MB053 33644608009273344 -10.2582 LRS
MB053 33642859714318336 -10.1774 LRS
MB053 33639985726881793 -10.1739 LRS
MB053 33544848577396736 -10.2586 LRS
MB053 33539539205099521 -10.1735 LRS
MB053 33536607986388993 -10.2558 LRS
MB053 33536549467586560 -10.1786 LRS
MB053 33528293688868864 -10.1739 LRS
MB053 33525821608038400 -10.2546 LRS
MB053 33524424745418752 -10.2558 LRS
MB053 33521168996634625 -10.2578 LRS
MB053 33521163271413760 -10.255 LRS
MB053 33521162466107392 -10.2562 LRS
MB053 33521154459181056 -10.2609 LRS
MB053 33516483950673920 -10.2566 LRS
MB053 33512906377134080 -10.253 LRS
MB053 33511048728289281 -10.2605 LRS
MB053 33509497943097345 -10.1766 LRS
MB053 33508133817032705 -10.2538 LRS
MB053 33507338958671873 -10.1786 LRS
MB053 33507030480195584 -10.1731 LRS
MB053 33501421668143104 -10.1731 LRS
MB053 33501265736499200 -10.1715 LRS
MB053 33500105789145088 -10.2558 LRS
MB053 33496870047191040 -10.2538 LRS
MB053 33492956556034048 -10.1758 LRS
MB053 33492140403204096 -10.1735 LRS
MB053 33491559605346304 -10.2522 LRS
MB053 33484447185637376 -10.2538 LRS
MB053 33484114229207041 -10.2562 LRS
MB053 33482321768222720 -10.2542 LRS
MB053 33479559244414976 -10.1751 LRS
MB053 33479439971000320 -10.0352 LRS
MB053 33479225243598848 -9.63039 LRS
MB053 33478862734241792 -10.2582 LRS
MB053 33477589280489472 -10.255 LRS
MB053 33471040206143488 -10.2526 LRS
MB053 33470901966213120 -10.1762 LRS
MB053 33470599955226624 -10.2514 LRS
MB053 33470321826729984 -10.1747 LRS
MB053 33467116900323329 -10.2582 LRS
MB053 33466083637727232 -10.179 LRS
MB053 33466017904599040 -10.2538 LRS
MB053 33460341169979393 -10.1755 LRS
MB053 33458837331648512 -10.255 LRS
MB053 33456148661145600 -10.2522 LRS
MB053 33452508529557504 -10.2538 LRS
MB053 33450843189551104 -10.2542 LRS
MB053 33450073471844352 -10.2562 LRS
MB053 33450055423754240 -10.1755 LRS
MB053 33448196504035329 -10.1727 LRS
MB053 33435883621318656 -10.2574 LRS
MB053 33433290572562432 -10.1774 LRS
MB053 33432473299845120 -10.1774 LRS
MB053 33430478291877888 -10.2566 LRS
MB053 33429010675400704 -10.1766 LRS
MB053 33423789505126401 -10.0376 LRS
MB053 33422768993210368 -10.1774 LRS
MB053 33420245657976832 -10.2589 LRS
MB053 33411252692717568 -10.1747 LRS
MB053 33407944141840385 -10.2586 LRS
MB053 33407478750396417 -10.179 LRS
MB053 33406180973879296 -10.1762 LRS
MB053 33398815776047104 -10.1743 LRS
MB053 33397687692963840 -10.1802 LRS
MB053 33397079925596160 -10.2582 LRS
MB053 33392328043401216 -10.1747 LRS
MB053 33390888788951040 -10.2586 LRS
MB053 33390699516788736 -10.2534 LRS
MB053 33390020232613888 -10.1739 LRS
MB053 33387980479528960 -9.63118 LRS
MB053 33387470473142274 -10.2542 LRS
MB053 33385813177794560 -10.2601 LRS
MB053 33385164952309760 -9.62761 LRS
MB053 33385154655289344 -10.1735 LRS
MB053 33381276417269760 -10.2522 LRS
MB053 33380529864704001 -10.2534 LRS
MB053 33379053390008320 -10.1751 LRS
MB053 33376624196071424 -10.1747 LRS
MB053 33376560648032256 -10.2613 LRS
MB053 33375067907817472 -10.2526 LRS
MB053 33374513416642560 -9.39995 LRS
MB053 33374394604593152 -10.1743 LRS
MB053 33373725030096896 -10.2589 LRS
MB053 33371464929378304 -10.2593 LRS
MB053 33363526114488320 -10.2586 LRS
MB053 33360236924375040 -10.2562 LRS
MB053 33360227290185728 -10.257 LRS
MB053 33356000383733761 -9.29261 LRS
MB053 33353628383186945 -10.2566 LRS
MB053 33352820316966913 -10.2538 LRS
MB053 33352298788814848 -10.2546 LRS
MB053 33349075860455426 -10.2578 LRS
MB053 33347163652100096 -10.2518 LRS
MB053 33344925223501824 -10.177 LRS
MB053 33344568200003584 -10.1747 LRS
MB053 33344382203600896 -10.1731 LRS
MB053 33336766710681600 -10.1766 LRS
MB053 33335751458426880 -9.62642 LRS
MB053 33333102361182209 -9.62999 LRS
MB053 33332128385077248 -10.1782 LRS
MB053 33330050812092416 -10.1782 LRS
MB053 33325971704647680 -10.2621 LRS
MB053 33319997530972161 -9.6296 LRS
MB053 33318044507836416 -10.1715 LRS
MB053 33317592793882625 -10.1786 LRS
MB053 33316301833244672 -10.1751 LRS
MB053 33315251566940160 -10.1739 LRS
MB053 33313719580622848 -10.2518 LRS
MB053 33313711091351553 -10.2589 LRS
MB053 33311899277860866 -10.1711 LRS
MB053 33311536961294336 -10.2586 LRS
MB053 33309309169311744 -10.2542 LRS
MB053 33304695594291201 -10.2586 LRS
MB053 33304266831560704 -10.1723 LRS
MB053 33304248640864256 -10.2566 LRS
MB053 33303765415247872 -10.1782 LRS
MB053 33302880387600384 -10.255 LRS
MB053 33302076331139072 -9.16861 LRS
MB053 33301435336622080 -10.2526 LRS
MB053 33299888217260032 -10.1794 LRS
MB053 33296509105733632 -10.2566 LRS
MB053 33293346046742528 -9.82542 LRS
MB053 33289041558372352 -10.179 LRS
MB053 33287702291943424 -10.1774 LRS
MB053 33287021225054209 -9.62801 LRS
MB053 33286054199033856 -10.2554 LRS
MB053 33279148638081024 -10.2578 LRS
MB053 33278513347829760 -10.038 LRS
MB053 33275949814390785 -10.2538 LRS
MB053 33275819447025666 -10.2562 LRS
MB053 33275398900948992 -10.2538 LRS
MB053 33274071319842817 -10.1806 LRS
MB053 33271829606961152 -10.2562 LRS
MB053 33270900786724864 -10.1719 LRS
MB053 33267444973834240 -10.1782 LRS
MB053 33266105153753088 -10.2625 LRS
MB053 33265771345879041 -10.038 LRS
MB053 33264824863424512 -10.2554 LRS
MB053 33264124158812160 -10.2546 LRS
MB053 33263319263481856 -10.179 LRS
MB053 33262624288276481 -10.1806 LRS
MB053 33260836231458816 -10.1786 LRS
MB053 33256962263220224 -10.2558 LRS
MB053 33256753634213890 -10.2526 LRS
MB053 33256140452143104 -10.179 LRS
MB053 33255552125501440 -10.1751 LRS
MB053 33255463411785728 -10.2574 LRS
MB053 33253642962345984 -10.2514 LRS
MB053 33250650846404608 -10.2558 LRS
MB053 33247777433726976 -10.2586 LRS
MB053 33246383972552704 -10.2597 LRS
MB053 33239666417205248 -10.2562 LRS
MB053 33239043558866945 -10.1774 LRS
MB053 33238213120233472 -10.2558 LRS
MB053 33235429809598464 -10.2562 LRS
MB053 33234986547023872 -10.2578 LRS
MB053 33233049013460992 -10.1731 LRS
MB053 33231579367079936 -10.0403 LRS
MB053 33230982924607488 -10.0364 LRS
MB053 33230897507467264 -10.2586 LRS
MB053 33230104331034624 -10.2554 LRS
MB053 33228728670625792 -9.62681 LRS
MB053 33228552652455936 -10.2534 LRS
MB053 33228491893776384 -10.2586 LRS
MB053 33224988165144576 -10.2578 LRS
MB053 33224447670353920 -10.1751 LRS
MB053 33224446839881728 -10.2589 LRS
MB053 33221337711382528 -10.1735 LRS
MB053 33220446493089792 -9.95738 LRS
MB053 33218919397330944 -9.95857 LRS
MB053 33218374049730560 -10.1751 LRS
MB053 33217361368584194 -10.179 LRS
MB053 33215870213820416 -10.1731 LRS
MB053 33214425569697792 -10.2542 LRS
MB053 33210279185612800 -10.2586 LRS
MB053 33210239687860224 -10.2554 LRS
MB053 33209770076803072 -10.251 LRS
MB053 33206637489557505 -10.2586 LRS
MB053 33205726381867008 -9.6296 LRS
MB053 33205222029393920 -10.1735 LRS
MB053 33198105625108480 -9.6292 LRS
MB053 33197632167874560 -8.29889 LRS
MB053 33195665555193856 -10.179 LRS
MB053 33193214198423553 -9.95699 LRS
MB053 33191584568713216 -9.29261 LRS
MB053 33190620382105600 -10.1739 LRS
MB053 33186977717157888 -10.177 LRS
MB053 33185423899496448 -10.2578 LRS
MB053 33183236662235137 -10.1747 LRS
MB053 33178430669332481 -10.2542 LRS
MB053 33172984457859072 -10.2558 LRS
MB053 33172137531412480 -10.1782 LRS
MB053 33170080644726784 -10.0411 LRS
MB053 33167960709267457 -9.95659 LRS
MB053 33164407118766081 -10.2534 LRS
MB053 33164028175974400 -10.257 LRS
MB053 33157871118061568 -10.2546 LRS
MB053 33157436718329856 -10.257 LRS
MB053 33152972254875649 -10.179 LRS
MB053 33152760249581568 -10.2589 LRS
MB053 33152723092250624 -9.40074 LRS
MB053 33151824496164864 -10.1758 LRS
MB053 33148999695478784 -10.2554 LRS
MB053 33147896845041664 -10.2566 LRS
MB053 33146292171448320 -10.1735 LRS
MB053 33142478034960384 -10.1755 LRS
MB053 33138847541886976 -10.2578 LRS
MB053 33138656399073280 -10.1743 LRS
MB053 33137640530251776 -10.179 LRS
MB053 33135454505140224 -10.2586 LRS
MB053 33131519732088832 -10.2586 LRS
MB053 33127415521738753 -10.0387 LRS
MB053 33125459487105025 -10.2566 LRS
MB053 33125033551331328 -10.1766 LRS
MB053 33123824710975488 -10.257 LRS
MB053 33123169095131137 -10.1782 LRS
MB053 33117455261892608 -10.1786 LRS
MB053 33110920800509952 -10.2586 LRS
MB053 33109247902498816 -10.2554 LRS
MB053 33108580957687809 -10.2546 LRS
MB053 33104852506640384 -10.255 LRS
MB053 33103932653834240 -10.2542 LRS
MB053 33103753406062592 -10.181 LRS
MB053 33100923039383553 -10.177 LRS
MB053 33098054668132352 -10.1778 LRS
MB053 33097478823747584 -10.0383 LRS
MB053 33097057203920896 -10.2589 LRS
MB053 33095212364464128 -10.2574 LRS
MB053 33092261940178944 -10.2578 LRS
MB053 33091944640946176 -10.1735 LRS
MB053 33091284176478208 -10.1739 LRS
MB053 33090918009544705 -8.74953 LRS
MB053 33084683038232576 -10.1743 LRS
MB053 33082138353999872 -10.2601 LRS
MB053 33078785662255104 -10.1743 LRS
MB053 33076995558473728 -10.1758 LRS
MB053 33076489381486593 -10.257 LRS
MB053 33074706416402432 -10.179 LRS
MB053 33059156223074305 -9.62761 LRS
MB053 33057300189020160 -10.2526 LRS
MB053 33053548593807360 -10.179 LRS
MB053 33048194627670017 -10.2554 LRS
MB053 33044255882612736 -10.1774 LRS
MB053 33041928559796224 -10.2542 LRS
MB053 33039991709896705 -10.1758 LRS
MB053 33038402106425344 -10.1747 LRS
MB053 33035814673850368 -10.1766 LRS
MB053 33033847331500032 -10.2518 LRS
MB053 33032536561029120 -10.1727 LRS
MB053 33028029999489025 -10.1762 LRS
MB053 33027575366291456 -10.1778 LRS
MB053 33022283425517568 -10.2518 LRS
MB053 33020499785302016 -10.2586 LRS
MB053 33016309834850304 -9.62999 LRS
MB053 33013226853638145 -9.62721 LRS
MB053 33004310656712704 -10.253 LRS
MB053 33004076669083648 -10.2578 LRS
MB053 32996570622337027 -10.1735 LRS
MB053 32995517902356480 -10.1751 LRS
MB053 32994551773790209 -9.62562 LRS
MB053 32991972851449856 -10.2562 LRS
MB053 32989835627073536 -10.1735 LRS
MB053 32987386333888513 -10.255 LRS
MB053 32987160441266176 -10.2582 LRS
MB053 32986724598550528 -10.2601 LRS
MB053 32985529465184256 -10.2534 LRS
MB053 32982300954198017 -10.2526 LRS
MB053 32981937605844993 -10.257 LRS
MB053 32981037449486336 -10.2542 LRS
MB053 32980463521894404 -10.2566 LRS
MB053 32976356925116416 -10.2589 LRS
MB053 32976120819351552 -10.1794 LRS
MB053 32972679770284032 -10.2558 LRS
MB053 32969337358782464 -10.1766 LRS
MB053 32968637040033792 -9.63197 LRS
MB053 32968319296344065 -10.1794 LRS
MB053 32961117391167489 -10.1766 LRS
MB053 32960701681106944 -10.1766 LRS
MB053 32953619850469376 -10.2514 LRS
MB053 32951259988230144 -10.1798 LRS
MB053 32950364894396416 -10.2605 LRS
MB053 32949570933624832 -10.2593 LRS
MB053 32948973056561152 -10.1794 LRS
MB053 32947856037908480 -10.1739 LRS
MB053 32946055834238977 -10.1747 LRS
MB053 32945967531565056 -10.1743 LRS
MB053 32945307121623040 -10.2562 LRS
MB053 32944187431190529 -10.2554 LRS
MB053 32940652912189440 -10.2546 LRS
MB053 32940318252867586 -10.2589 LRS
MB053 32939328950771712 -10.2582 LRS
MB053 32938434901311488 -10.2589 LRS
MB053 32934689689829376 -10.2578 LRS
MB053 32931865144860673 -10.179 LRS
MB053 32931463502503936 -10.1786 LRS
MB053 32930763401863169 -10.2574 LRS
MB053 32929179511029760 -9.82463 LRS
MB053 32928537518284800 -10.2526 LRS
MB053 32924612706701313 -10.1766 LRS
MB053 32923507901865984 -10.2554 LRS
MB053 32922149484232704 -10.1762 LRS
MB053 32921912816439296 -10.2582 LRS
MB053 32920893206306816 -10.2578 LRS
MB053 32919340382691328 -10.2546 LRS
MB053 32918687027560448 -10.181 LRS
MB053 32918424363466752 -10.2578 LRS
MB053 32911691041742848 -10.1758 LRS
MB053 32911095496704000 -10.2578 LRS
MB053 32909670943297536 -10.1782 LRS
MB053 32907892717780992 -10.1755 LRS
MB053 32903811433639936 -10.2597 LRS
MB053 32901581041045504 -10.255 LRS
MB053 32901516884967424 -10.2582 LRS
MB053 32898318984024064 -10.1782 LRS
MB053 32895020281372676 -10.1715 LRS
MB053 32894892334120960 -10.1743 LRS
MB053 32891393349263360 -10.2586 LRS
MB053 32889691313274880 -10.1731 LRS
MB053 32887827893063680 -10.1758 LRS
MB053 32883588135387136 -10.1735 LRS
MB053 32882904887463936 -10.2578 LRS
MB053 32880658808307712 -10.1782 LRS
MB053 32879996917784577 -10.1707 LRS
MB053 32878405632397312 -9.62999 LRS
MB053 32874843577786369 -10.1774 LRS
MB053 32873717214216192 -10.1758 LRS
MB053 32872509900591104 -10.2566 LRS
MB053 32867760795033600 -9.63079 LRS
MB053 32865623172190208 -10.1715 LRS
MB053 32865446734594049 -10.1786 LRS
MB053 32861508790648832 -10.2601 LRS
MB053 32859723359330304 -10.1755 LRS
MB053 32858664964464640 -10.2605 LRS
MB053 32853201958993921 -9.62761 LRS
MB053 32851467073224704 -10.2514 LRS
MB053 32850794285891585 -9.62642 LRS
MB053 32850570825965569 -10.1731 LRS
MB053 32848508629295104 -10.2514 LRS
MB053 32846865967878144 -10.0387 LRS
MB053 32845376113352704 -10.179 LRS
MB053 32844923887681536 -10.1758 LRS
MB053 32844831474581504 -10.1735 LRS
MB053 32843868592410625 -10.1786 LRS
MB053 32839276152492033 -9.95619 LRS
MB053 32839091179491328 -10.2554 LRS
MB053 32838393910001664 -9.16861 LRS
MB053 32838219712172033 -10.0391 LRS
MB053 32834243465838593 -10.2518 LRS
MB053 32833569088864256 -10.255 LRS
MB053 32832396432773121 -10.2534 LRS
MB053 32829597015871488 -10.1802 LRS
MB053 32828211305910273 -10.2542 LRS
MB053 32827437947555841 -10.1762 LRS
MB053 32817919838650368 -10.2586 LRS
MB053 32817541592129536 -10.255 LRS
MB053 32816517955452928 -10.2613 LRS
MB053 32807814845960192 -10.2593 LRS
MB053 32801820145360896 -10.257 LRS
MB053 32800724739948546 -10.1715 LRS
MB053 32797673945829376 -10.1755 LRS
MB053 32795285344227328 -10.1743 LRS
MB053 32794302396506112 -9.62721 LRS
MB053 32793997722259456 -10.1758 LRS
MB053 32793969515569153 -10.1774 LRS
MB053 32789587067670528 -10.177 LRS
MB053 32789201644683264 -10.2593 LRS
MB053 32787322873315330 -10.2601 LRS
MB053 32778112353701888 -10.1774 LRS
MB053 32775128123179009 -10.1798 LRS
MB053 32771886135902208 -10.2566 LRS
MB053 32771313269481472 -10.2566 LRS
MB053 32770166760677376 -10.2566 LRS
MB053 32769560776015872 -10.0391 LRS
MB053 32769073943158784 -10.2562 LRS
MB053 32768287385329664 -10.1774 LRS
MB053 32767369885523968 -10.1774 LRS
MB053 32767111860326400 -10.2566 LRS
MB053 32765425762701312 -10.2566 LRS
MB053 32765166189813761 -10.1731 LRS
MB053 32762771527434240 -10.2566 LRS
MB053 32761800596393985 -10.2566 LRS
MB053 32760976533094400 -10.2566 LRS
MB053 32760611767058432 -10.1715 LRS
MB053 32760564807634944 -10.2566 LRS
MB053 32760206043648000 -10.2566 LRS
MB053 32759857652170752 -10.2566 LRS
MB053 32759727297404928 -10.2593 LRS
MB053 32758526115840000 -10.2566 LRS
MB053 32758465470402561 -10.2566 LRS
MB053 32758443680993281 -10.2566 LRS
MB053 32758405806428160 -10.2566 LRS
MB053 32757142008111104 -10.2566 LRS
MB053 32756579128311808 -10.2566 LRS
MB053 32756106749018115 -10.1747 LRS
MB053 32752307653316608 -10.2589 LRS
MB053 32751758228848640 -10.2566 LRS
MB053 32750481172332546 -9.62801 LRS
MB053 32750210635538432 -10.2566 LRS
MB053 32749877104480256 -10.2566 LRS
MB053 32748783225806848 -10.1707 LRS
MB053 32748657740619776 -10.2566 LRS
MB053 32748504287805440 -10.2566 LRS
MB053 32748350734340096 -10.2566 LRS
MB053 32747456642940928 -9.95738 LRS
MB053 32745312019816448 -10.2566 LRS
MB053 32743103542595584 -10.2566 LRS
MB053 32742114827698176 -10.2566 LRS
MB053 32741533346168832 -10.2566 LRS
MB053 32741247504355328 -10.2558 LRS
MB053 32740241269850112 -10.2566 LRS
MB053 32739208808366080 -10.2589 LRS
MB053 32738096038551552 -10.2566 LRS
MB053 32737964186402816 -10.2566 LRS
MB053 32735096226189312 -10.2566 LRS
MB053 32734977548353536 -10.2566 LRS
MB053 32730816605855744 -10.2566 LRS
MB053 32730165033308160 -9.40035 LRS
MB053 32730042916143104 -10.2566 LRS
MB053 32729742570426368 -10.2582 LRS
MB053 32728084599808000 -10.1758 LRS
MB053 32726699393163264 -10.2566 LRS
MB053 32715235609550848 -10.2566 LRS
MB053 32712584473874432 -10.2534 LRS
MB053 32712067966312448 -10.2589 LRS
MB053 32709837796155392 -10.2526 LRS
MB053 32707878632562688 -10.1727 LRS
MB053 32705713901928448 -10.2562 LRS
MB053 32701264911409152 -10.1786 LRS
MB053 32700527024275457 -10.1798 LRS
MB053 32698855388618753 -10.1794 LRS
MB053 32687623273185280 -10.1715 LRS
MB053 32686887084752896 -9.95738 LRS
MB053 32678631071289344 -10.2558 LRS
MB053 32674471915560960 -10.2574 LRS
MB053 32673941747138560 -10.2582 LRS
MB053 32673076508368896 -10.1743 LRS
MB053 32672788833636352 -10.2558 LRS
MB053 32670891439562752 -10.1814 LRS
MB053 32670593581064192 -10.2593 LRS
MB053 32670047541399554 -10.2538 LRS
MB053 32668598677803009 -10.1747 LRS
MB053 32666817751162880 -10.1762 LRS
MB053 32663930312593408 -10.1727 LRS
MB053 32662608691601409 -10.2518 LRS
MB053 32661628600188928 -10.2601 LRS
MB053 32660545433767937 -10.2546 LRS
MB053 32659717138415616 -9.6296 LRS
MB053 32657439178358784 -10.1794 LRS
MB053 32656968032198656 -10.1715 LRS
MB053 32654574686830592 -10.2586 LRS
MB053 32648283528630272 -10.257 LRS
MB053 32644025722871808 -10.2554 LRS
MB053 32642006287122432 -10.1786 LRS
MB053 32640598460604417 -10.1762 LRS
MB053 32638423030300672 -10.1735 LRS
MB053 32638092410093568 -10.2578 LRS
MB053 32638049493979136 -9.63158 LRS
MB053 32637721331630080 -10.1778 LRS
MB053 32634036870451200 -10.177 LRS
MB053 32632590020120576 -10.2589 LRS
MB053 32631378973556737 -10.2617 LRS
MB053 32629901743890432 -10.1786 LRS
MB053 32629204008837120 -10.1778 LRS
MB053 32628676927426561 -10.2597 LRS
MB053 32628621260627968 -10.2562 LRS
MB053 32628464318160896 -10.2562 LRS
MB053 32624094155382784 -10.2554 LRS
MB053 32623472156868608 -10.2562 LRS
MB053 32622586877714432 -10.183 LRS
MB053 32622493214707712 -10.1786 LRS
MB053 32622014384570368 -10.2597 LRS
MB053 32620665467047936 -10.2566 LRS
MB053 32617302289547264 -10.255 LRS
MB053 32616438116126720 -10.1774 LRS
MB053 32616291827187712 -10.2613 LRS
MB053 32609280536346624 -8.74716 LRS
MB053 32607442856579072 -10.179 LRS
MB053 32607407582486531 -9.62681 LRS
MB053 32600443955707904 -10.255 LRS
MB053 32599938290417664 -10.1751 LRS
MB053 32599370163556353 -10.2641 LRS
MB053 32589506905374720 -10.2566 LRS
MB053 32581948559859712 -9.62681 LRS
MB053 32577452471484416 -10.2522 LRS
MB053 32577199064223744 -10.2566 LRS
MB053 32575930593443840 -10.1735 LRS
MB053 32575576346722304 -10.1731 LRS
MB053 32574290285035520 -10.1747 LRS
MB053 32573928836702208 -10.2605 LRS
MB053 32573147513360385 -10.1707 LRS
MB053 32573098423226368 -10.1806 LRS
MB053 32570045548732417 -9.63039 LRS
MB053 32570011633586176 -10.1786 LRS
MB053 32567361567457280 -10.2586 LRS
MB053 32562914753781760 -10.1794 LRS
MB053 32562910219735040 -10.1766 LRS
MB053 32562295452205056 -10.2578 LRS
MB053 32562189386653697 -10.1778 LRS
MB053 32561908485722112 -10.257 LRS
MB053 32559039984439296 -10.1743 LRS
MB053 32559007138844673 -10.1774 LRS
MB053 32558995902304256 -10.2542 LRS
MB053 32556010719682560 -10.1735 LRS
MB053 32555351853244416 -10.2574 LRS
MB053 32555216213647360 -10.2546 LRS
MB053 32552263591399425 -9.63079 LRS
MB053 32551754797162496 -10.2562 LRS
MB053 32546536541917184 -9.62681 LRS
MB053 32543803852201984 -10.257 LRS
MB053 32541060890628096 -9.29618 LRS
MB053 32540466092179456 -10.1794 LRS
MB053 32535191981400064 -10.2562 LRS
MB053 32534021158211584 -10.2558 LRS
MB053 32532465788657664 -10.177 LRS
MB053 32531322975031297 -10.1786 LRS
MB053 32529724194430976 -10.1782 LRS
MB053 32527217720299520 -10.2589 LRS
MB053 32527094986575872 -10.1711 LRS
MB053 32524419486191617 -10.0403 LRS
MB053 32521015871410177 -10.1782 LRS
MB053 32520953447587840 -10.1782 LRS
MB053 32518498659864578 -10.2582 LRS
MB053 32518035826810881 -10.2534 LRS
MB053 32515420091056128 -10.2522 LRS
MB053 32515344866222080 -10.2589 LRS
MB053 32513787009441792 -10.1786 LRS
MB053 32513381126639616 -10.2554 LRS
MB053 32512321679003649 -10.1727 LRS
MB053 32511078927699968 -10.1786 LRS
MB053 32506490535280640 -10.2574 LRS
MB053 32505850367053824 -10.1735 LRS
MB053 32505228762812416 -10.2558 LRS
MB053 32504045297995776 -10.2582 LRS
MB053 32503115521458176 -9.39955 LRS
MB053 32502242699386881 -10.2586 LRS
MB053 32500855219425280 -10.1727 LRS
MB053 32500618144780288 -10.2542 LRS
MB053 32499895810138113 -10.1755 LRS
MB053 32498442576072705 -10.1751 LRS
MB053 32498414444879872 -10.2593 LRS
MB053 32497155855884288 -10.1751 LRS
MB053 32493144830377984 -10.2566 LRS
MB053 32492710027857920 -10.1739 LRS
MB053 32492471611039744 -10.1751 LRS
MB053 32490538842193920 -9.955 LRS
MB053 32490471515230208 -10.2542 LRS
MB053 32485820019515392 -10.2582 LRS
MB053 32484172173942784 -9.62642 LRS
MB053 32484026635784193 -10.2605 LRS
MB053 32483042157142016 -10.2582 LRS
MB053 32481530727112704 -10.177 LRS
MB053 32477700903936000 -10.2546 LRS
MB053 32475321903091712 -10.255 LRS
MB053 32473769041727490 -10.1806 LRS
MB053 32473567706750976 -10.1703 LRS
MB053 32471544173174785 -10.1778 LRS
MB053 32470427972407297 -10.1739 LRS
MB053 32468724023824384 -10.1751 LRS
MB053 32468087320092672 -10.2593 LRS
MB053 32467463316701185 -10.253 LRS
MB053 32464762960871424 -10.2562 LRS
MB053 32463815564066816 -10.2546 LRS
MB053 32463690791919616 -10.1747 LRS
MB053 32462132058521600 -10.1743 LRS
MB053 32460503770992640 -10.1798 LRS
MB053 32456708345298944 -10.255 LRS
MB053 32452525017796608 -10.2586 LRS
MB053 32451724266442752 -10.1782 LRS
MB053 32451345663393792 -10.1786 LRS
MB053 32450671131230210 -10.1786 LRS
MB053 32450506580299777 -10.2558 LRS
MB053 32448329946238976 -10.2534 LRS
MB053 32447992032141313 -10.2605 LRS
MB053 32447127799988224 -9.62999 LRS
MB053 32445670124163072 -10.2586 LRS
MB053 32441674152017920 -10.2558 LRS
MB053 32440341139300352 -10.2554 LRS
MB053 32439923747332096 -10.1751 LRS
MB053 32438061459570688 -10.1743 LRS
MB053 32437095716880384 -10.2589 LRS
MB053 32436996676780032 -10.1731 LRS
MB053 32436568446730241 -10.2578 LRS
MB053 32433318918103040 -10.2562 LRS
MB053 32429406148370432 -10.2593 LRS
MB053 32427489540186112 -10.2582 LRS
MB053 32426332314935296 -10.177 LRS
MB053 32411921693020160 -9.9554 LRS
MB053 32410037531975680 -10.257 LRS
MB053 32407828337528832 -10.2526 LRS
MB053 32406341997821952 -10.2582 LRS
MB053 32402499717562368 -10.177 LRS
MB053 32400138295050240 -10.2554 LRS
MB053 32398892662263808 -9.40035 LRS
MB053 32385859122630656 -10.1786 LRS
MB053 32385356867309568 -10.0391 LRS
MB053 32385191859195904 -10.2566 LRS
MB053 32384711137435648 -10.1743 LRS
MB053 32384102216761344 -10.2597 LRS
MB053 32381492768276480 -10.1774 LRS
MB053 32380608860651520 -10.2526 LRS
MB053 32378736854695936 -10.2546 LRS
MB053 32373628242763776 -10.2613 LRS
MB053 32373241204969472 -10.1755 LRS
MB053 32364241000337408 -10.2593 LRS
MB053 32357638754795521 -10.2566 LRS
MB053 32356996371980288 -10.177 LRS
MB053 32355803662913536 -10.1731 LRS
MB053 32354073428623361 -10.2534 LRS
MB053 32350067302076416 -10.1766 LRS
MB053 32344838795956224 -9.63197 LRS
MB053 32340961732333568 -10.2586 LRS
MB053 32340631682551808 -9.82344 LRS
MB053 32338110041817088 -10.179 LRS
MB053 32335884745441280 -10.1762 LRS
MB053 32334677037547520 -10.177 LRS
MB053 32331326661066752 -10.179 LRS
MB053 32330258787074048 -10.1735 LRS
MB053 32327439380123648 -10.2574 LRS
MB053 32326798930878464 -10.1747 LRS
MB053 32325663381786624 -10.2586 LRS
MB053 32318834291515393 -10.1739 LRS
MB053 32317542907252736 -10.0356 LRS
MB053 32312519250944000 -10.1755 LRS
MB053 32311251442860032 -10.1743 LRS
MB053 32305643465482240 -10.1766 LRS
MB053 32300727602778112 -10.0407 LRS
MB053 32299131426836480 -10.257 LRS
MB053 32298789641388033 -10.2562 LRS
MB053 32298306184941568 -10.1739 LRS
MB053 32292893406269440 -10.1751 LRS
MB053 32292220216283136 -10.2534 LRS
MB053 32287925525807104 -10.2526 LRS
MB053 32287633312849920 -10.2522 LRS
MB053 32285419743744000 -10.2597 LRS
MB053 32284655243759616 -10.1786 LRS
MB053 32279987440590848 -10.1786 LRS
MB053 32277415635976192 -10.1762 LRS
MB053 32277051020935168 -10.1735 LRS
MB053 32276977255710720 -10.1778 LRS
MB053 32276597004308480 -10.1778 LRS
MB053 32274968486084609 -10.1751 LRS
MB053 32271197995532289 -10.2586 LRS
MB053 32264008836849664 -10.0407 LRS
MB053 32261727697506305 -10.2562 LRS
MB053 32260941924007936 -9.96252 LRS
MB053 32259060661227521 -10.2542 LRS
MB053 32259018776907777 -10.1762 LRS
MB053 32257925095362560 -10.2597 LRS
MB053 32256553801224192 -10.1774 LRS
MB053 32251676484173824 -10.177 LRS
MB053 32248336186609665 -10.2601 LRS
MB053 32246655357026304 -10.2566 LRS
MB053 32245958435672064 -10.2574 LRS
MB053 32241962367062016 -10.1723 LRS
MB053 32239735862726656 -10.2542 LRS
MB053 32239673380175872 -10.1758 LRS
MB053 32239379787284480 -10.2593 LRS
MB053 32239146642706432 -10.1755 LRS
MB053 32237747024433152 -10.2589 LRS
MB053 32236099841560577 -10.179 LRS
MB053 32236093407498240 -10.257 LRS
MB053 32235512911630336 -10.1755 LRS
MB053 32233080244674560 -10.2597 LRS
MB053 32231060615991296 -10.1778 LRS
MB053 32228933621514240 -10.1747 LRS
MB053 32228673427865600 -10.2578 LRS
MB053 32227288674205697 -9.82344 LRS
MB053 32222386661097472 -10.2534 LRS
MB053 32221851832819712 -10.2534 LRS
MB053 32221531358629888 -10.1739 LRS
MB053 32218630166941697 -10.2597 LRS
MB053 32215971141783552 -10.2593 LRS
MB053 32212854585167872 -10.2578 LRS
MB053 32209755963392000 -10.1814 LRS
MB053 32206020231041025 -10.1762 LRS
MB053 32204395261202432 -10.2574 LRS
MB053 32203775066247168 -10.2566 LRS
MB053 32202253540524032 -10.2558 LRS
MB053 32200665476374530 -9.6292 LRS
MB053 32198497943945216 -9.82026 LRS
MB053 32196495100874752 -10.257 LRS
MB053 32195477764055041 -10.2538 LRS
MB053 32195042365939712 -10.1782 LRS
MB053 32192835528691713 -10.2593 LRS
MB053 32192227027460097 -10.2558 LRS
MB053 32190909202440192 -10.2554 LRS
MB053 32190385052721152 -10.2546 LRS
MB053 32190188750897153 -10.2589 LRS
MB053 32188949652832256 -10.1755 LRS
MB053 32185090020745217 -10.2558 LRS
MB053 32183533388693504 -10.2542 LRS
MB053 32181904362967040 -10.1739 LRS
MB053 32181807680065536 -10.0474 LRS
MB053 32181623478816768 -10.2566 LRS
MB053 32181169046953984 -10.2546 LRS
MB053 32178314525278208 -10.2566 LRS
MB053 32178095523897344 -10.253 LRS
MB053 32177702844760064 -10.2566 LRS
MB053 32177062588456961 -10.2558 LRS
MB053 32176855268200448 -10.2546 LRS
MB053 32174666923638784 -10.2621 LRS
MB053 32173369499590657 -10.2562 LRS
MB053 32172721819361280 -10.2597 LRS
MB053 32169090021851136 -10.253 LRS
MB053 32167543141572608 -7.78677 LRS
MB053 32165472724066304 -10.1758 LRS
MB053 32165241143955456 -10.2586 LRS
MB053 32164621909495808 -10.1762 LRS
MB053 32162421913161728 -10.251 LRS
MB053 32161370019467264 -10.179 LRS
MB053 32158031965847554 -10.1798 LRS
MB053 32154105606574082 -9.96763 LRS
MB053 32151504244707328 -10.1743 LRS
MB053 32147166038335488 -10.1766 LRS
MB053 32143904128106497 -10.2558 LRS
MB053 32143150797553664 -10.1747 LRS
MB053 32136712406704129 -10.1715 LRS
MB053 32133161924173824 -10.2617 LRS
MB053 32130373873827841 -10.0403 LRS
MB053 32129530877444096 -10.1786 LRS
MB053 32127263390572544 -10.2574 LRS
MB053 32124917990297600 -10.1802 LRS
MB053 32122982067347457 -10.2526 LRS
MB053 32120811556962304 -9.96763 LRS
MB053 32119789912592384 -10.1802 LRS
MB053 32118692368093184 -10.2605 LRS
MB053 32117761408765952 -10.2605 LRS
MB053 32116874175057920 -10.2574 LRS
MB053 32115749510189056 -10.2542 LRS
MB053 32115099414040576 -10.2589 LRS
MB053 32112877884153856 -10.1794 LRS
MB053 32109571463979008 -10.2574 LRS
MB053 32108086185426944 -10.2609 LRS
MB053 32105731746439170 -10.1778 LRS
MB053 32105452443537409 -10.2574 LRS
MB053 32099141853126656 -10.2518 LRS
MB053 32096470375075840 -10.1739 LRS
MB053 32096303794098176 -10.1794 LRS
MB053 32095710761455616 -10.1727 LRS
MB053 32095327901192192 -10.1786 LRS
MB053 32093664238903296 -10.0391 LRS
MB053 32092870177456128 -10.2566 LRS
MB053 32089566185783296 -10.2589 LRS
MB053 32089075678711809 -10.255 LRS
MB053 32088393991069697 -10.2526 LRS
MB053 32085122702385152 -9.6292 LRS
MB053 32084314837487616 -9.95619 LRS
MB053 32083731271389184 -10.2574 LRS
MB053 32080829387636736 -10.1766 LRS
MB053 32080692313595905 -10.1818 LRS
MB053 32080595383222274 -10.0407 LRS
MB053 32080120806117377 -10.2582 LRS
MB053 32077141843644416 -10.2578 LRS
MB053 32076264034533377 -10.1778 LRS
MB053 32076099886252033 -10.2586 LRS
MB053 32075720045895680 -10.1798 LRS
MB053 32071895658536960 -10.2558 LRS
MB053 32066774639837184 -10.1727 LRS
MB053 32066451556794368 -10.1755 LRS
MB053 32066209524486145 -10.2546 LRS
MB053 32054930042789889 -10.1751 LRS
MB053 32054289811644417 -10.2542 LRS
MB053 32052917980635136 -9.40273 LRS
MB053 32049260157468672 -10.2526 LRS
MB053 32045448965398528 -9.29737 LRS
MB053 32043201028169728 -10.255 LRS
MB053 32042230554304512 -10.1778 LRS
MB053 32041380964466688 -10.2589 LRS
MB053 32040796702113793 -10.1762 LRS
MB053 32039054396628992 -10.1747 LRS
MB053 32034709869432833 -10.1719 LRS
MB053 32026380367568896 -10.2538 LRS
MB053 32024696136409088 -10.2538 LRS
MB053 32022161002598400 -10.255 LRS
MB053 32019747415527424 -10.1751 LRS
MB053 32017494591930368 -9.40273 LRS
MB053 32016929166204928 -10.1818 LRS
MB053 32015459905703936 -10.1782 LRS
MB053 32010634585440256 -10.2593 LRS
MB053 32006887113236480 -9.95659 LRS
MB053 32004765957234688 -10.257 LRS
MB053 32003259044466689 -10.179 LRS
MB053 31998453961728000 -10.1719 LRS
MB053 31992343062118400 -10.1774 LRS
MB053 31992007207419904 -10.2518 LRS
MB053 31991023341150208 -10.2593 LRS
MB053 31985969645228032 -10.2621 LRS
MB053 31983022051950592 -10.1731 LRS
MB053 31982636549275648 -10.1731 LRS
MB053 31978715365769216 -10.1751 LRS
MB053 31978618854834176 -9.39955 LRS
MB053 31976618125692928 -10.2538 LRS
MB053 31971285663748096 -10.2538 LRS
MB053 31970714022051840 -9.6288 LRS
MB053 31966633320783872 -10.1715 LRS
MB053 31962976747528192 -10.1786 LRS
MB053 31962403428106240 -10.2574 LRS
MB053 31961423428984832 -10.255 LRS
MB053 31955747898130432 -10.1758 LRS
MB053 31953304359538689 -10.2617 LRS
MB053 31951775640588288 -10.1758 LRS
MB053 31950709565956096 -10.1751 LRS
MB053 31949868486365184 -10.1715 LRS
MB053 31949808344244225 -10.2562 LRS
MB053 31946971866468352 -10.1786 LRS
MB053 31945872023494656 -10.1762 LRS
MB053 31945290084777984 -10.1739 LRS
MB053 31943113186484224 -10.1739 LRS
MB053 31939185485029376 -10.2534 LRS
MB053 31937260731506688 -10.1751 LRS
MB053 31933656670937089 -9.95659 LRS
MB053 31932112680525824 -10.2566 LRS
MB053 31929846049275904 -10.2605 LRS
MB053 31928075369316353 -10.0395 LRS
MB053 31921393528475648 -10.1786 LRS
MB053 31917668583874560 -10.1766 LRS
MB053 31916628530696192 -10.2562 LRS
MB053 31916227211304960 -10.2546 LRS
MB053 31915532273852416 -9.63079 LRS
MB053 31913821534691328 -10.1758 LRS
MB053 31913126890840064 -10.1743 LRS
MB053 31912506679103488 -9.62721 LRS
MB053 31911259611856896 -9.95659 LRS
MB053 31910068697960448 -10.257 LRS
MB053 31907802330955776 -10.255 LRS
MB053 31905545380171776 -10.2589 LRS
MB053 31903447729053696 -10.1786 LRS
MB053 31902582771290113 -10.2534 LRS
MB053 31901030157389824 -9.62801 LRS
MB053 31899270676221952 -10.177 LRS
MB053 31887401743810560 -10.2566 LRS
MB053 31886596747829248 -10.257 LRS
MB053 31883043455111169 -10.1719 LRS
MB053 31882711488528384 -10.1735 LRS
MB053 31880059782430720 -10.1743 LRS
MB053 31878344794447872 -9.62801 LRS
MB053 31871794772189184 -10.2546 LRS
MB053 31871319817588737 -10.2589 LRS
MB053 31866857690501120 -9.62801 LRS
MB053 31864299991343104 -10.179 LRS
MB053 31863490163507201 -10.2605 LRS
MB053 31863332889694208 -10.2582 LRS
MB053 31861020272099329 -10.1739 LRS
MB053 31859806595710976 -10.179 LRS
MB053 31859106780282880 -10.2526 LRS
MB053 31858940572598272 -9.62801 LRS
MB053 31857066356252673 -10.1758 LRS
MB053 31855519811502081 -10.1719 LRS
MB053 31854870474522624 -10.253 LRS
MB053 31854434384351233 -10.1727 LRS
MB053 31853284444610560 -9.95302 LRS
MB053 31852088786944000 -9.63039 LRS
MB053 31850933868568576 -9.63237 LRS
MB053 31850652510461952 -10.1762 LRS
MB053 31844753460957185 -10.255 LRS
MB053 31841224604262400 -10.177 LRS
MB053 31840040036343808 -10.1751 LRS
MB053 31838453515685888 -10.1774 LRS
MB053 31837782607396864 -10.1743 LRS
MB053 31834370104889344 -10.1774 LRS
MB053 31834215720943616 -10.1719 LRS
MB053 31829495606411264 -10.1778 LRS
MB053 31829492817199104 -10.2582 LRS
MB053 31829414878642176 -10.2546 LRS
MB053 31825349398495232 -10.255 LRS
MB053 31823975965270016 -9.39876 LRS
MB053 31823376683110400 -9.95778 LRS
MB053 31822031687262208 -10.1802 LRS
MB053 31820828693762048 -10.255 LRS
MB053 31820385011892224 -10.2589 LRS
MB053 31820162705399808 -10.179 LRS
MB053 31818463349571585 -10.2566 LRS
MB053 31815690453258240 -10.257 LRS
MB053 31811230297489408 -10.255 LRS
MB053 31808898306412544 -10.2542 LRS
MB053 31808768006164481 -10.2593 LRS
MB053 31808609159483393 -10.2546 LRS
MB053 31806536028258304 -10.2562 LRS
MB053 31806453681491968 -9.62642 LRS
MB053 31806271552233472 -10.1715 LRS
MB053 31803260700463105 -9.9558 LRS
MB053 31796826210312192 -10.2542 LRS
MB053 31795723716534272 -10.2578 LRS
MB053 31795174778601472 -10.255 LRS
MB053 31794983065362432 -10.1802 LRS
MB053 31791903305371648 -9.95857 LRS
MB053 31791429713920000 -10.1747 LRS
MB053 31790983272202240 -10.179 LRS
MB053 31789871047643137 -10.1786 LRS
MB053 31788345726078976 -10.2574 LRS
MB053 31787528684044288 -10.2566 LRS
MB053 31787382458032128 -10.2589 LRS
MB053 31787373297668096 -10.2589 LRS
MB053 31784790319435776 -10.2506 LRS
MB053 31783501170745344 -10.2574 LRS
MB053 31782941939990529 -10.1766 LRS
MB053 31782048687456256 -10.2578 LRS
MB053 31774354647814144 -10.1774 LRS
MB053 31771860207140865 -10.2558 LRS
MB053 31767606465658880 -10.2593 LRS
MB053 31764472129388544 -10.1715 LRS
MB053 31761546170335232 -10.2554 LRS
MB053 31761346953482240 -10.2518 LRS
MB053 31759572976803840 -10.2542 LRS
MB053 31758503345393664 -10.1774 LRS
MB053 31757461585137664 -10.1747 LRS
MB053 31754865537458177 -9.62999 LRS
MB053 31749327172935680 -10.1762 LRS
MB053 31745939328729088 -10.177 LRS
MB053 31744695621124096 -10.255 LRS
MB053 31737143634173952 -10.255 LRS
MB053 31737049799200768 -9.62761 LRS
MB053 31734803246088192 -10.2514 LRS
MB053 31732998017654784 -10.0403 LRS
MB053 31731226612080640 -10.2558 LRS
MB053 31726066699608065 -10.2589 LRS
MB053 31720273656938496 -10.2514 LRS
MB053 31719927677194240 -9.40114 LRS
MB053 31714797082910720 -9.6296 LRS
MB053 31711611177668609 -10.2566 LRS
MB053 31708822842122240 -10.1766 LRS
MB053 31707385206677504 -10.177 LRS
MB053 31706570060472320 -10.1786 LRS
MB053 31705737017171968 -10.2578 LRS
MB053 31704672859328513 -10.1758 LRS
MB053 31699602545577984 -10.2582 LRS
MB053 31698396028862464 -10.2558 LRS
MB053 31696216416854018 -10.2586 LRS
MB053 31696030982475776 -10.1751 LRS
MB053 31688360145715200 -10.1731 LRS
MB053 31688085443977216 -10.2566 LRS
MB053 31686761755185154 -10.2574 LRS
MB053 31684603215355904 -10.1786 LRS
MB053 31678745102254080 -10.1782 LRS
MB053 31676520174985216 -10.2582 LRS
MB053 31654708594606080 -10.1707 LRS
MB053 31651134582030336 -10.1711 LRS
MB053 31646854890393600 -10.1751 LRS
MB053 31630462996713472 -10.1774 LRS
MB053 31630303743180800 -10.2562 LRS
MB053 31623777578127360 -10.2601 LRS
MB053 31618309937963008 -10.1762 LRS
MB053 31616346311630848 -10.2605 LRS
MB053 31612935067410432 -10.1755 LRS
MB053 31606373695356930 -9.62801 LRS
MB053 31602869966733312 -10.1758 LRS
MB053 31601917046038528 -10.2586 LRS
MB053 31601436978577408 -10.2562 LRS
MB053 31600600424652800 -9.62681 LRS
MB053 31596736585662464 -10.1731 LRS
MB053 31595278440079360 -10.2534 LRS
MB053 31594381387497472 -9.9554 LRS
MB053 31592471645392897 -10.1723 LRS
MB053 31590184302678016 -10.179 LRS
MB053 31590126110904320 -10.179 LRS
MB053 31589432565960706 -10.255 LRS
MB053 31584451368583168 -10.2593 LRS
MB053 31583280599928832 -10.257 LRS
MB053 31580962974339072 -10.2566 LRS
MB053 31578544798699521 -10.2534 LRS
MB053 31572574353756160 -10.0399 LRS
MB053 31562511958409216 -10.2514 LRS
MB053 31561168455737344 -10.1723 LRS
MB053 31561166287278080 -10.1719 LRS
MB053 31560733279916033 -9.63237 LRS
MB053 31559812038795264 -10.2526 LRS
MB053 31558019602976769 -10.0427 LRS
MB053 31556708748763136 -10.1762 LRS
MB053 31554523419901953 -10.1743 LRS
MB053 31553866306691072 -10.1778 LRS
MB053 31553845649743873 -10.1735 LRS
MB053 31553530552647680 -10.2558 LRS
MB053 31552733748142080 -10.1719 LRS
MB053 31551684605911040 -10.2546 LRS
MB053 31549144829001728 -10.2554 LRS
MB053 31546168626380800 -10.2582 LRS
MB053 31541419676016640 -10.2601 LRS
MB053 31537458915049472 -10.1735 LRS
MB053 31534855049183232 -10.1735 LRS
MB053 31534562622308352 -10.2578 LRS
MB053 31532520268898306 -10.1719 LRS
MB053 31531412586766336 -10.1782 LRS
MB053 31531203207110656 -10.2546 LRS
MB053 31527670852358144 -9.95817 LRS
MB053 31522413149691904 -10.1719 LRS
MB053 31522326658945025 -10.1755 LRS
MB053 31522213412737024 -9.29221 LRS
MB053 31521596959096834 -10.2526 LRS
MB053 31519503795879936 -10.1739 LRS
MB053 31509926249500672 -9.63079 LRS
MB053 31509519091630080 -10.036 LRS
MB053 31509028332904448 -10.2586 LRS
MB053 31508869368782848 -10.1782 LRS
MB053 31506529882480640 -10.2582 LRS
MB053 31504107843883010 -10.1707 LRS
MB053 31502158838898688 -10.2582 LRS
MB053 31463228940754944 -10.1707 LRS
MB053 31462447013429251 -10.1766 LRS
MB053 31462396274937856 -10.2546 LRS
MB053 31462370492555264 -10.2566 LRS
MB053 31460139382874112 -10.2546 LRS
MB053 31456882266738688 -10.2578 LRS
MB053 31453074639818752 -10.2558 LRS
MB053 31452326820577280 -10.2578 LRS
MB053 31449653971001344 -10.2597 LRS
MB053 31448227131695104 -10.2558 LRS
MB053 31446757799895040 -10.2597 LRS
MB053 31441515473543168 -10.1739 LRS
MB053 31440844586225664 -10.2609 LRS
MB053 31440834113052672 -10.1786 LRS
MB053 31438585018195968 -10.1794 LRS
MB053 31438185762398208 -10.2558 LRS
MB053 31437061399511041 -10.1758 LRS
MB053 31435839569403904 -10.1747 LRS
MB053 31429376251793408 -10.2518 LRS
MB053 31428694526398464 -9.6288 LRS
MB053 31424346220134400 -9.955 LRS
MB053 31421904397012993 -10.1715 LRS
MB053 31420090238902273 -10.255 LRS
MB053 31418572915871745 -9.90849 LRS
MB053 31415952356671488 -10.1727 LRS
MB053 31412015247392768 -10.2601 LRS
MB053 31411738075201536 -10.2526 LRS
MB053 31411402254057472 -10.2542 LRS
MB053 31410995368824832 -10.1794 LRS
MB053 31410867409002496 -10.2546 LRS
MB053 31409556114382850 -10.2578 LRS
MB053 31407048927215616 -10.2593 LRS
MB053 31406668109578240 -10.1739 LRS
MB053 31406317310578689 -10.1758 LRS
MB053 31405808197566464 -10.2546 LRS
MB053 31404647176470528 -10.1798 LRS
MB053 31404607305424896 -10.1719 LRS
MB053 31403977631334400 -9.62642 LRS
MB053 31401156873818112 -10.1762 LRS
MB053 31399533271322624 -10.1766 LRS
MB053 31398498255511552 -9.95619 LRS
MB053 31395798268772352 -10.2562 LRS
MB053 31395435377598464 -10.2586 LRS
MB053 31392792504700929 -10.1719 LRS
MB053 31391967887757312 -10.255 LRS
MB053 31391097334800384 -10.1747 LRS
MB053 31389359932448768 -10.255 LRS
MB053 31386751721283585 -10.1743 LRS
MB053 31384843744968704 -10.2554 LRS
MB053 31379097556881408 -10.1786 LRS
MB053 31378189309706240 -10.2542 LRS
MB053 31377191698698240 -10.2593 LRS
MB053 31377154503610369 -10.1735 LRS
MB053 31375997274165248 -10.255 LRS
MB053 31374338582126592 -10.2546 LRS
MB053 31365718238826496 -9.62642 LRS
MB053 31364247728427008 -10.2582 LRS
MB053 31363666381119489 -10.2566 LRS
MB053 31360183288463360 -8.52695 LRS
MB053 31357886336598016 -10.2609 LRS
MB053 31357719340384256 -10.1758 LRS
MB053 31354166387412992 -9.62642 LRS
MB053 31352379290947584 -10.257 LRS
MB053 31352163825356800 -10.2621 LRS
MB053 31323212897845249 -10.2593 LRS
MB053 31313118067953664 -10.2582 LRS
MB053 31309577387515904 -9.63079 LRS
MB053 31309062108876800 -10.2593 LRS
MB053 31307137447624704 -10.1731 LRS
MB053 31303423454347264 -10.255 LRS
MB053 31289242948739072 -10.0376 LRS
MB053 31281303252901888 -10.2538 LRS
MB053 31280405646671872 -10.1735 LRS
MB053 31277359726333952 -10.1762 LRS
MB053 31266391961116672 -9.63039 LRS
MB053 31263315879534592 -10.257 LRS
MB053 31253310736441344 -10.1731 LRS
MB053 31251662161055744 -10.1731 LRS
MB053 31244610445508608 -10.2558 LRS
MB053 31242204374630400 -10.2578 LRS
MB053 31240218715623424 -10.1786 LRS
MB053 31236527971377152 -10.1755 LRS
MB053 31232478832238593 -10.1755 LRS
MB053 31231648880140288 -10.1766 LRS
MB053 31230578221129728 -10.1711 LRS
MB053 31229928338882560 -10.038 LRS
MB053 31225594612031489 -10.1739 LRS
MB053 31223396201140225 -10.2589 LRS
MB053 31218778012389376 -10.2593 LRS
MB053 31218151089766400 -9.62999 LRS
MB053 31217718552166401 -10.2566 LRS
MB053 31210003968827392 -10.2586 LRS
MB053 31206976251764736 -10.2582 LRS
MB053 31205715305570304 -10.2534 LRS
MB053 31204201853882368 -10.1774 LRS
MB053 31201920584523776 -10.1806 LRS
MB053 31198788177625089 -10.2574 LRS
MB053 31197761693032448 -10.1751 LRS
MB053 31192806689079296 -9.62999 LRS
MB053 31192704134156288 -10.2582 LRS
MB053 31189641025560577 -10.1766 LRS
MB053 31189588781301760 -10.2554 LRS
MB053 31188654219067392 -10.2578 LRS
MB053 31186871635681280 -10.2554 LRS
MB053 31185076330954752 -10.1735 LRS
MB053 31181744937902080 -10.1739 LRS
MB053 31181704412528640 -10.1743 LRS
MB053 31180633279565824 -10.1727 LRS
MB053 31180542141538304 -10.1719 LRS
MB053 31180044168601600 -10.1739 LRS
MB053 31179563539111936 -10.2582 LRS
MB053 31178949899845633 -10.2558 LRS
MB053 31178560219652096 -10.2566 LRS
MB053 31177563275526145 -10.2613 LRS
MB053 31169644710600704 -10.1802 LRS
MB053 31168822564102144 -10.2597 LRS
MB053 31168333516636162 -10.2597 LRS
MB053 31167111552311296 -10.2542 LRS
MB053 31166870874750977 -10.2522 LRS
MB053 31157413600038912 -10.2668 LRS
MB053 31156851051593728 -10.2586 LRS
MB053 31153695160799232 -10.2597 LRS
MB053 31153285285027840 -10.1755 LRS
MB053 31148340330631168 -10.253 LRS
MB053 31144590463475712 -10.1715 LRS
MB053 31142030419697664 -10.2538 LRS
MB053 31139501162102784 -10.1782 LRS
MB053 31138668630515712 -10.2558 LRS
MB053 31135935018045440 -10.1751 LRS
MB053 31135113924321280 -10.1739 LRS
MB053 31132636852256769 -10.1751 LRS
MB053 31132495009284096 -10.0391 LRS
MB053 31128670294769664 -10.253 LRS
MB053 31128457291239424 -10.2522 LRS
MB053 31126253528424448 -10.1731 LRS
MB053 31121725831782400 -10.2586 LRS
MB053 31121383308136448 -10.2582 LRS
MB053 31120395490828291 -10.2546 LRS
MB053 31118138862993408 -10.2554 LRS
MB053 31117140559925248 -10.2589 LRS
MB053 31115628370726912 -10.1751 LRS
MB053 31115161993486337 -10.1707 LRS
MB053 31113637988933633 -10.2578 LRS
MB053 31109471908405248 -10.2589 LRS
MB053 31107317592236033 -10.2589 LRS
MB053 31105422978981889 -10.255 LRS
MB053 31103266876030976 -10.2522 LRS
MB053 31103186433482752 -10.1766 LRS
MB053 31102177116164096 -10.1715 LRS
MB053 31099806042562560 -10.2538 LRS
MB053 31097992878497792 -10.1782 LRS
MB053 31094434326126592 -10.1735 LRS
MB053 31088160649777152 -10.1751 LRS
MB053 31086225829924864 -10.1751 LRS
MB053 31084811602890753 -10.2562 LRS
MB053 31082883435200512 -10.0407 LRS
MB053 31079301700919297 -10.1719 LRS
MB053 31075967338291200 -10.2589 LRS
MB053 31072655083839489 -10.2609 LRS
MB053 31071902986407938 -10.2534 LRS
MB053 31071632038563840 -10.1798 LRS
MB053 31064533539758080 -10.2582 LRS
MB053 31063004732723200 -10.1715 LRS
MB053 31058685518155776 -10.2558 LRS
MB053 31058499135873024 -9.62602 LRS
MB053 31056408422121472 -10.2586 LRS
MB053 31055895228059648 -10.2522 LRS
MB053 31053780623564800 -9.95421 LRS
MB053 31052464119615491 -10.2605 LRS
MB053 31051474825904128 -10.2558 LRS
MB053 31048910478774272 -10.2578 LRS
MB053 31047743166226432 -10.2566 LRS
MB053 31046320064040960 -10.1755 LRS
MB053 31045734790864897 -9.95817 LRS
MB053 31045454800093184 -10.179 LRS
MB053 31043766991200256 -10.2538 LRS
MB053 31035194546851841 -10.1758 LRS
MB053 31029874210639873 -9.95699 LRS
MB053 31028831351476224 -10.2562 LRS
MB053 31027480143859714 -9.62642 LRS
MB053 31022508199120896 -9.95699 LRS
MB053 31021892609507328 -10.2566 LRS
MB053 31017246042095616 -9.40035 LRS
MB053 31016752804532224 -10.2566 LRS
MB053 31015278754140161 -10.2514 LRS
MB053 31013892083679232 -10.1774 LRS
MB053 31012905281388544 -10.1751 LRS
MB053 31011501158436864 -9.9554 LRS
MB053 31011214062518273 -10.2589 LRS
MB053 31007548043698177 -9.62642 LRS
MB053 31005806484787202 -10.2518 LRS
MB053 31003982029656065 -10.2574 LRS
MB053 31002720559177728 -10.2593 LRS
MB053 30998814806507520 -10.2566 LRS
MB053 30996593100464128 -10.1743 LRS
MB053 30996385490796544 -10.2538 LRS
MB053 30996053188681730 -10.255 LRS
MB053 30995951019626496 -10.1735 LRS
MB053 30995453910712320 -10.2589 LRS
MB053 30993448911765504 -10.1755 LRS
MB053 30992045136941056 -10.1719 LRS
MB053 30986035244568579 -10.2558 LRS
MB053 30984992679006208 -10.2597 LRS
MB053 30984483024936960 -10.2578 LRS
MB053 30983787705794560 -10.1778 LRS
MB053 30981295735570434 -9.40154 LRS
MB053 30981130593239040 -10.257 LRS
MB053 30980912233578496 -9.40193 LRS
MB053 30974529153011712 -10.0403 LRS
MB053 30974529140432896 -10.0403 LRS
MB053 30973962880032769 -10.1774 LRS
MB053 30973523556044801 -10.1778 LRS
MB053 30963270307291136 -10.2558 LRS
MB053 30962933534035969 -10.257 LRS
MB053 30960936625905664 -10.2582 LRS
MB053 30959536953106432 -10.1755 LRS
MB053 30956834630139906 -10.2562 LRS
MB053 30947197302345728 -10.2582 LRS
MB053 30940211647090688 -9.40154 LRS
MB053 30924273740681216 -10.1774 LRS
MB053 30921964629528577 -10.255 LRS
MB053 30920027779629058 -10.1731 LRS
MB053 30914217481601025 -10.2554 LRS
MB053 30898715669565440 -10.2534 LRS
MB053 30894448615366656 -10.2542 LRS
MB053 30891526779305985 -9.95023 LRS
MB053 30890240675680256 -9.29816 LRS
MB053 30889281832615937 -10.1774 LRS
MB053 30889274714882048 -9.95817 LRS
MB053 30888586286993408 -10.2586 LRS
MB053 30887479133347840 -10.2566 LRS
MB053 30884932872052736 -10.1786 LRS
MB053 30884568001159168 -10.1782 LRS
MB053 30883172178726912 -10.2578 LRS
MB053 30879687177666560 -10.2605 LRS
MB053 30877421364314112 -10.2542 LRS
MB053 30875524930732032 -10.0368 LRS
MB053 30873857988497409 -9.29142 LRS
MB053 30872564922322944 -10.2538 LRS
MB053 30868505045770240 -10.1755 LRS
MB053 30868483092779008 -10.1766 LRS
MB053 30867624673943554 -9.95619 LRS
MB053 30866688870191104 -10.2574 LRS
MB053 30865094275497984 -10.1719 LRS
MB053 30860561331789824 -10.1758 LRS
MB053 30855325766656000 -8.5191 LRS
MB053 30852820240433152 -10.255 LRS
MB053 30850182774005760 -10.2558 LRS
MB053 30848587088793601 -10.1747 LRS
MB053 30848050993823744 -10.2601 LRS
MB053 30845845855281152 -9.6288 LRS
MB053 30845729622720512 -10.1723 LRS
MB053 30844183795204096 -10.2502 LRS
MB053 30841934289305600 -10.2586 LRS
MB053 30841716856586241 -10.1751 LRS
MB053 30839304964022273 -10.1786 LRS
MB053 30834448761102336 -9.63039 LRS
MB053 30833355025022976 -10.2593 LRS
MB053 30831246489686016 -10.257 LRS
MB053 30830614634569730 -10.1774 LRS
MB053 30830256537468928 -10.2514 LRS
MB053 30829611201859584 -10.1778 LRS
MB053 30828752543940608 -10.2589 LRS
MB053 30822604449259521 -10.2597 LRS
MB053 30822316313157633 -9.63079 LRS
MB053 30817627458764801 -10.2609 LRS
MB053 30817312730783744 -9.95659 LRS
MB053 30814310456360962 -10.1786 LRS
MB053 30812997324640257 -10.2558 LRS
MB053 30812888830582784 -9.63079 LRS
MB053 30812337296384000 -10.1739 LRS
MB053 30812238411464704 -10.1806 LRS
MB053 30806175620538368 -10.2526 LRS
MB053 30806105332387840 -9.63079 LRS
MB053 30800350407561216 -10.2578 LRS
MB053 30799905039589376 -10.2526 LRS
MB053 30799452780367872 -9.63079 LRS
MB053 30797589452431360 -10.1766 LRS
MB053 30796454620569600 -10.1762 LRS
MB053 30794888681361409 -10.177 LRS
MB053 30793617954050048 -10.2554 LRS
MB053 30792200962969601 -9.91008 LRS
MB053 30790383428435968 -10.2538 LRS
MB053 30789969148649472 -10.177 LRS
MB053 30786373917085696 -10.1778 LRS
MB053 30786373879336960 -10.0368 LRS
MB053 30784441571868672 -10.1719 LRS
MB053 30779910976962560 -10.2562 LRS
MB053 30777141503197185 -10.1739 LRS
MB053 30775754014851072 -10.255 LRS
MB053 30775505204551680 -10.257 LRS
MB053 30771223784853504 -10.2601 LRS
MB053 30770852219854848 -10.1786 LRS
MB053 30770376300560384 -10.1715 LRS
MB053 30770256842592256 -10.1731 LRS
MB053 30769197655003136 -10.0348 LRS
MB053 30767810598670337 -10.2534 LRS
MB053 30765242485055488 -10.1747 LRS
MB053 30764880764084225 -10.1735 LRS
MB053 30759878003785730 -10.1739 LRS
MB053 30758935803731968 -10.2601 LRS
MB053 30757574299090944 -10.257 LRS
MB053 30757107930234880 -8.74716 LRS
MB053 30756769357635585 -10.2554 LRS
MB053 30754171003076608 -10.0447 LRS
MB053 30752334778732544 -9.40074 LRS
MB053 30750446033313792 -10.2558 LRS
MB053 30750147323367424 -10.179 LRS
MB053 30749054707171328 -10.1782 LRS
MB053 30746861480443904 -10.2589 LRS
MB053 30746793360756739 -10.2582 LRS
MB053 30746261778862080 -10.2593 LRS
MB053 30744316926234625 -10.257 LRS
MB053 30736249052463104 -10.1798 LRS
MB053 30735924820185088 -10.257 LRS
MB053 30735680875266048 -10.2601 LRS
MB053 30735488465764352 -10.1735 LRS
MB053 30733509316321280 -10.2613 LRS
MB053 30732498124152833 -10.2601 LRS
MB053 30732053905416192 -10.1802 LRS
MB053 30730703574405120 -10.1786 LRS
MB053 30730383909715968 -10.179 LRS
MB053 30729047415717890 -10.2601 LRS
MB053 30725151112830976 -9.26699 LRS
MB053 30725023857647617 -10.2593 LRS
MB053 30724747901800448 -10.2609 LRS
MB053 30722443215642624 -10.0411 LRS
MB053 30721007882866688 -10.1739 LRS
MB053 30720031939629056 -10.253 LRS
MB053 30718563509600256 -10.0356 LRS
MB053 30711338158264320 -10.2609 LRS
MB053 30710482637684738 -10.1794 LRS
MB053 30708241386184705 -10.2538 LRS
MB053 30707351363260416 -10.2589 LRS
MB053 30705173395406848 -10.1739 LRS
MB053 30704728371367936 -9.6288 LRS
MB053 30704091520835584 -10.2589 LRS
MB053 30701756727955456 -10.2574 LRS
MB053 30701515115077633 -10.179 LRS
MB053 30701491094290432 -10.2586 LRS
MB053 30700083179683840 -10.2558 LRS
MB053 30696593141276672 -10.2554 LRS
MB053 30696577148387329 -10.257 LRS
MB053 30691176491261952 -9.63237 LRS
MB053 30691129968041984 -10.1739 LRS
MB053 30689317332455424 -9.95699 LRS
MB053 30689184867950592 -9.95778 LRS
MB053 30688595626950656 -10.2558 LRS
MB053 30688340260945920 -10.2534 LRS
MB053 30688156017762306 -10.2582 LRS
MB053 30685444295360512 -10.1794 LRS
MB053 30682728995229696 -10.1735 LRS
MB053 30681269067063297 -10.2582 LRS
MB053 30680567762657280 -10.2597 LRS
MB053 30680221346697216 -10.1802 LRS
MB053 30679829401567233 -9.29618 LRS
MB053 30665555165847552 -10.2562 LRS
MB053 30663589903732736 -10.2526 LRS
MB053 30663097517613056 -10.255 LRS
MB053 30660537171836928 -9.9558 LRS
MB053 30660006395248640 -10.255 LRS
MB053 30659401022967808 -10.177 LRS
MB053 30655082026504193 -10.1782 LRS
MB053 30652185368862721 -9.82503 LRS
MB053 30651408554393600 -10.2597 LRS
MB053 30649727284416512 -10.2578 LRS
MB053 30649483268202496 -10.1731 LRS
MB053 30649390511165440 -10.2578 LRS
MB053 30648360914391040 -10.2566 LRS
MB053 30646113023299585 -10.2586 LRS
MB053 30643469718396928 -10.1739 LRS
MB053 30641507060940800 -10.1751 LRS
MB053 30641440388292608 -10.2589 LRS
MB053 30638692649410560 -10.1758 LRS
MB053 30632853335183361 -10.2593 LRS
MB053 30630492717973504 -10.0399 LRS
MB053 30625932809084928 -10.2578 LRS
MB053 30624303095480321 -10.1786 LRS
MB053 30623933996728320 -10.1747 LRS
MB053 30617151635193856 -9.39916 LRS
MB053 30617078041944064 -10.2562 LRS
MB053 30603746417315841 -10.255 LRS
MB053 30599307593781249 -10.2601 LRS
MB053 30598939812044801 -10.1766 LRS
MB053 30598756156051456 -10.1723 LRS
MB053 30594640478470144 -10.0399 LRS
MB053 30588773297295360 -10.1786 LRS
MB053 30571907170435072 -10.2542 LRS
MB053 30569475665305601 -10.1735 LRS
MB053 30563097458507776 -10.2558 LRS
MB053 30560129044713472 -10.1735 LRS
MB053 30558144883064834 -10.1806 LRS
MB053 30557680628142080 -10.2566 LRS
MB053 30555465586839552 -10.1798 LRS
MB053 30554663031934976 -10.1735 LRS
MB053 30549810587111424 -9.63039 LRS
MB053 30547780967596032 -9.62841 LRS
MB053 30539889468506112 -10.177 LRS
MB053 30538213340745728 -10.2574 LRS
MB053 30533389689823232 -10.2566 LRS
MB053 30532325267742720 -10.1739 LRS
MB053 30527042873204736 -10.2546 LRS
MB053 30522982673686529 -10.1762 LRS
MB053 30522766750916608 -9.29261 LRS
MB053 30517759494332416 -10.2589 LRS
MB053 30517096257425408 -10.2589 LRS
MB053 30516947384803329 -10.2586 LRS
MB053 30512721543831552 -10.1798 LRS
MB053 30511089456254976 -9.82344 LRS
MB053 30510655400312832 -10.2593 LRS
MB053 30501806165463040 -10.2586 LRS
MB053 30496500857446400 -10.1778 LRS
MB053 30491531798384640 -10.2574 LRS
MB053 30483953475387392 -10.2518 LRS
MB053 30480133085208576 -10.1762 LRS
MB053 30479004557381633 -10.2574 LRS
MB053 30478804338089984 -10.2534 LRS
MB053 30478437827223553 -10.1719 LRS
MB053 30478046532210688 -10.2589 LRS
MB053 30476358547144704 -10.2558 LRS
MB053 30474682918502401 -9.62602 LRS
MB053 30473616181170176 -10.255 LRS
MB053 30473589257936897 -10.2586 LRS
MB053 30470208183336961 -10.1778 LRS
MB053 30468899879256064 -9.62482 LRS
MB053 30467699955994624 -10.1707 LRS
MB053 30466607578877952 -10.2582 LRS
MB053 30462626471350272 -10.2578 LRS
MB053 30462071455879168 -9.62801 LRS
MB053 30457703964876800 -10.2554 LRS
MB053 30457318030184448 -10.1782 LRS
MB053 30456306695405568 -10.1711 LRS
MB053 30454792178368514 -10.1778 LRS
MB053 30451851098853377 -10.1798 LRS
MB053 30450725087608832 -10.2578 LRS
MB053 30448846467239937 -10.1735 LRS
MB053 30447392000057344 -10.2589 LRS
MB053 30438761619791872 -10.1731 LRS
MB053 30435312572305409 -10.1715 LRS
MB053 30435000184737792 -10.1798 LRS
MB053 30429182278246400 -10.0399 LRS
MB053 30427985215496192 -10.1747 LRS
MB053 30424753466511361 -10.1727 LRS
MB053 30422514689638401 -10.2586 LRS
MB053 30422265006919681 -10.2597 LRS
MB053 30421232767733760 -10.2589 LRS
MB053 30419221359886338 -10.2514 LRS
MB053 30418713693913088 -10.2526 LRS
MB053 30418701496877056 -10.2514 LRS
MB053 30418634400595968 -10.2625 LRS
MB053 30416595209691136 -10.2538 LRS
MB053 30414592282726403 -10.1723 LRS
MB053 30410100720009216 -10.179 LRS
MB053 30409643482161152 -10.2593 LRS
MB053 30407298467758080 -10.2582 LRS
MB053 30407202434981888 -10.2554 LRS
MB053 30406381269942273 -10.1794 LRS
MB053 30402067868688384 -10.257 LRS
MB053 30400130536448000 -10.1751 LRS
MB053 30400057761079296 -10.2534 LRS
MB053 30397543946915840 -10.2554 LRS
MB053 30397401231527937 -10.1739 LRS
MB053 30395927835443200 -10.2546 LRS
MB053 30394771268698112 -10.2522 LRS
MB053 30392995324887040 -10.1762 LRS
MB053 30392390594334720 -10.2546 LRS
MB053 30391135373361152 -10.2593 LRS
MB053 30389367767826434 -10.1762 LRS
MB053 30384798870540288 -10.2593 LRS
MB053 30384603625693184 -10.2578 LRS
MB053 30383419095523328 -10.1735 LRS
MB053 30377943406485504 -10.1755 LRS
MB053 30374621563846656 -10.1758 LRS
MB053 30371573131124736 -10.1755 LRS
MB053 30371486984310786 -10.2562 LRS
MB053 30371394210504704 -10.1751 LRS
MB053 30370932203720704 -10.1758 LRS
MB053 30370708144005120 -10.1751 LRS
MB053 30370405411717120 -10.2534 LRS
MB053 30370008789942273 -9.62602 LRS
MB053 30369685052588032 -10.2605 LRS
MB053 30367769761415168 -10.181 LRS
MB053 30363332087123969 -10.2586 LRS
MB053 30360732977602560 -9.62841 LRS
MB053 30358272678559744 -10.2538 LRS
MB053 30353228184952832 -10.2601 LRS
MB053 30353077429084160 -10.2586 LRS
MB053 30352604416446464 -10.2593 LRS
MB053 30352577153466368 -10.1735 LRS
MB053 30352411293917184 -10.2597 LRS
MB053 30348368416874496 -9.39916 LRS
MB053 30347404771328000 -10.2534 LRS
MB053 30346624152633344 -9.63079 LRS
MB053 30345988338098176 -10.257 LRS
MB053 30345655394238464 -10.2574 LRS
MB053 30343337588297728 -10.1786 LRS
MB053 30341017781669888 -10.2566 LRS
MB053 30338546866851841 -10.2546 LRS
MB053 30338476935221250 -10.257 LRS
MB053 30333047115087872 -10.2586 LRS
MB053 30332695447863296 -9.62761 LRS
MB053 30328946352459779 -10.2586 LRS
MB053 30328256389455872 -10.2562 LRS
MB053 30326084402675712 -10.1727 LRS
MB053 30322876812890112 -10.2593 LRS
MB053 30320787785252864 -10.1786 LRS
MB053 30317100455170048 -10.2566 LRS
MB053 30316664054616064 -10.2578 LRS
MB053 30314577128325121 -10.1766 LRS
MB053 30314037564678144 -10.1755 LRS
MB053 30312125784133632 -10.0403 LRS
MB053 30311408222605313 -10.253 LRS
MB053 30311042324111360 -10.2589 LRS
MB053 30309527832231938 -10.2558 LRS
MB053 30307962916446208 -10.2593 LRS
MB053 30307164115439616 -9.6296 LRS
MB053 30307037384544256 -10.2589 LRS
MB053 30306221202341889 -10.1723 LRS
MB053 30303919200542720 -10.1751 LRS
MB053 30303133443817472 -9.95778 LRS
MB053 30302714684514304 -10.2534 LRS
MB053 30302439122931713 -10.2593 LRS
MB053 30302120422936577 -10.179 LRS
MB053 30298113998589952 -10.1755 LRS
MB053 30297495951122432 -10.1711 LRS
MB053 30296737402855424 -10.2566 LRS
MB053 30294728985542656 -10.2554 LRS
MB053 30293843630882816 -10.2566 LRS
MB053 30290606941011968 -10.1758 LRS
MB053 30290227197116416 -9.62681 LRS
MB053 30289740083236864 -10.2578 LRS
MB053 30287460730675200 -10.2554 LRS
MB053 30285266119823360 -10.0368 LRS
MB053 30282203564875776 -9.62522 LRS
MB053 30281096197308416 -10.2574 LRS
MB053 30278429802766336 -10.2593 LRS
MB053 30276498350936064 -10.1755 LRS
MB053 30275142177263617 -9.6296 LRS
MB053 30272750224408577 -10.2601 LRS
MB053 30270588614348801 -10.1751 LRS
MB053 30270562399952896 -9.62801 LRS
MB053 30266204992045056 -10.2574 LRS
MB053 30263045414453249 -10.1739 LRS
MB053 30261939120635905 -10.1735 LRS
MB053 30258532305600512 -9.6292 LRS
MB053 30258162355404801 -10.2597 LRS
MB053 30253642569220096 -10.2593 LRS
MB053 30242965527994368 -10.1751 LRS
MB053 30241936698773505 -9.95738 LRS
MB053 30237324147171328 -10.2558 LRS
MB053 30234711775248385 -10.1758 LRS
MB053 30232855233691648 -10.2538 LRS
MB053 30225901127995392 -10.2589 LRS
MB053 30219351395139584 -10.2542 LRS
MB053 30214289348370432 -10.2558 LRS
MB053 30211533178933249 -10.2566 LRS
MB053 30210460724760576 -10.1782 LRS
MB053 30209227452579840 -10.1794 LRS
MB053 30207277432573952 -10.2534 LRS
MB053 30205113381421056 -10.1751 LRS
MB053 30204200201748481 -10.1751 LRS
MB053 30202521234440192 -10.1766 LRS
MB053 30202022867243008 -10.1806 LRS
MB053 30201342836350976 -10.1778 LRS
MB053 30197323564851200 -9.62403 LRS
MB053 30193569683738624 -10.2578 LRS
MB053 30188441245323264 -10.2566 LRS
MB053 30186558401290240 -10.2518 LRS
MB053 30180876612542465 -10.1786 LRS
MB053 30178018857066496 -10.2601 LRS
MB053 30176612615987200 -10.1727 LRS
MB053 30172724911411200 -9.63118 LRS
MB053 30162935179378688 -10.1798 LRS
MB053 30162630475784193 -10.2534 LRS
MB053 30146079429230592 -10.2586 LRS
MB053 30145784557084672 -10.1774 LRS
MB053 30144899777044480 -10.1782 LRS
MB053 30139278239473664 -10.1719 LRS
MB053 30138744870801408 -10.2574 LRS
MB053 30131494185865216 -10.2558 LRS
MB053 30131231802785792 -10.2582 LRS
MB053 30128130198867968 -10.2526 LRS
MB053 30127742703894528 -10.1743 LRS
MB053 30124039653556224 -10.1751 LRS
MB053 30118314919333888 -10.2582 LRS
MB053 30117634083127296 -10.1719 LRS
MB053 30107914567942145 -10.2582 LRS
MB053 30107734200291328 -10.1751 LRS
MB053 30107473041956864 -10.1751 LRS
MB053 30106225110679552 -10.2566 LRS
MB053 30104988495642626 -10.2558 LRS
MB053 30099921436676096 -10.177 LRS
MB053 30099518485696512 -10.1786 LRS
MB053 30099336842973184 -10.2589 LRS
MB053 30099020823142400 -10.1774 LRS
MB053 30092429335994368 -10.2542 LRS
MB053 30090267444908032 -10.2582 LRS
MB053 30090096560570368 -9.29539 LRS
MB053 30089157267165184 -10.2574 LRS
MB053 30086248034996224 -10.2558 LRS
MB053 30083192912347137 -10.1786 LRS
MB053 30080773063188480 -10.2589 LRS
MB053 30072923679105025 -10.1786 LRS
MB053 30068847738363904 -10.2597 LRS
MB053 30068138389282816 -9.07652 LRS
MB053 30067896361164800 -10.1786 LRS
MB053 30067070716608514 -10.257 LRS
MB053 30065989060141057 -10.2522 LRS
MB053 30061730902052864 -10.2558 LRS
MB053 30052206975647744 -10.2554 LRS
MB053 30051186254028800 -10.2589 LRS
MB053 30047760992436224 -10.1774 LRS
MB053 30044375509639168 -10.2538 LRS
MB053 30039428986568706 -10.257 LRS
MB053 30039056926638080 -10.038 LRS
MB053 30038826323812352 -10.2554 LRS
MB053 30037009082884096 -10.1751 LRS
MB053 30034777067229184 -10.2574 LRS
MB053 30029925931032576 -10.253 LRS
MB053 30026914953437186 -10.2554 LRS
MB053 30025082134859776 -10.179 LRS
MB053 30022896067813376 -10.1786 LRS
MB053 30021109445300225 -10.1762 LRS
MB053 30020039075696640 -10.2554 LRS
MB053 30020008436310017 -10.1747 LRS
MB053 30019419417608192 -10.257 LRS
MB053 30017011329269761 -10.2558 LRS
MB053 30016060891598848 -10.1774 LRS
MB053 30014906036125697 -9.63079 LRS
MB053 30014457555980290 -10.2562 LRS
MB053 30013509098016768 -10.177 LRS
MB053 30013170311503872 -10.2597 LRS
MB053 30012563857084416 -10.1758 LRS
MB053 30010165067513856 -10.1723 LRS
MB053 30008845170380800 -10.1719 LRS
MB053 30008093072953344 -10.2589 LRS
MB053 30007548618739712 -9.95896 LRS
MB053 30007113656836096 -10.2562 LRS
MB053 30004803362889728 -10.1758 LRS
MB053 30003901012910080 -10.257 LRS
MB053 29997091199647744 -9.95699 LRS
MB053 29995473293025280 -10.2554 LRS
MB053 29994525950738433 -10.1774 LRS
MB053 29990371773644800 -10.1751 LRS
MB053 29988217516204032 -10.2566 LRS
MB053 29988210629156864 -10.255 LRS
MB053 29987059816992768 -10.0399 LRS
MB053 29985031908753408 -10.1762 LRS
MB053 29982753546051585 -10.2597 LRS
MB053 29981322340466689 -10.2558 LRS
MB053 29980372397727744 -10.2578 LRS
MB053 29979036692254720 -10.2574 LRS
MB053 29977885376774144 -10.2546 LRS
MB053 29976380510830592 -10.1743 LRS
MB053 29976299833393152 -9.62761 LRS
MB053 29974448048181249 -10.257 LRS
MB053 29969871135576064 -10.177 LRS
MB053 29967151859236865 -10.179 LRS
MB053 29965771912249345 -10.2558 LRS
MB053 29961690204344320 -10.1723 LRS
MB053 29959176696369153 -10.1782 LRS
MB053 29947244945874944 -10.2558 LRS
MB053 29943655582138368 -10.2582 LRS
MB053 29939859783155713 -10.1798 LRS
MB053 29939186026946560 -10.2554 LRS
MB053 29937604426211328 -10.1743 LRS
MB053 29936980062117888 -9.63158 LRS
MB053 29936757965328384 -10.2601 LRS
MB053 29934036352770048 -10.1707 LRS
MB053 29933512471609347 -10.2574 LRS
MB053 29931389742751744 -10.1794 LRS
MB053 29930387664801792 -10.1727 LRS
MB053 29929782477066240 -10.1774 LRS
MB053 29925721354797057 -10.1747 LRS
MB053 29923744747094016 -10.2582 LRS
MB053 29923684554645504 -10.2554 LRS
MB053 29917629724499968 -10.2562 LRS
MB053 29913468702294016 -10.1743 LRS
MB053 29913052052717568 -10.2601 LRS
MB053 29912348781191169 -10.1798 LRS
MB053 29907791908962304 -10.2597 LRS
MB053 29906977450627072 -10.2558 LRS
MB053 29898045940310016 -10.2582 LRS
MB053 29895720844664834 -10.1786 LRS
MB053 29895495665061889 -10.1774 LRS
MB053 29895469744263168 -10.2593 LRS
MB053 29894115399303168 -10.1751 LRS
MB053 29893422668062722 -10.1782 LRS
MB053 29890248364269568 -10.1766 LRS
MB053 29889999524601856 -10.255 LRS
MB053 29889258693066752 -10.1747 LRS
MB053 29889153206329344 -10.0427 LRS
MB053 29888651437539328 -10.2593 LRS
MB053 29887520535748608 -10.2589 LRS
MB053 29886404838301697 -10.2609 LRS
MB053 29884885791412224 -10.1751 LRS
MB053 29883947324276736 -10.2597 LRS
MB053 29882262765961216 -10.2574 LRS
MB053 29880170886205440 -10.1751 LRS
MB053 29876653115052032 -10.1758 LRS
MB053 29874902152511488 -9.63039 LRS
MB053 29866924062015489 -10.177 LRS
MB053 29865151121330176 -10.2582 LRS
MB053 29862366761979904 -10.2546 LRS
MB053 29856763259916288 -9.62482 LRS
MB053 29856454747885568 -10.1739 LRS
MB053 29854762182647808 -10.1786 LRS
MB053 29847110702596096 -10.2593 LRS
MB053 29846800047280128 -10.2605 LRS
MB053 29846411914776576 -10.1794 LRS
MB053 29841542260727809 -9.95619 LRS
MB053 29840220866215936 -10.1794 LRS
MB053 29835092805287936 -10.1798 LRS
MB053 29831643019608064 -10.1739 LRS
MB053 29830516786069505 -10.1762 LRS
MB053 29829915020894208 -10.2578 LRS
MB053 29826759444664320 -10.2554 LRS
MB053 29822917923573760 -10.2582 LRS
MB053 29819508596146177 -10.1735 LRS
MB053 29816409877905408 -10.2558 LRS
MB053 29815873900380160 -10.0391 LRS
MB053 29814427159101440 -10.2582 LRS
MB053 29813082033229825 -10.1739 LRS
MB053 29810719927046144 -10.0423 LRS
MB053 29809061255974912 -10.2593 LRS
MB053 29807401993506816 -10.1786 LRS
MB053 29799112677269504 -10.2534 LRS
MB053 29796015909371905 -9.9554 LRS
MB053 29795493018075136 -10.2566 LRS
MB053 29792637154230272 -10.2609 LRS
MB053 29780725733531648 -10.2589 LRS
MB053 29777783374745600 -10.253 LRS
MB053 29777413684592640 -10.1758 LRS
MB053 29775371603804160 -9.62721 LRS
MB053 29773936606584833 -10.1739 LRS
MB053 29771601264254976 -10.1762 LRS
MB053 29768264330510336 -10.2589 LRS
MB053 29765812688527360 -10.2566 LRS
MB053 29761092804681728 -10.1786 LRS
MB053 29757419483561984 -10.1747 LRS
MB053 29756219241533440 -10.1731 LRS
MB053 29755777510023168 -10.179 LRS
MB053 29750646349500416 -10.2566 LRS
MB053 29749675007418368 -9.62999 LRS
MB053 29745465264177152 -10.2566 LRS
MB053 29744991240716288 -10.2546 LRS
MB053 29743967654383616 -10.1739 LRS
MB053 29735919892307968 -10.1758 LRS
MB053 29734990799441920 -10.177 LRS
MB053 29734756874723328 -10.255 LRS
MB053 29733958614786048 -10.2589 LRS
MB053 29730905027248129 -10.2562 LRS
MB053 29727794908897280 -10.1766 LRS
MB053 29725811313483777 -10.255 LRS
MB053 29719657460011008 -10.2534 LRS
MB053 29714092990136320 -10.1778 LRS
MB053 29713887121121280 -10.2578 LRS
MB053 29710870225362944 -10.2538 LRS
MB053 29710575734886400 -10.036 LRS
MB053 29710333929062400 -10.2582 LRS
MB053 29708886466367490 -10.257 LRS
MB053 29708625282863104 -10.2554 LRS
MB053 29707278730919937 -10.1806 LRS
MB053 29707125261344768 -10.1766 LRS
MB053 29706643268706304 -10.1711 LRS
MB053 29705944799641601 -10.253 LRS
MB053 29704656825352192 -10.1719 LRS
MB053 29702460830392321 -10.1766 LRS
MB053 29702442845212672 -10.2562 LRS
MB053 29701534900027392 -10.1719 LRS
MB053 29701326006915073 -10.2562 LRS
MB053 29699481763061762 -9.62442 LRS
MB053 29696484119154688 -10.1762 LRS
MB053 29695775889956864 -10.2562 LRS
MB053 29695552694259712 -10.1743 LRS
MB053 29694066123870208 -10.2554 LRS
MB053 29693412236075008 -10.257 LRS
MB053 29693139665031168 -10.1778 LRS
MB053 29689792392339456 -10.1778 LRS
MB053 29688615323836416 -10.2589 LRS
MB053 29688539956387840 -10.2518 LRS
MB053 29687547730853888 -10.2546 LRS
MB053 29687396710752256 -10.1735 LRS
MB053 29682125573726208 -10.1715 LRS
MB053 29680941400072192 -10.2593 LRS
MB053 29671275450335233 -10.2593 LRS
MB053 29669806609272832 -10.1755 LRS
MB053 29668529703755776 -10.1743 LRS
MB053 29663528449220608 -10.1782 LRS
MB053 29660853158543362 -10.1782 LRS
MB053 29658037039927296 -10.2586 LRS
MB053 29655957353013248 -10.1786 LRS
MB053 29655403033788416 -10.2609 LRS
MB053 29649895761641472 -10.2554 LRS
MB053 29646866845016064 -10.2562 LRS
MB053 29646136109178881 -10.2582 LRS
MB053 29643085721899008 -10.1743 LRS
MB053 29637694623588353 -10.1731 LRS
MB053 29637489475981312 -10.2582 LRS
MB053 29636791954841600 -10.1751 LRS
MB053 29634576485720064 -10.257 LRS
MB053 29632283539415040 -10.2546 LRS
MB053 29631203086696448 -10.1719 LRS
MB053 29631016649883648 -9.62522 LRS
MB053 29627708073844736 -10.1782 LRS
MB053 29626718557835264 -10.1751 LRS
MB053 29624141246103552 -10.2582 LRS
MB053 29623680136904704 -9.62721 LRS
MB053 29622626515156993 -10.1743 LRS
MB053 29620184373272576 -9.63158 LRS
MB053 29619443923419136 -10.1786 LRS
MB053 29619167871115265 -10.1778 LRS
MB053 29618847694721024 -10.2534 LRS
MB053 29618142405726208 -10.2578 LRS
MB053 29617966714720257 -9.62841 LRS
MB053 29616839139004416 -10.1774 LRS
MB053 29616218767884288 -9.63079 LRS
MB053 29615883697524736 -10.1794 LRS
MB053 29615857608949760 -10.2574 LRS
MB053 29614787860111360 -10.2546 LRS
MB053 29612714737278976 -10.1774 LRS
MB053 29611660368945152 -10.2605 LRS
MB053 29611591573970944 -10.177 LRS
MB053 29610512790589440 -10.1731 LRS
MB053 29610283806760962 -10.2558 LRS
MB053 29610075744112643 -10.1723 LRS
MB053 29609935843106817 -10.1782 LRS
MB053 29607591118118912 -10.1794 LRS
MB053 29606579082895360 -9.62602 LRS
MB053 29606434299715584 -10.2566 LRS
MB053 29605569258061825 -10.2522 LRS
MB053 29605499540348928 -10.2534 LRS
MB053 29604664970321920 -10.1739 LRS
MB053 29603020643770368 -10.2566 LRS
MB053 29602724572045312 -10.1758 LRS
MB053 29602192138706944 -10.1707 LRS
MB053 29599814849134592 -10.1774 LRS
MB053 29599560951136257 -10.2526 LRS
MB053 29596876344918016 -10.253 LRS
MB053 29596735818964992 -10.2574 LRS
MB053 29590218600353792 -10.1786 LRS
MB053 29586506402242560 -10.2578 LRS
MB053 29583986552479744 -10.2582 LRS
MB053 29582648665968640 -10.2597 LRS
MB053 29578840753836032 -10.2558 LRS
MB053 29578651544588288 -10.2578 LRS
MB053 29576994769346560 -10.257 LRS
MB053 29575606920286209 -10.2601 LRS
MB053 29574321374494721 -9.29618 LRS
MB053 29573356537774080 -10.2582 LRS
MB053 29572950399127552 -10.2593 LRS
MB053 29572144325206016 -10.1794 LRS
MB053 29567091161964544 -10.0372 LRS
MB053 29566548452577280 -10.1727 LRS
MB053 29564876103884800 -9.40074 LRS
MB053 29561909061623808 -10.1786 LRS
MB053 29558416254967809 -10.2562 LRS
MB053 29557940797054976 -10.1735 LRS
MB053 29557868147515392 -10.1731 LRS
MB053 29557748798586882 -10.2597 LRS
MB053 29556631448592384 -10.2558 LRS
MB053 29556482529824768 -10.2554 LRS
MB053 29555385715138560 -9.9554 LRS
MB053 29553944736829440 -10.1758 LRS
MB053 29550264042135552 -10.257 LRS
MB053 29548842135326720 -10.1739 LRS
MB053 29548141128720385 -10.1774 LRS
MB053 29545909436022785 -10.2601 LRS
MB053 29536943435939841 -10.2546 LRS
MB053 29531724979380224 -9.95619 LRS
MB053 29529895616905217 -10.2578 LRS
MB053 29526799855656961 -10.1751 LRS
MB053 29526342399696896 -10.2554 LRS
MB053 29524527952166912 -10.1755 LRS
MB053 29523463530086401 -10.2566 LRS
MB053 29522709046099968 -10.2538 LRS
MB053 29519489833893889 -10.1723 LRS
MB053 29511949444190209 -10.2574 LRS
MB053 29510437791862784 -10.253 LRS
MB053 29506953747111937 -10.179 LRS
MB053 29504034532499456 -10.2562 LRS
MB053 29501138856312832 -10.0395 LRS
MB053 29493674610003968 -8.74557 LRS
MB053 29492893861281792 -10.179 LRS
MB053 29492612956160000 -10.2593 LRS
MB053 29487579065753600 -10.2566 LRS
MB053 29487537537941504 -10.2578 LRS
MB053 29479951061225472 -10.2582 LRS
MB053 29479362902368256 -10.038 LRS
MB053 29477524211765249 -10.2593 LRS
MB053 29474330194747392 -10.2566 LRS
MB053 29471846269190144 -10.257 LRS
MB053 29471576550281218 -10.1727 LRS
MB053 29469150791335936 -10.1731 LRS
MB053 29468502851059712 -10.2593 LRS
MB053 29465724825116673 -10.257 LRS
MB053 29451443542953985 -10.1778 LRS
MB053 29451396998762496 -9.62999 LRS
MB053 29445531361087488 -10.2558 LRS
MB053 29443415846424576 -10.1778 LRS
MB053 29439440732561408 -10.1782 LRS
MB053 29438472179679232 -10.255 LRS
MB053 29434249358610432 -10.1798 LRS
MB053 29430385154727936 -10.1778 LRS
MB053 29423918641061890 -10.2558 LRS
MB053 29422937635295232 -10.2613 LRS
MB053 29422920337985536 -10.1747 LRS
MB053 29421210462855168 -10.255 LRS
MB053 29421207031910400 -10.2566 LRS
MB053 29418458907148288 -10.1743 LRS
MB053 29418415684853760 -10.177 LRS
MB053 29416878329823232 -10.255 LRS
MB053 29416621151883264 -10.2546 LRS
MB053 29414231816273920 -10.1731 LRS
MB053 29411382403272704 -10.2589 LRS
MB053 29405299504848896 -10.1806 LRS
MB053 29404968175796224 -10.1739 LRS
MB053 29403512425156608 -10.2578 LRS
MB053 29398447853412352 -10.1778 LRS
MB053 29397511714115584 -10.1774 LRS
MB053 29393182907170816 -10.1735 LRS
MB053 29391467264872448 -10.1751 LRS
MB053 29389551772368896 -10.1739 LRS
MB053 29385367715061761 -10.2597 LRS
MB053 29384173416349697 -10.253 LRS
MB053 29381073716649984 -10.1755 LRS
MB053 29379287115112448 -10.257 LRS
MB053 29377071977340928 -10.251 LRS
MB053 29374277585211392 -10.1774 LRS
MB053 29367509538836480 -10.257 LRS
MB053 29362520129015808 -10.2574 LRS
MB053 29362299416346624 -10.2586 LRS
MB053 29361273632198656 -10.255 LRS
MB053 29360321919451136 -10.2605 LRS
MB053 29359916573532161 -10.177 LRS
MB053 29356702713253889 -10.253 LRS
MB053 29354271266840576 -10.1715 LRS
MB053 29349682283020288 -10.1751 LRS
MB053 29343899214417920 -10.1794 LRS
MB053 29343146697560065 -10.2597 LRS
MB053 29341184635703296 -10.1743 LRS
MB053 29341101370384384 -10.2562 LRS
MB053 29335982075543554 -10.1715 LRS
MB053 29335502813396993 -10.2597 LRS
MB053 29335342133809153 -10.2586 LRS
MB053 29333962354593792 -9.63079 LRS
MB053 29333698985861120 -10.2514 LRS
MB053 29328300312629248 -10.1751 LRS
MB053 29326798726631425 -10.1762 LRS
MB053 29326689544704001 -10.2526 LRS
MB053 29321287406977026 -10.1743 LRS
MB053 29317261063888896 -10.1758 LRS
MB053 29315498990637056 -10.2542 LRS
MB053 29310735246954497 -10.177 LRS
MB053 29309414297051136 -10.1719 LRS
MB053 29308410407157760 -10.1762 LRS
MB053 29305165932662784 -10.2542 LRS
MB053 29302195216195584 -10.1786 LRS
MB053 29300953802874880 -10.2566 LRS
MB053 29297854379991040 -10.2582 LRS
MB053 29288232495611907 -10.2578 LRS
MB053 29287852093214720 -9.6296 LRS
MB053 29287495095029761 -10.2566 LRS
MB053 29285743297822720 -10.1786 LRS
MB053 29281411282243584 -10.1774 LRS
MB053 29276890917244929 -9.62642 LRS
MB053 29276832398311424 -9.95896 LRS
MB053 29275974143049728 -10.2522 LRS
MB053 29274757601959936 -10.1798 LRS
MB053 29273978761646080 -10.1778 LRS
MB053 29273263943188480 -10.1735 LRS
MB053 29269831001837568 -10.2597 LRS
MB053 29266716546572288 -10.1762 LRS
MB053 29266383527223296 -9.39876 LRS
MB053 29264265361752064 -10.2538 LRS
MB053 29262814644281344 -10.179 LRS
MB053 29259167826968577 -10.2566 LRS
MB053 29259063447519234 -10.1782 LRS
MB053 29256776817836033 -10.1786 LRS
MB053 29252343195246592 -10.2578 LRS
MB053 29249152026148865 -9.29142 LRS
MB053 29243164678160384 -10.257 LRS
MB053 29240455145201664 -10.2574 LRS
MB053 29240180376338433 -10.2562 LRS
MB053 29237694240395265 -9.6292 LRS
MB053 29228736062685184 -10.2574 LRS
MB053 29224836685373442 -10.1755 LRS
MB053 29224413064855552 -10.2609 LRS
MB053 29224207212613632 -10.257 LRS
MB053 29223237510500352 -10.1758 LRS
MB053 29221786767859712 -10.1735 LRS
MB053 29221220729753601 -10.2582 LRS
MB053 29215679978672128 -10.177 LRS
MB053 29213543618318337 -10.1743 LRS
MB053 29213028486479872 -10.2554 LRS
MB053 29211670865780736 -10.1751 LRS
MB053 29206925379903489 -10.1727 LRS
MB053 29201244216102912 -10.2582 LRS
MB053 29201146182635520 -10.2526 LRS
MB053 29200482937348096 -10.2605 LRS
MB053 29194997781757953 -10.1735 LRS
MB053 29194954249080832 -10.1751 LRS
MB053 29190383716012032 -10.2566 LRS
MB053 29186999306948608 -10.1778 LRS
MB053 29185355232055297 -10.257 LRS
MB053 29184548264742912 -9.63118 LRS
MB053 29184134039470080 -10.2538 LRS
MB053 29180627706183681 -10.2574 LRS
MB053 29179878909677568 -10.1762 LRS
MB053 29179149717340160 -10.2538 LRS
MB053 29176711719428096 -10.1699 LRS
MB053 29174193580933120 -10.177 LRS
MB053 29172202880372736 -10.1747 LRS
MB053 29172091668402178 -10.2582 LRS
MB053 29165363228844032 -10.2597 LRS
MB053 29164546870484993 -10.2593 LRS
MB053 29162507033645056 -10.2522 LRS
MB053 29161110347194368 -10.2574 LRS
MB053 29158241279676416 -10.2578 LRS
MB053 29156616376950784 -10.2566 LRS
MB053 29152559260237824 -10.2589 LRS
MB053 29149357127241729 -10.2574 LRS
MB053 29148350838214656 -10.2578 LRS
MB053 29146369277034498 -10.2538 LRS
MB053 29146121498529793 -10.2534 LRS
MB053 29130691119685632 -10.2578 LRS
MB053 29127957855346688 -9.62801 LRS
MB053 29126774327615488 -10.1735 LRS
MB053 29124859250348032 -10.1739 LRS
MB053 29123109864865792 -10.2566 LRS
MB053 29119830057549825 -10.2586 LRS
MB053 29119191726424065 -10.1743 LRS
MB053 29119182582849536 -10.2566 LRS
MB053 29117705764208640 -10.2542 LRS
MB053 29117613019762688 -10.1739 LRS
MB053 29113038871203840 -9.62841 LRS
MB053 29109064260648960 -10.2586 LRS
MB053 29088192271486976 -10.1707 LRS
MB053 29082260175065088 -10.2574 LRS
MB053 29076563114856448 -10.1755 LRS
MB053 29074999495106560 -10.1751 LRS
MB053 29073924947972097 -10.2522 LRS
MB053 29073219650584577 -10.1762 LRS
MB053 29072649661448194 -10.1743 LRS
MB053 29071448018518017 -10.1782 LRS
MB053 29068805766389760 -10.1751 LRS
MB053 29066931042516992 -10.1711 LRS
MB053 29063641080791040 -10.2586 LRS
MB053 29061788477689856 -10.1751 LRS
MB053 29060371247534080 -10.255 LRS
MB053 29059797810683904 -10.2609 LRS
MB053 29056061012967424 -10.1719 LRS
MB053 29055745198657536 -10.257 LRS
MB053 29055024965353473 -10.1727 LRS
MB053 29053033144918016 -10.2593 LRS
MB053 29050489991593984 -10.1711 LRS
MB053 29049429692514304 -10.1723 LRS
MB053 29043215222972416 -10.2593 LRS
MB053 29039232450297858 -10.2578 LRS
MB053 29038897350574080 -10.1778 LRS
MB053 29036704740409345 -10.2546 LRS
MB053 29031352133230592 -10.2546 LRS
MB053 29026043138412545 -10.2558 LRS
MB053 29018150469107712 -9.82106 LRS
MB053 29014849442811904 -10.2597 LRS
MB053 29011444070617088 -10.1758 LRS
MB053 29001941493219328 -10.2542 LRS
MB053 29000387943989249 -10.1755 LRS
MB053 28999616548577280 -10.1774 LRS
MB053 28999609942548480 -9.62562 LRS
MB053 28996871749894144 -10.1735 LRS
MB053 28995359632007169 -9.95738 LRS
MB053 28994405541085185 -10.1739 LRS
MB053 28992887937040385 -10.2586 LRS
MB053 28983470386581504 -10.1747 LRS
MB053 28983265763270656 -10.2574 LRS
MB053 28980269872582656 -10.2558 LRS
MB053 28979912366882816 -10.1719 LRS
MB053 28979189172412416 -10.257 LRS
MB053 28977853039120384 -10.1751 LRS
MB053 28976102047227904 -10.1762 LRS
MB053 28972208076361728 -10.1778 LRS
MB053 28971368028569601 -9.90333 LRS
MB053 28969115255312386 -10.2546 LRS
MB053 28967421205286912 -10.2546 LRS
