MB059 35012866822119424 -9.88751 LRS
MB059 35001472148049921 -9.88593 LRS
MB059 35000826351058944 -9.88315 LRS
MB059 34998511489519616 -9.66427 LRS
MB059 34997474384941057 -9.88751 LRS
MB059 34986825336496128 -9.65751 LRS
MB059 34976296341749760 -7.81036 LRS
MB059 34974698567639042 -9.54675 LRS
MB059 34967130428538880 -9.31889 LRS
MB059 34966258931728385 -9.66229 LRS
MB059 34938562432466946 -9.88751 LRS
MB059 34934167879811072 -9.88275 LRS
MB059 34900969896542208 -9.88236 LRS
MB059 34893452810391552 -9.54635 LRS
MB059 34889059637661696 -9.88672 LRS
MB059 34888702660448256 -9.66387 LRS
MB059 34878490696224768 -9.8887 LRS
MB059 34874799930998784 -9.88712 LRS
MB059 34835672783126528 -9.88355 LRS
MB059 34832718290223104 -9.3177 LRS
MB059 34824385923653632 -9.31809 LRS
MB059 34809782506360832 -9.87997 LRS
MB059 34809142833057792 -9.88434 LRS
MB059 34802791499169792 -9.65791 LRS
MB059 34797413155733504 -9.88712 LRS
MB059 34795829021646849 -9.65911 LRS
MB059 34788177344471040 -9.88514 LRS
MB059 34784668205195264 -9.88037 LRS
MB059 34777026564984832 -9.88593 LRS
MB059 34776982290055168 -7.81353 LRS
MB059 34768962084544512 -9.88514 LRS
MB059 34751764376977408 -9.88395 LRS
MB059 34749659314397185 -9.88275 LRS
MB059 34749300630097920 -9.87957 LRS
MB059 34747970608041984 -9.88116 LRS
MB059 34745920134316032 -9.88553 LRS
MB059 34742885027028992 -9.54516 LRS
MB059 34739653194027008 -9.88315 LRS
MB059 34738138719072256 -9.88474 LRS
MB059 34737274373545985 -9.88474 LRS
MB059 34726155814703104 -9.88395 LRS
MB059 34725257080213504 -9.66189 LRS
MB059 34708376302653440 -9.88434 LRS
MB059 34698013716779008 -9.88275 LRS
MB059 34697544592269312 -9.66268 LRS
MB059 34696139097772033 -9.88395 LRS
MB059 34691832805859330 -9.88037 LRS
MB059 34686174412939264 -9.54596 LRS
MB059 34675725508419584 -9.66229 LRS
MB059 34674358152593408 -9.88275 LRS
MB059 34673483556454400 -9.88434 LRS
MB059 34660747258630144 -9.66308 LRS
MB059 34660591041921024 -9.66149 LRS
MB059 34654634509340672 -9.88712 LRS
MB059 34653637242404864 -9.66268 LRS
MB059 34648788656201728 -9.66308 LRS
MB059 34641965349998592 -9.88355 LRS
MB059 34634448825753600 -9.88315 LRS
MB059 34633662586691585 -9.88196 LRS
MB059 34632912582217729 -9.87837 LRS
MB059 34623172397506560 -9.88395 LRS
MB059 34618895142748161 -9.88156 LRS
MB059 34610366562435072 -9.66506 LRS
MB059 34606993687838720 -9.88593 LRS
MB059 34588855738830850 -9.65871 LRS
MB059 34588618022457344 -9.88633 LRS
MB059 34585081800564736 -9.88236 LRS
MB059 34515256654958592 -9.66268 LRS
MB059 34497678142345216 -9.66268 LRS
MB059 34470382769545216 -9.88236 LRS
MB059 34456442127777793 -9.88315 LRS
MB059 34434188669095936 -9.66387 LRS
MB059 34426993718071296 -9.6603 LRS
MB059 34426938319704065 -9.6595 LRS
MB059 34426846862905344 -9.6595 LRS
MB059 34426256938237953 -9.66229 LRS
MB059 34415627959668736 -9.65871 LRS
MB059 34415011669483520 -9.54239 LRS
MB059 34407298189361152 -9.65831 LRS
MB059 34403358886473728 -9.65871 LRS
MB059 34403353005916160 -9.6595 LRS
MB059 34402308838268928 -9.65831 LRS
MB059 34400825463808000 -9.88395 LRS
MB059 34400039753220096 -9.66427 LRS
MB059 34387976712626176 -9.66387 LRS
MB059 34380803588755456 -9.65871 LRS
MB059 34379942221316097 -9.66109 LRS
MB059 34376944715825153 -9.6607 LRS
MB059 34376660581093376 -9.65871 LRS
MB059 34375457633738752 -9.3173 LRS
MB059 34374339537145856 -9.6603 LRS
MB059 34370934789898242 -9.88474 LRS
MB059 34369548702449665 -9.88076 LRS
MB059 34362483070210048 -9.6607 LRS
MB059 34358296072683520 -9.88395 LRS
MB059 34342996883279872 -9.88076 LRS
MB059 34339096704978944 -9.66308 LRS
MB059 34328659129012224 -9.66268 LRS
MB059 34317125661237248 -9.66427 LRS
MB059 34314960767033344 -9.88474 LRS
MB059 34313746251780096 -9.88275 LRS
MB059 34308351198240768 -9.6607 LRS
MB059 34299719802945536 -9.88395 LRS
MB059 34299392697573376 -9.87997 LRS
MB059 34298176265650176 -9.65711 LRS
MB059 34294826153279488 -9.66506 LRS
MB059 34287044855341056 -9.87877 LRS
MB059 34282885666050048 -9.54635 LRS
MB059 34270295485448192 -9.65751 LRS
MB059 34260252169863168 -9.88395 LRS
MB059 34240149156007936 -9.66149 LRS
MB059 34229114508419072 -9.66308 LRS
MB059 34222180271136768 -9.88315 LRS
MB059 34209879845507072 -9.65711 LRS
MB059 34151006837153793 -9.65911 LRS
MB059 34143591232315392 -9.66506 LRS
MB059 34117399250731008 -9.6599 LRS
MB059 34116691738755072 -9.65711 LRS
MB059 34109659375874048 -9.88593 LRS
MB059 34089871165366272 -9.88751 LRS
MB059 34078983943356416 -9.88593 LRS
MB059 34070890803236864 -9.88037 LRS
MB059 34065249246257152 -9.88156 LRS
MB059 34045945175875584 -9.87997 LRS
MB059 33969696587911168 -9.88275 LRS
MB059 33939485133639680 -9.65791 LRS
MB059 33934894958645248 -9.87837 LRS
MB059 33925230086852608 -9.88156 LRS
MB059 33918233836781568 -9.66546 LRS
MB059 33907804079276032 -9.88434 LRS
MB059 33902663028441088 -9.66189 LRS
MB059 33895424301473792 -9.88434 LRS
MB059 33892137078624256 -9.88553 LRS
MB059 33880413185249280 -9.65791 LRS
MB059 33860009938915328 -9.88037 LRS
MB059 33855725243604992 -9.88553 LRS
MB059 33851984666697728 -9.88196 LRS
MB059 33850151407714304 -9.65831 LRS
MB059 33845334853550080 -9.66268 LRS
MB059 33786461891334144 -9.88315 LRS
MB059 33780108099592192 -9.66387 LRS
MB059 33760485581004800 -9.88196 LRS
MB059 33750810122784768 -7.80957 LRS
MB059 33747428490354689 -9.88672 LRS
MB059 33743291426013184 -9.66149 LRS
MB059 33729941048664064 -9.87837 LRS
MB059 33724182801948672 -9.88712 LRS
MB059 33714470249304064 -9.88514 LRS
MB059 33696394195763200 -9.88434 LRS
MB059 33691150728568833 -9.88395 LRS
MB059 33687680306913280 -9.88553 LRS
MB059 33683248362033152 -9.89304 LRS
MB059 33672238469222400 -9.88553 LRS
MB059 33666849270927360 -9.88514 LRS
MB059 33665091962413056 -9.88593 LRS
MB059 33664216451784704 -9.88633 LRS
MB059 33663403356590080 -9.65831 LRS
MB059 33658665219137536 -9.54635 LRS
MB059 33656503378526208 -9.88434 LRS
MB059 33651557283135489 -9.88315 LRS
MB059 33649018173132800 -9.88236 LRS
MB059 33647014185009152 -9.88593 LRS
MB059 33646415028682752 -9.88474 LRS
MB059 33643480249139200 -9.88395 LRS
MB059 33542493614116864 -9.87797 LRS
MB059 33539284694859776 -9.66109 LRS
MB059 33535729975955456 -7.81234 LRS
MB059 33534709732474880 -9.54477 LRS
MB059 33476839032750080 -9.65871 LRS
MB059 33463878528536576 -9.88395 LRS
MB059 33460725900902401 -9.88712 LRS
MB059 33458297663135744 -9.88593 LRS
MB059 33423264126607360 -9.88355 LRS
MB059 33417662327427072 -9.6603 LRS
MB059 33414464988520449 -9.65911 LRS
MB059 33413578174234624 -9.54556 LRS
MB059 33396197251088384 -7.80558 LRS
MB059 33395798125322240 -9.88633 LRS
MB059 33390805162926080 -9.66348 LRS
MB059 33388666390847488 -9.66189 LRS
MB059 33384047828803584 -9.66109 LRS
MB059 33379999050366976 -9.6603 LRS
MB059 33379392612732928 -7.80718 LRS
MB059 33377567645896704 -9.88751 LRS
MB059 33377534213099522 -9.88355 LRS
MB059 33374548988526592 -9.88712 LRS
MB059 33369336806645760 -9.88076 LRS
MB059 33368686832132096 -9.54358 LRS
MB059 33356262930386944 -9.88037 LRS
MB059 33352082224324608 -9.88275 LRS
MB059 33351671555825664 -9.88514 LRS
MB059 33340190072242176 -9.88633 LRS
MB059 33339953865826304 -9.87877 LRS
MB059 33332156235255808 -9.88474 LRS
MB059 33322176329293825 -9.65671 LRS
MB059 33319725492604928 -9.54991 LRS
MB059 33319537222881280 -9.88275 LRS
MB059 33314030521159680 -9.88236 LRS
MB059 33312729213177858 -9.65911 LRS
MB059 33306105769627648 -9.66348 LRS
MB059 33296712730677248 -9.88395 LRS
MB059 33292981385568256 -7.81353 LRS
MB059 33287044524548096 -9.88751 LRS
MB059 33285886175088640 -9.87837 LRS
MB059 33284941370363904 -9.6607 LRS
MB059 33278923391377408 -9.88395 LRS
MB059 33272902207930368 -9.88672 LRS
MB059 33260304037056513 -9.88037 LRS
MB059 33252363389116416 -9.88672 LRS
MB059 33244581382463488 -9.88275 LRS
MB059 33244409772384256 -9.65831 LRS
MB059 33221910552645632 -9.88196 LRS
MB059 33217041183809536 -9.88514 LRS
MB059 33215459595649024 -9.54675 LRS
MB059 33212702486700032 -9.54833 LRS
MB059 33212609410891776 -9.88434 LRS
MB059 33198892031934464 -9.87997 LRS
MB059 33184091411058689 -9.66268 LRS
MB059 33181395174178816 -9.66467 LRS
MB059 33179550586241025 -9.88395 LRS
MB059 33163419423088640 -9.54199 LRS
MB059 33158185766359040 -9.34214 LRS
MB059 33158000092913664 -9.88037 LRS
MB059 33154350993907712 -9.65671 LRS
MB059 33141706945728512 -9.88712 LRS
MB059 33132225218224128 -9.66189 LRS
MB059 33131357794205696 -9.6595 LRS
MB059 33128992873652224 -9.88275 LRS
MB059 33125534225403904 -9.66229 LRS
MB059 33122110008201216 -9.88355 LRS
MB059 33120293228650496 -9.88315 LRS
MB059 33114297773068288 -9.66229 LRS
MB059 33104702644158464 -9.65911 LRS
MB059 33101818347134976 -9.32127 LRS
MB059 33092907812524032 -9.88593 LRS
MB059 33065018480136192 -9.88553 LRS
MB059 33032624591081474 -9.65791 LRS
MB059 33032524179443712 -9.87997 LRS
MB059 33025585575890944 -9.66308 LRS
MB059 33005148552826880 -9.87917 LRS
MB059 32993630142603264 -9.66308 LRS
MB059 32991321123717120 -9.88275 LRS
MB059 32985355871330304 -9.66546 LRS
MB059 32980179290685440 -9.88593 LRS
MB059 32978964997738496 -9.66109 LRS
MB059 32971624395309056 -9.54477 LRS
MB059 32966878762766336 -9.88037 LRS
MB059 32965345513836544 -9.65871 LRS
MB059 32957103261876224 -9.88474 LRS
MB059 32954053713465344 -9.88196 LRS
MB059 32952760815067136 -9.88593 LRS
MB059 32952572822167553 -9.88315 LRS
MB059 32946458621648897 -9.66149 LRS
MB059 32931395651244032 -9.88275 LRS
MB059 32929804554600448 -9.6603 LRS
MB059 32928471537684480 -9.88315 LRS
MB059 32919206836051969 -9.88196 LRS
MB059 32914086899482624 -9.6607 LRS
MB059 32913847018852352 -9.88791 LRS
MB059 32909857220722688 -9.66546 LRS
MB059 32902190737653760 -9.88593 LRS
MB059 32901578478325760 -9.66467 LRS
MB059 32900772739948545 -9.88633 LRS
MB059 32900719052849152 -9.66546 LRS
MB059 32900406602366976 -9.88236 LRS
MB059 32892637727948800 -9.88355 LRS
MB059 32892263629586432 -9.88672 LRS
MB059 32887292595015680 -9.88116 LRS
MB059 32885051863601152 -9.88434 LRS
MB059 32882155105296385 -9.88672 LRS
MB059 32881309651046400 -9.66506 LRS
MB059 32878034059001856 -9.88395 LRS
MB059 32875236080750592 -9.88395 LRS
MB059 32873647370670080 -9.88395 LRS
MB059 32872389830246400 -9.66348 LRS
MB059 32870061777616897 -9.88474 LRS
MB059 32865106417164288 -9.55109 LRS
MB059 32842781365899264 -9.88672 LRS
MB059 32841318120030208 -9.88395 LRS
MB059 32834405785403394 -9.66546 LRS
MB059 32829380870799360 -7.81393 LRS
MB059 32828194776154114 -7.80598 LRS
MB059 32827081662398464 -9.88116 LRS
MB059 32826062756909056 -9.66189 LRS
MB059 32808300818989056 -9.88474 LRS
MB059 32806795198074880 -9.88315 LRS
MB059 32806323527614464 -9.66348 LRS
MB059 32787995069251584 -9.65831 LRS
MB059 32786234619207680 -9.65911 LRS
MB059 32785862496358400 -9.66308 LRS
MB059 32781277060931584 -9.65831 LRS
MB059 32770354506104832 -9.54397 LRS
MB059 32766795173593088 -9.88672 LRS
MB059 32762632578531330 -9.88076 LRS
MB059 32760166982090752 -9.54556 LRS
MB059 32725449062752256 -7.80917 LRS
MB059 32708622991495168 -9.88196 LRS
MB059 32706905696636928 -9.88514 LRS
MB059 32705668716691456 -9.88315 LRS
MB059 32699947002372096 -9.88315 LRS
MB059 32695034235064320 -9.88593 LRS
MB059 32657824760725504 -9.88236 LRS
MB059 32657721379520513 -7.81036 LRS
MB059 32637607657603073 -9.88395 LRS
MB059 32631959876280320 -9.88593 LRS
MB059 32630437910155265 -9.66427 LRS
MB059 32625602909446144 -9.88474 LRS
MB059 32612061586395136 -9.88196 LRS
MB059 32601782987259904 -9.88196 LRS
MB059 32593961495306240 -9.66467 LRS
MB059 32591779211517954 -9.88514 LRS
MB059 32565951215968256 -9.66387 LRS
MB059 32565119917498368 -9.88355 LRS
MB059 32560893875195904 -9.88275 LRS
MB059 32558925475741696 -9.6603 LRS
MB059 32551390156955648 -9.87997 LRS
MB059 32550567893012481 -9.88236 LRS
MB059 32544265426964480 -9.88395 LRS
MB059 32539309340893185 -9.65711 LRS
MB059 32535597801283585 -9.88593 LRS
MB059 32526804937871360 -9.88751 LRS
MB059 32522475807965185 -9.66109 LRS
MB059 32518643564679168 -9.88355 LRS
MB059 32515072433590275 -9.3161 LRS
MB059 32507665204641793 -9.88593 LRS
MB059 32494458704498688 -9.66387 LRS
MB059 32491121154199552 -9.88355 LRS
MB059 32490180229210112 -9.65711 LRS
MB059 32489227367223296 -9.88553 LRS
MB059 32489012920844288 -9.65911 LRS
MB059 32488411000479744 -9.6603 LRS
MB059 32488035530579968 -9.65911 LRS
MB059 32486617704833024 -9.88474 LRS
MB059 32478469480783872 -9.88514 LRS
MB059 32471890605899776 -9.88633 LRS
MB059 32450618010370048 -9.66467 LRS
MB059 32437833075527680 -9.88434 LRS
MB059 32415339874615296 -9.88275 LRS
MB059 32387892709953537 -9.66308 LRS
MB059 32387255439986688 -9.88076 LRS
MB059 32384671622897664 -9.66467 LRS
MB059 32382352420249600 -9.88553 LRS
MB059 32355614881488896 -9.88355 LRS
MB059 32350833072939009 -9.88514 LRS
MB059 32348532115505152 -9.88355 LRS
MB059 32283033822306305 -7.81274 LRS
MB059 32274380876681217 -9.88672 LRS
MB059 32272543775723520 -9.65671 LRS
MB059 32258472317816832 -9.88672 LRS
MB059 32250243357609984 -7.81195 LRS
MB059 32246270844207104 -9.66109 LRS
MB059 32245418112843776 -9.88116 LRS
MB059 32236326392692736 -9.6595 LRS
MB059 32233892475834368 -9.6603 LRS
MB059 32228933621514240 -9.88236 LRS
MB059 32228604041494528 -9.88434 LRS
MB059 32226303998427138 -9.88553 LRS
MB059 32225020503658497 -9.88395 LRS
MB059 32220813738377216 -9.6603 LRS
MB059 32213854410768384 -9.88315 LRS
MB059 32204939019161600 -9.88037 LRS
MB059 32204304022511616 -9.88553 LRS
MB059 32199960954937346 -9.66506 LRS
MB059 32197200113049600 -9.88474 LRS
MB059 32188431253635072 -9.65911 LRS
MB059 32178641840377856 -9.88553 LRS
MB059 32175870340759554 -7.81076 LRS
MB059 32171247815106560 -9.66189 LRS
MB059 32170606707347456 -9.31849 LRS
MB059 32170300477018113 -9.88116 LRS
MB059 32163344706174976 -9.66268 LRS
MB059 32137820613115904 -9.66308 LRS
MB059 32134733089476608 -9.65911 LRS
MB059 32115436258598912 -9.87757 LRS
MB059 32096043113914368 -9.32246 LRS
MB059 32094618271092737 -9.66585 LRS
MB059 32083484734398465 -9.66308 LRS
MB059 32062709214220290 -9.66268 LRS
MB059 32041251209486336 -9.65831 LRS
MB059 32030649627971584 -9.65791 LRS
MB059 32015031902142466 -9.66189 LRS
MB059 32005537860161536 -9.88474 LRS
MB059 32004379187875840 -9.88633 LRS
MB059 31990690615398400 -9.32246 LRS
MB059 31962058060730368 -9.88116 LRS
MB059 31961202645016576 -9.54556 LRS
MB059 31931240982519808 -9.54358 LRS
MB059 31915687966412800 -9.88712 LRS
MB059 31912374873100288 -9.54635 LRS
MB059 31909126548226048 -9.88395 LRS
MB059 31901742933217280 -9.65831 LRS
MB059 31899207166066688 -9.88076 LRS
MB059 31885658301661184 -9.6607 LRS
MB059 31865976232353793 -9.65791 LRS
MB059 31849809195302912 -9.66348 LRS
MB059 31848748686508032 -9.88593 LRS
MB059 31846953511817216 -9.66506 LRS
MB059 31843489058660352 -9.88434 LRS
MB059 31841747126456320 -9.65671 LRS
MB059 31839586221039616 -9.5404 LRS
MB059 31832487504121856 -9.66109 LRS
MB059 31831419848228864 -9.6607 LRS
MB059 31828141269848064 -9.88593 LRS
MB059 31826736459026432 -9.88593 LRS
MB059 31824774942433280 -9.88633 LRS
MB059 31824284011724800 -9.65631 LRS
MB059 31821984258072576 -9.65871 LRS
MB059 31811453631598592 -9.88553 LRS
MB059 31796395010691072 -9.88236 LRS
MB059 31790674265251842 -9.88434 LRS
MB059 31783210920706048 -9.54556 LRS
MB059 31779220946419712 -9.88315 LRS
MB059 31774687046402048 -9.3173 LRS
MB059 31773553372172289 -9.88434 LRS
MB059 31758162952454145 -9.31849 LRS
MB059 31731273936408576 -9.88514 LRS
MB059 31700095208529920 -9.88434 LRS
MB059 31686542195949568 -9.66189 LRS
MB059 31684254945517569 -9.88156 LRS
MB059 31679783616118784 -9.88593 LRS
MB059 31666862852939776 -9.88315 LRS
MB059 31657234148626432 -9.66149 LRS
MB059 31641026695270400 -9.66427 LRS
MB059 31605494720237568 -9.88196 LRS
MB059 31585259304783873 -9.6595 LRS
MB059 31573049794895873 -9.65831 LRS
MB059 31570339779584000 -9.87997 LRS
MB059 31569527422586881 -9.54754 LRS
MB059 31564839105069056 -9.6603 LRS
MB059 31559221749219328 -9.66189 LRS
MB059 31527487120871424 -9.88434 LRS
MB059 31522086929301504 -9.87957 LRS
MB059 31519730363797504 -9.88791 LRS
MB059 31516723777634304 -7.81195 LRS
MB059 31511700805001216 -9.88514 LRS
MB059 31459000457367552 -9.66308 LRS
MB059 31444132207534081 -9.88395 LRS
MB059 31426921795420161 -9.66546 LRS
MB059 31401758357987328 -9.66546 LRS
MB059 31390232750325760 -9.88196 LRS
MB059 31382804394676224 -9.88156 LRS
MB059 31365799562190848 -9.65911 LRS
MB059 31360480899497985 -9.66149 LRS
MB059 31349658164924416 -9.88275 LRS
MB059 31304620491935744 -9.87957 LRS
MB059 31282925399969792 -9.88315 LRS
MB059 31279445813764097 -9.32127 LRS
MB059 31272799108599808 -9.88355 LRS
MB059 31249407588438016 -9.88196 LRS
MB059 31235473808560128 -9.6595 LRS
MB059 31223004893552640 -9.6607 LRS
MB059 31221921399963648 -9.66348 LRS
MB059 31214046359326720 -9.66348 LRS
MB059 31191316205412352 -9.65831 LRS
MB059 31190902672195584 -9.88076 LRS
MB059 31185169570336768 -9.8883 LRS
MB059 31181048117198849 -9.6595 LRS
MB059 31159825379368960 -9.6603 LRS
MB059 31155346219204609 -9.66585 LRS
MB059 31151127831511041 -9.6599 LRS
MB059 31149847805431808 -9.88355 LRS
MB059 31141343698878464 -9.88196 LRS
MB059 31128689819254785 -9.65631 LRS
MB059 31118300159148033 -9.87917 LRS
MB059 31115844079587328 -9.88355 LRS
MB059 31109443630399488 -9.88355 LRS
MB059 31107853544595456 -9.88553 LRS
MB059 31106682654294016 -9.66268 LRS
MB059 31106607718858753 -9.6599 LRS
MB059 31106568816693248 -9.88236 LRS
MB059 31103752198946816 -9.88395 LRS
MB059 31101576634437632 -9.88593 LRS
MB059 31091731051057152 -9.66308 LRS
MB059 31091058687344640 -9.88712 LRS
MB059 31088441139666944 -9.88791 LRS
MB059 31078332825079808 -9.88434 LRS
MB059 31077430508654592 -9.88553 LRS
MB059 31076773718401025 -9.88633 LRS
MB059 31066976927358976 -9.88434 LRS
MB059 31066806701522944 -9.88434 LRS
MB059 31057967595917312 -9.55699 LRS
MB059 31056609920688128 -9.88156 LRS
MB059 31054458561503232 -9.65871 LRS
MB059 31045555408871424 -7.80917 LRS
MB059 31042339094921217 -9.66348 LRS
MB059 31033527726243840 -9.88474 LRS
MB059 31030494665637892 -9.54437 LRS
MB059 31019262864789504 -9.65791 LRS
MB059 31006108768272384 -9.88434 LRS
MB059 30994112115122177 -9.88553 LRS
MB059 30989766287687681 -9.6599 LRS
MB059 30981643950891008 -9.54556 LRS
MB059 30965231664500737 -9.88037 LRS
MB059 30963866045259776 -9.6603 LRS
MB059 30929456554049537 -9.88037 LRS
MB059 30897264503296000 -9.88355 LRS
MB059 30884120213065728 -9.88434 LRS
MB059 30842098827665409 -9.88395 LRS
MB059 30825778467835904 -9.88116 LRS
MB059 30817671889035264 -9.88315 LRS
MB059 30815440133427200 -9.65591 LRS
MB059 30810767565520896 -9.88672 LRS
MB059 30806679683604480 -9.54794 LRS
MB059 30805221714165761 -9.6603 LRS
MB059 30799335801225217 -9.88434 LRS
MB059 30787806049607680 -9.88116 LRS
MB059 30784370889461760 -9.88553 LRS
MB059 30782783748055040 -9.88196 LRS
MB059 30778164955324417 -9.88672 LRS
MB059 30769164406751233 -9.87837 LRS
MB059 30768436158144512 -9.8883 LRS
MB059 30758483011833856 -9.88434 LRS
MB059 30753185589108736 -9.88395 LRS
MB059 30752286187724800 -9.88315 LRS
MB059 30750675621117952 -9.87917 LRS
MB059 30749119622418432 -9.88553 LRS
MB059 30741625474916352 -9.6607 LRS
MB059 30725561257041921 -9.88474 LRS
MB059 30714344794759169 -9.88593 LRS
MB059 30708642789466112 -9.88315 LRS
MB059 30690905920905217 -9.88593 LRS
MB059 30687510287876096 -9.88236 LRS
MB059 30675834050183168 -9.65911 LRS
MB059 30670377176801280 -9.88395 LRS
MB059 30667620172697600 -9.88593 LRS
MB059 30665019477729280 -9.8891 LRS
MB059 30661669214490625 -9.88037 LRS
MB059 30650578166087680 -9.88395 LRS
MB059 30633185905737729 -9.88633 LRS
MB059 30624749595926528 -9.88514 LRS
MB059 30605404719284224 -9.54635 LRS
MB059 30589920296833024 -9.65751 LRS
MB059 30578566655647746 -9.88315 LRS
MB059 30556605216980992 -9.88315 LRS
MB059 30530259044532225 -9.88315 LRS
MB059 30521804636295168 -9.88593 LRS
MB059 30493589310021632 -9.65591 LRS
MB059 30487863682404352 -9.66625 LRS
MB059 30485943693611008 -9.65751 LRS
MB059 30477102809616385 -9.88712 LRS
MB059 30470661310775296 -7.80638 LRS
MB059 30448524214669312 -9.88395 LRS
MB059 30446947416416257 -9.65831 LRS
MB059 30433560976429056 -9.89028 LRS
MB059 30432049806450689 -7.80917 LRS
MB059 30429493160058881 -9.6603 LRS
MB059 30424404118736896 -9.66109 LRS
MB059 30424319129554944 -9.87997 LRS
MB059 30421252501938176 -9.88633 LRS
MB059 30416541962997760 -9.65871 LRS
MB059 30405491599347713 -9.66427 LRS
MB059 30389148175048705 -9.88315 LRS
MB059 30388773497864192 -9.88236 LRS
MB059 30387008278888448 -9.88037 LRS
MB059 30386588085129216 -9.88196 LRS
MB059 30369047069597696 -9.54358 LRS
MB059 30366494395203584 -9.66308 LRS
MB059 30364398744768512 -9.66149 LRS
MB059 30331697530667009 -9.88236 LRS
MB059 30314616563179520 -9.88196 LRS
MB059 30306141762224128 -9.6607 LRS
MB059 30302685051756545 -9.87837 LRS
MB059 30301417939935232 -9.88553 LRS
MB059 30289169800495104 -9.87997 LRS
MB059 30283313344155648 -9.6595 LRS
MB059 30272614651920384 -9.65871 LRS
MB059 30255854020206593 -9.65831 LRS
MB059 30252988438159360 -9.3165 LRS
MB059 30192843519696896 -9.54278 LRS
MB059 30171561260490752 -9.88395 LRS
MB059 30161623813464064 -9.88712 LRS
MB059 30152735043092481 -9.65791 LRS
MB059 30149441402966016 -9.88553 LRS
MB059 30118102763053056 -9.88712 LRS
MB059 30111895264436224 -9.88751 LRS
MB059 30110416549978112 -7.80837 LRS
MB059 30108065734860800 -9.87877 LRS
MB059 30104876872630272 -9.88037 LRS
MB059 30103146596409344 -9.88037 LRS
MB059 30098027347705856 -9.65871 LRS
MB059 30090321354293249 -9.31929 LRS
MB059 30084468098207744 -9.6607 LRS
MB059 30081364204199936 -9.88196 LRS
MB059 30078366145056769 -9.88037 LRS
MB059 30073654742097921 -9.66546 LRS
MB059 30066442191769600 -9.88395 LRS
MB059 30062711031201792 -9.88514 LRS
MB059 30062538221686784 -9.54278 LRS
MB059 30056125239918592 -9.66387 LRS
MB059 30054429998718976 -9.65711 LRS
MB059 30040004679958528 -9.88236 LRS
MB059 30037683845734400 -9.88514 LRS
MB059 30030375744962561 -9.88514 LRS
MB059 30026360021852160 -9.66427 LRS
MB059 30024078546968576 -9.88553 LRS
MB059 30023371542499328 -9.88553 LRS
MB059 30022847590043648 -9.88037 LRS
MB059 30020960484597760 -9.88514 LRS
MB059 29993791645552640 -9.66546 LRS
MB059 29990086128959488 -9.88514 LRS
MB059 29987050488856576 -9.66387 LRS
MB059 29984961725464576 -9.6599 LRS
MB059 29984372320894977 -9.66585 LRS
MB059 29984246516948992 -9.66109 LRS
MB059 29982492693893120 -9.66149 LRS
MB059 29980933838864384 -9.65871 LRS
MB059 29978933667561472 -9.88434 LRS
MB059 29975833141579776 -9.88553 LRS
MB059 29975328554221568 -9.88196 LRS
MB059 29974385737601025 -9.66427 LRS
MB059 29972181953810432 -9.66427 LRS
MB059 29966101832007680 -9.66268 LRS
MB059 29948490213756928 -9.88355 LRS
MB059 29943129201188864 -9.88514 LRS
MB059 29936564540809217 -9.88275 LRS
MB059 29935509258113024 -9.87837 LRS
MB059 29928831800311809 -9.66625 LRS
MB059 29912916106944512 -9.66189 LRS
MB059 29912813224853505 -9.88395 LRS
MB059 29910533666770946 -9.88593 LRS
MB059 29900324697284609 -9.6607 LRS
MB059 29893457573056512 -9.88355 LRS
MB059 29889791659081728 -9.88236 LRS
MB059 29864602787385344 -9.88514 LRS
MB059 29862214080921600 -9.66149 LRS
MB059 29860405119549441 -9.6595 LRS
MB059 29846239159783424 -9.88474 LRS
MB059 29788480053710848 -9.88236 LRS
MB059 29782635219779584 -9.66387 LRS
MB059 29781587390373888 -9.87877 LRS
MB059 29769628544671744 -9.66109 LRS
MB059 29768342428459008 -9.66189 LRS
MB059 29764663541501953 -9.32127 LRS
MB059 29748362643251200 -9.88474 LRS
MB059 29747008562528256 -9.88553 LRS
MB059 29742511282978816 -9.11669 LRS
MB059 29717511767326720 -9.88553 LRS
MB059 29711807568420865 -9.88593 LRS
MB059 29706916666023936 -9.88236 LRS
MB059 29706562507378688 -9.88275 LRS
MB059 29699466021830656 -9.88434 LRS
MB059 29698532420100096 -9.66348 LRS
MB059 29683779052240896 -9.88474 LRS
MB059 29681532503330816 -9.66506 LRS
MB059 29680508430450688 -9.88275 LRS
MB059 29680084075941888 -9.88236 LRS
MB059 29672348193918976 -9.88196 LRS
MB059 29657064930279424 -9.88633 LRS
MB059 29651005452853250 -9.65751 LRS
MB059 29642535605379072 -9.88355 LRS
MB059 29640051671441409 -9.65871 LRS
MB059 29632168334458881 -9.3161 LRS
MB059 29626333378117632 -9.65591 LRS
MB059 29621193753493504 -9.88196 LRS
MB059 29610815283793920 -9.88633 LRS
MB059 29609447391236096 -9.88672 LRS
MB059 29607942009389056 -9.88633 LRS
MB059 29605845704646656 -9.66546 LRS
MB059 29594820032864256 -9.66308 LRS
MB059 29570240769695744 -9.88751 LRS
MB059 29569979753959426 -9.88434 LRS
MB059 29569693438189568 -9.65911 LRS
MB059 29556185300471808 -9.88474 LRS
MB059 29554887519903744 -9.32285 LRS
MB059 29553714586980353 -9.88355 LRS
MB059 29545359554379777 -9.65911 LRS
MB059 29544673739538432 -9.88712 LRS
MB059 29537123535163392 -9.87837 LRS
MB059 29491752289173504 -9.66427 LRS
MB059 29491546768277504 -9.88116 LRS
MB059 29458616389992448 -9.88395 LRS
MB059 29416532547215361 -9.88474 LRS
MB059 29416333498130432 -9.88593 LRS
MB059 29415636354465792 -9.88076 LRS
MB059 29413495619452928 -9.66467 LRS
MB059 29388644347285504 -9.88236 LRS
MB059 29386537707765760 -9.88672 LRS
MB059 29381375719112704 -9.66229 LRS
MB059 29353444213002242 -9.6595 LRS
MB059 29334752867647488 -9.88712 LRS
MB059 29333125158928384 -9.66268 LRS
MB059 29328299020787712 -9.66427 LRS
MB059 29324131359002624 -9.3169 LRS
MB059 29324093425717248 -9.31571 LRS
MB059 29294490275549184 -9.88553 LRS
MB059 29284102712590337 -9.65871 LRS
MB059 29283313973723136 -9.88553 LRS
MB059 29279690464165888 -9.88633 LRS
MB059 29278951201308672 -9.6599 LRS
MB059 29277744500056064 -9.87917 LRS
MB059 29269625392861184 -9.88196 LRS
MB059 29266211703361536 -9.88275 LRS
MB059 29249768240717825 -9.66149 LRS
MB059 29247047706091521 -9.54397 LRS
MB059 29241913722802177 -7.80638 LRS
MB059 29241634667364352 -9.88553 LRS
MB059 29233680778006529 -9.88553 LRS
MB059 29227676086575104 -9.66387 LRS
MB059 29216884180127746 -9.88514 LRS
MB059 29215075004846080 -9.65911 LRS
MB059 29200073061572608 -9.88315 LRS
MB059 29198726421549057 -9.88672 LRS
MB059 29191708126216193 -9.66229 LRS
MB059 29105785418027008 -9.31849 LRS
MB059 29105096717508608 -9.6603 LRS
MB059 29098249658826752 -9.88236 LRS
MB059 29077572922900480 -9.66467 LRS
MB059 29073064557809664 -9.66546 LRS
MB059 29071619657834496 -9.88434 LRS
MB059 29068906245128192 -9.6607 LRS
MB059 29066764398632960 -9.88156 LRS
MB059 29059156216385536 -9.88196 LRS
MB059 29045062629335040 -9.3169 LRS
MB059 29029950463942657 -9.88514 LRS
MB059 29020656456699904 -7.80957 LRS
MB059 29018083217645568 -9.65911 LRS
MB059 29017260576219136 -9.3165 LRS
MB059 29013425791176704 -9.87837 LRS
MB059 29003080678768640 -9.6595 LRS
MB059 29000931018285056 -9.66625 LRS
MB059 28998748319260672 -9.31531 LRS
MB059 28982057333948417 -9.54437 LRS
MB059 28976511000248320 -9.88593 LRS
MB059 28967419716304896 -7.80758 LRS
MB059 28966355436834816 -9.88633 LRS
