MB072 32187009527193600 -9.50506 LRS
MB072 32183686296244224 -9.92771 LRS
MB072 32176157306650624 -9.92891 LRS
MB072 32173848937897984 -9.93367 LRS
MB072 32170513262444545 -9.93288 LRS
MB072 32169271199010816 -9.9305 LRS
MB072 32166028582588416 -9.9297 LRS
MB072 32159711998513152 -9.50784 LRS
MB072 32151946735386625 -9.50107 LRS
MB072 32147942655655937 -9.50227 LRS
MB072 32141441656430592 -9.93842 LRS
MB072 32136727107739648 -9.9305 LRS
MB072 32132201755705345 -9.93209 LRS
MB072 32128840499200000 -9.93367 LRS
MB072 32117643024535552 -9.93367 LRS
MB072 32098595008159748 -9.93328 LRS
MB072 32082219241574400 -9.9309 LRS
MB072 32057803577229313 -9.93486 LRS
MB072 32037286308745216 -9.50704 LRS
MB072 32029355165097985 -9.92771 LRS
MB072 32024820250050560 -9.92652 LRS
MB072 31983510407356416 -9.50307 LRS
MB072 31980579805200384 -9.93169 LRS
MB072 31970771173646336 -9.92931 LRS
MB072 31966899776528385 -9.50823 LRS
MB072 31965133550919680 -9.50942 LRS
MB072 31964528040218624 -9.93486 LRS
MB072 31953306892898304 -9.50466 LRS
MB072 31950357806456832 -9.93249 LRS
MB072 31949306760003584 -9.92931 LRS
MB072 31944362699001856 -9.50107 LRS
MB072 31939467736518656 -9.93367 LRS
MB072 31930602097741824 -9.50267 LRS
MB072 31925844725202945 -9.50426 LRS
MB072 31920266791624704 -9.93605 LRS
MB072 31917934196563968 -9.93209 LRS
MB072 31914966193799168 -9.50347 LRS
MB072 31914056130498560 -9.50147 LRS
MB072 31912472742985728 -9.49988 LRS
MB072 31911944407490560 -9.50267 LRS
MB072 31911380839829505 -9.50187 LRS
MB072 31911108986019840 -9.50028 LRS
MB072 31910297069424640 -9.50585 LRS
MB072 31909554505646080 -9.50466 LRS
MB072 31900524118802432 -9.50426 LRS
MB072 31881741127917568 -9.92692 LRS
MB072 31879820992323585 -9.50506 LRS
MB072 31878940939259905 -9.93565 LRS
MB072 31877995631222784 -9.50426 LRS
MB072 31871981989142529 -9.9305 LRS
MB072 31870523365396480 -9.59395 LRS
MB072 31869825449992193 -9.93328 LRS
MB072 31864962649432067 -9.50585 LRS
MB072 31862899848777729 -9.59117 LRS
MB072 31861796323201025 -9.93249 LRS
MB072 31860035025899520 -9.92891 LRS
MB072 31850630628769792 -9.93367 LRS
MB072 31830929169186817 -9.50981 LRS
MB072 31830053079744512 -9.92811 LRS
MB072 31820406931329024 -9.92771 LRS
MB072 31815280065777664 -9.93328 LRS
MB072 31811707051589632 -9.93328 LRS
MB072 31811492697350144 -9.93129 LRS
MB072 31801245534523393 -9.50744 LRS
MB072 31792998517837824 -9.50625 LRS
MB072 31775094531424256 -9.92811 LRS
MB072 31769932010098689 -9.93209 LRS
MB072 31767251774345216 -9.93249 LRS
MB072 31749683785240576 -9.9305 LRS
MB072 31747404764028928 -9.50426 LRS
MB072 31744990254206976 -9.9305 LRS
MB072 31744573600440320 -9.92931 LRS
MB072 31743342748377088 -9.50347 LRS
MB072 31726151088996353 -9.93209 LRS
MB072 31716466621423616 -9.93565 LRS
MB072 31700738669289472 -9.9309 LRS
MB072 31696061433126912 -9.93526 LRS
MB072 31664892566044673 -9.93129 LRS
MB072 31624073012314112 -9.93288 LRS
MB072 31614488960569344 -9.50704 LRS
MB072 31603792143192064 -9.9301 LRS
MB072 31599574548217856 -9.93249 LRS
MB072 31589577001017345 -9.93209 LRS
MB072 31587078491865088 -9.93288 LRS
MB072 31585536544083968 -9.93209 LRS
MB072 31574913701650432 -9.93169 LRS
MB072 31564675988590592 -9.92931 LRS
MB072 31561897249607680 -9.92891 LRS
MB072 31549597696393216 -9.50506 LRS
MB072 31548821070684160 -9.50744 LRS
MB072 31543324775030784 -9.50665 LRS
MB072 31538714622558208 -9.93169 LRS
MB072 31538217484288000 -9.50545 LRS
MB072 31525428883623936 -9.92811 LRS
MB072 31521089871941632 -9.92931 LRS
MB072 31465254718283776 -9.92771 LRS
MB072 31455085548539905 -9.93209 LRS
MB072 31452468525146114 -9.92851 LRS
MB072 31445503677833216 -9.93169 LRS
MB072 31444930089984000 -9.9305 LRS
MB072 31440137816645632 -9.93129 LRS
MB072 31436255484977153 -9.93367 LRS
MB072 31425153292304384 -9.9309 LRS
MB072 31422810811277312 -9.92771 LRS
MB072 31418765769969665 -9.59514 LRS
MB072 31417059975888899 -9.93249 LRS
MB072 31416130564263936 -9.92732 LRS
MB072 31404244980469760 -9.93367 LRS
MB072 31399266329038849 -9.93129 LRS
MB072 31396570708574208 -9.92652 LRS
MB072 31396502278512640 -9.9305 LRS
MB072 31389492329848832 -9.93288 LRS
MB072 31370822060871680 -9.93328 LRS
MB072 31361209915670528 -9.93209 LRS
MB072 31350254011940864 -9.93249 LRS
MB072 31341393234366464 -9.9297 LRS
MB072 31329217366986752 -9.93605 LRS
MB072 31303292260720640 -9.39406 LRS
MB072 31296422410190848 -9.93367 LRS
MB072 31271249032257537 -9.50107 LRS
MB072 31270561283833857 -9.92931 LRS
MB072 31263727667908608 -9.50506 LRS
MB072 31256410318708736 -9.50307 LRS
MB072 31242684131713024 -9.93129 LRS
MB072 31234726291316736 -9.92572 LRS
MB072 31205113750097920 -9.92771 LRS
MB072 31202318607192064 -9.93447 LRS
MB072 31197584395603968 -9.92732 LRS
MB072 31182195607470080 -9.50665 LRS
MB072 31176079624376320 -9.93249 LRS
MB072 31175476600897536 -9.93367 LRS
MB072 31173242207080448 -9.93288 LRS
MB072 31162339302576128 -9.50426 LRS
MB072 31162307216154624 -9.93486 LRS
MB072 31158585505357824 -9.93169 LRS
MB072 31152929515769857 -9.93367 LRS
MB072 31143528377614338 -9.93288 LRS
MB072 31142309173141504 -9.93169 LRS
MB072 31140291025051648 -9.93249 LRS
MB072 31135483488636928 -9.93288 LRS
MB072 31123300927152128 -9.93209 LRS
MB072 31119688805126144 -9.92851 LRS
MB072 31117687467802624 -9.50744 LRS
MB072 31117383573700608 -9.9309 LRS
MB072 31113608553299969 -9.93328 LRS
MB072 31112217998925825 -9.92931 LRS
MB072 31108840342687745 -9.93209 LRS
MB072 31098818900533248 -9.93288 LRS
MB072 31098565577154561 -9.93169 LRS
MB072 31096427920760832 -9.92811 LRS
MB072 31093301163589632 -9.92652 LRS
MB072 31090278819430400 -9.92891 LRS
MB072 31076482839224321 -9.93249 LRS
MB072 31067716840325120 -9.93447 LRS
MB072 31067031470084097 -9.93249 LRS
MB072 31066950842982401 -9.92811 LRS
MB072 31066301929623552 -9.92732 LRS
MB072 31059204064149504 -9.93288 LRS
MB072 31051914279911424 -9.93288 LRS
MB072 31048385632927744 -9.50704 LRS
MB072 31040685947748353 -9.9305 LRS
MB072 31040436059508737 -9.93169 LRS
MB072 31039143832190976 -9.59553 LRS
MB072 31037534121238529 -9.93129 LRS
MB072 31032748357455873 -9.9305 LRS
MB072 31032034243649536 -9.93447 LRS
MB072 31027648314474496 -9.93367 LRS
MB072 31021918584832000 -9.50942 LRS
MB072 31018836186628097 -9.93684 LRS
MB072 31012941096558592 -9.93367 LRS
MB072 31012403894288385 -9.50704 LRS
MB072 31010049262358528 -9.93249 LRS
MB072 31008319246172160 -9.50267 LRS
MB072 31003331988033536 -9.50426 LRS
MB072 30971862104150016 -9.9297 LRS
MB072 30971524399759361 -9.92891 LRS
MB072 30938360000282625 -9.93209 LRS
MB072 30925775205048320 -9.93249 LRS
MB072 30924583309680641 -9.92811 LRS
MB072 30922676923015168 -9.93169 LRS
MB072 30903479056728064 -9.93367 LRS
MB072 30888602724470785 -9.93249 LRS
MB072 30877411881000961 -9.93169 LRS
MB072 30872212474953728 -9.93169 LRS
MB072 30841359178928128 -9.92891 LRS
MB072 30841105708744704 -9.50823 LRS
MB072 30837461697429505 -9.50545 LRS
MB072 30825979786043392 -9.50426 LRS
MB072 30823766661537792 -9.50545 LRS
MB072 30823312523268096 -9.50466 LRS
MB072 30818606325440512 -9.50863 LRS
MB072 30812676904976387 -9.50068 LRS
MB072 30810435741556736 -9.50744 LRS
MB072 30798571187998720 -9.93684 LRS
MB072 30784240446611456 -9.93447 LRS
MB072 30779415134736384 -9.93129 LRS
MB072 30776361224245249 -9.92851 LRS
MB072 30770611269664769 -9.9309 LRS
MB072 30768757521514496 -9.50506 LRS
MB072 30767402052489217 -9.93328 LRS
MB072 30763900748177408 -9.93169 LRS
MB072 30750461279600640 -9.93486 LRS
MB072 30748362785427457 -9.92891 LRS
MB072 30743983416152064 -9.9309 LRS
MB072 30743461984473088 -9.93367 LRS
MB072 30740448519651328 -9.93328 LRS
MB072 30740011624177664 -9.93169 LRS
MB072 30735725041295360 -9.93328 LRS
MB072 30734273078104064 -9.93209 LRS
MB072 30729060409679872 -9.93328 LRS
MB072 30724228584050688 -9.92811 LRS
MB072 30718555674648576 -9.93249 LRS
MB072 30714125839499264 -9.92532 LRS
MB072 30708638066679808 -9.9309 LRS
MB072 30703058803499009 -9.93407 LRS
MB072 30702971121565697 -9.92891 LRS
MB072 30701873052778496 -9.50863 LRS
MB072 30700147071520768 -9.93447 LRS
MB072 30686521824645121 -9.50107 LRS
MB072 30666352754692097 -9.92851 LRS
MB072 30660817464598528 -9.93169 LRS
MB072 30657425992327168 -9.93249 LRS
MB072 30654587429986304 -9.93249 LRS
MB072 30651509347717120 -9.9297 LRS
MB072 30647300556591105 -9.93328 LRS
MB072 30621751163486208 -9.9297 LRS
MB072 30618900714491905 -9.93169 LRS
MB072 30610394124910592 -9.50147 LRS
MB072 30582084351295490 -9.93249 LRS
MB072 30558822862954496 -9.92771 LRS
MB072 30557542790729728 -9.93288 LRS
MB072 30545314721042433 -9.50307 LRS
MB072 30539468427493376 -9.92891 LRS
MB072 30527490933915648 -9.93486 LRS
MB072 30522212154871808 -9.92891 LRS
MB072 30519926049480705 -9.92572 LRS
MB072 30513112490713088 -9.92652 LRS
MB072 30487832757800960 -9.9301 LRS
MB072 30476151075901440 -9.50585 LRS
MB072 30474639293554688 -9.92931 LRS
MB072 30471853801738240 -9.50665 LRS
MB072 30470533271257088 -9.93407 LRS
MB072 30463920862924801 -9.59196 LRS
MB072 30449738574725120 -9.93129 LRS
MB072 30447879961186304 -9.50307 LRS
MB072 30436646243536896 -9.92692 LRS
MB072 30435295434383360 -9.9301 LRS
MB072 30425143712944129 -9.93447 LRS
MB072 30424772374433792 -9.9305 LRS
MB072 30418412970704896 -9.50665 LRS
MB072 30409100781158400 -9.50147 LRS
MB072 30399049706250240 -9.92732 LRS
MB072 30397964958572545 -9.93169 LRS
MB072 30396115668963328 -9.93644 LRS
MB072 30395135405588480 -9.9305 LRS
MB072 30390556999819265 -9.93367 LRS
MB072 30389037470588928 -9.92891 LRS
MB072 30385347288367104 -9.92652 LRS
MB072 30379552593149952 -9.50744 LRS
MB072 30377118097477632 -9.9305 LRS
MB072 30376078199492608 -9.50823 LRS
MB072 30371438619787265 -9.93169 LRS
MB072 30369940498284544 -9.93288 LRS
MB072 30369284483977217 -9.9309 LRS
MB072 30353207150510080 -9.93129 LRS
MB072 30344687856394240 -9.92612 LRS
MB072 30333446249259008 -9.93129 LRS
MB072 30331530953891840 -9.93129 LRS
MB072 30330807407083520 -9.93447 LRS
MB072 30326462317862913 -9.93447 LRS
MB072 30321124550115329 -9.50784 LRS
MB072 30320569647890433 -9.93249 LRS
MB072 30317968214728704 -9.93288 LRS
MB072 30314987108962304 -9.92732 LRS
MB072 30308757778997249 -9.9309 LRS
MB072 30306965607415808 -9.50267 LRS
MB072 30297765334491136 -9.9309 LRS
MB072 30277872841134080 -9.93367 LRS
MB072 30268362848215040 -9.93288 LRS
MB072 30256025357524992 -9.93209 LRS
MB072 30252163489865728 -9.93486 LRS
MB072 30246843615027200 -9.50545 LRS
MB072 30232900741890048 -9.92891 LRS
MB072 30232554338521088 -9.93209 LRS
MB072 30231549039349760 -9.93447 LRS
MB072 30220894810935296 -9.50426 LRS
MB072 30207139666468865 -9.92931 LRS
MB072 30200621302816769 -9.93129 LRS
MB072 30155168100126720 -9.92931 LRS
MB072 30151881397374976 -9.9301 LRS
MB072 30142791765983232 -9.93328 LRS
MB072 30141217584975872 -9.93328 LRS
MB072 30133971576688640 -9.93288 LRS
MB072 30133148826210304 -9.93169 LRS
MB072 30113032696758272 -9.9301 LRS
MB072 30106080692408320 -9.93288 LRS
MB072 30105192015863809 -9.93249 LRS
MB072 30100706291621888 -9.92652 LRS
MB072 30100164559503362 -9.93486 LRS
MB072 30100017838555136 -9.93328 LRS
MB072 30094373140037632 -9.92931 LRS
MB072 30092241879957504 -9.93288 LRS
MB072 30090400978964480 -9.50665 LRS
MB072 30081213997780994 -9.9309 LRS
MB072 30078649554182144 -9.93249 LRS
MB072 30069922885271552 -9.93288 LRS
MB072 30062776089059328 -9.92811 LRS
MB072 30061590988460032 -9.9297 LRS
MB072 30055004123435008 -9.93407 LRS
MB072 30054435216433152 -9.93209 LRS
MB072 30042099944521728 -9.50227 LRS
MB072 30036051900764160 -9.50704 LRS
MB072 30022814559895552 -9.92452 LRS
MB072 30022190015455233 -9.50902 LRS
MB072 30019620047953920 -9.93209 LRS
MB072 30017545582940161 -9.93328 LRS
MB072 30016715723112449 -9.93129 LRS
MB072 30009527923376129 -9.93486 LRS
MB072 29997788423004160 -9.50625 LRS
MB072 29996135380688896 -9.93249 LRS
MB072 29982699896709121 -9.93723 LRS
MB072 29981560304304129 -9.92771 LRS
MB072 29977423562940416 -9.50585 LRS
MB072 29971049634332672 -9.93249 LRS
MB072 29968005068759040 -9.50227 LRS
MB072 29958895514419200 -9.92931 LRS
MB072 29951527569334272 -9.93249 LRS
MB072 29946014802644992 -9.93169 LRS
MB072 29939536586866689 -9.50784 LRS
MB072 29929504977715200 -9.50823 LRS
MB072 29927903013638144 -9.9301 LRS
MB072 29926077681893376 -9.50744 LRS
MB072 29924672464224256 -9.93407 LRS
MB072 29923033804185600 -9.92891 LRS
MB072 29919511264104449 -9.93367 LRS
MB072 29912241591549952 -9.93129 LRS
MB072 29910629766668288 -9.93288 LRS
MB072 29908944281403392 -9.16524 LRS
MB072 29833689282121728 -9.92811 LRS
MB072 29829500577513472 -9.50307 LRS
MB072 29787441938309120 -9.9297 LRS
MB072 29773345864024064 -9.50187 LRS
MB072 29767703531098112 -9.93249 LRS
MB072 29755445115625472 -9.93249 LRS
MB072 29754041848303617 -9.93288 LRS
MB072 29753211376115712 -9.92851 LRS
MB072 29740477985062912 -9.50466 LRS
MB072 29731891842125824 -9.92811 LRS
MB072 29723582753939456 -9.50784 LRS
MB072 29714685624320001 -9.92931 LRS
MB072 29707713197907968 -9.93407 LRS
MB072 29700929787789312 -9.50506 LRS
MB072 29695961043304449 -9.9297 LRS
MB072 29689835308457984 -9.93407 LRS
MB072 29687101444333568 -9.50147 LRS
MB072 29679928022667264 -9.93249 LRS
MB072 29676966479134720 -9.50466 LRS
MB072 29673799905452032 -9.59474 LRS
MB072 29672922058588161 -9.93249 LRS
MB072 29671271910342656 -9.59276 LRS
MB072 29671224690876416 -9.59315 LRS
MB072 29669244090191873 -9.92811 LRS
MB072 29667593191161856 -9.50704 LRS
MB072 29665759294652417 -9.92931 LRS
MB072 29665672116043776 -9.93407 LRS
MB072 29663889742368768 -9.92851 LRS
MB072 29662309588668416 -9.9305 LRS
MB072 29661671219793920 -9.92891 LRS
MB072 29661436267470849 -9.93447 LRS
MB072 29658853511528449 -9.9297 LRS
MB072 29656003410665472 -9.93367 LRS
MB072 29653259245326336 -9.9305 LRS
MB072 29651785186545664 -9.92811 LRS
MB072 29649091789070336 -9.50784 LRS
MB072 29641303650205698 -9.93526 LRS
MB072 29636527076151296 -9.16445 LRS
MB072 29636125962276864 -9.50585 LRS
MB072 29632780254056448 -9.93367 LRS
MB072 29625318989897728 -9.93288 LRS
MB072 29623927311433728 -9.93169 LRS
MB072 29623635798917121 -9.93209 LRS
MB072 29618800995344384 -9.50625 LRS
MB072 29609976477519872 -9.93447 LRS
MB072 29605976273326080 -9.50227 LRS
MB072 29602385009577984 -9.9309 LRS
MB072 29600179019587585 -9.93328 LRS
MB072 29593719304880128 -9.93367 LRS
MB072 29591632382795776 -9.92572 LRS
MB072 29587368067465216 -9.9297 LRS
MB072 29578019869822977 -9.9309 LRS
MB072 29570269190295552 -9.93447 LRS
MB072 29569418170208256 -9.93129 LRS
MB072 29557139068428288 -9.93249 LRS
MB072 29548970288087041 -9.50386 LRS
MB072 29546090135035904 -9.50307 LRS
MB072 29537799183007745 -9.9301 LRS
MB072 29535635685511168 -9.93367 LRS
MB072 29531248728743936 -9.92891 LRS
MB072 29527596211372033 -9.9301 LRS
MB072 29527118664695808 -9.93288 LRS
MB072 29505229795885056 -9.9297 LRS
MB072 29494507418427392 -9.92811 LRS
MB072 29494334134951936 -9.93367 LRS
MB072 29493937257320449 -9.92891 LRS
MB072 29491233801904128 -9.93249 LRS
MB072 29462430857822208 -9.93407 LRS
MB072 29447241861177344 -9.93288 LRS
MB072 29441424311193600 -9.93288 LRS
MB072 29436947189469184 -9.93249 LRS
MB072 29425251033022464 -9.50426 LRS
MB072 29420342854291456 -9.49988 LRS
MB072 29414113486569473 -9.50506 LRS
MB072 29409146537246720 -9.50267 LRS
MB072 29406191079661568 -9.50187 LRS
MB072 29404033013780480 -9.93328 LRS
MB072 29383467414327296 -9.9309 LRS
MB072 29382879624568832 -9.50307 LRS
MB072 29382289779597312 -9.50625 LRS
MB072 29381118868332544 -9.50028 LRS
MB072 29379480678047744 -9.50107 LRS
MB072 29377714037198848 -9.50267 LRS
MB072 29377314487799808 -9.50625 LRS
MB072 29375616339939328 -9.50028 LRS
MB072 29374199847981056 -9.93328 LRS
MB072 29373297728684032 -9.50307 LRS
MB072 29372270048714752 -9.50625 LRS
MB072 29369444966858752 -9.50426 LRS
MB072 29368554130243587 -9.92851 LRS
MB072 29368515894968320 -9.50823 LRS
MB072 29366085979471872 -9.50704 LRS
MB072 29364755416223744 -9.93169 LRS
MB072 29364393342935040 -9.50267 LRS
MB072 29353838351753217 -9.50068 LRS
MB072 29353106701549568 -9.50466 LRS
MB072 29352745429372929 -9.92931 LRS
MB072 29346887781851136 -9.93486 LRS
MB072 29342331169673216 -9.92891 LRS
MB072 29337214311731200 -9.50863 LRS
MB072 29335186407694336 -9.50227 LRS
MB072 29328325843357696 -9.93209 LRS
MB072 29328192661618689 -9.50267 LRS
MB072 29325743557181440 -9.9301 LRS
MB072 29322606087770112 -9.50107 LRS
MB072 29322095246708737 -9.50307 LRS
MB072 29319184320040960 -9.93249 LRS
MB072 29317455553765376 -9.50426 LRS
MB072 29314953886306304 -9.50267 LRS
MB072 29313649952694272 -9.50068 LRS
MB072 29312669580263424 -9.50068 LRS
MB072 29306243373862912 -9.9301 LRS
MB072 29306143478124544 -9.50107 LRS
MB072 29305997717671936 -9.50227 LRS
MB072 29305405138010112 -9.50227 LRS
MB072 29304995585204224 -9.50147 LRS
MB072 29303954420535297 -9.50347 LRS
MB072 29303654360023041 -9.93288 LRS
MB072 29302423323414528 -9.50347 LRS
MB072 29300097778978816 -9.50386 LRS
MB072 29299327918673920 -9.50704 LRS
MB072 29295828791197696 -9.50625 LRS
MB072 29294970749849601 -9.50386 LRS
MB072 29289771616436224 -9.50466 LRS
MB072 29286375220060160 -9.92771 LRS
MB072 29283034075238400 -9.51021 LRS
MB072 29282120975257601 -9.92931 LRS
MB072 29266217764130816 -9.50107 LRS
MB072 29264317807329280 -9.9297 LRS
MB072 29263731053568000 -9.50426 LRS
MB072 29261312072622080 -9.50227 LRS
MB072 29257997779738624 -9.93209 LRS
MB072 29256195252424704 -9.50068 LRS
MB072 29254686527721472 -9.9297 LRS
MB072 29252434459103232 -9.50147 LRS
MB072 29250490843791360 -9.50267 LRS
MB072 29246465519910912 -9.50187 LRS
MB072 29244065966989312 -9.50704 LRS
MB072 29240708875427840 -9.93249 LRS
MB072 29238854909173760 -9.93367 LRS
MB072 29233297804496896 -9.50625 LRS
MB072 29229260296163328 -9.93249 LRS
MB072 29228619540729856 -9.9297 LRS
MB072 29225405709819905 -9.50784 LRS
MB072 29225192035196928 -9.92891 LRS
MB072 29224320454627328 -9.93209 LRS
MB072 29212617671188480 -9.93249 LRS
MB072 29211088239206400 -9.93169 LRS
MB072 29206529425022976 -9.9309 LRS
MB072 29204441550823424 -9.93288 LRS
MB072 29150022960414721 -9.92891 LRS
MB072 29136145220632576 -9.50147 LRS
MB072 29134877605502976 -9.50744 LRS
MB072 29095170678988800 -9.9297 LRS
MB072 29076637412761600 -9.93169 LRS
MB072 29064324722982912 -9.93328 LRS
MB072 29061990408257536 -9.93209 LRS
MB072 29055563291688960 -9.93169 LRS
MB072 29052298130886656 -9.9301 LRS
MB072 29048432358330368 -9.93288 LRS
MB072 29044760861736961 -9.9301 LRS
MB072 29026331312263168 -9.50107 LRS
MB072 29015887616937985 -9.50585 LRS
MB072 29000207794446336 -9.93367 LRS
MB072 28973673792667648 -9.9305 LRS
