MB077 34580405671698432 -7.81699 LRS
MB077 34536973259509760 -7.813 LRS
MB077 34496417523306496 -7.82016 LRS
MB077 34323238175641600 -7.82016 LRS
MB077 34252945759404032 -7.81977 LRS
MB077 34247573736927232 -7.815 LRS
MB077 34223297499639808 -7.81858 LRS
MB077 34215250077159424 -7.81619 LRS
MB077 34100747612196864 -7.82096 LRS
MB077 34083970832400384 -7.81977 LRS
MB077 34082296424300545 -7.82135 LRS
MB077 34071113352876032 -7.13034 LRS
MB077 34067036435005440 -7.81897 LRS
MB077 34052675620306944 -7.81579 LRS
MB077 33940639125086208 -7.81937 LRS
MB077 33925993001390081 -6.72983 LRS
MB077 33920364622913537 -7.81579 LRS
MB077 33869261634011136 -7.815 LRS
MB077 33862816679067648 -7.13113 LRS
MB077 33849811635539969 -7.8134 LRS
MB077 33844096464326656 -7.8146 LRS
MB077 33809772683726848 -7.81619 LRS
MB077 33761692546506753 -7.81619 LRS
MB077 33674163143053312 -7.81897 LRS
MB077 33545018400575488 -7.81738 LRS
MB077 33500286949527552 -7.81579 LRS
MB077 33485191074811905 -7.81858 LRS
MB077 33447279251693568 -7.8126 LRS
MB077 33400760528011264 -7.81897 LRS
MB077 33364655128711168 -7.81619 LRS
MB077 33348933027631105 -7.8126 LRS
MB077 33307750226202624 -7.82056 LRS
MB077 33292779786346496 -7.81659 LRS
MB077 33274805956378624 -7.81659 LRS
MB077 33268849121959936 -7.81738 LRS
MB077 33268194508541952 -7.8154 LRS
MB077 33258694724558849 -7.82135 LRS
MB077 33252737349058560 -7.82016 LRS
MB077 33252408964415488 -7.81659 LRS
MB077 33244953878609920 -7.81818 LRS
MB077 33169120358825984 -7.81818 LRS
MB077 33156793634922496 -7.8138 LRS
MB077 33149474507325440 -7.12954 LRS
MB077 33146706786787328 -7.8146 LRS
MB077 33096118543974400 -7.81699 LRS
MB077 33064159918690304 -7.8146 LRS
MB077 33045626291757056 -7.81659 LRS
MB077 33001315260960768 -7.813 LRS
MB077 32996730060410880 -7.13272 LRS
MB077 32993577059491840 -7.81778 LRS
MB077 32988786631639040 -7.82135 LRS
MB077 32988669979656192 -7.13113 LRS
MB077 32985781458964480 -7.82096 LRS
MB077 32983884006166531 -7.81858 LRS
MB077 32982215709167616 -7.8126 LRS
MB077 32978887881269249 -7.8126 LRS
MB077 32970059114614786 -7.81579 LRS
MB077 32969804566503424 -7.8122 LRS
MB077 32969448524619776 -7.81579 LRS
MB077 32969185705328640 -7.8122 LRS
MB077 32955208384380928 -7.81778 LRS
MB077 32954431808995328 -7.13233 LRS
MB077 32953634920603648 -7.82056 LRS
MB077 32947539808362496 -7.81659 LRS
MB077 32944257501237248 -7.13272 LRS
MB077 32939628541513729 -7.81977 LRS
MB077 32925475395342336 -7.81778 LRS
MB077 32918899708133376 -7.8146 LRS
MB077 32915045482496000 -7.81778 LRS
MB077 32914631085260800 -7.82135 LRS
MB077 32907750962892801 -7.815 LRS
MB077 32907612995461120 -7.81579 LRS
MB077 32900758844215297 -7.8154 LRS
MB077 32890686722281473 -7.8146 LRS
MB077 32880155521191936 -7.82016 LRS
MB077 32879029216350209 -7.82016 LRS
MB077 32864593290199040 -7.81738 LRS
MB077 32845616035921920 -6.72864 LRS
MB077 32835526532800513 -7.81897 LRS
MB077 32643849864089601 -7.8134 LRS
MB077 32643149876695040 -7.82135 LRS
MB077 32633322530152448 -7.815 LRS
MB077 32628884600000512 -7.81699 LRS
MB077 32628027728863232 -7.81858 LRS
MB077 32623091242766336 -7.13153 LRS
MB077 32621751720480769 -7.81699 LRS
MB077 32620372843044865 -7.8138 LRS
MB077 32619456484085760 -7.8154 LRS
MB077 32619153839886337 -7.8118 LRS
MB077 32617342634565632 -7.81937 LRS
MB077 32614562435960834 -7.81738 LRS
MB077 32609548221022210 -7.12675 LRS
MB077 32608659322183680 -7.815 LRS
MB077 32605465493897217 -7.8126 LRS
MB077 32604199921385472 -7.8126 LRS
MB077 32604141977079808 -7.81818 LRS
MB077 32603862183448576 -7.82016 LRS
MB077 32593907170672640 -7.815 LRS
MB077 32572927727640576 -7.8138 LRS
MB077 32552935732813824 -7.81977 LRS
MB077 32550368009256960 -7.12835 LRS
MB077 32547912160378881 -7.81897 LRS
MB077 32514539840864257 -7.82254 LRS
MB077 32501320443232256 -7.8134 LRS
MB077 32441513510174721 -7.81897 LRS
MB077 32409051748896769 -7.81738 LRS
MB077 32379399017865216 -7.81818 LRS
MB077 32310198718693376 -7.81699 LRS
MB077 32302143356538880 -7.81659 LRS
MB077 32288389910757377 -7.8146 LRS
MB077 32251134382972928 -7.8134 LRS
MB077 32244441804701696 -7.81699 LRS
MB077 32219481539354624 -7.81818 LRS
MB077 32216839585013760 -7.8154 LRS
MB077 32205561952993280 -7.8154 LRS
MB077 32187717899001857 -7.8126 LRS
MB077 32175071703343104 -7.8126 LRS
MB077 32150193889615872 -7.81738 LRS
MB077 32143100361056257 -7.81738 LRS
MB077 32132039549394944 -7.815 LRS
MB077 32123224141594624 -7.81937 LRS
MB077 32092527716737024 -7.12954 LRS
MB077 32052086803795968 -7.8146 LRS
MB077 31985052065730561 -7.81818 LRS
MB077 31913082238275585 -7.8142 LRS
MB077 31862468191977472 -7.8142 LRS
MB077 31857975786213376 -7.81619 LRS
MB077 31839415663857664 -7.8146 LRS
MB077 31829532772147200 -7.8146 LRS
MB077 31826024148770819 -7.82016 LRS
MB077 31814448750526464 -7.81699 LRS
MB077 31811199234478080 -7.81699 LRS
MB077 31796483225288704 -7.81977 LRS
MB077 31752287227482112 -7.82016 LRS
MB077 31742470190534656 -7.81977 LRS
MB077 31742456454184960 -7.81858 LRS
MB077 31734884242300928 -7.8154 LRS
MB077 31729684089675777 -7.8146 LRS
MB077 31728925046476802 -7.13431 LRS
MB077 31702927013838848 -7.81818 LRS
MB077 31660124170887168 -7.82056 LRS
MB077 31631720604246017 -7.815 LRS
MB077 31623527513722880 -7.8134 LRS
MB077 31569130519793665 -7.81778 LRS
MB077 31539109612748800 -7.8146 LRS
MB077 31536437723660288 -7.82096 LRS
MB077 31452764886269952 -7.82135 LRS
MB077 31450261113274368 -7.81579 LRS
MB077 31369529653207041 -7.8146 LRS
MB077 31362103843491840 -7.1347 LRS
MB077 31347144443039744 -7.81818 LRS
MB077 31285907176816640 -7.81818 LRS
MB077 31173603252764672 -7.8134 LRS
MB077 31161527536975872 -7.13352 LRS
MB077 31133247110914048 -7.81659 LRS
MB077 31127341434413058 -7.81897 LRS
MB077 31124761136340992 -7.8122 LRS
MB077 31080929296388097 -7.81858 LRS
MB077 31050246922444800 -7.81897 LRS
MB077 30979020686360577 -7.8126 LRS
MB077 30973394883182593 -7.81897 LRS
MB077 30964159885611008 -7.8146 LRS
MB077 30958538293514240 -7.8118 LRS
MB077 30947542611009536 -7.81937 LRS
MB077 30792514889842688 -7.813 LRS
MB077 30787173783437312 -7.81738 LRS
MB077 30777141503197185 -7.81579 LRS
MB077 30776661356060672 -7.13034 LRS
MB077 30756202493255680 -7.81579 LRS
MB077 30611006124204032 -7.8146 LRS
MB077 30519745103003648 -7.81977 LRS
MB077 30480234977427456 -7.81778 LRS
MB077 30475098628558848 -7.81778 LRS
MB077 30469058558164993 -7.8134 LRS
MB077 30467507382919168 -7.8126 LRS
MB077 30461399368990720 -7.8142 LRS
MB077 30393473576210432 -7.12994 LRS
MB077 30381743122948096 -7.8142 LRS
MB077 30372959797383168 -7.8146 LRS
MB077 30269780724285440 -7.82016 LRS
MB077 30268234234077184 -7.8142 LRS
MB077 30091445956251649 -7.13747 LRS
MB077 30077958911688704 -7.81738 LRS
MB077 30070885197021186 -7.8118 LRS
MB077 29983901808074752 -7.8122 LRS
MB077 29981654843924480 -7.8138 LRS
MB077 29916425212665857 -7.82056 LRS
MB077 29911264473907200 -7.81937 LRS
MB077 29901855903449088 -7.81699 LRS
MB077 29901713020289024 -7.81659 LRS
MB077 29892923914985472 -7.81738 LRS
MB077 29876411493777408 -7.13034 LRS
MB077 29751092812193792 -7.82135 LRS
MB077 29742494652567552 -7.8146 LRS
MB077 29734122221998081 -7.8146 LRS
MB077 29728159272271873 -7.82056 LRS
MB077 29728158315970561 -7.82056 LRS
MB077 29711873431572480 -7.81937 LRS
MB077 29701297317871617 -7.8146 LRS
MB077 29689251729776640 -7.8146 LRS
MB077 29661960660328448 -7.82293 LRS
MB077 29654273054736384 -7.82135 LRS
MB077 29553034593828865 -7.81778 LRS
MB077 29549646078545920 -7.82096 LRS
MB077 29268748439388160 -7.8142 LRS
MB077 29263360616833024 -7.8134 LRS
MB077 29256455995527168 -7.12915 LRS
MB077 29253420934242305 -7.81579 LRS
MB077 29243473437655040 -7.12835 LRS
MB077 29164970742652928 -7.81977 LRS
MB077 29121432738865152 -7.8146 LRS
MB077 29010214539763712 -7.8154 LRS
MB077 29004786640621568 -7.815 LRS
