MB083 34913594311311361 -8.83882 LRS
MB083 34903321495998464 -11.3166 LRS
MB083 34877378362605568 -11.3115 LRS
MB083 34871749581479936 -10.8823 LRS
MB083 34849983484133376 -11.3091 LRS
MB083 34833104254271488 -11.3095 LRS
MB083 34828479568543744 -11.3162 LRS
MB083 34818837174030336 -10.8792 LRS
MB083 34814472686288896 -11.3111 LRS
MB083 34813517286752256 -10.8823 LRS
MB083 34809868669952000 -11.3147 LRS
MB083 34804868115865600 -11.3158 LRS
MB083 34802058473246720 -11.3162 LRS
MB083 34788842343120896 -11.3158 LRS
MB083 34785711760752640 -11.3174 LRS
MB083 34785049287069697 -11.3127 LRS
MB083 34766277369143296 -11.0933 LRS
MB083 34756829250588672 -11.3166 LRS
MB083 34756745368707073 -10.8784 LRS
MB083 34745325126160384 -10.876 LRS
MB083 34745243647610880 -11.3155 LRS
MB083 34736187692285952 -11.3127 LRS
MB083 34730319949070336 -11.3115 LRS
MB083 34728035609481216 -11.3123 LRS
MB083 34725978097848320 -11.3123 LRS
MB083 34724012303065088 -11.3099 LRS
MB083 34721796108324864 -11.3103 LRS
MB083 34720628024016896 -11.3123 LRS
MB083 34708229795610624 -11.3162 LRS
MB083 34704948096802816 -11.3107 LRS
MB083 34698716170567680 -11.3107 LRS
MB083 34698210987479041 -11.3162 LRS
MB083 34695542751633408 -11.3147 LRS
MB083 34694790297690112 -11.3155 LRS
MB083 34690606248763392 -10.8804 LRS
MB083 34682557886889984 -11.3162 LRS
MB083 34678036456538112 -11.3143 LRS
MB083 34677510104940544 -11.3158 LRS
MB083 34671304401489920 -10.8792 LRS
MB083 34664603971489792 -11.0921 LRS
MB083 34663403154841600 -10.8788 LRS
MB083 34659667032416256 -11.3166 LRS
MB083 34659485100277760 -11.3135 LRS
MB083 34650138462920704 -10.88 LRS
MB083 34639261365964800 -10.8808 LRS
MB083 34638182377070592 -11.3151 LRS
MB083 34633760708231168 -11.0898 LRS
MB083 34628165603164160 -11.3151 LRS
MB083 34624260312006656 -10.8843 LRS
MB083 34613270786613248 -11.3147 LRS
MB083 34612778266267648 -11.3103 LRS
MB083 34610011871248384 -11.3139 LRS
MB083 34609567539138560 -11.3158 LRS
MB083 34609165603176448 -10.8768 LRS
MB083 34606579600859136 -10.653 LRS
MB083 34595381815803904 -11.3143 LRS
MB083 34593339487559680 -10.8788 LRS
MB083 34589356077350913 -11.3135 LRS
MB083 34589317695279105 -11.0917 LRS
MB083 34581022125457408 -11.3151 LRS
MB083 34579006581903360 -11.3099 LRS
MB083 34578943948361728 -11.3166 LRS
MB083 34574693381967872 -11.3147 LRS
MB083 34540541261643777 -11.3111 LRS
MB083 34539041256898560 -11.3119 LRS
MB083 34537169615855616 -11.317 LRS
MB083 34532012047994880 -11.3111 LRS
MB083 34517463848722432 -11.3143 LRS
MB083 34516124892667904 -10.8788 LRS
MB083 34505929416249344 -11.3123 LRS
MB083 34501903429668864 -11.3158 LRS
MB083 34501454609776640 -11.3158 LRS
MB083 34483207378305024 -11.3143 LRS
MB083 34482096802107392 -11.3123 LRS
MB083 34478996699885568 -11.3107 LRS
MB083 34474704467140608 -11.3099 LRS
MB083 34464788809523200 -11.3139 LRS
MB083 34459464954425344 -11.3103 LRS
MB083 34447437720453120 -11.3111 LRS
MB083 34447088515289088 -11.3158 LRS
MB083 34443264899682304 -11.3147 LRS
MB083 34439511005995010 -11.3143 LRS
MB083 34435634730901505 -10.8788 LRS
MB083 34431919202500609 -11.3143 LRS
MB083 34424538406068225 -11.3158 LRS
MB083 34422390406512640 -11.3135 LRS
MB083 34421781708152832 -11.3158 LRS
MB083 34421662271143936 -11.3158 LRS
MB083 34421314055839745 -11.3087 LRS
MB083 34421097327759360 -11.3103 LRS
MB083 34420931074080768 -11.3087 LRS
MB083 34420878745927680 -11.3087 LRS
MB083 34420412423086081 -11.3127 LRS
MB083 34419790017728512 -11.3119 LRS
MB083 34419223237230593 -11.3075 LRS
MB083 34418974359957504 -11.3099 LRS
MB083 34418895569821696 -11.3111 LRS
MB083 34414406192480256 -11.3123 LRS
MB083 34411639222697984 -11.3119 LRS
MB083 34410894733606913 -11.3155 LRS
MB083 34408524440145920 -11.3119 LRS
MB083 34407516712472576 -11.3111 LRS
MB083 34403697324724224 -11.3151 LRS
MB083 34402528242171904 -11.0917 LRS
MB083 34400733725990912 -11.3151 LRS
MB083 34398021064069121 -11.3119 LRS
MB083 34396368168558592 -10.8823 LRS
MB083 34388410739331072 -11.3107 LRS
MB083 34377123070218240 -10.8839 LRS
MB083 34368615104913408 -11.3174 LRS
MB083 34366106290360321 -11.3119 LRS
MB083 34360567581900800 -11.0898 LRS
MB083 34356404718407680 -11.3111 LRS
MB083 34348600473427968 -11.3131 LRS
MB083 34342736958193664 -11.3107 LRS
MB083 34332705319559168 -11.3131 LRS
MB083 34328959453761536 -10.8784 LRS
MB083 34326240223690752 -11.3107 LRS
MB083 34322667142119424 -11.0917 LRS
MB083 34311622910541824 -10.8804 LRS
MB083 34309577835024385 -11.3155 LRS
MB083 34308817986519041 -11.3099 LRS
MB083 34305062008397824 -11.0913 LRS
MB083 34296053981388800 -11.3107 LRS
MB083 34287035887919104 -11.3119 LRS
MB083 34286799530500096 -11.3151 LRS
MB083 34264936800587776 -11.3131 LRS
MB083 34264629160968193 -11.3151 LRS
MB083 34262546718400515 -11.0921 LRS
MB083 34255655330119680 -11.3127 LRS
MB083 34254841253462016 -11.3158 LRS
MB083 34251618614509568 -11.3166 LRS
MB083 34249205270712320 -11.3151 LRS
MB083 34240187844268033 -11.3127 LRS
MB083 34227398396346368 -10.878 LRS
MB083 34220941688963072 -11.3166 LRS
MB083 34217601186013184 -11.3139 LRS
MB083 34198006324531200 -11.3123 LRS
MB083 34194401743872000 -11.3155 LRS
MB083 34176566665682944 -10.295 LRS
MB083 34169554741501953 -11.3147 LRS
MB083 34165045961166848 -11.3151 LRS
MB083 34136152550154240 -11.3135 LRS
MB083 34127474816196608 -11.3147 LRS
MB083 34123993954918400 -11.3107 LRS
MB083 34111571949137920 -11.3111 LRS
MB083 34105522454011904 -10.8768 LRS
MB083 34105384050364416 -11.3147 LRS
MB083 34101493678215168 -10.651 LRS
MB083 34095761092255744 -11.3119 LRS
MB083 34090428131188736 -11.3155 LRS
MB083 34088320979959808 -11.3158 LRS
MB083 34081758114746368 -11.3115 LRS
MB083 34079448848535552 -11.0917 LRS
MB083 34078218646458368 -11.3174 LRS
MB083 34070062851690496 -11.3151 LRS
MB083 34057576421400576 -10.8772 LRS
MB083 34054620410023936 -11.0937 LRS
MB083 33946396625211392 -11.3151 LRS
MB083 33944003384705026 -11.3123 LRS
MB083 33941001814933504 -11.3155 LRS
MB083 33938769841225728 -11.3162 LRS
MB083 33934028352520192 -10.8776 LRS
MB083 33933668296830976 -11.3107 LRS
MB083 33931766158983168 -11.3135 LRS
MB083 33925012998062080 -10.8756 LRS
MB083 33924266156105729 -11.3151 LRS
MB083 33923593536540672 -11.3166 LRS
MB083 33910781833646081 -11.3123 LRS
MB083 33905091022950400 -11.3103 LRS
MB083 33894983039860736 -11.3155 LRS
MB083 33885090199109633 -10.878 LRS
MB083 33884155548794880 -10.2969 LRS
MB083 33876300615655425 -11.3158 LRS
MB083 33859899930714113 -11.3127 LRS
MB083 33857450893385729 -10.8808 LRS
MB083 33849790940848128 -11.3147 LRS
MB083 33831666334044160 -11.3162 LRS
MB083 33824491758944257 -11.3127 LRS
MB083 33816173485228032 -11.3158 LRS
MB083 33809616538173441 -11.0894 LRS
MB083 33792149690523648 -11.3135 LRS
MB083 33791357524901888 -10.0682 LRS
MB083 33783575119663104 -11.3139 LRS
MB083 33750864225107968 -11.317 LRS
MB083 33743044528316417 -11.3155 LRS
MB083 33742419174494208 -11.3107 LRS
MB083 33736360326201344 -10.8772 LRS
MB083 33731203597074432 -11.3119 LRS
MB083 33728277080178688 -11.3131 LRS
MB083 33727286352027649 -11.3123 LRS
MB083 33724467167506432 -10.8768 LRS
MB083 33722449103167489 -11.3162 LRS
MB083 33713963636101120 -11.3107 LRS
MB083 33705849478193152 -11.3127 LRS
MB083 33704921035448321 -11.3131 LRS
MB083 33704145563160576 -11.3147 LRS
MB083 33700268981878784 -11.3147 LRS
MB083 33697431082237954 -11.3099 LRS
MB083 33686197364596737 -10.3005 LRS
MB083 33686161620738048 -11.3151 LRS
MB083 33682349614956544 -11.3143 LRS
MB083 33670549200830464 -11.3143 LRS
MB083 33669148538048512 -11.3107 LRS
MB083 33667005521330176 -11.3139 LRS
MB083 33662344018010112 -11.3162 LRS
MB083 33659110838771712 -10.8851 LRS
MB083 33656865137242112 -11.3107 LRS
MB083 33654106757275648 -11.3158 LRS
MB083 33644294728327168 -11.3162 LRS
MB083 33643651594719232 -11.3155 LRS
MB083 33542915267497985 -11.3127 LRS
MB083 33542867586650113 -10.2981 LRS
MB083 33540969269825536 -11.3151 LRS
MB083 33540397242257408 -11.3087 LRS
MB083 33534835620323328 -10.295 LRS
MB083 33533880057208832 -10.882 LRS
MB083 33530575788703744 -10.0678 LRS
MB083 33527518661189633 -11.3111 LRS
MB083 33526621390647297 -11.3143 LRS
MB083 33526264241324032 -11.3107 LRS
MB083 33521657016487936 -11.3139 LRS
MB083 33517251072241664 -10.8796 LRS
MB083 33515668632502272 -11.3127 LRS
MB083 33513417822175232 -10.8768 LRS
MB083 33503795853926400 -11.3131 LRS
MB083 33502996608319488 -10.8768 LRS
MB083 33501525737213953 -11.0945 LRS
MB083 33488037581160448 -10.8768 LRS
MB083 33470338096431104 -11.3139 LRS
MB083 33468384666460160 -11.3166 LRS
MB083 33442660404436992 -11.3151 LRS
MB083 33440470482817024 -11.3147 LRS
MB083 33438299871780864 -11.3107 LRS
MB083 33438086356537344 -10.6542 LRS
MB083 33425133473366016 -10.8752 LRS
MB083 33425042704437248 -10.876 LRS
MB083 33414148054327296 -11.3162 LRS
MB083 33409398340591616 -11.317 LRS
MB083 33407396441227267 -11.3115 LRS
MB083 33398322790137856 -11.3155 LRS
MB083 33388154681704448 -11.3115 LRS
MB083 33382801604747264 -10.6522 LRS
MB083 33381819751596033 -11.3127 LRS
MB083 33377239982673920 -10.882 LRS
MB083 33372963940077568 -10.8812 LRS
MB083 33370206919204864 -11.3158 LRS
MB083 33367364225474560 -11.0957 LRS
MB083 33364558001209344 -11.3107 LRS
MB083 33360910823198720 -11.0917 LRS
MB083 33359672836624384 -11.3151 LRS
MB083 33358862622920704 -11.3099 LRS
MB083 33353681873141760 -11.3174 LRS
MB083 33352258716438529 -10.8843 LRS
MB083 33348157702291456 -11.317 LRS
MB083 33330137629990912 -10.88 LRS
MB083 33326969785425920 -11.3135 LRS
MB083 33320179186409472 -11.3107 LRS
MB083 33317874219225088 -10.8847 LRS
MB083 33317288245465088 -10.8788 LRS
MB083 33316114880671744 -11.3178 LRS
MB083 33314257479143424 -11.3131 LRS
MB083 33302192370745344 -10.6566 LRS
MB083 33299306790391808 -11.3127 LRS
MB083 33296577829273600 -11.3162 LRS
MB083 33284176434171904 -11.3127 LRS
MB083 33283150197161984 -11.3119 LRS
MB083 33270547257237504 -11.3103 LRS
MB083 33266560822935552 -11.3103 LRS
MB083 33264110690897920 -11.3143 LRS
MB083 33263210299662336 -11.3178 LRS
MB083 33261029051867136 -10.8796 LRS
MB083 33256411320287232 -11.3139 LRS
MB083 33255353466621952 -11.3147 LRS
MB083 33254529130565632 -10.2961 LRS
MB083 33248304783425536 -11.3147 LRS
MB083 33245331760087041 -11.3103 LRS
MB083 33237276196601858 -11.0913 LRS
MB083 33230818662948864 -11.3139 LRS
MB083 33227284282347521 -11.3131 LRS
MB083 33227099091238913 -11.3103 LRS
MB083 33224880908410881 -11.3099 LRS
MB083 33222400640286720 -11.3131 LRS
MB083 33220700424638464 -11.3107 LRS
MB083 33217269228113920 -11.0925 LRS
MB083 33214570222845953 -10.6534 LRS
MB083 33210021194108928 -10.8748 LRS
MB083 33208171463966720 -11.0882 LRS
MB083 33206105953800192 -11.3139 LRS
MB083 33200540162719744 -11.3087 LRS
MB083 33199700630835200 -11.3151 LRS
MB083 33194105236361216 -11.3135 LRS
MB083 33185384540143616 -10.8788 LRS
MB083 33183177837121536 -10.8788 LRS
MB083 33177865000321024 -11.3111 LRS
MB083 33172568433238018 -10.8764 LRS
MB083 33164840348418048 -11.3107 LRS
MB083 33164089064693761 -11.3131 LRS
MB083 33135999408144384 -11.3178 LRS
MB083 33123881686405120 -11.3123 LRS
MB083 33123608763047936 -10.8796 LRS
MB083 33122291491540992 -11.3151 LRS
MB083 33118520216657920 -10.8756 LRS
MB083 33118257560952832 -11.3155 LRS
MB083 33117335904583680 -11.3131 LRS
MB083 33112145981874176 -11.317 LRS
MB083 33105223828377600 -11.3119 LRS
MB083 33098437490638850 -11.3119 LRS
MB083 33094338728693760 -11.3115 LRS
MB083 33081158279368704 -11.3139 LRS
MB083 33049596343099392 -11.3162 LRS
MB083 33046854803533824 -11.3135 LRS
MB083 33030516215255040 -11.3115 LRS
MB083 33027346869002240 -11.089 LRS
MB083 33027192589918208 -11.3135 LRS
MB083 33023785087012864 -11.3155 LRS
MB083 33022900273422337 -10.8756 LRS
MB083 33018356420321281 -11.3103 LRS
MB083 33012779531108353 -10.876 LRS
MB083 33011710629511168 -11.3135 LRS
MB083 33010869373767681 -11.091 LRS
MB083 33002631362252802 -11.3151 LRS
MB083 32997143065133056 -11.3135 LRS
MB083 32994048167903232 -11.3119 LRS
MB083 32987943903690752 -10.8827 LRS
MB083 32986076930899968 -11.3143 LRS
MB083 32982335351693314 -11.3119 LRS
MB083 32979580390215680 -11.3119 LRS
MB083 32976395147681792 -11.3103 LRS
MB083 32975924160897024 -11.3135 LRS
MB083 32975902887378944 -10.8768 LRS
MB083 32975411642109952 -11.0921 LRS
MB083 32975148390813696 -11.3162 LRS
MB083 32974651491618817 -10.9588 LRS
MB083 32963092069486592 -10.882 LRS
MB083 32962270719905792 -11.3119 LRS
MB083 32958948038418432 -11.089 LRS
MB083 32957477867753473 -11.3119 LRS
MB083 32950801001357312 -11.3147 LRS
MB083 32944245425836032 -10.876 LRS
MB083 32943931641565184 -11.0921 LRS
MB083 32941933181538304 -11.3139 LRS
MB083 32939730819756032 -10.2965 LRS
MB083 32937730958692352 -11.3158 LRS
MB083 32937679142264834 -11.3111 LRS
MB083 32936394095595520 -11.3131 LRS
MB083 32936179263340544 -11.3091 LRS
MB083 32924722920427521 -11.089 LRS
MB083 32924548559020032 -11.3155 LRS
MB083 32923105282236416 -11.3143 LRS
MB083 32917641723125760 -11.3139 LRS
MB083 32916110210764800 -11.3155 LRS
MB083 32915240937066496 -11.3147 LRS
MB083 32911156523835392 -11.0925 LRS
MB083 32901921295564800 -11.3127 LRS
MB083 32900384708108288 -11.3127 LRS
MB083 32881201299595265 -11.3127 LRS
MB083 32873737846005760 -11.0965 LRS
MB083 32869485753024512 -11.3162 LRS
MB083 32868303831568384 -11.3135 LRS
MB083 32863526179569665 -11.3158 LRS
MB083 32859305925419009 -11.3158 LRS
MB083 32856355308052480 -11.3147 LRS
MB083 32843716112683008 -11.3147 LRS
MB083 32828270374293505 -11.3107 LRS
MB083 32806260885684224 -11.3107 LRS
MB083 32797684649693184 -11.3127 LRS
MB083 32796146782965761 -10.8847 LRS
MB083 32794570144088065 -10.8764 LRS
MB083 32793221218172928 -11.3119 LRS
MB083 32784313938345984 -11.3119 LRS
MB083 32783910937038848 -11.3111 LRS
MB083 32782389440684032 -11.3151 LRS
MB083 32776125109239808 -11.3115 LRS
MB083 32774098312503296 -11.3131 LRS
MB083 32767620461633536 -11.3139 LRS
MB083 32766700906614785 -11.0913 LRS
MB083 32761510337974272 -11.3166 LRS
MB083 32755981259636736 -10.8768 LRS
MB083 32747935443718144 -11.3119 LRS
MB083 32734113005830144 -11.3139 LRS
MB083 32716374207897601 -11.3151 LRS
MB083 32707772520865792 -11.3135 LRS
MB083 32702596258992128 -11.3151 LRS
MB083 32697170486366208 -10.8823 LRS
MB083 32694169956782081 -10.8792 LRS
MB083 32693747854610433 -11.3123 LRS
MB083 32688559085330432 -11.3107 LRS
MB083 32683526730031104 -11.3135 LRS
MB083 32677111500115968 -10.6534 LRS
MB083 32673586690920448 -11.3127 LRS
MB083 32673156191752192 -11.3166 LRS
MB083 32672430468104192 -11.3091 LRS
MB083 32669960014667776 -11.3123 LRS
MB083 32656704185303040 -11.3139 LRS
MB083 32628190778232833 -11.0937 LRS
MB083 32626643327516672 -11.3139 LRS
MB083 32619114501513216 -11.3131 LRS
MB083 32618561197314048 -10.8764 LRS
MB083 32614424011350016 -11.3119 LRS
MB083 32613395899351040 -10.8772 LRS
MB083 32609233975377921 -11.3158 LRS
MB083 32604158062231552 -11.3158 LRS
MB083 32598300280492032 -11.3123 LRS
MB083 32589994136698880 -11.3147 LRS
MB083 32581770939465728 -11.3166 LRS
MB083 32575111487823873 -11.3127 LRS
MB083 32572238733512704 -11.3123 LRS
MB083 32568100784185344 -11.3166 LRS
MB083 32564704035471360 -11.3162 LRS
MB083 32563379251970048 -11.3166 LRS
MB083 32556631401168896 -10.8843 LRS
MB083 32553596260196352 -10.8839 LRS
MB083 32542109084950528 -11.3162 LRS
MB083 32540247128543232 -11.3147 LRS
MB083 32539540266684417 -11.3107 LRS
MB083 32539421978927104 -11.3099 LRS
MB083 32539280286945280 -11.3119 LRS
MB083 32534544338911232 -11.3151 LRS
MB083 32529658113171456 -11.3115 LRS
MB083 32528133479469056 -11.3135 LRS
MB083 32521082103668736 -10.8756 LRS
MB083 32519666039521280 -11.3147 LRS
MB083 32517324711927808 -10.8847 LRS
MB083 32512346110828544 -11.3123 LRS
MB083 32508383189803008 -11.3139 LRS
MB083 32504753728520192 -11.3147 LRS
MB083 32503388612599808 -11.3151 LRS
MB083 32497269894815744 -11.3147 LRS
MB083 32480568302112768 -11.3158 LRS
MB083 32461800515567616 -11.3155 LRS
MB083 32453303149264896 -11.3119 LRS
MB083 32444952461967361 -11.3139 LRS
MB083 32444510994702337 -11.3143 LRS
MB083 32442437133672449 -10.2985 LRS
MB083 32438966410018816 -11.3143 LRS
MB083 32430930354249729 -11.3123 LRS
MB083 32422019354066944 -10.8764 LRS
MB083 32421436521971712 -11.3103 LRS
MB083 32419026781077504 -11.3147 LRS
MB083 32415138657075201 -11.3143 LRS
MB083 32408042842619905 -11.317 LRS
MB083 32407090530099200 -10.9596 LRS
MB083 32403574851895297 -11.3107 LRS
MB083 32402699945246720 -11.3143 LRS
MB083 32396740631990272 -11.3158 LRS
MB083 32391945246482432 -11.3123 LRS
MB083 32390529505296385 -11.3119 LRS
MB083 32390052038311937 -11.3155 LRS
MB083 32378001849057280 -11.0894 LRS
MB083 32369545524023297 -11.3151 LRS
MB083 32367248085622784 -11.3135 LRS
MB083 32366137417142273 -10.8816 LRS
MB083 32358330819158016 -11.3174 LRS
MB083 32349966378733568 -11.3166 LRS
MB083 32345549315244032 -11.3155 LRS
MB083 32342803690295296 -10.878 LRS
MB083 32339191132065792 -11.3135 LRS
MB083 32334873293234176 -11.3107 LRS
MB083 32332752661512192 -11.3127 LRS
MB083 32330601088421888 -11.3099 LRS
MB083 32328900444950528 -11.3107 LRS
MB083 32326298344890368 -11.3115 LRS
MB083 32325938817536000 -10.878 LRS
MB083 32320062736048128 -11.3119 LRS
MB083 32319872239149056 -10.8788 LRS
MB083 32318883725582336 -10.8816 LRS
MB083 32311010228445184 -11.3115 LRS
MB083 32292561141899264 -11.3127 LRS
MB083 32290857843433472 -11.3143 LRS
MB083 32282727747158016 -11.3162 LRS
MB083 32278808597889024 -11.3099 LRS
MB083 32278704373633026 -10.2981 LRS
MB083 32270462834708480 -10.8796 LRS
MB083 32267923779227648 -11.3123 LRS
MB083 32266202990510080 -11.3143 LRS
MB083 32264422344884225 -11.3107 LRS
MB083 32262958532788224 -11.3147 LRS
MB083 32259658185965570 -11.3139 LRS
MB083 32258904897359873 -11.3115 LRS
MB083 32258473425108992 -11.3143 LRS
MB083 32256122798735360 -11.3099 LRS
MB083 32255225922322432 -11.3155 LRS
MB083 32250177444118528 -11.3174 LRS
MB083 32249094223175680 -11.3135 LRS
MB083 32239483965411328 -10.8788 LRS
MB083 32235643140575232 -10.8796 LRS
MB083 32223132328660992 -11.3162 LRS
MB083 32221912314683392 -10.8792 LRS
MB083 32219109538144256 -11.3107 LRS
MB083 32214989334913024 -10.2961 LRS
MB083 32211031539326976 -11.3143 LRS
MB083 32208943023390720 -11.3147 LRS
MB083 32205275897270273 -10.8843 LRS
MB083 32196908365651969 -11.317 LRS
MB083 32193372085026816 -11.3166 LRS
MB083 32181120187502592 -11.3162 LRS
MB083 32178035096559616 -11.3155 LRS
MB083 32173643064672256 -11.3119 LRS
MB083 32172932251783169 -11.3155 LRS
MB083 32168584247517184 -10.8784 LRS
MB083 32167541308661760 -11.3143 LRS
MB083 32167336253333504 -11.3151 LRS
MB083 32150041841893376 -11.3186 LRS
MB083 32149370644201472 -11.3158 LRS
MB083 32148600985223168 -11.3135 LRS
MB083 32143638632861696 -10.8804 LRS
MB083 32143276370821120 -11.0902 LRS
MB083 32139069488107520 -11.3151 LRS
MB083 32138437121282048 -11.3099 LRS
MB083 32138176143302656 -11.3135 LRS
MB083 32133302194282496 -11.317 LRS
MB083 32132206793068544 -10.655 LRS
MB083 32129999469285376 -11.3119 LRS
MB083 32121959030456320 -11.3107 LRS
MB083 32118834575974400 -11.3131 LRS
MB083 32117236067999744 -11.3107 LRS
MB083 32112963829628928 -11.3143 LRS
MB083 32111154398502912 -11.3119 LRS
MB083 32110518256803841 -11.3083 LRS
MB083 32108548234149888 -10.8839 LRS
MB083 32107875572649984 -10.8796 LRS
MB083 32103832511057921 -10.8804 LRS
MB083 32103178270937088 -10.8772 LRS
MB083 32103107370422272 -10.5197 LRS
MB083 32102270170562561 -11.3131 LRS
MB083 32102047176200192 -11.3111 LRS
MB083 32099049268051968 -10.8768 LRS
MB083 32094511660277760 -11.3127 LRS
MB083 32072342880387073 -11.3111 LRS
MB083 32060720065544192 -10.876 LRS
MB083 32054185671262209 -10.6526 LRS
MB083 32045206358601728 -10.8768 LRS
MB083 32041016424931328 -11.3162 LRS
MB083 32037619244208128 -11.3107 LRS
MB083 32033285324414976 -10.88 LRS
MB083 32014082680815616 -11.3119 LRS
MB083 32008766991900672 -10.6514 LRS
MB083 31996900097925120 -10.6526 LRS
MB083 31992361215070208 -11.3162 LRS
MB083 31975433180291072 -11.3166 LRS
MB083 31970926882979841 -11.3115 LRS
MB083 31969115551825920 -11.3158 LRS
MB083 31959839064203264 -11.3123 LRS
MB083 31954214632554496 -11.3166 LRS
MB083 31933033015681024 -11.3099 LRS
MB083 31926928231366656 -11.3147 LRS
MB083 31925485810229248 -11.3158 LRS
MB083 31922567593852929 -11.3151 LRS
MB083 31922015950602240 -10.88 LRS
MB083 31918882335760384 -10.8788 LRS
MB083 31905489944051713 -11.3162 LRS
MB083 31896495997321216 -11.3091 LRS
MB083 31893088213401601 -11.3147 LRS
MB083 31891715044409344 -11.3155 LRS
MB083 31870705729536000 -11.3107 LRS
MB083 31861229395902464 -10.8792 LRS
MB083 31860970087256064 -11.3131 LRS
MB083 31859690363158528 -10.8792 LRS
MB083 31857382355116032 -11.3115 LRS
MB083 31845373362307073 -11.3111 LRS
MB083 31844755243536384 -11.3151 LRS
MB083 31835825226383361 -11.3107 LRS
MB083 31834078743367681 -11.3131 LRS
MB083 31831960267522048 -11.3135 LRS
MB083 31827086876344320 -10.8847 LRS
MB083 31824786002808832 -11.3107 LRS
MB083 31820207265677312 -11.3119 LRS
MB083 31818834960711680 -11.3099 LRS
MB083 31816701171470336 -11.0925 LRS
MB083 31801523528798208 -10.8812 LRS
MB083 31801139783532544 -10.882 LRS
MB083 31799890820464640 -11.3107 LRS
MB083 31799413462536192 -10.8788 LRS
MB083 31792468940824576 -11.3174 LRS
MB083 31784968107597824 -11.0906 LRS
MB083 31774999123591170 -11.3151 LRS
MB083 31772815141117953 -11.3166 LRS
MB083 31769212724711424 -11.3151 LRS
MB083 31766506287140864 -11.3151 LRS
MB083 31754847271256064 -11.3147 LRS
MB083 31753782308110336 -10.8808 LRS
MB083 31749443879440384 -10.2957 LRS
MB083 31747496363429889 -10.8792 LRS
MB083 31745096726609920 -10.2957 LRS
MB083 31745086442184704 -10.2957 LRS
MB083 31742203835453440 -11.3127 LRS
MB083 31732173287464960 -11.3147 LRS
MB083 31729666855276544 -11.3166 LRS
MB083 31717034932838401 -11.3158 LRS
MB083 31695806922756096 -11.3139 LRS
MB083 31687459137921024 -10.8756 LRS
MB083 31676761079021569 -11.3119 LRS
MB083 31676399739731968 -11.3155 LRS
MB083 31671541942984704 -11.3135 LRS
MB083 31670519749148672 -11.3119 LRS
MB083 31663058350772224 -11.3115 LRS
MB083 31659686801444864 -10.653 LRS
MB083 31654476469243905 -10.8816 LRS
MB083 31652708582690817 -11.3127 LRS
MB083 31644409565024257 -11.3123 LRS
MB083 31641216177143808 -11.3151 LRS
MB083 31637889410404352 -11.3139 LRS
MB083 31634145209745408 -11.3158 LRS
MB083 31633157249830912 -11.3107 LRS
MB083 31631365132787712 -10.8823 LRS
MB083 31630134230392832 -11.3158 LRS
MB083 31628759660494848 -10.878 LRS
MB083 31617558180265984 -10.8768 LRS
MB083 31615890965397505 -11.3123 LRS
MB083 31604734674604032 -11.3158 LRS
MB083 31602388024430592 -11.3166 LRS
MB083 31601432478093312 -11.3131 LRS
MB083 31585311758749697 -11.3143 LRS
MB083 31582623788703744 -10.88 LRS
MB083 31580859979005953 -11.3155 LRS
MB083 31578511693053952 -10.8831 LRS
MB083 31567289304227840 -11.3119 LRS
MB083 31562171364155393 -10.8788 LRS
MB083 31544325217189888 -11.3151 LRS
MB083 31542612464766976 -11.3155 LRS
MB083 31538946823430145 -11.3139 LRS
MB083 31536737725448192 -11.3162 LRS
MB083 31534781988610048 -11.317 LRS
MB083 31528024314744833 -11.3151 LRS
MB083 31523238148308992 -11.3143 LRS
MB083 31523230388850688 -11.3147 LRS
MB083 31522498109513728 -10.8808 LRS
MB083 31517077877563394 -11.3143 LRS
MB083 31510275244953600 -11.3123 LRS
MB083 31507903672229888 -11.3127 LRS
MB083 31506506046251009 -11.3178 LRS
MB083 31502026743488513 -11.3107 LRS
MB083 31469255643897856 -10.293 LRS
MB083 31468650653286400 -10.8792 LRS
MB083 31463386176819200 -11.3139 LRS
MB083 31457703196893184 -11.3158 LRS
MB083 31457450120970240 -11.3111 LRS
MB083 31457059018903552 -10.8764 LRS
MB083 31452236135530497 -11.3151 LRS
MB083 31439981281021952 -11.3127 LRS
MB083 31437301217230848 -11.3099 LRS
MB083 31430035676069889 -11.3139 LRS
MB083 31424427212148737 -10.882 LRS
MB083 31422541335633920 -11.3123 LRS
MB083 31421742161330177 -11.3174 LRS
MB083 31417551770615808 -11.3147 LRS
MB083 31411377444757504 -11.3151 LRS
MB083 31409690403409920 -10.8827 LRS
MB083 31396874996940801 -11.3115 LRS
MB083 31387557015068673 -11.3099 LRS
MB083 31384612030644224 -11.3143 LRS
MB083 31380761181425664 -11.3135 LRS
MB083 31377837910917121 -11.3119 LRS
MB083 31375797298143232 -10.878 LRS
MB083 31364974517420033 -11.3123 LRS
MB083 31361121172594688 -11.3083 LRS
MB083 31357023354363904 -11.3166 LRS
MB083 31356607703031808 -11.3103 LRS
MB083 31353251404185600 -11.3099 LRS
MB083 31341075801051136 -10.882 LRS
MB083 31334767488147456 -11.3115 LRS
MB083 31331426687262720 -11.3158 LRS
MB083 31325973647462400 -10.8792 LRS
MB083 31306418636193792 -11.3107 LRS
MB083 31306114519793664 -11.3123 LRS
MB083 31299896044691456 -10.8784 LRS
MB083 31291026719121408 -11.3111 LRS
MB083 31289276159229952 -11.3111 LRS
MB083 31286397197352961 -11.3107 LRS
MB083 31281844511051776 -11.3151 LRS
MB083 31280395697782784 -11.3131 LRS
MB083 31278304023547904 -11.3158 LRS
MB083 31274961385553921 -11.3119 LRS
MB083 31272868016820225 -11.3127 LRS
MB083 31268530653499392 -11.3127 LRS
MB083 31247831721316352 -10.8776 LRS
MB083 31241262828883968 -11.3111 LRS
MB083 31240288257187842 -11.3147 LRS
MB083 31221035726544896 -10.8812 LRS
MB083 31217634062114816 -11.3151 LRS
MB083 31215364209643520 -11.3158 LRS
MB083 31211067522682880 -11.3131 LRS
MB083 31206989136666625 -10.2957 LRS
MB083 31206483991465984 -11.3115 LRS
MB083 31202414728060928 -11.3155 LRS
MB083 31181348110606336 -11.3107 LRS
MB083 31176208540504064 -11.3147 LRS
MB083 31176146578055168 -11.3158 LRS
MB083 31167656212045826 -10.8776 LRS
MB083 31166179288547328 -11.3119 LRS
MB083 31162234038128640 -11.3135 LRS
MB083 31155921799352320 -11.3139 LRS
MB083 31151253287342080 -10.8816 LRS
MB083 31151124618682368 -11.3174 LRS
MB083 31147936171692034 -11.3151 LRS
MB083 31144754318151680 -11.3151 LRS
MB083 31139570221326336 -11.3166 LRS
MB083 31138338668810241 -11.3158 LRS
MB083 31131694786416640 -11.3115 LRS
MB083 31123694310916096 -11.3147 LRS
MB083 31120916142358528 -11.317 LRS
MB083 31107411905355777 -11.3107 LRS
MB083 31096253337051136 -10.8867 LRS
MB083 31092997504372736 -11.3147 LRS
MB083 31089288749780992 -11.3162 LRS
MB083 31088443291344896 -11.3111 LRS
MB083 31080947835211776 -11.3119 LRS
MB083 31071286553739264 -11.3162 LRS
MB083 31069039254052864 -11.3174 LRS
MB083 31064015278972928 -10.8804 LRS
MB083 31050233567776768 -10.8764 LRS
MB083 31046965047328768 -10.2969 LRS
MB083 31046597798268928 -10.8808 LRS
MB083 31045507845464064 -11.3127 LRS
MB083 31043608782049280 -11.3158 LRS
MB083 31042306303852544 -10.2985 LRS
MB083 31038931575250945 -10.0694 LRS
MB083 31027767080394752 -11.3135 LRS
MB083 31024218166525953 -11.3131 LRS
MB083 31019942283321345 -11.0913 LRS
MB083 31016520003878913 -10.8764 LRS
MB083 31014681443311616 -11.3151 LRS
MB083 31005317466685440 -11.3155 LRS
MB083 31005313721180160 -11.3155 LRS
MB083 31000322419728385 -11.3166 LRS
MB083 30996863431745536 -10.2985 LRS
MB083 30981448198520832 -11.3139 LRS
MB083 30980955787239424 -11.3107 LRS
MB083 30977925394202625 -10.8788 LRS
MB083 30976823739293696 -10.8764 LRS
MB083 30976803505967104 -11.3162 LRS
MB083 30970605176094721 -11.3135 LRS
MB083 30966834169647104 -11.3155 LRS
MB083 30961829861654529 -11.3155 LRS
MB083 30951096717410304 -11.3143 LRS
MB083 30949267057156096 -10.8784 LRS
MB083 30945837056008192 -11.3147 LRS
MB083 30937836316262400 -11.3127 LRS
MB083 30931481287204865 -11.3151 LRS
MB083 30925704237416449 -11.3166 LRS
MB083 30919830550880256 -11.3123 LRS
MB083 30914116650532864 -11.3127 LRS
MB083 30906975508234240 -11.3115 LRS
MB083 30895034865811456 -10.8792 LRS
MB083 30892532086870016 -10.8788 LRS
MB083 30883955242696704 -11.3147 LRS
MB083 30883407571451904 -11.3158 LRS
MB083 30874599273009152 -11.3103 LRS
MB083 30874557120253952 -11.3151 LRS
MB083 30868429598621696 -10.8772 LRS
MB083 30867909186162688 -11.3158 LRS
MB083 30867783218630656 -10.8796 LRS
MB083 30866222903984128 -10.8816 LRS
MB083 30861516542574592 -11.3131 LRS
MB083 30858521855664129 -10.8796 LRS
MB083 30858444705628160 -10.8772 LRS
MB083 30846138789666816 -11.3151 LRS
MB083 30843010870677505 -11.3131 LRS
MB083 30834871664377856 -11.3151 LRS
MB083 30833354232299520 -11.3099 LRS
MB083 30831808429948928 -10.8816 LRS
MB083 30827278078316544 -10.6534 LRS
MB083 30825766358884352 -10.8764 LRS
MB083 30820151817412609 -11.3139 LRS
MB083 30819069229793283 -11.317 LRS
MB083 30811013980884992 -11.3151 LRS
MB083 30805600115892225 -10.8827 LRS
MB083 30804193103060992 -11.3127 LRS
MB083 30803651656163328 -11.3083 LRS
MB083 30791672560353281 -11.3147 LRS
MB083 30791564309569537 -11.3099 LRS
MB083 30791413666947072 -10.8831 LRS
MB083 30790598327795712 -11.3099 LRS
MB083 30773416034312192 -11.3119 LRS
MB083 30772072930082816 -11.3103 LRS
MB083 30769310070738944 -11.3115 LRS
MB083 30764770336444416 -11.3103 LRS
MB083 30754859598745601 -11.3158 LRS
MB083 30754801901903872 -11.3162 LRS
MB083 30752769811947521 -11.3155 LRS
MB083 30744158486396928 -10.8772 LRS
MB083 30736312818470913 -11.3115 LRS
MB083 30731864020881408 -11.3111 LRS
MB083 30728626831884289 -10.2977 LRS
MB083 30722228374994945 -10.8772 LRS
MB083 30720256288755712 -10.8792 LRS
MB083 30718770028740608 -10.8796 LRS
MB083 30713483733504000 -11.3158 LRS
MB083 30712114981117952 -11.3186 LRS
MB083 30703822087135232 -10.2969 LRS
MB083 30703610417389568 -11.3119 LRS
MB083 30703374429061120 -11.3131 LRS
MB083 30701267684691968 -10.8756 LRS
MB083 30698402262028288 -11.3143 LRS
MB083 30696778407878656 -11.0929 LRS
MB083 30692792409792513 -11.3111 LRS
MB083 30684690943836160 -11.3151 LRS
MB083 30675565258219520 -11.3139 LRS
MB083 30666213419917313 -10.882 LRS
MB083 30656367798788097 -11.3095 LRS
MB083 30653412592848896 -11.3166 LRS
MB083 30650080692281344 -11.3147 LRS
MB083 30638480572813312 -11.3127 LRS
MB083 30637646040539136 -11.317 LRS
MB083 30632258113118208 -11.3162 LRS
MB083 30631213215518721 -10.88 LRS
MB083 30629491759915009 -11.3158 LRS
MB083 30624884681871361 -10.8804 LRS
MB083 30624495400124416 -10.6534 LRS
MB083 30620100885217280 -11.3103 LRS
MB083 30619083649060867 -11.3099 LRS
MB083 30617765349957632 -10.8788 LRS
MB083 30613521750294529 -11.3107 LRS
MB083 30612179879198721 -11.3155 LRS
MB083 30611335762935808 -10.8827 LRS
MB083 30599100592300032 -11.3139 LRS
MB083 30585782750158849 -11.3143 LRS
MB083 30573991332683776 -11.3143 LRS
MB083 30556544374415360 -11.3151 LRS
MB083 30556392108597248 -11.3135 LRS
MB083 30548764452200448 -10.2981 LRS
MB083 30541612056576000 -11.3103 LRS
MB083 30541288361172992 -10.8804 LRS
MB083 30540141206437889 -11.3131 LRS
MB083 30538015889686528 -11.3107 LRS
MB083 30531164108234752 -10.6546 LRS
MB083 30529266886119425 -11.3115 LRS
MB083 30525172473667584 -11.3143 LRS
MB083 30523716160978944 -11.3103 LRS
MB083 30523444416225282 -11.317 LRS
MB083 30521417141321728 -10.8804 LRS
MB083 30520180706639872 -11.3155 LRS
MB083 30513883819016193 -11.3147 LRS
MB083 30503957897945088 -11.3115 LRS
MB083 30499972331864064 -10.8843 LRS
MB083 30494266023223296 -11.3143 LRS
MB083 30493282677030912 -11.3131 LRS
MB083 30486880894062593 -10.8851 LRS
MB083 30484566451949568 -11.3099 LRS
MB083 30483401815367680 -10.8804 LRS
MB083 30454129172152320 -11.3147 LRS
MB083 30439376873852928 -11.3155 LRS
MB083 30435764210769923 -11.3135 LRS
MB083 30416517686362112 -11.3135 LRS
MB083 30413220011315200 -11.3174 LRS
MB083 30411160163454976 -11.3147 LRS
MB083 30411042194464768 -11.3147 LRS
MB083 30391028045320192 -11.317 LRS
MB083 30376854850379776 -11.3155 LRS
MB083 30374837620834304 -11.3155 LRS
MB083 30374389224570880 -11.3151 LRS
MB083 30373278619017216 -11.3135 LRS
MB083 30368452019494912 -11.3143 LRS
MB083 30365995650519040 -11.3103 LRS
MB083 30365894571991040 -11.3127 LRS
MB083 30361967818444800 -11.3103 LRS
MB083 30350906138558464 -11.3162 LRS
MB083 30349267398828033 -11.3139 LRS
MB083 30347835228557312 -11.3155 LRS
MB083 30346431357259776 -10.2981 LRS
MB083 30331742611046400 -10.2989 LRS
MB083 30321630521589760 -11.3107 LRS
MB083 30308359953457152 -11.3091 LRS
MB083 30307436623568896 -11.3131 LRS
MB083 30305648793096193 -10.8764 LRS
MB083 30304447041118208 -11.3107 LRS
MB083 30281439610150912 -11.3155 LRS
MB083 30279787918401536 -10.8831 LRS
MB083 30275682588168195 -10.882 LRS
MB083 30271741464944640 -10.8784 LRS
MB083 30263886070419456 -11.3131 LRS
MB083 30260231908892672 -11.3147 LRS
MB083 30257300673396736 -11.3158 LRS
MB083 30256701135392769 -11.3143 LRS
MB083 30251262469472256 -11.3155 LRS
MB083 30242518520045568 -10.8764 LRS
MB083 30237287405060096 -11.3131 LRS
MB083 30231704681578496 -11.3127 LRS
MB083 30229070184714240 -11.317 LRS
MB083 30213375497609216 -11.3123 LRS
MB083 30200351235772416 -11.3107 LRS
MB083 30190591656595456 -11.3147 LRS
MB083 30190476850106369 -10.0698 LRS
MB083 30184610415513600 -11.3143 LRS
MB083 30182946354757632 -11.3155 LRS
MB083 30180275191291904 -11.3135 LRS
MB083 30178213804118016 -11.3139 LRS
MB083 30176879189172224 -11.3127 LRS
MB083 30159973312897024 -11.3115 LRS
MB083 30155114941513728 -11.3151 LRS
MB083 30151973558812672 -10.8808 LRS
MB083 30149453725827072 -11.3151 LRS
MB083 30142814654308352 -10.8796 LRS
MB083 30141236924915712 -11.3103 LRS
MB083 30132152918085632 -10.8768 LRS
MB083 30131420479356928 -10.88 LRS
MB083 30127720344064000 -11.3155 LRS
MB083 30125167401246720 -10.5193 LRS
MB083 30118543857025025 -11.3099 LRS
MB083 30113843837411328 -10.8772 LRS
MB083 30112251759300608 -11.3166 LRS
MB083 30110914497748992 -11.3131 LRS
MB083 30110681181200384 -11.3135 LRS
MB083 30098744758243328 -10.2973 LRS
MB083 30091360132399104 -11.3099 LRS
MB083 30085545287753729 -10.882 LRS
MB083 30077358178312192 -11.3135 LRS
MB083 30077008364965889 -11.3119 LRS
MB083 30073825932615680 -11.3151 LRS
MB083 30059316438368256 -11.3115 LRS
MB083 30059138717327360 -11.3147 LRS
MB083 30035232237297664 -11.3151 LRS
MB083 30034417493745664 -11.3155 LRS
MB083 30033127225167872 -11.3143 LRS
MB083 30030624668520448 -11.3103 LRS
MB083 30029167667970049 -11.3162 LRS
MB083 30028612065296384 -10.2989 LRS
MB083 30027225520668672 -11.3155 LRS
MB083 30026307253313536 -11.3111 LRS
MB083 30021678985650176 -11.3143 LRS
MB083 30016743606845442 -11.3155 LRS
MB083 30015953878122496 -11.3139 LRS
MB083 30013333952274434 -11.091 LRS
MB083 30012836767866880 -11.3147 LRS
MB083 30004207771713536 -11.3095 LRS
MB083 30001858328133632 -10.8768 LRS
MB083 29999638962503681 -10.882 LRS
MB083 29996033530404865 -11.3155 LRS
MB083 29995336785207296 -11.3119 LRS
MB083 29995175040262145 -11.3131 LRS
MB083 29993956645281792 -11.3111 LRS
MB083 29992766175973376 -11.3166 LRS
MB083 29991121140584448 -11.3151 LRS
MB083 29977210953670656 -10.655 LRS
MB083 29975562680279040 -11.3135 LRS
MB083 29970409000542208 -11.3135 LRS
MB083 29968685233872896 -10.8808 LRS
MB083 29968128930750465 -11.3115 LRS
MB083 29962965616697344 -10.878 LRS
MB083 29950649835724800 -11.3143 LRS
MB083 29950219021975553 -11.3143 LRS
MB083 29949443528728577 -11.3158 LRS
MB083 29948568806621184 -11.3151 LRS
MB083 29947907524263936 -11.3143 LRS
MB083 29945864575262720 -11.317 LRS
MB083 29935002439389184 -11.3119 LRS
MB083 29934305190875137 -11.3166 LRS
MB083 29932961239408640 -11.3139 LRS
MB083 29931738138411009 -11.0917 LRS
MB083 29931606089146368 -11.3147 LRS
MB083 29929055256051712 -11.3107 LRS
MB083 29927264573456385 -11.3147 LRS
MB083 29920498519375872 -11.3155 LRS
MB083 29913618753527809 -10.2973 LRS
MB083 29911201471270912 -10.8776 LRS
MB083 29911005727293440 -11.3111 LRS
MB083 29910324886896640 -11.3143 LRS
MB083 29907685612724226 -11.3143 LRS
MB083 29907594621493248 -11.3135 LRS
MB083 29902730185154560 -11.3111 LRS
MB083 29901136630644736 -11.3119 LRS
MB083 29898433535938562 -11.3158 LRS
MB083 29893811979161600 -11.3107 LRS
MB083 29892148690165761 -11.3099 LRS
MB083 29872857051824128 -11.3099 LRS
MB083 29851766438764545 -11.3158 LRS
MB083 29851428189114368 -11.3099 LRS
MB083 29846251595890688 -11.3123 LRS
MB083 29838072828919808 -11.3147 LRS
MB083 29830081396350976 -10.9604 LRS
MB083 29815266988789760 -11.3155 LRS
MB083 29813763045593089 -11.3115 LRS
MB083 29795628754149376 -11.3107 LRS
MB083 29792099155054592 -11.3115 LRS
MB083 29790954315587584 -11.0917 LRS
MB083 29783261249011712 -11.3143 LRS
MB083 29778666263158784 -11.3103 LRS
MB083 29777848914944001 -11.3131 LRS
MB083 29775493314117632 -11.3107 LRS
MB083 29774332662120448 -11.0921 LRS
MB083 29768135376642048 -11.3147 LRS
MB083 29761803135221760 -11.3099 LRS
MB083 29756065016975360 -11.3166 LRS
MB083 29756061317595136 -11.3119 LRS
MB083 29750721784057857 -11.3182 LRS
MB083 29746899774865408 -11.0902 LRS
MB083 29744035086204930 -11.3099 LRS
MB083 29739685408415745 -10.2993 LRS
MB083 29732870343884801 -11.317 LRS
MB083 29730302045720576 -11.3123 LRS
MB083 29725253835952128 -11.3139 LRS
MB083 29719002641080320 -11.0925 LRS
MB083 29710931629965312 -11.3143 LRS
MB083 29710082535071745 -11.3107 LRS
MB083 29710053690843136 -11.3103 LRS
MB083 29703597272862721 -10.6518 LRS
MB083 29700841413812224 -11.3155 LRS
MB083 29698342850134016 -11.0921 LRS
MB083 29694353555324928 -11.3091 LRS
MB083 29693342631591936 -11.3119 LRS
MB083 29686739350061056 -10.8812 LRS
MB083 29681532503330816 -10.8839 LRS
MB083 29680402784329730 -10.8823 LRS
MB083 29677557687263232 -11.3123 LRS
MB083 29676074556198912 -11.3166 LRS
MB083 29673576810418177 -10.8784 LRS
MB083 29671089789472768 -11.3162 LRS
MB083 29669163047849984 -11.3091 LRS
MB083 29666454987083776 -11.3139 LRS
MB083 29659633605939200 -11.3135 LRS
MB083 29657328542294016 -10.0686 LRS
MB083 29656727611768832 -11.3143 LRS
MB083 29644748847325184 -11.3131 LRS
MB083 29629569837305856 -10.878 LRS
MB083 29613797178085376 -11.3158 LRS
MB083 29611576432533504 -11.3119 LRS
MB083 29604248194908160 -11.3151 LRS
MB083 29592895262560256 -11.3119 LRS
MB083 29587382013530112 -11.3135 LRS
MB083 29585939617546240 -11.3147 LRS
MB083 29574371559346177 -10.8804 LRS
MB083 29572937593917441 -11.3151 LRS
MB083 29564271297826817 -11.3131 LRS
MB083 29559505402470400 -10.8796 LRS
MB083 29554594371600384 -10.8776 LRS
MB083 29553520877244416 -11.3155 LRS
MB083 29552393934864385 -11.3143 LRS
MB083 29546462287241217 -11.3123 LRS
MB083 29534709021151232 -11.3166 LRS
MB083 29533765051092993 -10.8812 LRS
MB083 29531406128381952 -11.3107 LRS
MB083 29529194270560256 -11.3099 LRS
MB083 29517940504137729 -10.8816 LRS
MB083 29507606087208960 -11.3131 LRS
MB083 29497129063948288 -11.3135 LRS
MB083 29491458838892544 -11.3131 LRS
MB083 29487504201613312 -11.3151 LRS
MB083 29482267587907585 -11.3139 LRS
MB083 29479965523181568 -11.0933 LRS
MB083 29471758612430848 -10.8804 LRS
MB083 29471593902112768 -11.3143 LRS
MB083 29459118607572992 -11.3166 LRS
MB083 29446517932695552 -11.3143 LRS
MB083 29446504166989824 -11.3151 LRS
MB083 29433260811493376 -11.3107 LRS
MB083 29423801431236608 -11.3143 LRS
MB083 29422543572041728 -10.8768 LRS
MB083 29421414591242241 -11.3099 LRS
MB083 29419603373326336 -11.317 LRS
MB083 29416341697986560 -10.8772 LRS
MB083 29411810209693696 -11.3143 LRS
MB083 29406081050476544 -11.3103 LRS
MB083 29400110618120192 -11.3139 LRS
MB083 29393895053852673 -11.3166 LRS
MB083 29389793557221377 -10.8768 LRS
MB083 29387013299904513 -11.3155 LRS
MB083 29378269606313984 -11.3123 LRS
MB083 29368992942526464 -11.3151 LRS
MB083 29362911226888193 -11.3123 LRS
MB083 29359106275934208 -10.3017 LRS
MB083 29354710410465280 -10.8788 LRS
MB083 29354212089401345 -10.876 LRS
MB083 29354101695320065 -11.3147 LRS
MB083 29353177081978880 -10.8788 LRS
MB083 29339712984457216 -11.3103 LRS
MB083 29339589248286720 -11.3143 LRS
MB083 29334933151424514 -11.3147 LRS
MB083 29331593977925632 -11.317 LRS
MB083 29319462326898688 -11.3139 LRS
MB083 29319399907266560 -11.3099 LRS
MB083 29318128026521600 -10.8827 LRS
MB083 29314227130863616 -10.8788 LRS
MB083 29313123957604352 -11.3095 LRS
MB083 29311397192007680 -11.0941 LRS
MB083 29311253373521920 -11.3151 LRS
MB083 29309468902690816 -10.878 LRS
MB083 29299504381427712 -10.3001 LRS
MB083 29298258476011520 -11.3099 LRS
MB083 29291127286792192 -11.3135 LRS
MB083 29285587643011073 -11.3147 LRS
MB083 29285025992146944 -11.3099 LRS
MB083 29281487022981122 -11.0953 LRS
MB083 29278728123064320 -11.3158 LRS
MB083 29272716481662978 -10.2977 LRS
MB083 29265401019891712 -11.3127 LRS
MB083 29263689882271744 -11.3143 LRS
MB083 29263327691538432 -10.657 LRS
MB083 29262663661920256 -10.882 LRS
MB083 29258220727963648 -11.3139 LRS
MB083 29252821777907713 -11.3119 LRS
MB083 29245592349708289 -11.3131 LRS
MB083 29244880211419136 -11.3151 LRS
MB083 29229750337667072 -11.3127 LRS
MB083 29229455096418304 -10.2969 LRS
MB083 29225652469104640 -11.3123 LRS
MB083 29220427347795968 -10.8855 LRS
MB083 29219040689917952 -10.882 LRS
MB083 29213355923218432 -11.3131 LRS
MB083 29202144716390400 -10.8764 LRS
MB083 29196687029313536 -11.3107 LRS
MB083 29174940980744193 -11.3151 LRS
MB083 29174252561235968 -11.3123 LRS
MB083 29170213815590913 -11.3135 LRS
MB083 29148873368805376 -11.3107 LRS
MB083 29143226610876417 -10.8796 LRS
MB083 29130373539561472 -11.0933 LRS
MB083 29111170921140224 -10.8768 LRS
MB083 29082470863339520 -11.3158 LRS
MB083 29081524997464065 -11.3155 LRS
MB083 29081383330652161 -11.3111 LRS
MB083 29079820843360257 -11.3147 LRS
MB083 29074495532699648 -11.3119 LRS
MB083 29072661762023424 -11.3119 LRS
MB083 29067782272327680 -10.655 LRS
MB083 29066123534143488 -10.8796 LRS
MB083 29058267493699584 -11.3107 LRS
MB083 29054839329660928 -11.3162 LRS
MB083 29018015542550528 -11.3107 LRS
MB083 29015503909429248 -11.3131 LRS
MB083 29008178012225536 -11.3099 LRS
MB083 29004964261011456 -11.3107 LRS
MB083 29004922057916416 -11.3139 LRS
MB083 28995446265352192 -10.8784 LRS
MB083 28989429842448384 -11.3115 LRS
MB083 28988538108252161 -11.3127 LRS
MB083 28983794614673408 -11.3143 LRS
MB083 28983328606527489 -11.3103 LRS
MB083 28980605207191553 -10.88 LRS
MB083 28977078074343425 -10.8816 LRS
MB083 28968016079224832 -11.3151 LRS
MB083 28965478210736129 -10.8804 LRS
