MB086 32075949373652992 -8.76014 LRS
MB086 32064383794282500 -11.5393 LRS
MB086 32050879104290816 -10.817 LRS
MB086 32046607587344384 -11.5413 LRS
MB086 32036245399937024 -11.5397 LRS
MB086 32031082635329537 -11.5381 LRS
MB086 32012997698256896 -11.5448 LRS
MB086 32003733579632640 -11.5448 LRS
MB086 32000884665749506 -11.5464 LRS
MB086 31999613875527680 -11.5417 LRS
MB086 31989749929476097 -11.5444 LRS
MB086 31974683532333056 -10.8118 LRS
MB086 31970840450965506 -11.5452 LRS
MB086 31949621618024448 -11.5472 LRS
MB086 31945325258211328 -11.5409 LRS
MB086 31942214154190849 -11.5425 LRS
MB086 31936729204260864 -11.5401 LRS
MB086 31934685340762112 -11.5389 LRS
MB086 31934373204852736 -11.5464 LRS
MB086 31933049541230592 -10.8126 LRS
MB086 31932998324715520 -11.544 LRS
MB086 31926612425449472 -11.5452 LRS
MB086 31919449917366273 -11.5421 LRS
MB086 31915046166601728 -10.5882 LRS
MB086 31884764654862336 -11.5452 LRS
MB086 31880549085749248 -11.5417 LRS
MB086 31877998965686273 -11.5393 LRS
MB086 31876986511032321 -11.5429 LRS
MB086 31876486982008832 -11.5448 LRS
MB086 31866026358480896 -11.544 LRS
MB086 31865156346576896 -11.5409 LRS
MB086 31859329762074624 -11.5444 LRS
MB086 31858175628025856 -11.5448 LRS
MB086 31856838332915712 -11.5421 LRS
MB086 31850074778632192 -11.5456 LRS
MB086 31842193484283904 -11.5417 LRS
MB086 31829220749475840 -11.5448 LRS
MB086 31823087842361344 -11.5452 LRS
MB086 31822156740431872 -10.813 LRS
MB086 31812198657429505 -11.5413 LRS
MB086 31809513208156160 -11.5417 LRS
MB086 31809098387292160 -11.3216 LRS
MB086 31802708600029184 -11.5409 LRS
MB086 31799664349020161 -11.5432 LRS
MB086 31799046859399168 -11.5413 LRS
MB086 31796026197147648 -11.5429 LRS
MB086 31795812023410688 -11.5405 LRS
MB086 31777088734240768 -11.5417 LRS
MB086 31769458661916672 -11.5444 LRS
MB086 31756113745551360 -11.5401 LRS
MB086 31753762661990400 -10.8202 LRS
MB086 31749096431689728 -11.5429 LRS
MB086 31737117251997696 -11.5405 LRS
MB086 31732826017636352 -11.5393 LRS
MB086 31711553585684480 -11.5409 LRS
MB086 31703901442932736 -11.5413 LRS
MB086 31698178281574401 -11.5476 LRS
MB086 31681161759559680 -11.5385 LRS
MB086 31655324167442432 -11.5421 LRS
MB086 31653565671936000 -11.5421 LRS
MB086 31653348906110976 -11.5456 LRS
MB086 31651538292178944 -11.5413 LRS
MB086 31643752757989376 -11.5456 LRS
MB086 31639781775515648 -11.5393 LRS
MB086 31632539563069440 -11.5456 LRS
MB086 31594286717861890 -10.8154 LRS
MB086 31578948240416768 -11.5377 LRS
MB086 31564371146571776 -11.5393 LRS
MB086 31562076090535937 -11.5405 LRS
MB086 31558127857967104 -11.3239 LRS
MB086 31555144055259136 -11.5417 LRS
MB086 31552324073693184 -11.5425 LRS
MB086 31551444393922560 -11.5409 LRS
MB086 31550179672858624 -11.5405 LRS
MB086 31546820970680320 -10.8134 LRS
MB086 31544444155076608 -10.8174 LRS
MB086 31542440582189056 -11.5468 LRS
MB086 31541573137203200 -11.5389 LRS
MB086 31530233823760384 -11.5421 LRS
MB086 31528042241200129 -11.5405 LRS
MB086 31526571156185088 -11.5401 LRS
MB086 31524551263264768 -11.5385 LRS
MB086 31511215666630657 -11.5409 LRS
MB086 31506684039925761 -11.5429 LRS
MB086 31506298981851136 -11.5452 LRS
MB086 31504613333016576 -11.5436 LRS
MB086 31502163540705280 -11.5401 LRS
MB086 31470086606815232 -11.5369 LRS
MB086 31469866737205248 -11.5456 LRS
MB086 31469394336948224 -11.5409 LRS
MB086 31469364234428417 -11.5421 LRS
MB086 31464583453478912 -10.8186 LRS
MB086 31464534585647104 -11.544 LRS
MB086 31462223834513409 -11.5405 LRS
MB086 31455745308364800 -11.5385 LRS
MB086 31444952584028160 -11.5409 LRS
MB086 31442829737725952 -10.8182 LRS
MB086 31441703793590272 -10.8182 LRS
MB086 31434712597663744 -11.5417 LRS
MB086 31433407808405505 -11.5448 LRS
MB086 31431817437380608 -11.544 LRS
MB086 31430565123063808 -11.5385 LRS
MB086 31419899645530112 -10.8198 LRS
MB086 31415047490117634 -11.5405 LRS
MB086 31410167299969025 -11.5385 LRS
MB086 31401122333724673 -11.5413 LRS
MB086 31397260872912896 -11.5432 LRS
MB086 31395551530459136 -10.8146 LRS
MB086 31394190898241536 -11.544 LRS
MB086 31389049419735040 -10.813 LRS
MB086 31386199008477184 -11.5421 LRS
MB086 31385999770648576 -11.5425 LRS
MB086 31381002626535425 -11.5452 LRS
MB086 31380089232957441 -11.5444 LRS
MB086 31369017079894016 -11.5389 LRS
MB086 31345456776744961 -11.5429 LRS
MB086 31336722985910272 -11.5448 LRS
MB086 31323093460844544 -11.5413 LRS
MB086 31317537132118017 -10.8194 LRS
MB086 31306247214997504 -11.5401 LRS
MB086 31301958899867648 -11.5444 LRS
MB086 31295502456717312 -10.8174 LRS
MB086 31288024667004928 -10.817 LRS
MB086 31284921209200641 -11.3231 LRS
MB086 31280973882593281 -11.544 LRS
MB086 31273977473146880 -11.5417 LRS
MB086 31262806833635328 -11.5409 LRS
MB086 31258404697673728 -11.5409 LRS
MB086 31248809627484160 -11.5405 LRS
MB086 31234744930795520 -11.5397 LRS
MB086 31231541749219328 -11.5385 LRS
MB086 31228524996075520 -10.8122 LRS
MB086 31225799411499008 -11.5436 LRS
MB086 31221325917855744 -10.8186 LRS
MB086 31219652172455936 -10.8134 LRS
MB086 31216760136933376 -11.5432 LRS
MB086 31210137301553152 -11.5413 LRS
MB086 31205606949920768 -11.5456 LRS
MB086 31204961165508608 -11.5417 LRS
MB086 31198370315898881 -11.5397 LRS
MB086 31197451826241536 -11.5425 LRS
MB086 31190920485412864 -11.5417 LRS
MB086 31186326225162240 -11.544 LRS
MB086 31184842511089664 -11.5397 LRS
MB086 31184254771658752 -11.5421 LRS
MB086 31182887877353472 -11.5468 LRS
MB086 31180697142042624 -11.544 LRS
MB086 31171218950328320 -11.5432 LRS
MB086 31162727036620800 -11.5397 LRS
MB086 31159912562171904 -11.5401 LRS
MB086 31158377006505985 -11.5444 LRS
MB086 31152561889214464 -11.5436 LRS
MB086 31152086456467456 -11.5448 LRS
MB086 31151082398810112 -11.5468 LRS
MB086 31150017846853632 -11.5452 LRS
MB086 31144147456892928 -11.5444 LRS
MB086 31142417381982209 -11.5389 LRS
MB086 31138561503793153 -11.5389 LRS
MB086 31136208658636800 -11.5436 LRS
MB086 31131276580757504 -11.5409 LRS
MB086 31115990683099136 -11.5425 LRS
MB086 31114866634788864 -11.5417 LRS
MB086 31114204622626816 -11.546 LRS
MB086 31113716225286144 -10.8146 LRS
MB086 31112699475660800 -11.5456 LRS
MB086 31112213561348096 -11.5432 LRS
MB086 31104017597734912 -11.5436 LRS
MB086 31100751245737984 -11.5425 LRS
MB086 31095735273390080 -11.5452 LRS
MB086 31090218291437569 -10.8186 LRS
MB086 31083487079440385 -10.8178 LRS
MB086 31083015689998337 -11.5417 LRS
MB086 31075684218576896 -11.544 LRS
MB086 31064238692769792 -11.5432 LRS
MB086 31060392931229696 -11.5417 LRS
MB086 31058661182799872 -10.8182 LRS
MB086 31055329227710464 -11.5413 LRS
MB086 31053656509911040 -11.5421 LRS
MB086 31052413297229825 -11.5444 LRS
MB086 31051304029655040 -11.5432 LRS
MB086 31051183942533120 -10.8154 LRS
MB086 31046884734795776 -11.5409 LRS
MB086 31046242725273600 -11.5381 LRS
MB086 31045339037310977 -11.5429 LRS
MB086 31043418247401472 -11.5417 LRS
MB086 31028232455200768 -11.5425 LRS
MB086 31027941995454464 -11.5456 LRS
MB086 31022406134931456 -11.5448 LRS
MB086 31019038398226432 -11.3302 LRS
MB086 31018941128118272 -11.544 LRS
MB086 31014958258982912 -11.5409 LRS
MB086 31011657253650432 -11.3255 LRS
MB086 31011517604306944 -11.5448 LRS
MB086 31009227434622976 -11.5429 LRS
MB086 31006409738948610 -11.3231 LRS
MB086 31004139957780481 -10.8154 LRS
MB086 31001768372469760 -10.8154 LRS
MB086 31000463302205441 -11.5417 LRS
MB086 30997253653004288 -11.5448 LRS
MB086 30995788070916096 -11.5409 LRS
MB086 30986676373299200 -11.5385 LRS
MB086 30980352872816640 -10.817 LRS
MB086 30978020407771136 -11.5496 LRS
MB086 30974062620573697 -11.5405 LRS
MB086 30971264348725248 -10.8126 LRS
MB086 30966722299170816 -11.3235 LRS
MB086 30966159528435712 -10.8206 LRS
MB086 30965261251117056 -11.5405 LRS
MB086 30950530419261440 -11.5413 LRS
MB086 30941177725329408 -11.5409 LRS
MB086 30938959714451456 -11.5425 LRS
MB086 30934995304456192 -11.5413 LRS
MB086 30933182039728128 -11.544 LRS
MB086 30927527216152576 -11.5417 LRS
MB086 30917648887840768 -11.5405 LRS
MB086 30916036156981249 -11.3216 LRS
MB086 30909954219053056 -11.3235 LRS
MB086 30902572705390592 -11.5456 LRS
MB086 30899515204575232 -11.5409 LRS
MB086 30897918403682304 -11.5397 LRS
MB086 30887092338827264 -11.3239 LRS
MB086 30874824087699456 -11.5405 LRS
MB086 30869097650585600 -11.5464 LRS
MB086 30855477260722176 -11.5456 LRS
MB086 30853072976609280 -11.5452 LRS
MB086 30853015657259008 -11.5381 LRS
MB086 30837647228280834 -11.5444 LRS
MB086 30837028836872192 -11.5409 LRS
MB086 30832021626429440 -11.5405 LRS
MB086 30828910996365314 -11.5409 LRS
MB086 30827989386137601 -11.5436 LRS
MB086 30824960087818240 -11.544 LRS
MB086 30823386087165952 -11.5425 LRS
MB086 30809856231342080 -11.5432 LRS
MB086 30807307528962048 -11.5448 LRS
MB086 30807032063856640 -11.5393 LRS
MB086 30798313896804352 -11.544 LRS
MB086 30796891574763520 -11.5409 LRS
MB086 30795613545168897 -11.5436 LRS
MB086 30791505140523008 -11.544 LRS
MB086 30791032337604608 -11.5452 LRS
MB086 30785190888480768 -11.5393 LRS
MB086 30782154858303488 -11.5393 LRS
MB086 30779566821736448 -11.5425 LRS
MB086 30779207692845058 -11.5421 LRS
MB086 30776805124218880 -11.5397 LRS
MB086 30774161164996608 -11.5432 LRS
MB086 30772160096116736 -11.5444 LRS
MB086 30771929514250241 -11.5417 LRS
MB086 30767725764677632 -11.5452 LRS
MB086 30767399326195712 -11.5405 LRS
MB086 30766608506953728 -11.5452 LRS
MB086 30761273268375552 -11.3184 LRS
MB086 30759684172419073 -11.5417 LRS
MB086 30759670763233280 -11.5448 LRS
MB086 30751482856873985 -10.8158 LRS
MB086 30749316276559873 -11.5484 LRS
MB086 30747653998387200 -11.5385 LRS
MB086 30747418995724288 -11.5401 LRS
MB086 30745658168180736 -11.5429 LRS
MB086 30745308690386945 -11.5409 LRS
MB086 30744164857552896 -11.5464 LRS
MB086 30742842766794752 -11.5436 LRS
MB086 30741238407757824 -11.5417 LRS
MB086 30736383156948992 -11.5452 LRS
MB086 30729307835863040 -11.5432 LRS
MB086 30728774312001536 -11.5421 LRS
MB086 30728097892401152 -11.5405 LRS
MB086 30720083894468608 -11.5425 LRS
MB086 30718232734208000 -11.5413 LRS
MB086 30718027745992704 -11.5409 LRS
MB086 30717855687245824 -11.3235 LRS
MB086 30712023918583808 -11.5401 LRS
MB086 30709497538285568 -11.546 LRS
MB086 30703283312009218 -11.3227 LRS
MB086 30695811394310144 -11.5425 LRS
MB086 30695810555445248 -11.5425 LRS
MB086 30684228928671744 -11.1925 LRS
MB086 30678042397384704 -11.5456 LRS
MB086 30677780928659457 -11.3299 LRS
MB086 30676929996652544 -11.5413 LRS
MB086 30675242280034304 -11.5381 LRS
MB086 30672165112123392 -11.5444 LRS
MB086 30671333884960770 -11.3231 LRS
MB086 30670904518254594 -11.546 LRS
MB086 30667405860540417 -11.5452 LRS
MB086 30664661326110720 -11.5417 LRS
MB086 30663888601092097 -11.5421 LRS
MB086 30663357258272768 -11.5413 LRS
MB086 30658881596166145 -11.5417 LRS
MB086 30658143398662144 -11.3251 LRS
MB086 30653034388267008 -11.5436 LRS
MB086 30645343645339648 -11.5436 LRS
MB086 30643716314112000 -11.5456 LRS
MB086 30637035324710913 -11.5452 LRS
MB086 30633090309165057 -11.5409 LRS
MB086 30621930084110336 -11.5421 LRS
MB086 30610766532976640 -11.5436 LRS
MB086 30607835935019009 -11.5421 LRS
MB086 30601690541461504 -10.8182 LRS
MB086 30599023714893824 -11.5381 LRS
MB086 30587853255737344 -11.5432 LRS
MB086 30583708369031169 -11.5448 LRS
MB086 30583095837069312 -11.5421 LRS
MB086 30582253490802689 -11.544 LRS
MB086 30571110252683264 -11.5405 LRS
MB086 30548542846144513 -11.544 LRS
MB086 30543246849474561 -11.3271 LRS
MB086 30542500087209984 -11.5405 LRS
MB086 30539059692572672 -11.5444 LRS
MB086 30538295825928192 -11.5405 LRS
MB086 30529334087262208 -11.5417 LRS
MB086 30524364021563392 -11.5417 LRS
MB086 30518439294541825 -11.5405 LRS
MB086 30517228143116288 -11.544 LRS
MB086 30513658916245504 -11.5456 LRS
MB086 30512645576589312 -11.5464 LRS
MB086 30510380082012160 -11.5432 LRS
MB086 30499113011257344 -11.5417 LRS
MB086 30498483299422208 -11.5468 LRS
MB086 30497586745974784 -11.5444 LRS
MB086 30493958324879360 -11.5377 LRS
MB086 30488422455971841 -11.5389 LRS
MB086 30486526777364481 -11.5429 LRS
MB086 30486198329806849 -11.5432 LRS
MB086 30483749548331008 -11.5452 LRS
MB086 30466979076775937 -11.5401 LRS
MB086 30463779686846464 -10.8182 LRS
MB086 30462916687831043 -11.5444 LRS
MB086 30461795810410496 -11.5409 LRS
MB086 30455761637212160 -11.5409 LRS
MB086 30455039919132672 -11.5393 LRS
MB086 30454832917651456 -11.5448 LRS
MB086 30452965663838209 -11.5385 LRS
MB086 30442895722938370 -11.5397 LRS
MB086 30438507772125184 -11.3231 LRS
MB086 30435582614183936 -11.5401 LRS
MB086 30433969078013952 -11.5452 LRS
MB086 30433201826566144 -11.5432 LRS
MB086 30430182196121600 -11.544 LRS
MB086 30425913564860416 -11.5464 LRS
MB086 30421458878464001 -11.5448 LRS
MB086 30420468355825664 -11.5448 LRS
MB086 30418414853951488 -11.5377 LRS
MB086 30417289937424384 -10.8229 LRS
MB086 30416787325583360 -11.544 LRS
MB086 30413660270632960 -11.546 LRS
MB086 30413166630408192 -11.544 LRS
MB086 30412875373748224 -10.8142 LRS
MB086 30412073208913922 -11.5444 LRS
MB086 30404788009041923 -11.5452 LRS
MB086 30404634510106624 -11.5444 LRS
MB086 30397849199968257 -11.5464 LRS
MB086 30396142785138690 -11.5421 LRS
MB086 30395441858220033 -11.5405 LRS
MB086 30391762459557889 -11.5444 LRS
MB086 30380164475002881 -11.5421 LRS
MB086 30379095762149376 -11.5405 LRS
MB086 30378757017567233 -11.5421 LRS
MB086 30378265159929857 -11.5421 LRS
MB086 30377546201694208 -11.5401 LRS
MB086 30375952143884289 -11.5393 LRS
MB086 30375479324188672 -11.5444 LRS
MB086 30375162822004736 -10.8178 LRS
MB086 30373049995886592 -11.5444 LRS
MB086 30368972012523520 -11.5429 LRS
MB086 30367491200913409 -11.5444 LRS
MB086 30363645179330560 -10.811 LRS
MB086 30348990276964352 -11.5429 LRS
MB086 30348206588043265 -11.5452 LRS
MB086 30330223408971778 -11.5452 LRS
MB086 30325398441037824 -11.5417 LRS
MB086 30319791889719296 -11.5413 LRS
MB086 30316847572193280 -11.5405 LRS
MB086 30316794950451200 -11.5452 LRS
MB086 30311020048154624 -11.5409 LRS
MB086 30305656284123136 -11.5429 LRS
MB086 30288158696411136 -11.5452 LRS
MB086 30279027746934785 -11.5452 LRS
MB086 30277453368786944 -10.8162 LRS
MB086 30272363870294016 -11.5464 LRS
MB086 30263771117125632 -11.5448 LRS
MB086 30258629760258049 -10.8186 LRS
MB086 30250128128344064 -11.5444 LRS
MB086 30244862943039488 -11.5448 LRS
MB086 30244737835339776 -11.5448 LRS
MB086 30240069235249152 -11.5425 LRS
MB086 30234258631036928 -11.5444 LRS
MB086 30233316070268928 -11.5425 LRS
MB086 30223799307730944 -11.5452 LRS
MB086 30203089914961921 -11.5373 LRS
MB086 30202638561710080 -11.5425 LRS
MB086 30198621387358208 -11.5417 LRS
MB086 30184661133037571 -11.5417 LRS
MB086 30179487928811520 -11.5401 LRS
MB086 30178701425512448 -11.5413 LRS
MB086 30176304095563776 -11.5436 LRS
MB086 30172668875513856 -11.3223 LRS
MB086 30171250743578624 -11.5409 LRS
MB086 30169874592436224 -11.5405 LRS
MB086 30160666098667521 -11.5464 LRS
MB086 30146947197177857 -9.04189 LRS
MB086 30140600766435328 -11.5456 LRS
MB086 30123323853635584 -11.5452 LRS
MB086 30122514470408192 -11.5452 LRS
MB086 30116417256820737 -11.5464 LRS
MB086 30106687658524673 -11.5405 LRS
MB086 30104915481198592 -11.5389 LRS
MB086 30095999934402561 -11.5409 LRS
MB086 30091511530004480 -11.5381 LRS
MB086 30088166446731266 -11.5417 LRS
MB086 30084912103038976 -11.5393 LRS
MB086 30081542608912384 -11.546 LRS
MB086 30068631345831936 -11.5436 LRS
MB086 30067549177647105 -11.544 LRS
MB086 30066845557981185 -11.5444 LRS
MB086 30063531483209728 -11.3235 LRS
MB086 30062045768450048 -11.5448 LRS
MB086 30060298375274496 -11.5401 LRS
MB086 30058591570370560 -11.5436 LRS
MB086 30056218047287296 -11.5405 LRS
MB086 30054381718085632 -11.5452 LRS
MB086 30054360633315328 -11.5452 LRS
MB086 30047279641530368 -11.544 LRS
MB086 30038169726492672 -11.5432 LRS
MB086 30029559411773440 -11.5425 LRS
MB086 30024621822582784 -11.5452 LRS
MB086 30021210309918720 -11.5452 LRS
MB086 30018599179526145 -11.5456 LRS
MB086 30015762395561985 -11.5397 LRS
MB086 30014601596764160 -11.5436 LRS
MB086 30013899466084352 -10.8182 LRS
MB086 30013015449411584 -11.5409 LRS
MB086 29995509405978625 -11.5472 LRS
MB086 29990350961516545 -7.80974 LRS
MB086 29987957767151616 -11.5448 LRS
MB086 29985632289820672 -10.811 LRS
MB086 29980618624335873 -11.5409 LRS
MB086 29973423811727360 -11.544 LRS
MB086 29970197326594048 -11.544 LRS
MB086 29965575237140480 -11.5452 LRS
MB086 29960927767961600 -11.5448 LRS
MB086 29956847007961088 -11.5429 LRS
MB086 29951456115171328 -10.8178 LRS
MB086 29941395812786177 -11.5432 LRS
MB086 29938407081779201 -11.5456 LRS
MB086 29937325668573184 -7.80935 LRS
MB086 29937026249789440 -11.5401 LRS
MB086 29936538108297217 -11.5429 LRS
MB086 29930801151877120 -11.5448 LRS
MB086 29918140443926528 -11.5413 LRS
MB086 29916715408166913 -11.5417 LRS
MB086 29915875469434880 -11.5464 LRS
MB086 29913978117300224 -11.5405 LRS
MB086 29902796727779330 -11.544 LRS
MB086 29894505872236545 -11.5444 LRS
MB086 29886962143854592 -11.5409 LRS
MB086 29885549351280640 -11.5444 LRS
MB086 29869089979633664 -10.8158 LRS
MB086 29866394778599425 -11.546 LRS
MB086 29860870808936449 -11.5456 LRS
MB086 29857167506931712 -11.3231 LRS
MB086 29846527547543552 -11.3235 LRS
MB086 29844199524274176 -11.5432 LRS
MB086 29834043126194177 -11.3235 LRS
MB086 29832975470305280 -11.5444 LRS
MB086 29831063102554112 -11.544 LRS
MB086 29827445376942080 -11.5444 LRS
MB086 29824874235035648 -11.5432 LRS
MB086 29815336723283969 -11.5444 LRS
MB086 29805345765335041 -11.3231 LRS
MB086 29802935240101889 -11.5413 LRS
MB086 29799186077589505 -11.3275 LRS
MB086 29784663161573376 -11.5425 LRS
MB086 29783596797530113 -11.5417 LRS
MB086 29779073651703808 -11.5429 LRS
MB086 29773927471382529 -11.5413 LRS
MB086 29773865412460545 -11.5436 LRS
MB086 29768217274621952 -11.5405 LRS
MB086 29766892201713664 -11.5432 LRS
MB086 29755257735086081 -11.5377 LRS
MB086 29752305800708096 -11.5425 LRS
MB086 29750003706634240 -11.544 LRS
MB086 29748170787397632 -10.8134 LRS
MB086 29744332361699328 -11.5413 LRS
MB086 29742473332920320 -11.5385 LRS
MB086 29734051074015232 -11.544 LRS
MB086 29731985010196480 -11.5389 LRS
MB086 29730177667829760 -11.5448 LRS
MB086 29726807246770176 -11.5409 LRS
MB086 29726169683197952 -11.5448 LRS
MB086 29723480316444672 -11.5417 LRS
MB086 29717360587841536 -11.3251 LRS
MB086 29715991520874496 -10.819 LRS
MB086 29706398333927425 -11.5436 LRS
MB086 29697599837577216 -11.5432 LRS
MB086 29688890453393408 -11.5432 LRS
MB086 29688104860254209 -11.5468 LRS
MB086 29681785755410433 -11.5397 LRS
MB086 29678420153606145 -11.5385 LRS
MB086 29676217019932672 -11.5393 LRS
MB086 29670909463756801 -11.544 LRS
MB086 29669094923964416 -11.5464 LRS
MB086 29656965734993920 -11.544 LRS
MB086 29654358702428161 -11.5409 LRS
MB086 29653983232532480 -11.5436 LRS
MB086 29649858008715265 -11.5432 LRS
MB086 29648841972121600 -10.819 LRS
MB086 29646756241219585 -11.546 LRS
MB086 29642200241414144 -10.8166 LRS
MB086 29640160798834688 -11.5464 LRS
MB086 29637025531437056 -11.544 LRS
MB086 29624902826852352 -11.5456 LRS
MB086 29617035436625920 -10.815 LRS
MB086 29600024887296000 -11.5389 LRS
MB086 29593756491579392 -11.5413 LRS
MB086 29588514202984449 -11.5401 LRS
MB086 29586798711672832 -11.5452 LRS
MB086 29585549970898945 -11.5421 LRS
MB086 29583441351680002 -11.3219 LRS
MB086 29576023934763008 -9.48837 LRS
MB086 29570380972695552 -11.5389 LRS
MB086 29569668519825408 -11.5417 LRS
MB086 29564886354763776 -11.5436 LRS
MB086 29559375261601792 -11.546 LRS
MB086 29556269169774592 -11.3239 LRS
MB086 29554157409013760 -11.5417 LRS
MB086 29545122429407232 -11.5381 LRS
MB086 29539369320718338 -11.5468 LRS
MB086 29529620386676736 -11.5429 LRS
MB086 29515041929691137 -11.546 LRS
MB086 29513205877313536 -11.5413 LRS
MB086 29501373070446592 -10.8182 LRS
MB086 29498026905051136 -11.5429 LRS
MB086 29494391810818048 -11.546 LRS
MB086 29492447847383041 -11.5429 LRS
MB086 29491383353999360 -9.48241 LRS
MB086 29488990407098368 -9.4832 LRS
MB086 29485632304717824 -11.5456 LRS
MB086 29469216423813121 -11.5413 LRS
MB086 29463996230799360 -9.48519 LRS
MB086 29459452583215104 -11.5472 LRS
MB086 29453459002499072 -11.5452 LRS
MB086 29442086180749312 -8.29948 LRS
MB086 29441608327892992 -11.5405 LRS
MB086 29439914063953920 -11.5409 LRS
MB086 29438683413221376 -11.5397 LRS
MB086 29435676638314496 -11.5464 LRS
MB086 29435673865879552 -11.5464 LRS
MB086 29428612545380352 -10.8138 LRS
MB086 29414758830571520 -11.5452 LRS
MB086 29405576991612928 -11.5369 LRS
MB086 29404802370772992 -8.75776 LRS
MB086 29404485226856448 -11.5429 LRS
MB086 29402165919350784 -9.48757 LRS
MB086 29399825455783936 -11.5444 LRS
MB086 29398510877024256 -11.5429 LRS
MB086 29396791782805504 -10.436 LRS
MB086 29392983799365632 -11.5417 LRS
MB086 29388008155258880 -11.5421 LRS
MB086 29386574865104896 -11.5472 LRS
MB086 29385081176981505 -11.5393 LRS
MB086 29384234535755777 -11.5417 LRS
MB086 29383227986677760 -7.80537 LRS
MB086 29380520303394816 -11.5401 LRS
MB086 29375797848444929 -11.5393 LRS
MB086 29374628942053376 -11.544 LRS
MB086 29373247833251840 -11.5425 LRS
MB086 29371773623476225 -11.5456 LRS
MB086 29369515326312448 -11.5389 LRS
MB086 29355438835240960 -11.5409 LRS
MB086 29355238905348098 -11.5393 LRS
MB086 29347479497482240 -11.5405 LRS
MB086 29345535580180480 -11.5456 LRS
MB086 29335001745063936 -11.544 LRS
MB086 29328378410573824 -11.5421 LRS
MB086 29327363422556160 -11.546 LRS
MB086 29325434873192448 -11.5409 LRS
MB086 29298393402572801 -11.5444 LRS
MB086 29297487437103104 -11.5444 LRS
MB086 29297475609174016 -11.544 LRS
MB086 29296356346560512 -11.5436 LRS
MB086 29296097251819521 -11.5393 LRS
MB086 29287874578882560 -11.546 LRS
MB086 29286177517346816 -11.5456 LRS
MB086 29284152725475328 -11.5448 LRS
MB086 29271317354123264 -11.5417 LRS
MB086 29265201169694721 -11.3247 LRS
MB086 29262420102881280 -11.544 LRS
MB086 29258998540668928 -11.5413 LRS
MB086 29244981755514880 -11.5381 LRS
MB086 29243219967483904 -11.5468 LRS
MB086 29234173906522112 -11.5452 LRS
MB086 29232030084505600 -11.5448 LRS
MB086 29227317930762240 -11.546 LRS
MB086 29222231989035008 -11.5421 LRS
MB086 29212764283076608 -10.817 LRS
MB086 29209902102618112 -11.544 LRS
MB086 29204467731660800 -11.5417 LRS
MB086 29189252570939392 -10.8194 LRS
MB086 29188875788226561 -11.5421 LRS
MB086 29187973064953856 -10.8202 LRS
MB086 29181814337699840 -11.546 LRS
MB086 29163765572304897 -11.5413 LRS
MB086 29162492747845632 -11.546 LRS
MB086 29159007616761856 -11.5421 LRS
MB086 29158158857408513 -11.5405 LRS
MB086 29146763931680768 -7.80656 LRS
MB086 29144305486528512 -11.5444 LRS
MB086 29143135825174528 -11.5444 LRS
MB086 29127486059061248 -11.5421 LRS
MB086 29121866333425664 -9.48757 LRS
MB086 29119923103989760 -11.3231 LRS
MB086 29118332934295552 -11.546 LRS
MB086 29117396539150336 -11.544 LRS
MB086 29107104522436608 -10.4388 LRS
MB086 29094089513238528 -11.5401 LRS
MB086 29086199763181568 -11.5472 LRS
MB086 29070177752584192 -10.8198 LRS
MB086 29067530056245248 -11.5436 LRS
MB086 29065212611002369 -11.5421 LRS
MB086 29052491538628609 -11.5448 LRS
MB086 29050649618415616 -11.5405 LRS
MB086 29049115472044032 -11.546 LRS
MB086 29040482524856321 -11.5452 LRS
MB086 29039139458383872 -11.5409 LRS
MB086 29036632392863744 -11.3235 LRS
MB086 29028594143461377 -11.5464 LRS
MB086 29025135629438977 -11.5401 LRS
MB086 29018191883673600 -11.5452 LRS
MB086 29015151210405889 -11.5448 LRS
MB086 29014715824873472 -11.548 LRS
MB086 29013764443475969 -10.821 LRS
MB086 29001106029805569 -11.5393 LRS
MB086 28986909833297920 -11.5425 LRS
MB086 28981043449044992 -11.5456 LRS
MB086 28978703102902273 -11.5397 LRS
MB086 28978692289994752 -9.48757 LRS
MB086 28978641706684416 -7.80656 LRS
MB086 28974893693411328 -11.5393 LRS
MB086 28971749961891840 -9.48797 LRS
