MB089 32987831504736257 -9.5429 LRS
MB089 32987670930137088 -10.0179 LRS
MB089 32985721136480257 -9.81433 LRS
MB089 32985473123090432 -9.53655 LRS
MB089 32983946002169856 -10.0187 LRS
MB089 32982978640478208 -9.5583 LRS
MB089 32982337943773186 -8.87938 LRS
MB089 32978948447019008 -10.0187 LRS
MB089 32978800442605568 -8.67703 LRS
MB089 32977865347694592 -10.021 LRS
MB089 32976612467146752 -10.0167 LRS
MB089 32975080640221185 -8.88097 LRS
MB089 32972731704156160 -9.56028 LRS
MB089 32972394335309824 -10.0175 LRS
MB089 32971923419832320 -10.0155 LRS
MB089 32969920333479938 -9.54369 LRS
MB089 32969839400198144 -10.0171 LRS
MB089 32968183111491585 -10.0163 LRS
MB089 32968083744227328 -10.0167 LRS
MB089 32966657085284352 -9.53376 LRS
MB089 32965979059261440 -9.81591 LRS
MB089 32964219515174912 -9.55352 LRS
MB089 32963399491137536 -10.0202 LRS
MB089 32961756456288256 -10.0179 LRS
MB089 32958364216467456 -10.0159 LRS
MB089 32957797528240128 -9.53694 LRS
MB089 32956541527134208 -9.53734 LRS
MB089 32955516640559104 -9.55949 LRS
MB089 32951294511546368 -10.0199 LRS
MB089 32950296401416192 -8.87819 LRS
MB089 32950221734416384 -9.53615 LRS
MB089 32949570572910592 -10.0218 LRS
MB089 32949124672397312 -10.0183 LRS
MB089 32948059402928128 -9.53933 LRS
MB089 32947425744396288 -10.0191 LRS
MB089 32945771993112576 -10.0206 LRS
MB089 32944478960492545 -10.0159 LRS
MB089 32943142722338816 -10.0226 LRS
MB089 32941789656653825 -10.021 LRS
MB089 32941370129784832 -8.88018 LRS
MB089 32937830221090816 -9.55551 LRS
MB089 32935733572407297 -10.0199 LRS
MB089 32935572788097024 -9.55551 LRS
MB089 32934191377158144 -10.0195 LRS
MB089 32932875015823361 -10.0187 LRS
MB089 32932281341444096 -10.0171 LRS
MB089 32931090893119488 -10.0234 LRS
MB089 32930901297987584 -9.55671 LRS
MB089 32930509067653120 -9.81512 LRS
MB089 32929123215081472 -9.56067 LRS
MB089 32927953901846528 -9.5583 LRS
MB089 32924578741227520 -9.53376 LRS
MB089 32924532998144000 -9.5583 LRS
MB089 32922454741487616 -10.0163 LRS
MB089 32922319257083905 -10.0179 LRS
MB089 32921582036848641 -9.54012 LRS
MB089 32920728022032385 -9.81234 LRS
MB089 32919880491728896 -9.55869 LRS
MB089 32918444936527872 -9.5571 LRS
MB089 32918033097826304 -10.0226 LRS
MB089 32917490359074816 -10.0234 LRS
MB089 32917111487594496 -10.0155 LRS
MB089 32914878448537600 -9.54052 LRS
MB089 32911875272351745 -10.0222 LRS
MB089 32909804674490369 -10.0187 LRS
MB089 32907983490916352 -10.0155 LRS
MB089 32904516760244225 -9.5575 LRS
MB089 32901494453829632 -9.5575 LRS
MB089 32900270434291712 -9.54092 LRS
MB089 32898961723367424 -10.0218 LRS
MB089 32895649649270784 -9.5579 LRS
MB089 32895091379011584 -10.0218 LRS
MB089 32894867613040640 -10.0187 LRS
MB089 32893171662852097 -9.81472 LRS
MB089 32892728941481984 -10.0202 LRS
MB089 32891120966959104 -10.0234 LRS
MB089 32888391217451008 -10.0167 LRS
MB089 32887409960030208 -9.55631 LRS
MB089 32886545040019457 -10.0163 LRS
MB089 32886337531019264 -10.0183 LRS
MB089 32886327716347904 -9.81631 LRS
MB089 32884541060292609 -10.0214 LRS
MB089 32884539621638144 -9.5583 LRS
MB089 32884360612937728 -10.0191 LRS
MB089 32883890897035264 -10.0238 LRS
MB089 32883228217970689 -9.56067 LRS
MB089 32879955041849344 -9.5575 LRS
MB089 32879703551377408 -9.5575 LRS
MB089 32875835375493120 -10.0222 LRS
MB089 32875347804422144 -9.55352 LRS
MB089 32875302581575680 -10.0202 LRS
MB089 32874424248041472 -10.0187 LRS
MB089 32872233277849601 -10.0199 LRS
MB089 32870343567880192 -9.53734 LRS
MB089 32869297541881856 -10.0226 LRS
MB089 32868677145600000 -10.0183 LRS
MB089 32864949613101056 -10.023 LRS
MB089 32863293001437184 -10.0143 LRS
MB089 32862144026386432 -10.0218 LRS
MB089 32861548489740288 -10.0199 LRS
MB089 32861432500457472 -8.877 LRS
MB089 32861178615037952 -10.0159 LRS
MB089 32859384618950656 -9.56067 LRS
MB089 32859370433806336 -10.023 LRS
MB089 32858968145530880 -10.0191 LRS
MB089 32858182757916674 -9.81433 LRS
MB089 32857611778924544 -10.0179 LRS
MB089 32857442484232192 -10.0214 LRS
MB089 32856322210799616 -10.0167 LRS
MB089 32854529670127616 -10.0214 LRS
MB089 32854375701422080 -9.55869 LRS
MB089 32854064739909632 -9.56107 LRS
MB089 32853659129741313 -9.81393 LRS
MB089 32852369695838209 -9.81631 LRS
MB089 32852041000816640 -9.5571 LRS
MB089 32848633795715073 -9.55869 LRS
MB089 32848631044247553 -10.0163 LRS
MB089 32848244534939648 -10.0195 LRS
MB089 32846942245486592 -10.0234 LRS
MB089 32845854113009665 -10.0202 LRS
MB089 32845713045987328 -10.0151 LRS
MB089 32845529956229120 -10.0187 LRS
MB089 32843881674448898 -9.5583 LRS
MB089 32843325086109696 -9.55472 LRS
MB089 32842223447969792 -10.0222 LRS
MB089 32842213230645248 -10.021 LRS
MB089 32841228043161600 -10.0202 LRS
MB089 32838495173083136 -10.0163 LRS
MB089 32836680004145152 -10.0222 LRS
MB089 32835269551980545 -10.0214 LRS
MB089 32835014215335938 -9.81472 LRS
MB089 32834815581495296 -10.0183 LRS
MB089 32831127790026752 -8.88216 LRS
MB089 32831067949891584 -8.88809 LRS
MB089 32831026141077504 -10.0191 LRS
MB089 32829308233842688 -10.021 LRS
MB089 32829079140966400 -9.20224 LRS
MB089 32826623673769984 -10.0222 LRS
MB089 32825138479112193 -10.0218 LRS
MB089 32824239518126080 -10.0206 LRS
MB089 32823586053947392 -9.5583 LRS
MB089 32820529782067200 -10.023 LRS
MB089 32820347711520768 -8.88058 LRS
MB089 32819868248051712 -10.0167 LRS
MB089 32817628032536576 -10.0187 LRS
MB089 32817438806511616 -10.021 LRS
MB089 32816953185804289 -9.5579 LRS
MB089 32814296941461505 -9.55671 LRS
MB089 32812468891815936 -10.0218 LRS
MB089 32810472734457856 -9.55869 LRS
MB089 32810380820480000 -10.023 LRS
MB089 32809486003478530 -9.54012 LRS
MB089 32809015939440640 -9.55591 LRS
MB089 32809004077940736 -10.0202 LRS
MB089 32808405643042816 -8.87978 LRS
MB089 32807955938152448 -10.0167 LRS
MB089 32806974299049984 -10.0195 LRS
MB089 32806630479372288 -10.021 LRS
MB089 32806332746698752 -8.88216 LRS
MB089 32805384599117824 -10.0218 LRS
MB089 32804293220237312 -10.0179 LRS
MB089 32802898614165504 -10.0163 LRS
MB089 32801698594430976 -10.0222 LRS
MB089 32801373980467201 -10.0191 LRS
MB089 32798316609675264 -8.8774 LRS
MB089 32797774693015552 -10.0179 LRS
MB089 32797636402614272 -9.53575 LRS
MB089 32797389341331456 -8.88058 LRS
MB089 32797174542630912 -10.0222 LRS
MB089 32795294638800897 -10.0155 LRS
MB089 32793132940664833 -9.54012 LRS
MB089 32790566722871297 -9.5579 LRS
MB089 32788699309670401 -10.0226 LRS
MB089 32785198563201024 -9.54092 LRS
MB089 32782040277458944 -10.0171 LRS
MB089 32779003693637633 -10.0222 LRS
MB089 32776057388015616 -10.0191 LRS
MB089 32773769806221312 -10.021 LRS
MB089 32773422408802304 -10.0202 LRS
MB089 32770369660125184 -10.0187 LRS
MB089 32768201733443585 -10.0187 LRS
MB089 32766178271174656 -9.55312 LRS
MB089 32765042550120448 -8.87899 LRS
MB089 32764860508934144 -9.55631 LRS
MB089 32764525224665088 -10.0218 LRS
MB089 32761027913318400 -9.55631 LRS
MB089 32756727757676545 -8.87859 LRS
MB089 32751514019696640 -9.5571 LRS
MB089 32748273072607232 -10.0218 LRS
MB089 32747519897239552 -10.0175 LRS
MB089 32742539144462336 -9.5583 LRS
MB089 32736995969073152 -9.56067 LRS
MB089 32736392916246528 -9.55909 LRS
MB089 32730547688050688 -10.0226 LRS
MB089 32727724581724160 -9.55869 LRS
MB089 32717363413516288 -8.88216 LRS
MB089 32716493225463808 -10.0254 LRS
MB089 32716341173551104 -10.021 LRS
MB089 32714925709205504 -10.0202 LRS
MB089 32714038634881024 -9.5571 LRS
MB089 32713571053871104 -10.021 LRS
MB089 32712100618960896 -10.0214 LRS
MB089 32702292482334720 -10.0226 LRS
MB089 32700353090682881 -10.0199 LRS
MB089 32697904405676033 -10.023 LRS
MB089 32693904386031617 -9.20145 LRS
MB089 32693345868324864 -10.0202 LRS
MB089 32693158437453824 -10.021 LRS
MB089 32691890499358720 -10.0175 LRS
MB089 32690140493127680 -10.0226 LRS
MB089 32684448218611714 -9.56028 LRS
MB089 32682910133788672 -10.0183 LRS
MB089 32678989017387008 -10.0222 LRS
MB089 32678669495312384 -10.0218 LRS
MB089 32675808011100160 -10.0199 LRS
MB089 32674130486624256 -10.0175 LRS
MB089 32672909113688065 -10.0202 LRS
MB089 32672908115447808 -10.0191 LRS
MB089 32671473269211136 -10.0202 LRS
MB089 32669628425568257 -8.88137 LRS
MB089 32667238326599680 -9.53495 LRS
MB089 32665794852683776 -10.023 LRS
MB089 32664260031021057 -8.88177 LRS
MB089 32660794399268864 -10.0234 LRS
MB089 32659843571515392 -9.53893 LRS
MB089 32658516963500033 -10.0206 LRS
MB089 32658243276767232 -10.0214 LRS
MB089 32657730716041216 -9.56146 LRS
MB089 32656981122617344 -9.53893 LRS
MB089 32656653434232832 -10.0163 LRS
MB089 32656382834511872 -10.0199 LRS
MB089 32656186889211904 -10.0171 LRS
MB089 32654328065957890 -10.0214 LRS
MB089 32653773079842816 -10.0163 LRS
MB089 32649912550162432 -10.0167 LRS
MB089 32648577054408704 -9.55909 LRS
MB089 32647623634587648 -10.0206 LRS
MB089 32647559952474112 -10.0258 LRS
MB089 32646501217869824 -10.0222 LRS
MB089 32646063546437632 -9.55551 LRS
MB089 32645840254271488 -10.0222 LRS
MB089 32644391931748352 -10.0242 LRS
MB089 32643651775496192 -10.0195 LRS
MB089 32639639714013185 -9.55988 LRS
MB089 32636038463627264 -9.5571 LRS
MB089 32634645841448961 -10.023 LRS
MB089 32632720697851905 -10.0191 LRS
MB089 32632215925948416 -10.0163 LRS
MB089 32631431960203264 -10.0242 LRS
MB089 32630841108602880 -10.0159 LRS
MB089 32629995633385475 -10.0175 LRS
MB089 32621139880574976 -9.55392 LRS
MB089 32618155822022658 -10.0238 LRS
MB089 32614195107209218 -9.5575 LRS
MB089 32614110566809600 -8.88296 LRS
MB089 32611281479405568 -9.55551 LRS
MB089 32609090727321600 -10.0175 LRS
MB089 32608502937550848 -10.0167 LRS
MB089 32607046285131776 -10.0151 LRS
MB089 32605514672115712 -10.021 LRS
MB089 32605432493121537 -10.0159 LRS
MB089 32602841617006592 -10.0234 LRS
MB089 32601709813432320 -10.0202 LRS
MB089 32601371773501440 -10.0202 LRS
MB089 32599622996197376 -9.5421 LRS
MB089 32598589981065216 -8.89954 LRS
MB089 32598052720091136 -9.5579 LRS
MB089 32597156183412736 -8.87938 LRS
MB089 32597106657071104 -9.53615 LRS
MB089 32596864163381248 -9.54052 LRS
MB089 32596839421186048 -8.88216 LRS
MB089 32595883824517120 -9.55551 LRS
MB089 32595874576072704 -9.55869 LRS
MB089 32594753681883136 -10.0226 LRS
MB089 32594647880564736 -10.0234 LRS
MB089 32593974363422722 -10.0218 LRS
MB089 32591070445436928 -10.0147 LRS
MB089 32587731154505728 -10.0151 LRS
MB089 32587518322933760 -9.5583 LRS
MB089 32586128599023616 -10.0214 LRS
MB089 32585082686410752 -9.81433 LRS
MB089 32578220507267072 -10.023 LRS
MB089 32577639789109249 -9.53814 LRS
MB089 32577457064255488 -9.55631 LRS
MB089 32577227543552000 -9.55988 LRS
MB089 32575023793311745 -9.55909 LRS
MB089 32573315730112512 -10.0171 LRS
MB089 32572453683208192 -9.54012 LRS
MB089 32572097771347968 -10.0191 LRS
MB089 32571739166736384 -10.021 LRS
MB089 32571706220486658 -9.54012 LRS
MB089 32566287905329152 -9.55671 LRS
MB089 32565551528153088 -9.20145 LRS
MB089 32563662522687489 -10.0222 LRS
MB089 32561115527389184 -8.88137 LRS
MB089 32558822321037312 -10.021 LRS
MB089 32558770722709504 -8.89994 LRS
MB089 32558302659350529 -9.53655 LRS
MB089 32557812051607552 -10.0206 LRS
MB089 32557162085482496 -9.55949 LRS
MB089 32554450597969920 -10.0183 LRS
MB089 32553116788326401 -10.023 LRS
MB089 32551566628098051 -10.0159 LRS
MB089 32551430585847809 -10.0214 LRS
MB089 32550217291145216 -10.0222 LRS
MB089 32549339490422784 -10.0214 LRS
MB089 32549114059161600 -9.55949 LRS
MB089 32548383994421248 -9.54052 LRS
MB089 32542823777570817 -10.0175 LRS
MB089 32537843611996160 -10.0191 LRS
MB089 32535225904930816 -8.87779 LRS
MB089 32534979669917696 -10.0159 LRS
MB089 32534856063782912 -10.0226 LRS
MB089 32531527187304448 -10.0163 LRS
MB089 32531333506924544 -9.81908 LRS
MB089 32529805534560256 -10.0175 LRS
MB089 32529672612876288 -10.0195 LRS
MB089 32524549102768128 -9.53615 LRS
MB089 32522615344078848 -9.56146 LRS
MB089 32521610032324608 -10.021 LRS
MB089 32521463978270720 -9.81353 LRS
MB089 32521231253110784 -9.55551 LRS
MB089 32520173839712256 -10.0195 LRS
MB089 32519778094551040 -10.0151 LRS
MB089 32519236702183424 -9.53933 LRS
MB089 32518604125642753 -10.0226 LRS
MB089 32518201636032512 -10.0222 LRS
MB089 32517997138546689 -10.023 LRS
MB089 32517928041582593 -10.0183 LRS
MB089 32517859376627712 -10.021 LRS
MB089 32513016482242560 -10.0254 LRS
MB089 32512995124846592 -8.88097 LRS
MB089 32512801071169536 -10.0258 LRS
MB089 32511338458648576 -9.53495 LRS
MB089 32510369335345152 -9.55988 LRS
MB089 32510353120169984 -9.55591 LRS
MB089 32509048066678785 -9.81472 LRS
MB089 32508370560745472 -9.81512 LRS
MB089 32504050373107712 -10.0238 LRS
MB089 32503347730714624 -10.0179 LRS
MB089 32502566134747136 -10.0218 LRS
MB089 32502441773637632 -10.0187 LRS
MB089 32502301792935937 -9.53814 LRS
MB089 32500610272075776 -9.55949 LRS
MB089 32500332932112384 -9.81552 LRS
MB089 32499876184989696 -10.0202 LRS
MB089 32499776972918784 -10.0155 LRS
MB089 32499305507983360 -10.0183 LRS
MB089 32498709631602688 -9.81472 LRS
MB089 32497868392636417 -9.53296 LRS
MB089 32497597759361024 -10.0222 LRS
MB089 32495410442407936 -10.0214 LRS
MB089 32494168492216320 -10.0167 LRS
MB089 32493117848420352 -9.56028 LRS
MB089 32492730215038976 -9.53973 LRS
MB089 32490064172818432 -10.0218 LRS
MB089 32486366851895297 -10.0199 LRS
MB089 32484687062499328 -9.55909 LRS
MB089 32483735127457792 -10.0242 LRS
MB089 32483131143495680 -8.88018 LRS
MB089 32482893410340864 -8.88335 LRS
MB089 32480061839908864 -10.0206 LRS
MB089 32479208156430336 -9.55909 LRS
MB089 32478635843653633 -10.0199 LRS
MB089 32478314618687488 -10.021 LRS
MB089 32477727923634176 -9.55512 LRS
MB089 32477564484198400 -10.0199 LRS
MB089 32477238653882368 -9.5579 LRS
MB089 32476322596917249 -8.88848 LRS
MB089 32476143244279809 -10.0183 LRS
MB089 32475256283201536 -10.0167 LRS
MB089 32474856893186048 -10.0163 LRS
MB089 32474349264969729 -9.54012 LRS
MB089 32473660270837760 -10.0183 LRS
MB089 32472809879900160 -10.0167 LRS
MB089 32472020063096832 -10.0139 LRS
MB089 32471356855549952 -9.55988 LRS
MB089 32471098297688064 -9.55591 LRS
MB089 32470782579834880 -10.0175 LRS
MB089 32470182723063808 -10.0179 LRS
MB089 32469854841741312 -9.55512 LRS
MB089 32468442225315840 -10.021 LRS
MB089 32466299326038016 -10.0195 LRS
MB089 32463734815334400 -8.87819 LRS
MB089 32463445253169152 -10.0226 LRS
MB089 32461214479032320 -8.88216 LRS
MB089 32460723665768449 -10.0183 LRS
MB089 32457585521074176 -9.55472 LRS
MB089 32457113611534336 -10.0199 LRS
MB089 32455278712594432 -8.87978 LRS
MB089 32455002626723840 -10.0195 LRS
MB089 32448983439773697 -10.0187 LRS
MB089 32448089285464064 -9.55352 LRS
MB089 32447371203846145 -9.53415 LRS
MB089 32447340933550080 -9.55949 LRS
MB089 32447141670555648 -9.55869 LRS
MB089 32445871312347136 -9.5579 LRS
MB089 32444926507622400 -10.0214 LRS
MB089 32444630863712256 -10.0222 LRS
MB089 32444209449406464 -10.0183 LRS
MB089 32444014905004032 -8.877 LRS
MB089 32442795935404032 -10.0218 LRS
MB089 32438118565027841 -10.0159 LRS
MB089 32437420133711872 -9.55988 LRS
MB089 32437391385956352 -8.877 LRS
MB089 32434259725647873 -8.67545 LRS
MB089 32433042437971969 -10.0214 LRS
MB089 32432276335763456 -9.55631 LRS
MB089 32431376749821952 -10.0159 LRS
MB089 32430724980146176 -10.0202 LRS
MB089 32430574161367041 -10.0222 LRS
MB089 32429002400464896 -8.88335 LRS
MB089 32427934161575936 -9.55352 LRS
MB089 32424261146648576 -9.33385 LRS
MB089 32424255845040128 -9.33385 LRS
MB089 32416652721131520 -8.87859 LRS
MB089 32414361775509504 -9.81472 LRS
MB089 32411540942495744 -10.0218 LRS
MB089 32411358477684736 -9.56028 LRS
MB089 32411301061857281 -9.81552 LRS
MB089 32410327651979264 -9.55949 LRS
MB089 32407604340723712 -10.0218 LRS
MB089 32406976780570624 -10.0171 LRS
MB089 32400871241293824 -10.0214 LRS
MB089 32398057370820608 -10.0175 LRS
MB089 32398014354034688 -10.0175 LRS
MB089 32397919617286144 -10.0226 LRS
MB089 32396426923216897 -10.0195 LRS
MB089 32395495351521281 -10.0234 LRS
MB089 32392638111948800 -10.0226 LRS
MB089 32390056433950721 -10.0222 LRS
MB089 32389760223809537 -10.0151 LRS
MB089 32389478517575680 -9.55909 LRS
MB089 32388471939141632 -10.0222 LRS
MB089 32386624440504320 -10.0206 LRS
MB089 32384035288252416 -10.0226 LRS
MB089 32383750805397504 -10.0195 LRS
MB089 32383731012476928 -10.0214 LRS
MB089 32383713467695104 -9.55869 LRS
MB089 32380626514481153 -10.0226 LRS
MB089 32379213440876544 -10.0246 LRS
MB089 32378946704117761 -9.53814 LRS
MB089 32377285193502720 -9.81234 LRS
MB089 32366788054355968 -10.0226 LRS
MB089 32366677312151552 -9.54052 LRS
MB089 32364734665728000 -10.0214 LRS
MB089 32364383338237952 -8.87779 LRS
MB089 32360633370419200 -9.81393 LRS
MB089 32354662266970112 -10.0199 LRS
MB089 32352095646519296 -10.0234 LRS
MB089 32352021625442307 -9.53814 LRS
MB089 32350953285877760 -10.0183 LRS
MB089 32344273198256128 -9.53415 LRS
MB089 32344059343278080 -10.0226 LRS
MB089 32341236186619904 -10.0175 LRS
MB089 32334926254706688 -10.0151 LRS
MB089 32333736464879616 -9.53694 LRS
MB089 32332659891904512 -10.0202 LRS
MB089 32332027336327168 -10.0147 LRS
MB089 32330674769760256 -10.0163 LRS
MB089 32321882065739776 -10.0226 LRS
MB089 32321064662999040 -10.0214 LRS
MB089 32319943575863296 -10.0202 LRS
MB089 32318903891791872 -9.5571 LRS
MB089 32317790568321024 -9.55988 LRS
MB089 32315077310816258 -10.0226 LRS
MB089 32311278445789185 -9.55988 LRS
MB089 32310866670002176 -8.88414 LRS
MB089 32310315127410688 -9.5579 LRS
MB089 32309730122670080 -10.021 LRS
MB089 32307947048542208 -10.0183 LRS
MB089 32300024092164096 -8.87978 LRS
MB089 32298752848961536 -9.53615 LRS
MB089 32297982921547776 -10.023 LRS
MB089 32297920447381504 -9.53495 LRS
MB089 32296608422961153 -10.0171 LRS
MB089 32296160098000897 -10.0199 LRS
MB089 32295707524210689 -9.54012 LRS
MB089 32294377535569920 -10.023 LRS
MB089 32293582668832768 -9.53455 LRS
MB089 32293442046402560 -10.0214 LRS
MB089 32288183051878401 -9.55988 LRS
MB089 32287716188098561 -10.0214 LRS
MB089 32287514857316353 -10.023 LRS
MB089 32286172084436993 -10.0206 LRS
MB089 32284951558754304 -9.55988 LRS
MB089 32284299805851648 -10.0183 LRS
MB089 32280953233604608 -8.88256 LRS
MB089 32279071006138369 -10.0202 LRS
MB089 32278423762116608 -8.87938 LRS
MB089 32278230215954432 -10.0214 LRS
MB089 32278101786365953 -8.88097 LRS
MB089 32276949141299200 -9.55988 LRS
MB089 32269818182762496 -10.0191 LRS
MB089 32269216266584065 -10.0171 LRS
MB089 32268660441616384 -9.56028 LRS
MB089 32265111657779200 -10.0187 LRS
MB089 32261592435400704 -10.0238 LRS
MB089 32259836909461505 -9.81631 LRS
MB089 32259815820500992 -10.0183 LRS
MB089 32259696236699649 -9.55909 LRS
MB089 32251447567450112 -10.0199 LRS
MB089 32249905590312960 -10.0226 LRS
MB089 32249720764104704 -9.54052 LRS
MB089 32247617056407552 -9.53615 LRS
MB089 32246993560539136 -10.0202 LRS
MB089 32246589204467712 -9.53814 LRS
MB089 32246355330080769 -9.53774 LRS
MB089 32246330369777664 -9.55352 LRS
MB089 32243892241829888 -9.54092 LRS
MB089 32243397955686401 -10.0206 LRS
MB089 32242343843205120 -10.023 LRS
MB089 32241071547224064 -9.5571 LRS
MB089 32238495778996224 -9.55352 LRS
MB089 32236806787309569 -10.021 LRS
MB089 32233088327090176 -8.88335 LRS
MB089 32232165466968064 -10.023 LRS
MB089 32229678475378690 -9.54131 LRS
MB089 32228313111994368 -10.0218 LRS
MB089 32227559114539008 -9.5571 LRS
MB089 32226867243122688 -8.88097 LRS
MB089 32223935302991872 -10.0246 LRS
MB089 32222831563505665 -10.021 LRS
MB089 32222613216436224 -10.0195 LRS
MB089 32222489216028672 -10.021 LRS
MB089 32218603352760320 -10.0167 LRS
MB089 32218318404325376 -10.021 LRS
MB089 32217894347612160 -9.5579 LRS
MB089 32217337637642242 -9.56107 LRS
MB089 32214097013510144 -10.0222 LRS
MB089 32213433424281600 -10.0218 LRS
MB089 32213044842995713 -10.0226 LRS
MB089 32212777913290752 -10.0206 LRS
MB089 32212303088713728 -10.0195 LRS
MB089 32211675780218880 -10.0222 LRS
MB089 32210976417779712 -10.0187 LRS
MB089 32209994594131968 -10.0167 LRS
MB089 32208722847600640 -10.0214 LRS
MB089 32208011107762176 -9.54052 LRS
MB089 32206778636697600 -10.0222 LRS
MB089 32204389758275584 -9.81512 LRS
MB089 32204239363112960 -10.0183 LRS
MB089 32201590077136897 -10.0206 LRS
MB089 32200693838249984 -9.81115 LRS
MB089 32199967686795264 -10.0167 LRS
MB089 32197859818348544 -10.0206 LRS
MB089 32196945388765184 -10.0218 LRS
MB089 32195828395286529 -9.55631 LRS
MB089 32194616442757120 -10.0175 LRS
MB089 32194294303424512 -8.4495 LRS
MB089 32193272537423872 -7.76106 LRS
MB089 32190909151977472 -10.0171 LRS
MB089 32189493003948032 -9.55631 LRS
MB089 32185519211282432 -10.0151 LRS
MB089 32185244383711232 -10.0234 LRS
MB089 32184344764223488 -10.0187 LRS
MB089 32182959754711040 -9.55869 LRS
MB089 32182225558577152 -9.81908 LRS
MB089 32181530101022720 -10.0175 LRS
MB089 32180769757597696 -10.0159 LRS
MB089 32178693598089216 -10.0191 LRS
MB089 32178134698696706 -8.88414 LRS
MB089 32176954471882753 -8.88256 LRS
MB089 32175817584803840 -8.8774 LRS
MB089 32173490643673088 -9.5575 LRS
MB089 32171847227416576 -9.55512 LRS
MB089 32170576185397249 -10.0234 LRS
MB089 32167686494486528 -10.0147 LRS
MB089 32166390584578048 -8.87899 LRS
MB089 32164561607991299 -10.0191 LRS
MB089 32164011202056193 -10.0167 LRS
MB089 32163795304448001 -10.0222 LRS
MB089 32163740078186496 -9.55512 LRS
MB089 32163399240523776 -10.0187 LRS
MB089 32163322975485952 -10.0195 LRS
MB089 32163238372184064 -10.0167 LRS
MB089 32162830585167872 -10.021 LRS
MB089 32159173256945664 -10.0226 LRS
MB089 32156634952237056 -10.0226 LRS
MB089 32156397072293889 -10.0242 LRS
MB089 32155560602238976 -10.0175 LRS
MB089 32154489477668864 -10.023 LRS
MB089 32154040812965889 -10.0214 LRS
MB089 32153844628594688 -10.0218 LRS
MB089 32152938323386369 -10.0179 LRS
MB089 32149032742690816 -10.0183 LRS
MB089 32147509690245120 -10.0179 LRS
MB089 32146354453086208 -9.53893 LRS
MB089 32143485968580608 -10.021 LRS
MB089 32143310877364225 -10.0238 LRS
MB089 32141023383658496 -9.5583 LRS
MB089 32138716432572416 -10.0183 LRS
MB089 32138636694659072 -9.5421 LRS
MB089 32137856923209728 -10.0163 LRS
MB089 32137157216833537 -9.81274 LRS
MB089 32134321892495361 -9.55869 LRS
MB089 32133659494453248 -8.88137 LRS
MB089 32131801564581889 -9.54052 LRS
MB089 32129231529975808 -9.55631 LRS
MB089 32128353708285952 -9.53655 LRS
MB089 32127376016015361 -10.0226 LRS
MB089 32124631460610048 -9.55551 LRS
MB089 32124588276056064 -10.0206 LRS
MB089 32123741274112000 -8.88296 LRS
MB089 32121157343780864 -10.021 LRS
MB089 32120617838837760 -10.0199 LRS
MB089 32119699542114304 -10.021 LRS
MB089 32119399087341568 -10.023 LRS
MB089 32118563489714176 -10.0159 LRS
MB089 32116907381366785 -10.0226 LRS
MB089 32116091446632448 -9.55949 LRS
MB089 32114789169762304 -9.53853 LRS
MB089 32113540307353601 -9.55631 LRS
MB089 32113122688897024 -9.54092 LRS
MB089 32111375178268672 -10.021 LRS
MB089 32110582559674370 -10.0238 LRS
MB089 32109609493733376 -10.0151 LRS
MB089 32107128747466753 -10.0195 LRS
MB089 32105413528780800 -10.0167 LRS
MB089 32105051338051584 -10.021 LRS
MB089 32104371575595008 -8.87819 LRS
MB089 32104039546093568 -9.55909 LRS
MB089 32102648337399808 -10.0238 LRS
MB089 32101199368945665 -10.0183 LRS
MB089 32100526246076416 -10.0206 LRS
MB089 32099319981023235 -10.0206 LRS
MB089 32098965184839680 -10.0179 LRS
MB089 32098849086504960 -10.0151 LRS
MB089 32094713502765057 -10.0234 LRS
MB089 32093441173229568 -10.0151 LRS
MB089 32091547012956160 -10.0163 LRS
MB089 32091027821035521 -10.023 LRS
MB089 32090957272850432 -10.0226 LRS
MB089 32090803476111360 -10.0195 LRS
MB089 32089948895055872 -10.0218 LRS
MB089 32088202030350336 -9.53814 LRS
MB089 32087855727644672 -10.0179 LRS
MB089 32086938202673152 -10.0218 LRS
MB089 32086048372690944 -9.55272 LRS
MB089 32085430392324096 -10.0234 LRS
MB089 32084604881997824 -10.0155 LRS
MB089 32083498890170369 -10.0218 LRS
MB089 32081903276265472 -10.0191 LRS
MB089 32081572681228288 -10.0187 LRS
MB089 32080346879102979 -10.023 LRS
MB089 32077693705003008 -9.5575 LRS
MB089 32077042535108608 -10.0183 LRS
MB089 32072943756378112 -10.023 LRS
MB089 32071581127675905 -10.0195 LRS
MB089 32068703642193920 -10.0218 LRS
MB089 32067812633608192 -10.023 LRS
MB089 32066698899103744 -10.0175 LRS
MB089 32065641884155905 -10.0175 LRS
MB089 32065413869207552 -9.56028 LRS
MB089 32063929538580480 -9.55988 LRS
MB089 32063375861096449 -10.0218 LRS
MB089 32061317707730944 -10.021 LRS
MB089 32059350692401152 -8.88216 LRS
MB089 32058138408525824 -9.5575 LRS
MB089 32055533242425344 -9.55909 LRS
MB089 32054331628851202 -9.5425 LRS
MB089 32051344332292096 -10.0155 LRS
MB089 32050262671630336 -9.53933 LRS
MB089 32049812601831424 -10.0171 LRS
MB089 32048435553107969 -10.0206 LRS
MB089 32047819435024384 -10.0187 LRS
MB089 32046985187958785 -10.0147 LRS
MB089 32045518544707585 -10.023 LRS
MB089 32045238935621632 -9.81512 LRS
MB089 32042571144372224 -10.0171 LRS
MB089 32042049125486592 -9.5571 LRS
MB089 32035541251784704 -8.89716 LRS
MB089 32035259981762562 -10.023 LRS
MB089 32031992426008576 -10.0195 LRS
MB089 32029241365241857 -9.81552 LRS
MB089 32028662656147456 -10.0222 LRS
MB089 32027340758319104 -9.55869 LRS
MB089 32026834778464256 -10.0222 LRS
MB089 32021237303615488 -10.0187 LRS
MB089 32019771637628929 -10.0195 LRS
MB089 32019320133394433 -9.81472 LRS
MB089 32003391374753792 -9.55352 LRS
MB089 32000552262959104 -10.0195 LRS
MB089 31994126639566849 -9.55869 LRS
MB089 31990413069914112 -9.55988 LRS
MB089 31989466583273472 -10.0183 LRS
MB089 31988165464039424 -10.0183 LRS
MB089 31986162948120576 -9.80836 LRS
MB089 31982240007192576 -10.0214 LRS
MB089 31981793389322240 -8.88058 LRS
MB089 31979562673897472 -10.0222 LRS
MB089 31977705893265409 -10.0199 LRS
MB089 31976737050992640 -10.0175 LRS
MB089 31975426989490176 -9.53296 LRS
MB089 31971353603088384 -10.0218 LRS
MB089 31970584434835456 -9.53814 LRS
MB089 31966259713155072 -9.53575 LRS
MB089 31966041043107840 -10.0183 LRS
MB089 31960982293053440 -10.0222 LRS
MB089 31960758677934080 -9.5579 LRS
MB089 31950907826507776 -10.0246 LRS
MB089 31950791677845504 -10.0183 LRS
MB089 31949912530751488 -8.87779 LRS
MB089 31949536784027649 -10.0222 LRS
MB089 31944861892476928 -10.0199 LRS
MB089 31944148399423488 -10.0206 LRS
MB089 31943559418478592 -10.0242 LRS
MB089 31942755533979649 -10.0191 LRS
MB089 31940765751967744 -10.0222 LRS
MB089 31939968628695040 -10.023 LRS
MB089 31939230687035392 -10.0218 LRS
MB089 31938952885706752 -10.0175 LRS
MB089 31937249696292864 -10.0226 LRS
MB089 31936692634001408 -10.0183 LRS
MB089 31934829666770944 -10.0171 LRS
MB089 31934827024355328 -9.81591 LRS
MB089 31934504792760320 -10.0226 LRS
MB089 31933170316214272 -10.0218 LRS
MB089 31930866573770752 -9.55988 LRS
MB089 31930171728601088 -10.0226 LRS
MB089 31925693600239616 -10.0191 LRS
MB089 31925023623094272 -10.0254 LRS
MB089 31919382984658944 -10.0183 LRS
MB089 31917024582045696 -10.0226 LRS
MB089 31916463732301824 -10.0183 LRS
MB089 31915596731912192 -10.023 LRS
MB089 31915452154253313 -9.53933 LRS
MB089 31913957077819392 -10.0226 LRS
MB089 31910619120664576 -10.021 LRS
MB089 31910466007605249 -10.0195 LRS
MB089 31909574361489408 -10.0147 LRS
MB089 31908646707269632 -9.5583 LRS
MB089 31907207972913152 -10.0195 LRS
MB089 31907146329227264 -10.0147 LRS
MB089 31906768737009665 -10.0226 LRS
MB089 31905437745946624 -10.0195 LRS
MB089 31903437780156416 -10.0159 LRS
MB089 31902094977929216 -9.54092 LRS
MB089 31901385939222528 -10.0214 LRS
MB089 31899341165694976 -10.0159 LRS
MB089 31898143876456448 -9.55909 LRS
MB089 31895178763571200 -10.021 LRS
MB089 31894969891426304 -9.5421 LRS
MB089 31892767638560769 -9.53814 LRS
MB089 31892751427567616 -9.55432 LRS
MB089 31891067615842304 -10.0202 LRS
MB089 31886334314422272 -10.021 LRS
MB089 31885345800855554 -9.54052 LRS
MB089 31883783342915585 -9.56067 LRS
MB089 31882524313522176 -10.0214 LRS
MB089 31881571510259712 -9.20066 LRS
MB089 31880832528416768 -9.56107 LRS
MB089 31879652930756608 -10.0163 LRS
MB089 31877527903412224 -10.0175 LRS
MB089 31877109521588227 -10.0199 LRS
MB089 31873142360117249 -9.5579 LRS
MB089 31873061829476352 -10.0222 LRS
MB089 31870165759041536 -10.0242 LRS
MB089 31867916093751296 -10.0175 LRS
MB089 31867588426338304 -8.88177 LRS
MB089 31866741793497088 -9.5579 LRS
MB089 31865832187363330 -10.0195 LRS
MB089 31861626630045696 -10.0218 LRS
MB089 31860944552333312 -9.55869 LRS
MB089 31860295571873792 -9.55949 LRS
MB089 31860273618886656 -9.55869 LRS
MB089 31858086448734208 -9.54131 LRS
MB089 31857276440551424 -10.0159 LRS
MB089 31857196518088704 -10.021 LRS
MB089 31855604725194752 -10.023 LRS
MB089 31854915303247872 -10.0143 LRS
MB089 31854284324732929 -10.0234 LRS
MB089 31853997115576320 -10.0187 LRS
MB089 31852030125408257 -10.0179 LRS
MB089 31851178354540544 -10.0199 LRS
MB089 31851172914528256 -10.0183 LRS
MB089 31850750887862272 -10.0183 LRS
MB089 31850024476348416 -10.0214 LRS
MB089 31848396763430913 -10.0206 LRS
MB089 31847970349518848 -10.0214 LRS
MB089 31846076675792896 -10.0167 LRS
MB089 31845379926396928 -10.0234 LRS
MB089 31844843588161536 -9.53933 LRS
MB089 31841830802825217 -8.88177 LRS
MB089 31841128680525824 -9.56067 LRS
MB089 31841010615058432 -8.88216 LRS
MB089 31840894428651520 -10.021 LRS
MB089 31837393849942017 -9.53535 LRS
MB089 31835076685729792 -10.0206 LRS
MB089 31835042669924352 -10.0202 LRS
MB089 31831330102714368 -8.87978 LRS
MB089 31830902027853824 -10.021 LRS
MB089 31830228414242816 -10.0199 LRS
MB089 31828392915501056 -9.55312 LRS
MB089 31828384023580672 -9.5425 LRS
MB089 31828210668806144 -9.54171 LRS
MB089 31828042624016384 -10.0183 LRS
MB089 31825234428436480 -10.0167 LRS
MB089 31824886485753856 -10.0202 LRS
MB089 31824243494756352 -10.0202 LRS
MB089 31823652290830336 -10.0183 LRS
MB089 31823311415541760 -10.0183 LRS
MB089 31823164879151104 -10.0202 LRS
MB089 31820885979570176 -10.0171 LRS
MB089 31819730536894464 -10.0195 LRS
MB089 31819719199686656 -10.021 LRS
MB089 31818543490138112 -10.0163 LRS
MB089 31817405567078400 -9.55988 LRS
MB089 31816433390321665 -10.0155 LRS
MB089 31815970259468288 -10.0214 LRS
MB089 31815747365765120 -10.0199 LRS
MB089 31815480767414272 -10.0222 LRS
MB089 31814586835406849 -10.0187 LRS
MB089 31814309503959040 -9.55909 LRS
MB089 31813849283829761 -8.87899 LRS
MB089 31813034448003073 -10.0183 LRS
MB089 31811228175171584 -9.53535 LRS
MB089 31811213872594946 -10.0242 LRS
MB089 31811025229578241 -10.0199 LRS
MB089 31810348197617664 -9.55432 LRS
MB089 31810281222963200 -10.0195 LRS
MB089 31806195027152896 -9.5583 LRS
MB089 31801645956333568 -10.0195 LRS
MB089 31801546882678785 -10.0226 LRS
MB089 31799265982414848 -10.023 LRS
MB089 31797291492839424 -10.0175 LRS
MB089 31797238606860288 -10.0191 LRS
MB089 31793622298923008 -10.021 LRS
MB089 31788093673574400 -10.0195 LRS
MB089 31787987809341441 -10.0183 LRS
MB089 31787485885366272 -10.0195 LRS
MB089 31787441840988160 -10.0167 LRS
MB089 31786181440049153 -10.0191 LRS
MB089 31784508604813313 -10.0183 LRS
MB089 31777787714994176 -9.56107 LRS
MB089 31776944894775296 -10.0222 LRS
MB089 31776888892432384 -9.5579 LRS
MB089 31775077699690496 -10.0246 LRS
MB089 31774999123591170 -9.55869 LRS
MB089 31772886070984704 -10.0226 LRS
MB089 31772819276697600 -10.0195 LRS
MB089 31772703346139137 -10.0202 LRS
MB089 31772023915028480 -10.0199 LRS
MB089 31771697153581056 -9.5575 LRS
MB089 31762850494029827 -10.0183 LRS
MB089 31760646940925953 -9.56107 LRS
MB089 31758559934943232 -8.87859 LRS
MB089 31757552895135744 -10.0218 LRS
MB089 31757504580943873 -10.0191 LRS
MB089 31755294224683008 -10.0199 LRS
MB089 31754492546383872 -9.56146 LRS
MB089 31753763874152448 -10.0222 LRS
MB089 31753408490774528 -10.0195 LRS
MB089 31747073497899010 -10.0238 LRS
MB089 31747007135612928 -9.55988 LRS
MB089 31744957643489280 -10.0195 LRS
MB089 31742667331207168 -10.0175 LRS
MB089 31741829498019840 -10.023 LRS
MB089 31741009486422016 -10.0187 LRS
MB089 31740430055899136 -10.0214 LRS
MB089 31738621505568768 -9.5579 LRS
MB089 31734815455711232 -10.0222 LRS
MB089 31730177398542337 -9.53853 LRS
MB089 31729550752751617 -9.55591 LRS
MB089 31728727956131840 -8.88097 LRS
MB089 31727959647723520 -9.54131 LRS
MB089 31722385644199936 -10.0218 LRS
MB089 31721188996681729 -10.0297 LRS
MB089 31720120380293120 -10.0175 LRS
MB089 31717557073350656 -9.53853 LRS
MB089 31713701669113856 -10.021 LRS
MB089 31711285427048448 -10.0222 LRS
MB089 31700860891308032 -8.87899 LRS
MB089 31684999560306688 -10.0202 LRS
MB089 31677434847821824 -9.54171 LRS
MB089 31676048915566592 -9.54171 LRS
MB089 31675459011874816 -10.0199 LRS
MB089 31672758232420352 -10.0187 LRS
MB089 31670474509389824 -10.0187 LRS
MB089 31659461298888704 -10.025 LRS
MB089 31654240376061952 -9.55988 LRS
MB089 31654035677249538 -10.023 LRS
MB089 31652762651467776 -10.021 LRS
MB089 31651697545711616 -10.0246 LRS
MB089 31651474215800832 -10.0163 LRS
MB089 31651047244046337 -10.0183 LRS
MB089 31644631871528960 -10.0191 LRS
MB089 31642605922033664 -10.0187 LRS
MB089 31641488681082882 -9.81393 LRS
MB089 31639836335013888 -9.33544 LRS
MB089 31636872199405569 -9.53575 LRS
MB089 31634565726470144 -9.53853 LRS
MB089 31630303743180800 -10.0195 LRS
MB089 31621858243649536 -9.55432 LRS
MB089 31621201918951425 -10.0202 LRS
MB089 31614579985350656 -10.0206 LRS
MB089 31611543758045184 -10.0206 LRS
MB089 31611495284473857 -10.0234 LRS
MB089 31605765051518977 -10.0155 LRS
MB089 31602312342405120 -10.0199 LRS
MB089 31591542372175873 -9.53575 LRS
MB089 31590389068603392 -10.0187 LRS
MB089 31590040836505601 -10.0175 LRS
MB089 31589097663365120 -10.0202 LRS
MB089 31586465800519681 -10.023 LRS
MB089 31585159107055616 -8.88216 LRS
MB089 31581713477935104 -10.0195 LRS
MB089 31578052676816896 -10.0238 LRS
MB089 31567542455631872 -10.0187 LRS
MB089 31563013089665024 -9.53495 LRS
MB089 31562613380874243 -10.0222 LRS
MB089 31560999496581121 -10.0139 LRS
MB089 31560012270673921 -10.0195 LRS
MB089 31553615457951744 -9.55591 LRS
MB089 31551445387968512 -10.0226 LRS
MB089 31550734185009153 -9.55869 LRS
MB089 31550128825303041 -10.0222 LRS
MB089 31546895927083008 -10.021 LRS
MB089 31544735025856512 -10.0206 LRS
MB089 31544317403205632 -10.0175 LRS
MB089 31543167320850432 -10.0226 LRS
MB089 31542473121595392 -10.0155 LRS
MB089 31539598567931904 -10.0195 LRS
MB089 31538781219717120 -10.0179 LRS
MB089 31537838059159552 -10.0226 LRS
MB089 31536596570349569 -10.0187 LRS
MB089 31534273462796289 -10.0183 LRS
MB089 31533052383465472 -10.0199 LRS
MB089 31532374730735616 -10.0202 LRS
MB089 31532145998561280 -10.0151 LRS
MB089 31532143444230144 -8.89756 LRS
MB089 31529306538643456 -9.55551 LRS
MB089 31529000882937856 -10.0206 LRS
MB089 31523034510659584 -10.0222 LRS
MB089 31521720422629376 -9.53455 LRS
MB089 31517355880222720 -10.0214 LRS
MB089 31516426363740160 -10.0191 LRS
MB089 31516243085238272 -10.0206 LRS
MB089 31515375019491328 -10.021 LRS
MB089 31513525423706112 -10.0167 LRS
MB089 31509515853635585 -10.0163 LRS
MB089 31504261242163200 -10.0171 LRS
MB089 31503521375322112 -10.0171 LRS
MB089 31503430258262017 -9.56028 LRS
MB089 31473673256833025 -9.55392 LRS
MB089 31473240614375424 -10.0206 LRS
MB089 31470940177047552 -9.33425 LRS
MB089 31470651797667841 -10.0195 LRS
MB089 31468115330080768 -10.023 LRS
MB089 31467553394008064 -10.0175 LRS
MB089 31466518348832768 -9.55909 LRS
MB089 31462396061028353 -10.0199 LRS
MB089 31460446204596224 -10.0242 LRS
MB089 31458858719252480 -10.0163 LRS
MB089 31458515029598208 -8.88216 LRS
MB089 31457564008914944 -10.0218 LRS
MB089 31457493792071680 -10.0218 LRS
MB089 31453657685827584 -10.0143 LRS
MB089 31453358648729600 -10.0202 LRS
MB089 31453239178174464 -10.0187 LRS
MB089 31453027101581312 -9.55591 LRS
MB089 31452517787242496 -10.0151 LRS
MB089 31452406260699137 -10.0167 LRS
MB089 31451986624778240 -9.5583 LRS
MB089 31450313911177218 -10.0191 LRS
MB089 31449538036240386 -9.53814 LRS
MB089 31437613332172800 -9.81472 LRS
MB089 31435296063098880 -9.55512 LRS
MB089 31433349889261568 -10.0175 LRS
MB089 31432608642502656 -10.0226 LRS
MB089 31431276388950016 -10.0199 LRS
MB089 31430056492408832 -10.0179 LRS
MB089 31429821326168064 -10.0183 LRS
MB089 31426658456043521 -10.0183 LRS
MB089 31426443795767296 -10.0175 LRS
MB089 31424388897185792 -10.0179 LRS
MB089 31422970777837569 -9.5575 LRS
MB089 31420009691484161 -10.0222 LRS
MB089 31419627145789440 -10.0159 LRS
MB089 31418223412903936 -10.0179 LRS
MB089 31416731792576512 -10.0195 LRS
MB089 31416258104655872 -9.81314 LRS
MB089 31414953478983680 -10.0175 LRS
MB089 31413920241553408 -10.0202 LRS
MB089 31412705407541248 -10.0175 LRS
MB089 31411309299896321 -10.0195 LRS
MB089 31406608089096192 -10.0226 LRS
MB089 31406298595590146 -10.0246 LRS
MB089 31405382458937344 -9.55909 LRS
MB089 31404706576207872 -10.0206 LRS
MB089 31400559521038336 -10.0187 LRS
MB089 31399283257245696 -10.021 LRS
MB089 31388790920585217 -10.0191 LRS
MB089 31388156716650496 -8.4487 LRS
MB089 31383146985426945 -10.0214 LRS
MB089 31382181905436673 -9.5425 LRS
MB089 31381109577089024 -10.0159 LRS
MB089 31378903087976448 -10.0238 LRS
MB089 31377197432311808 -10.0167 LRS
MB089 31375689143812096 -9.55909 LRS
MB089 31370953489391617 -9.55472 LRS
MB089 31368505697771520 -10.0222 LRS
MB089 31367822714085376 -10.0191 LRS
MB089 31367799741878275 -9.81393 LRS
MB089 31362201101017089 -9.53734 LRS
MB089 31356938847518720 -10.0195 LRS
MB089 31353486562041856 -10.0163 LRS
MB089 31351060652240896 -10.0238 LRS
MB089 31350267681177600 -9.5429 LRS
MB089 31343572179492865 -9.55551 LRS
MB089 31342946020237312 -10.0195 LRS
MB089 31341454903222272 -10.0195 LRS
MB089 31341249411686401 -10.0187 LRS
MB089 31339823528673280 -9.56067 LRS
MB089 31339665093038080 -9.5571 LRS
MB089 31337580909821952 -10.0222 LRS
MB089 31329050786013184 -10.0195 LRS
MB089 31326691213180928 -10.0171 LRS
MB089 31325800657584130 -10.0222 LRS
MB089 31325680914403328 -9.53575 LRS
MB089 31320629873479680 -9.5571 LRS
MB089 31317243375648769 -10.0202 LRS
MB089 31317151977574400 -10.0199 LRS
MB089 31312988547842048 -10.0159 LRS
MB089 31304730735017984 -10.0226 LRS
MB089 31301952595824640 -9.56028 LRS
MB089 31297697155649536 -10.021 LRS
MB089 31295567980138497 -10.0175 LRS
MB089 31292979960348672 -9.5583 LRS
MB089 31286916569632768 -10.0238 LRS
MB089 31286082528088064 -10.0187 LRS
MB089 31285783117701120 -10.0222 LRS
MB089 31282223768408065 -10.0171 LRS
MB089 31278136846983168 -10.0171 LRS
MB089 31276843298459650 -10.0222 LRS
MB089 31276118170402816 -10.0171 LRS
MB089 31272708947968000 -10.0171 LRS
MB089 31269049816055808 -10.0218 LRS
MB089 31264348496199680 -10.0199 LRS
MB089 31263707015155712 -9.55988 LRS
MB089 31263070445633536 -10.0202 LRS
MB089 31250566738874368 -10.0167 LRS
MB089 31244318526144513 -10.0226 LRS
MB089 31243145677115393 -10.0199 LRS
MB089 31241738974666752 -10.0175 LRS
MB089 31240144476446720 -9.55909 LRS
MB089 31238302778527744 -10.0199 LRS
MB089 31236148693049345 -10.0175 LRS
MB089 31234346350288896 -10.0218 LRS
MB089 31231115465326592 -10.0151 LRS
MB089 31230871658831872 -9.55949 LRS
MB089 31230553256632320 -10.0167 LRS
MB089 31229279299702784 -10.0218 LRS
MB089 31228371308384256 -10.0226 LRS
MB089 31228149953994752 -8.67426 LRS
MB089 31226270079524864 -10.0167 LRS
MB089 31225813579862016 -10.0187 LRS
MB089 31225144244436992 -10.0199 LRS
MB089 31222171653111809 -9.55512 LRS
MB089 31219595167662080 -10.0171 LRS
MB089 31219255835893761 -8.90152 LRS
MB089 31219015833620480 -9.81234 LRS
MB089 31213800615055360 -10.0175 LRS
MB089 31213307796914177 -10.0187 LRS
MB089 31212467786874880 -10.0218 LRS
MB089 31212199066206208 -10.0187 LRS
MB089 31209955839184896 -9.55869 LRS
MB089 31209549943803904 -10.0195 LRS
MB089 31207081465876480 -10.0206 LRS
MB089 31204406942765057 -10.0202 LRS
MB089 31197611482419200 -10.0191 LRS
MB089 31196833346756608 -10.0167 LRS
MB089 31195163216846848 -10.0234 LRS
MB089 31193094649024512 -10.0226 LRS
MB089 31192096744411136 -10.021 LRS
MB089 31190827313270784 -10.0214 LRS
MB089 31189211574964226 -10.0175 LRS
MB089 31189014023249920 -10.021 LRS
MB089 31186041507414016 -10.0187 LRS
MB089 31185639047172097 -10.0218 LRS
MB089 31184425052016641 -10.0183 LRS
MB089 31184142183964673 -10.0195 LRS
MB089 31181546270490624 -10.0171 LRS
MB089 31180600660467712 -10.0163 LRS
MB089 31180461275353089 -9.53694 LRS
MB089 31178831234605056 -10.0226 LRS
MB089 31177461106475008 -10.0222 LRS
MB089 31177373772681218 -9.5579 LRS
MB089 31176339977412609 -10.0218 LRS
MB089 31173766872567809 -9.5575 LRS
MB089 31173196405280768 -9.56146 LRS
MB089 31172222764720128 -9.8167 LRS
MB089 31169119596314624 -9.5579 LRS
MB089 31167060461490176 -10.0238 LRS
MB089 31164175371730944 -10.0183 LRS
MB089 31163786454900736 -10.0226 LRS
MB089 31163185008484352 -8.88177 LRS
MB089 31160878715899905 -9.81274 LRS
MB089 31159808149159936 -9.54012 LRS
MB089 31159663353401344 -9.5579 LRS
MB089 31158169904353280 -10.0206 LRS
MB089 31156930227470337 -10.0167 LRS
MB089 31156454983471104 -9.53853 LRS
MB089 31154937345875968 -10.0206 LRS
MB089 31152974680035328 -9.56107 LRS
MB089 31152388937089024 -10.0151 LRS
MB089 31151384531312640 -10.0206 LRS
MB089 31150786348056576 -10.0195 LRS
MB089 31149345478807552 -10.0183 LRS
MB089 31148946323668992 -9.53734 LRS
MB089 31148330696314880 -10.0226 LRS
MB089 31144196970651649 -9.56028 LRS
MB089 31142723188686848 -10.0218 LRS
MB089 31140916236390400 -9.53933 LRS
MB089 31140809461997569 -9.81433 LRS
MB089 31137294433914880 -10.0187 LRS
MB089 31133906438725632 -9.54012 LRS
MB089 31133759373844480 -10.0202 LRS
MB089 31133186410938368 -10.0163 LRS
MB089 31132395264548864 -9.56028 LRS
MB089 31129918989406209 -10.0199 LRS
MB089 31129568022630400 -10.0183 LRS
MB089 31128095335383041 -10.0187 LRS
MB089 31127759153532928 -9.5579 LRS
MB089 31125166658424833 -10.0167 LRS
MB089 31124867612934144 -10.0155 LRS
MB089 31123163492384768 -9.55949 LRS
MB089 31119642365796352 -8.87978 LRS
MB089 31119364811919360 -10.0187 LRS
MB089 31116975564394497 -10.0214 LRS
MB089 31114575285850112 -10.0214 LRS
MB089 31111572873019392 -10.021 LRS
MB089 31109628485963778 -10.021 LRS
MB089 31108253257564160 -10.021 LRS
MB089 31107644311736321 -10.0222 LRS
MB089 31105686356099072 -9.55869 LRS
MB089 31104906706292736 -10.0155 LRS
MB089 31104745204617216 -9.56107 LRS
MB089 31104518758338560 -10.0199 LRS
MB089 31103636692008961 -10.0242 LRS
MB089 31102640150544385 -10.021 LRS
MB089 31102151447019520 -10.0226 LRS
MB089 31101935490703360 -10.0199 LRS
MB089 31101933439688704 -10.0202 LRS
MB089 31097211966193664 -9.55671 LRS
MB089 31096219270914048 -10.0155 LRS
MB089 31095761714286592 -10.0191 LRS
MB089 31095735273390080 -8.88256 LRS
MB089 31094186535034881 -10.0214 LRS
MB089 31093478364549120 -8.88177 LRS
MB089 31090422231076865 -8.88018 LRS
MB089 31089530064867328 -10.0183 LRS
MB089 31088902903177216 -10.0258 LRS
MB089 31088438098788352 -9.55869 LRS
MB089 31088382494908416 -10.0206 LRS
MB089 31087213164892161 -10.0195 LRS
MB089 31087046219005952 -10.0218 LRS
MB089 31085444686942208 -10.0191 LRS
MB089 31084563534979072 -10.0187 LRS
MB089 31081416833900544 -9.53655 LRS
MB089 31081048469143553 -10.0218 LRS
MB089 31080929296388097 -9.53933 LRS
MB089 31079630454652928 -10.0214 LRS
MB089 31079383737307136 -10.0206 LRS
MB089 31079337327333376 -9.31417 LRS
MB089 31078279171538944 -10.0218 LRS
MB089 31075836094324736 -10.021 LRS
MB089 31074428179714049 -10.0199 LRS
MB089 31071714158845952 -9.54012 LRS
MB089 31071672945606657 -9.5583 LRS
MB089 31071615416537088 -10.0234 LRS
MB089 31071341138411521 -10.0234 LRS
MB089 31071177342455809 -10.0163 LRS
MB089 31070620905119745 -10.0191 LRS
MB089 31069268745396224 -9.54052 LRS
MB089 31068858617954304 -10.0214 LRS
MB089 31068412671172608 -10.0187 LRS
MB089 31067716408311808 -10.023 LRS
MB089 31067485679656960 -10.0206 LRS
MB089 31066963648188417 -9.55988 LRS
MB089 31066511086985217 -9.55949 LRS
MB089 31062108208627712 -9.55512 LRS
MB089 31061818197676032 -10.0187 LRS
MB089 31060212311920640 -8.87779 LRS
MB089 31056803546537986 -10.0191 LRS
MB089 31056355624230912 -9.55949 LRS
MB089 31055205197946880 -10.0202 LRS
MB089 31054843976089601 -10.021 LRS
MB089 31051931912765440 -10.0222 LRS
MB089 31051344877977600 -10.0218 LRS
MB089 31049784668200961 -10.021 LRS
MB089 31046636503310336 -9.81433 LRS
MB089 31046433511575552 -10.0179 LRS
MB089 31045250680098816 -9.56028 LRS
MB089 31045170564702208 -9.8175 LRS
MB089 31043586455773185 -10.0171 LRS
MB089 31041514649952256 -10.0222 LRS
MB089 31040679027150848 -10.0179 LRS
MB089 31038770245541888 -10.0159 LRS
MB089 31037469658980352 -9.54092 LRS
MB089 31037462998425601 -10.0218 LRS
MB089 31034472027656193 -10.0222 LRS
MB089 31034178384429057 -10.0175 LRS
MB089 31034111074246656 -8.4495 LRS
MB089 31032845237485570 -9.81075 LRS
MB089 31032184206786560 -10.0218 LRS
MB089 31031835588829184 -9.55631 LRS
MB089 31031695880753152 -10.0171 LRS
MB089 31030817257947136 -10.021 LRS
MB089 31030643236274177 -10.0171 LRS
MB089 31029656035532800 -10.0143 LRS
MB089 31028905942978560 -9.55949 LRS
MB089 31026865695100929 -10.0234 LRS
MB089 31026760539709442 -9.33544 LRS
MB089 31026430800297985 -9.56028 LRS
MB089 31025908085170178 -9.5571 LRS
MB089 31025140485595137 -9.53893 LRS
MB089 31023951761121280 -10.0195 LRS
MB089 31022694463967232 -9.81194 LRS
MB089 31021314181435392 -10.0175 LRS
MB089 31020945753772032 -10.023 LRS
MB089 31020917895208960 -10.0171 LRS
MB089 31019835081105408 -10.0183 LRS
MB089 31019356867526656 -10.0222 LRS
MB089 31018836186628097 -9.81868 LRS
MB089 31018342433165313 -10.0191 LRS
MB089 31017177423282178 -10.0187 LRS
MB089 31013865198194688 -9.54052 LRS
MB089 31011030033244160 -10.0234 LRS
MB089 31009902444937216 -10.0218 LRS
MB089 31007894082162688 -10.0155 LRS
MB089 31007160313847808 -9.53655 LRS
MB089 31005956737343488 -9.33504 LRS
MB089 31005368247128065 -10.0218 LRS
MB089 31004721602891776 -10.0151 LRS
MB089 31002750691053568 -10.0155 LRS
MB089 31000174121717761 -10.0226 LRS
MB089 30998183144329216 -9.53734 LRS
MB089 30998150332289025 -9.82341 LRS
MB089 30997718914568192 -8.88216 LRS
MB089 30997181011861504 -10.0234 LRS
MB089 30996811393015808 -10.0214 LRS
MB089 30995956551917570 -10.0143 LRS
MB089 30995382762737664 -10.021 LRS
MB089 30994311847870464 -9.54171 LRS
MB089 30993728348880896 -10.0183 LRS
MB089 30991683206250496 -8.88097 LRS
MB089 30991565241454594 -10.0226 LRS
MB089 30990754335694848 -9.54369 LRS
MB089 30990610898878465 -10.0171 LRS
MB089 30990467260747776 -10.0175 LRS
MB089 30987110173380608 -10.0222 LRS
MB089 30986087522373632 -10.0202 LRS
MB089 30984315265359872 -9.53933 LRS
MB089 30983293692280833 -10.0167 LRS
MB089 30983167636672512 -10.0246 LRS
MB089 30978640506261505 -10.0222 LRS
MB089 30978271294263298 -10.0183 LRS
MB089 30977401068462080 -9.53495 LRS
MB089 30968386762579969 -10.0222 LRS
MB089 30966623447810048 -10.021 LRS
MB089 30966135855783936 -10.0199 LRS
MB089 30965880749817856 -9.55949 LRS
MB089 30960936625905664 -10.0214 LRS
MB089 30958850483945476 -10.0199 LRS
MB089 30951533868748800 -10.0214 LRS
MB089 30951415438385152 -9.55988 LRS
MB089 30950562140782593 -10.0179 LRS
MB089 30949915353948160 -10.0218 LRS
MB089 30947183666659328 -10.0199 LRS
MB089 30944199658442752 -9.56067 LRS
MB089 30943373925810176 -8.67545 LRS
MB089 30940121951895554 -9.55909 LRS
MB089 30939073698865152 -8.88216 LRS
MB089 30938736594264064 -10.0191 LRS
MB089 30938734304169984 -9.56028 LRS
MB089 30934995304456192 -10.0187 LRS
MB089 30933879057555457 -10.0238 LRS
MB089 30933644491100161 -9.54052 LRS
MB089 30932024382455809 -9.55949 LRS
MB089 30931253926559744 -9.5571 LRS
MB089 30927793172779008 -10.0218 LRS
MB089 30927271288115200 -10.0171 LRS
MB089 30926937115336704 -10.0202 LRS
MB089 30925487526117376 -10.0187 LRS
MB089 30922348953604096 -9.56028 LRS
MB089 30910863212806144 -10.0175 LRS
MB089 30907947034877952 -10.0147 LRS
MB089 30907024514486272 -10.0179 LRS
MB089 30904913361903616 -9.54171 LRS
MB089 30904310061596672 -10.0242 LRS
MB089 30899688320270336 -10.0218 LRS
MB089 30895327175245824 -9.55988 LRS
MB089 30895294493233152 -8.88177 LRS
MB089 30894850865893376 -9.53535 LRS
MB089 30893742214873088 -9.81393 LRS
MB089 30892125465870336 -10.021 LRS
MB089 30889726294626304 -8.8774 LRS
MB089 30888218333286400 -9.53535 LRS
MB089 30887663993094144 -10.0183 LRS
MB089 30887017692790784 -9.55869 LRS
MB089 30883378773368832 -10.023 LRS
MB089 30882540759810048 -8.88177 LRS
MB089 30879841871990784 -10.0187 LRS
MB089 30878181187653632 -10.0218 LRS
MB089 30877510266785792 -9.53495 LRS
MB089 30872109051805697 -10.0151 LRS
MB089 30872043314483201 -9.56186 LRS
MB089 30867659004321792 -9.53774 LRS
MB089 30866541268443136 -10.0226 LRS
MB089 30864874984701952 -9.8171 LRS
MB089 30858558144774144 -9.55671 LRS
MB089 30856076995862528 -10.0175 LRS
MB089 30855477818564610 -10.0179 LRS
MB089 30853772003508225 -10.0214 LRS
MB089 30850634878025728 -9.5425 LRS
MB089 30850469203025920 -8.88018 LRS
MB089 30850145608278016 -10.0214 LRS
MB089 30850021654003712 -10.0159 LRS
MB089 30847830574764032 -10.021 LRS
MB089 30846813036617728 -10.0183 LRS
MB089 30845465213796352 -10.0199 LRS
MB089 30843140323672064 -9.53853 LRS
MB089 30843047877021698 -10.0199 LRS
MB089 30842832939909120 -10.0195 LRS
MB089 30841397061881856 -10.0234 LRS
MB089 30841242736660480 -8.88058 LRS
MB089 30841153133744128 -10.0206 LRS
MB089 30840828331040768 -10.0238 LRS
MB089 30840134400221184 -10.021 LRS
MB089 30840095506440194 -10.0151 LRS
MB089 30839101259259904 -10.0151 LRS
MB089 30838667329142784 -10.0218 LRS
MB089 30837604312158208 -10.0151 LRS
MB089 30836783436537858 -8.87859 LRS
MB089 30835222492745729 -10.0187 LRS
MB089 30834644089839616 -9.55392 LRS
MB089 30834556969947136 -10.0218 LRS
MB089 30833126217355265 -10.0195 LRS
MB089 30830968784818176 -10.0143 LRS
MB089 30830147183575040 -10.0183 LRS
MB089 30830117538238464 -10.0195 LRS
MB089 30829976743845889 -10.0191 LRS
MB089 30829402954665984 -9.5583 LRS
MB089 30828837197578241 -9.81472 LRS
MB089 30828602996035584 -9.55909 LRS
MB089 30828330898956290 -10.021 LRS
MB089 30826995059269632 -9.53455 LRS
MB089 30825877809926144 -10.0167 LRS
MB089 30824000317820928 -10.0214 LRS
MB089 30822856916996096 -10.021 LRS
MB089 30822805608079360 -10.0226 LRS
MB089 30820838462722048 -10.0202 LRS
MB089 30817677584900096 -8.87978 LRS
MB089 30814938628886528 -9.81155 LRS
MB089 30813339005231104 -8.88137 LRS
MB089 30812553307234304 -10.0218 LRS
MB089 30812183067623424 -10.0199 LRS
MB089 30810906355044352 -10.0202 LRS
MB089 30810329139126272 -10.0179 LRS
MB089 30809195607494656 -10.0202 LRS
MB089 30809107552276480 -10.0195 LRS
MB089 30806980297756672 -9.55909 LRS
MB089 30806564176662528 -9.55909 LRS
MB089 30806443703668736 -9.55869 LRS
MB089 30806290825478144 -10.0187 LRS
MB089 30805431861383168 -10.0199 LRS
MB089 30804545093238784 -10.0171 LRS
MB089 30803824360820736 -10.0171 LRS
MB089 30801405224689664 -9.55869 LRS
MB089 30801134675296256 -10.0242 LRS
MB089 30800164847357952 -10.0167 LRS
MB089 30799974736330752 -10.0199 LRS
MB089 30799841802059776 -10.0171 LRS
MB089 30799665213480960 -10.0206 LRS
MB089 30794903608889346 -8.88018 LRS
MB089 30794785610530816 -10.0218 LRS
MB089 30793822732550144 -10.0167 LRS
MB089 30793130097778688 -10.0195 LRS
MB089 30792694267650049 -10.0171 LRS
MB089 30792615909662720 -8.88058 LRS
MB089 30792207594160129 -10.0202 LRS
MB089 30791417664110592 -10.0218 LRS
MB089 30791012951531520 -9.10416 LRS
MB089 30790692737384448 -9.55591 LRS
MB089 30790321726029825 -8.88216 LRS
MB089 30789537886113793 -10.0222 LRS
MB089 30789157706010624 -10.0191 LRS
MB089 30787730694733825 -8.4495 LRS
MB089 30786150633308160 -9.81472 LRS
MB089 30785187646279681 -8.4495 LRS
MB089 30784884444237826 -8.4491 LRS
MB089 30784631196352512 -9.5579 LRS
MB089 30781448294236160 -10.0175 LRS
MB089 30781202252177408 -10.0234 LRS
MB089 30780985947717633 -8.88256 LRS
MB089 30780857245503489 -8.87819 LRS
MB089 30780173464895488 -10.0179 LRS
MB089 30779367378386944 -10.023 LRS
MB089 30778510737940482 -8.88256 LRS
MB089 30776845653774336 -10.0218 LRS
MB089 30776530183389184 -8.88097 LRS
MB089 30775659479437312 -8.88097 LRS
MB089 30775604949286913 -10.0238 LRS
MB089 30774571296628736 -10.0191 LRS
MB089 30774519018819584 -9.55909 LRS
MB089 30772636178980864 -9.55591 LRS
MB089 30771910174314496 -10.0195 LRS
MB089 30770380004130817 -8.88137 LRS
MB089 30770321975939072 -8.87938 LRS
MB089 30770309262999552 -10.0226 LRS
MB089 30769994920890369 -10.0214 LRS
MB089 30769891631960064 -8.8754 LRS
MB089 30769661930905601 -8.88137 LRS
MB089 30769192563113984 -8.88097 LRS
MB089 30769181850865667 -8.87859 LRS
MB089 30767952370339841 -10.0202 LRS
MB089 30767725764677632 -8.90113 LRS
MB089 30767633527742465 -10.0199 LRS
MB089 30767399326195712 -10.0179 LRS
MB089 30767370347749376 -8.87978 LRS
MB089 30766260870447104 -10.0199 LRS
MB089 30765862604509184 -8.87978 LRS
MB089 30765536740642816 -9.56146 LRS
MB089 30765369912205312 -10.0155 LRS
MB089 30765194170867712 -9.5579 LRS
MB089 30765085458825216 -8.87978 LRS
MB089 30764909063049216 -8.87938 LRS
MB089 30764752242221056 -9.81353 LRS
MB089 30764349832306689 -8.87899 LRS
MB089 30763420626198528 -9.55869 LRS
MB089 30763228485124096 -8.87978 LRS
MB089 30762922443538432 -8.88058 LRS
MB089 30762855896715264 -9.53853 LRS
MB089 30760641409056768 -9.53535 LRS
MB089 30759398112493568 -10.0206 LRS
MB089 30755198326538240 -9.55988 LRS
MB089 30754466051399681 -10.0234 LRS
MB089 30752614815633408 -10.0191 LRS
MB089 30749825691549696 -9.5575 LRS
MB089 30746991793274880 -8.877 LRS
MB089 30741699311439872 -10.021 LRS
MB089 30739863934337025 -9.53893 LRS
MB089 30739600527859712 -10.0246 LRS
MB089 30739333556211712 -9.54092 LRS
MB089 30736746337542145 -10.0202 LRS
MB089 30736547573669888 -9.31378 LRS
MB089 30736401389592576 -9.31378 LRS
MB089 30734617996697600 -9.55472 LRS
MB089 30733624814870528 -10.0234 LRS
MB089 30733007719497728 -10.0206 LRS
MB089 30730360543252480 -9.55949 LRS
MB089 30726743144796160 -10.0202 LRS
MB089 30725422173913088 -9.55869 LRS
MB089 30725279164928000 -10.0191 LRS
MB089 30725097857748992 -10.0179 LRS
MB089 30724964499857408 -10.0242 LRS
MB089 30723147271507968 -10.0179 LRS
MB089 30722161345822721 -10.0179 LRS
MB089 30720529778352128 -9.5583 LRS
MB089 30717788247035904 -9.55909 LRS
MB089 30717188222484480 -10.0179 LRS
MB089 30715510530244608 -10.0202 LRS
MB089 30713758057758720 -10.0218 LRS
MB089 30712221839392768 -10.021 LRS
MB089 30711846856040448 -10.0222 LRS
MB089 30711295711903744 -9.5575 LRS
MB089 30710394544726016 -9.55949 LRS
MB089 30709708985733121 -10.0179 LRS
MB089 30707485836845056 -10.0199 LRS
MB089 30706334273904640 -9.53655 LRS
MB089 30705866151821312 -10.0179 LRS
MB089 30705353159086080 -10.0155 LRS
MB089 30701566637907968 -10.0218 LRS
MB089 30700288453120000 -10.0175 LRS
MB089 30698956543500288 -8.90034 LRS
MB089 30697930318938113 -9.55272 LRS
MB089 30694110746648576 -10.0151 LRS
MB089 30693337769971712 -9.55432 LRS
MB089 30691083906195456 -10.0226 LRS
MB089 30685024164519936 -10.0222 LRS
MB089 30684415982051330 -10.0214 LRS
MB089 30684356901081090 -9.55909 LRS
MB089 30684069566095360 -10.0222 LRS
MB089 30681465515675648 -8.67426 LRS
MB089 30681323840471040 -10.0155 LRS
MB089 30678871133130752 -10.0222 LRS
MB089 30677966316900352 -10.0226 LRS
MB089 30676157531693056 -9.53415 LRS
MB089 30675243035009024 -10.0199 LRS
MB089 30675008762155008 -9.54329 LRS
MB089 30673424175079424 -9.81075 LRS
MB089 30670492427878400 -10.0202 LRS
MB089 30669414454001666 -10.0234 LRS
MB089 30668591485419520 -10.0238 LRS
MB089 30664377120063490 -10.025 LRS
MB089 30663943521304576 -10.023 LRS
MB089 30662744034246656 -8.88414 LRS
MB089 30661896084398081 -10.0202 LRS
MB089 30660934829608960 -8.88296 LRS
MB089 30660929544785920 -8.88177 LRS
MB089 30659298547736576 -9.33425 LRS
MB089 30658729883992064 -10.0218 LRS
MB089 30658076449185792 -9.55233 LRS
MB089 30657791538499585 -10.0199 LRS
MB089 30657472330989569 -10.0199 LRS
MB089 30656351805898752 -10.0183 LRS
MB089 30650607878545408 -10.0202 LRS
MB089 30649531402031106 -10.021 LRS
MB089 30649327051341825 -9.53734 LRS
MB089 30642951403085825 -10.0222 LRS
MB089 30640120528904192 -10.0199 LRS
MB089 30639904274776065 -10.0214 LRS
MB089 30634028121980928 -9.5579 LRS
MB089 30633972400656384 -9.56067 LRS
MB089 30630071471448066 -10.0206 LRS
MB089 30629881536577536 -10.0191 LRS
MB089 30627286747185152 -9.55869 LRS
MB089 30624562412527616 -10.0222 LRS
MB089 30624047452655616 -10.0191 LRS
MB089 30622947475456002 -10.0218 LRS
MB089 30621730007420928 -10.0226 LRS
MB089 30621495612936192 -10.0218 LRS
MB089 30614721845534720 -10.0202 LRS
MB089 30610494997929984 -9.54012 LRS
MB089 30610356602675200 -8.87859 LRS
MB089 30609703906058240 -9.55988 LRS
MB089 30606797928665088 -10.0171 LRS
MB089 30606457862885376 -10.0179 LRS
MB089 30605133427515393 -10.0202 LRS
MB089 30604317241122816 -9.5583 LRS
MB089 30604295317491712 -10.0214 LRS
MB089 30601999804272640 -9.82144 LRS
MB089 30600176531931136 -9.56146 LRS
MB089 30599903256248320 -9.55909 LRS
MB089 30597359796756480 -9.56028 LRS
MB089 30593079173976064 -9.55909 LRS
MB089 30590047874973696 -10.0218 LRS
MB089 30589941998161920 -10.0206 LRS
MB089 30586742260105216 -8.67465 LRS
MB089 30585458287185920 -10.0199 LRS
MB089 30580777552977920 -10.0183 LRS
MB089 30580600335245312 -10.0206 LRS
MB089 30576560289357824 -9.53973 LRS
MB089 30573896549797889 -10.0202 LRS
MB089 30570814961094656 -10.0202 LRS
MB089 30570613160550401 -10.021 LRS
MB089 30566227583705088 -10.021 LRS
MB089 30564415321411585 -10.0206 LRS
MB089 30562673053663232 -9.5583 LRS
MB089 30561978300764160 -10.0179 LRS
MB089 30561817830883328 -10.023 LRS
MB089 30560622382944256 -10.023 LRS
MB089 30559104715984896 -9.55512 LRS
MB089 30558062741819393 -10.0214 LRS
MB089 30558029992689664 -9.56028 LRS
MB089 30556336743776257 -10.023 LRS
MB089 30556324295090176 -10.0202 LRS
MB089 30555910732521472 -10.0199 LRS
MB089 30555561762226176 -9.54092 LRS
MB089 30555118868897793 -10.0183 LRS
MB089 30546947643277312 -10.0242 LRS
MB089 30546262902185984 -10.0214 LRS
MB089 30543974355705856 -10.0179 LRS
MB089 30542249666289665 -9.56067 LRS
MB089 30540650860511232 -9.55512 LRS
MB089 30539628444393472 -10.0171 LRS
MB089 30538796814569473 -9.55949 LRS
MB089 30537221710807040 -10.0222 LRS
MB089 30529355226550272 -8.87859 LRS
MB089 30528293052620800 -10.0191 LRS
MB089 30526269397401600 -10.0167 LRS
MB089 30525510496813056 -10.0195 LRS
MB089 30523583709057024 -9.55671 LRS
MB089 30523247627866112 -10.0222 LRS
MB089 30522014980636672 -9.55869 LRS
MB089 30520674170703872 -10.0191 LRS
MB089 30520255453331456 -10.023 LRS
MB089 30520234888667136 -10.0222 LRS
MB089 30519437492756480 -10.0183 LRS
MB089 30518570114879489 -10.0183 LRS
MB089 30509916674334720 -10.0206 LRS
MB089 30509644216541184 -9.55909 LRS
MB089 30507495780782080 -10.0222 LRS
MB089 30503270493454336 -10.0222 LRS
MB089 30502445662609409 -8.88097 LRS
MB089 30502315865669632 -9.54012 LRS
MB089 30500912283787265 -10.0159 LRS
MB089 30499686548774912 -10.0214 LRS
MB089 30498285303103488 -10.0195 LRS
MB089 30495220495818752 -10.0187 LRS
MB089 30493592254418944 -9.81353 LRS
MB089 30493256886255616 -9.55472 LRS
MB089 30492645633560576 -10.0147 LRS
MB089 30492120053710848 -10.0183 LRS
MB089 30491988054777856 -10.0159 LRS
MB089 30491838007746560 -10.0187 LRS
MB089 30491337765687297 -10.021 LRS
MB089 30490446891327488 -8.8774 LRS
MB089 30488876887842816 -10.0191 LRS
MB089 30487376455274496 -10.0155 LRS
MB089 30487042106331136 -10.0175 LRS
MB089 30483288472690688 -9.55512 LRS
MB089 30483083559960576 -10.0163 LRS
MB089 30480301645889538 -9.54052 LRS
MB089 30478590315339776 -10.0179 LRS
MB089 30475529656205312 -10.0202 LRS
MB089 30474846102093824 -10.0206 LRS
MB089 30474260002639873 -9.56186 LRS
MB089 30472939660902400 -10.0175 LRS
MB089 30472562274209792 -9.53535 LRS
MB089 30470524576464896 -10.0202 LRS
MB089 30470136792088577 -10.0179 LRS
MB089 30469770713235457 -10.0167 LRS
MB089 30469146424643584 -10.0183 LRS
MB089 30468911245828096 -10.0175 LRS
MB089 30467672286175232 -9.55551 LRS
MB089 30466034850856960 -10.0187 LRS
MB089 30464838002016256 -10.023 LRS
MB089 30464181878661120 -9.55988 LRS
MB089 30462123272310784 -9.53893 LRS
MB089 30461039208308736 -9.55671 LRS
MB089 30459246122373120 -10.0175 LRS
MB089 30459228401434625 -10.0147 LRS
MB089 30456184565669888 -10.023 LRS
MB089 30454950911807488 -9.56067 LRS
MB089 30453782831693825 -10.0183 LRS
MB089 30453264952594432 -8.88256 LRS
MB089 30450875596013568 -10.0218 LRS
MB089 30450619990937600 -10.023 LRS
MB089 30449799073370112 -10.0187 LRS
MB089 30447986475540480 -10.0222 LRS
MB089 30446590078484480 -10.0226 LRS
MB089 30438551631958016 -9.8167 LRS
MB089 30437982943051777 -10.0214 LRS
MB089 30435013807841282 -10.0175 LRS
MB089 30432966450614272 -9.54171 LRS
MB089 30432343453868033 -9.5583 LRS
MB089 30432304534917120 -10.0195 LRS
MB089 30431827239895040 -9.55909 LRS
MB089 30426653242949632 -9.81472 LRS
MB089 30426624159649792 -10.0183 LRS
MB089 30423534744375296 -9.81472 LRS
MB089 30419183640510464 -10.0234 LRS
MB089 30417972963053568 -9.55988 LRS
MB089 30413909412286464 -10.0159 LRS
MB089 30412586923073537 -10.0167 LRS
MB089 30411426644361216 -10.0222 LRS
MB089 30410220291231744 -10.023 LRS
MB089 30409719415840769 -9.5583 LRS
MB089 30404957739941888 -10.0179 LRS
MB089 30403594989600768 -10.023 LRS
MB089 30401123395309568 -9.55512 LRS
MB089 30399632190214144 -10.0195 LRS
MB089 30398358954704897 -9.53655 LRS
MB089 30396780759752704 -10.021 LRS
MB089 30395861586411520 -10.0151 LRS
MB089 30393576173076480 -10.0222 LRS
MB089 30388998446784512 -9.5583 LRS
MB089 30388402880774145 -10.0214 LRS
MB089 30386026409103360 -10.0151 LRS
MB089 30384727449927681 -9.55949 LRS
MB089 30384707740901377 -9.81472 LRS
MB089 30384517990584320 -10.0214 LRS
MB089 30384433970290688 -10.0199 LRS
MB089 30383605473615872 -10.0214 LRS
MB089 30383074961264641 -10.0214 LRS
MB089 30381996689596416 -10.0206 LRS
MB089 30380837652406272 -10.0206 LRS
MB089 30380600850391040 -10.0195 LRS
MB089 30379159050002432 -8.88097 LRS
MB089 30378909472137216 -9.54012 LRS
MB089 30377833964503041 -9.53814 LRS
MB089 30377818244251649 -9.53575 LRS
MB089 30377751324135424 -9.56067 LRS
MB089 30376906423533569 -9.55631 LRS
MB089 30373030190387201 -10.0226 LRS
MB089 30372688430112768 -8.87859 LRS
MB089 30371629267681280 -10.0179 LRS
MB089 30371177398542336 -9.55392 LRS
MB089 30369929471463424 -10.023 LRS
MB089 30367641382162432 -9.56028 LRS
MB089 30367577121234944 -9.33702 LRS
MB089 30367353854234624 -9.55869 LRS
MB089 30365407416160256 -10.0191 LRS
MB089 30365304966094849 -8.88216 LRS
MB089 30364206226219009 -10.0179 LRS
MB089 30363602187722752 -8.67307 LRS
MB089 30361279927427073 -10.0171 LRS
MB089 30360733036322817 -9.53973 LRS
MB089 30359442214096896 -9.5579 LRS
MB089 30358166281658368 -9.33425 LRS
MB089 30357273956061184 -9.55591 LRS
MB089 30355583714459648 -9.56146 LRS
MB089 30355360229359616 -9.5583 LRS
MB089 30354599160315904 -10.0218 LRS
MB089 30354550175047681 -10.021 LRS
MB089 30354220142039040 -9.56107 LRS
MB089 30354208066641920 -10.0191 LRS
MB089 30353759339020288 -9.81353 LRS
MB089 30352365760548864 -9.53615 LRS
MB089 30352069722374144 -10.0206 LRS
MB089 30350848114565120 -10.0159 LRS
MB089 30348844143218688 -10.0202 LRS
MB089 30348133212880897 -10.0218 LRS
MB089 30346426907107328 -9.54171 LRS
MB089 30346387912663040 -9.81393 LRS
MB089 30346086581276673 -10.0199 LRS
MB089 30344845495111680 -10.0179 LRS
MB089 30344785445265408 -10.0155 LRS
MB089 30344037630222336 -9.55352 LRS
MB089 30343072424402945 -9.55392 LRS
MB089 30342747684601856 -10.0238 LRS
MB089 30342659860074496 -9.56146 LRS
MB089 30342607632601089 -10.0191 LRS
MB089 30341476567228417 -10.0183 LRS
MB089 30338913985892352 -10.0167 LRS
MB089 30338893949698048 -8.88097 LRS
MB089 30337921437409280 -8.88018 LRS
MB089 30337731917783040 -9.55869 LRS
MB089 30336820231274496 -10.0187 LRS
MB089 30332146547691520 -9.55512 LRS
MB089 30331378574827520 -9.8175 LRS
MB089 30330476719771648 -10.0167 LRS
MB089 30329946656219137 -10.0206 LRS
MB089 30328232129597441 -9.53734 LRS
MB089 30326932478369792 -10.0187 LRS
MB089 30326234244194305 -9.55591 LRS
MB089 30325412580040704 -10.0214 LRS
MB089 30323558936743937 -10.0167 LRS
MB089 30322544611430400 -9.55869 LRS
MB089 30322463762022400 -10.0214 LRS
MB089 30322222652456960 -10.0147 LRS
MB089 30322155006722048 -10.0218 LRS
MB089 30321532366487552 -10.0238 LRS
MB089 30321127519690752 -10.0163 LRS
MB089 30318404862746624 -10.0199 LRS
MB089 30313447187021824 -10.0222 LRS
MB089 30312817567469570 -10.0191 LRS
MB089 30311115032363008 -10.0234 LRS
MB089 30310891987673088 -9.55272 LRS
MB089 30307406751731712 -10.0187 LRS
MB089 30306594470236160 -10.0171 LRS
MB089 30305888401104896 -8.88137 LRS
MB089 30305834193920000 -10.0187 LRS
MB089 30305318382608384 -10.0202 LRS
MB089 30305137243201536 -10.0206 LRS
MB089 30301181502824448 -9.81393 LRS
MB089 30298419926925313 -10.0266 LRS
MB089 30297497775640576 -10.023 LRS
MB089 30296747179773952 -10.0218 LRS
MB089 30295209610838016 -9.55988 LRS
MB089 30295158817816576 -10.0202 LRS
MB089 30294924842770432 -9.56226 LRS
MB089 30290717628698624 -10.0175 LRS
MB089 30290123631362048 -10.0202 LRS
MB089 30287964877619200 -10.0191 LRS
MB089 30286764065169408 -9.5575 LRS
MB089 30284755522035712 -9.56028 LRS
MB089 30284112728170496 -10.0171 LRS
MB089 30283873199849472 -10.0171 LRS
MB089 30281930578599936 -10.0202 LRS
MB089 30281672431763457 -10.0143 LRS
MB089 30280534840057856 -9.55949 LRS
MB089 30279961097015296 -10.0187 LRS
MB089 30277587854958593 -9.5571 LRS
MB089 30276419892281345 -10.0195 LRS
MB089 30276051816943616 -10.0242 LRS
MB089 30273605854035969 -10.0187 LRS
MB089 30272609513897984 -10.0214 LRS
MB089 30271647797747712 -10.0214 LRS
MB089 30266336932270080 -10.0226 LRS
MB089 30265016854777856 -10.0206 LRS
MB089 30264223292465152 -8.67465 LRS
MB089 30263330648096768 -10.0226 LRS
MB089 30262288774598656 -9.55988 LRS
MB089 30260657819488256 -10.0238 LRS
MB089 30259627073470464 -10.0234 LRS
MB089 30257308814548992 -10.0167 LRS
MB089 30256123365818369 -10.0175 LRS
MB089 30255630178582531 -10.023 LRS
MB089 30253657899405312 -9.81472 LRS
MB089 30252806816403456 -10.0218 LRS
MB089 30252359724572672 -10.0199 LRS
MB089 30252166023221249 -10.0246 LRS
MB089 30250978481537024 -10.0218 LRS
MB089 30250122923216896 -10.0195 LRS
MB089 30249301665910784 -8.67346 LRS
MB089 30247704462364672 -10.0206 LRS
MB089 30247436702191619 -10.0183 LRS
MB089 30246914523930624 -9.5421 LRS
MB089 30245973909315586 -10.0218 LRS
MB089 30243703805190146 -10.0167 LRS
MB089 30241197360414720 -9.81433 LRS
MB089 30239408716255232 -10.0183 LRS
MB089 30238498875244546 -9.81512 LRS
MB089 30234014468022272 -9.54052 LRS
MB089 30233366276087808 -9.82498 LRS
MB089 30230070257778688 -10.0206 LRS
MB089 30229450192850944 -10.0175 LRS
MB089 30220891132530689 -9.55869 LRS
MB089 30220774153388032 -10.0183 LRS
MB089 30220434649645056 -9.56067 LRS
MB089 30219689011453952 -10.023 LRS
MB089 30219241265307648 -10.0187 LRS
MB089 30218496721821696 -10.0202 LRS
MB089 30215848790589441 -10.0202 LRS
MB089 30214847996100608 -9.56028 LRS
MB089 30212080476889088 -10.0187 LRS
MB089 30210958114693120 -10.0222 LRS
MB089 30208600873893889 -10.0222 LRS
MB089 30207638260154368 -10.0218 LRS
MB089 30205432328880128 -10.0214 LRS
MB089 30204650766475264 -10.0202 LRS
MB089 30202960038334464 -10.0234 LRS
MB089 30202886566715393 -10.0202 LRS
MB089 30200082099871745 -10.021 LRS
MB089 30197291004469248 -10.0214 LRS
MB089 30196576576077824 -10.0242 LRS
MB089 30196357390147584 -10.0234 LRS
MB089 30194580980764672 -10.0183 LRS
MB089 30192790516269056 -10.023 LRS
MB089 30192180639301633 -10.0206 LRS
MB089 30190817784102912 -10.0163 LRS
MB089 30179125960376320 -10.0175 LRS
MB089 30178507665448960 -9.5579 LRS
MB089 30176908285050880 -8.88058 LRS
MB089 30175928432726017 -9.81234 LRS
MB089 30175795070631936 -10.0226 LRS
MB089 30174835820724224 -9.53535 LRS
MB089 30172843979309056 -10.0195 LRS
MB089 30172724911411200 -9.55988 LRS
MB089 30171620752494592 -8.87899 LRS
MB089 30163285756084224 -8.88058 LRS
MB089 30161689768890368 -10.0222 LRS
MB089 30159361577852928 -10.0175 LRS
MB089 30158323089145856 -10.0175 LRS
MB089 30156234929741824 -9.55352 LRS
MB089 30155809904136192 -10.0226 LRS
MB089 30152819008872448 -10.0226 LRS
MB089 30151732545720320 -8.87779 LRS
MB089 30151195368624128 -10.0214 LRS
MB089 30150057126797312 -8.88097 LRS
MB089 30141357708283904 -9.81512 LRS
MB089 30140600766435328 -10.023 LRS
MB089 30139539024510977 -9.81472 LRS
MB089 30139062765486080 -10.0218 LRS
MB089 30138650251493376 -9.55551 LRS
MB089 30135622668656640 -10.0191 LRS
MB089 30133554167939072 -9.5583 LRS
MB089 30130866554408960 -10.0234 LRS
MB089 30130266060099584 -9.55233 LRS
MB089 30128890630381568 -10.0191 LRS
MB089 30128170346741761 -9.55472 LRS
MB089 30127839596519425 -10.0206 LRS
MB089 30118907385741312 -10.0179 LRS
MB089 30117489413193728 -9.55631 LRS
MB089 30115655319552000 -10.0183 LRS
MB089 30115585975128064 -9.53933 LRS
MB089 30112167621558272 -10.0187 LRS
MB089 30110203533860864 -10.0206 LRS
MB089 30108763973226496 -9.53495 LRS
MB089 30107503962365952 -9.81155 LRS
MB089 30106392492769280 -10.0222 LRS
MB089 30106291724615680 -9.55631 LRS
MB089 30105691049959424 -10.0191 LRS
MB089 30105237335318528 -9.55949 LRS
MB089 30101925932310530 -10.0179 LRS
MB089 30101682566209536 -8.88216 LRS
MB089 30100704358043648 -10.0202 LRS
MB089 30100202576674818 -8.87899 LRS
MB089 30099707145486336 -10.0191 LRS
MB089 30099620646359041 -9.56067 LRS
MB089 30099364525383680 -8.87899 LRS
MB089 30098371066728448 -10.0206 LRS
MB089 30097995219341313 -10.0195 LRS
MB089 30097429839740928 -10.0175 LRS
MB089 30096217060933632 -10.0147 LRS
MB089 30095742399938560 -8.88137 LRS
MB089 30094014405419008 -8.87819 LRS
MB089 30093635554906112 -10.0191 LRS
MB089 30093569540751360 -8.8774 LRS
MB089 30092767002632193 -9.5579 LRS
MB089 30091503615344641 -8.8754 LRS
MB089 30091502759710720 -8.89915 LRS
MB089 30089920840204288 -9.18246 LRS
MB089 30088494835568640 -10.023 LRS
MB089 30088043989835777 -10.0214 LRS
MB089 30087677927751680 -10.0238 LRS
MB089 30087633854013440 -10.0199 LRS
MB089 30086967714648064 -10.0246 LRS
MB089 30085504288432128 -9.54052 LRS
MB089 30083353944268800 -10.0214 LRS
MB089 30082391859007488 -8.87819 LRS
MB089 30081866904117248 -8.8758 LRS
MB089 30081400224878592 -9.53615 LRS
MB089 30080512332668928 -10.0175 LRS
MB089 30078270452015104 -10.0191 LRS
MB089 30077523119312897 -10.0214 LRS
MB089 30075314902138880 -10.0187 LRS
MB089 30074745030451200 -8.67386 LRS
MB089 30073521128349696 -10.0187 LRS
MB089 30073099189755905 -10.0143 LRS
MB089 30071613701492737 -10.0222 LRS
MB089 30071138327470081 -10.0206 LRS
MB089 30069574632218624 -10.0206 LRS
MB089 30067834360963073 -8.67584 LRS
MB089 30067826060435456 -8.67584 LRS
MB089 30067490721636352 -10.0171 LRS
MB089 30067234671955968 -9.31338 LRS
MB089 30066305893666816 -8.88335 LRS
MB089 30065112148615168 -9.55631 LRS
MB089 30064199749079041 -10.0187 LRS
MB089 30062520433643521 -10.0218 LRS
MB089 30061803685814273 -10.0218 LRS
MB089 30060947527696384 -10.0191 LRS
MB089 30059751970705408 -10.0202 LRS
MB089 30059477235408896 -8.88177 LRS
MB089 30058928024846337 -10.0191 LRS
MB089 30057407895834624 -10.0183 LRS
MB089 30056293515399168 -9.55352 LRS
MB089 30055735048015872 -10.0167 LRS
MB089 30052923635404800 -10.0222 LRS
MB089 30052921555025921 -10.0218 LRS
MB089 30051208831963136 -10.0183 LRS
MB089 30051142494851074 -10.0155 LRS
MB089 30050266585763840 -10.0222 LRS
MB089 30049684357652480 -10.0206 LRS
MB089 30048369078439937 -10.0191 LRS
MB089 30044745917009920 -10.021 LRS
MB089 30043274114764800 -10.0206 LRS
MB089 30042783834177536 -10.0195 LRS
MB089 30038972340109312 -10.0179 LRS
MB089 30034938308857857 -9.55512 LRS
MB089 30034753365213186 -9.81353 LRS
MB089 30034452809781248 -10.0191 LRS
MB089 30034345649512448 -9.53734 LRS
MB089 30031017058238464 -10.0171 LRS
MB089 30029914312802304 -10.0222 LRS
MB089 30027727780192256 -10.0195 LRS
MB089 30026988047568897 -8.88018 LRS
MB089 30026847156703232 -10.0171 LRS
MB089 30026185857568768 -10.0226 LRS
MB089 30023567005458432 -10.0206 LRS
MB089 30022830624088064 -8.88256 LRS
MB089 30022179638743040 -9.53336 LRS
MB089 30021593652535296 -9.56107 LRS
MB089 30021210309918720 -10.0226 LRS
MB089 30019527488045056 -9.55909 LRS
MB089 30018721376378881 -10.0179 LRS
MB089 30017202543394818 -9.19505 LRS
MB089 30016182069239808 -10.0163 LRS
MB089 30016091308695552 -10.0179 LRS
MB089 30015748235591681 -10.0238 LRS
MB089 30015603104284672 -8.4495 LRS
MB089 30015571043033088 -8.44989 LRS
MB089 30014512836907008 -10.0183 LRS
MB089 30013954906398720 -8.44831 LRS
MB089 30013853781729280 -9.55631 LRS
MB089 30012983635615744 -9.53376 LRS
MB089 30012375142764544 -10.021 LRS
MB089 30012088164290560 -10.021 LRS
MB089 30009279104684032 -10.0242 LRS
MB089 30008929463304194 -9.55671 LRS
MB089 30008783593807872 -10.0206 LRS
MB089 30008563728392192 -8.8774 LRS
MB089 30008378411458560 -9.55551 LRS
MB089 30004992224010240 -10.0175 LRS
MB089 30004754675404800 -10.0202 LRS
MB089 30003495658590209 -10.0151 LRS
MB089 30002622148644866 -8.67861 LRS
MB089 29999731040063488 -10.0218 LRS
MB089 29998218720837632 -10.0222 LRS
MB089 29998166686310400 -9.55869 LRS
MB089 29998119382941696 -10.0214 LRS
MB089 29997482045865984 -10.021 LRS
MB089 29996945464365056 -10.0206 LRS
MB089 29996481968611328 -8.67465 LRS
MB089 29994379032657920 -10.0187 LRS
MB089 29992409110679552 -10.0218 LRS
MB089 29989023476879360 -9.81234 LRS
MB089 29988101250088960 -10.0195 LRS
MB089 29988033105240064 -8.87978 LRS
MB089 29988028164341760 -9.55512 LRS
MB089 29985773914693632 -8.88177 LRS
MB089 29985282845581312 -10.0202 LRS
MB089 29984928640802817 -8.88058 LRS
MB089 29983476329488384 -8.87938 LRS
MB089 29983067007356928 -8.88177 LRS
MB089 29981750247563264 -8.4491 LRS
MB089 29981327340077056 -8.88177 LRS
MB089 29980477968355328 -8.87938 LRS
MB089 29980277879087104 -8.88137 LRS
MB089 29980058072383488 -9.81789 LRS
MB089 29978936054124544 -9.56067 LRS
MB089 29978784442613761 -10.021 LRS
MB089 29977663393243136 -8.88177 LRS
MB089 29975824362901504 -10.0218 LRS
MB089 29974704106250240 -10.0218 LRS
MB089 29972879865020416 -10.0187 LRS
MB089 29972255043756032 -9.5575 LRS
MB089 29972224484057089 -10.0206 LRS
MB089 29972191965614080 -9.53734 LRS
MB089 29971274285457408 -8.87859 LRS
MB089 29970821749415936 -10.0238 LRS
MB089 29970197326594048 -9.81433 LRS
MB089 29969633779912704 -10.0202 LRS
MB089 29969535108907008 -10.0183 LRS
MB089 29969010321788928 -10.0222 LRS
MB089 29968621912461312 -10.0218 LRS
MB089 29968309541666817 -9.55472 LRS
MB089 29967133987311617 -8.88177 LRS
MB089 29965778258231296 -10.0206 LRS
MB089 29965672863764480 -9.55909 LRS
MB089 29965645625954305 -10.0202 LRS
MB089 29964806458970112 -8.87779 LRS
MB089 29964733197058048 -10.0206 LRS
MB089 29964683888824320 -8.88137 LRS
MB089 29963772546252801 -8.88216 LRS
MB089 29963747619512321 -8.88256 LRS
MB089 29961989971255296 -10.0175 LRS
MB089 29961713801502720 -10.0222 LRS
MB089 29961609975693312 -10.0202 LRS
MB089 29959276705353728 -10.0234 LRS
MB089 29958984777596929 -10.0179 LRS
MB089 29958499244969985 -10.0187 LRS
MB089 29958125205331968 -10.0214 LRS
MB089 29957230459625472 -8.87859 LRS
MB089 29956165949464576 -10.0179 LRS
MB089 29956114711846912 -10.0187 LRS
MB089 29954919859494912 -8.88018 LRS
MB089 29953625757323265 -10.0238 LRS
MB089 29949199302791169 -10.0191 LRS
MB089 29948763707543552 -8.6794 LRS
MB089 29948205131108352 -10.0202 LRS
MB089 29947894513532928 -10.021 LRS
MB089 29944750614253568 -10.0222 LRS
MB089 29943847442186240 -10.0171 LRS
MB089 29943474711175168 -9.55988 LRS
MB089 29943407103180801 -10.021 LRS
MB089 29943147198943232 -9.33306 LRS
MB089 29942734030635008 -8.88216 LRS
MB089 29942108697661440 -10.0163 LRS
MB089 29941384995676160 -10.0155 LRS
MB089 29940378031366144 -8.8774 LRS
MB089 29938994254979072 -10.0179 LRS
MB089 29938517257752577 -10.0195 LRS
MB089 29938428128788482 -9.81393 LRS
MB089 29938407081779201 -10.023 LRS
MB089 29938235325022208 -8.87899 LRS
MB089 29938149023027201 -10.0214 LRS
MB089 29935921956651008 -10.0191 LRS
MB089 29935909013028865 -10.0187 LRS
MB089 29935811608715264 -10.0183 LRS
MB089 29935188112842753 -10.0195 LRS
MB089 29934670430863361 -10.0206 LRS
MB089 29934617918181376 -10.0234 LRS
MB089 29934238883127296 -10.0206 LRS
MB089 29934157463293952 -8.87978 LRS
MB089 29931197094174720 -9.55949 LRS
MB089 29929541975674880 -10.0159 LRS
MB089 29928585812774912 -10.0187 LRS
MB089 29927858302357504 -9.81393 LRS
MB089 29926180308123648 -10.0234 LRS
MB089 29925566148780033 -8.88177 LRS
MB089 29924683004510210 -9.5571 LRS
MB089 29924576850870272 -9.55909 LRS
MB089 29923925597093888 -9.5583 LRS
MB089 29922483008180224 -10.0195 LRS
MB089 29922127813545984 -10.0214 LRS
MB089 29920656606896128 -10.0175 LRS
MB089 29918841463119873 -10.0179 LRS
MB089 29914525234896897 -10.0226 LRS
MB089 29912251385257984 -10.0199 LRS
MB089 29908459612807168 -9.56028 LRS
MB089 29906751004344320 -10.0183 LRS
MB089 29906646620700672 -10.023 LRS
MB089 29905251129626624 -10.0191 LRS
MB089 29904682344255488 -9.55551 LRS
MB089 29902748564586499 -9.55591 LRS
MB089 29902592746192896 -10.023 LRS
MB089 29898947031998464 -10.0171 LRS
MB089 29897352076595200 -9.55988 LRS
MB089 29896057966043136 -10.0218 LRS
MB089 29895970200227840 -9.55551 LRS
MB089 29895672413028352 -9.54131 LRS
MB089 29894770717368320 -10.0206 LRS
MB089 29893998919286784 -10.0222 LRS
MB089 29893852487745536 -10.0155 LRS
MB089 29890342249566208 -8.88216 LRS
MB089 29881826017280000 -8.88216 LRS
MB089 29881385950908417 -10.0199 LRS
MB089 29880837080088576 -9.55949 LRS
MB089 29879097022746624 -10.021 LRS
MB089 29877890904494080 -10.0222 LRS
MB089 29877130607202305 -9.54012 LRS
MB089 29875350062243840 -10.0175 LRS
MB089 29873701256167424 -10.0183 LRS
MB089 29870590244421632 -10.0218 LRS
MB089 29870032628486144 -10.0218 LRS
MB089 29868461022773248 -10.023 LRS
MB089 29867974026334208 -10.0175 LRS
MB089 29867813074116609 -10.0175 LRS
MB089 29867331446378497 -10.0175 LRS
MB089 29867115909480449 -10.021 LRS
MB089 29865370613452800 -10.0179 LRS
MB089 29864344346959873 -9.55909 LRS
MB089 29862076608421889 -9.55352 LRS
MB089 29851862689644545 -10.0214 LRS
MB089 29851574369001472 -9.56107 LRS
MB089 29842080981323776 -9.54092 LRS
MB089 29836330108190720 -10.0218 LRS
MB089 29835824761675776 -10.0195 LRS
MB089 29833398696546304 -10.0218 LRS
MB089 29829765703667712 -9.53694 LRS
MB089 29828508796588032 -10.0218 LRS
MB089 29827517833543681 -10.0226 LRS
MB089 29823904985915392 -9.54171 LRS
MB089 29823097372676097 -9.55392 LRS
MB089 29819310721470464 -10.0234 LRS
MB089 29815339550244864 -8.88216 LRS
MB089 29815336723283969 -10.0218 LRS
MB089 29813204720820224 -8.87859 LRS
MB089 29811083359297536 -9.81353 LRS
MB089 29803932641398784 -9.55869 LRS
MB089 29803839557214208 -10.0187 LRS
MB089 29803017486209024 -8.88058 LRS
MB089 29802607983722496 -10.0238 LRS
MB089 29798994368528384 -9.55988 LRS
MB089 29797313429897216 -9.81908 LRS
MB089 29796809836593152 -9.55949 LRS
MB089 29796156003323904 -9.55671 LRS
MB089 29796070900891648 -10.0214 LRS
MB089 29794699367682049 -9.55909 LRS
MB089 29793892404563968 -10.0183 LRS
MB089 29793883722350592 -10.0214 LRS
MB089 29790248124813313 -10.0199 LRS
MB089 29789481766756352 -10.023 LRS
MB089 29787286296072192 -9.53655 LRS
MB089 29785559840849920 -10.0171 LRS
MB089 29783396272050176 -10.0183 LRS
MB089 29782729826508802 -9.55988 LRS
MB089 29781289112440833 -10.021 LRS
MB089 29780416491687936 -10.0167 LRS
MB089 29778811126022144 -9.5579 LRS
MB089 29778453146374146 -9.55949 LRS
MB089 29778160925020160 -9.5579 LRS
MB089 29778098132094976 -10.021 LRS
MB089 29777681851613184 -10.0222 LRS
MB089 29776575327109120 -10.0163 LRS
MB089 29776272368345088 -10.0179 LRS
MB089 29775459260563456 -10.0183 LRS
MB089 29775330373799936 -10.0191 LRS
MB089 29773502827466753 -10.0167 LRS
MB089 29773250594611200 -9.55671 LRS
MB089 29771149583843329 -10.0199 LRS
MB089 29769161068515328 -10.0195 LRS
MB089 29767147760656385 -9.5571 LRS
MB089 29761922584809473 -10.0183 LRS
MB089 29760899921219584 -10.0159 LRS
MB089 29760853960036353 -10.0206 LRS
MB089 29760755578445824 -8.88137 LRS
MB089 29757289531445248 -10.0167 LRS
MB089 29752871318724608 -10.0171 LRS
MB089 29752740913610753 -10.0155 LRS
MB089 29752606301622272 -10.0179 LRS
MB089 29752245813780480 -10.0214 LRS
MB089 29749953991540736 -8.88256 LRS
MB089 29749909510955008 -9.55631 LRS
MB089 29749462683361280 -8.88177 LRS
MB089 29748023638622208 -10.0238 LRS
MB089 29748005947052032 -9.55949 LRS
MB089 29747936300638209 -10.0171 LRS
MB089 29746581804679169 -10.0159 LRS
MB089 29746565979570176 -10.0171 LRS
MB089 29746107793805312 -9.53535 LRS
MB089 29745344061374464 -8.88137 LRS
MB089 29743618541486080 -9.53455 LRS
MB089 29742636675899392 -10.0171 LRS
MB089 29741771177070593 -10.0218 LRS
MB089 29740784282509312 -10.0226 LRS
MB089 29736787173707776 -10.0179 LRS
MB089 29734026336018432 -10.0159 LRS
MB089 29730954327101440 -10.0179 LRS
MB089 29727357497511938 -8.87819 LRS
MB089 29727122582929408 -9.55671 LRS
MB089 29726748937551873 -10.0222 LRS
MB089 29726337899962368 -10.0218 LRS
MB089 29723053386633217 -10.0183 LRS
MB089 29721931557109760 -10.0167 LRS
MB089 29721426353192960 -9.55631 LRS
MB089 29720661970649089 -9.55551 LRS
MB089 29720077087547392 -10.0179 LRS
MB089 29718830938849280 -9.56028 LRS
MB089 29716666459881472 -10.023 LRS
MB089 29716088212168705 -10.0214 LRS
MB089 29714838418628608 -10.0175 LRS
MB089 29713049996754944 -9.81433 LRS
MB089 29712330908508161 -10.021 LRS
MB089 29712057012068352 -10.0175 LRS
MB089 29711526411632640 -9.81353 LRS
MB089 29710879238914048 -10.0175 LRS
MB089 29708836805804032 -10.021 LRS
MB089 29708217516826624 -10.0195 LRS
MB089 29705507023364097 -10.0238 LRS
MB089 29704966817972224 -10.0222 LRS
MB089 29701530940612608 -10.0179 LRS
MB089 29701234306850816 -10.0187 LRS
MB089 29699691667005441 -10.0179 LRS
MB089 29699206893539328 -10.0199 LRS
MB089 29697526877659136 -9.54052 LRS
MB089 29697006322581504 -9.55949 LRS
MB089 29696591203926016 -10.0214 LRS
MB089 29695285814894592 -8.88137 LRS
MB089 29694651128610816 -10.0187 LRS
MB089 29691865741664256 -10.0238 LRS
MB089 29691836364754944 -10.0171 LRS
MB089 29691725110841344 -9.81591 LRS
MB089 29688185005019136 -10.0202 LRS
MB089 29687604597235712 -8.87859 LRS
MB089 29686760699076610 -9.33544 LRS
MB089 29686445937532930 -10.023 LRS
MB089 29685544430604288 -8.88216 LRS
MB089 29685439426207745 -10.0179 LRS
MB089 29683642808668161 -10.0199 LRS
MB089 29683008013340674 -10.0191 LRS
MB089 29681908606574593 -10.0206 LRS
MB089 29679923362795521 -10.0191 LRS
MB089 29679863778516992 -10.0218 LRS
MB089 29679801459544064 -10.0179 LRS
MB089 29677301054578689 -9.5579 LRS
MB089 29676981104680960 -10.0199 LRS
MB089 29676942290583552 -10.0175 LRS
MB089 29675048222588929 -10.0218 LRS
MB089 29674125274386434 -8.87819 LRS
MB089 29673407452811264 -10.0199 LRS
MB089 29671614891163648 -8.88058 LRS
MB089 29671431411339264 -10.0222 LRS
MB089 29669403490521088 -10.0199 LRS
MB089 29669390878248960 -10.023 LRS
MB089 29668656577249280 -10.0191 LRS
MB089 29666784655179777 -9.54092 LRS
MB089 29662937660530688 -8.87938 LRS
MB089 29662453654626305 -9.5575 LRS
MB089 29660885517606912 -9.55671 LRS
MB089 29660411355725824 -10.0191 LRS
MB089 29658786230702080 -10.021 LRS
MB089 29658527584755713 -10.0187 LRS
MB089 29656509289861120 -10.0202 LRS
MB089 29656497839415296 -10.0175 LRS
MB089 29654111758589952 -9.54052 LRS
MB089 29653230724055040 -9.5583 LRS
MB089 29652868181000192 -9.55272 LRS
MB089 29650255003783168 -10.0234 LRS
MB089 29650039508832256 -10.0179 LRS
MB089 29649859489304576 -10.0206 LRS
MB089 29647476575178752 -10.0199 LRS
MB089 29646605451792384 -9.54092 LRS
MB089 29645903857983488 -10.0163 LRS
MB089 29645182559330304 -10.0222 LRS
MB089 29645113542049792 -10.0199 LRS
MB089 29644779583184896 -10.0195 LRS
MB089 29643884711649281 -8.87819 LRS
MB089 29642039033339904 -10.0155 LRS
MB089 29641069041815552 -10.0226 LRS
MB089 29640472020385792 -10.023 LRS
MB089 29640037561802752 -8.87899 LRS
MB089 29639019566469120 -10.021 LRS
MB089 29638293515665408 -9.5421 LRS
MB089 29638081330028544 -8.88137 LRS
MB089 29637571675951104 -10.0171 LRS
MB089 29637350317363201 -10.0222 LRS
MB089 29637053591330816 -9.55909 LRS
MB089 29636107079516161 -9.55988 LRS
MB089 29636014796439553 -10.0195 LRS
MB089 29635195187499009 -8.67465 LRS
MB089 29634699332685824 -10.0218 LRS
MB089 29633853089910785 -10.0246 LRS
MB089 29632999997837312 -10.0214 LRS
MB089 29632900366336003 -10.0206 LRS
MB089 29632550783684608 -10.0163 LRS
MB089 29632108716621825 -8.88058 LRS
MB089 29632078693801984 -8.88058 LRS
MB089 29631260305391616 -10.0187 LRS
MB089 29629935635136512 -8.87859 LRS
MB089 29628428185509888 -10.0226 LRS
MB089 29628012471255040 -9.81472 LRS
MB089 29625837984677888 -10.0202 LRS
MB089 29624844094017536 -10.0199 LRS
MB089 29624753186676736 -8.88018 LRS
MB089 29624443579932673 -10.0226 LRS
MB089 29621986695057408 -10.0206 LRS
MB089 29621587351179264 -10.0206 LRS
MB089 29621536348438528 -10.0155 LRS
MB089 29621073565712384 -10.0179 LRS
MB089 29621072722661376 -10.0179 LRS
MB089 29620868887875585 -10.0195 LRS
MB089 29618904212967424 -10.0191 LRS
MB089 29618497289986048 -9.81314 LRS
MB089 29618351932178432 -9.81472 LRS
MB089 29618175553306624 -10.0195 LRS
MB089 29617853363650560 -9.53893 LRS
MB089 29617833742696448 -10.0195 LRS
MB089 29617610219847681 -10.0187 LRS
MB089 29616966620676096 -10.0214 LRS
MB089 29615199631708161 -10.021 LRS
MB089 29614386897223680 -10.0183 LRS
MB089 29612419269525504 -10.0214 LRS
MB089 29612396653846528 -10.0167 LRS
MB089 29612253628080128 -9.55472 LRS
MB089 29611762852560896 -8.88296 LRS
MB089 29611575602057217 -8.88177 LRS
MB089 29610756999749632 -10.023 LRS
MB089 29610644344934400 -10.023 LRS
MB089 29610514455728129 -10.0234 LRS
MB089 29610484609060864 -10.0179 LRS
MB089 29610019561406464 -10.0147 LRS
MB089 29609494350663680 -10.0199 LRS
MB089 29609201256898560 -10.0159 LRS
MB089 29609025180012544 -8.87978 LRS
MB089 29608680517271552 -10.0187 LRS
MB089 29608595393880064 -10.0226 LRS
MB089 29608545469075456 -10.0199 LRS
MB089 29608534240919553 -8.88177 LRS
MB089 29607982601867264 -10.021 LRS
MB089 29606637102702593 -10.0214 LRS
MB089 29606415127547905 -10.0191 LRS
MB089 29606321732976640 -10.0206 LRS
MB089 29605381974007809 -10.0195 LRS
MB089 29605316295401472 -8.87819 LRS
MB089 29605037726507008 -9.8175 LRS
MB089 29604332601090048 -10.0226 LRS
MB089 29604188728074240 -10.0226 LRS
MB089 29604117332623360 -10.0171 LRS
MB089 29603699605118976 -10.0206 LRS
MB089 29603581250244608 -10.0206 LRS
MB089 29603503097778176 -10.0199 LRS
MB089 29603408730132481 -10.0195 LRS
MB089 29603381462966272 -10.0163 LRS
MB089 29603137870364672 -10.0202 LRS
MB089 29602991661125632 -10.0222 LRS
MB089 29602924615180288 -9.55591 LRS
MB089 29602145401569281 -9.81631 LRS
MB089 29602019660533760 -10.021 LRS
MB089 29600958463877120 -10.0206 LRS
MB089 29600738464239617 -9.56107 LRS
MB089 29599714810793985 -10.0218 LRS
MB089 29598294640431104 -9.55591 LRS
MB089 29597836890869762 -10.0171 LRS
MB089 29597505679265792 -8.88097 LRS
MB089 29596816899047425 -8.67386 LRS
MB089 29596768744251394 -9.55949 LRS
MB089 29595801692930048 -9.55909 LRS
MB089 29595796924010496 -10.021 LRS
MB089 29595695845478400 -8.4487 LRS
MB089 29594545775714304 -10.0183 LRS
MB089 29593492757946369 -10.0195 LRS
MB089 29592326644957185 -10.0202 LRS
MB089 29592315332919296 -10.0195 LRS
MB089 29591573712871424 -10.0191 LRS
MB089 29591440673738752 -10.0234 LRS
MB089 29591128978231296 -10.0155 LRS
MB089 29591063610007552 -8.4491 LRS
MB089 29590988473241600 -10.0179 LRS
MB089 29589669695987713 -10.0218 LRS
MB089 29587228363587584 -10.0183 LRS
MB089 29585457289367553 -10.0175 LRS
MB089 29583808319717376 -9.5579 LRS
MB089 29583184416997377 -10.0222 LRS
MB089 29582944607666176 -10.0175 LRS
MB089 29582428238512128 -10.0167 LRS
MB089 29581947877462016 -10.0151 LRS
MB089 29580681826803712 -10.0218 LRS
MB089 29580447310675968 -9.55432 LRS
MB089 29580135988469760 -10.021 LRS
MB089 29579748237643777 -9.5583 LRS
MB089 29579542943236096 -10.0163 LRS
MB089 29577761542635520 -10.0175 LRS
MB089 29576578690187264 -10.0226 LRS
MB089 29576554216431616 -10.021 LRS
MB089 29573569683922944 -9.53933 LRS
MB089 29573279719104512 -9.56028 LRS
MB089 29572998801395712 -9.55909 LRS
MB089 29571964729294850 -8.88137 LRS
MB089 29571921116921857 -10.025 LRS
MB089 29571457692467201 -9.81472 LRS
MB089 29570257815339008 -10.0202 LRS
MB089 29569818365530112 -9.55909 LRS
MB089 29567984880062464 -10.0195 LRS
MB089 29565995085463553 -10.0183 LRS
MB089 29565521233973248 -9.55949 LRS
MB089 29560033196908544 -9.55909 LRS
MB089 29558011009703936 -10.0199 LRS
MB089 29557816846974977 -10.0222 LRS
MB089 29557124220583936 -10.0222 LRS
MB089 29555589185011712 -10.0187 LRS
MB089 29554760554119170 -10.0202 LRS
MB089 29553470717558784 -10.0234 LRS
MB089 29548203888082944 -10.0151 LRS
MB089 29547482602020864 -9.55671 LRS
MB089 29546920250707968 -10.0206 LRS
MB089 29545224661368832 -10.0238 LRS
MB089 29543990596472832 -10.0214 LRS
MB089 29543726531477505 -8.88018 LRS
MB089 29541793280294912 -9.55512 LRS
MB089 29541481148579840 -10.0171 LRS
MB089 29541205482143745 -10.0143 LRS
MB089 29540890779324416 -10.0175 LRS
MB089 29539095524937728 -10.023 LRS
MB089 29536627487416320 -9.8167 LRS
MB089 29534771587588096 -10.0202 LRS
MB089 29534395966685185 -10.0222 LRS
MB089 29532621289553920 -10.0183 LRS
MB089 29531368551620608 -10.0238 LRS
MB089 29528543922749440 -9.55949 LRS
MB089 29527654478643200 -10.0167 LRS
MB089 29527303021142016 -10.0199 LRS
MB089 29525277981810688 -9.55909 LRS
MB089 29524863232253952 -10.0226 LRS
MB089 29519697208676352 -9.55869 LRS
MB089 29519075164037120 -9.55909 LRS
MB089 29517964143235072 -10.0238 LRS
MB089 29517716243091456 -10.0187 LRS
MB089 29515048296652801 -9.55988 LRS
MB089 29513377378205696 -10.0191 LRS
MB089 29513276979154944 -10.0191 LRS
MB089 29513205877313536 -10.0187 LRS
MB089 29508204824104960 -10.0183 LRS
MB089 29506888278220800 -10.0179 LRS
MB089 29505003060199424 -10.0222 LRS
MB089 29503834476773376 -10.0179 LRS
MB089 29503804546228224 -10.0179 LRS
MB089 29502552550674432 -8.88216 LRS
MB089 29502402994380800 -10.0226 LRS
MB089 29501911174488064 -10.0222 LRS
MB089 29494200223399936 -10.0179 LRS
MB089 29493617580048384 -9.55909 LRS
MB089 29491915716042752 -10.0254 LRS
MB089 29485632304717824 -9.81591 LRS
MB089 29485113448333313 -10.0214 LRS
MB089 29485082074939393 -10.0214 LRS
MB089 29484891439636480 -10.0218 LRS
MB089 29478254289100800 -9.5571 LRS
MB089 29477087131729920 -10.0214 LRS
MB089 29476372464275456 -10.0226 LRS
MB089 29476116636901376 -9.54012 LRS
MB089 29470480259878912 -8.88256 LRS
MB089 29469928306245633 -10.0218 LRS
MB089 29469702950494208 -10.021 LRS
MB089 29468099145109504 -9.53694 LRS
MB089 29463600636633088 -10.0187 LRS
MB089 29463581976170496 -8.88296 LRS
MB089 29461669805563904 -10.0218 LRS
MB089 29454158079725568 -9.5429 LRS
MB089 29447487282483200 -10.0187 LRS
MB089 29446582931816449 -10.0206 LRS
MB089 29443909759279105 -10.0195 LRS
MB089 29442086180749312 -9.81353 LRS
MB089 29439330808233984 -10.023 LRS
MB089 29437469254492160 -10.0202 LRS
MB089 29437010070474752 -10.023 LRS
MB089 29431821049532416 -10.0187 LRS
MB089 29429325753229312 -9.55551 LRS
MB089 29428144062595072 -9.56146 LRS
MB089 29421953940983808 -9.81393 LRS
MB089 29420900109516800 -8.67545 LRS
MB089 29419298619392000 -10.0218 LRS
MB089 29419005957636096 -9.33346 LRS
MB089 29418162894147586 -10.0183 LRS
MB089 29418114865168385 -9.55949 LRS
MB089 29417969968750592 -10.0218 LRS
MB089 29417268790173697 -10.0199 LRS
MB089 29414461529919488 -10.0226 LRS
MB089 29414445725786112 -10.0206 LRS
MB089 29414373516648450 -9.55909 LRS
MB089 29413713450635264 -10.0159 LRS
MB089 29411430084116480 -10.0214 LRS
MB089 29411207081365504 -10.0175 LRS
MB089 29410539666931712 -10.0226 LRS
MB089 29410434616393728 -10.0179 LRS
MB089 29409545595920384 -9.55909 LRS
MB089 29409168079200256 -9.54052 LRS
MB089 29408997563957248 -10.0183 LRS
MB089 29408095310450688 -10.0222 LRS
MB089 29404802370772992 -10.0183 LRS
MB089 29403489603948544 -9.53575 LRS
MB089 29402165919350784 -10.0222 LRS
MB089 29402035812040704 -10.0183 LRS
MB089 29401992044482560 -10.021 LRS
MB089 29400761968361472 -9.5583 LRS
MB089 29395295972368385 -9.55432 LRS
MB089 29394958058266624 -10.0199 LRS
MB089 29393955934179328 -10.023 LRS
MB089 29390690341363712 -10.0187 LRS
MB089 29390314556891138 -10.0167 LRS
MB089 29389202428792832 -9.5571 LRS
MB089 29388279396700160 -10.0147 LRS
MB089 29386667919933440 -9.53655 LRS
MB089 29386353372299264 -9.56028 LRS
MB089 29384513998032896 -10.0175 LRS
MB089 29383730816622592 -10.0183 LRS
MB089 29383692996579328 -10.0214 LRS
MB089 29382568247828480 -9.81789 LRS
MB089 29379963505348608 -10.0183 LRS
MB089 29378050168721408 -10.0226 LRS
MB089 29376443095973888 -10.0195 LRS
MB089 29375290954223616 -9.53376 LRS
MB089 29374631051788288 -10.0147 LRS
MB089 29374612177424384 -9.53734 LRS
MB089 29371285020614656 -10.0222 LRS
MB089 29361802055782400 -9.53734 LRS
MB089 29361180761923586 -9.5575 LRS
MB089 29360463254917120 -10.0218 LRS
MB089 29357876145295360 -10.0226 LRS
MB089 29357804624019456 -10.0175 LRS
MB089 29357027302047744 -10.0187 LRS
MB089 29355080343887872 -10.0199 LRS
MB089 29352868322476032 -10.0171 LRS
MB089 29350870986526720 -10.021 LRS
MB089 29350595676602368 -10.0222 LRS
MB089 29350040250093568 -10.0214 LRS
MB089 29349955797782529 -10.0171 LRS
MB089 29347409729425409 -9.55988 LRS
MB089 29346995520929793 -9.53615 LRS
MB089 29346691949793280 -10.0226 LRS
MB089 29345815893909506 -10.0226 LRS
MB089 29345584083116032 -9.55869 LRS
MB089 29344170665578496 -10.0206 LRS
MB089 29344139652890624 -9.55551 LRS
MB089 29341878251945985 -10.0199 LRS
MB089 29341850649231360 -8.87859 LRS
MB089 29341749503594496 -9.5575 LRS
MB089 29341576383696896 -8.877 LRS
MB089 29340756414038016 -9.53734 LRS
MB089 29336964498989057 -9.55869 LRS
MB089 29336012429721600 -10.0179 LRS
MB089 29326699829137408 -9.55591 LRS
MB089 29321816023502849 -10.0238 LRS
MB089 29321179906969600 -10.0179 LRS
MB089 29320779862646784 -10.0226 LRS
MB089 29318098523787264 -9.53655 LRS
MB089 29315785306415104 -10.0214 LRS
MB089 29313233290534912 -9.55591 LRS
MB089 29309994113433600 -10.0167 LRS
MB089 29307779718057984 -10.0151 LRS
MB089 29307261503414273 -10.0147 LRS
MB089 29304536686395392 -10.0226 LRS
MB089 29301438978985985 -9.55949 LRS
MB089 29297733672108032 -10.0206 LRS
MB089 29293407201394688 -10.0222 LRS
MB089 29293286476746753 -10.0163 LRS
MB089 29292600527683585 -9.54092 LRS
MB089 29290123048779776 -10.0218 LRS
MB089 29289579114668032 -10.0167 LRS
MB089 29287595703803904 -10.0218 LRS
MB089 29281340348170241 -9.54052 LRS
MB089 29279283469877249 -9.54012 LRS
MB089 29278079868207104 -10.0163 LRS
MB089 29271237934972928 -10.0218 LRS
MB089 29270816000581633 -9.81472 LRS
MB089 29269688164810752 -9.56028 LRS
MB089 29269541506781185 -10.0218 LRS
MB089 29264426926350337 -10.0179 LRS
MB089 29263811252850688 -10.0218 LRS
MB089 29262585702391808 -10.0199 LRS
MB089 29260646696620032 -10.0218 LRS
MB089 29258791472078848 -9.55988 LRS
MB089 29257130380894209 -10.0183 LRS
MB089 29254274907119616 -10.0199 LRS
MB089 29251752498823168 -10.023 LRS
MB089 29247974554992641 -9.55869 LRS
MB089 29247647885819904 -10.023 LRS
MB089 29244599255957504 -10.0226 LRS
MB089 29242893835173888 -10.0226 LRS
MB089 29241660747550720 -10.0226 LRS
MB089 29241019862097920 -10.023 LRS
MB089 29239532964544513 -10.0167 LRS
MB089 29239447883091968 -10.0191 LRS
MB089 29237254106906625 -10.0238 LRS
MB089 29234181120729088 -10.0143 LRS
MB089 29227829149302784 -10.0199 LRS
MB089 29225894077800448 -9.33425 LRS
MB089 29222241128423424 -9.55551 LRS
MB089 29221809362575360 -8.88177 LRS
MB089 29220078822096896 -9.53893 LRS
MB089 29218697935593473 -9.5579 LRS
MB089 29215151165018112 -10.0226 LRS
MB089 29206368929972227 -10.0214 LRS
MB089 29204392808816640 -10.0171 LRS
MB089 29201951975542786 -10.0222 LRS
MB089 29200517544542208 -10.0179 LRS
MB089 29197447750230017 -9.55869 LRS
MB089 29180840944599040 -10.0187 LRS
MB089 29176794808586240 -9.55949 LRS
MB089 29175553118441472 -10.0175 LRS
MB089 29174307670196225 -10.0183 LRS
MB089 29173366493544448 -10.023 LRS
MB089 29170415863603200 -10.021 LRS
MB089 29166245303558144 -8.88097 LRS
MB089 29165761645772800 -10.0191 LRS
MB089 29165666523156481 -9.55909 LRS
MB089 29165415372427264 -10.0179 LRS
MB089 29162642086043648 -8.44791 LRS
MB089 29160761381101568 -10.0214 LRS
MB089 29158915207860224 -10.0206 LRS
MB089 29154175241691136 -10.0183 LRS
MB089 29138382391091200 -8.8774 LRS
MB089 29137161051701248 -9.55909 LRS
MB089 29133363663077376 -9.5571 LRS
MB089 29133234465939456 -9.20145 LRS
MB089 29129913122426880 -9.53774 LRS
MB089 29121841922580480 -10.0214 LRS
MB089 29121465462820864 -10.0202 LRS
MB089 29116256388911104 -10.0195 LRS
MB089 29114144951115777 -10.0167 LRS
MB089 29111061755994113 -10.023 LRS
MB089 29110576256909312 -8.88018 LRS
MB089 29109693016182784 -10.0183 LRS
MB089 29109248642252800 -10.0195 LRS
MB089 29108634600345600 -9.55512 LRS
MB089 29107104522436608 -10.0222 LRS
MB089 29104234112749568 -10.0222 LRS
MB089 29102987091648512 -10.0222 LRS
MB089 29101181838032896 -10.021 LRS
MB089 29097840621912064 -10.0163 LRS
MB089 29082558985666560 -10.0183 LRS
MB089 29079236882993153 -9.53734 LRS
MB089 29070352629899264 -10.0218 LRS
MB089 29063072974897152 -9.53575 LRS
MB089 29061575675478016 -10.0214 LRS
MB089 29061515566911488 -10.0187 LRS
MB089 29060412389457920 -10.0167 LRS
MB089 29059808250302465 -9.53694 LRS
MB089 29059549684043776 -9.53415 LRS
MB089 29057839850848256 -9.53455 LRS
MB089 29056330916433920 -9.53575 LRS
MB089 29055282340438016 -10.0214 LRS
MB089 29053281850368000 -9.55591 LRS
MB089 29052237510606849 -10.021 LRS
MB089 29046985604468738 -8.87899 LRS
MB089 29046475723902976 -10.023 LRS
MB089 29040482524856321 -10.0226 LRS
MB089 29035925505839104 -10.0218 LRS
MB089 29035891951411200 -9.68913 LRS
MB089 29035242769616896 -9.55631 LRS
MB089 29033310197907456 -8.87978 LRS
MB089 29031925314224128 -9.53455 LRS
MB089 29028165078745089 -9.54131 LRS
MB089 29025832924094464 -9.53376 LRS
MB089 29024061799534595 -9.55512 LRS
MB089 29023735340072963 -9.55949 LRS
MB089 29022861154852864 -10.0202 LRS
MB089 29019443711442944 -10.021 LRS
MB089 29018127299772417 -9.54092 LRS
MB089 29015151210405889 -9.81512 LRS
MB089 29014217877102592 -10.021 LRS
MB089 29008044729831425 -10.0171 LRS
MB089 29007262743797760 -8.88216 LRS
MB089 29005825620054017 -10.0234 LRS
MB089 29005669881352193 -10.0226 LRS
MB089 29003454999429120 -10.021 LRS
MB089 28998762059796481 -10.0167 LRS
MB089 28996315090264064 -9.55352 LRS
MB089 28995255546155008 -10.0155 LRS
MB089 28994520754429952 -10.0175 LRS
MB089 28993320927633408 -10.0155 LRS
MB089 28992500953780224 -10.023 LRS
MB089 28986888295550977 -8.88216 LRS
MB089 28982693316272128 -9.55631 LRS
MB089 28977973386289152 -10.0226 LRS
MB089 28977229006376960 -10.021 LRS
MB089 28977091852640256 -10.0234 LRS
MB089 28976681750372352 -10.0143 LRS
MB089 28976518700994561 -10.0147 LRS
MB089 28976026713329664 -10.0226 LRS
MB089 28975836006711296 -10.0187 LRS
MB089 28975329297039362 -10.0147 LRS
MB089 28975295771971585 -10.0167 LRS
MB089 28971031481810944 -10.0183 LRS
MB089 28969647004983296 -10.0226 LRS
MB089 28969270234849280 -9.55909 LRS
MB089 28969078127337472 -8.87978 LRS
MB089 28968479176531969 -8.8774 LRS
MB089 28968255498489856 -10.0238 LRS
MB089 28966433190842369 -10.0214 LRS
MB089 28965955056963584 -9.55392 LRS
