MB107 34934916911206400 -11.3472 LR
MB107 34902391677521920 -11.3424 LR
MB107 34815328680673280 -11.3468 LR
MB107 34780560287080448 -11.3468 LR
MB107 34708495861424128 -11.3432 LR
MB107 34707878807863296 -11.0011 LR
MB107 34707868955451393 -11.3432 LR
MB107 34691531487055872 -11.3416 LR
MB107 34681581679411200 -11.3484 LR
MB107 34676489286848513 -10.9991 LR
MB107 34641136228237313 -10.3355 LR
MB107 34635269365825537 -10.3406 LR
MB107 34634485672710144 -11.3488 LR
MB107 34626338929393664 -11.344 LR
MB107 34561267771379714 -10.3339 LR
MB107 34554501213986816 -11.342 LR
MB107 34423084211507200 -11.344 LR
MB107 34418538580156416 -11.3428 LR
MB107 34374037694062592 -11.3472 LR
MB107 34123731857051648 -11.3452 LR
MB107 34058985338310656 -11.346 LR
MB107 34037173757935616 -11.3436 LR
MB107 33946282431086592 -11.3448 LR
MB107 33944084129390592 -11.3412 LR
MB107 33943550039171073 -11.3412 LR
MB107 33943493940350977 -11.342 LR
MB107 33940740035837952 -11.3416 LR
MB107 33940735363387393 -11.3484 LR
MB107 33940575078060032 -11.3484 LR
MB107 33940573983346688 -11.3412 LR
MB107 33910634965901313 -11.344 LR
MB107 33874115857227777 -11.3456 LR
MB107 33864238116114432 -11.3448 LR
MB107 33763780353736704 -10.3375 LR
MB107 33756446864707584 -11.3428 LR
MB107 33695590218993664 -11.3428 LR
MB107 33675489168072704 -11.3484 LR
MB107 33672219229945856 -11.3436 LR
MB107 33539674085527552 -11.3448 LR
MB107 33371739924733952 -11.3444 LR
MB107 33314806891020289 -11.3432 LR
MB107 33274422466969600 -11.3472 LR
MB107 33255202819678208 -11.3424 LR
MB107 33246299994341376 -11.0003 LR
MB107 33243828102103040 -11.346 LR
MB107 33230751776378880 -11.344 LR
MB107 33200855427584000 -11.346 LR
MB107 33196122461831168 -10.3406 LR
MB107 33169663835766784 -11.3432 LR
MB107 33169146845863936 -11.3464 LR
MB107 33166959180775425 -11.3476 LR
MB107 33104263953518592 -11.346 LR
MB107 32905351825195008 -10.3351 LR
MB107 32839781972971520 -11.3456 LR
MB107 32762463833292800 -11.348 LR
MB107 32682849370902528 -11.3436 LR
MB107 32641101823221760 -11.3476 LR
MB107 32441185939230720 -11.3448 LR
MB107 32417956327591936 -11.3424 LR
MB107 32401754213580801 -11.346 LR
MB107 32347027073409024 -11.344 LR
MB107 32201959117160448 -11.3472 LR
MB107 32196354189033472 -11.346 LR
MB107 32114084824489984 -11.3444 LR
MB107 32068265530363904 -11.3468 LR
MB107 32050638644846592 -10.3363 LR
MB107 32002758282313728 -11.3472 LR
MB107 31988624497057792 -11.3472 LR
MB107 31988608873275392 -11.3472 LR
MB107 31976814465261568 -11.3476 LR
MB107 31868820264058880 -11.346 LR
MB107 31826731073540096 -11.344 LR
MB107 31736131007553536 -11.342 LR
MB107 31717039261360128 -11.3432 LR
MB107 31696221231915008 -11.3436 LR
MB107 31627673281232896 -11.3464 LR
MB107 31612106658816000 -11.3476 LR
MB107 31594475058892801 -11.344 LR
MB107 31568963183845376 -11.3432 LR
MB107 31510252167892992 -9.99587 LR
MB107 31457316683386880 -11.346 LR
MB107 31299541219147776 -11.348 LR
MB107 31262570253918208 -11.3484 LR
MB107 31216862033354752 -11.3488 LR
MB107 31111507857117184 -11.3464 LR
MB107 31105563030986752 -11.3444 LR
MB107 31097992878497792 -10.3406 LR
MB107 31083523758620673 -11.3436 LR
MB107 31051505712758784 -11.3472 LR
MB107 30987866825826305 -11.3416 LR
MB107 30982657407983616 -11.3476 LR
MB107 30931945189806080 -11.3436 LR
MB107 30858426221330432 -10.3355 LR
MB107 30760981990735873 -11.344 LR
MB107 30741655636152321 -11.3428 LR
MB107 30681601281097728 -11.3488 LR
MB107 30670819306766336 -10.3335 LR
MB107 30655832362328064 -11.3428 LR
MB107 30641734190895104 -11.342 LR
MB107 30615051849179137 -11.3468 LR
MB107 30606551752384513 -11.0027 LR
MB107 30587451990867968 -10.3387 LR
MB107 30583418236444672 -11.0027 LR
MB107 30579528959000576 -10.3367 LR
MB107 30532746656882688 -11.3432 LR
MB107 30516431275687936 -11.3432 LR
MB107 30503756760096768 -11.3464 LR
MB107 30503755766046720 -11.344 LR
MB107 30503723834806273 -11.3432 LR
MB107 30503556704378880 -11.3464 LR
MB107 30503508281131008 -11.3464 LR
MB107 30503477746606081 -11.3464 LR
MB107 30503459547521024 -11.3432 LR
MB107 30503443495919616 -11.344 LR
MB107 30419283041329152 -10.3355 LR
MB107 30392855478411264 -11.346 LR
MB107 30377575092068352 -11.346 LR
MB107 30335399607934976 -11.346 LR
MB107 30262198236348416 -11.0027 LR
MB107 30255072919166976 -11.3456 LR
MB107 30109409485004800 -10.3426 LR
MB107 29969010321788928 -11.3472 LR
MB107 29931197094174720 -11.3472 LR
MB107 29859008714117121 -11.3468 LR
MB107 29705163694407680 -11.3476 LR
MB107 29699831274405889 -10.3363 LR
MB107 29665062092279808 -11.346 LR
MB107 29635496325947392 -11.346 LR
MB107 29627483645022208 -11.3464 LR
MB107 29488533592870912 -11.3464 LR
MB107 29470976584450049 -11.3436 LR
MB107 29468057994788864 -11.0046 LR
MB107 29373617028472832 -11.348 LR
MB107 29364447365562368 -11.0019 LR
MB107 29167831027290113 -11.3428 LR
MB107 29140922730024960 -11.3432 LR
