MB060 34436767029399552 -13.0453 LR
MB060 34433105322311681 -13.0457 LR
MB060 34427856268296192 -13.0426 LR
MB060 34423422805086208 -12.7098 LR
MB060 34413781824053250 -13.0434 LR
MB060 34401760499994624 -13.0442 LR
MB060 34400768010223616 -13.0418 LR
MB060 34399985877385216 -12.711 LR
MB060 34374207865360384 -13.0442 LR
MB060 34362237711810560 -13.0426 LR
MB060 34360524418326528 -13.0446 LR
MB060 34350131339862016 -13.0438 LR
MB060 34340702926151680 -13.0418 LR
MB060 34339551702949888 -13.0449 LR
MB060 34330261625765888 -13.0434 LR
MB060 34321869083656192 -13.0446 LR
MB060 34319783511986177 -13.0438 LR
MB060 34317814336593920 -13.0449 LR
MB060 34314302349512704 -13.0449 LR
MB060 34301372430032896 -13.0426 LR
MB060 34298509683335168 -13.0465 LR
MB060 34295352752488448 -13.0446 LR
MB060 34294472170799104 -13.0418 LR
MB060 34293118794727424 -13.0402 LR
MB060 34288453235507200 -13.0442 LR
MB060 34272896184483840 -13.0446 LR
MB060 34265847648223232 -12.3693 LR
MB060 34257438848851968 -13.0453 LR
MB060 34242790003048448 -13.0473 LR
MB060 34241267537813504 -12.711 LR
MB060 34239780854169600 -13.0449 LR
MB060 34220554386939904 -13.0422 LR
MB060 34212573473677313 -12.7059 LR
MB060 34208991005384704 -13.0442 LR
MB060 34207433509314560 -12.7114 LR
MB060 34196606400069632 -13.0426 LR
MB060 34196305525997568 -13.0446 LR
MB060 34196136759791616 -13.0457 LR
MB060 34191148067065856 -12.7086 LR
MB060 34170614994440192 -13.0477 LR
MB060 34170614801498112 -13.0434 LR
MB060 34161535391633408 -12.512 LR
MB060 34141762964426752 -12.512 LR
MB060 34119176763219969 -13.0469 LR
MB060 34096959190999040 -13.0477 LR
MB060 34089080761352192 -12.7071 LR
MB060 34083615394635776 -13.0426 LR
MB060 34064563758436353 -13.0473 LR
MB060 34048651693129728 -13.043 LR
MB060 34047953588981760 -13.039 LR
MB060 34039493702979584 -13.043 LR
MB060 34037666857095168 -12.7102 LR
MB060 34037388133015552 -13.0469 LR
MB060 33952047346753536 -13.0438 LR
MB060 33947153646755840 -13.0418 LR
MB060 33935143164968960 -13.0422 LR
MB060 33931204822708224 -13.0386 LR
MB060 33930401353306112 -13.0449 LR
MB060 33918077670260736 -13.0422 LR
MB060 33906092450775040 -13.0422 LR
MB060 33905407281864704 -13.043 LR
MB060 33897544161562624 -13.0457 LR
MB060 33893263983382528 -13.0382 LR
MB060 33891480875573248 -13.0469 LR
MB060 33886665583894529 -13.0469 LR
MB060 33886610151968768 -13.0438 LR
MB060 33877818676871169 -13.0438 LR
MB060 33866244889255936 -13.0469 LR
MB060 33861807881854976 -13.043 LR
MB060 33832369173561344 -12.7071 LR
MB060 33825712628572160 -13.043 LR
MB060 33822127090040833 -13.0473 LR
MB060 33817367196733440 -13.0457 LR
MB060 33767395541778432 -13.0461 LR
MB060 33766008078475264 -13.0434 LR
MB060 33759350933688320 -13.0489 LR
MB060 33747547113799680 -13.0426 LR
MB060 33736019194941440 -13.0473 LR
MB060 33724367154184192 -13.0453 LR
MB060 33706609385414656 -12.7083 LR
MB060 33686423018147840 -13.0469 LR
MB060 33681047828967424 -12.7075 LR
MB060 33677391939239936 -12.709 LR
MB060 33662328511668224 -13.0426 LR
MB060 33648572633186305 -13.0465 LR
MB060 33541837868240896 -13.0457 LR
MB060 33538596304584704 -13.0473 LR
MB060 33528419429912577 -13.0438 LR
MB060 33515230587785216 -13.0418 LR
MB060 33514651547344896 -12.7114 LR
MB060 33509970242703360 -13.0465 LR
MB060 33499408821649408 -13.0449 LR
MB060 33481092530970624 -13.0418 LR
MB060 33475941577523200 -13.0426 LR
MB060 33473583443345408 -13.0465 LR
MB060 33466017904599040 -13.0414 LR
MB060 33465601515061248 -13.0434 LR
MB060 33455624742240256 -13.0418 LR
MB060 33450326254161920 -13.0457 LR
MB060 33441821556219904 -13.0418 LR
MB060 33440459686674432 -12.7102 LR
MB060 33427794578907138 -13.0394 LR
MB060 33420322896089089 -13.0473 LR
MB060 33414268057550848 -13.0398 LR
MB060 33394964012470272 -13.0485 LR
MB060 33360216896577537 -13.0473 LR
MB060 33355922768134144 -13.0422 LR
MB060 33347616108449792 -13.0398 LR
MB060 33333604473905153 -12.5124 LR
MB060 33325971704647680 -13.0497 LR
MB060 33319693687193600 -13.0422 LR
MB060 33315423587926016 -13.0473 LR
MB060 33314537855782912 -13.0406 LR
MB060 33312830832779264 -13.0473 LR
MB060 33303077645721601 -13.0422 LR
MB060 33290517185830913 -13.0398 LR
MB060 33289881463554048 -13.0422 LR
MB060 33289072579448832 -13.0469 LR
MB060 33286243110359040 -12.7067 LR
MB060 33280407558422530 -13.0465 LR
MB060 33269747457986560 -13.0457 LR
MB060 33258453669519360 -13.0426 LR
MB060 33244191333023745 -13.0438 LR
MB060 33241766408753152 -13.0465 LR
MB060 33234896205910016 -13.043 LR
MB060 33219399687086080 -13.0426 LR
MB060 33215620443013120 -13.0414 LR
MB060 33213207115988993 -13.041 LR
MB060 33207663022186496 -13.0442 LR
MB060 33204998779183104 -13.0414 LR
MB060 33194092347260929 -13.0461 LR
MB060 33193476678098944 -13.0422 LR
MB060 33193270754410496 -13.0469 LR
MB060 33191028164919296 -13.0453 LR
MB060 33189744468824064 -13.0422 LR
MB060 33184527253774336 -13.0461 LR
MB060 33182966221905921 -13.0469 LR
MB060 33178793958973440 -13.041 LR
MB060 33164098782896128 -13.0414 LR
MB060 33163430215028737 -13.0461 LR
MB060 33143822955323392 -13.0438 LR
MB060 33136404745687041 -12.711 LR
MB060 33123261378199552 -13.0398 LR
MB060 33121277527076864 -12.7094 LR
MB060 33118667621269504 -13.0453 LR
MB060 33093432729673728 -12.5112 LR
MB060 33089393585561600 -12.711 LR
MB060 33088815753072640 -13.0418 LR
MB060 33075693453574144 -13.039 LR
MB060 33034489114402818 -12.5109 LR
MB060 33030215693238272 -12.7126 LR
MB060 33005252936613888 -13.0406 LR
MB060 33004878599028736 -12.7094 LR
MB060 32998133591965698 -13.041 LR
MB060 32993365960163329 -13.0461 LR
MB060 32980463521894404 -12.7086 LR
MB060 32969751617609728 -13.0422 LR
MB060 32964361152630785 -13.0477 LR
MB060 32952319834333184 -13.0426 LR
MB060 32951788327927809 -12.711 LR
MB060 32944120313937920 -13.0473 LR
MB060 32941334444642304 -13.0406 LR
MB060 32940057354567680 -13.0446 LR
MB060 32925036524339200 -13.043 LR
MB060 32924622777229312 -13.0434 LR
MB060 32924110325551104 -12.5101 LR
MB060 32921526181306368 -12.7102 LR
MB060 32918942691360769 -13.0465 LR
MB060 32910909026336769 -13.0434 LR
MB060 32893865128103936 -13.0489 LR
MB060 32890431842820097 -13.0414 LR
MB060 32888502592999424 -13.0461 LR
MB060 32846949170286593 -13.0398 LR
MB060 32844335699460096 -13.0457 LR
MB060 32835480282206208 -13.0426 LR
MB060 32833569088864256 -13.0426 LR
MB060 32829804684255232 -13.039 LR
MB060 32827336114044928 -13.0394 LR
MB060 32804963172229122 -13.0461 LR
MB060 32796533900451840 -12.709 LR
MB060 32790377945628674 -13.0469 LR
MB060 32788760802361344 -13.0434 LR
MB060 32788306391474176 -13.0477 LR
MB060 32784347446640641 -13.0398 LR
MB060 32779560177106944 -13.0473 LR
MB060 32778112353701888 -13.0457 LR
MB060 32777293533282304 -13.0477 LR
MB060 32773497323261953 -12.7118 LR
MB060 32769247159525376 -12.711 LR
MB060 32767369885523968 -12.7102 LR
MB060 32759104686526464 -13.0426 LR
MB060 32735966103863296 -13.0477 LR
MB060 32717001642213376 -13.0473 LR
MB060 32708438391783424 -13.041 LR
MB060 32695014534422528 -13.0426 LR
MB060 32682961971187712 -13.0422 LR
MB060 32670047541399554 -13.0414 LR
MB060 32650628815654912 -13.0406 LR
MB060 32637471158181888 -13.0453 LR
MB060 32636564857163776 -13.041 LR
MB060 32633259359739904 -13.043 LR
MB060 32630574321500160 -12.7086 LR
MB060 32625374466670592 -13.0477 LR
MB060 32624094155382784 -13.043 LR
MB060 32622381050626048 -12.7122 LR
MB060 32621134683840512 -13.0438 LR
MB060 32606382687522816 -13.0446 LR
MB060 32596338398986240 -13.0449 LR
MB060 32587720056381440 -13.0461 LR
MB060 32586965681438721 -13.0414 LR
MB060 32585080530534400 -13.0434 LR
MB060 32583438900924416 -13.0446 LR
MB060 32565854197522434 -13.0469 LR
MB060 32563258921586688 -13.0398 LR
MB060 32563025143668736 -13.043 LR
MB060 32561751102857217 -13.0446 LR
MB060 32549389721403392 -13.0457 LR
MB060 32546178050564096 -13.0461 LR
MB060 32545550293278720 -13.0457 LR
MB060 32533115071102976 -13.0422 LR
MB060 32531322975031297 -13.0469 LR
MB060 32518041971462144 -13.0473 LR
MB060 32509167298154497 -13.0414 LR
MB060 32505435818823680 -13.0426 LR
MB060 32499549176078336 -13.0418 LR
MB060 32491264125440000 -13.0426 LR
MB060 32489954206552064 -13.0406 LR
MB060 32485126906580992 -12.5116 LR
MB060 32478081310531584 -13.0453 LR
MB060 32476378754453504 -13.0469 LR
MB060 32470427972407297 -13.0422 LR
MB060 32465039742992384 -13.0449 LR
MB060 32459873564237824 -12.717 LR
MB060 32425136569188352 -13.0461 LR
MB060 32420868470607872 -13.0422 LR
MB060 32401917023887360 -13.0465 LR
MB060 32400138295050240 -12.7075 LR
MB060 32397620974460928 -13.0434 LR
MB060 32378179473637376 -13.043 LR
MB060 32356570746593280 -13.0453 LR
MB060 32338110041817088 -13.0473 LR
MB060 32326977826324480 -13.0426 LR
MB060 32313684516667392 -13.0453 LR
MB060 32310535236091904 -13.0442 LR
MB060 32287551872049153 -13.0453 LR
MB060 32282429179822080 -13.0453 LR
MB060 32274292934709248 -13.0414 LR
MB060 32262026784935937 -13.0473 LR
MB060 32253721475809280 -13.0426 LR
MB060 32251502751911936 -13.043 LR
MB060 32246224383909888 -13.0469 LR
MB060 32245131734163456 -13.0438 LR
MB060 32232123762999296 -13.0465 LR
MB060 32218369029578752 -13.0449 LR
MB060 32216775609294848 -13.0446 LR
MB060 32215388670394369 -13.0469 LR
MB060 32209889547784193 -13.0414 LR
MB060 32209755963392000 -13.0497 LR
MB060 32209447271010305 -12.7094 LR
MB060 32197479604686848 -13.0442 LR
MB060 32164323618979840 -12.7098 LR
MB060 32163338561519616 -13.0422 LR
MB060 32162361813114880 -13.0394 LR
MB060 32160280121184256 -13.0473 LR
MB060 32159615927975936 -13.0473 LR
MB060 32150815032479744 -13.0422 LR
MB060 32146010880876544 -13.0434 LR
MB060 32135116910239745 -13.0457 LR
MB060 32129079801024512 -13.0477 LR
MB060 32128917364019200 -13.0418 LR
MB060 32126045767344128 -13.041 LR
MB060 32122661534437376 -13.0418 LR
MB060 32121406158282752 -13.043 LR
MB060 32113442663964674 -13.0469 LR
MB060 32096649790623745 -12.7114 LR
MB060 32095910624239616 -13.0422 LR
MB060 32080120806117377 -13.0457 LR
MB060 32045900373172224 -12.7083 LR
MB060 32041815846682624 -13.0453 LR
MB060 32036574552129537 -13.0461 LR
MB060 32025187096469504 -13.0449 LR
MB060 32008904330186752 -12.5105 LR
MB060 32008658833379328 -13.0418 LR
MB060 32006887113236480 -13.0465 LR
MB060 32003703108018176 -13.0446 LR
MB060 31983916797665280 -13.0426 LR
MB060 31971578401001472 -13.0481 LR
MB060 31948959979151360 -13.0465 LR
MB060 31938590585921537 -12.7094 LR
MB060 31932548758114304 -13.0457 LR
MB060 31928170336751616 -13.0442 LR
MB060 31925027234385920 -13.0449 LR
MB060 31925014072655873 -13.0457 LR
MB060 31902196287152130 -13.0461 LR
MB060 31901150139654145 -13.0453 LR
MB060 31891601236168704 -13.0426 LR
MB060 31887149833912320 -13.0469 LR
MB060 31859911369424897 -13.0469 LR
MB060 31858497041735680 -13.0477 LR
MB060 31851458030731265 -13.0426 LR
MB060 31849691155013632 -13.0449 LR
MB060 31845699976957952 -13.0481 LR
MB060 31844651140911104 -13.0446 LR
MB060 31811792514588672 -13.0422 LR
MB060 31801180061433856 -13.0418 LR
MB060 31792512024707072 -13.0434 LR
MB060 31789696912723969 -13.0434 LR
MB060 31787373297668096 -13.0465 LR
MB060 31782993198583808 -13.0473 LR
MB060 31778804447846401 -13.0446 LR
MB060 31777556533354496 -13.0394 LR
MB060 31775016945197056 -13.0422 LR
MB060 31772625969610752 -13.0453 LR
MB060 31767856039329792 -13.041 LR
MB060 31760876486795264 -13.0457 LR
MB060 31749327172935680 -13.0446 LR
MB060 31748735637651459 -13.0422 LR
MB060 31740806834425856 -12.7114 LR
MB060 31732480914489344 -12.7102 LR
MB060 31731638631137281 -13.041 LR
MB060 31724837294571520 -13.0414 LR
MB060 31717825269731328 -13.0465 LR
MB060 31685731671875584 -13.0418 LR
MB060 31682953595584513 -13.0473 LR
MB060 31682217021276160 -13.041 LR
MB060 31672985840517120 -13.0406 LR
MB060 31656691342770176 -12.7102 LR
MB060 31652844012572673 -13.0446 LR
MB060 31648324306079744 -13.0449 LR
MB060 31606047844077568 -13.0434 LR
MB060 31596255645798400 -13.0469 LR
MB060 31590126110904320 -12.7118 LR
MB060 31582344502575104 -13.0457 LR
MB060 31579382669639680 -13.0477 LR
MB060 31574865592979456 -13.0406 LR
MB060 31574562965557248 -13.0418 LR
MB060 31569769945636865 -13.0406 LR
MB060 31553127102550016 -13.0453 LR
MB060 31553007199985664 -13.0485 LR
MB060 31549742353747968 -13.0418 LR
MB060 31547140597620738 -13.0434 LR
MB060 31546669883465728 -13.0426 LR
MB060 31543425941643264 -13.0386 LR
MB060 31541787378065409 -12.5101 LR
MB060 31529509962387456 -12.709 LR
MB060 31528219622506496 -13.0477 LR
MB060 31504834347663360 -13.039 LR
MB060 31473705490063360 -13.0461 LR
MB060 31469968528769025 -12.7114 LR
MB060 31468756320391168 -13.0422 LR
MB060 31459972197908480 -13.0461 LR
MB060 31442910696177665 -12.7118 LR
MB060 31424346220134400 -13.0449 LR
MB060 31417341728260096 -13.043 LR
MB060 31416196981067776 -13.0453 LR
MB060 31387551839293441 -12.7106 LR
MB060 31377104851435520 -13.0446 LR
MB060 31371147513692160 -13.043 LR
MB060 31367981963415553 -13.0422 LR
MB060 31364247728427008 -13.0457 LR
MB060 31361239879778304 -13.0434 LR
MB060 31355475723296768 -13.0461 LR
MB060 31350795135877120 -13.043 LR
MB060 31343165118087169 -12.7098 LR
MB060 31330501872586753 -12.7106 LR
MB060 31327450969415680 -13.0473 LR
MB060 31324492491923456 -12.7106 LR
MB060 31320075092885504 -13.0434 LR
MB060 31314268687171584 -13.0453 LR
MB060 31301157481611264 -13.0465 LR
MB060 31299916881993728 -12.5128 LR
MB060 31295548401131520 -13.0398 LR
MB060 31292566762684417 -13.0442 LR
MB060 31287096681435136 -12.7126 LR
MB060 31283921618472960 -13.0414 LR
MB060 31280399111950336 -13.0406 LR
MB060 31270753550737408 -13.043 LR
MB060 31269345250246656 -12.709 LR
MB060 31266735499776000 -13.0481 LR
MB060 31263929590091776 -12.7098 LR
MB060 31256750145409024 -13.0453 LR
MB060 31224800038879232 -13.0422 LR
MB060 31206369348558848 -13.0461 LR
MB060 31198473860685824 -13.0473 LR
MB060 31187069468413952 -12.7098 LR
MB060 31182635430576128 -13.0434 LR
MB060 31175586026094593 -13.0461 LR
MB060 31168490618486784 -13.0446 LR
MB060 31160749384540161 -13.041 LR
MB060 31158533105909760 -13.0442 LR
MB060 31139501162102784 -13.0465 LR
MB060 31134657022001153 -13.041 LR
MB060 31132710705565696 -13.0473 LR
MB060 31122825305657344 -13.041 LR
MB060 31111015328387072 -13.0469 LR
MB060 31098329915981825 -13.0465 LR
MB060 31091400284049408 -13.039 LR
MB060 31085518896758785 -13.0446 LR
MB060 31073318543032320 -12.7098 LR
MB060 31059718105468928 -13.0473 LR
MB060 31058541116657664 -12.711 LR
MB060 31044285503639553 -13.0469 LR
MB060 31027264854433793 -13.0477 LR
MB060 31025621903609856 -12.7086 LR
MB060 31018278142869506 -13.0473 LR
MB060 31012345664765952 -13.0426 LR
MB060 30993448911765504 -13.0438 LR
MB060 30987549543497728 -13.0465 LR
MB060 30984263960633344 -13.0442 LR
MB060 30983787705794560 -13.0461 LR
MB060 30959520830197760 -12.7126 LR
MB060 30951279899451393 -12.7102 LR
MB060 30948577773621248 -13.0469 LR
MB060 30947181829562368 -12.7094 LR
MB060 30936142652112896 -13.0442 LR
MB060 30929580629950464 -13.0422 LR
MB060 30922877704339456 -12.7102 LR
MB060 30918931124322304 -13.0426 LR
MB060 30912466233860096 -13.0422 LR
MB060 30906101285261312 -13.0461 LR
MB060 30901247426957312 -13.0446 LR
MB060 30900201635979264 -13.0442 LR
MB060 30896445397671936 -13.0398 LR
MB060 30888675101384704 -12.5085 LR
MB060 30883172178726912 -13.0453 LR
MB060 30867592214220800 -12.7075 LR
MB060 30838480187686913 -12.7098 LR
MB060 30833823713333248 -13.0457 LR
MB060 30803091490086912 -12.7079 LR
MB060 30796264580849664 -13.0418 LR
MB060 30794679930851328 -13.0465 LR
MB060 30786145579180032 -12.7098 LR
MB060 30782535134879744 -13.0453 LR
MB060 30781762292424704 -13.0386 LR
MB060 30779659390033920 -13.0449 LR
MB060 30772722690695168 -13.0426 LR
MB060 30745569156665345 -13.043 LR
MB060 30742992339865600 -13.0414 LR
MB060 30742388892762113 -13.0469 LR
MB060 30728211767762944 -13.0446 LR
MB060 30724724736655361 -12.512 LR
MB060 30712634152062976 -13.0446 LR
MB060 30702658113249282 -13.043 LR
MB060 30702331435683841 -13.0438 LR
MB060 30694625152864256 -13.0489 LR
MB060 30687231832227840 -13.0449 LR
MB060 30685454885986304 -13.0469 LR
MB060 30678113146896384 -12.711 LR
MB060 30676488235782144 -13.0457 LR
MB060 30666356126912512 -12.5105 LR
MB060 30658825623179265 -13.0434 LR
MB060 30658102550335488 -13.0438 LR
MB060 30652376973053952 -13.0438 LR
MB060 30635285104558080 -13.0457 LR
MB060 30622029539442688 -13.0457 LR
MB060 30614708486676480 -13.043 LR
MB060 30608387918004224 -12.711 LR
MB060 30605376395157504 -13.0438 LR
MB060 30597951457853442 -13.0434 LR
MB060 30589863128473600 -13.0438 LR
MB060 30583328172154880 -12.711 LR
MB060 30569342814916608 -12.7114 LR
MB060 30569278860165120 -12.7094 LR
MB060 30562259365269505 -13.0453 LR
MB060 30551131616706560 -13.043 LR
MB060 30550652635582465 -13.0465 LR
MB060 30524220291162112 -13.0402 LR
MB060 30522982673686529 -13.0446 LR
MB060 30517889798774784 -13.0442 LR
MB060 30479247961235456 -13.043 LR
MB060 30478250358607872 -13.0442 LR
MB060 30477968526544896 -13.0446 LR
MB060 30472083452465153 -13.0485 LR
MB060 30471649639796736 -13.0465 LR
MB060 30464679839006720 -13.0446 LR
MB060 30455674320199681 -13.0438 LR
MB060 30455347827183616 -13.0469 LR
MB060 30454133827829760 -13.0426 LR
MB060 30424269355745280 -13.0481 LR
MB060 30416778207166465 -13.0434 LR
MB060 30414856796508160 -13.0394 LR
MB060 30413404111904768 -13.0469 LR
MB060 30413288911147008 -13.0426 LR
MB060 30408172598468609 -13.0461 LR
MB060 30407855718793217 -13.0449 LR
MB060 30402067868688384 -13.0446 LR
MB060 30393365296054272 -13.0457 LR
MB060 30391135373361152 -12.7114 LR
MB060 30387072019730432 -13.0461 LR
MB060 30385790752137216 -13.0453 LR
MB060 30382527768166400 -12.709 LR
MB060 30381776270528512 -13.043 LR
MB060 30375709289480192 -12.715 LR
MB060 30371756602564608 -13.0418 LR
MB060 30371703578169344 -12.512 LR
MB060 30369843635036160 -13.043 LR
MB060 30367127315681280 -13.0473 LR
MB060 30365823444983809 -13.041 LR
MB060 30364014986924032 -13.0473 LR
MB060 30363847143464961 -12.7083 LR
MB060 30361012511186945 -13.0402 LR
MB060 30356080949207040 -13.0422 LR
MB060 30355370538958850 -13.0442 LR
MB060 30352981819920384 -13.0453 LR
MB060 30347468537339904 -13.043 LR
MB060 30344561100324864 -13.0406 LR
MB060 30342511624978432 -13.0422 LR
MB060 30338015612108801 -13.0414 LR
MB060 30336632099966976 -13.0465 LR
MB060 30310816603447296 -13.0453 LR
MB060 30307642370949121 -12.7106 LR
MB060 30303527939084289 -13.0402 LR
MB060 30298265106780160 -13.0473 LR
MB060 30291942273196032 -13.0398 LR
MB060 30287161899094016 -13.043 LR
MB060 30271128404492288 -13.0449 LR
MB060 30267608511021056 -13.0449 LR
MB060 30267517163282432 -13.043 LR
MB060 30266409938321408 -13.0465 LR
MB060 30262084751073281 -13.0473 LR
MB060 30231673970884608 -12.7086 LR
MB060 30205821816152064 -13.0465 LR
MB060 30198396929187840 -13.0434 LR
MB060 30197563596476417 -13.0465 LR
MB060 30187075735134208 -13.0414 LR
MB060 30163374469816321 -13.0426 LR
MB060 30127796827201537 -12.711 LR
MB060 30121883856801793 -13.0434 LR
MB060 30117313898348544 -13.0414 LR
MB060 30113140213555201 -13.0426 LR
MB060 30107033172709377 -13.0461 LR
MB060 30100811585425410 -13.0457 LR
MB060 30098273620463616 -13.0418 LR
MB060 30088313067020288 -13.0465 LR
MB060 30083577085427713 -13.0414 LR
MB060 30078388416806912 -13.0422 LR
MB060 30075242592337920 -12.5124 LR
MB060 30073610689323008 -13.041 LR
MB060 30068138389282816 -13.0485 LR
MB060 30066912960454656 -13.0457 LR
MB060 30066056034779137 -13.0422 LR
MB060 30047760992436224 -13.0457 LR
MB060 30041240959451136 -13.0422 LR
MB060 30037379448307712 -13.0477 LR
MB060 30037030612246528 -13.0465 LR
MB060 30032059602829312 -13.0418 LR
MB060 30030983189233664 -13.0477 LR
MB060 30029810507976707 -13.0465 LR
MB060 30023369994797056 -13.0465 LR
MB060 30017319606427649 -12.7106 LR
MB060 30001201529495552 -13.0382 LR
MB060 29987499350687744 -13.0477 LR
MB060 29982067924144128 -13.0418 LR
MB060 29970359025401856 -13.0434 LR
MB060 29964149756788736 -13.0461 LR
MB060 29961450948657152 -13.0469 LR
MB060 29941269752971264 -13.0426 LR
MB060 29938616243326977 -13.0418 LR
MB060 29928774757781504 -13.039 LR
MB060 29923754175893506 -13.0414 LR
MB060 29911610587877377 -13.0446 LR
MB060 29911466186375168 -12.7067 LR
MB060 29909262767489024 -12.7114 LR
MB060 29896443762315264 -13.0446 LR
MB060 29888789279145986 -13.0434 LR
MB060 29887273495433219 -13.0489 LR
MB060 29877422140686336 -13.0414 LR
MB060 29875837419393024 -13.0422 LR
MB060 29851893127716865 -13.0406 LR
MB060 29847110702596096 -13.0469 LR
MB060 29817069507715072 -13.0461 LR
MB060 29802949865639937 -12.7094 LR
MB060 29796903000477696 -13.0386 LR
MB060 29787452214353920 -13.0477 LR
MB060 29784967005343744 -13.0434 LR
MB060 29756093555023873 -13.0446 LR
MB060 29752410721230848 -13.0473 LR
MB060 29740251769470976 -12.7114 LR
MB060 29726446595346433 -13.041 LR
MB060 29726027206893568 -13.0465 LR
MB060 29717543878926336 -13.0426 LR
MB060 29712384855642114 -13.0477 LR
MB060 29709683308625920 -13.0394 LR
MB060 29705297664671744 -13.0442 LR
MB060 29675551593598976 -13.0434 LR
MB060 29675264728371200 -13.0449 LR
MB060 29667576967593984 -13.0465 LR
MB060 29662689458388992 -12.7102 LR
MB060 29656748692348929 -13.0426 LR
MB060 29652571551440896 -13.043 LR
MB060 29639393610305536 -13.043 LR
MB060 29631879036534785 -13.0449 LR
MB060 29629082937327616 -13.039 LR
MB060 29608084414402560 -13.0485 LR
MB060 29605916726788097 -13.0465 LR
MB060 29599260441837568 -12.7102 LR
MB060 29583076854079488 -13.0402 LR
MB060 29578813029486593 -13.0438 LR
MB060 29571477997101056 -13.0449 LR
MB060 29571474918473728 -13.0422 LR
MB060 29566862849220608 -13.0418 LR
MB060 29561661484433408 -13.0461 LR
MB060 29556885262696449 -13.0457 LR
MB060 29555420544638976 -13.0426 LR
MB060 29546508198084608 -13.0453 LR
MB060 29544741423026176 -13.0469 LR
MB060 29543243590926337 -13.0446 LR
MB060 29540933515083776 -13.0469 LR
MB060 29534793855148033 -13.041 LR
MB060 29522709046099968 -13.0414 LR
MB060 29517940504137729 -13.0453 LR
MB060 29517238008553473 -13.0457 LR
MB060 29514405133684736 -13.0457 LR
MB060 29510166013550592 -13.043 LR
MB060 29503167339167744 -13.0453 LR
MB060 29498516329988096 -13.0449 LR
MB060 29481716678660096 -13.0442 LR
MB060 29480824051077120 -12.7067 LR
MB060 29462420049104897 -13.0446 LR
MB060 29459255841001472 -13.0465 LR
MB060 29455877622730752 -13.0493 LR
MB060 29447012155920384 -13.0477 LR
MB060 29437563794104320 -13.0457 LR
MB060 29436803878490112 -12.7067 LR
MB060 29431560562282496 -12.5116 LR
MB060 29422130202415104 -13.0402 LR
MB060 29417193758269440 -13.043 LR
MB060 29416616659779584 -13.041 LR
MB060 29416551786483712 -13.0438 LR
MB060 29416479157915648 -13.0426 LR
MB060 29406431119671296 -13.0469 LR
MB060 29404462439206912 -13.0449 LR
MB060 29401850142785536 -13.0406 LR
MB060 29383329295896576 -13.0477 LR
MB060 29379320292048896 -13.0418 LR
MB060 29372616569524224 -13.0398 LR
MB060 29372615957151745 -13.0481 LR
MB060 29356159487967233 -13.0426 LR
MB060 29341219486175232 -13.0434 LR
MB060 29340051905191937 -13.0465 LR
MB060 29327931427786752 -13.043 LR
MB060 29325217474023424 -13.0426 LR
MB060 29323783848329217 -13.0465 LR
MB060 29311598619262976 -13.0473 LR
MB060 29311442557599744 -13.043 LR
MB060 29305434984685568 -13.0453 LR
MB060 29300983699869696 -13.0406 LR
MB060 29296928357351424 -13.0461 LR
MB060 29295343174688769 -13.0422 LR
MB060 29274757601959936 -13.0481 LR
MB060 29263176147140608 -13.0473 LR
MB060 29263112657965056 -13.0446 LR
MB060 29237611558080512 -12.7094 LR
MB060 29232618335637504 -13.0481 LR
MB060 29208077458735104 -13.0394 LR
MB060 29176539719409666 -13.0457 LR
MB060 29173760179310592 -13.0434 LR
MB060 29160545152139264 -13.0422 LR
MB060 29147943172837376 -13.0457 LR
MB060 29146553318903809 -13.0446 LR
MB060 29146414491635712 -13.0414 LR
MB060 29143766619131906 -13.0402 LR
MB060 29140024943448064 -13.0449 LR
MB060 29123189728616448 -13.043 LR
MB060 29123083109408768 -13.0465 LR
MB060 29115103752228864 -13.0469 LR
MB060 29114803469422592 -13.0469 LR
MB060 29105358521769984 -12.512 LR
MB060 29104314123292672 -13.0469 LR
MB060 29097687013920768 -12.7102 LR
MB060 29095951092162560 -13.0434 LR
MB060 29070877672865792 -12.7098 LR
MB060 29043623660097536 -13.0422 LR
MB060 29036864241405953 -13.0426 LR
MB060 29033611101470720 -13.0457 LR
MB060 29028510521630720 -13.0469 LR
MB060 29013847473913857 -13.0442 LR
MB060 28994415271878656 -13.0493 LR
MB060 28994302659006464 -12.7114 LR
MB060 28988679422738432 -13.0465 LR
MB060 28985882807631872 -13.0457 LR
MB060 28981073769660416 -13.0414 LR
MB060 28979576382169088 -13.0426 LR
MB060 28967672074993664 -13.0418 LR
