MB079 33530736250195968 -11.8812 LR
MB079 33503201617514497 -11.8843 LR
MB079 33474372425482240 -11.8823 LR
MB079 33458269372555264 -11.8839 LR
MB079 33456699029327872 -11.8796 LR
MB079 33442202923450368 -11.8839 LR
MB079 33438923103404032 -11.8823 LR
MB079 33438750080114688 -11.8816 LR
MB079 33427300426977281 -9.58738 LR
MB079 33423248188375040 -11.8823 LR
MB079 33407080119402496 -11.6544 LR
MB079 33369142971072512 -11.8855 LR
MB079 33363533177556994 -11.8855 LR
MB079 33361107498311680 -11.8855 LR
MB079 33336490683539456 -11.8851 LR
MB079 33318194512924672 -11.8859 LR
MB079 33316849793896448 -11.8851 LR
MB079 33315626017619969 -11.8816 LR
MB079 33294887470235649 -11.2263 LR
MB079 33285204508545024 -11.8867 LR
MB079 33283136804626433 -11.8847 LR
MB079 33282613162541056 -11.8835 LR
MB079 33279674582831104 -9.81615 LR
MB079 33279457905090560 -11.8812 LR
MB079 33277579976904704 -11.8812 LR
MB079 33273249630519296 -11.8812 LR
MB079 33268797716566017 -11.8867 LR
MB079 33266823277314048 -9.15693 LR
MB079 33258961700528128 -11.148 LR
MB079 33244243371761664 -11.8847 LR
MB079 33241391375060992 -11.8839 LR
MB079 33234964061356032 -11.8827 LR
MB079 33231255357095936 -11.8816 LR
MB079 33226850880724992 -11.8863 LR
MB079 33225366172602369 -11.2263 LR
MB079 33212373925888001 -9.81655 LR
MB079 33210439097790464 -11.8819 LR
MB079 33207351645315072 -11.8851 LR
MB079 33206344550981632 -11.8827 LR
MB079 33204214435942400 -11.8843 LR
MB079 33204193841909760 -11.8847 LR
MB079 33202363879653376 -11.8835 LR
MB079 33200325326282752 -11.6571 LR
MB079 33191086495113216 -11.8835 LR
MB079 33188958363979776 -11.8851 LR
MB079 33177101439864832 -11.8863 LR
MB079 33168771480821760 -11.8819 LR
MB079 33157685188759552 -11.8816 LR
MB079 33138938495377408 -11.8835 LR
MB079 33137927806521344 -11.8839 LR
MB079 33135385701785600 -11.8843 LR
MB079 33116836291678209 -11.8835 LR
MB079 33113792476872704 -11.8816 LR
MB079 33108761853825024 -11.8847 LR
MB079 33107480137568256 -11.8847 LR
MB079 33103779331051520 -11.8863 LR
MB079 33102082504396801 -11.8827 LR
MB079 33101876715204608 -11.8843 LR
MB079 33093923828146176 -11.8867 LR
MB079 33088503407452160 -11.88 LR
MB079 33085052841627649 -11.8823 LR
MB079 33078018607939584 -11.8812 LR
MB079 33076720277917696 -11.8847 LR
MB079 33070881286660096 -11.8843 LR
MB079 33070870536650752 -11.8847 LR
MB079 33068107408871424 -11.88 LR
MB079 33065606085488640 -11.8835 LR
MB079 33052691491987457 -11.8835 LR
MB079 33047430375149569 -11.8843 LR
MB079 33044326971871232 -11.8843 LR
MB079 33030516215255040 -11.8812 LR
MB079 33015699781718016 -9.81695 LR
MB079 32991438090276864 -11.8863 LR
MB079 32961982747385856 -11.8851 LR
MB079 32893504556371969 -11.656 LR
MB079 32869874661335040 -11.8816 LR
MB079 32866875406819328 -11.8819 LR
MB079 32856991055478784 -9.81695 LR
MB079 32856990996762624 -11.8819 LR
MB079 32855922942418945 -11.8859 LR
MB079 32851764847841281 -11.8835 LR
MB079 32848894010335233 -9.35944 LR
MB079 32841380040544256 -9.81695 LR
MB079 32825347099598848 -11.1515 LR
MB079 32823155726749697 -11.2247 LR
MB079 32820318045212672 -9.81615 LR
MB079 32819265786609665 -11.8851 LR
MB079 32811143571443713 -9.81695 LR
MB079 32809421763514369 -9.81814 LR
MB079 32804838496538624 -9.81297 LR
MB079 32803892534181888 -11.2259 LR
MB079 32790975910772736 -11.8827 LR
MB079 32779985445978112 -11.8843 LR
MB079 32777366187016192 -11.8827 LR
MB079 32750991669460992 -11.8816 LR
MB079 32750424545034240 -11.1492 LR
MB079 32747158964805632 -11.1507 LR
MB079 32739416388673536 -11.8843 LR
MB079 32730058242138112 -11.8839 LR
MB079 32727159973875712 -11.15 LR
MB079 32726644967866369 -11.8816 LR
MB079 32725671826432000 -11.8831 LR
MB079 32723685072703488 -9.81734 LR
MB079 32722964927483904 -11.8835 LR
MB079 32716748293677056 -11.1507 LR
MB079 32712329204334592 -11.8835 LR
MB079 32712112321077248 -11.8847 LR
MB079 32707988091314176 -11.8851 LR
MB079 32707535446216704 -11.8859 LR
MB079 32690125683040257 -9.81655 LR
MB079 32650477854261249 -11.8859 LR
MB079 32576593570308096 -11.8839 LR
MB079 32479186572550144 -11.8784 LR
MB079 32474543188615168 -11.6575 LR
MB079 32472790015680513 -11.8812 LR
MB079 32465855358967808 -11.8843 LR
MB079 32435021075718144 -11.8839 LR
MB079 32432898514624512 -11.2239 LR
MB079 32431292708556800 -11.8819 LR
MB079 32430928869462016 -11.8784 LR
MB079 32422141248937984 -11.8804 LR
MB079 32395728135389185 -11.8851 LR
MB079 32358793656410112 -11.2263 LR
MB079 32347660568502272 -11.8839 LR
MB079 32326613131595776 -11.2263 LR
MB079 32306063927681025 -11.8847 LR
MB079 32291209045086208 -11.6575 LR
MB079 32215244231155713 -11.8847 LR
MB079 32199124812042240 -11.2267 LR
MB079 32158463563931649 -11.8819 LR
MB079 32153677808533504 -11.8816 LR
MB079 32151479376678912 -11.8851 LR
MB079 32124741124886528 -11.8808 LR
MB079 32123672785330177 -11.8843 LR
MB079 32117905948676096 -11.8843 LR
MB079 32111723624267776 -11.2235 LR
MB079 32098519745560576 -11.8843 LR
MB079 32051471239352320 -11.1519 LR
MB079 32039275172204544 -11.2251 LR
MB079 32026712573214721 -11.1436 LR
MB079 32023978725875712 -11.8839 LR
MB079 31920602377879552 -11.8871 LR
MB079 31915056350367744 -11.8839 LR
MB079 31880746780073984 -11.8784 LR
MB079 31860725026660352 -11.2259 LR
MB079 31844701015384064 -11.8843 LR
MB079 31843674534969345 -11.6564 LR
MB079 31833117970931713 -11.8835 LR
MB079 31809534871736320 -11.8843 LR
MB079 31797135636692992 -11.1503 LR
MB079 31775521666768896 -11.8847 LR
MB079 31768236009717760 -11.8819 LR
MB079 31757579466055680 -11.2259 LR
MB079 31747382349664256 -11.8839 LR
MB079 31716497919311873 -11.8839 LR
MB079 31664234228088832 -11.8816 LR
MB079 31619386968121345 -11.8851 LR
MB079 31618553526362112 -11.8804 LR
MB079 31585744552198144 -11.8792 LR
MB079 31534066801049601 -11.2255 LR
MB079 31532441655058432 -11.2235 LR
MB079 31521823212445696 -11.8859 LR
MB079 31514916070367232 -11.1476 LR
MB079 31506089577021441 -11.8855 LR
MB079 31471811338178562 -11.2267 LR
MB079 31467128456486912 -11.8816 LR
MB079 31461069528502272 -11.8816 LR
MB079 31457851939491840 -11.8808 LR
MB079 31457110051004416 -11.8847 LR
MB079 31456205549342720 -11.2267 LR
MB079 31441099969003520 -11.8792 LR
MB079 31439544976941056 -11.8843 LR
MB079 31432727026733056 -11.8851 LR
MB079 31428546798813184 -9.81695 LR
MB079 31422256051658752 -11.8827 LR
MB079 31418138599886848 -11.8847 LR
MB079 31414777767010304 -11.8804 LR
MB079 31411658114994176 -11.2235 LR
MB079 31384597090537473 -11.2219 LR
MB079 31382824267288576 -11.8855 LR
MB079 31351779312537600 -11.8812 LR
MB079 31347363494760448 -11.8855 LR
MB079 31330756399730690 -11.8847 LR
MB079 31311081548812288 -11.6575 LR
MB079 31227454337056768 -11.8855 LR
MB079 31185068160450561 -11.2259 LR
MB079 31174622997118977 -11.8835 LR
MB079 31170625116577792 -11.8835 LR
MB079 31166920124272640 -11.2263 LR
MB079 31136071093854208 -11.2243 LR
MB079 31132583303581698 -11.8843 LR
MB079 31128633175179264 -11.8911 LR
MB079 31112903692124160 -11.8816 LR
MB079 31106854876618753 -11.8819 LR
MB079 31084135099404288 -11.8847 LR
MB079 31077282743320576 -11.8851 LR
MB079 31075438944063488 -11.8827 LR
MB079 31071902327902210 -11.8823 LR
MB079 31067309351108608 -11.8855 LR
MB079 31059190684319745 -11.8812 LR
MB079 31056912183205888 -11.8851 LR
MB079 31056874358972416 -11.88 LR
MB079 31054874296721408 -11.8851 LR
MB079 31054817082216448 -11.88 LR
MB079 31044953765314560 -11.2267 LR
MB079 31036482504359936 -11.2271 LR
MB079 31036095269437440 -11.8796 LR
MB079 31035828142612480 -11.6575 LR
MB079 31032832738467840 -11.8812 LR
MB079 31032020201115648 -11.8784 LR
MB079 31029299381280768 -11.8859 LR
MB079 31018784831569923 -11.2203 LR
MB079 31013962401189888 -11.8788 LR
MB079 31011864758452224 -11.8831 LR
MB079 31004787692535809 -11.8776 LR
MB079 31002648396177408 -11.8823 LR
MB079 30985841555800064 -11.8812 LR
MB079 30984522178756608 -11.8859 LR
MB079 30983191900721152 -11.8843 LR
MB079 30954320551747584 -11.8915 LR
MB079 30940657614852096 -11.1456 LR
MB079 30889992091860992 -11.8823 LR
MB079 30879838613020672 -11.2275 LR
MB079 30843661369475072 -11.88 LR
MB079 30837766195515393 -11.8843 LR
MB079 30826845066764288 -11.8839 LR
MB079 30821805958635520 -11.8823 LR
MB079 30814638606123008 -11.6571 LR
MB079 30777856829165568 -11.8835 LR
MB079 30771330068520960 -11.8847 LR
MB079 30748814096732160 -11.8859 LR
MB079 30734492020772864 -11.8812 LR
MB079 30734117633007616 -11.8792 LR
MB079 30719032567013376 -11.8855 LR
MB079 30707660609298433 -11.8796 LR
MB079 30704934009704448 -11.8792 LR
MB079 30696374286688256 -11.8855 LR
MB079 30693301371797504 -11.8819 LR
MB079 30691395639443456 -11.8851 LR
MB079 30687266489769984 -11.8823 LR
MB079 30681551381463040 -11.2279 LR
MB079 30681009418670080 -11.8788 LR
MB079 30679835969851392 -11.6658 LR
MB079 30671214263410688 -11.8871 LR
MB079 30666360010833920 -11.8808 LR
MB079 30661645986430976 -11.8843 LR
MB079 30652616639782912 -11.8816 LR
MB079 30652307230162946 -11.8804 LR
MB079 30651318930505728 -11.8839 LR
MB079 30650358351007744 -11.8812 LR
MB079 30647808595857408 -11.8827 LR
MB079 30644248546119680 -11.8816 LR
MB079 30640240846704640 -11.8843 LR
MB079 30636957327425536 -11.8812 LR
MB079 30636864566206464 -11.8816 LR
MB079 30636766327209984 -11.8851 LR
MB079 30635254607773696 -11.8835 LR
MB079 30634009172123650 -11.8827 LR
MB079 30631313245470722 -11.8808 LR
MB079 30628460376363008 -11.8823 LR
MB079 30626262993084416 -11.8839 LR
MB079 30625618529878016 -11.8843 LR
MB079 30620671297986560 -11.6548 LR
MB079 30616053729988609 -11.8847 LR
MB079 30609337328082944 -11.2243 LR
MB079 30598702481539073 -11.8843 LR
MB079 30587685898817536 -11.8808 LR
MB079 30584738985021441 -11.8823 LR
MB079 30580930766708736 -11.6571 LR
MB079 30576002576949248 -11.1432 LR
MB079 30568658166087680 -11.6627 LR
MB079 30564389102813184 -11.8859 LR
MB079 30562965165965312 -11.8843 LR
MB079 30561385402339328 -11.8863 LR
MB079 30545208089251840 -11.8788 LR
MB079 30512948690558976 -11.8827 LR
MB079 30399887682048000 -11.2207 LR
MB079 30381510158712832 -11.2267 LR
MB079 30307931605958657 -11.2271 LR
MB079 30102536190955520 -11.2271 LR
MB079 30076025526288384 -11.8839 LR
MB079 30045333933260800 -11.2235 LR
MB079 30008947830161408 -11.2251 LR
MB079 29948659890130944 -11.8867 LR
MB079 29842468228829185 -11.1488 LR
MB079 29836218883645440 -11.2267 LR
MB079 29726784295542785 -11.8847 LR
MB079 29720247393062913 -11.6524 LR
MB079 29697622042214400 -11.8851 LR
MB079 29697616262467584 -11.8851 LR
MB079 29674700191834113 -11.8855 LR
MB079 29648818735681536 -11.2251 LR
MB079 29543755157602305 -11.6536 LR
MB079 29489519241732096 -11.8808 LR
MB079 29488481063407616 -11.8812 LR
MB079 29419632058175488 -11.2255 LR
MB079 29411930921771008 -11.2263 LR
MB079 29394046883471360 -11.8816 LR
MB079 29373310793949184 -11.8843 LR
MB079 29367743086075904 -11.6568 LR
MB079 29326635345907713 -11.6568 LR
MB079 29282524236611584 -11.2215 LR
MB079 29280550053216256 -11.8855 LR
MB079 29235914429440000 -11.8839 LR
MB079 29204826390790144 -11.8839 LR
MB079 29181835523133441 -11.1492 LR
MB079 29121573977858049 -11.8827 LR
MB079 29118205649756160 -11.8823 LR
MB079 29116319165054976 -11.8823 LR
MB079 29107903789015040 -11.8851 LR
MB079 29106262545268736 -11.6571 LR
MB079 29094949328785408 -11.6568 LR
MB079 29079432626962432 -11.8851 LR
MB079 29078682777681920 -11.8851 LR
MB079 29058588605423616 -9.58817 LR
MB079 29052291231252481 -11.8859 LR
MB079 29012851536433152 -11.8843 LR
