MB084 35047531998089216 -10.7984 LR
MB084 35047343258742785 -10.8063 LR
MB084 35039962940309504 -10.8032 LR
MB084 35031209163628544 -10.8036 LR
MB084 35018180145451008 -10.8 LR
MB084 34964933561163777 -10.8016 LR
MB084 34949055423578112 -10.8048 LR
MB084 34898592065921025 -10.804 LR
MB084 34890493133459456 -10.8024 LR
MB084 34853477079326722 -10.8032 LR
MB084 34824914775048192 -10.804 LR
MB084 34812338850758656 -10.8016 LR
MB084 34806263611138050 -9.56814 LR
MB084 34803420015624193 -10.8036 LR
MB084 34800291282948096 -10.8 LR
MB084 34789008810844160 -10.8004 LR
MB084 34785082065551362 -9.90731 LR
MB084 34749202311421952 -10.8032 LR
MB084 34723345157206016 -9.90931 LR
MB084 34693095006277632 -10.8059 LR
MB084 34641024118689792 -10.4561 LR
MB084 34637485464096768 -10.8059 LR
MB084 34624048956850176 -10.8036 LR
MB084 34623470964834304 -10.8059 LR
MB084 34609527160569856 -9.9113 LR
MB084 34603347042369537 -10.8036 LR
MB084 34585146099236864 -10.8008 LR
MB084 34576991076220928 -10.7968 LR
MB084 34527619055624192 -10.804 LR
MB084 34523212889063424 -10.8044 LR
MB084 34514806685827072 -10.7992 LR
MB084 34483966757048320 -10.8052 LR
MB084 34475294811234304 -9.91288 LR
MB084 34456674362204160 -10.8012 LR
MB084 34439633714548736 -10.7992 LR
MB084 34431191524311040 -10.8048 LR
MB084 34426707469410304 -10.8056 LR
MB084 34422144238624768 -9.90771 LR
MB084 34421812817301504 -10.7996 LR
MB084 34407593736671233 -10.8056 LR
MB084 34404812862787584 -10.804 LR
MB084 34400856245805056 -10.8024 LR
MB084 34393719788544001 -10.8056 LR
MB084 34389803298463744 -9.90811 LR
MB084 34367971312795648 -10.798 LR
MB084 34361536210276352 -10.8016 LR
MB084 34358903663898624 -10.7972 LR
MB084 34352212993904641 -10.8012 LR
MB084 34318233058156544 -10.8048 LR
MB084 34308767348695040 -10.8059 LR
MB084 34290747679318016 -10.8048 LR
MB084 34261319506989056 -10.8012 LR
MB084 34217137023225857 -10.8008 LR
MB084 34211595689132032 -10.7968 LR
MB084 34177703879905280 -10.8052 LR
MB084 34159522570305536 -10.7996 LR
MB084 34125620560531456 -9.9105 LR
MB084 34122071202070528 -10.8024 LR
MB084 34120067574669312 -10.8032 LR
MB084 34105787274117120 -10.8024 LR
MB084 34093264311160832 -10.802 LR
MB084 34076311597096960 -10.8016 LR
MB084 34049943534567424 -10.8036 LR
MB084 33951749853159424 -9.91249 LR
MB084 33939938718392320 -10.8028 LR
MB084 33908552460410880 -9.91209 LR
MB084 33901413511733249 -10.8036 LR
MB084 33886526559485952 -10.8067 LR
MB084 33856622551900160 -10.8024 LR
MB084 33764969791102976 -10.8036 LR
MB084 33743978545291264 -10.8 LR
MB084 33694932376100864 -10.798 LR
MB084 33667388817805312 -9.91328 LR
MB084 33661673067773953 -9.90851 LR
MB084 33661669712338945 -9.91328 LR
MB084 33649826826555392 -9.36919 LR
MB084 33437101030645761 -10.8075 LR
MB084 33432950846525440 -10.4585 LR
MB084 33419615472197632 -10.7996 LR
MB084 33414969219485696 -10.8044 LR
MB084 33375530476634112 -10.8052 LR
MB084 33369697160269824 -10.804 LR
MB084 33351853974491137 -10.8028 LR
MB084 33344672516546560 -10.8056 LR
MB084 33336247590060033 -10.8048 LR
MB084 33327913415741440 -10.8059 LR
MB084 33313086748372992 -10.8028 LR
MB084 33298917491736576 -10.798 LR
MB084 33295941213626368 -10.8 LR
MB084 33272147921076224 -10.8044 LR
MB084 33265344554475520 -10.8016 LR
MB084 33262946465357824 -10.8024 LR
MB084 33249813399076865 -9.91169 LR
MB084 33241620409225216 -10.7976 LR
MB084 33233360780410880 -10.802 LR
MB084 33201943178387456 -10.8032 LR
MB084 33114522961059840 -10.804 LR
MB084 33109382006841344 -10.8036 LR
MB084 33098567270793217 -10.8012 LR
MB084 33014959273148416 -10.7968 LR
MB084 32961024919347201 -10.7992 LR
MB084 32949405787095040 -10.8056 LR
MB084 32939077598715904 -10.804 LR
MB084 32931552333668353 -10.8004 LR
MB084 32922097713942528 -10.8012 LR
MB084 32911873741426688 -10.8044 LR
MB084 32910097088778240 -9.91368 LR
MB084 32896602406391808 -10.8044 LR
MB084 32896494021386240 -10.8044 LR
MB084 32890549035864064 -9.91328 LR
MB084 32886306384121856 -10.8056 LR
MB084 32872778180853760 -10.8048 LR
MB084 32845546213351427 -10.8036 LR
MB084 32841408180125696 -10.8016 LR
MB084 32818704584540160 -10.8056 LR
MB084 32800475820593153 -10.8024 LR
MB084 32792267286650880 -10.8052 LR
MB084 32767145280540672 -10.8048 LR
MB084 32743849193381888 -10.8063 LR
MB084 32716266196180992 -10.804 LR
MB084 32715722467573760 -10.8059 LR
MB084 32690633411928064 -10.7996 LR
MB084 32680585524674561 -10.8052 LR
MB084 32678329022681088 -10.802 LR
MB084 32677605526216704 -10.8056 LR
MB084 32671817101475840 -10.8036 LR
MB084 32654594727219200 -10.798 LR
MB084 32646002599010304 -10.8008 LR
MB084 32630996998295553 -9.91288 LR
MB084 32630753393123328 -10.804 LR
MB084 32628425667649536 -10.8056 LR
MB084 32621545583026176 -10.8036 LR
MB084 32621383808716800 -9.91407 LR
MB084 32614549098078208 -10.802 LR
MB084 32609312182370304 -10.4616 LR
MB084 32602152887132160 -10.8012 LR
MB084 32587510852886529 -10.8024 LR
MB084 32584322196180992 -9.91169 LR
MB084 32567659467898880 -9.90891 LR
MB084 32566664696430592 -10.8067 LR
MB084 32545677376495616 -10.802 LR
MB084 32529104607645696 -10.8032 LR
MB084 32518460634300416 -10.8032 LR
MB084 32514787170586625 -10.7996 LR
MB084 32512240426942464 -10.4604 LR
MB084 32505978561765376 -10.8052 LR
MB084 32484647174676480 -10.804 LR
MB084 32473522089496576 -10.804 LR
MB084 32471972126400512 -10.8048 LR
MB084 32470728267796480 -10.8036 LR
MB084 32453547098374145 -10.804 LR
MB084 32422940112850944 -10.8 LR
MB084 32395064340643840 -10.8059 LR
MB084 32359701953912832 -10.802 LR
MB084 32265293682188289 -10.8036 LR
MB084 32253921909014528 -9.91288 LR
MB084 32245713479933952 -10.8052 LR
MB084 32223458226081792 -10.8048 LR
MB084 32221764268331008 -10.8071 LR
MB084 32201491875889153 -10.8024 LR
MB084 32192455285673984 -10.4628 LR
MB084 32174449428008961 -10.802 LR
MB084 32157845621309440 -9.91288 LR
MB084 32131302685671425 -10.8 LR
MB084 32114628926382080 -10.8052 LR
MB084 32112203758837760 -10.8059 LR
MB084 32107789086105600 -9.9101 LR
MB084 32044128212623360 -10.804 LR
MB084 32020980163411968 -10.804 LR
MB084 31950606952300544 -10.8 LR
MB084 31935808525049856 -10.8028 LR
MB084 31935503678836736 -9.90811 LR
MB084 31917669590499328 -10.8036 LR
MB084 31911416256532480 -10.8056 LR
MB084 31897001025085442 -10.7992 LR
MB084 31895386385817600 -10.8028 LR
MB084 31878717458350080 -10.8067 LR
MB084 31844927990145026 -10.8052 LR
MB084 31842705214537728 -10.8059 LR
MB084 31820048213475328 -10.8028 LR
MB084 31795436956160001 -10.804 LR
MB084 31793735578685441 -10.8052 LR
MB084 31793645770248193 -10.802 LR
MB084 31783074660352000 -10.8059 LR
MB084 31752954860011520 -9.90971 LR
MB084 31697588822482944 -10.8052 LR
MB084 31689881163931648 -9.90971 LR
MB084 31651300659695617 -10.8 LR
MB084 31643709988675585 -10.804 LR
MB084 31633171959259136 -10.8048 LR
MB084 31590445049970688 -9.9109 LR
MB084 31588433650515969 -9.90971 LR
MB084 31586334455894016 -10.462 LR
MB084 31576130175639552 -10.8 LR
MB084 31527479197835264 -10.7996 LR
MB084 31522355641581569 -10.8056 LR
MB084 31502355832770560 -10.8067 LR
MB084 31465794932051969 -10.8032 LR
MB084 31448931997061120 -10.8 LR
MB084 31403888816947201 -10.8036 LR
MB084 31400360341934080 -10.804 LR
MB084 31396272128659456 -10.7976 LR
MB084 31392462052261888 -10.4616 LR
MB084 31384843216486400 -9.90931 LR
MB084 31384249965748224 -10.802 LR
MB084 31363673821814784 -9.90971 LR
MB084 31363482683187200 -10.259 LR
MB084 31275633774436353 -10.8012 LR
MB084 31198743525072896 -10.8032 LR
MB084 31194961164636160 -10.8032 LR
MB084 31180856257150976 -10.8032 LR
MB084 31151031035367424 -10.8071 LR
MB084 31122795370909696 -9.91487 LR
MB084 31116661457166336 -10.802 LR
MB084 31114580725866496 -10.7984 LR
MB084 31084584175140864 -10.7988 LR
MB084 31081443073462273 -10.8 LR
MB084 31068791337132032 -10.8028 LR
MB084 31060559726125056 -10.804 LR
MB084 31008378574606336 -10.8048 LR
MB084 30888544054542336 -10.7964 LR
MB084 30857992417058816 -10.8016 LR
MB084 30835823628779521 -10.8067 LR
MB084 30817872510980096 -10.7984 LR
MB084 30815104849158144 -10.8036 LR
MB084 30813092619231233 -10.8012 LR
MB084 30803146364166144 -10.8036 LR
MB084 30802265216385024 -10.7988 LR
MB084 30801653896581120 -10.8024 LR
MB084 30775505280049152 -10.8036 LR
MB084 30729991532580865 -9.91487 LR
MB084 30727779339214848 -10.8024 LR
MB084 30725901431865344 -10.8048 LR
MB084 30714203610284032 -9.91487 LR
MB084 30714147477917696 -10.8056 LR
MB084 30686939422130177 -10.8012 LR
MB084 30672240995471360 -10.7992 LR
MB084 30662651117838336 -10.804 LR
MB084 30662362675552256 -10.8052 LR
MB084 30658730265673728 -10.8044 LR
MB084 30655510466273281 -10.804 LR
MB084 30632298709786624 -10.7988 LR
MB084 30612876720869376 -9.9109 LR
MB084 30583304176541696 -10.8028 LR
MB084 30517949659877376 -10.8044 LR
MB084 30517479172218881 -10.8048 LR
MB084 30502970885931008 -10.8056 LR
MB084 30466801460584448 -10.7992 LR
MB084 30448041391558657 -10.7988 LR
MB084 30439530716729344 -10.804 LR
MB084 30422392920608768 -10.4608 LR
MB084 30401645191892992 -10.8008 LR
MB084 30375107645939713 -10.8036 LR
MB084 30373852953448448 -10.8032 LR
MB084 30372126145908736 -10.8056 LR
MB084 30342374827753472 -10.8056 LR
MB084 30339117283811328 -10.8059 LR
MB084 30329430106701824 -10.8028 LR
MB084 30324616421445633 -10.798 LR
MB084 30300288774569984 -10.8008 LR
MB084 30299828709752832 -10.8063 LR
MB084 30298646327066625 -10.8044 LR
MB084 30298436779642880 -10.8048 LR
MB084 30237085059260416 -10.8016 LR
MB084 30152754383036416 -10.8059 LR
MB084 30139248283750400 -10.8036 LR
MB084 30137893745852416 -10.804 LR
MB084 30129442604978176 -10.804 LR
MB084 30123014855069696 -10.8036 LR
MB084 30121731242852352 -10.8028 LR
MB084 30111438697668608 -10.8036 LR
MB084 30086516659195905 -10.8063 LR
MB084 30055568559316992 -10.8036 LR
MB084 30028403021185024 -10.798 LR
MB084 30025248686473217 -10.8044 LR
MB084 30013385336688640 -10.8036 LR
MB084 30009607036346368 -10.8032 LR
MB084 29991159749152770 -9.56735 LR
MB084 29971980786606080 -10.8012 LR
MB084 29964868442390529 -10.8056 LR
MB084 29948698704216064 -10.8024 LR
MB084 29916691609690112 -10.8024 LR
MB084 29908958084857856 -9.9105 LR
MB084 29887093849198592 -10.8036 LR
MB084 29878274918191104 -10.8028 LR
MB084 29876416833134592 -9.90891 LR
MB084 29793741854220288 -10.8052 LR
MB084 29749721325113344 -10.8004 LR
MB084 29749337743433728 -9.90851 LR
MB084 29743029317271552 -10.8067 LR
MB084 29734558656106496 -9.9109 LR
MB084 29731290206969857 -9.9109 LR
MB084 29701097530589184 -10.8028 LR
MB084 29698551625809920 -10.802 LR
MB084 29668431028559872 -10.804 LR
MB084 29662145364889600 -9.91249 LR
MB084 29652388365205505 -10.8024 LR
MB084 29643165573062656 -10.804 LR
MB084 29639816350015489 -10.8008 LR
MB084 29621327639871488 -10.8052 LR
MB084 29606300098760705 -10.8056 LR
MB084 29600737398886400 -9.9105 LR
MB084 29593485271113728 -10.4612 LR
MB084 29576449568546816 -10.8048 LR
MB084 29573231933394944 -10.8056 LR
MB084 29563292804448256 -9.9113 LR
MB084 29557706670997504 -10.8016 LR
MB084 29537684594622464 -9.91169 LR
MB084 29528573232545792 -10.7992 LR
MB084 29506600016289792 -10.8004 LR
MB084 29498823826997248 -10.8044 LR
MB084 29441483312463872 -10.8016 LR
MB084 29381521588625408 -10.8028 LR
MB084 29375141532143616 -10.8024 LR
MB084 29352593452957696 -10.8048 LR
MB084 29337316132659200 -10.8052 LR
MB084 29325132497424384 -10.8056 LR
MB084 29321311545204736 -10.8044 LR
MB084 29321300115726336 -10.8036 LR
MB084 29315014959570944 -10.8004 LR
MB084 29307729411579905 -9.91209 LR
MB084 29306745088118784 -10.8 LR
MB084 29302663778668545 -10.8016 LR
MB084 29301206698430464 -10.8012 LR
MB084 29300705047089152 -10.7984 LR
MB084 29287702092324865 -10.8032 LR
MB084 29287125060943872 -10.8032 LR
MB084 29284475003211776 -10.8048 LR
MB084 29284379284996096 -10.8048 LR
MB084 29273834334982145 -10.8032 LR
MB084 29272628422246400 -10.802 LR
MB084 29255430475616256 -10.804 LR
MB084 29233209443090432 -10.8024 LR
MB084 29228696200019968 -10.8016 LR
MB084 29214909623439360 -10.8044 LR
MB084 29127932190396416 -10.798 LR
MB084 29120730444603392 -10.8056 LR
MB084 29102525051314177 -10.8012 LR
MB084 29095359032590336 -10.8059 LR
MB084 29083425679867904 -10.8052 LR
MB084 29054441290211328 -10.8048 LR
MB084 29006236145942529 -9.9113 LR
MB084 28966443194257408 -10.804 LR
