MB096 31146959217631232 -10.263 LR
MB096 31143839632728064 -10.2571 LR
MB096 31143360752254976 -9.09897 LR
MB096 31141530945196033 -9.93385 LR
MB096 31140090210164736 -9.09579 LR
MB096 31132697707413505 -10.2627 LR
MB096 31124752957440000 -10.2646 LR
MB096 31124582609981441 -10.2611 LR
MB096 31123136002916353 -10.2634 LR
MB096 31118494430924800 -10.2595 LR
MB096 31108464117809152 -10.2595 LR
MB096 31106693106507776 -10.2611 LR
MB096 31105189071036417 -10.2563 LR
MB096 31101212262662144 -10.2595 LR
MB096 31100738906099714 -10.2579 LR
MB096 31099915169955840 -10.2595 LR
MB096 31093338153156610 -10.2587 LR
MB096 31092794651054080 -10.263 LR
MB096 31089142360182784 -9.93067 LR
MB096 31088200415973376 -10.2607 LR
MB096 31086418851794944 -10.2627 LR
MB096 31086415391490048 -10.2599 LR
MB096 31085586504749056 -9.10096 LR
MB096 31084052219961344 -10.2611 LR
MB096 31082487463550976 -10.263 LR
MB096 31079186332389376 -10.2638 LR
MB096 31075805756915712 -9.09897 LR
MB096 31073702045032449 -9.09778 LR
MB096 31065844029067264 -10.2587 LR
MB096 31062622128316416 -10.2611 LR
MB096 31061856391008258 -9.10175 LR
MB096 31058906281152513 -10.2627 LR
MB096 31051296890949632 -10.2583 LR
MB096 31041082313678849 -10.2591 LR
MB096 31039860802330624 -9.09459 LR
MB096 31038540506730496 -10.2579 LR
MB096 31037367720607744 -10.2615 LR
MB096 31034389991264256 -10.2623 LR
MB096 31030637691408384 -10.2638 LR
MB096 31027553078616064 -9.09897 LR
MB096 31025789801594881 -10.2599 LR
MB096 31021732710055936 -10.2627 LR
MB096 31011234711080961 -10.2611 LR
MB096 30990647825534976 -10.2595 LR
MB096 30917174801469440 -10.2611 LR
MB096 30904170546466816 -9.93385 LR
MB096 30884178111234048 -10.2615 LR
MB096 30879538359570432 -9.93385 LR
MB096 30837851985809409 -10.2587 LR
MB096 30831177237532672 -10.2619 LR
MB096 30816105832382464 -10.2599 LR
MB096 30815554189131776 -10.2603 LR
MB096 30808429232656384 -10.2611 LR
MB096 30808052298940416 -10.2595 LR
MB096 30806875154948096 -10.2634 LR
MB096 30803885387943936 -10.2638 LR
MB096 30803428846346240 -10.2591 LR
MB096 30801703657799681 -9.93306 LR
MB096 30798427885412352 -10.2619 LR
MB096 30797432077950976 -10.2619 LR
MB096 30794519062511616 -9.09857 LR
MB096 30794027473313792 -10.2567 LR
MB096 30793507413168129 -10.2595 LR
MB096 30792544333864960 -10.2603 LR
MB096 30791309602070528 -10.2627 LR
MB096 30789460249550848 -10.2587 LR
MB096 30787917794250752 -10.2642 LR
MB096 30786942916366337 -9.09977 LR
MB096 30782140102737920 -10.2611 LR
MB096 30779274155786241 -10.2603 LR
MB096 30776032134959104 -9.09977 LR
MB096 30774982124511232 -10.2603 LR
MB096 30773692904505344 -10.2634 LR
MB096 30768860906917888 -10.2591 LR
MB096 30761496719917056 -10.2615 LR
MB096 30760710820597760 -10.2627 LR
MB096 30754494006431744 -10.2595 LR
MB096 30754168465522688 -10.2607 LR
MB096 30752167727996929 -10.2607 LR
MB096 30744378272129024 -10.2567 LR
MB096 30743373090394113 -10.2623 LR
MB096 30741828105928705 -10.2583 LR
MB096 30740825688252416 -9.09778 LR
MB096 30735104066195456 -9.10175 LR
MB096 30732007998754817 -9.93623 LR
MB096 30729311363268608 -10.2591 LR
MB096 30725843470786560 -10.2583 LR
MB096 30724743707500544 -10.2591 LR
MB096 30724636010348544 -10.263 LR
MB096 30720939691868160 -10.2611 LR
MB096 30718389139808256 -9.09818 LR
MB096 30718248609644544 -10.2583 LR
MB096 30717481148485632 -10.2627 LR
MB096 30716005659451394 -10.2623 LR
MB096 30712111638249473 -10.2599 LR
MB096 30711589497741312 -9.94373 LR
MB096 30708075954446337 -10.2619 LR
MB096 30705418871246849 -10.2615 LR
MB096 30700199408046080 -9.10056 LR
MB096 30697285922852864 -10.2646 LR
MB096 30696455144476673 -10.2591 LR
MB096 30694511046819841 -10.2595 LR
MB096 30693758219583489 -10.2607 LR
MB096 30692417791328256 -10.2591 LR
MB096 30690594355417088 -9.10056 LR
MB096 30688506292473857 -10.2587 LR
MB096 30686640804462593 -10.2611 LR
MB096 30685769240682496 -10.2599 LR
MB096 30682571528474625 -10.2603 LR
MB096 30682010980716544 -10.2615 LR
MB096 30681768222785538 -9.93544 LR
MB096 30678734231052288 -10.2654 LR
MB096 30674587989577732 -10.263 LR
MB096 30673734155112449 -10.2575 LR
MB096 30672626976296960 -10.263 LR
MB096 30667377909698561 -10.2619 LR
MB096 30663360232038400 -10.2579 LR
MB096 30660093770993664 -10.2634 LR
MB096 30654178598588417 -9.10135 LR
MB096 30650769640263680 -10.2634 LR
MB096 30643817208094721 -10.2638 LR
MB096 30630018384138240 -10.2599 LR
MB096 30623733236367360 -10.2607 LR
MB096 30620282926403586 -10.2583 LR
MB096 30615843549224961 -10.2627 LR
MB096 30606094262870016 -9.93385 LR
MB096 30592183606181888 -10.2583 LR
MB096 30588015197814785 -10.2638 LR
MB096 30586778016555008 -9.93465 LR
MB096 30572861492043776 -10.2627 LR
MB096 30555539452723200 -10.2638 LR
MB096 30538068553371648 -10.2611 LR
MB096 30529515016945665 -10.2627 LR
MB096 30521246529626112 -10.2595 LR
MB096 30520154823589889 -10.2611 LR
MB096 30516292553277441 -10.2638 LR
MB096 30509766656663552 -9.93385 LR
MB096 30507989349703680 -10.2623 LR
MB096 30506072846368768 -10.2638 LR
MB096 30502297821773824 -10.2623 LR
MB096 30498819334479873 -10.2619 LR
MB096 30498542015483904 -10.263 LR
MB096 30495900610600960 -10.2634 LR
MB096 30488963688960000 -10.2599 LR
MB096 30485680375209985 -10.2591 LR
MB096 30477438714650624 -10.2591 LR
MB096 30474989941559296 -10.2599 LR
MB096 30471888819982336 -10.2595 LR
MB096 30470058908065792 -10.2611 LR
MB096 30458775651487745 -10.2607 LR
MB096 30457505075167232 -10.2603 LR
MB096 30454255525564416 -10.2591 LR
MB096 30446673683546112 -10.2563 LR
MB096 30439343227146240 -10.263 LR
MB096 30436694226378752 -10.2607 LR
MB096 30434637184499713 -9.93385 LR
MB096 30433641528041472 -10.263 LR
MB096 30431426381877249 -10.2595 LR
MB096 30427200947748864 -10.2599 LR
MB096 30425945718398977 -10.2607 LR
MB096 30424890628644864 -10.2615 LR
MB096 30423510601957376 -10.2567 LR
MB096 30412574151409666 -10.2583 LR
MB096 30408701626028033 -10.2583 LR
MB096 30407185510965248 -9.93504 LR
MB096 30406549176320000 -10.2591 LR
MB096 30405726165794817 -10.2599 LR
MB096 30404081516285952 -9.93306 LR
MB096 30401299585441794 -10.2623 LR
MB096 30391166872584192 -10.2623 LR
MB096 30390248491982848 -9.93385 LR
MB096 30386670897471488 -10.2603 LR
MB096 30383807265771520 -10.2634 LR
MB096 30381707496525828 -9.93385 LR
MB096 30378297334435841 -10.2642 LR
MB096 30375997190705153 -10.2603 LR
MB096 30375924964790273 -10.2583 LR
MB096 30375352425521152 -10.2623 LR
MB096 30375276701548544 -10.2642 LR
MB096 30373299770888192 -10.2603 LR
MB096 30373188349206528 -10.2595 LR
MB096 30364613040144384 -10.2571 LR
MB096 30363558986391553 -10.2587 LR
MB096 30363522240094208 -10.2595 LR
MB096 30362715050483712 -10.2634 LR
MB096 30361303935619072 -10.263 LR
MB096 30355108457873408 -10.2619 LR
MB096 30346948200366080 -10.2615 LR
MB096 30344460025995264 -10.263 LR
MB096 30338085833154560 -9.93266 LR
MB096 30330349514915840 -10.2599 LR
MB096 30328558802968576 -10.2591 LR
MB096 30326405107552256 -10.2599 LR
MB096 30325582671642624 -10.2571 LR
MB096 30320859151335424 -10.2599 LR
MB096 30318599885291521 -10.2611 LR
MB096 30318217020837889 -10.2575 LR
MB096 30315977883254784 -10.2638 LR
MB096 30315224259104768 -10.2615 LR
MB096 30314252388532224 -9.10056 LR
MB096 30312761338626048 -10.2587 LR
MB096 30305227429122048 -9.93306 LR
MB096 30303471261458433 -10.2607 LR
MB096 30303360913506304 -10.2623 LR
MB096 30302138324230144 -9.10056 LR
MB096 30301743258542080 -10.2627 LR
MB096 30292257361891329 -10.2583 LR
MB096 30289951790735360 -9.10135 LR
MB096 30282541063737344 -9.09937 LR
MB096 30280232787247104 -9.10175 LR
MB096 30277574173134848 -10.2607 LR
MB096 30276028039438336 -9.10056 LR
MB096 30273105100279808 -9.10096 LR
MB096 30272035993161728 -10.2619 LR
MB096 30267417691160576 -10.2579 LR
MB096 30265567491399680 -10.2646 LR
MB096 30262731235921921 -10.2607 LR
MB096 30224757127389184 -10.2623 LR
MB096 30209763061010432 -10.2583 LR
MB096 30187987379687424 -9.73826 LR
MB096 30173889518637057 -10.2595 LR
MB096 30173308058083328 -10.2619 LR
MB096 30154134346792960 -10.2623 LR
MB096 30148062970126336 -10.2615 LR
MB096 30145992246427648 -10.2634 LR
MB096 30134715268730880 -10.2583 LR
MB096 30127892851589120 -10.2623 LR
MB096 30126321799532544 -10.2583 LR
MB096 30125049046372352 -10.2583 LR
MB096 30122055915536384 -10.2619 LR
MB096 30120295868137472 -10.2619 LR
MB096 30115141613780992 -10.2607 LR
MB096 30114592864608256 -10.2591 LR
MB096 30111977615392768 -10.2599 LR
MB096 30110295154237441 -10.2623 LR
MB096 30101324120985600 -9.09937 LR
MB096 30100934449172481 -10.2595 LR
MB096 30100864605622272 -10.2603 LR
MB096 30097643929604097 -10.2599 LR
MB096 30094254898421761 -10.2627 LR
MB096 30093101347381248 -10.2575 LR
MB096 30093067302215680 -10.2579 LR
MB096 30087813399576576 -10.2607 LR
MB096 30087537099804673 -10.2587 LR
MB096 30076609025282048 -9.93544 LR
MB096 30062428016345088 -10.2619 LR
MB096 30062422576336896 -10.2634 LR
MB096 30060347985494016 -10.2599 LR
MB096 30058678233071616 -10.2627 LR
MB096 30055589400813568 -10.2619 LR
MB096 30055145937043456 -10.2623 LR
MB096 30054436952870912 -10.263 LR
MB096 30052429919690752 -10.2615 LR
MB096 30052161668775936 -10.2646 LR
MB096 30048882863906816 -9.10016 LR
MB096 30039858076454912 -10.2623 LR
MB096 30039037666394112 -10.2611 LR
MB096 30039009019297792 -10.2575 LR
MB096 30037947763916800 -10.2615 LR
MB096 30032478945148928 -10.2627 LR
MB096 30031649274068992 -10.2623 LR
MB096 30031479236984834 -10.2623 LR
MB096 30029869786075137 -10.2603 LR
MB096 30028986042028033 -10.2634 LR
MB096 30022330415587328 -10.2571 LR
MB096 30020457008726016 -10.2623 LR
MB096 30020078904811520 -10.2567 LR
MB096 30019480704782336 -9.09818 LR
MB096 30018780700606464 -10.2634 LR
MB096 30018726657003520 -10.2607 LR
MB096 30018410427457536 -10.2611 LR
MB096 30009957734678529 -10.2583 LR
MB096 30009933927809024 -10.2642 LR
MB096 30005343475994624 -10.2607 LR
MB096 30004400030220288 -10.2587 LR
MB096 29992611263553536 -10.2623 LR
MB096 29990868341489664 -10.2623 LR
MB096 29990290223800321 -10.2627 LR
MB096 29986876462993408 -9.93425 LR
MB096 29984984123056128 -9.93584 LR
MB096 29982964318212096 -10.2595 LR
MB096 29982226984730624 -10.2627 LR
MB096 29978634789855232 -10.2603 LR
MB096 29977738597105664 -10.2595 LR
MB096 29975733250031617 -10.2583 LR
MB096 29973612786098177 -9.93227 LR
MB096 29970743043297282 -10.2603 LR
MB096 29969971731763200 -10.2587 LR
MB096 29969243902574592 -9.10016 LR
MB096 29968622453526528 -10.2627 LR
MB096 29968589050085376 -9.09698 LR
MB096 29961750254198784 -9.10016 LR
MB096 29957763345948673 -10.263 LR
MB096 29957250411925504 -10.2627 LR
MB096 29954805472432128 -10.2603 LR
MB096 29951342579548160 -10.2615 LR
MB096 29947258413776896 -10.2607 LR
MB096 29934479816523777 -10.2615 LR
MB096 29934339449954304 -10.2634 LR
MB096 29932856050458625 -10.2619 LR
MB096 29922248823406592 -10.2599 LR
MB096 29921918421303296 -10.2591 LR
MB096 29912415286071296 -10.2575 LR
MB096 29909228093181953 -10.2627 LR
MB096 29906444400726016 -9.09619 LR
MB096 29896225155194880 -9.09977 LR
MB096 29895697637576704 -9.09818 LR
MB096 29885532666331136 -10.2591 LR
MB096 29866854377857024 -10.2603 LR
MB096 29857943499317248 -10.2607 LR
MB096 29855550460133376 -10.2615 LR
MB096 29832119660318720 -10.2579 LR
MB096 29831520420102144 -10.2599 LR
MB096 29816945675075586 -10.2615 LR
MB096 29816092146798592 -10.2587 LR
MB096 29790304798244864 -10.2623 LR
MB096 29789489547186177 -10.2619 LR
MB096 29784440548884481 -10.2607 LR
MB096 29784054542893056 -10.2591 LR
MB096 29783111403307008 -10.2591 LR
MB096 29782794351673344 -10.2623 LR
MB096 29781878110167040 -10.2579 LR
MB096 29768161691697152 -10.2591 LR
MB096 29767422915383296 -10.2591 LR
MB096 29764014028365825 -10.2555 LR
MB096 29763031474896896 -10.2627 LR
MB096 29761256378339328 -10.2603 LR
MB096 29750837530066944 -10.2599 LR
MB096 29750076360364033 -10.2603 LR
MB096 29742734247989249 -10.2587 LR
MB096 29735093052379136 -10.263 LR
MB096 29722931307216896 -10.2567 LR
MB096 29714988574707713 -10.2575 LR
MB096 29712055544053760 -9.10056 LR
MB096 29710916626939904 -10.2603 LR
MB096 29710318464663553 -10.2619 LR
MB096 29709886019346432 -9.10056 LR
MB096 29706747924975617 -10.263 LR
MB096 29702540148875264 -10.2603 LR
MB096 29701926505422850 -10.2599 LR
MB096 29696095248457728 -10.263 LR
MB096 29691352975413248 -9.93544 LR
MB096 29687995678330883 -10.2595 LR
MB096 29686820694396928 -10.2638 LR
MB096 29686599658770433 -10.2634 LR
MB096 29686043330478080 -10.2619 LR
MB096 29686042680365056 -10.2619 LR
MB096 29683628841639937 -10.2603 LR
MB096 29681562882674689 -10.2627 LR
MB096 29681096245387264 -10.263 LR
MB096 29679395820011520 -10.2611 LR
MB096 29678817949777921 -10.2595 LR
MB096 29678703910854656 -10.2607 LR
MB096 29675124856717313 -10.2623 LR
MB096 29669909201948673 -10.2615 LR
MB096 29668896369807361 -10.2615 LR
MB096 29667559913558017 -9.10175 LR
MB096 29666729739161600 -9.09818 LR
MB096 29666391648894976 -9.09738 LR
MB096 29661338015891457 -9.10096 LR
MB096 29661203030609920 -9.09778 LR
MB096 29660375855144960 -9.10096 LR
MB096 29660370121527296 -9.10135 LR
MB096 29660163728220160 -9.10096 LR
MB096 29658208410796032 -9.93821 LR
MB096 29657773172064256 -10.2623 LR
MB096 29655554670469120 -10.263 LR
MB096 29654436691316736 -10.2634 LR
MB096 29651702625869824 -10.2627 LR
MB096 29650590917201920 -9.93346 LR
MB096 29648631103492096 -10.263 LR
MB096 29644622011568128 -10.2587 LR
MB096 29643520310517760 -10.2595 LR
MB096 29637500142100480 -10.2642 LR
MB096 29635504257372160 -10.2623 LR
MB096 29634885278769152 -10.2611 LR
MB096 29632800994885632 -10.2603 LR
MB096 29632594391863297 -10.2619 LR
MB096 29631832987279361 -10.2623 LR
MB096 29628059602657281 -10.2615 LR
MB096 29626540014702592 -10.2634 LR
MB096 29625813531889664 -10.2575 LR
MB096 29622573750812672 -9.93465 LR
MB096 29619667924422656 -10.2575 LR
MB096 29614373358010368 -10.2611 LR
MB096 29607812124377089 -10.2603 LR
MB096 29602384787283968 -9.93544 LR
MB096 29602062153023488 -10.2575 LR
MB096 29601630324269056 -10.263 LR
MB096 29601203251847168 -10.2591 LR
MB096 29598802742607872 -10.2646 LR
MB096 29597814132572160 -10.2623 LR
MB096 29594244788256769 -10.2607 LR
MB096 29590877076721664 -10.2611 LR
MB096 29588975958106113 -10.2642 LR
MB096 29588654942851072 -10.2642 LR
MB096 29588060400259072 -10.2611 LR
MB096 29585315488333825 -10.2634 LR
MB096 29584884204838912 -9.93544 LR
MB096 29584371321151488 -10.2599 LR
MB096 29583795262853121 -10.2611 LR
MB096 29582349108776960 -10.2575 LR
MB096 29576869535817728 -7.79097 LR
MB096 29575383770726400 -10.2619 LR
MB096 29571333507514368 -9.93346 LR
MB096 29569696583913472 -10.2658 LR
MB096 29567367881170944 -9.09977 LR
MB096 29564031354273792 -10.2654 LR
MB096 29561527145078786 -10.263 LR
MB096 29555430615158784 -10.2603 LR
MB096 29553886402445313 -10.2595 LR
MB096 29547043429023744 -10.2627 LR
MB096 29546518948093953 -9.10096 LR
MB096 29544314979745792 -9.93979 LR
MB096 29542853000568832 -9.09897 LR
MB096 29540134382735360 -10.2599 LR
MB096 29536585452093440 -10.2599 LR
MB096 29535796448993280 -10.2575 LR
MB096 29533330990960640 -9.10056 LR
MB096 29525649467117568 -10.2619 LR
MB096 29508182212616192 -10.2623 LR
MB096 29501868765876224 -10.2638 LR
MB096 29490865109995520 -10.2623 LR
MB096 29484795406843904 -10.2615 LR
MB096 29482696187060224 -10.2591 LR
MB096 29476982622257152 -10.2619 LR
MB096 29470096313290753 -10.2607 LR
MB096 29463557699538944 -10.2591 LR
MB096 29462377116209152 -10.2611 LR
MB096 29462246866292736 -10.2583 LR
MB096 29454516508168193 -10.263 LR
MB096 29438739365232640 -10.2591 LR
MB096 29438356861485056 -10.2595 LR
MB096 29433278888943616 -10.2583 LR
MB096 29424205585981440 -10.2579 LR
MB096 29413388522094592 -10.2634 LR
MB096 29410578996924416 -10.2571 LR
MB096 29406657368825857 -10.2579 LR
MB096 29406354548465664 -10.2623 LR
MB096 29402773862748161 -10.2642 LR
MB096 29400947352403968 -10.2603 LR
MB096 29400430714822657 -10.2634 LR
MB096 29394257399783424 -10.2595 LR
MB096 29389006865170432 -9.09937 LR
MB096 29384279930707968 -10.2595 LR
MB096 29383661279256576 -10.2611 LR
MB096 29382613344976897 -10.2615 LR
MB096 29381540853063680 -10.2646 LR
MB096 29380318498656256 -9.09778 LR
MB096 29378827184504832 -10.2619 LR
MB096 29378132708425729 -10.2607 LR
MB096 29376866024427521 -10.2611 LR
MB096 29376508501954560 -10.2607 LR
MB096 29370345785925633 -10.2642 LR
MB096 29356167775916032 -10.2591 LR
MB096 29353369575362560 -10.2583 LR
MB096 29352216045297664 -10.2603 LR
MB096 29350312703692800 -10.2591 LR
MB096 29348620343967746 -10.2642 LR
MB096 29348050367414272 -10.2567 LR
MB096 29344772489486336 -9.92828 LR
MB096 29344371757289472 -10.2603 LR
MB096 29343904239194112 -10.2579 LR
MB096 29341983025668096 -10.265 LR
MB096 29340380390498304 -10.265 LR
MB096 29338826614775808 -10.2599 LR
MB096 29334488668438528 -9.93425 LR
MB096 29317896664514561 -10.2599 LR
MB096 29317193061634048 -10.2595 LR
MB096 29317122970624001 -10.2583 LR
MB096 29316493388816384 -10.2583 LR
MB096 29316453584867328 -9.93544 LR
MB096 29316248466624513 -10.2619 LR
MB096 29315810925223936 -10.263 LR
MB096 29315357684539392 -9.93425 LR
MB096 29313252131340291 -10.2587 LR
MB096 29310126884130816 -10.2638 LR
MB096 29307433402765313 -10.2603 LR
MB096 29307416726216704 -10.2595 LR
MB096 29306705099624448 -10.2627 LR
MB096 29306331676545026 -10.2587 LR
MB096 29304476456194049 -10.2595 LR
MB096 29304241659052033 -10.2591 LR
MB096 29291427800293376 -10.2563 LR
MB096 29285206586302465 -10.2627 LR
MB096 29284399547686913 -10.2599 LR
MB096 29282965934571520 -10.2607 LR
MB096 29282916886380544 -10.2623 LR
MB096 29282813089947649 -10.2587 LR
MB096 29276536792158208 -10.2634 LR
MB096 29273551546617856 -10.2615 LR
MB096 29272099025588224 -9.93227 LR
MB096 29271934105550849 -10.2623 LR
MB096 29266412123979776 -10.2619 LR
MB096 29263388676726785 -10.2595 LR
MB096 29262698759856128 -10.2627 LR
MB096 29261767334952961 -10.2603 LR
MB096 29260339036033025 -9.10175 LR
MB096 29260306416926721 -10.2634 LR
MB096 29258131817107456 -10.2591 LR
MB096 29256183307042816 -10.2583 LR
MB096 29254888105967616 -10.2591 LR
MB096 29253793996607489 -9.93702 LR
MB096 29247785748398082 -10.2599 LR
MB096 29246731241660416 -10.2603 LR
MB096 29246402953482240 -10.2607 LR
MB096 29244181213872128 -10.2607 LR
MB096 29242412538793985 -10.2627 LR
MB096 29241157359767552 -10.2615 LR
MB096 29238925562220544 -10.2623 LR
MB096 29238441258520577 -9.93067 LR
MB096 29237730416263168 -10.2603 LR
MB096 29235373515214848 -10.2634 LR
MB096 29233445783740417 -10.263 LR
MB096 29233393245884416 -10.2563 LR
MB096 29230765652840448 -10.2595 LR
MB096 29230496688906240 -10.2607 LR
MB096 29229471554871296 -10.2587 LR
MB096 29228773077422080 -10.2611 LR
MB096 29226255119290368 -10.2611 LR
MB096 29224223822057472 -9.93465 LR
MB096 29223340312887296 -9.93465 LR
MB096 29219029604376577 -10.2563 LR
MB096 29214285989158913 -10.2555 LR
MB096 29203466870063105 -10.2591 LR
MB096 29196332711280640 -9.09937 LR
MB096 29195285909471232 -10.2587 LR
MB096 29191677381967872 -10.2595 LR
MB096 29187722795024385 -10.2591 LR
MB096 29180827543801856 -10.2575 LR
MB096 29177332178620416 -10.2634 LR
MB096 29170642867716096 -10.263 LR
MB096 29162481142210561 -10.2591 LR
MB096 29159405417136129 -10.2599 LR
MB096 29136000466817025 -10.2583 LR
MB096 29125863362531328 -9.93385 LR
MB096 29110871913406464 -10.2599 LR
MB096 29106020013838336 -10.2583 LR
MB096 29101649716842496 -10.2619 LR
MB096 29093195606401024 -10.2583 LR
MB096 29090249187528705 -10.2591 LR
MB096 29079824827940864 -10.2607 LR
MB096 29078960922955776 -10.2615 LR
MB096 29074479665643521 -10.2579 LR
MB096 29073860754149377 -10.2615 LR
MB096 29065968076455936 -10.2615 LR
MB096 29065426277244928 -9.93266 LR
MB096 29065010684633089 -10.2603 LR
MB096 29062201738264577 -10.2615 LR
MB096 29060569956880384 -10.2567 LR
MB096 29054742508347393 -10.2611 LR
MB096 29050296327995392 -10.2615 LR
MB096 29047015467917312 -10.2646 LR
MB096 29044873021628416 -9.93346 LR
MB096 29042615496216577 -10.2623 LR
MB096 29041532879249409 -9.93385 LR
MB096 29041503305203712 -10.2587 LR
MB096 29039598793392128 -10.2595 LR
MB096 29031242255044608 -10.2579 LR
MB096 29029086554750976 -9.10096 LR
MB096 29027590014504960 -10.2595 LR
MB096 29027324745744384 -10.2623 LR
MB096 29023241632751616 -10.2583 LR
MB096 29014462782504960 -10.2583 LR
MB096 29014093859917824 -10.2579 LR
MB096 29013741173481472 -10.2575 LR
MB096 29011436185325568 -10.2611 LR
MB096 29011142726651904 -10.2611 LR
MB096 29007740508577792 -10.2603 LR
MB096 29005993958440961 -9.93504 LR
MB096 29000023681269760 -10.263 LR
MB096 28994234363154432 -10.2619 LR
MB096 28994160543408128 -10.2599 LR
MB096 28990073705861120 -10.2591 LR
MB096 28989616258293760 -10.2583 LR
MB096 28989402587856896 -10.2607 LR
MB096 28988906590441472 -10.2595 LR
MB096 28986077549174784 -10.2583 LR
MB096 28982747544428544 -10.2595 LR
MB096 28982468296056833 -10.2615 LR
MB096 28981986542493697 -10.2623 LR
MB096 28979633890267136 -10.2611 LR
MB096 28977806142603264 -10.2634 LR
MB096 28976730760806400 -10.2623 LR
MB096 28974892850348032 -10.2615 LR
MB096 28966653265973249 -10.2619 LR
