MB107 34934916911206400 -10.5251 LRK
MB107 34902391677521920 -10.5203 LRK
MB107 34815328680673280 -10.5247 LRK
MB107 34800544195416064 -10.3384 LRK
MB107 34795479732584448 -10.3328 LRK
MB107 34780560287080448 -10.5247 LRK
MB107 34708495861424128 -10.5211 LRK
MB107 34707878807863296 -10.179 LRK
MB107 34707868955451393 -10.5211 LRK
MB107 34691661221068801 -10.3336 LRK
MB107 34691531487055872 -10.5196 LRK
MB107 34681581679411200 -10.5263 LRK
MB107 34676489286848513 -10.177 LRK
MB107 34634485672710144 -10.5267 LRK
MB107 34626338929393664 -10.5219 LRK
MB107 34617708137943040 -10.3372 LRK
MB107 34597816944828416 -10.338 LRK
MB107 34554501213986816 -10.52 LRK
MB107 34522101528526848 -10.336 LRK
MB107 34449378907267073 -10.3344 LRK
MB107 34423084211507200 -10.5219 LRK
MB107 34418538580156416 -10.5207 LRK
MB107 34374037694062592 -10.5251 LRK
MB107 34355148251734016 -10.3384 LRK
MB107 34123731857051648 -10.5231 LRK
MB107 34110683578630144 -10.3348 LRK
MB107 34080125846814720 -10.338 LRK
MB107 34058985338310656 -10.5239 LRK
MB107 34037173757935616 -10.5215 LRK
MB107 33946282431086592 -10.5227 LRK
MB107 33944084129390592 -10.5192 LRK
MB107 33943550039171073 -10.5192 LRK
MB107 33943493940350977 -10.52 LRK
MB107 33940740035837952 -10.5196 LRK
MB107 33940735363387393 -10.5263 LRK
MB107 33940575078060032 -10.5263 LRK
MB107 33940573983346688 -10.5192 LRK
MB107 33912724970803201 -10.3372 LRK
MB107 33910634965901313 -10.5219 LRK
MB107 33876133950783489 -10.34 LRK
MB107 33874115857227777 -7.4806 LRK
MB107 33864238116114432 -10.5227 LRK
MB107 33756446864707584 -10.5207 LRK
MB107 33752995967533056 -9.99178 LRK
MB107 33695590218993664 -10.5207 LRK
MB107 33675489168072704 -10.5263 LRK
MB107 33672219229945856 -10.5215 LRK
MB107 33539674085527552 -10.5227 LRK
MB107 33535623163809792 -10.3388 LRK
MB107 33486160076476417 -9.99336 LRK
MB107 33431539941519360 -10.3376 LRK
MB107 33410202447380480 -10.3392 LRK
MB107 33405276715491328 -10.3328 LRK
MB107 33371739924733952 -7.82485 LRK
MB107 33314806891020289 -10.5211 LRK
MB107 33298462560882688 -10.3316 LRK
MB107 33289773313425409 -10.3388 LRK
MB107 33274422466969600 -10.5251 LRK
MB107 33255202819678208 -10.5203 LRK
MB107 33251573689749504 -10.338 LRK
MB107 33246299994341376 -10.1782 LRK
MB107 33243828102103040 -10.5239 LRK
MB107 33230751776378880 -10.5219 LRK
MB107 33230223239548928 -10.3368 LRK
MB107 33212181138907136 -10.334 LRK
MB107 33208239474610176 -10.3344 LRK
MB107 33200855427584000 -10.5239 LRK
MB107 33197429079678976 -10.3368 LRK
MB107 33188102256197633 -10.3336 LRK
MB107 33169663835766784 -10.5211 LRK
MB107 33169146845863936 -10.5243 LRK
MB107 33166959180775425 -10.5255 LRK
MB107 33145165799620608 -10.338 LRK
MB107 33104263953518592 -10.5239 LRK
MB107 32839781972971520 -10.5235 LRK
MB107 32762463833292800 -10.5259 LRK
MB107 32746494146641920 -10.336 LRK
MB107 32733876728111104 -10.3392 LRK
MB107 32723664042463232 -10.336 LRK
MB107 32682849370902528 -10.5215 LRK
MB107 32641101823221760 -10.5255 LRK
MB107 32627732370169856 -10.3368 LRK
MB107 32591433714106368 -10.3404 LRK
MB107 32441185939230720 -10.5227 LRK
MB107 32417956327591936 -10.5203 LRK
MB107 32401754213580801 -10.5239 LRK
MB107 32347027073409024 -10.5219 LRK
MB107 32325795691110400 -10.3352 LRK
MB107 32306816650059777 -10.3352 LRK
MB107 32208500994080768 -10.3372 LRK
MB107 32201959117160448 -10.5251 LRK
MB107 32196354189033472 -10.5239 LRK
MB107 32114084824489984 -10.5223 LRK
MB107 32068265530363904 -10.5247 LRK
MB107 32002758282313728 -10.5251 LRK
MB107 31988624497057792 -10.5251 LRK
MB107 31988608873275392 -10.5251 LRK
MB107 31976814465261568 -10.5255 LRK
MB107 31972343882457088 -10.3352 LRK
MB107 31891712209059841 -10.3368 LRK
MB107 31868820264058880 -10.5239 LRK
MB107 31826731073540096 -10.5219 LRK
MB107 31817347798925312 -10.3356 LRK
MB107 31783410783494144 -10.338 LRK
MB107 31772870241685504 -10.3328 LRK
MB107 31736131007553536 -10.52 LRK
MB107 31729099948949504 -10.3356 LRK
MB107 31717039261360128 -10.5211 LRK
MB107 31696221231915008 -10.5215 LRK
MB107 31627673281232896 -10.5243 LRK
MB107 31612106658816000 -10.5255 LRK
MB107 31594475058892801 -10.5219 LRK
MB107 31568963183845376 -10.5211 LRK
MB107 31457316683386880 -10.5239 LRK
MB107 31449489558478848 -10.3408 LRK
MB107 31409907525754880 -10.3348 LRK
MB107 31379176976027648 -10.338 LRK
MB107 31354002134278144 -10.336 LRK
MB107 31299541219147776 -10.5259 LRK
MB107 31262570253918208 -10.5263 LRK
MB107 31245051736629249 -10.3348 LRK
MB107 31216862033354752 -10.5267 LRK
MB107 31195459603140608 -10.3344 LRK
MB107 31111507857117184 -10.5243 LRK
MB107 31105890924896256 -10.3356 LRK
MB107 31105563030986752 -10.5223 LRK
MB107 31083523758620673 -7.82405 LRK
MB107 31051505712758784 -10.5251 LRK
MB107 30987866825826305 -10.5196 LRK
MB107 30982657407983616 -10.5255 LRK
MB107 30950507921022976 -10.3376 LRK
MB107 30931945189806080 -10.5215 LRK
MB107 30760981990735873 -10.5219 LRK
MB107 30746195299147776 -10.3372 LRK
MB107 30741655636152321 -10.5207 LRK
MB107 30681601281097728 -10.5267 LRK
MB107 30655832362328064 -10.5207 LRK
MB107 30641734190895104 -7.82246 LRK
MB107 30617194891051009 -10.3348 LRK
MB107 30615051849179137 -10.5247 LRK
MB107 30606551752384513 -10.1806 LRK
MB107 30583418236444672 -10.1806 LRK
MB107 30532746656882688 -10.5211 LRK
MB107 30516431275687936 -10.5211 LRK
MB107 30503756760096768 -10.5243 LRK
MB107 30503755766046720 -10.5219 LRK
MB107 30503723834806273 -10.5211 LRK
MB107 30503556704378880 -10.5243 LRK
MB107 30503508281131008 -10.5243 LRK
MB107 30503477746606081 -10.5243 LRK
MB107 30503459547521024 -10.5211 LRK
MB107 30503443495919616 -10.5219 LRK
MB107 30464305233133568 -10.3364 LRK
MB107 30435849879420928 -10.3344 LRK
MB107 30392855478411264 -10.5239 LRK
MB107 30377575092068352 -10.5239 LRK
MB107 30335399607934976 -10.5239 LRK
MB107 30269833291501568 -10.336 LRK
MB107 30262198236348416 -10.1806 LRK
MB107 30255072919166976 -10.5235 LRK
MB107 30242855733694464 -9.99217 LRK
MB107 30226557435912192 -10.3372 LRK
MB107 30118054390140928 -10.3376 LRK
MB107 30053018137272321 -10.3376 LRK
MB107 30016238981746688 -10.3376 LRK
MB107 30006094747148288 -10.3376 LRK
MB107 29969010321788928 -10.5251 LRK
MB107 29959212624773120 -10.3356 LRK
MB107 29932587304615937 -10.336 LRK
MB107 29931197094174720 -10.5251 LRK
MB107 29926299384414208 -10.3384 LRK
MB107 29917603661090816 -10.3348 LRK
MB107 29859008714117121 -10.5247 LRK
MB107 29801207350427648 -10.3408 LRK
MB107 29705163694407680 -10.5255 LRK
MB107 29665062092279808 -10.5239 LRK
MB107 29636568536850436 -10.3356 LRK
MB107 29635496325947392 -10.5239 LRK
MB107 29627483645022208 -10.5243 LRK
MB107 29546629417672704 -10.336 LRK
MB107 29490668644597760 -10.3364 LRK
MB107 29488533592870912 -10.5243 LRK
MB107 29470976584450049 -10.5215 LRK
MB107 29468057994788864 -10.1826 LRK
MB107 29446794408628224 -10.3384 LRK
MB107 29380391924146177 -10.336 LRK
MB107 29373617028472832 -10.5259 LRK
MB107 29364447365562368 -10.1798 LRK
MB107 29296524286500864 -10.3368 LRK
MB107 29277223970152448 -10.3356 LRK
MB107 29254971430014976 -9.99336 LRK
MB107 29167831027290113 -10.5207 LRK
MB107 29152271338045440 -9.99178 LRK
MB107 29147876911218688 -10.336 LRK
MB107 29147372638445568 -10.336 LRK
MB107 29140922730024960 -10.5211 LRK
MB107 29106526375383040 -10.3344 LRK
MB107 29064814454116352 -10.3356 LRK
