MB105 34796248099848192 -7.82966 LRK
MB105 34739278869172224 -7.83402 LRK
MB105 34500007851728897 -7.83363 LRK
MB105 33894477240213505 -7.83244 LRK
MB105 33646609665499136 -7.82648 LRK
MB105 33643035627749376 -7.82887 LRK
MB105 33111332517584896 -7.83244 LRK
MB105 33085281003380737 -7.83125 LRK
MB105 32260985251176448 -7.83006 LRK
MB105 32104211680329728 -7.83204 LRK
MB105 31753515357446146 -7.83085 LRK
MB105 31693008969666560 -7.83006 LRK
MB105 31360343561211904 -7.83085 LRK
MB105 31321052042756096 -7.83283 LRK
MB105 30712553332019200 -7.83283 LRK
MB105 30626603646058496 -7.83125 LRK
MB105 30459454025637888 -7.83283 LRK
MB105 30387811911729153 -7.82926 LRK
MB105 30183401243803648 -7.83164 LRK
MB105 29592873020170240 -7.83164 LRK
MB105 29321094007627776 -7.82568 LRK
MB105 29199241532411906 -7.82887 LRK
