MB056 33375244534300672 -10.2922 LRK
MB056 33375095628111872 -10.291 LRK
MB056 33333858803912704 -10.2886 LRK
MB056 33279960458207233 -10.2934 LRK
MB056 33278755069902848 -7.82221 LRK
MB056 33277775108382720 -7.82657 LRK
MB056 33275587548286976 -7.82419 LRK
MB056 33258145572720640 -10.287 LRK
MB056 33249501770682368 -10.1223 LRK
MB056 33240795268120576 -10.2898 LRK
MB056 33232542425419776 -10.2898 LRK
MB056 33214871193518080 -10.2989 LRK
MB056 33195931587321856 -10.2949 LRK
MB056 33195930240942080 -10.2938 LRK
MB056 33104559010365440 -10.1271 LRK
MB056 33098287666049024 -9.78309 LRK
MB056 33082299209752576 -10.2894 LRK
MB056 33080018930241536 -10.2922 LRK
MB056 33050851790561281 -10.2886 LRK
MB056 33035848345722880 -7.82101 LRK
MB056 33012849357885440 -10.1259 LRK
MB056 32997367590420480 -10.291 LRK
MB056 32983293913731072 -10.1211 LRK
MB056 32976924804382720 -10.2918 LRK
MB056 32974697901588480 -10.2941 LRK
MB056 32966181149212672 -10.287 LRK
MB056 32958554923077633 -10.2941 LRK
MB056 32948356061863936 -7.47981 LRK
MB056 32945505914847232 -7.47981 LRK
MB056 32945457676156929 -10.1247 LRK
MB056 32942799246594048 -10.2941 LRK
MB056 32912680809398272 -10.1251 LRK
MB056 32894644123607040 -10.1211 LRK
MB056 32872876256268288 -10.293 LRK
MB056 32868659579854848 -10.2914 LRK
MB056 32824055220404224 -7.8226 LRK
MB056 32784896296493056 -7.82538 LRK
MB056 32781633396416512 -10.2886 LRK
MB056 32740188979462144 -10.2965 LRK
MB056 32700461534420993 -10.2922 LRK
MB056 32693135528165376 -10.2906 LRK
MB056 32670494071193601 -10.1263 LRK
MB056 32658302299021312 -10.2918 LRK
MB056 32619117353631744 -10.1291 LRK
MB056 32565177215881216 -10.1279 LRK
MB056 32548073955659777 -10.2941 LRK
MB056 32513343017189376 -7.82022 LRK
MB056 32457029570273280 -10.2934 LRK
MB056 32399517890379776 -10.2894 LRK
MB056 32379479548493824 -10.289 LRK
MB056 32328876898131968 -10.291 LRK
MB056 32293188026765312 -10.1235 LRK
MB056 32289032973058049 -10.2938 LRK
MB056 32275451875434497 -10.2926 LRK
MB056 32256866536919041 -10.1255 LRK
MB056 32244532519108608 -10.2878 LRK
MB056 32244227601600512 -10.1203 LRK
MB056 32240087504781313 -10.2941 LRK
MB056 32231509075165185 -10.293 LRK
MB056 32206236430630912 -10.291 LRK
MB056 32200772632449027 -10.2906 LRK
MB056 32183954794618881 -10.2922 LRK
MB056 32174204858146816 -10.1255 LRK
MB056 32165038261280768 -10.2922 LRK
MB056 32147760174080000 -7.82459 LRK
MB056 32122462980280320 -10.2957 LRK
MB056 32095475440033792 -10.1271 LRK
MB056 31973774890901505 -10.2882 LRK
MB056 31966174388424704 -10.2906 LRK
MB056 31907095322300417 -9.95206 LRK
MB056 31899769295085568 -10.293 LRK
MB056 31899754229145600 -10.2934 LRK
MB056 31890232550891521 -10.1243 LRK
MB056 31870707759587328 -10.1255 LRK
MB056 31862665273933824 -10.2941 LRK
MB056 31846578897551360 -10.1259 LRK
MB056 31807798136283138 -7.81862 LRK
MB056 31802092683272192 -10.2961 LRK
MB056 31780695965704192 -10.1271 LRK
MB056 31772353742503936 -10.2945 LRK
MB056 31762855594303488 -7.47742 LRK
MB056 31745451036254208 -10.1203 LRK
MB056 31744066563604480 -10.1231 LRK
MB056 31719556514844672 -10.1255 LRK
MB056 31714638102003712 -10.2886 LRK
MB056 31693984048881664 -10.291 LRK
MB056 31686006822404096 -10.1219 LRK
MB056 31666954032906240 -9.58135 LRK
MB056 31640057727164416 -10.2961 LRK
MB056 31578493061963776 -10.2945 LRK
MB056 31563719385292800 -10.1263 LRK
MB056 31543689591394304 -10.2922 LRK
MB056 31539897336594433 -10.2926 LRK
MB056 31535504830758912 -10.2918 LRK
MB056 31530059751755777 -10.2894 LRK
MB056 31518031649701888 -10.2965 LRK
MB056 31513406498414592 -10.2894 LRK
MB056 31502261083439104 -10.2898 LRK
MB056 31456358683385856 -9.95127 LRK
MB056 31450045198901248 -7.81982 LRK
MB056 31447830614777856 -10.2922 LRK
MB056 31441781816033280 -10.1279 LRK
MB056 31439990474936320 -10.1267 LRK
MB056 31413771213742080 -10.2934 LRK
MB056 31382850326495233 -10.2878 LRK
MB056 31382820316250114 -10.2894 LRK
MB056 31368894950150144 -10.1259 LRK
MB056 31234853261287425 -9.95008 LRK
MB056 31214364195291136 -10.1227 LRK
MB056 31191142389260288 -10.1243 LRK
MB056 31168485920866305 -10.2906 LRK
MB056 31154123185328128 -10.2906 LRK
MB056 31144305234018304 -10.2894 LRK
MB056 31143323636858880 -10.291 LRK
MB056 31140906979565568 -10.1199 LRK
MB056 31104247235874816 -10.1235 LRK
MB056 31087482724417536 -10.1267 LRK
MB056 31064276370198528 -10.1243 LRK
MB056 31025534481731585 -10.2902 LRK
MB056 31016736551608320 -9.94969 LRK
MB056 31011239740047360 -10.2914 LRK
MB056 30938632764268544 -10.1251 LRK
MB056 30872221379469312 -10.287 LRK
MB056 30861422661476352 -10.2902 LRK
MB056 30829627194740736 -10.1275 LRK
MB056 30824405680525312 -10.2894 LRK
MB056 30791542343991297 -10.1239 LRK
MB056 30790919447912448 -10.1263 LRK
MB056 30752379854917632 -10.1255 LRK
MB056 30733868084494336 -10.2938 LRK
MB056 30714909889138688 -10.1219 LRK
MB056 30702236413730816 -10.1263 LRK
MB056 30697769291227136 -10.1243 LRK
MB056 30692589493551104 -10.2938 LRK
MB056 30587682639847424 -10.1263 LRK
MB056 30521472812318720 -7.47822 LRK
MB056 30484683502391296 -10.2878 LRK
MB056 30441645765820416 -10.2878 LRK
MB056 30428818955042817 -9.95127 LRK
MB056 30411954489139201 -10.1271 LRK
MB056 30404994574327808 -10.2934 LRK
MB056 30395848189808640 -10.2918 LRK
MB056 30380428753899520 -10.2934 LRK
MB056 30361362878169088 -10.1235 LRK
MB056 30341180902346753 -10.2949 LRK
MB056 30335651857571841 -9.77872 LRK
MB056 30330856094568449 -10.2965 LRK
MB056 30330250067968000 -10.2957 LRK
MB056 30329298699157504 -10.2902 LRK
MB056 30324639599173632 -10.2906 LRK
MB056 30321589249642496 -10.291 LRK
MB056 30297203738152960 -10.1235 LRK
MB056 30296222321348608 -10.2874 LRK
MB056 30291272077942784 -10.1267 LRK
MB056 30286328058871808 -10.1271 LRK
MB056 30260698617487360 -10.291 LRK
MB056 30260138891808768 -10.1287 LRK
MB056 30246351543476224 -10.1231 LRK
MB056 30184369251422208 -10.2906 LRK
MB056 30118369902465024 -7.82419 LRK
MB056 30103823510937600 -10.287 LRK
MB056 30098879038881792 -10.2882 LRK
MB056 30089313916030978 -7.81942 LRK
MB056 30084695144271873 -10.1235 LRK
MB056 30037191400890368 -10.1255 LRK
MB056 30035203309178880 -10.1255 LRK
MB056 30027684591439872 -10.289 LRK
MB056 30020231271284736 -10.1231 LRK
MB056 30014717997092864 -7.13574 LRK
MB056 29987059816992768 -9.95048 LRK
MB056 29984929089585152 -10.1243 LRK
MB056 29978529244389376 -10.2902 LRK
MB056 29974285967687680 -10.2902 LRK
MB056 29963766842003456 -10.2941 LRK
MB056 29926711315402752 -10.291 LRK
MB056 29876101715070976 -10.2878 LRK
MB056 29866049172152321 -7.8234 LRK
MB056 29805486199013377 -7.82379 LRK
MB056 29796317484032000 -10.2938 LRK
MB056 29796012910448640 -10.1247 LRK
MB056 29776236326690816 -10.2934 LRK
MB056 29721471504875520 -10.1203 LRK
MB056 29696501416468481 -9.74938 LRK
MB056 29690077655343104 -10.2878 LRK
MB056 29689873766027265 -10.1231 LRK
MB056 29679110255026176 -10.2965 LRK
MB056 29654315937308672 -10.1203 LRK
MB056 29654053017362432 -10.1207 LRK
MB056 29653380544598016 -10.1207 LRK
MB056 29653256284143616 -10.1207 LRK
MB056 29584758715457536 -10.2926 LRK
MB056 29527274499866625 -10.1259 LRK
MB056 29523890061451264 -10.2878 LRK
MB056 29404917479243776 -10.2961 LRK
MB056 29378040031092738 -10.2886 LRK
MB056 29357936337747969 -10.1271 LRK
MB056 29354563387523073 -10.1223 LRK
MB056 29354370453737473 -7.47822 LRK
MB056 29349478234329090 -7.8226 LRK
MB056 29327171902242817 -10.2941 LRK
MB056 29324446879711232 -10.1251 LRK
MB056 29313559380885505 -10.2938 LRK
MB056 29292508659847170 -10.1267 LRK
MB056 29291531378630656 -10.1199 LRK
MB056 29285639442669571 -10.2938 LRK
MB056 29283887125364736 -10.1247 LRK
MB056 29276947221585920 -10.1207 LRK
MB056 29268790906716161 -10.2898 LRK
MB056 29268348596387841 -10.1239 LRK
MB056 29227172170305536 -10.2926 LRK
MB056 29208431508328449 -10.2934 LRK
MB056 29192367013625856 -10.1259 LRK
MB056 29161633951518721 -10.2938 LRK
MB056 29149612686188544 -10.1247 LRK
MB056 29050104069492736 -10.1247 LRK
MB056 29040246381346816 -10.2898 LRK
MB056 28986796746477568 -10.2926 LRK
