MB058 35043166813949952 -9.07397 LRK
MB058 35042120578371584 -10.3481 LRK
MB058 35037925087387648 -10.3445 LRK
MB058 35035562092003328 -10.3473 LRK
MB058 35035391731957760 -10.3493 LRK
MB058 35034892626558978 -10.1394 LRK
MB058 35032495133040640 -10.3489 LRK
MB058 35029532155056128 -9.86048 LRK
MB058 35026092385374208 -10.005 LRK
MB058 35024825235800065 -10.3469 LRK
MB058 35024817358905344 -10.3509 LRK
MB058 35024106915110912 -8.85895 LRK
MB058 35023930183909376 -9.86008 LRK
MB058 35023814249160704 -10.3465 LRK
MB058 35023227331948544 -10.3485 LRK
MB058 35018698234265600 -9.86048 LRK
MB058 35018636661891072 -10.3489 LRK
MB058 35018271296196608 -10.3501 LRK
MB058 35018232075132928 -10.1359 LRK
MB058 35016977562996736 -10.3473 LRK
MB058 35015329948110848 -9.86048 LRK
MB058 35015196028182528 -9.84899 LRK
MB058 35013491039408129 -10.3513 LRK
MB058 35013158535962624 -10.3489 LRK
MB058 35012029118943232 -10.3457 LRK
MB058 35004473797517312 -10.3493 LRK
MB058 35001255617101824 -10.3529 LRK
MB058 35000928461393921 -10.3493 LRK
MB058 34997187213529088 -10.3477 LRK
MB058 34995948312592384 -9.86167 LRK
MB058 34995315304046593 -9.86008 LRK
MB058 34994511457292288 -10.3469 LRK
MB058 34992549571592192 -9.86087 LRK
MB058 34984161848590336 -10.3445 LRK
MB058 34982802122473472 -9.85137 LRK
MB058 34978983300829184 -9.8478 LRK
MB058 34978770716725248 -9.84899 LRK
MB058 34974282056601600 -10.3473 LRK
MB058 34973754203316224 -10.3473 LRK
MB058 34970970984947712 -10.3509 LRK
MB058 34969891308048386 -10.3509 LRK
MB058 34964441925681152 -10.3449 LRK
MB058 34963997388181504 -10.3529 LRK
MB058 34962396946636800 -10.3465 LRK
MB058 34961730320732160 -10.1367 LRK
MB058 34960684395528194 -9.84979 LRK
MB058 34959971351273473 -10.3457 LRK
MB058 34952405435023360 -10.3473 LRK
MB058 34951601504387072 -10.3473 LRK
MB058 34950429880229888 -10.3473 LRK
MB058 34949817994051584 -10.3485 LRK
MB058 34949658090409984 -10.3485 LRK
MB058 34949131583758336 -10.3501 LRK
MB058 34947065062752256 -10.3465 LRK
MB058 34935032619466753 -10.1382 LRK
MB058 34930600011894784 -10.3517 LRK
MB058 34930459716620288 -9.84859 LRK
MB058 34927097092767744 -9.85296 LRK
MB058 34925863552159744 -10.3469 LRK
MB058 34925245597093888 -10.3485 LRK
MB058 34922980895105024 -10.3517 LRK
MB058 34921715888820224 -9.63305 LRK
MB058 34920446918922240 -10.3505 LRK
MB058 34917746718281728 -10.3489 LRK
MB058 34914252628168704 -10.3481 LRK
MB058 34910266802044928 -10.3509 LRK
MB058 34898044986068992 -10.3457 LRK
MB058 34895925927223296 -9.86087 LRK
MB058 34894440535425024 -9.85256 LRK
MB058 34892499512201216 -9.85098 LRK
MB058 34889202411773952 -10.3517 LRK
MB058 34888416621625344 -10.3445 LRK
MB058 34887126118043648 -9.85256 LRK
MB058 34882448282095616 -10.3525 LRK
MB058 34882273627078656 -10.3497 LRK
MB058 34878120758751232 -9.86286 LRK
MB058 34877053366968320 -10.3489 LRK
MB058 34876610641399808 -10.1335 LRK
MB058 34863415239376896 -10.3457 LRK
MB058 34862292235452416 -9.85177 LRK
MB058 34858464668815360 -10.3465 LRK
MB058 34856198578642944 -9.84859 LRK
MB058 34852942267944960 -9.8478 LRK
MB058 34849353189302272 -10.3465 LRK
MB058 34847085786447872 -9.8474 LRK
MB058 34847016316047360 -9.85058 LRK
MB058 34844315968602112 -10.3493 LRK
MB058 34843143392198656 -10.3469 LRK
MB058 34840209950642176 -10.3473 LRK
MB058 34834571648303104 -9.62186 LRK
MB058 34828444214763521 -10.3465 LRK
MB058 34826955165532160 -9.86523 LRK
MB058 34824744490508288 -10.3517 LRK
MB058 34824691323510784 -10.3481 LRK
MB058 34822826443673601 -10.3493 LRK
MB058 34822133028753408 -10.3469 LRK
MB058 34821671307190272 -10.3477 LRK
MB058 34821670157946880 -10.3509 LRK
MB058 34820530959818752 -9.62741 LRK
MB058 34820184015515648 -10.3501 LRK
MB058 34817687691468800 -9.85217 LRK
MB058 34813769280524288 -10.3489 LRK
MB058 34812947557519360 -10.3497 LRK
MB058 34810698856931328 -10.3517 LRK
MB058 34809440792363008 -9.84939 LRK
MB058 34803877983297536 -9.62106 LRK
MB058 34802878870724609 -10.3461 LRK
MB058 34802647311728640 -10.3509 LRK
MB058 34797441572151296 -10.3457 LRK
MB058 34797042580594688 -10.3497 LRK
MB058 34796582461251585 -10.3513 LRK
MB058 34788407788060672 -10.3509 LRK
MB058 34787238751510528 -10.3457 LRK
MB058 34787031494168576 -10.3501 LRK
MB058 34783240891928576 -10.3477 LRK
MB058 34780200889745408 -10.3473 LRK
MB058 34778306213580801 -10.3513 LRK
MB058 34776252808167424 -10.1359 LRK
MB058 34775708387516416 -9.85849 LRK
MB058 34773802915201024 -10.3513 LRK
MB058 34773765493620736 -10.3477 LRK
MB058 34773674410123264 -10.3493 LRK
MB058 34771915977527296 -9.85454 LRK
MB058 34770893750145024 -9.07397 LRK
MB058 34769991500828674 -10.3497 LRK
MB058 34764279781523457 -9.86167 LRK
MB058 34756704193224705 -10.3505 LRK
MB058 34756549620531200 -10.3489 LRK
MB058 34750506266005504 -10.3493 LRK
MB058 34749993726255104 -10.3441 LRK
MB058 34741685074272256 -10.3505 LRK
MB058 34740672590249986 -10.3477 LRK
MB058 34739970329550849 -10.3481 LRK
MB058 34738928040812544 -10.3457 LRK
MB058 34738875238715392 -10.3481 LRK
MB058 34736174945800192 -9.8478 LRK
MB058 34734401602461696 -9.86008 LRK
MB058 34732457647411200 -10.3505 LRK
MB058 34723138503708672 -10.3465 LRK
MB058 34717047715794944 -10.1347 LRK
MB058 34714452041408513 -10.3477 LRK
MB058 34712823800004608 -9.85968 LRK
MB058 34711419228258304 -9.86246 LRK
MB058 34710425790582785 -9.62701 LRK
MB058 34710080377069568 -9.85968 LRK
MB058 34709094036144128 -9.85968 LRK
MB058 34706474391310338 -10.3477 LRK
MB058 34705471797608448 -9.62106 LRK
MB058 34703225231769600 -10.3481 LRK
MB058 34695542751633408 -9.86087 LRK
MB058 34693486565392384 -10.3505 LRK
MB058 34692299405393920 -8.84654 LRK
MB058 34691718339100672 -10.3469 LRK
MB058 34690190937169921 -8.85895 LRK
MB058 34688640101646337 -9.85217 LRK
MB058 34688374539288576 -9.63425 LRK
MB058 34686036244168704 -9.63623 LRK
MB058 34683886789345280 -10.3441 LRK
MB058 34683626633302016 -9.86167 LRK
MB058 34682080117919746 -10.3469 LRK
MB058 34681735803314176 -10.3469 LRK
MB058 34681646728876032 -10.3505 LRK
MB058 34681584791592960 -10.1347 LRK
MB058 34679744674922497 -8.85895 LRK
MB058 34679049158660096 -9.84899 LRK
MB058 34678921186246657 -10.3481 LRK
MB058 34678688125558784 -9.85889 LRK
MB058 34676822947926016 -9.85968 LRK
MB058 34672218323554304 -10.3497 LRK
MB058 34671842434224128 -9.8478 LRK
MB058 34671506671800320 -9.84859 LRK
MB058 34670950695837696 -9.63027 LRK
MB058 34668505693421569 -10.3481 LRK
MB058 34664679489929216 -9.86127 LRK
MB058 34664183224082432 -10.3501 LRK
MB058 34663811784908800 -9.85058 LRK
MB058 34662136235958272 -9.86087 LRK
MB058 34655503342637056 -10.3489 LRK
MB058 34652918514712577 -10.3505 LRK
MB058 34651711939428352 -10.3509 LRK
MB058 34648420916396032 -8.85816 LRK
MB058 34646892889513984 -9.85769 LRK
MB058 34646167589494784 -10.3481 LRK
MB058 34643965567303680 -8.84694 LRK
MB058 34640423506944001 -10.3441 LRK
MB058 34639570012213248 -10.3493 LRK
MB058 34631726789562368 -10.3457 LRK
MB058 34631662310526976 -8.57604 LRK
MB058 34629465657053184 -10.3461 LRK
MB058 34626828387893248 -10.3505 LRK
MB058 34625067128197120 -9.86087 LRK
MB058 34624862995619840 -9.85018 LRK
MB058 34624853306769409 -10.3493 LRK
MB058 34623207621267456 -10.3461 LRK
MB058 34620650979074048 -9.85217 LRK
MB058 34619955437633536 -9.86206 LRK
MB058 34614913150230528 -9.07198 LRK
MB058 34610546053488641 -8.85855 LRK
MB058 34610524972908544 -8.85855 LRK
MB058 34606060832555008 -9.86048 LRK
MB058 34605471524458496 -10.3509 LRK
MB058 34598291127672832 -8.85895 LRK
MB058 34585353633398784 -9.84859 LRK
MB058 34575384796205057 -9.0684 LRK
MB058 34569204183072769 -9.85809 LRK
MB058 34568283986329600 -8.57366 LRK
MB058 34563534192910337 -9.84819 LRK
MB058 34562679548944384 -8.57049 LRK
MB058 34558211486916609 -10.3505 LRK
MB058 34553393485717504 -10.3497 LRK
MB058 34552007582810112 -10.3485 LRK
MB058 34551104985370624 -9.85058 LRK
MB058 34540069012381696 -9.86206 LRK
MB058 34531645365301248 -9.8478 LRK
MB058 34530472608530432 -9.63266 LRK
MB058 34528302236434432 -9.63186 LRK
MB058 34523707846172672 -10.3505 LRK
MB058 34521519455469568 -9.07278 LRK
MB058 34517604739584000 -10.3497 LRK
MB058 34505878354788353 -9.0684 LRK
MB058 34505567296819200 -9.0684 LRK
MB058 34501492979277824 -9.86087 LRK
MB058 34500809290948608 -9.85375 LRK
MB058 34499091320799232 -10.3505 LRK
MB058 34497233080557568 -9.86246 LRK
MB058 34493701057159168 -10.3481 LRK
MB058 34493606202966017 -10.3517 LRK
MB058 34488968158380032 -9.63702 LRK
MB058 34486375223017472 -10.3485 LRK
MB058 34482160761053184 -9.86008 LRK
MB058 34478176843333633 -10.3497 LRK
MB058 34475090208882688 -9.85058 LRK
MB058 34474832196280320 -9.86087 LRK
MB058 34474760444321793 -9.86087 LRK
MB058 34472496656818176 -10.1378 LRK
MB058 34471838600007680 -10.3465 LRK
MB058 34470663410425856 -10.3445 LRK
MB058 34470619781398528 -10.3477 LRK
MB058 34470036533936128 -10.1371 LRK
MB058 34469365797621760 -7.78557 LRK
MB058 34461680167550976 -10.3489 LRK
MB058 34459275745173504 -10.3457 LRK
MB058 34458075230380032 -10.3509 LRK
MB058 34457735185563649 -9.86127 LRK
MB058 34457350563696641 -10.3441 LRK
MB058 34456532049469440 -10.3465 LRK
MB058 34455302694772736 -10.3481 LRK
MB058 34442813114425344 -10.3509 LRK
MB058 34433462177894401 -10.3481 LRK
MB058 34424793738514432 -10.3441 LRK
MB058 34422191974133760 -9.8462 LRK
MB058 34421581543374848 -10.3453 LRK
MB058 34421294439075842 -10.3461 LRK
MB058 34421164939943936 -10.3525 LRK
MB058 34420705403600897 -10.3485 LRK
MB058 34418265216393216 -10.3501 LRK
MB058 34414033243217920 -10.3477 LRK
MB058 34411643135856640 -10.3469 LRK
MB058 34410450850422784 -10.3513 LRK
MB058 34410276409311232 -10.3457 LRK
MB058 34407376195026944 -10.3461 LRK
MB058 34402972083421186 -10.3477 LRK
MB058 34400967344525313 -10.3469 LRK
MB058 34399023582416896 -10.3509 LRK
MB058 34396759903961089 -9.85296 LRK
MB058 34393426740903936 -10.1359 LRK
MB058 34392517730512896 -10.3537 LRK
MB058 34385608419835904 -9.85058 LRK
MB058 34384956327206912 -10.3461 LRK
MB058 34381947379650560 -9.07198 LRK
MB058 34381078072528896 -10.3477 LRK
MB058 34379979873587200 -10.3509 LRK
MB058 34378432372547584 -10.1367 LRK
MB058 34377113469456384 -10.3473 LRK
MB058 34376843230445568 -10.1367 LRK
MB058 34376312118452224 -9.85256 LRK
MB058 34370915538051072 -9.07753 LRK
MB058 34370766434729985 -10.3473 LRK
MB058 34369035760046080 -9.85256 LRK
MB058 34368793308307456 -10.3445 LRK
MB058 34366990411894784 -10.3453 LRK
MB058 34354231909548032 -10.3509 LRK
MB058 34352190386610176 -10.3544 LRK
MB058 34351007341350912 -10.3497 LRK
MB058 34350257563246592 -10.3497 LRK
MB058 34343494357098496 -10.3489 LRK
MB058 34341121890983936 -10.3497 LRK
MB058 34339930691862528 -10.1378 LRK
MB058 34339920990437376 -10.1378 LRK
MB058 34337549958782976 -10.3465 LRK
MB058 34335591965392896 -10.3449 LRK
MB058 34331548442431488 -10.1359 LRK
MB058 34322512141623296 -9.8462 LRK
MB058 34321094819192832 -10.3497 LRK
MB058 34319085017907200 -10.3481 LRK
MB058 34307227154128896 -10.3477 LRK
MB058 34304639620882432 -10.3493 LRK
MB058 34300329533112320 -9.84899 LRK
MB058 34291151506767873 -10.3501 LRK
MB058 34289585232027648 -10.3485 LRK
MB058 34286886277226496 -10.3493 LRK
MB058 34282909598744578 -10.3497 LRK
MB058 34281682508972032 -10.3497 LRK
MB058 34281638858854401 -10.3497 LRK
MB058 34278230634676224 -9.84859 LRK
MB058 34276691425632256 -10.3489 LRK
MB058 34272646023753728 -10.3469 LRK
MB058 34268776287440896 -10.3469 LRK
MB058 34265732371980289 -10.3465 LRK
MB058 34260920548986880 -10.3505 LRK
MB058 34258858033545216 -10.3453 LRK
MB058 34257636509618176 -10.3509 LRK
MB058 34256427786706946 -10.3533 LRK
MB058 34250521078407169 -10.3517 LRK
MB058 34235209037647872 -9.07039 LRK
MB058 34233658265051136 -10.3529 LRK
MB058 34228982559809536 -9.07357 LRK
MB058 34224115741097984 -10.3497 LRK
MB058 34220931941404672 -10.3513 LRK
MB058 34214141749100544 -10.3473 LRK
MB058 34211347264700416 -10.3457 LRK
MB058 34208456797855744 -9.07119 LRK
MB058 34208221602390016 -9.85098 LRK
MB058 34200989422731264 -10.3505 LRK
MB058 34197534696013825 -10.3509 LRK
MB058 34192387706191873 -9.85809 LRK
MB058 34190649246879745 -9.07397 LRK
MB058 34189487433060352 -10.3473 LRK
MB058 34182027150503936 -10.3469 LRK
MB058 34179860423254016 -9.85217 LRK
MB058 34179224969412608 -9.63583 LRK
MB058 34173463493083136 -9.8474 LRK
MB058 34173286409572352 -10.3509 LRK
MB058 34165481246031872 -9.84819 LRK
MB058 34163390792339456 -9.85335 LRK
MB058 34163251843436545 -9.63583 LRK
MB058 34156862886772736 -10.3505 LRK
MB058 34156227931938816 -10.3477 LRK
MB058 34148971752456192 -10.3537 LRK
MB058 34147820965462016 -10.3509 LRK
MB058 34146367731408896 -9.86048 LRK
MB058 34145651935678464 -10.3449 LRK
MB058 34144706971566080 -9.07278 LRK
MB058 34137674625327104 -9.85809 LRK
MB058 34134243944697856 -10.3477 LRK
MB058 34131436420202496 -9.84859 LRK
MB058 34129438274887680 -10.3453 LRK
MB058 34126955699908608 -10.3473 LRK
MB058 34126259726323712 -10.3481 LRK
MB058 34125894440189952 -9.85217 LRK
MB058 34122288282468352 -10.3485 LRK
MB058 34119018264666112 -10.3441 LRK
MB058 34116394983366656 -10.3509 LRK
MB058 34115148264251392 -10.3445 LRK
MB058 34114295780487168 -9.86127 LRK
MB058 34114194848743424 -10.3501 LRK
MB058 34113624217751552 -10.3497 LRK
MB058 34111148777275393 -9.8474 LRK
MB058 34106729746665472 -10.3497 LRK
MB058 34098899073368064 -10.3473 LRK
MB058 34094840979390464 -9.85335 LRK
MB058 34094309779177473 -10.3509 LRK
MB058 34093585561296896 -10.3437 LRK
MB058 34089153368948736 -10.3441 LRK
MB058 34088661431619584 -10.3517 LRK
MB058 34079799328636928 -10.3477 LRK
MB058 34078538814464000 -10.3497 LRK
MB058 34076924141641728 -10.3517 LRK
MB058 34076322422595584 -9.84979 LRK
MB058 34070142933532672 -10.3477 LRK
MB058 34069917963649024 -10.3513 LRK
MB058 34065170447736832 -10.3509 LRK
MB058 34062435686027264 -10.3477 LRK
MB058 34060744664289281 -10.3461 LRK
MB058 34059790980218880 -10.3509 LRK
MB058 34058605418250240 -10.3509 LRK
MB058 34046163393064960 -10.3477 LRK
MB058 34042291576373249 -10.3509 LRK
MB058 34042184063778816 -10.3449 LRK
MB058 34042166384795649 -10.3481 LRK
MB058 34041150159458304 -10.3521 LRK
MB058 34039893730529282 -10.3469 LRK
MB058 34039079653871616 -10.3481 LRK
MB058 34037358533812224 -10.3445 LRK
MB058 33947483314982912 -9.85335 LRK
MB058 33946536761102336 -10.3473 LRK
MB058 33943581802774528 -9.63504 LRK
MB058 33932404322209792 -9.0692 LRK
MB058 33932022980280320 -10.3473 LRK
MB058 33931937580056577 -10.3513 LRK
MB058 33930655930785792 -10.3469 LRK
MB058 33928400938733568 -10.3529 LRK
MB058 33927391013240832 -10.3465 LRK
MB058 33923197267091456 -10.3513 LRK
MB058 33920460890574848 -9.07039 LRK
MB058 33919709682335744 -9.0692 LRK
MB058 33918487990632448 -9.50327 LRK
MB058 33918358516662272 -10.3461 LRK
MB058 33916953458380800 -9.0692 LRK
MB058 33916612696342528 -10.3497 LRK
MB058 33914001935044609 -9.85968 LRK
MB058 33903848791736320 -9.8466 LRK
MB058 33901794748796928 -9.0692 LRK
MB058 33900569462575104 -9.86008 LRK
MB058 33899817994297345 -10.1363 LRK
MB058 33896529999699968 -9.85137 LRK
MB058 33896286700703744 -10.3525 LRK
MB058 33896104479170561 -9.84859 LRK
MB058 33895134647029760 -10.3441 LRK
MB058 33893414441320448 -10.3473 LRK
MB058 33893023909679104 -9.07039 LRK
MB058 33892785887117312 -10.3509 LRK
MB058 33891753522102273 -10.3501 LRK
MB058 33891455768465409 -10.3497 LRK
MB058 33889589013913600 -10.3509 LRK
MB058 33888894927773696 -10.3485 LRK
MB058 33887459737604096 -9.07159 LRK
MB058 33886340781178880 -9.847 LRK
MB058 33884920610824192 -9.0692 LRK
MB058 33882405337038849 -10.3489 LRK
MB058 33879724711215104 -9.86246 LRK
MB058 33879664086749185 -9.86246 LRK
MB058 33876242612617217 -10.3497 LRK
MB058 33874378357735424 -10.3477 LRK
MB058 33865663621627905 -10.3517 LRK
MB058 33864935066832899 -9.8478 LRK
MB058 33861562640896000 -10.3525 LRK
MB058 33858606197641217 -10.3497 LRK
MB058 33853421014491138 -9.85494 LRK
MB058 33843225026371584 -10.3445 LRK
MB058 33840094867623936 -9.86127 LRK
MB058 33834911458656256 -9.86206 LRK
MB058 33833719726866432 -10.3509 LRK
MB058 33831934450728960 -10.3509 LRK
MB058 33830293051805696 -9.07 LRK
MB058 33830292313608192 -9.07 LRK
MB058 33824389308878848 -10.3461 LRK
MB058 33821936869969920 -10.3505 LRK
MB058 33820861043576832 -7.78557 LRK
MB058 33817587141840896 -10.3517 LRK
MB058 33813921303494656 -10.3505 LRK
MB058 33804401936179200 -9.85177 LRK
MB058 33803557928968192 -9.85058 LRK
MB058 33803055895937024 -10.3469 LRK
MB058 33800697023565824 -8.85816 LRK
MB058 33800663519461376 -9.0696 LRK
MB058 33798113521041408 -10.3449 LRK
MB058 33797765788078080 -10.3501 LRK
MB058 33792730358489088 -10.3505 LRK
MB058 33791463661772800 -9.07317 LRK
MB058 33788048810442752 -10.3509 LRK
MB058 33782155473588224 -10.3485 LRK
MB058 33772413908951040 -10.3469 LRK
MB058 33771224731627520 -9.8466 LRK
MB058 33767570372825088 -10.1347 LRK
MB058 33766284713934848 -10.3489 LRK
MB058 33765457714479104 -9.85494 LRK
MB058 33765133230542848 -9.84501 LRK
MB058 33760457114259457 -10.3509 LRK
MB058 33750703843315713 -10.3445 LRK
MB058 33749794610479104 -10.3465 LRK
MB058 33745247888478208 -10.3509 LRK
MB058 33738051641413632 -9.07039 LRK
MB058 33733295917240320 -8.63073 LRK
MB058 33731464033996800 -10.3489 LRK
MB058 33730083575308288 -9.85098 LRK
MB058 33729854910238720 -10.3509 LRK
MB058 33729177907765248 -10.3477 LRK
MB058 33727144861368320 -10.3501 LRK
MB058 33727099059572736 -10.3465 LRK
MB058 33724297021227008 -8.57366 LRK
MB058 33724259507380224 -10.3445 LRK
MB058 33723612108165120 -10.3509 LRK
MB058 33721148940226560 -10.3457 LRK
MB058 33711129469390849 -8.57366 LRK
MB058 33709238647787521 -10.3509 LRK
MB058 33709033105920000 -10.3465 LRK
MB058 33708953888100352 -8.85816 LRK
MB058 33703229535551488 -10.1367 LRK
MB058 33703078305734659 -10.3473 LRK
MB058 33702630601523203 -10.3469 LRK
MB058 33701414622601216 -10.3441 LRK
MB058 33700488201375744 -9.85137 LRK
MB058 33699577664110593 -10.3505 LRK
MB058 33697311817211904 -10.3521 LRK
MB058 33694296867606528 -9.85256 LRK
MB058 33691951609942016 -9.85137 LRK
MB058 33688309985181696 -10.3509 LRK
MB058 33685896175820800 -10.1347 LRK
MB058 33683981257940992 -9.8466 LRK
MB058 33682269830909952 -10.3529 LRK
MB058 33677975954128896 -10.3501 LRK
MB058 33677438370185218 -9.86048 LRK
MB058 33675980346228737 -9.86127 LRK
MB058 33675901795307520 -9.85256 LRK
MB058 33674864069976064 -10.3465 LRK
MB058 33674157031952384 -10.3469 LRK
MB058 33674035955109888 -9.63425 LRK
MB058 33674016199802880 -10.3485 LRK
MB058 33673902475452416 -10.3489 LRK
MB058 33669486099828736 -10.3481 LRK
MB058 33665984401244160 -8.57366 LRK
MB058 33665577281130497 -10.3497 LRK
MB058 33664954154360833 -10.3485 LRK
MB058 33660469902311424 -10.3497 LRK
MB058 33657224790286336 -10.3497 LRK
MB058 33654970435768320 -10.3509 LRK
MB058 33653373592928256 -10.3473 LRK
MB058 33651337270919168 -8.56969 LRK
MB058 33650908759859201 -9.85217 LRK
MB058 33649247333126144 -10.3489 LRK
MB058 33648070365286400 -10.3469 LRK
MB058 33647089724428288 -10.3477 LRK
MB058 33646743388168192 -10.3481 LRK
MB058 33645568865599489 -9.85058 LRK
MB058 33644272506896384 -9.85018 LRK
MB058 33642111484043264 -10.3513 LRK
MB058 33641809657729025 -9.86048 LRK
MB058 33641032147144705 -9.84899 LRK
MB058 33640112269033472 -10.3521 LRK
MB058 33544594180276224 -9.85098 LRK
MB058 33543733429407744 -9.85889 LRK
MB058 33540855537074178 -10.3497 LRK
MB058 33539037931241472 -8.57208 LRK
MB058 33537138704257024 -10.1331 LRK
MB058 33537099290386432 -10.3513 LRK
MB058 33534857522978817 -8.57208 LRK
MB058 33534436150616064 -10.3497 LRK
MB058 33533138768498688 -10.3501 LRK
MB058 33532720592191488 -8.85895 LRK
MB058 33532358493732864 -10.3453 LRK
MB058 33531510527098880 -9.86246 LRK
MB058 33530275413770240 -10.3457 LRK
MB058 33529726890938368 -9.84899 LRK
MB058 33526621390647297 -10.3497 LRK
MB058 33522601460506624 -10.3509 LRK
MB058 33518890055114752 -10.3485 LRK
MB058 33518759020863488 -10.3513 LRK
MB058 33518687143206912 -10.3497 LRK
MB058 33516922268024834 -9.07436 LRK
MB058 33512099367878656 -10.3525 LRK
MB058 33511832744361984 -10.3501 LRK
MB058 33506800472948736 -10.3441 LRK
MB058 33504874616328193 -10.3513 LRK
MB058 33498766090702848 -9.84859 LRK
MB058 33497913623584768 -10.3473 LRK
MB058 33497512950235136 -10.3465 LRK
MB058 33497505119481856 -10.3465 LRK
MB058 33496384225148928 -10.3469 LRK
MB058 33482212594683904 -10.3441 LRK
MB058 33481222575366144 -10.3493 LRK
MB058 33465403741188096 -10.3457 LRK
MB058 33462234575282176 -10.3493 LRK
MB058 33457224617558016 -9.07397 LRK
MB058 33449592523595776 -10.1343 LRK
MB058 33441787074846720 -10.3497 LRK
MB058 33441305841369088 -10.3509 LRK
MB058 33441049837838337 -10.3509 LRK
MB058 33435983739355137 -10.3501 LRK
MB058 33434950510444544 -9.84859 LRK
MB058 33431821978968064 -10.3517 LRK
MB058 33430579944890368 -10.3481 LRK
MB058 33430029618647041 -10.3473 LRK
MB058 33425462743007232 -10.3493 LRK
MB058 33425337337516033 -10.1335 LRK
MB058 33423966185979904 -10.3517 LRK
MB058 33423687331880961 -9.86087 LRK
MB058 33423666842697728 -10.3501 LRK
MB058 33421800939458561 -9.07198 LRK
MB058 33420494925467648 -10.3497 LRK
MB058 33415530266238976 -10.3509 LRK
MB058 33414810574004224 -10.1363 LRK
MB058 33412363638018048 -10.3441 LRK
MB058 33411992521805824 -9.84461 LRK
MB058 33410081454292994 -9.86087 LRK
MB058 33407618470907904 -8.84654 LRK
MB058 33405653573840896 -10.3485 LRK
MB058 33402884074770432 -9.84859 LRK
MB058 33400983161798656 -10.3461 LRK
MB058 33400173585506304 -10.3509 LRK
MB058 33392697192480768 -10.1363 LRK
MB058 33390912574984192 -9.85098 LRK
MB058 33390472202289152 -10.3497 LRK
MB058 33390074037018624 -10.3469 LRK
MB058 33387787151482880 -8.57049 LRK
MB058 33385419026468864 -10.3481 LRK
MB058 33383357333110785 -9.85098 LRK
MB058 33381984503865344 -10.3445 LRK
MB058 33381588280549376 -8.57406 LRK
MB058 33370761968230400 -10.3497 LRK
MB058 33369668328624128 -9.85415 LRK
MB058 33365141173043201 -9.85018 LRK
MB058 33361529092968448 -10.3461 LRK
MB058 33360835283787776 -10.3465 LRK
MB058 33360367753105408 -10.3489 LRK
MB058 33357644785778688 -10.3501 LRK
MB058 33355742278852608 -9.07039 LRK
MB058 33355410165465088 -9.85177 LRK
MB058 33355231479730177 -10.3509 LRK
MB058 33353126580846592 -10.3509 LRK
MB058 33351698332258304 -9.86246 LRK
MB058 33350621604093952 -10.3501 LRK
MB058 33347524437737473 -9.84899 LRK
MB058 33346661245784066 -10.3517 LRK
MB058 33340744454520832 -10.3469 LRK
MB058 33338967688482816 -10.3497 LRK
MB058 33337495898820608 -9.84541 LRK
MB058 33336490343792640 -9.85098 LRK
MB058 33334865814355970 -10.3497 LRK
MB058 33333804714164225 -10.3449 LRK
MB058 33332298669625344 -10.3469 LRK
MB058 33331488246202368 -10.3501 LRK
MB058 33329902883311616 -10.3469 LRK
MB058 33328144446398465 -10.3533 LRK
MB058 33328044156391425 -10.3505 LRK
MB058 33327801222299648 -9.85137 LRK
MB058 33324163355639809 -10.3505 LRK
MB058 33323430413602817 -9.84939 LRK
MB058 33323426282209280 -10.1367 LRK
MB058 33317943332839424 -10.3501 LRK
MB058 33315547500249088 -10.3529 LRK
MB058 33314388387561472 -10.3493 LRK
MB058 33312913712218112 -10.1363 LRK
MB058 33306397810753536 -10.3469 LRK
MB058 33305607524065281 -10.3477 LRK
MB058 33302940038987776 -10.3449 LRK
MB058 33302249715269632 -10.1363 LRK
MB058 33301459810394112 -10.3505 LRK
MB058 33298162458300416 -10.3505 LRK
MB058 33296120469786625 -10.3497 LRK
MB058 33292542254522368 -10.3473 LRK
MB058 33291196839239680 -9.85849 LRK
MB058 33290059448848384 -10.3517 LRK
MB058 33286791188451328 -10.3509 LRK
MB058 33285716448382976 -10.3509 LRK
MB058 33279410618503168 -10.3537 LRK
MB058 33278860053327872 -10.3529 LRK
MB058 33275489833459712 -10.3509 LRK
MB058 33272792799510528 -10.3437 LRK
MB058 33261572285534209 -10.3521 LRK
MB058 33260866900070400 -10.3477 LRK
MB058 33258012701364224 -10.3465 LRK
MB058 33257838650331136 -9.06288 LRK
MB058 33257094115368960 -10.3501 LRK
MB058 33254475716108288 -10.1355 LRK
MB058 33253611035164672 -10.3477 LRK
MB058 33253360924622848 -10.3509 LRK
MB058 33250191314259968 -10.3513 LRK
MB058 33247818743291904 -10.3521 LRK
MB058 33245511225974785 -10.3497 LRK
MB058 33245444196794368 -10.3481 LRK
MB058 33243046904594432 -10.3461 LRK
MB058 33238769150726144 -10.3437 LRK
MB058 33238697990160384 -10.3509 LRK
MB058 33238625449672704 -9.86206 LRK
MB058 33237531478724609 -10.3509 LRK
MB058 33234540159963136 -10.3465 LRK
MB058 33232746289569792 -10.3513 LRK
MB058 33232347583221760 -10.3473 LRK
MB058 33232076664733696 -10.3497 LRK
MB058 33230818662948864 -10.3493 LRK
MB058 33230686945021952 -10.3521 LRK
MB058 33228744076296192 -9.62146 LRK
MB058 33227376317964288 -10.3533 LRK
MB058 33224912835452928 -10.1351 LRK
MB058 33221654901428225 -10.1323 LRK
MB058 33220547487870976 -10.3493 LRK
MB058 33217439927902209 -10.3497 LRK
MB058 33215912018444289 -10.1367 LRK
MB058 33215777419042816 -10.3477 LRK
MB058 33214576300392449 -9.62464 LRK
MB058 33214393852362753 -9.84939 LRK
MB058 33213918281351168 -10.3473 LRK
MB058 33210233690001408 -10.3469 LRK
MB058 33203794636439552 -10.3521 LRK
MB058 33203721596837888 -10.3509 LRK
MB058 33200447351291904 -10.3517 LRK
MB058 33200289469173760 -10.3509 LRK
MB058 33198813418098688 -9.85018 LRK
MB058 33197773297815552 -9.84819 LRK
MB058 33188528208744448 -9.8474 LRK
MB058 33187046113677312 -10.3497 LRK
MB058 33186960055074816 -9.86127 LRK
MB058 33186220406214656 -10.3465 LRK
MB058 33185205342703617 -10.3509 LRK
MB058 33185040737374208 -10.3497 LRK
MB058 33182696561709057 -9.85018 LRK
MB058 33180998183157760 -10.3489 LRK
MB058 33180218466246656 -10.3521 LRK
MB058 33175968520605697 -10.3481 LRK
MB058 33175775830085632 -9.85058 LRK
MB058 33173277094445056 -10.3477 LRK
MB058 33172586502299648 -9.8474 LRK
MB058 33170835237769217 -10.3509 LRK
MB058 33168243304701952 -10.3473 LRK
MB058 33167387205312513 -10.3473 LRK
MB058 33167374387519488 -8.34743 LRK
MB058 33167282175737856 -10.1351 LRK
MB058 33166411173994497 -9.07 LRK
MB058 33164306749063168 -10.3505 LRK
MB058 33160181709807616 -9.07357 LRK
MB058 33157405533536257 -9.85018 LRK
MB058 33157315825766400 -9.86206 LRK
MB058 33156374779133952 -10.3445 LRK
MB058 33153516486934528 -10.3465 LRK
MB058 33153116308250624 -9.86325 LRK
MB058 33152146681634816 -10.1359 LRK
MB058 33151240435138560 -10.1367 LRK
MB058 33150504364146688 -10.3513 LRK
MB058 33148731041775616 -10.3497 LRK
MB058 33145195520335872 -10.3465 LRK
MB058 33143558030499840 -10.3517 LRK
MB058 33143376773644288 -10.3485 LRK
MB058 33143297237065729 -10.3505 LRK
MB058 33142745455394816 -9.85098 LRK
MB058 33134479178469376 -10.3521 LRK
MB058 33131801589321728 -10.3473 LRK
MB058 33128952100814848 -10.3509 LRK
MB058 33126554162692096 -9.86167 LRK
MB058 33125941806895104 -8.63232 LRK
MB058 33125578450145280 -10.3513 LRK
MB058 33125163318910976 -10.3517 LRK
MB058 33120669956837376 -10.3497 LRK
MB058 33107794630545408 -10.3497 LRK
MB058 33107512525848576 -7.11599 LRK
MB058 33106724814585856 -10.3485 LRK
MB058 33106654098624512 -10.3521 LRK
MB058 33105337410129920 -10.3497 LRK
MB058 33103037618720768 -10.1343 LRK
MB058 33101481842315264 -10.3521 LRK
MB058 33099008096337920 -10.3509 LRK
MB058 33097388579098624 -10.3473 LRK
MB058 33097276788445184 -10.3473 LRK
MB058 33092844122013696 -9.84819 LRK
MB058 33090538005598208 -10.3509 LRK
MB058 33090143761997824 -10.3509 LRK
MB058 33088143108349952 -9.8474 LRK
MB058 33086924302327808 -10.3509 LRK
MB058 33085787075510272 -8.85816 LRK
MB058 33084706803154944 -10.3509 LRK
MB058 33081430548422657 -9.62543 LRK
MB058 33080669072527360 -10.3497 LRK
MB058 33080360837316608 -9.07397 LRK
MB058 33080350083121153 -10.3461 LRK
MB058 33079465210814464 -10.3513 LRK
MB058 33074514501828608 -10.3497 LRK
MB058 33073032733921280 -10.3481 LRK
MB058 33072204770058240 -9.86087 LRK
MB058 33072203373355008 -9.85929 LRK
MB058 33070299058540544 -10.3497 LRK
MB058 33070092254187521 -9.07397 LRK
MB058 33059679743508480 -10.3501 LRK
MB058 33055330690662400 -10.3469 LRK
MB058 33051146012594176 -10.1355 LRK
MB058 33050576652603392 -10.3493 LRK
MB058 33046565086040065 -10.141 LRK
MB058 33045221080043520 -10.3513 LRK
MB058 33044844377018368 -7.78438 LRK
MB058 33040791391703040 -10.3473 LRK
MB058 33039210684358656 -9.85335 LRK
MB058 33038305947815936 -10.3481 LRK
MB058 33036183751622656 -10.3497 LRK
MB058 33035277001949185 -10.3473 LRK
MB058 33033307532828673 -9.85177 LRK
MB058 33032560153993216 -9.85415 LRK
MB058 33030625447383040 -10.3517 LRK
MB058 33027654856736768 -10.3457 LRK
MB058 33024913514176512 -10.3509 LRK
MB058 33022247790710784 -10.3513 LRK
MB058 33021931565359104 -9.86008 LRK
MB058 33021923210305536 -9.86008 LRK
MB058 33021922904121344 -9.85968 LRK
MB058 33021372292661248 -10.3489 LRK
MB058 33020959879335937 -10.3497 LRK
MB058 33020229420318720 -7.55854 LRK
MB058 33019360926765056 -10.3453 LRK
MB058 33016842784088064 -10.1382 LRK
MB058 33012396708601856 -10.3465 LRK
MB058 33010225963343872 -7.78199 LRK
MB058 33009738681688064 -10.3501 LRK
MB058 33008683273289728 -10.3461 LRK
MB058 33006450984882176 -10.3481 LRK
MB058 33005816780951552 -10.3497 LRK
MB058 33004891668619264 -9.85018 LRK
MB058 33002760311930880 -10.3544 LRK
MB058 33002177819574272 -9.85415 LRK
MB058 33001685500563456 -10.3533 LRK
MB058 33000745619951617 -7.57134 LRK
MB058 33000457198632960 -7.57134 LRK
MB058 33000449355288576 -7.57134 LRK
MB058 33000360008220672 -10.3497 LRK
MB058 32997635405119488 -10.3489 LRK
MB058 32997584016515073 -10.3477 LRK
MB058 32995356786565121 -10.3497 LRK
MB058 32990896748240896 -10.3485 LRK
MB058 32990132025950209 -10.3485 LRK
MB058 32987922240114688 -10.3489 LRK
MB058 32981230723014657 -10.3493 LRK
MB058 32980840703074304 -10.3497 LRK
MB058 32980625807904768 -10.3505 LRK
MB058 32978995620347904 -10.3481 LRK
MB058 32977057575075841 -10.3465 LRK
MB058 32973116439265281 -9.85335 LRK
MB058 32972850440699904 -10.3513 LRK
MB058 32972361032536064 -10.1374 LRK
MB058 32969210871152640 -10.3497 LRK
MB058 32968920587571200 -10.3449 LRK
MB058 32967500907941888 -10.3497 LRK
MB058 32966471617347584 -10.1367 LRK
MB058 32965142761177088 -10.3493 LRK
MB058 32960881809694720 -9.84859 LRK
MB058 32956585265336321 -10.3473 LRK
MB058 32956307468193792 -7.78159 LRK
MB058 32954661421981696 -10.3493 LRK
MB058 32953882397122560 -10.3473 LRK
MB058 32953214630363136 -10.143 LRK
MB058 32949537991557121 -10.3485 LRK
MB058 32949533180698624 -10.3517 LRK
MB058 32945185549848576 -10.3497 LRK
MB058 32943997898985474 -9.84939 LRK
MB058 32943878382424064 -10.3465 LRK
MB058 32943525284954112 -9.8462 LRK
MB058 32942351890644992 -10.3529 LRK
MB058 32942295854616576 -10.3477 LRK
MB058 32940628723638272 -10.3509 LRK
MB058 32939798754754561 -9.84859 LRK
MB058 32939622426218496 -10.3497 LRK
MB058 32938047230189568 -10.3497 LRK
MB058 32932411230650368 -10.3481 LRK
MB058 32930332307103744 -10.3513 LRK
MB058 32928260660658176 -10.3449 LRK
MB058 32928062165221377 -10.3505 LRK
MB058 32927588003356672 -9.07278 LRK
MB058 32927482978115584 -10.3497 LRK
MB058 32925265688530945 -10.3497 LRK
MB058 32923603984973825 -10.1343 LRK
MB058 32922984389808128 -9.8573 LRK
MB058 32922144786612224 -10.3497 LRK
MB058 32920007776149504 -10.3525 LRK
MB058 32919014741118977 -10.3505 LRK
MB058 32918613828571136 -9.07317 LRK
MB058 32918231974940673 -9.85098 LRK
MB058 32917756932259840 -10.3517 LRK
MB058 32916453669740544 -10.3445 LRK
MB058 32916093420965888 -10.3505 LRK
MB058 32915434978148354 -10.3465 LRK
MB058 32911630115274753 -10.3469 LRK
MB058 32909267346395136 -9.8478 LRK
MB058 32908231143587840 -10.3521 LRK
MB058 32906224462733312 -10.3469 LRK
MB058 32905530619994112 -10.3509 LRK
MB058 32905100150181888 -10.3497 LRK
MB058 32903228727238656 -9.63583 LRK
MB058 32902277719138304 -10.3509 LRK
MB058 32899839272419328 -9.84939 LRK
MB058 32898755506208768 -9.86048 LRK
MB058 32897483776462848 -10.3509 LRK
MB058 32897462461014016 -10.3497 LRK
MB058 32895926372671488 -10.3497 LRK
MB058 32895680011833344 -10.3477 LRK
MB058 32895299932397571 -10.3497 LRK
MB058 32894038558375936 -9.85256 LRK
MB058 32887484425699328 -10.3497 LRK
MB058 32886617043636224 -10.3505 LRK
MB058 32886355075796992 -10.3501 LRK
MB058 32886327716347904 -10.3525 LRK
MB058 32886206953955328 -10.3513 LRK
MB058 32885336921088001 -10.3485 LRK
MB058 32882400673402880 -10.3469 LRK
MB058 32881628824997888 -10.1363 LRK
MB058 32880622087184384 -10.3513 LRK
MB058 32879237002174465 -10.3469 LRK
MB058 32879231004315648 -10.1378 LRK
MB058 32874634177159168 -10.3525 LRK
MB058 32874333235838977 -10.3513 LRK
MB058 32873667218112512 -10.3525 LRK
MB058 32869067710791680 -10.3517 LRK
MB058 32868020711849984 -10.3513 LRK
MB058 32866477212176384 -10.3544 LRK
MB058 32864179060740098 -10.3529 LRK
MB058 32863229076054016 -10.3497 LRK
MB058 32857099994136578 -10.3465 LRK
MB058 32854634309615616 -10.3501 LRK
MB058 32850646289874944 -10.3481 LRK
MB058 32843907947560960 -10.3505 LRK
MB058 32841648924790784 -10.3497 LRK
MB058 32839719276519425 -10.3461 LRK
MB058 32838588886417408 -9.86206 LRK
MB058 32836954626203649 -9.84819 LRK
MB058 32832807663304707 -10.3485 LRK
MB058 32827345161162752 -10.3501 LRK
MB058 32820756429668353 -10.3469 LRK
MB058 32820576250765312 -10.3517 LRK
MB058 32816939046805505 -10.3501 LRK
MB058 32803791086551041 -10.3513 LRK
MB058 32803064536629248 -10.3541 LRK
MB058 32802881576894465 -10.356 LRK
MB058 32796502191505408 -10.3501 LRK
MB058 32793609363263488 -10.3513 LRK
MB058 32793114770931712 -9.86206 LRK
MB058 32791707644854272 -10.3509 LRK
MB058 32791706399154176 -10.3509 LRK
MB058 32789273031741441 -10.3521 LRK
MB058 32789152692969473 -10.3449 LRK
MB058 32786829237288960 -9.85375 LRK
MB058 32786391125458944 -10.3497 LRK
MB058 32779882442268672 -10.3497 LRK
MB058 32778785598218240 -10.3521 LRK
MB058 32776355305234432 -10.3497 LRK
MB058 32770137266331648 -9.85217 LRK
MB058 32770131943759872 -10.3509 LRK
MB058 32769294362218496 -9.07317 LRK
MB058 32763921383297024 -9.84899 LRK
MB058 32762295616536576 -10.3509 LRK
MB058 32762099285360640 -10.3509 LRK
MB058 32761767364919297 -10.3521 LRK
MB058 32761153226547200 -10.3497 LRK
MB058 32759811028295681 -10.3469 LRK
MB058 32749458559074304 -10.3469 LRK
MB058 32746930731745281 -9.85256 LRK
MB058 32745576567152640 -9.85018 LRK
MB058 32739627324411904 -9.84899 LRK
MB058 32738431368953856 -10.3461 LRK
MB058 32737657373069312 -10.3481 LRK
MB058 32736282304061440 -10.1343 LRK
MB058 32734405810196481 -8.85855 LRK
MB058 32731938842214400 -9.86167 LRK
MB058 32727834896105472 -9.07159 LRK
MB058 32720287816482816 -10.3485 LRK
MB058 32712547937292288 -10.3509 LRK
MB058 32710419126681600 -9.0684 LRK
MB058 32707409717760001 -10.3489 LRK
MB058 32700471118397440 -10.3473 LRK
MB058 32698746051493888 -10.3521 LRK
MB058 32696784279052289 -10.3533 LRK
MB058 32695132180451328 -10.1359 LRK
MB058 32689542301491200 -10.3525 LRK
MB058 32688092448038912 -10.3509 LRK
MB058 32684822375698432 -10.3481 LRK
MB058 32680146435575808 -9.07198 LRK
MB058 32677127337811969 -10.3501 LRK
MB058 32673605577875456 -10.3477 LRK
MB058 32672528195387392 -9.86206 LRK
MB058 32670243683835904 -7.57134 LRK
MB058 32670242874335232 -7.57134 LRK
MB058 32667149453500416 -9.85217 LRK
MB058 32666729679163393 -10.3505 LRK
MB058 32661118325358592 -9.07159 LRK
MB058 32660278340493312 -10.3525 LRK
MB058 32660270903984128 -9.85098 LRK
MB058 32655529167822848 -10.3521 LRK
MB058 32649632047693825 -9.85217 LRK
MB058 32647808896999425 -10.3445 LRK
MB058 32647740064268289 -10.3509 LRK
MB058 32646986180071424 -9.85335 LRK
MB058 32642598157942784 -10.3489 LRK
MB058 32641850053496832 -10.3497 LRK
MB058 32638715587207168 -10.3505 LRK
MB058 32638370354040833 -10.3509 LRK
MB058 32636953459433473 -10.3517 LRK
MB058 32634036870451200 -10.3501 LRK
MB058 32631811418890241 -10.3461 LRK
MB058 32630374316113920 -10.3489 LRK
MB058 32629073276571648 -10.3465 LRK
MB058 32626340939177984 -10.3469 LRK
MB058 32626285582749696 -10.3517 LRK
MB058 32621912664309761 -10.3513 LRK
MB058 32620091367497728 -10.3485 LRK
MB058 32619948610158592 -10.3485 LRK
MB058 32619789968998401 -7.56975 LRK
MB058 32618434206371840 -10.3509 LRK
MB058 32618022757728257 -10.3469 LRK
MB058 32617341409820672 -10.1359 LRK
MB058 32617283725561856 -9.85256 LRK
MB058 32615818277683201 -10.3489 LRK
MB058 32611681100103680 -10.3477 LRK
MB058 32610958765461504 -10.3485 LRK
MB058 32610671568879616 -9.85018 LRK
MB058 32610263706370048 -10.3501 LRK
MB058 32608116042366977 -10.3477 LRK
MB058 32605162832928768 -9.84859 LRK
MB058 32603006394437632 -10.3521 LRK
MB058 32602179655176194 -10.3509 LRK
MB058 32600811208974336 -10.3453 LRK
MB058 32600207816400896 -10.3469 LRK
MB058 32600015700500480 -10.3521 LRK
MB058 32599659335647233 -9.85177 LRK
MB058 32599504255451136 -10.3473 LRK
MB058 32597582031097857 -9.84859 LRK
MB058 32592587940438016 -10.3457 LRK
MB058 32592040789282816 -9.84939 LRK
MB058 32589255091945472 -10.3465 LRK
MB058 32588727230402560 -10.3497 LRK
MB058 32587457732022272 -9.84859 LRK
MB058 32586329309052929 -10.3477 LRK
MB058 32585963783856128 -10.3473 LRK
MB058 32584468988428288 -10.3509 LRK
MB058 32581451945873408 -10.3513 LRK
MB058 32580888000733184 -10.3513 LRK
MB058 32579735498268673 -10.3497 LRK
MB058 32574720712908800 -10.3497 LRK
MB058 32574568459673602 -10.3517 LRK
MB058 32574386326216705 -10.3473 LRK
MB058 32571982105018369 -10.3501 LRK
MB058 32571088009433088 -10.1363 LRK
MB058 32569391686090752 -9.84819 LRK
MB058 32568279272792064 -10.3513 LRK
MB058 32567191526182912 -10.3445 LRK
MB058 32566872377401344 -9.62106 LRK
MB058 32564406789341184 -10.3477 LRK
MB058 32561105804992512 -8.72852 LRK
MB058 32559820124979200 -10.3509 LRK
MB058 32559727531524096 -10.3525 LRK
MB058 32559578130419712 -10.3473 LRK
MB058 32558389263335424 -9.07039 LRK
MB058 32557110034169856 -9.07357 LRK
MB058 32555556665294848 -10.3505 LRK
MB058 32553642770825216 -8.84654 LRK
MB058 32552691678838785 -10.3501 LRK
MB058 32551010471780352 -10.3501 LRK
MB058 32549998717566976 -8.85895 LRK
MB058 32545619050500096 -10.3473 LRK
MB058 32544789014515712 -10.3493 LRK
MB058 32543288200265728 -10.3477 LRK
MB058 32542501478862848 -10.3485 LRK
MB058 32542193839251456 -10.3497 LRK
MB058 32539134346133504 -9.07238 LRK
MB058 32538296370339840 -9.85217 LRK
MB058 32536235008327680 -8.85895 LRK
MB058 32536119774027776 -8.84654 LRK
MB058 32535515727142912 -9.85137 LRK
MB058 32532877740605441 -9.84899 LRK
MB058 32532358276063232 -10.3513 LRK
MB058 32530217339715586 -10.3513 LRK
MB058 32528208842723329 -9.86365 LRK
MB058 32527767769714688 -10.3517 LRK
MB058 32527757313318912 -8.63192 LRK
MB058 32520951123935232 -10.3541 LRK
MB058 32520092625412097 -10.3449 LRK
MB058 32516107713646592 -10.3501 LRK
MB058 32515785071009792 -10.3505 LRK
MB058 32515544296988672 -9.85849 LRK
MB058 32514427139915776 -10.3477 LRK
MB058 32510711724777472 -10.3529 LRK
MB058 32510228834549760 -10.3473 LRK
MB058 32506826171883521 -10.3493 LRK
MB058 32506271575834625 -9.07238 LRK
MB058 32505511408570368 -10.3489 LRK
MB058 32504677241196544 -9.07357 LRK
MB058 32503046239952896 -9.86127 LRK
MB058 32500408421187584 -10.3473 LRK
MB058 32492436546650112 -9.0696 LRK
MB058 32489227367223296 -10.3509 LRK
MB058 32488956876562432 -10.3509 LRK
MB058 32487334716903424 -9.85098 LRK
MB058 32486366201774080 -9.0692 LRK
MB058 32483609705185282 -10.3509 LRK
MB058 32483088873299969 -9.84899 LRK
MB058 32483039120457729 -10.3517 LRK
MB058 32481258525167617 -9.86127 LRK
MB058 32481142456188928 -10.3513 LRK
MB058 32480059419791360 -7.78477 LRK
MB058 32479366134890497 -9.86008 LRK
MB058 32477558926737409 -10.3489 LRK
MB058 32474384266436608 -9.07436 LRK
MB058 32473293361520640 -9.86008 LRK
MB058 32473178806681600 -9.85929 LRK
MB058 32473072799842304 -9.86246 LRK
MB058 32472852376584192 -10.3461 LRK
MB058 32472116527894528 -10.3473 LRK
MB058 32469739716481024 -9.62067 LRK
MB058 32468504531701760 -9.86167 LRK
MB058 32465340197769218 -10.3525 LRK
MB058 32463665093410816 -9.8573 LRK
MB058 32462878380396544 -9.86246 LRK
MB058 32460757513801728 -10.3477 LRK
MB058 32456577034231808 -10.3537 LRK
MB058 32456392304492544 -10.3445 LRK
MB058 32456182434103296 -9.84899 LRK
MB058 32455916271968256 -9.85968 LRK
MB058 32454905369202690 -10.3473 LRK
MB058 32454713236520960 -10.3497 LRK
MB058 32453952733716480 -10.3501 LRK
MB058 32451820907405314 -10.3517 LRK
MB058 32451719778533376 -9.86167 LRK
MB058 32450664512622592 -10.3513 LRK
MB058 32450310500786177 -10.3505 LRK
MB058 32442968682012672 -10.3509 LRK
MB058 32442700976365568 -7.78557 LRK
MB058 32439660554747904 -10.3449 LRK
MB058 32438103507476480 -9.84899 LRK
MB058 32437976717856770 -10.3513 LRK
MB058 32437825509003264 -10.3505 LRK
MB058 32430280132263936 -10.3481 LRK
MB058 32429019446116352 -10.3509 LRK
MB058 32427953337933824 -10.3473 LRK
MB058 32422946295259136 -8.34822 LRK
MB058 32420441272360960 -10.1359 LRK
MB058 32419070112432129 -10.3505 LRK
MB058 32415707534729217 -10.3525 LRK
MB058 32408042842619905 -10.1374 LRK
MB058 32406379713003521 -9.85849 LRK
MB058 32403674890248192 -10.3461 LRK
MB058 32400627640311808 -10.3481 LRK
MB058 32393752970530817 -9.847 LRK
MB058 32389901647355905 -10.3465 LRK
MB058 32389780075450368 -10.3481 LRK
MB058 32386197305167873 -9.86167 LRK
MB058 32381789385265152 -10.3525 LRK
MB058 32375293654073344 -10.3505 LRK
MB058 32374705423917056 -9.63385 LRK
MB058 32373826486534144 -10.3473 LRK
MB058 32353970378772480 -10.3469 LRK
MB058 32353088782213120 -10.3485 LRK
MB058 32351013339930625 -10.3525 LRK
MB058 32346789801623552 -10.3497 LRK
MB058 32337979494105088 -10.3437 LRK
MB058 32334734939922432 -10.3473 LRK
MB058 32331735131754496 -10.3461 LRK
MB058 32330820274356224 -9.86048 LRK
MB058 32321390057099264 -9.9163 LRK
MB058 32319951511486464 -9.63425 LRK
MB058 32307822716788736 -10.3489 LRK
MB058 32302074817413120 -9.63425 LRK
MB058 32301879383822336 -10.3465 LRK
MB058 32291032972402689 -10.3485 LRK
MB058 32290724095463424 -10.3529 LRK
MB058 32283778231566337 -10.3525 LRK
MB058 32279092053147648 -10.3433 LRK
MB058 32277317292130306 -10.3493 LRK
MB058 32275458926055424 -10.3505 LRK
MB058 32275233331224576 -10.3477 LRK
MB058 32274938593284096 -9.8474 LRK
MB058 32274728211193856 -9.85137 LRK
MB058 32270911155470336 -10.3513 LRK
MB058 32268090070798336 -10.3473 LRK
MB058 32267593729445888 -10.3457 LRK
MB058 32266725227499520 -10.3477 LRK
MB058 32262687605919744 -9.84899 LRK
MB058 32259208791465985 -10.3493 LRK
MB058 32257092609904641 -9.84899 LRK
MB058 32256351077924864 -10.3485 LRK
MB058 32256350218096640 -10.3477 LRK
MB058 32255535218696192 -10.3445 LRK
MB058 32254366333276160 -9.84979 LRK
MB058 32253883090735104 -10.3537 LRK
MB058 32251641843417088 -10.3445 LRK
MB058 32248638986002432 -10.3521 LRK
MB058 32247814796869632 -10.3541 LRK
MB058 32246415052767233 -9.86087 LRK
MB058 32243926119219200 -10.3449 LRK
MB058 32239543784579074 -10.3509 LRK
MB058 32236333183275008 -9.85177 LRK
MB058 32234188367204352 -9.86048 LRK
MB058 32232228016623618 -10.3509 LRK
MB058 32230368757161984 -10.3469 LRK
MB058 32230305360252929 -10.3505 LRK
MB058 32227285901778945 -9.86127 LRK
MB058 32226251838066688 -10.3481 LRK
MB058 32222206914207745 -10.3461 LRK
MB058 32216154604834816 -10.3501 LRK
MB058 32211302080319489 -9.86127 LRK
MB058 32211297508524032 -9.86127 LRK
MB058 32209541152116736 -9.85296 LRK
MB058 32206420921294850 -10.3461 LRK
MB058 32203482106695680 -10.1406 LRK
MB058 32203319598387201 -10.3513 LRK
MB058 32201842431631360 -10.3453 LRK
MB058 32198539526279168 -9.85058 LRK
MB058 32195981776781313 -10.3449 LRK
MB058 32193599231762432 -10.3473 LRK
MB058 32193442645807105 -10.3505 LRK
MB058 32191734003929088 -10.3437 LRK
MB058 32190104399253504 -10.3441 LRK
MB058 32189394802704384 -10.3461 LRK
MB058 32187896484073472 -10.3493 LRK
MB058 32186129373462529 -10.3517 LRK
MB058 32185430216548352 -9.86325 LRK
MB058 32183885202726914 -9.85177 LRK
MB058 32182225558577152 -9.62859 LRK
MB058 32182177793835008 -10.3517 LRK
MB058 32182074483933185 -10.3489 LRK
MB058 32182011959443458 -10.3477 LRK
MB058 32176787660218369 -10.3469 LRK
MB058 32175609471832064 -9.86048 LRK
MB058 32169667007094784 -9.84979 LRK
MB058 32168197150998528 -10.3485 LRK
MB058 32168087897767936 -10.3445 LRK
MB058 32167436123906048 -10.3517 LRK
MB058 32167233656455169 -9.86206 LRK
MB058 32163772286115840 -9.84979 LRK
MB058 32162567883325440 -10.3477 LRK
MB058 32153535973949440 -10.3453 LRK
MB058 32152964692967424 -10.3477 LRK
MB058 32147101970333696 -10.3505 LRK
MB058 32145522055708672 -8.57327 LRK
MB058 32140394720399360 -10.3521 LRK
MB058 32137486008320000 -10.3489 LRK
MB058 32136791024730112 -9.85335 LRK
MB058 32135655198822401 -10.3517 LRK
MB058 32134027678842880 -9.63504 LRK
MB058 32133262314835968 -9.07278 LRK
MB058 32133052884844544 -10.3497 LRK
MB058 32132559441760256 -9.86167 LRK
MB058 32130294878310401 -10.3481 LRK
MB058 32129559038005250 -10.3525 LRK
MB058 32128661171740672 -10.3497 LRK
MB058 32128010538721280 -10.3509 LRK
MB058 32127752001818626 -9.86087 LRK
MB058 32120716832804864 -10.3461 LRK
MB058 32120586918436864 -9.85929 LRK
MB058 32116888154677248 -10.3521 LRK
MB058 32114664573767682 -10.3517 LRK
MB058 32114270984470528 -10.3544 LRK
MB058 32114223802744833 -10.3485 LRK
MB058 32113131450802177 -10.1359 LRK
MB058 32111886145163265 -10.3461 LRK
MB058 32104378299060225 -10.3477 LRK
MB058 32101273377439745 -9.85256 LRK
MB058 32101137528127488 -10.3505 LRK
MB058 32100041766215680 -10.3481 LRK
MB058 32098340611031040 -10.3509 LRK
MB058 32090033607413760 -9.85137 LRK
MB058 32087032155078657 -9.85968 LRK
MB058 32083661658521601 -9.86325 LRK
MB058 32078135100964864 -10.3453 LRK
MB058 32076156748431360 -9.85256 LRK
MB058 32067924470538240 -10.3493 LRK
MB058 32067662393647104 -10.3505 LRK
MB058 32052987060813824 -10.3473 LRK
MB058 32052633552297984 -10.3473 LRK
MB058 32035572381917184 -9.84899 LRK
MB058 32024776994197504 -10.3509 LRK
MB058 32022145567563777 -9.85098 LRK
MB058 32016485886984192 -9.85769 LRK
MB058 32015142128455680 -10.1359 LRK
MB058 32013819685371904 -10.3501 LRK
MB058 32010319190564864 -9.85098 LRK
MB058 32007904223567872 -9.8462 LRK
MB058 32007900771651585 -10.3509 LRK
MB058 32000378773970944 -10.3497 LRK
MB058 31999192192782337 -10.3505 LRK
MB058 31994558434770944 -10.3445 LRK
MB058 31994017369563136 -10.3509 LRK
MB058 31988157285142528 -10.3509 LRK
MB058 31983679542657025 -9.84979 LRK
MB058 31975297666523136 -10.3485 LRK
MB058 31974784556343297 -8.84575 LRK
MB058 31972721797636096 -10.3469 LRK
MB058 31972617032306689 -10.3449 LRK
MB058 31972488363638784 -10.3497 LRK
MB058 31966000643575810 -9.84541 LRK
MB058 31964978982428672 -10.1363 LRK
MB058 31963421696073729 -9.85217 LRK
MB058 31963054174371840 -10.3465 LRK
MB058 31959568724533248 -10.3497 LRK
MB058 31949540529541120 -10.3493 LRK
MB058 31945539805253632 -10.3461 LRK
MB058 31943305126223872 -10.3481 LRK
MB058 31940855564607488 -10.3497 LRK
MB058 31937159514558465 -10.3453 LRK
MB058 31935532644696065 -10.3465 LRK
MB058 31932204519006209 -10.3465 LRK
MB058 31930039029211136 -9.85018 LRK
MB058 31928221133967360 -9.85454 LRK
MB058 31926035188547584 -9.85177 LRK
MB058 31924197005459456 -9.8458 LRK
MB058 31921405285113856 -10.3525 LRK
MB058 31918835774791680 -10.3477 LRK
MB058 31916666581426176 -10.3489 LRK
MB058 31916281665949696 -10.3477 LRK
MB058 31915413382111234 -10.3477 LRK
MB058 31912938855997441 -10.3481 LRK
MB058 31912574102544384 -10.3505 LRK
MB058 31910892790611969 -10.3517 LRK
MB058 31908798335553536 -10.3501 LRK
MB058 31908245752778752 -10.3493 LRK
MB058 31907079597858816 -10.3501 LRK
MB058 31902085180030976 -10.3477 LRK
MB058 31901737673555968 -10.3477 LRK
MB058 31900894740086784 -10.3481 LRK
MB058 31900856156688384 -10.3517 LRK
MB058 31894921447219201 -10.3465 LRK
MB058 31894750806155265 -10.3445 LRK
MB058 31893527700971521 -10.0054 LRK
MB058 31893515491348480 -10.3529 LRK
MB058 31890968944840704 -10.3517 LRK
MB058 31888385719144448 -10.3473 LRK
MB058 31887306759602176 -10.3489 LRK
MB058 31885004397088768 -10.3449 LRK
MB058 31875914111389697 -9.85177 LRK
MB058 31873177193807873 -10.3473 LRK
MB058 31870994566090752 -10.3477 LRK
MB058 31870603615019008 -10.3481 LRK
MB058 31866595500359680 -9.84859 LRK
MB058 31864849541636096 -10.3453 LRK
MB058 31864238645448704 -10.3509 LRK
MB058 31855350835580928 -10.3509 LRK
MB058 31853321954271232 -10.3449 LRK
MB058 31852546142240768 -9.85929 LRK
MB058 31851916384276480 -9.8573 LRK
MB058 31851780795006976 -10.3521 LRK
MB058 31851049425829888 -9.8478 LRK
MB058 31849532341882880 -10.3485 LRK
MB058 31848527948681216 -10.3505 LRK
MB058 31847757014634496 -10.3477 LRK
MB058 31844755243536384 -10.3505 LRK
MB058 31841667640197121 -10.3497 LRK
MB058 31840087121596416 -10.3489 LRK
MB058 31839954376073216 -10.3481 LRK
MB058 31839607041564672 -10.3473 LRK
MB058 31827643410157569 -10.3477 LRK
MB058 31827140471160832 -10.3517 LRK
MB058 31827096049287168 -10.3469 LRK
MB058 31818759442268160 -9.86325 LRK
MB058 31816909208952832 -10.3473 LRK
MB058 31815537428267008 -10.3521 LRK
MB058 31813783240318976 -10.3525 LRK
MB058 31809833783009280 -9.84899 LRK
MB058 31805354983563264 -10.3513 LRK
MB058 31805137454370818 -10.3457 LRK
MB058 31804774647078912 -10.1343 LRK
MB058 31803744148520960 -10.3525 LRK
MB058 31798548206985217 -10.3509 LRK
MB058 31792037929947137 -10.3477 LRK
MB058 31788755442475008 -10.3533 LRK
MB058 31783352889511936 -9.84899 LRK
MB058 31780985196515329 -10.3509 LRK
MB058 31776095346892800 -10.3509 LRK
MB058 31771440738992128 -10.3469 LRK
MB058 31771387504885763 -9.8466 LRK
MB058 31768803993976833 -10.3493 LRK
MB058 31766747610611712 -10.3465 LRK
MB058 31763853838651392 -9.85256 LRK
MB058 31759144297963520 -8.84218 LRK
MB058 31758137895690241 -10.3497 LRK
MB058 31754851398455296 -10.3453 LRK
MB058 31753760099278849 -10.3453 LRK
MB058 31751221568077824 -10.3477 LRK
MB058 31749290422444032 -10.3473 LRK
MB058 31747444777680896 -10.3513 LRK
MB058 31746398907015168 -9.84939 LRK
MB058 31746213732683776 -10.3501 LRK
MB058 31744449365155840 -10.1359 LRK
MB058 31732173287464960 -10.3501 LRK
MB058 31730849019863040 -10.3445 LRK
MB058 31729465222496256 -10.3465 LRK
MB058 31717497656844288 -10.3509 LRK
MB058 31713650112724992 -10.3513 LRK
MB058 31711339793612800 -9.85098 LRK
MB058 31703755405656065 -9.84859 LRK
MB058 31691814683545600 -10.3509 LRK
MB058 31687992644997120 -10.3445 LRK
MB058 31687940513996800 -10.3509 LRK
MB058 31684466527178752 -10.3509 LRK
MB058 31676519671668737 -9.8474 LRK
MB058 31674849906659328 -10.3497 LRK
MB058 31670815976062976 -10.3509 LRK
MB058 31669091664138240 -10.3513 LRK
MB058 31666440301969408 -9.62106 LRK
MB058 31663892224544768 -10.3457 LRK
MB058 31659301101641728 -10.3477 LRK
MB058 31656629212545024 -9.84819 LRK
MB058 31655485425848320 -10.3477 LRK
MB058 31642054371053568 -10.3497 LRK
MB058 31640015524073472 -10.3509 LRK
MB058 31639059029827585 -9.85929 LRK
MB058 31636328948965376 -9.62424 LRK
MB058 31633455775227904 -10.3469 LRK
MB058 31632418465128448 -10.3521 LRK
MB058 31631397357621249 -10.3477 LRK
MB058 31618093973241856 -10.3521 LRK
MB058 31612879723569152 -9.84819 LRK
MB058 31610752339017728 -10.3465 LRK
MB058 31604872784646145 -10.3445 LRK
MB058 31604480315236352 -10.3525 LRK
MB058 31603095410577410 -10.3529 LRK
MB058 31601409086459904 -10.3505 LRK
MB058 31597589484797953 -10.3521 LRK
MB058 31585502721212416 -10.3505 LRK
MB058 31584346490015744 -9.85809 LRK
MB058 31582991599800320 -10.3493 LRK
MB058 31581939215372288 -10.3453 LRK
MB058 31581872966344705 -10.3465 LRK
MB058 31581303124000768 -9.86087 LRK
MB058 31581135108575232 -10.1347 LRK
MB058 31579552513785856 -10.1331 LRK
MB058 31577383769210880 -9.84819 LRK
MB058 31574780985479168 -9.8474 LRK
MB058 31570418808651776 -10.3445 LRK
MB058 31567289220337664 -9.85137 LRK
MB058 31565026456248320 -9.84859 LRK
MB058 31564513425752065 -9.84859 LRK
MB058 31563981575426048 -10.3513 LRK
MB058 31560682457530368 -10.3489 LRK
MB058 31560652841553920 -9.85296 LRK
MB058 31558286524289026 -10.3505 LRK
MB058 31556982825558016 -10.3521 LRK
MB058 31555106780483585 -10.3517 LRK
MB058 31553981855571968 -10.3473 LRK
MB058 31553053127610368 -10.3485 LRK
MB058 31550865156345856 -10.3509 LRK
MB058 31546235433254912 -10.3509 LRK
MB058 31536607152570368 -10.3441 LRK
MB058 31535375381962753 -10.3497 LRK
MB058 31533508249788416 -9.84859 LRK
MB058 31530527727030272 -9.8466 LRK
MB058 31530050964688896 -9.85256 LRK
MB058 31529587175329793 -10.1339 LRK
MB058 31529046361772033 -10.3469 LRK
MB058 31525730512801794 -10.3453 LRK
MB058 31525328216129536 -9.85098 LRK
MB058 31524714455240704 -10.3481 LRK
MB058 31524516215660544 -9.85256 LRK
MB058 31522150552707073 -10.3493 LRK
MB058 31521089695780864 -10.3465 LRK
MB058 31517790699528192 -10.3489 LRK
MB058 31516623223398400 -10.3509 LRK
MB058 31508465910288385 -10.3497 LRK
MB058 31505761808941056 -10.3477 LRK
MB058 31503744008978433 -10.3517 LRK
MB058 31503222984146944 -9.8569 LRK
MB058 31501865678016512 -9.86008 LRK
MB058 31464874110357504 -10.3441 LRK
MB058 31464675170328576 -10.3469 LRK
MB058 31462638311448576 -10.3477 LRK
MB058 31461319844560897 -10.3497 LRK
MB058 31460649649311744 -10.3489 LRK
MB058 31452551358451713 -10.3505 LRK
MB058 31450267119525888 -10.3505 LRK
MB058 31445533658718208 -10.3517 LRK
MB058 31438803923116032 -10.3481 LRK
MB058 31435793813741568 -10.3509 LRK
MB058 31435474346188801 -9.85296 LRK
MB058 31430475000053760 -10.3485 LRK
MB058 31428948533452800 -10.3525 LRK
MB058 31416548308557824 -10.3501 LRK
MB058 31416105792700416 -10.3513 LRK
MB058 31413835000709121 -9.84979 LRK
MB058 31412321515479040 -10.3473 LRK
MB058 31412014140096512 -9.85177 LRK
MB058 31397698837938177 -10.3461 LRK
MB058 31393500272529408 -10.3509 LRK
MB058 31391770789023745 -10.3533 LRK
MB058 31389513087455236 -10.3473 LRK
MB058 31385176739151872 -10.3485 LRK
MB058 31383471939125250 -10.1371 LRK
MB058 31379177168969728 -10.3497 LRK
MB058 31377146643488769 -9.85098 LRK
MB058 31377017421176832 -10.3517 LRK
MB058 31370989736562688 -10.3465 LRK
MB058 31370185571041280 -10.3469 LRK
MB058 31368360981696512 -10.3481 LRK
MB058 31365572524515328 -10.1363 LRK
MB058 31363552820334592 -10.3481 LRK
MB058 31362514549743617 -10.3513 LRK
MB058 31354709637857280 -10.3481 LRK
MB058 31352017322512384 -9.85494 LRK
MB058 31350350095065088 -10.3513 LRK
MB058 31331044200288256 -9.86206 LRK
MB058 31330491823030272 -9.84859 LRK
MB058 31327748811128832 -10.3497 LRK
MB058 31324845287415809 -9.84859 LRK
MB058 31323150163644416 -9.85889 LRK
MB058 31318733767057408 -10.3517 LRK
MB058 31318731237888000 -8.84575 LRK
MB058 31318359156985856 -10.3529 LRK
MB058 31312890497601536 -9.84859 LRK
MB058 31312434983600128 -9.84859 LRK
MB058 31311623486443520 -10.0058 LRK
MB058 31311488815734784 -10.3481 LRK
MB058 31303419125825536 -10.3513 LRK
MB058 31301785108873216 -10.3505 LRK
MB058 31299403809558529 -9.84859 LRK
MB058 31298273469796352 -10.3505 LRK
MB058 31295687601692672 -9.84859 LRK
MB058 31294093615177729 -10.3517 LRK
MB058 31292903493992448 -9.84859 LRK
MB058 31291004959072256 -10.3497 LRK
MB058 31288556097900544 -10.3509 LRK
MB058 31286693642371072 -10.3525 LRK
MB058 31280039735595009 -10.3469 LRK
MB058 31277360737161216 -10.1339 LRK
MB058 31277167581077504 -10.3509 LRK
MB058 31272290876399617 -10.1363 LRK
MB058 31271072728879104 -10.3521 LRK
MB058 31264733394903040 -10.3521 LRK
MB058 31263364470538240 -10.3497 LRK
MB058 31257829801201664 -10.3509 LRK
MB058 31250955169169409 -10.3489 LRK
MB058 31239029127118849 -10.3497 LRK
MB058 31235746291515392 -10.3457 LRK
MB058 31235733427589120 -10.3493 LRK
MB058 31233783097204736 -9.85058 LRK
MB058 31230323522011136 -10.3481 LRK
MB058 31229642958438400 -10.3473 LRK
MB058 31228894661058560 -10.3505 LRK
MB058 31228698111770624 -10.3469 LRK
MB058 31227106641838081 -10.3509 LRK
MB058 31226554977615873 -10.3449 LRK
MB058 31225210162126848 -10.3513 LRK
MB058 31224955127468032 -10.3453 LRK
MB058 31223657606946817 -10.3481 LRK
MB058 31223094219640833 -10.3477 LRK
MB058 31221169000546306 -10.3517 LRK
MB058 31209728365305856 -10.3517 LRK
MB058 31207562732896256 -9.86167 LRK
MB058 31202381609832448 -10.3485 LRK
MB058 31202340748922880 -10.3501 LRK
MB058 31202196192231424 -9.86127 LRK
MB058 31196650550599681 -10.3461 LRK
MB058 31193690168885249 -10.3517 LRK
MB058 31191475618316288 -10.3457 LRK
MB058 31190187702747136 -9.84859 LRK
MB058 31190158908850176 -10.3445 LRK
MB058 31187141350400000 -10.3497 LRK
MB058 31185963031990272 -9.63543 LRK
MB058 31184661237473280 -9.85296 LRK
MB058 31184618854027266 -10.3525 LRK
MB058 31170948971364352 -10.3525 LRK
MB058 31168710320324608 -10.3461 LRK
MB058 31168674475802624 -10.3497 LRK
MB058 31164049551007745 -10.3505 LRK
MB058 31163393201152000 -10.3457 LRK
MB058 31160852136591360 -9.62106 LRK
MB058 31159761055514624 -10.3505 LRK
MB058 31156154063134721 -10.3481 LRK
MB058 31154968790573057 -10.3501 LRK
MB058 31152013395890177 -10.3441 LRK
MB058 31151078875602944 -10.3541 LRK
MB058 31149746970169344 -9.86087 LRK
MB058 31149029362507776 -9.06209 LRK
MB058 31147700984487937 -9.85968 LRK
MB058 31146344143912961 -10.1371 LRK
MB058 31141483365007360 -10.3465 LRK
MB058 31139926976237568 -9.84939 LRK
MB058 31139059216678912 -10.3525 LRK
MB058 31137247029891074 -10.3481 LRK
MB058 31137024882778113 -10.3473 LRK
MB058 31135054079983616 -10.3465 LRK
MB058 31130601939533824 -10.3489 LRK
MB058 31130086497320960 -10.1359 LRK
MB058 31129963646160896 -10.3445 LRK
MB058 31128320552738816 -10.3497 LRK
MB058 31127655747162112 -10.3485 LRK
MB058 31126551160430592 -10.3501 LRK
MB058 31126331118850049 -10.3505 LRK
MB058 31126024993378304 -10.3485 LRK
MB058 31124896872407040 -10.1335 LRK
MB058 31120815856558080 -10.3513 LRK
MB058 31118850107899904 -10.3497 LRK
MB058 31118774119694337 -10.3517 LRK
MB058 31118456145313792 -10.3517 LRK
MB058 31115182121943041 -10.3509 LRK
MB058 31113122244722689 -10.3469 LRK
MB058 31108221263421440 -10.3505 LRK
MB058 31106965371363328 -10.3552 LRK
MB058 31106449383882752 -10.3477 LRK
MB058 31098216011268096 -10.1426 LRK
MB058 31094240943542272 -10.3489 LRK
MB058 31088135475564545 -9.84819 LRK
MB058 31087622042423296 -10.3505 LRK
MB058 31087484678971392 -10.3453 LRK
MB058 31087070558552064 -10.3485 LRK
MB058 31086907450458112 -10.3465 LRK
MB058 31085467092914176 -10.3489 LRK
MB058 31085022777712640 -10.3481 LRK
MB058 31079217412182017 -10.1343 LRK
MB058 31077067307089920 -9.85177 LRK
MB058 31075003038433281 -10.3485 LRK
MB058 31074818061242369 -10.3465 LRK
MB058 31072875347714048 -9.85256 LRK
MB058 31070321419223041 -10.3469 LRK
MB058 31068156436938752 -10.3533 LRK
MB058 31067993345622016 -9.85098 LRK
MB058 31067350484656128 -10.3505 LRK
MB058 31062655829540865 -10.3481 LRK
MB058 31058083379683329 -9.85256 LRK
MB058 31057834384818176 -10.3457 LRK
MB058 31051651129286656 -10.3493 LRK
MB058 31050147500658688 -10.3485 LRK
MB058 31047730679775232 -10.3445 LRK
MB058 31045339012145153 -10.3477 LRK
MB058 31040849911480320 -10.3517 LRK
MB058 31040739450294272 -10.3489 LRK
MB058 31036652377866240 -10.3485 LRK
MB058 31036646988189697 -10.3509 LRK
MB058 31036464380776448 -10.3461 LRK
MB058 31035612593131520 -9.84859 LRK
MB058 31033112037167104 -10.3493 LRK
MB058 31030726006669313 -10.3457 LRK
MB058 31030443373498368 -10.3485 LRK
MB058 31030353325981696 -10.3497 LRK
MB058 31029686343565312 -10.3493 LRK
MB058 31028444552761344 -9.85296 LRK
MB058 31027619327647744 -10.1327 LRK
MB058 31025575640432641 -10.3525 LRK
MB058 31023542241857536 -9.85137 LRK
MB058 31023121519616000 -10.3493 LRK
MB058 31022324652183552 -10.3481 LRK
MB058 31020721643720705 -9.85058 LRK
MB058 31020525379657728 -10.3453 LRK
MB058 31015442256498688 -9.85849 LRK
MB058 31014977141735425 -10.3445 LRK
MB058 31013399013892096 -10.3509 LRK
MB058 31012208662024193 -10.3497 LRK
MB058 31012105024970752 -10.3521 LRK
MB058 31011212426739712 -10.3505 LRK
MB058 31009992014307328 -10.3493 LRK
MB058 31009046093897729 -10.3461 LRK
MB058 31007957705564160 -9.07317 LRK
MB058 31004927908122624 -10.3489 LRK
MB058 31004167317229569 -9.8466 LRK
MB058 31003710859513857 -9.85137 LRK
MB058 31002312885407745 -10.3497 LRK
MB058 30995088268066817 -9.63425 LRK
MB058 30995032978755584 -9.84939 LRK
MB058 30994475073409025 -10.3481 LRK
MB058 30993377419857920 -10.3537 LRK
MB058 30993076281413632 -10.3517 LRK
MB058 30990691714732034 -10.3497 LRK
MB058 30990691538571264 -10.3497 LRK
MB058 30989955031375872 -10.3525 LRK
MB058 30987599283748864 -10.3501 LRK
MB058 30983892571791360 -9.86008 LRK
MB058 30982428747108352 -10.3513 LRK
MB058 30976316429836289 -9.62424 LRK
MB058 30975111108497408 -10.3461 LRK
MB058 30974848826081280 -10.3505 LRK
MB058 30972815528173570 -10.3501 LRK
MB058 30969745956151296 -10.3497 LRK
MB058 30967902169473024 -9.84819 LRK
MB058 30967342322159616 -9.86087 LRK
MB058 30967242933927937 -10.3509 LRK
MB058 30966333579468800 -10.3517 LRK
MB058 30956453128839168 -10.1371 LRK
MB058 30950529915949056 -10.3513 LRK
MB058 30943002457284608 -10.3497 LRK
MB058 30934538452475904 -10.3513 LRK
MB058 30927067134562304 -10.3489 LRK
MB058 30925411504361472 -10.3461 LRK
MB058 30920308722503680 -9.86127 LRK
MB058 30908787489513472 -10.3497 LRK
MB058 30904069295968256 -10.3469 LRK
MB058 30896711589175296 -10.3505 LRK
MB058 30893371799117824 -10.3513 LRK
MB058 30888289225408512 -10.3509 LRK
MB058 30886602393788416 -10.3501 LRK
MB058 30881162696073216 -10.3533 LRK
MB058 30879009017434112 -10.3477 LRK
MB058 30871579453820928 -9.8462 LRK
MB058 30870875955789824 -9.62186 LRK
MB058 30868638596595712 -9.85375 LRK
MB058 30861716959010817 -10.3489 LRK
MB058 30860558483853312 -9.84859 LRK
MB058 30859637909622784 -9.8474 LRK
MB058 30858072419205120 -9.63305 LRK
MB058 30856042061496320 -10.3453 LRK
MB058 30851503392555008 -9.85018 LRK
MB058 30849721895489537 -10.3449 LRK
MB058 30849355611119617 -10.3445 LRK
MB058 30848353914847232 -10.3529 LRK
MB058 30847919649202177 -10.3449 LRK
MB058 30845450907025408 -10.3529 LRK
MB058 30841567505809408 -10.3497 LRK
MB058 30832048918757376 -10.3489 LRK
MB058 30831865854173184 -10.3505 LRK
MB058 30827106061524992 -10.3445 LRK
MB058 30824522588360704 -10.3501 LRK
MB058 30823691323441152 -10.3473 LRK
MB058 30823683618504704 -10.3493 LRK
MB058 30823262241955840 -10.3513 LRK
MB058 30822448823803907 -10.3497 LRK
MB058 30821685372391424 -10.3481 LRK
MB058 30821214511439873 -10.3497 LRK
MB058 30818043537915904 -10.3525 LRK
MB058 30811140095221761 -10.3521 LRK
MB058 30810522546864128 -9.85018 LRK
MB058 30804883556798464 -10.3497 LRK
MB058 30802734244433921 -10.3517 LRK
MB058 30801516138856448 -10.3481 LRK
MB058 30800690666283008 -10.3525 LRK
MB058 30796905394999296 -10.3473 LRK
MB058 30794765645651969 -10.1355 LRK
MB058 30793398281576448 -9.85217 LRK
MB058 30790147763085313 -10.3497 LRK
MB058 30788328160755712 -10.3489 LRK
MB058 30786271659954177 -9.85177 LRK
MB058 30781452689870848 -10.3465 LRK
MB058 30780698054885376 -10.3441 LRK
MB058 30778019438137344 -10.3457 LRK
MB058 30776886850232320 -10.3457 LRK
MB058 30774314890432512 -10.3509 LRK
MB058 30773173859393536 -10.3517 LRK
MB058 30773144717369344 -9.85809 LRK
MB058 30772960675500032 -9.86246 LRK
MB058 30772840433188864 -10.3485 LRK
MB058 30772435951288320 -10.3505 LRK
MB058 30771457231425536 -10.3509 LRK
MB058 30770845932589057 -9.85018 LRK
MB058 30769833192726528 -10.3473 LRK
MB058 30769574383194112 -10.3497 LRK
MB058 30768176337784832 -10.3469 LRK
MB058 30766220307341312 -9.85849 LRK
MB058 30764229187338240 -10.3513 LRK
MB058 30764041651625984 -10.3509 LRK
MB058 30763135635824641 -10.1343 LRK
MB058 30759935788711936 -10.3509 LRK
MB058 30759926938734592 -10.3477 LRK
MB058 30759064640159744 -9.86127 LRK
MB058 30758518206238722 -10.3453 LRK
MB058 30756756170743808 -10.3505 LRK
MB058 30752918407745536 -9.85769 LRK
MB058 30752411463196672 -10.3509 LRK
MB058 30752010756161538 -10.3461 LRK
MB058 30749907040083968 -10.3473 LRK
MB058 30749029340020736 -10.3493 LRK
MB058 30748294447628288 -10.3509 LRK
MB058 30747083803725824 -10.3461 LRK
MB058 30746904304287745 -10.3441 LRK
MB058 30745353452003328 -10.3485 LRK
MB058 30740408384356355 -10.3497 LRK
MB058 30740352910491648 -10.3449 LRK
MB058 30739924407812097 -10.3453 LRK
MB058 30739002881478656 -10.3481 LRK
MB058 30737667805155328 -10.3473 LRK
MB058 30736888658665472 -10.3469 LRK
MB058 30735677930872832 -10.3533 LRK
MB058 30733187923574785 -10.3477 LRK
MB058 30732169856942080 -9.8569 LRK
MB058 30729839526805504 -10.3457 LRK
MB058 30728205832818688 -10.3509 LRK
MB058 30728040384307200 -10.3521 LRK
MB058 30725361310375936 -10.3477 LRK
MB058 30724189786742784 -10.3513 LRK
MB058 30724056969904128 -10.3509 LRK
MB058 30723740522254336 -10.3509 LRK
MB058 30722333589118976 -10.3453 LRK
MB058 30719109926752256 -10.1363 LRK
MB058 30718033085333504 -9.85058 LRK
MB058 30717987753304064 -9.85018 LRK
MB058 30716162102788096 -9.86286 LRK
MB058 30715209932865536 -10.3505 LRK
MB058 30708674745868288 -10.3517 LRK
MB058 30708267571220480 -10.3521 LRK
MB058 30705038640807937 -10.3509 LRK
MB058 30703882980040705 -10.3481 LRK
MB058 30703215775318016 -10.3481 LRK
MB058 30700726397177856 -10.3509 LRK
MB058 30700153874681856 -10.3485 LRK
MB058 30699316272168960 -9.86087 LRK
MB058 30698490153672704 -10.3509 LRK
MB058 30695717483839489 -9.85177 LRK
MB058 30693428706672640 -9.86246 LRK
MB058 30693332921352193 -10.3453 LRK
MB058 30692777549373440 -10.3521 LRK
MB058 30692661732057089 -10.3505 LRK
MB058 30692305035862016 -9.84859 LRK
MB058 30691870392721408 -10.3525 LRK
MB058 30691217905819648 -10.3505 LRK
MB058 30689595234455552 -10.3481 LRK
MB058 30688913186099200 -10.3473 LRK
MB058 30687356394672128 -10.3461 LRK
MB058 30685828552335360 -9.85809 LRK
MB058 30684415982051330 -9.85137 LRK
MB058 30683271251628032 -9.84819 LRK
MB058 30683262057717761 -10.3465 LRK
MB058 30682698984988672 -10.3513 LRK
MB058 30682519665909760 -10.3517 LRK
MB058 30682023328747520 -10.3465 LRK
MB058 30681716955815936 -9.86087 LRK
MB058 30681609694875648 -10.3497 LRK
MB058 30681517915119616 -10.3509 LRK
MB058 30679918891237376 -10.3449 LRK
MB058 30679107490553858 -10.3497 LRK
MB058 30676848186761216 -9.85137 LRK
MB058 30675406067605504 -9.86641 LRK
MB058 30674464119193600 -10.3473 LRK
MB058 30671651284717568 -10.3533 LRK
MB058 30671244697276416 -9.86008 LRK
MB058 30670138034364418 -9.85849 LRK
MB058 30664243858636800 -9.84899 LRK
MB058 30663165301751810 -10.3521 LRK
MB058 30661999784361984 -10.3501 LRK
MB058 30660110057480192 -9.86246 LRK
MB058 30659536729673729 -10.3525 LRK
MB058 30659287852257280 -10.3497 LRK
MB058 30658579627249664 -10.3453 LRK
MB058 30656518042951680 -10.3457 LRK
MB058 30656014466416640 -10.3509 LRK
MB058 30655786770243584 -10.3465 LRK
MB058 30653294179254272 -10.3513 LRK
MB058 30649684649312257 -10.1367 LRK
MB058 30648980505366529 -9.86087 LRK
MB058 30646303809605632 -10.3552 LRK
MB058 30645569072398336 -9.85137 LRK
MB058 30643433362165760 -10.1351 LRK
MB058 30643412558422019 -10.1351 LRK
MB058 30642358492073984 -10.3493 LRK
MB058 30634793980919809 -10.3453 LRK
MB058 30634433082036225 -10.3493 LRK
MB058 30631299161001984 -9.85177 LRK
MB058 30630753930842112 -10.1327 LRK
MB058 30630538733690880 -10.3441 LRK
MB058 30629048925294593 -10.3497 LRK
MB058 30624942441635840 -9.86206 LRK
MB058 30623178057322496 -10.3473 LRK
MB058 30621495612936192 -10.3509 LRK
MB058 30617697268006912 -10.3529 LRK
MB058 30614648793341952 -10.3473 LRK
MB058 30612210862526465 -10.1351 LRK
MB058 30610675231363072 -10.3513 LRK
MB058 30609593918824448 -10.3509 LRK
MB058 30599022376919043 -10.3509 LRK
MB058 30599019998748673 -9.85968 LRK
MB058 30585889860096000 -9.86167 LRK
MB058 30585175662395392 -10.3481 LRK
MB058 30583475123781632 -10.3517 LRK
MB058 30583272610201601 -10.3521 LRK
MB058 30578878929965056 -9.62265 LRK
MB058 30575992267341824 -10.3473 LRK
MB058 30575730790244353 -10.3509 LRK
MB058 30567219037470720 -9.62424 LRK
MB058 30561219169492993 -9.85137 LRK
MB058 30557146986844160 -10.3497 LRK
MB058 30552809434783744 -9.85375 LRK
MB058 30552331468673024 -10.1371 LRK
MB058 30552106612039680 -10.3461 LRK
MB058 30550899680088064 -10.3509 LRK
MB058 30542089024446464 -10.3497 LRK
MB058 30540141206437889 -10.3485 LRK
MB058 30536818222964736 -10.3489 LRK
MB058 30534154814750722 -10.3477 LRK
MB058 30532951242440704 -10.3485 LRK
MB058 30532018659926016 -10.3481 LRK
MB058 30526995699863552 -9.86087 LRK
MB058 30526954549547008 -10.3505 LRK
MB058 30525244863160320 -9.86008 LRK
MB058 30524763176697856 -10.3509 LRK
MB058 30521361076060160 -10.3473 LRK
MB058 30520693837799424 -10.3501 LRK
MB058 30520412022505473 -9.85929 LRK
MB058 30518625290952704 -10.3501 LRK
MB058 30518332557885440 -10.3509 LRK
MB058 30518151355568129 -10.1343 LRK
MB058 30517974494355456 -9.85098 LRK
MB058 30517912984887296 -10.3481 LRK
MB058 30517520913928192 -9.85177 LRK
MB058 30517106776743936 -10.3521 LRK
MB058 30515987803541504 -10.3449 LRK
MB058 30515071532670976 -10.3473 LRK
MB058 30514856746553345 -10.3473 LRK
MB058 30512734403567617 -10.3509 LRK
MB058 30512254550024193 -9.8458 LRK
MB058 30509070238613504 -9.86087 LRK
MB058 30508764675178496 -9.8573 LRK
MB058 30507835456491520 -9.86246 LRK
MB058 30504531221553152 -10.1347 LRK
MB058 30504048713015297 -9.85256 LRK
MB058 30503192819138560 -10.3517 LRK
MB058 30499724096176128 -9.85137 LRK
MB058 30499238353838080 -9.8478 LRK
MB058 30499163154153472 -10.3461 LRK
MB058 30498878516101121 -9.85177 LRK
MB058 30498615248027648 -9.86206 LRK
MB058 30498203132502016 -10.3517 LRK
MB058 30497056749522947 -10.3497 LRK
MB058 30495868377374720 -9.86048 LRK
MB058 30493371155877888 -10.3509 LRK
MB058 30489459006902273 -10.3457 LRK
MB058 30487451654950912 -9.62464 LRK
MB058 30486586189680641 -10.3473 LRK
MB058 30484140813975552 -10.3465 LRK
MB058 30481020335685632 -10.3469 LRK
MB058 30477685696233472 -10.3505 LRK
MB058 30477657737003008 -10.3473 LRK
MB058 30476997306089472 -10.3501 LRK
MB058 30473755612413953 -10.3449 LRK
MB058 30470992694349824 -10.3529 LRK
MB058 30470121625485312 -10.3489 LRK
MB058 30469651167186944 -9.86008 LRK
MB058 30466643947692033 -10.1315 LRK
MB058 30460937211224065 -9.85769 LRK
MB058 30454325939535872 -10.3489 LRK
MB058 30452917097992192 -10.3441 LRK
MB058 30452264590123008 -9.8478 LRK
MB058 30452220143079424 -10.3513 LRK
MB058 30447604995194880 -9.84939 LRK
MB058 30438290230353920 -10.3521 LRK
MB058 30437136951943168 -10.3489 LRK
MB058 30434726208602112 -9.85849 LRK
MB058 30430809764667392 -9.8478 LRK
MB058 30429910468141056 -10.3457 LRK
MB058 30425328300068865 -9.85018 LRK
MB058 30425300584108032 -10.3501 LRK
MB058 30422294752923648 -10.3477 LRK
MB058 30421379488686080 -10.3469 LRK
MB058 30421368482832384 -10.1355 LRK
MB058 30420315171459072 -10.3477 LRK
MB058 30419798663888896 -9.85177 LRK
MB058 30418941486571523 -9.85849 LRK
MB058 30417972963053568 -10.3517 LRK
MB058 30411467085844481 -8.84694 LRK
MB058 30410293653803009 -9.85968 LRK
MB058 30409846318694400 -10.3497 LRK
MB058 30408649696346113 -10.3461 LRK
MB058 30406902689046528 -10.3489 LRK
MB058 30406816756146176 -9.85769 LRK
MB058 30406509926031360 -9.85889 LRK
MB058 30405684721881088 -9.8474 LRK
MB058 30405367657664513 -10.3473 LRK
MB058 30403438625955840 -10.3525 LRK
MB058 30402787384754177 -10.3521 LRK
MB058 30401779627728897 -10.3461 LRK
MB058 30400777704964096 -9.85809 LRK
MB058 30398623804030976 -10.3489 LRK
MB058 30398132915277824 -10.3505 LRK
MB058 30396754922835968 -10.3461 LRK
MB058 30392980720324608 -10.3465 LRK
MB058 30392229629534208 -10.3489 LRK
MB058 30391617923846144 -9.85098 LRK
MB058 30391306639376384 -10.3505 LRK
MB058 30390059416948736 -9.85809 LRK
MB058 30388611891339264 -9.85018 LRK
MB058 30386587934138370 -10.3497 LRK
MB058 30385077871452161 -9.85769 LRK
MB058 30382730776674304 -10.3517 LRK
MB058 30380876038676480 -10.3501 LRK
MB058 30372386817712129 -10.3489 LRK
MB058 30371305949761536 -9.85809 LRK
MB058 30371284126801920 -10.3477 LRK
MB058 30369674822680576 -10.3449 LRK
MB058 30369351412482049 -9.85098 LRK
MB058 30369081097986049 -10.3513 LRK
MB058 30368406280601600 -9.86087 LRK
MB058 30368131272675329 -10.3481 LRK
MB058 30367733187092480 -10.3493 LRK
MB058 30364428599828480 -10.3477 LRK
MB058 30364199313997824 -9.86087 LRK
MB058 30364096591298560 -10.3513 LRK
MB058 30363926994620416 -9.85849 LRK
MB058 30363769737584640 -9.85769 LRK
MB058 30363083398447105 -10.3449 LRK
MB058 30362957611274240 -9.86008 LRK
MB058 30361920527663104 -9.84819 LRK
MB058 30360944953528320 -10.3473 LRK
MB058 30360717861330944 -9.86167 LRK
MB058 30359517208248320 -10.3505 LRK
MB058 30358175169384449 -10.3529 LRK
MB058 30356281223028738 -10.3521 LRK
MB058 30354046153924609 -10.3517 LRK
MB058 30353815765000192 -10.3489 LRK
MB058 30352307665244160 -9.61987 LRK
MB058 30351473644666881 -8.57366 LRK
MB058 30351378522050560 -9.85769 LRK
MB058 30350906138558464 -9.85256 LRK
MB058 30350506895343616 -9.86167 LRK
MB058 30346811742883840 -10.3505 LRK
MB058 30345980167585794 -10.3453 LRK
MB058 30344823361765376 -10.3457 LRK
MB058 30344289783386112 -10.3509 LRK
MB058 30343111699861504 -10.3493 LRK
MB058 30339254261387264 -10.3493 LRK
MB058 30338863616491520 -10.3513 LRK
MB058 30337226374119424 -10.3493 LRK
MB058 30333541850025984 -9.85217 LRK
MB058 30330843385831424 -10.3465 LRK
MB058 30328097278529536 -9.84979 LRK
MB058 30327221788868608 -9.63899 LRK
MB058 30324852757889024 -9.63067 LRK
MB058 30324847829590016 -9.85849 LRK
MB058 30321711857532929 -9.85849 LRK
MB058 30320701130936320 -10.3497 LRK
MB058 30319852279300098 -10.3465 LRK
MB058 30318012103925760 -9.85849 LRK
MB058 30315068302295040 -9.86127 LRK
MB058 30314964950454272 -10.3521 LRK
MB058 30313802826260482 -9.8474 LRK
MB058 30309441026916353 -9.86246 LRK
MB058 30309378305302528 -9.86087 LRK
MB058 30308776053579777 -9.86167 LRK
MB058 30308387635855360 -10.3465 LRK
MB058 30307079369531392 -10.3501 LRK
MB058 30306743690985474 -9.86087 LRK
MB058 30306618558128128 -10.3489 LRK
MB058 30306559837863936 -9.86167 LRK
MB058 30306064587030528 -10.3517 LRK
MB058 30305539518898176 -10.3485 LRK
MB058 30302141994242048 -10.3513 LRK
MB058 30302106317492224 -9.86048 LRK
MB058 30301330597744640 -10.3517 LRK
MB058 30298789675802624 -10.1374 LRK
MB058 30298279610687488 -10.3469 LRK
MB058 30298063197179904 -10.3517 LRK
MB058 30298043672698881 -10.3493 LRK
MB058 30297955395182592 -10.3489 LRK
MB058 30294902826860546 -10.3485 LRK
MB058 30291078837968896 -9.85849 LRK
MB058 30289409748242433 -9.85217 LRK
MB058 30289005090181120 -9.84939 LRK
MB058 30286227181674496 -9.85968 LRK
MB058 30279833908940800 -9.8478 LRK
MB058 30279678103126016 -10.3529 LRK
MB058 30278541207670784 -10.3517 LRK
MB058 30278314060943361 -10.3513 LRK
MB058 30275890566930433 -10.3525 LRK
MB058 30274306592210944 -9.85217 LRK
MB058 30273615316389888 -10.3485 LRK
MB058 30272522226245632 -9.85769 LRK
MB058 30271657423675392 -8.85776 LRK
MB058 30269693872836609 -9.86246 LRK
MB058 30267141563359233 -9.86246 LRK
MB058 30267124047937536 -10.3473 LRK
MB058 30267106725470209 -9.85018 LRK
MB058 30265373651636225 -10.3469 LRK
MB058 30264150001192962 -10.3473 LRK
MB058 30263733045428224 -9.85137 LRK
MB058 30262007668146176 -10.1343 LRK
MB058 30261882703052800 -9.86087 LRK
MB058 30260018095857664 -10.3497 LRK
MB058 30258845485891584 -10.3493 LRK
MB058 30251539750719488 -9.85217 LRK
MB058 30251077068652544 -9.86008 LRK
MB058 30249185659854849 -10.3465 LRK
MB058 30246736731574273 -10.3473 LRK
MB058 30242419819679744 -10.3457 LRK
MB058 30239313115488257 -9.86087 LRK
MB058 30238660091715584 -9.84979 LRK
MB058 30238325730185216 -9.86167 LRK
MB058 30236784415744000 -10.3441 LRK
MB058 30235622304124928 -10.3481 LRK
MB058 30231818481442816 -9.85177 LRK
MB058 30223762297192448 -9.85809 LRK
MB058 30218197063962624 -9.8573 LRK
MB058 30216848997879808 -10.3489 LRK
MB058 30211015455023105 -10.3497 LRK
MB058 30210852728602624 -10.3509 LRK
MB058 30204413641498624 -9.85375 LRK
MB058 30204116865130497 -10.3481 LRK
MB058 30202960038334464 -10.3525 LRK
MB058 30200045512957952 -10.3497 LRK
MB058 30200021576056832 -10.3509 LRK
MB058 30185364144525313 -9.85809 LRK
MB058 30181970147287040 -10.3477 LRK
MB058 30179985666875392 -10.3513 LRK
MB058 30179963554496512 -9.85137 LRK
MB058 30179473294888961 -10.3481 LRK
MB058 30176971556126723 -10.3493 LRK
MB058 30172274250223616 -9.85058 LRK
MB058 30167680359079936 -9.63425 LRK
MB058 30163036144668673 -9.85929 LRK
MB058 30162916879638528 -10.3493 LRK
MB058 30159528762810368 -9.84939 LRK
MB058 30153297780285440 -10.3477 LRK
MB058 30151740967878656 -10.3481 LRK
MB058 30151457634263040 -10.3473 LRK
MB058 30149400743378944 -10.1359 LRK
MB058 30149146501451777 -9.86167 LRK
MB058 30146957271900160 -9.07317 LRK
MB058 30142982300631040 -10.3485 LRK
MB058 30137744055341056 -10.3485 LRK
MB058 30136594895736832 -10.1327 LRK
MB058 30136199091851264 -10.3477 LRK
MB058 30134774941089792 -10.3473 LRK
MB058 30130790260015104 -10.3497 LRK
MB058 30130218534436864 -10.3469 LRK
MB058 30129837578387457 -10.3485 LRK
MB058 30125449925365760 -10.3485 LRK
MB058 30122885611782144 -10.3465 LRK
MB058 30122599149215744 -9.8561 LRK
MB058 30122393104031745 -10.3497 LRK
MB058 30122014983327744 -9.62384 LRK
MB058 30116574031519744 -9.8458 LRK
MB058 30116180110868481 -9.85058 LRK
MB058 30109553953607680 -10.3497 LRK
MB058 30107744371482624 -9.84979 LRK
MB058 30101348028514305 -10.3493 LRK
MB058 30098480538066945 -10.3525 LRK
MB058 30096601695395841 -10.3485 LRK
MB058 30094890733936641 -10.3469 LRK
MB058 30091326888345600 -10.3481 LRK
MB058 30088371103596544 -10.3433 LRK
MB058 30086578651009024 -9.85769 LRK
MB058 30086247443595266 -10.3453 LRK
MB058 30085073713758209 -10.3457 LRK
MB058 30083803477184512 -10.3505 LRK
MB058 30074669386178560 -10.3489 LRK
MB058 30074514696044546 -10.3461 LRK
MB058 30074199204696064 -9.85929 LRK
MB058 30072604085723136 -10.3489 LRK
MB058 30070724043481088 -10.3509 LRK
MB058 30066602657452033 -10.3513 LRK
MB058 30066305893666816 -9.86325 LRK
MB058 30063474641997824 -10.3485 LRK
MB058 30063104272371712 -10.3513 LRK
MB058 30056978130665472 -10.3529 LRK
MB058 30055893223604224 -10.3485 LRK
MB058 30055061916749824 -9.85769 LRK
MB058 30053250015170561 -10.3461 LRK
MB058 30053246835892226 -10.3445 LRK
MB058 30051282865618944 -10.1367 LRK
MB058 30049475154157568 -10.1351 LRK
MB058 30046861331005441 -10.3481 LRK
MB058 30046837708685312 -10.3473 LRK
MB058 30046019467087872 -10.3461 LRK
MB058 30040983190114304 -10.3497 LRK
MB058 30038368284839938 -10.3489 LRK
MB058 30038042991394817 -9.86246 LRK
MB058 30037952188911617 -9.86206 LRK
MB058 30037946702761984 -9.86206 LRK
MB058 30036270692433920 -10.3505 LRK
MB058 30035143456456704 -10.3473 LRK
MB058 30034449664049152 -9.85217 LRK
MB058 30032706536480768 -9.86246 LRK
MB058 30030814397857793 -10.3505 LRK
MB058 30030736815816704 -10.3509 LRK
MB058 30030438353338369 -10.3461 LRK
MB058 30027937864491008 -9.85217 LRK
MB058 30027043655655424 -10.3457 LRK
MB058 30023650337886208 -10.3481 LRK
MB058 30023078742327296 -9.85018 LRK
MB058 30022830250790912 -10.3493 LRK
MB058 30022638227169280 -9.85098 LRK
MB058 30021931793129473 -9.85849 LRK
MB058 30021042793619456 -10.3465 LRK
MB058 30019570450300929 -10.3509 LRK
MB058 30018472964526080 -10.1367 LRK
MB058 30015552445485056 -9.85769 LRK
MB058 30014706420817920 -10.3481 LRK
MB058 30014018924056576 -10.3461 LRK
MB058 30013139680497664 -9.84859 LRK
MB058 30008840053334016 -10.3461 LRK
MB058 30007371229040641 -10.3497 LRK
MB058 30005478473859072 -10.3501 LRK
MB058 30002497904971776 -9.85256 LRK
MB058 29999589557800960 -10.3497 LRK
MB058 29998282654613504 -10.3473 LRK
MB058 29998171526537218 -10.3525 LRK
MB058 29997200209612800 -10.3493 LRK
MB058 29996961331417089 -10.3477 LRK
MB058 29996559684870144 -10.3461 LRK
MB058 29995460965957632 -9.85177 LRK
MB058 29995443358269440 -10.3465 LRK
MB058 29992901056401408 -10.1355 LRK
MB058 29992101169078272 -10.3513 LRK
MB058 29991622406053888 -9.85296 LRK
MB058 29990200037875712 -9.85217 LRK
MB058 29988865976565760 -10.3465 LRK
MB058 29988078181421056 -9.86206 LRK
MB058 29987067219935232 -10.3477 LRK
MB058 29986154484862977 -9.8466 LRK
MB058 29985693170143233 -10.3521 LRK
MB058 29985621783085057 -9.8478 LRK
MB058 29984877688393728 -10.3497 LRK
MB058 29984670934372352 -10.3473 LRK
MB058 29984092506300416 -10.3461 LRK
MB058 29982094272765952 -10.3493 LRK
MB058 29981586233499648 -9.84979 LRK
MB058 29981350840766465 -9.85217 LRK
MB058 29980381600022528 -9.84939 LRK
MB058 29978064108654592 -10.3529 LRK
MB058 29974607163293696 -10.3501 LRK
MB058 29973934740865024 -9.86087 LRK
MB058 29971148196282369 -10.3477 LRK
MB058 29970260996128768 -9.84939 LRK
MB058 29969083936022529 -10.3493 LRK
MB058 29961598856597504 -9.86206 LRK
MB058 29961446808879104 -10.1359 LRK
MB058 29961437753384960 -9.85849 LRK
MB058 29957980183076864 -10.3465 LRK
MB058 29956392697733120 -10.1327 LRK
MB058 29955340921475072 -10.3449 LRK
MB058 29955092178276352 -10.3493 LRK
MB058 29952730118225920 -10.3517 LRK
MB058 29950039677734912 -10.3509 LRK
MB058 29949131053080576 -10.3529 LRK
MB058 29948316523433984 -10.3465 LRK
MB058 29944809871380480 -9.85809 LRK
MB058 29944257154383872 -9.85018 LRK
MB058 29943713610334208 -9.85177 LRK
MB058 29943565014536193 -10.3509 LRK
MB058 29941828216160258 -9.86246 LRK
MB058 29940670152048640 -10.3461 LRK
MB058 29939621324398592 -10.3461 LRK
MB058 29939034344136704 -9.85849 LRK
MB058 29938552301162496 -10.1303 LRK
MB058 29937325551132672 -9.8573 LRK
MB058 29937001901850624 -10.3505 LRK
MB058 29936457422475265 -9.86127 LRK
MB058 29935141505728517 -9.85217 LRK
MB058 29932222119153664 -9.84939 LRK
MB058 29928220841213952 -10.3457 LRK
MB058 29919487914418176 -10.3465 LRK
MB058 29914426945576960 -9.84979 LRK
MB058 29913987764195328 -10.3525 LRK
MB058 29912037333139456 -10.3449 LRK
MB058 29908991018536960 -9.07397 LRK
MB058 29906725683331072 -10.3509 LRK
MB058 29905244024471552 -10.3441 LRK
MB058 29905221744336897 -10.3513 LRK
MB058 29904898711621634 -10.3481 LRK
MB058 29903758779490304 -10.3505 LRK
MB058 29894985071460353 -10.3513 LRK
MB058 29888101501378561 -10.3473 LRK
MB058 29887625179435009 -10.3497 LRK
MB058 29884458878377986 -9.86048 LRK
MB058 29880652144836608 -10.3477 LRK
MB058 29880139756081152 -8.57088 LRK
MB058 29878437275508736 -10.3453 LRK
MB058 29877856112738304 -9.847 LRK
MB058 29876651743510528 -10.3481 LRK
MB058 29876519954288641 -10.1323 LRK
MB058 29876278882467840 -10.3513 LRK
MB058 29875066896392193 -10.3457 LRK
MB058 29867092459126784 -9.06248 LRK
MB058 29866961416486912 -9.84899 LRK
MB058 29866446813134848 -10.3461 LRK
MB058 29864976554401792 -10.3485 LRK
MB058 29862022711607297 -10.3469 LRK
MB058 29861446208716800 -9.85058 LRK
MB058 29844671572213760 -10.3457 LRK
MB058 29839101117071360 -10.3485 LRK
MB058 29838983852728320 -9.86167 LRK
MB058 29831643019608064 -9.8478 LRK
MB058 29830812178317312 -10.3497 LRK
MB058 29830081396350976 -10.3517 LRK
MB058 29819796002439168 -10.3473 LRK
MB058 29806737200513024 -9.8569 LRK
MB058 29805749064437760 -10.3469 LRK
MB058 29805339708755969 -10.3445 LRK
MB058 29797297508323328 -9.07198 LRK
MB058 29791808808550400 -10.3485 LRK
MB058 29791192287805441 -10.3473 LRK
MB058 29790208731906048 -10.3525 LRK
MB058 29790139085492224 -9.85177 LRK
MB058 29789980624691200 -10.3477 LRK
MB058 29787906004488192 -10.3509 LRK
MB058 29786739249782784 -9.86167 LRK
MB058 29784175661817856 -10.3461 LRK
MB058 29782098629894144 -9.84859 LRK
MB058 29775900543287298 -9.86206 LRK
MB058 29775455875768320 -10.3497 LRK
MB058 29774580419665920 -10.3453 LRK
MB058 29772743209652224 -9.85098 LRK
MB058 29771972158169088 -10.3505 LRK
MB058 29769742285799424 -9.86008 LRK
MB058 29766924858560512 -9.85256 LRK
MB058 29756840820613120 -10.3441 LRK
MB058 29756448648994816 -10.3513 LRK
MB058 29756134600474624 -9.85968 LRK
MB058 29750037760188416 -10.3461 LRK
MB058 29748673009156096 -9.86127 LRK
MB058 29744958021828608 -10.3493 LRK
MB058 29736606751522816 -10.3477 LRK
MB058 29734057466142720 -10.3537 LRK
MB058 29733396267667456 -10.3497 LRK
MB058 29730469696245760 -10.3505 LRK
MB058 29729962374205440 -10.1335 LRK
MB058 29729769583026177 -10.3457 LRK
MB058 29728561325678593 -9.85296 LRK
MB058 29722546454667264 -10.3465 LRK
MB058 29714356967051264 -10.3497 LRK
MB058 29714053769203712 -9.84859 LRK
MB058 29711291257978881 -9.85217 LRK
MB058 29711067563163649 -10.3473 LRK
MB058 29709934362890240 -10.3473 LRK
MB058 29706238543536128 -10.3477 LRK
MB058 29702973026209792 -10.3489 LRK
MB058 29701457770979329 -10.3521 LRK
MB058 29700278496268289 -10.3505 LRK
MB058 29693028843130880 -9.86167 LRK
MB058 29692614676578304 -10.3505 LRK
MB058 29692563778703360 -10.3485 LRK
MB058 29692465602629632 -10.3489 LRK
MB058 29691858657476608 -10.1347 LRK
MB058 29690836400734209 -10.3493 LRK
MB058 29682766337548289 -10.3509 LRK
MB058 29681277816807424 -10.3525 LRK
MB058 29677981425209345 -9.85137 LRK
MB058 29677722464686080 -10.3513 LRK
MB058 29675493053702145 -10.3513 LRK
MB058 29674377406586881 -10.3489 LRK
MB058 29674236733816832 -10.1339 LRK
MB058 29673647408939008 -10.3473 LRK
MB058 29668410333855745 -10.3505 LRK
MB058 29665062092279808 -10.3501 LRK
MB058 29664064925863936 -10.3521 LRK
MB058 29663678190063616 -10.3485 LRK
MB058 29663166954733568 -9.63253 LRK
MB058 29662542439645185 -10.3477 LRK
MB058 29661999407304704 -10.3501 LRK
MB058 29661168880582656 -10.3433 LRK
MB058 29659711443832832 -10.3517 LRK
MB058 29659101722058752 -9.84819 LRK
MB058 29651165067087872 -10.3521 LRK
MB058 29638944261939201 -10.3497 LRK
MB058 29638236905152513 -10.3501 LRK
MB058 29636039043719169 -10.3517 LRK
MB058 29633883251154944 -10.3473 LRK
MB058 29633392681160704 -9.07278 LRK
MB058 29620179998605313 -10.3505 LRK
MB058 29619293721206784 -10.3493 LRK
MB058 29619096530198529 -10.3473 LRK
MB058 29618192590573569 -8.57247 LRK
MB058 29616633630687232 -9.63425 LRK
MB058 29614601423298560 -9.8478 LRK
MB058 29612300172267520 -10.3461 LRK
MB058 29609508556767232 -10.3481 LRK
MB058 29609431490633730 -10.3473 LRK
MB058 29608798528212992 -10.3497 LRK
MB058 29607670868615168 -10.3493 LRK
MB058 29607308149391361 -10.3481 LRK
MB058 29605653781680128 -10.3441 LRK
MB058 29604045219954688 -10.3489 LRK
MB058 29603884267737088 -10.3465 LRK
MB058 29601569401995264 -10.3493 LRK
MB058 29601068644048896 -9.85849 LRK
MB058 29598656835358720 -10.3509 LRK
MB058 29597889160290304 -9.86246 LRK
MB058 29592213516189696 -10.3461 LRK
MB058 29590759191617536 -10.3541 LRK
MB058 29589831906496514 -10.3477 LRK
MB058 29587619771846656 -10.3513 LRK
MB058 29585939617546240 -9.86087 LRK
MB058 29584063153049600 -9.6382 LRK
MB058 29582694312579073 -10.3497 LRK
MB058 29582330406379520 -10.3513 LRK
MB058 29581081942425600 -9.85929 LRK
MB058 29580803218350080 -9.6382 LRK
MB058 29579581409198081 -9.86087 LRK
MB058 29577176823107584 -10.3485 LRK
MB058 29577092924448768 -10.3537 LRK
MB058 29577077569097728 -9.85018 LRK
MB058 29576593626112000 -10.3477 LRK
MB058 29576104423456768 -9.62384 LRK
MB058 29575432592433153 -10.0042 LRK
MB058 29568894368743424 -10.1367 LRK
MB058 29564012119203840 -9.84979 LRK
MB058 29562835507875840 -9.86008 LRK
MB058 29561514713153538 -10.3481 LRK
MB058 29561413810786304 -10.3489 LRK
MB058 29561025208520705 -9.0688 LRK
MB058 29552334002462721 -10.1418 LRK
MB058 29551148906053632 -10.3481 LRK
MB058 29550751013404672 -10.3501 LRK
MB058 29549927172415488 -9.85177 LRK
MB058 29541712028241921 -9.86206 LRK
MB058 29541139015008256 -9.84939 LRK
MB058 29538422196539392 -10.3485 LRK
MB058 29536329775718400 -10.3477 LRK
MB058 29535385390415872 -9.85256 LRK
MB058 29531619303890944 -9.86127 LRK
MB058 29529320376504320 -10.1367 LRK
MB058 29528580316729346 -10.3517 LRK
MB058 29516215382704128 -9.8478 LRK
MB058 29515392179245056 -10.3513 LRK
MB058 29505306958499840 -10.3461 LRK
MB058 29501884968476672 -10.3497 LRK
MB058 29498314659471361 -10.3505 LRK
MB058 29495877148082176 -10.3513 LRK
MB058 29495106889326594 -10.3465 LRK
MB058 29493298401906688 -9.84979 LRK
MB058 29491208485081089 -10.3521 LRK
MB058 29480341949382656 -10.3509 LRK
MB058 29479427704365056 -10.3481 LRK
MB058 29478563438661632 -10.3497 LRK
MB058 29471806498807808 -10.1335 LRK
MB058 29471196521177088 -10.3509 LRK
MB058 29463856812138496 -9.6382 LRK
MB058 29460827396378625 -9.07079 LRK
MB058 29454529678282752 -9.0696 LRK
MB058 29454032573566977 -10.3505 LRK
MB058 29450076338262017 -10.3505 LRK
MB058 29448419869196288 -10.3505 LRK
MB058 29448411858075648 -10.3521 LRK
MB058 29445165726826496 -9.63741 LRK
MB058 29440517968240640 -9.85098 LRK
MB058 29439489789136896 -10.3477 LRK
MB058 29437604629839873 -10.3517 LRK
MB058 29435661241024512 -10.1355 LRK
MB058 29435390607761408 -10.3529 LRK
MB058 29431979799740416 -10.3513 LRK
MB058 29431629877346304 -10.3525 LRK
MB058 29428822365446144 -10.3465 LRK
MB058 29427722744766464 -10.3465 LRK
MB058 29426177705775104 -9.84859 LRK
MB058 29423991005388801 -10.3457 LRK
MB058 29423408311701504 -10.3485 LRK
MB058 29423177398484992 -10.1363 LRK
MB058 29423153511923712 -10.1359 LRK
MB058 29418480193241088 -9.85058 LRK
MB058 29418359497957376 -10.3489 LRK
MB058 29415493404196864 -9.85098 LRK
MB058 29410898682580993 -10.3457 LRK
MB058 29408559041089536 -10.3517 LRK
MB058 29404391463190529 -10.3505 LRK
MB058 29400624374222849 -10.3445 LRK
MB058 29399645557882881 -10.3469 LRK
MB058 29398411228749824 -9.85968 LRK
MB058 29396866223316993 -10.3465 LRK
MB058 29393723062226944 -10.3445 LRK
MB058 29390713686859776 -10.3521 LRK
MB058 29386762266607616 -10.3501 LRK
MB058 29381522733666304 -10.3469 LRK
MB058 29378805206355969 -9.86167 LRK
MB058 29377142240317440 -9.85809 LRK
MB058 29373998101958656 -10.3477 LRK
MB058 29373756094812161 -10.3465 LRK
MB058 29369736538095616 -10.3493 LRK
MB058 29367089760313344 -9.84899 LRK
MB058 29361920821698560 -10.3513 LRK
MB058 29360787097128960 -9.86325 LRK
MB058 29360642712412161 -10.3517 LRK
MB058 29359146159575041 -9.85769 LRK
MB058 29359018753396736 -10.3477 LRK
MB058 29355332144726016 -10.3513 LRK
MB058 29350282097852416 -9.85889 LRK
MB058 29349181730586624 -10.3485 LRK
MB058 29339764574396418 -9.85177 LRK
MB058 29339479932141569 -10.3465 LRK
MB058 29335127683239936 -10.3457 LRK
MB058 29334413376491520 -10.3509 LRK
MB058 29332695548952576 -9.85256 LRK
MB058 29331851160059904 -10.3533 LRK
MB058 29330851472875520 -10.3509 LRK
MB058 29328475483545600 -9.86246 LRK
MB058 29325915301355520 -10.3521 LRK
MB058 29325259530305537 -10.3505 LRK
MB058 29323498555969536 -9.86048 LRK
MB058 29317535388143616 -10.3501 LRK
MB058 29316655192473601 -9.85769 LRK
MB058 29315538878464000 -9.86246 LRK
MB058 29314501920690176 -9.85217 LRK
MB058 29311267340558336 -10.3517 LRK
MB058 29309421091815425 -10.3517 LRK
MB058 29306033675440129 -10.3469 LRK
MB058 29303636374851587 -9.8474 LRK
MB058 29302282491273216 -10.3517 LRK
MB058 29302031235686400 -10.3481 LRK
MB058 29298696038387712 -9.86087 LRK
MB058 29290018195382272 -10.3529 LRK
MB058 29284039160500224 -10.3521 LRK
MB058 29283266171248640 -10.3489 LRK
MB058 29276334656069632 -10.3477 LRK
MB058 29274645106532352 -10.3513 LRK
MB058 29273496341188608 -10.3461 LRK
MB058 29270425557008384 -10.3477 LRK
MB058 29267897524162560 -10.3517 LRK
MB058 29267617084604416 -10.3505 LRK
MB058 29266927436173312 -10.3513 LRK
MB058 29266511226994688 -10.3465 LRK
MB058 29263828021678080 -10.3465 LRK
MB058 29262239567446016 -9.86127 LRK
MB058 29259634481045504 -10.3461 LRK
MB058 29252397054300160 -10.3505 LRK
MB058 29244860192002048 -10.3489 LRK
MB058 29242730668367872 -10.3453 LRK
MB058 29241497748512768 -10.3509 LRK
MB058 29236703180886016 -10.3517 LRK
MB058 29229119686316032 -10.3509 LRK
MB058 29228876945166336 -9.86127 LRK
MB058 29215988746555392 -10.3513 LRK
MB058 29213583141249027 -9.8462 LRK
MB058 29210984824446977 -10.3497 LRK
MB058 29210562646773762 -10.3513 LRK
MB058 29198808520851456 -10.3509 LRK
MB058 29191659128360960 -10.3469 LRK
MB058 29189396141969408 -10.3497 LRK
MB058 29188665221582848 -10.3509 LRK
MB058 29182310209290240 -9.86206 LRK
MB058 29179259339673600 -10.3449 LRK
MB058 29173303780311040 -10.3517 LRK
MB058 29171812491329536 -10.3477 LRK
MB058 29160219858702336 -9.85809 LRK
MB058 29154330590318592 -10.3497 LRK
MB058 29153790791778304 -10.3485 LRK
MB058 29141315623063552 -10.3485 LRK
MB058 29132809385803776 -10.3509 LRK
MB058 29124220743065600 -10.3469 LRK
MB058 29112127750934528 -10.3477 LRK
MB058 29103571047817216 -10.3465 LRK
MB058 29098916255375360 -10.3477 LRK
MB058 29094261500678144 -10.3497 LRK
MB058 29092678675206144 -10.3497 LRK
MB058 29084771984351232 -9.84899 LRK
MB058 29083598283874304 -10.3493 LRK
MB058 29082026845937664 -10.3469 LRK
MB058 29081525706293249 -10.3493 LRK
MB058 29080065014763520 -10.3449 LRK
MB058 29078165712273408 -10.3489 LRK
MB058 29078034615111680 -10.3469 LRK
MB058 29077159511326720 -10.3469 LRK
MB058 29067801553534976 -10.3445 LRK
MB058 29060934051827712 -10.3497 LRK
MB058 29060132243513345 -10.3529 LRK
MB058 29056847122006016 -10.3457 LRK
MB058 29053511840833537 -9.84859 LRK
MB058 29052919651237888 -10.3509 LRK
MB058 29052516905787392 -10.3473 LRK
MB058 29051267045134337 -9.8569 LRK
MB058 29046849662881793 -10.3453 LRK
MB058 29046840657707009 -10.3441 LRK
MB058 29046451589873664 -10.3485 LRK
MB058 29044936712134656 -10.3481 LRK
MB058 29043160126590976 -9.84819 LRK
MB058 29041201420181504 -10.3517 LRK
MB058 29041061741469696 -10.3457 LRK
MB058 29039786362667008 -10.3445 LRK
MB058 29036816577335297 -10.3501 LRK
MB058 29032376935907329 -10.3529 LRK
MB058 29031005281058816 -10.3457 LRK
MB058 29030395227934720 -9.8573 LRK
MB058 29026952408993792 -9.07039 LRK
MB058 29025376973885440 -10.1351 LRK
MB058 29021222977150976 -9.07039 LRK
MB058 29016166739484672 -10.3521 LRK
MB058 29008570599084032 -10.3449 LRK
MB058 29006925475614720 -10.3469 LRK
MB058 29005529481224194 -9.07039 LRK
MB058 29003853542203392 -9.84939 LRK
MB058 29002554243284992 -10.3509 LRK
MB058 28999830579712001 -10.3469 LRK
MB058 28999431802060800 -10.3513 LRK
MB058 28998875473776640 -10.3489 LRK
MB058 28995697600634880 -10.3485 LRK
MB058 28995455262130176 -9.8466 LRK
MB058 28991576080392192 -10.3489 LRK
MB058 28990391168536577 -10.3489 LRK
MB058 28986557998305280 -9.84819 LRK
MB058 28986530752106497 -10.3513 LRK
MB058 28985772979789824 -9.85929 LRK
MB058 28984192285020160 -10.3505 LRK
MB058 28981805247889408 -10.3517 LRK
MB058 28980244396380160 -10.3493 LRK
MB058 28976217495437313 -10.3517 LRK
MB058 28972135292604417 -9.84819 LRK
MB058 28970807988322304 -10.3505 LRK
MB058 28970238875799552 -10.3501 LRK
MB058 28970162862432256 -9.85098 LRK
MB058 28967327038971904 -10.3497 LRK
MB058 28965472653287424 -9.85098 LRK
