MB060 34436767029399552 -11.0151 LRK
MB060 34433105322311681 -11.0155 LRK
MB060 34427856268296192 -11.0123 LRK
MB060 34423422805086208 -10.6796 LRK
MB060 34419890836209664 -9.37504 LRK
MB060 34413781824053250 -11.0131 LRK
MB060 34401760499994624 -11.0139 LRK
MB060 34400768010223616 -11.0115 LRK
MB060 34399985877385216 -10.6808 LRK
MB060 34374207865360384 -11.0139 LRK
MB060 34362237711810560 -11.0123 LRK
MB060 34360524418326528 -11.0143 LRK
MB060 34350131339862016 -11.0135 LRK
MB060 34340702926151680 -11.0115 LRK
MB060 34339551702949888 -11.0147 LRK
MB060 34330261625765888 -11.0131 LRK
MB060 34321869083656192 -11.0143 LRK
MB060 34319783511986177 -11.0135 LRK
MB060 34317814336593920 -11.0147 LRK
MB060 34314302349512704 -11.0147 LRK
MB060 34301372430032896 -11.0123 LRK
MB060 34298509683335168 -11.0163 LRK
MB060 34295352752488448 -11.0143 LRK
MB060 34294472170799104 -11.0115 LRK
MB060 34293118794727424 -11.01 LRK
MB060 34288453235507200 -11.0139 LRK
MB060 34272896184483840 -11.0143 LRK
MB060 34265847648223232 -10.3391 LRK
MB060 34257438848851968 -11.0151 LRK
MB060 34242790003048448 -11.0171 LRK
MB060 34241267537813504 -10.6808 LRK
MB060 34239780854169600 -11.0147 LRK
MB060 34220554386939904 -11.0119 LRK
MB060 34212573473677313 -10.6756 LRK
MB060 34208991005384704 -11.0139 LRK
MB060 34207433509314560 -10.6812 LRK
MB060 34196606400069632 -11.0123 LRK
MB060 34196305525997568 -11.0143 LRK
MB060 34196136759791616 -11.0155 LRK
MB060 34191148067065856 -10.6784 LRK
MB060 34170614994440192 -11.0175 LRK
MB060 34170614801498112 -11.0131 LRK
MB060 34161535391633408 -10.4818 LRK
MB060 34141762964426752 -10.4818 LRK
MB060 34124249186697216 -9.3782 LRK
MB060 34119176763219969 -11.0167 LRK
MB060 34096959190999040 -11.0175 LRK
MB060 34089080761352192 -10.6768 LRK
MB060 34083615394635776 -11.0123 LRK
MB060 34064563758436353 -11.0171 LRK
MB060 34048651693129728 -11.0127 LRK
MB060 34047953588981760 -11.0088 LRK
MB060 34039493702979584 -11.0127 LRK
MB060 34037666857095168 -10.68 LRK
MB060 34037388133015552 -11.0167 LRK
MB060 33952047346753536 -11.0135 LRK
MB060 33947153646755840 -11.0115 LRK
MB060 33935143164968960 -11.0119 LRK
MB060 33931204822708224 -11.0084 LRK
MB060 33930401353306112 -11.0147 LRK
MB060 33918077670260736 -11.0119 LRK
MB060 33906092450775040 -11.0119 LRK
MB060 33905407281864704 -11.0127 LRK
MB060 33897544161562624 -11.0155 LRK
MB060 33893263983382528 -11.008 LRK
MB060 33891480875573248 -11.0167 LRK
MB060 33886665583894529 -11.0167 LRK
MB060 33886610151968768 -11.0135 LRK
MB060 33877818676871169 -11.0135 LRK
MB060 33866244889255936 -11.0167 LRK
MB060 33861807881854976 -11.0127 LRK
MB060 33832369173561344 -10.6768 LRK
MB060 33825712628572160 -11.0127 LRK
MB060 33822127090040833 -11.0171 LRK
MB060 33817367196733440 -11.0155 LRK
MB060 33767395541778432 -11.0159 LRK
MB060 33766008078475264 -11.0131 LRK
MB060 33759350933688320 -11.0187 LRK
MB060 33747547113799680 -11.0123 LRK
MB060 33736019194941440 -11.0171 LRK
MB060 33724367154184192 -11.0151 LRK
MB060 33706609385414656 -10.678 LRK
MB060 33686423018147840 -11.0167 LRK
MB060 33681047828967424 -10.6772 LRK
MB060 33677391939239936 -10.6788 LRK
MB060 33662328511668224 -11.0123 LRK
MB060 33648572633186305 -11.0163 LRK
MB060 33541837868240896 -11.0155 LRK
MB060 33538596304584704 -11.0171 LRK
MB060 33528419429912577 -11.0135 LRK
MB060 33515230587785216 -11.0115 LRK
MB060 33514651547344896 -10.6812 LRK
MB060 33509970242703360 -11.0163 LRK
MB060 33499408821649408 -11.0147 LRK
MB060 33481092530970624 -11.0115 LRK
MB060 33475941577523200 -11.0123 LRK
MB060 33473583443345408 -11.0163 LRK
MB060 33466017904599040 -11.0111 LRK
MB060 33465601515061248 -11.0131 LRK
MB060 33455624742240256 -11.0115 LRK
MB060 33450326254161920 -11.0155 LRK
MB060 33441821556219904 -11.0115 LRK
MB060 33440459686674432 -10.68 LRK
MB060 33427794578907138 -11.0092 LRK
MB060 33420322896089089 -11.0171 LRK
MB060 33414268057550848 -11.0096 LRK
MB060 33394964012470272 -11.0183 LRK
MB060 33360216896577537 -11.0171 LRK
MB060 33355922768134144 -11.0119 LRK
MB060 33347616108449792 -11.0096 LRK
MB060 33333604473905153 -10.4822 LRK
MB060 33325971704647680 -11.0195 LRK
MB060 33319693687193600 -11.0119 LRK
MB060 33317297439375360 -9.37425 LRK
MB060 33315423587926016 -11.0171 LRK
MB060 33314537855782912 -11.0104 LRK
MB060 33312830832779264 -11.0171 LRK
MB060 33303077645721601 -11.0119 LRK
MB060 33302638321737728 -9.37385 LRK
MB060 33290517185830913 -11.0096 LRK
MB060 33289881463554048 -11.0119 LRK
MB060 33289072579448832 -11.0167 LRK
MB060 33286243110359040 -10.6764 LRK
MB060 33280407558422530 -11.0163 LRK
MB060 33269747457986560 -11.0155 LRK
MB060 33258453669519360 -11.0123 LRK
MB060 33244191333023745 -11.0135 LRK
MB060 33241766408753152 -11.0163 LRK
MB060 33234896205910016 -11.0127 LRK
MB060 33219399687086080 -11.0123 LRK
MB060 33215620443013120 -11.0111 LRK
MB060 33213207115988993 -11.0108 LRK
MB060 33207663022186496 -11.0139 LRK
MB060 33204998779183104 -11.0111 LRK
MB060 33194092347260929 -11.0159 LRK
MB060 33193476678098944 -11.0119 LRK
MB060 33193270754410496 -11.0167 LRK
MB060 33191028164919296 -11.0151 LRK
MB060 33189744468824064 -11.0119 LRK
MB060 33184527253774336 -11.0159 LRK
MB060 33182966221905921 -11.0167 LRK
MB060 33178793958973440 -11.0108 LRK
MB060 33164098782896128 -11.0111 LRK
MB060 33163430215028737 -11.0159 LRK
MB060 33143822955323392 -11.0135 LRK
MB060 33136404745687041 -10.6808 LRK
MB060 33123261378199552 -11.0096 LRK
MB060 33121277527076864 -10.6792 LRK
MB060 33118667621269504 -11.0151 LRK
MB060 33093432729673728 -10.481 LRK
MB060 33089393585561600 -10.6808 LRK
MB060 33088815753072640 -11.0115 LRK
MB060 33075693453574144 -11.0088 LRK
MB060 33067735395082240 -9.37543 LRK
MB060 33034489114402818 -10.4806 LRK
MB060 33030215693238272 -10.6824 LRK
MB060 33005252936613888 -11.0104 LRK
MB060 33004878599028736 -10.6792 LRK
MB060 32998133591965698 -11.0108 LRK
MB060 32993365960163329 -11.0159 LRK
MB060 32980463521894404 -10.6784 LRK
MB060 32969751617609728 -11.0119 LRK
MB060 32964361152630785 -11.0175 LRK
MB060 32952319834333184 -11.0123 LRK
MB060 32951788327927809 -10.6808 LRK
MB060 32944120313937920 -11.0171 LRK
MB060 32941334444642304 -11.0104 LRK
MB060 32940057354567680 -11.0143 LRK
MB060 32925036524339200 -11.0127 LRK
MB060 32924622777229312 -11.0131 LRK
MB060 32924110325551104 -10.4798 LRK
MB060 32921526181306368 -10.68 LRK
MB060 32918942691360769 -11.0163 LRK
MB060 32910909026336769 -11.0131 LRK
MB060 32893865128103936 -11.0187 LRK
MB060 32890514625794049 -9.37385 LRK
MB060 32890431842820097 -11.0111 LRK
MB060 32888502592999424 -11.0159 LRK
MB060 32873793785430016 -9.37147 LRK
MB060 32846949170286593 -11.0096 LRK
MB060 32844335699460096 -11.0155 LRK
MB060 32840314427277312 -9.37425 LRK
MB060 32835480282206208 -11.0123 LRK
MB060 32833569088864256 -11.0123 LRK
MB060 32829804684255232 -11.0088 LRK
MB060 32827336114044928 -11.0092 LRK
MB060 32819002531119104 -9.37187 LRK
MB060 32804963172229122 -11.0159 LRK
MB060 32796533900451840 -10.6788 LRK
MB060 32790377945628674 -11.0167 LRK
MB060 32788760802361344 -11.0131 LRK
MB060 32788306391474176 -11.0175 LRK
MB060 32784347446640641 -11.0096 LRK
MB060 32779560177106944 -11.0171 LRK
MB060 32778112353701888 -11.0155 LRK
MB060 32777293533282304 -11.0175 LRK
MB060 32773497323261953 -10.6816 LRK
MB060 32769247159525376 -10.6808 LRK
MB060 32767369885523968 -10.68 LRK
MB060 32759104686526464 -11.0123 LRK
MB060 32735966103863296 -11.0175 LRK
MB060 32717001642213376 -11.0171 LRK
MB060 32708438391783424 -11.0108 LRK
MB060 32695014534422528 -11.0123 LRK
MB060 32682961971187712 -11.0119 LRK
MB060 32670047541399554 -11.0111 LRK
MB060 32650628815654912 -11.0104 LRK
MB060 32637471158181888 -11.0151 LRK
MB060 32636564857163776 -11.0108 LRK
MB060 32633259359739904 -11.0127 LRK
MB060 32630574321500160 -10.6784 LRK
MB060 32625374466670592 -11.0175 LRK
MB060 32624094155382784 -11.0127 LRK
MB060 32622381050626048 -10.682 LRK
MB060 32621134683840512 -11.0135 LRK
MB060 32607635337388032 -9.37266 LRK
MB060 32606382687522816 -11.0143 LRK
MB060 32596338398986240 -11.0147 LRK
MB060 32587720056381440 -11.0159 LRK
MB060 32586965681438721 -11.0111 LRK
MB060 32585080530534400 -11.0131 LRK
MB060 32583438900924416 -11.0143 LRK
MB060 32565854197522434 -11.0167 LRK
MB060 32563258921586688 -11.0096 LRK
MB060 32563025143668736 -11.0127 LRK
MB060 32561751102857217 -11.0143 LRK
MB060 32549389721403392 -11.0155 LRK
MB060 32546178050564096 -11.0159 LRK
MB060 32545550293278720 -11.0155 LRK
MB060 32538296370339840 -9.37425 LRK
MB060 32533115071102976 -11.0119 LRK
MB060 32531322975031297 -11.0167 LRK
MB060 32518041971462144 -11.0171 LRK
MB060 32509167298154497 -11.0111 LRK
MB060 32505435818823680 -11.0123 LRK
MB060 32499549176078336 -11.0115 LRK
MB060 32493092347052033 -9.37504 LRK
MB060 32491264125440000 -11.0123 LRK
MB060 32489954206552064 -11.0104 LRK
MB060 32485126906580992 -10.4814 LRK
MB060 32478081310531584 -11.0151 LRK
MB060 32476378754453504 -11.0167 LRK
MB060 32470427972407297 -11.0119 LRK
MB060 32465039742992384 -11.0147 LRK
MB060 32459873564237824 -10.6867 LRK
MB060 32451702485422081 -9.0257 LRK
MB060 32425136569188352 -11.0159 LRK
MB060 32420868470607872 -11.0119 LRK
MB060 32401917023887360 -11.0163 LRK
MB060 32400138295050240 -10.6772 LRK
MB060 32397620974460928 -11.0131 LRK
MB060 32378179473637376 -11.0127 LRK
MB060 32356570746593280 -11.0151 LRK
MB060 32338110041817088 -11.0171 LRK
MB060 32326977826324480 -11.0123 LRK
MB060 32313684516667392 -11.0151 LRK
MB060 32310535236091904 -11.0139 LRK
MB060 32297423967617024 -9.36948 LRK
MB060 32287551872049153 -11.0151 LRK
MB060 32282429179822080 -11.0151 LRK
MB060 32274292934709248 -11.0111 LRK
MB060 32262026784935937 -11.0171 LRK
MB060 32253721475809280 -11.0123 LRK
MB060 32251502751911936 -11.0127 LRK
MB060 32246224383909888 -11.0167 LRK
MB060 32245131734163456 -11.0135 LRK
MB060 32243215436353536 -9.37266 LRK
MB060 32232123762999296 -11.0163 LRK
MB060 32218369029578752 -11.0147 LRK
MB060 32216775609294848 -11.0143 LRK
MB060 32215388670394369 -11.0167 LRK
MB060 32209889547784193 -11.0111 LRK
MB060 32209755963392000 -11.0195 LRK
MB060 32209447271010305 -10.6792 LRK
MB060 32197479604686848 -11.0139 LRK
MB060 32164323618979840 -10.6796 LRK
MB060 32163338561519616 -11.0119 LRK
MB060 32162361813114880 -11.0092 LRK
MB060 32160280121184256 -11.0171 LRK
MB060 32159615927975936 -11.0171 LRK
MB060 32150815032479744 -11.0119 LRK
MB060 32146010880876544 -11.0131 LRK
MB060 32135116910239745 -11.0155 LRK
MB060 32129079801024512 -11.0175 LRK
MB060 32128917364019200 -11.0115 LRK
MB060 32126045767344128 -11.0108 LRK
MB060 32122661534437376 -11.0115 LRK
MB060 32121406158282752 -11.0127 LRK
MB060 32113442663964674 -11.0167 LRK
MB060 32096649790623745 -10.6812 LRK
MB060 32095910624239616 -11.0119 LRK
MB060 32080120806117377 -11.0155 LRK
MB060 32045900373172224 -10.678 LRK
MB060 32041815846682624 -11.0151 LRK
MB060 32036574552129537 -11.0159 LRK
MB060 32025187096469504 -11.0147 LRK
MB060 32008904330186752 -10.4802 LRK
MB060 32008658833379328 -11.0115 LRK
MB060 32006887113236480 -11.0163 LRK
MB060 32003703108018176 -11.0143 LRK
MB060 31983916797665280 -11.0123 LRK
MB060 31971578401001472 -11.0179 LRK
MB060 31948959979151360 -11.0163 LRK
MB060 31938590585921537 -10.6792 LRK
MB060 31932548758114304 -11.0155 LRK
MB060 31928170336751616 -11.0139 LRK
MB060 31925027234385920 -11.0147 LRK
MB060 31925014072655873 -11.0155 LRK
MB060 31902196287152130 -11.0159 LRK
MB060 31901150139654145 -11.0151 LRK
MB060 31891601236168704 -11.0123 LRK
MB060 31887149833912320 -11.0167 LRK
MB060 31859911369424897 -11.0167 LRK
MB060 31858497041735680 -11.0175 LRK
MB060 31851458030731265 -11.0123 LRK
MB060 31849691155013632 -11.0147 LRK
MB060 31845699976957952 -11.0179 LRK
MB060 31844651140911104 -11.0143 LRK
MB060 31811792514588672 -11.0119 LRK
MB060 31801180061433856 -11.0115 LRK
MB060 31792512024707072 -11.0131 LRK
MB060 31789696912723969 -11.0131 LRK
MB060 31787373297668096 -11.0163 LRK
MB060 31785247922200576 -9.37345 LRK
MB060 31782993198583808 -11.0171 LRK
MB060 31778804447846401 -11.0143 LRK
MB060 31777556533354496 -11.0092 LRK
MB060 31775016945197056 -11.0119 LRK
MB060 31772625969610752 -11.0151 LRK
MB060 31767856039329792 -11.0108 LRK
MB060 31760876486795264 -11.0155 LRK
MB060 31749327172935680 -11.0143 LRK
MB060 31748735637651459 -11.0119 LRK
MB060 31740806834425856 -10.6812 LRK
MB060 31732480914489344 -10.68 LRK
MB060 31731638631137281 -11.0108 LRK
MB060 31724837294571520 -11.0111 LRK
MB060 31717825269731328 -11.0163 LRK
MB060 31685731671875584 -11.0115 LRK
MB060 31682953595584513 -11.0171 LRK
MB060 31682217021276160 -11.0108 LRK
MB060 31672985840517120 -11.0104 LRK
MB060 31670793079361536 -9.37345 LRK
MB060 31670775505223680 -9.37345 LRK
MB060 31656691342770176 -10.68 LRK
MB060 31652844012572673 -11.0143 LRK
MB060 31648324306079744 -11.0147 LRK
MB060 31606047844077568 -11.0131 LRK
MB060 31596255645798400 -11.0167 LRK
MB060 31590126110904320 -10.6816 LRK
MB060 31582344502575104 -11.0155 LRK
MB060 31579382669639680 -11.0175 LRK
MB060 31574865592979456 -11.0104 LRK
MB060 31574562965557248 -11.0115 LRK
MB060 31569769945636865 -11.0104 LRK
MB060 31553127102550016 -11.0151 LRK
MB060 31553007199985664 -11.0183 LRK
MB060 31549742353747968 -11.0115 LRK
MB060 31547140597620738 -11.0131 LRK
MB060 31546669883465728 -11.0123 LRK
MB060 31543425941643264 -11.0084 LRK
MB060 31541787378065409 -10.4798 LRK
MB060 31529509962387456 -10.6788 LRK
MB060 31528219622506496 -11.0175 LRK
MB060 31504834347663360 -11.0088 LRK
MB060 31473705490063360 -11.0159 LRK
MB060 31469968528769025 -10.6812 LRK
MB060 31468756320391168 -11.0119 LRK
MB060 31459972197908480 -11.0159 LRK
MB060 31442910696177665 -10.6816 LRK
MB060 31424346220134400 -11.0147 LRK
MB060 31417341728260096 -11.0127 LRK
MB060 31416196981067776 -11.0151 LRK
MB060 31413978651435008 -9.36908 LRK
MB060 31387551839293441 -10.6804 LRK
MB060 31377104851435520 -11.0143 LRK
MB060 31371147513692160 -11.0127 LRK
MB060 31367981963415553 -11.0119 LRK
MB060 31364247728427008 -11.0155 LRK
MB060 31361239879778304 -11.0131 LRK
MB060 31355475723296768 -11.0159 LRK
MB060 31350795135877120 -11.0127 LRK
MB060 31343165118087169 -10.6796 LRK
MB060 31330501872586753 -10.6804 LRK
MB060 31327450969415680 -11.0171 LRK
MB060 31324492491923456 -10.6804 LRK
MB060 31320075092885504 -11.0131 LRK
MB060 31314268687171584 -11.0151 LRK
MB060 31301157481611264 -11.0163 LRK
MB060 31299916881993728 -10.4826 LRK
MB060 31295548401131520 -11.0096 LRK
MB060 31292566762684417 -11.0139 LRK
MB060 31287096681435136 -10.6824 LRK
MB060 31283921618472960 -11.0111 LRK
MB060 31280399111950336 -11.0104 LRK
MB060 31270753550737408 -11.0127 LRK
MB060 31269345250246656 -10.6788 LRK
MB060 31266735499776000 -11.0179 LRK
MB060 31263929590091776 -10.6796 LRK
MB060 31256750145409024 -11.0151 LRK
MB060 31224800038879232 -11.0119 LRK
MB060 31206369348558848 -11.0159 LRK
MB060 31198473860685824 -11.0171 LRK
MB060 31187069468413952 -10.6796 LRK
MB060 31182635430576128 -11.0131 LRK
MB060 31175586026094593 -11.0159 LRK
MB060 31168490618486784 -11.0143 LRK
MB060 31160749384540161 -11.0108 LRK
MB060 31158533105909760 -11.0139 LRK
MB060 31139501162102784 -11.0163 LRK
MB060 31134657022001153 -11.0108 LRK
MB060 31132710705565696 -11.0171 LRK
MB060 31122825305657344 -11.0108 LRK
MB060 31111015328387072 -11.0167 LRK
MB060 31098329915981825 -11.0163 LRK
MB060 31091400284049408 -11.0088 LRK
MB060 31085518896758785 -11.0143 LRK
MB060 31073318543032320 -10.6796 LRK
MB060 31059718105468928 -11.0171 LRK
MB060 31058541116657664 -10.6808 LRK
MB060 31044285503639553 -11.0167 LRK
MB060 31027264854433793 -11.0175 LRK
MB060 31025621903609856 -10.6784 LRK
MB060 31018278142869506 -11.0171 LRK
MB060 31012345664765952 -11.0123 LRK
MB060 30993448911765504 -11.0135 LRK
MB060 30987549543497728 -11.0163 LRK
MB060 30984263960633344 -11.0139 LRK
MB060 30983787705794560 -11.0159 LRK
MB060 30959520830197760 -10.6824 LRK
MB060 30951279899451393 -10.68 LRK
MB060 30948577773621248 -11.0167 LRK
MB060 30947181829562368 -10.6792 LRK
MB060 30936142652112896 -11.0139 LRK
MB060 30929580629950464 -11.0119 LRK
MB060 30922877704339456 -10.68 LRK
MB060 30918931124322304 -11.0123 LRK
MB060 30912466233860096 -11.0119 LRK
MB060 30906101285261312 -11.0159 LRK
MB060 30901247426957312 -11.0143 LRK
MB060 30900201635979264 -11.0139 LRK
MB060 30896445397671936 -11.0096 LRK
MB060 30888675101384704 -10.4782 LRK
MB060 30883172178726912 -11.0151 LRK
MB060 30867592214220800 -10.6772 LRK
MB060 30838480187686913 -10.6796 LRK
MB060 30833823713333248 -11.0155 LRK
MB060 30805118169391104 -9.36868 LRK
MB060 30803091490086912 -10.6776 LRK
MB060 30796264580849664 -11.0115 LRK
MB060 30794679930851328 -11.0163 LRK
MB060 30786145579180032 -10.6796 LRK
MB060 30782535134879744 -11.0151 LRK
MB060 30781762292424704 -11.0084 LRK
MB060 30779659390033920 -11.0147 LRK
MB060 30772722690695168 -11.0123 LRK
MB060 30745569156665345 -11.0127 LRK
MB060 30742992339865600 -11.0111 LRK
MB060 30742388892762113 -11.0167 LRK
MB060 30728211767762944 -11.0143 LRK
MB060 30724724736655361 -10.4818 LRK
MB060 30712634152062976 -11.0143 LRK
MB060 30702658113249282 -11.0127 LRK
MB060 30702331435683841 -11.0135 LRK
MB060 30694625152864256 -11.0187 LRK
MB060 30687231832227840 -11.0147 LRK
MB060 30685454885986304 -11.0167 LRK
MB060 30678113146896384 -10.6808 LRK
MB060 30676488235782144 -11.0155 LRK
MB060 30666356126912512 -10.4802 LRK
MB060 30658825623179265 -11.0131 LRK
MB060 30658102550335488 -11.0135 LRK
MB060 30652376973053952 -11.0135 LRK
MB060 30635285104558080 -11.0155 LRK
MB060 30622029539442688 -11.0155 LRK
MB060 30614708486676480 -11.0127 LRK
MB060 30608387918004224 -10.6808 LRK
MB060 30605376395157504 -11.0135 LRK
MB060 30597951457853442 -11.0131 LRK
MB060 30589863128473600 -11.0135 LRK
MB060 30583328172154880 -10.6808 LRK
MB060 30569342814916608 -10.6812 LRK
MB060 30569278860165120 -10.6792 LRK
MB060 30562259365269505 -11.0151 LRK
MB060 30551131616706560 -11.0127 LRK
MB060 30550652635582465 -11.0163 LRK
MB060 30524220291162112 -11.01 LRK
MB060 30522982673686529 -11.0143 LRK
MB060 30517889798774784 -11.0139 LRK
MB060 30505936757981184 -9.36948 LRK
MB060 30479247961235456 -11.0127 LRK
MB060 30478250358607872 -11.0139 LRK
MB060 30477968526544896 -11.0143 LRK
MB060 30472083452465153 -11.0183 LRK
MB060 30471649639796736 -11.0163 LRK
MB060 30464679839006720 -11.0143 LRK
MB060 30455674320199681 -11.0135 LRK
MB060 30455347827183616 -11.0167 LRK
MB060 30454133827829760 -11.0123 LRK
MB060 30424269355745280 -11.0179 LRK
MB060 30422256056274947 -9.02689 LRK
MB060 30416778207166465 -11.0131 LRK
MB060 30414856796508160 -11.0092 LRK
MB060 30413404111904768 -11.0167 LRK
MB060 30413288911147008 -11.0123 LRK
MB060 30408172598468609 -11.0159 LRK
MB060 30407855718793217 -11.0147 LRK
MB060 30402067868688384 -11.0143 LRK
MB060 30393365296054272 -11.0155 LRK
MB060 30391135373361152 -10.6812 LRK
MB060 30387072019730432 -11.0159 LRK
MB060 30385790752137216 -11.0151 LRK
MB060 30382527768166400 -10.6788 LRK
MB060 30381776270528512 -11.0127 LRK
MB060 30375709289480192 -10.6848 LRK
MB060 30371756602564608 -11.0115 LRK
MB060 30371703578169344 -10.4818 LRK
MB060 30370994178752512 -9.37067 LRK
MB060 30369843635036160 -11.0127 LRK
MB060 30367127315681280 -11.0171 LRK
MB060 30365823444983809 -11.0108 LRK
MB060 30364014986924032 -11.0171 LRK
MB060 30363847143464961 -10.678 LRK
MB060 30361012511186945 -11.01 LRK
MB060 30357279580626944 -9.37306 LRK
MB060 30356080949207040 -11.0119 LRK
MB060 30355370538958850 -11.0139 LRK
MB060 30352981819920384 -11.0151 LRK
MB060 30347468537339904 -11.0127 LRK
MB060 30344561100324864 -11.0104 LRK
MB060 30342511624978432 -11.0119 LRK
MB060 30338015612108801 -11.0111 LRK
MB060 30336632099966976 -11.0163 LRK
MB060 30310816603447296 -11.0151 LRK
MB060 30307642370949121 -10.6804 LRK
MB060 30303527939084289 -11.01 LRK
MB060 30298265106780160 -11.0171 LRK
MB060 30291942273196032 -11.0096 LRK
MB060 30287161899094016 -11.0127 LRK
MB060 30271128404492288 -11.0147 LRK
MB060 30267608511021056 -11.0147 LRK
MB060 30267517163282432 -11.0127 LRK
MB060 30266409938321408 -11.0163 LRK
MB060 30265732965076994 -9.36908 LRK
MB060 30262084751073281 -11.0171 LRK
MB060 30231673970884608 -10.6784 LRK
MB060 30205821816152064 -11.0163 LRK
MB060 30198396929187840 -11.0131 LRK
MB060 30197563596476417 -11.0163 LRK
MB060 30187075735134208 -11.0111 LRK
MB060 30166180924760065 -9.36908 LRK
MB060 30163374469816321 -11.0123 LRK
MB060 30127796827201537 -10.6808 LRK
MB060 30121883856801793 -11.0131 LRK
MB060 30117313898348544 -11.0111 LRK
MB060 30113140213555201 -11.0123 LRK
MB060 30107033172709377 -11.0159 LRK
MB060 30100811585425410 -11.0155 LRK
MB060 30098273620463616 -11.0115 LRK
MB060 30088313067020288 -11.0163 LRK
MB060 30083577085427713 -11.0111 LRK
MB060 30078388416806912 -11.0119 LRK
MB060 30075242592337920 -10.4822 LRK
MB060 30073610689323008 -11.0108 LRK
MB060 30068138389282816 -11.0183 LRK
MB060 30066912960454656 -11.0155 LRK
MB060 30066056034779137 -11.0119 LRK
MB060 30047760992436224 -11.0155 LRK
MB060 30041240959451136 -11.0119 LRK
MB060 30037379448307712 -11.0175 LRK
MB060 30037030612246528 -11.0163 LRK
MB060 30032059602829312 -11.0115 LRK
MB060 30030983189233664 -11.0175 LRK
MB060 30029810507976707 -11.0163 LRK
MB060 30023369994797056 -11.0163 LRK
MB060 30017319606427649 -10.6804 LRK
MB060 30001201529495552 -11.008 LRK
MB060 29987499350687744 -11.0175 LRK
MB060 29982067924144128 -11.0115 LRK
MB060 29970359025401856 -11.0131 LRK
MB060 29964149756788736 -11.0159 LRK
MB060 29961450948657152 -11.0167 LRK
MB060 29941269752971264 -11.0123 LRK
MB060 29938616243326977 -11.0115 LRK
MB060 29928774757781504 -11.0088 LRK
MB060 29923754175893506 -11.0111 LRK
MB060 29911610587877377 -11.0143 LRK
MB060 29911466186375168 -10.6764 LRK
MB060 29909262767489024 -10.6812 LRK
MB060 29896443762315264 -11.0143 LRK
MB060 29888789279145986 -11.0131 LRK
MB060 29887273495433219 -11.0187 LRK
MB060 29877422140686336 -11.0111 LRK
MB060 29875837419393024 -11.0119 LRK
MB060 29851893127716865 -11.0104 LRK
MB060 29847110702596096 -11.0167 LRK
MB060 29817069507715072 -11.0159 LRK
MB060 29802949865639937 -10.6792 LRK
MB060 29796903000477696 -11.0084 LRK
MB060 29787452214353920 -11.0175 LRK
MB060 29784967005343744 -11.0131 LRK
MB060 29756093555023873 -11.0143 LRK
MB060 29752410721230848 -11.0171 LRK
MB060 29740251769470976 -10.6812 LRK
MB060 29726446595346433 -11.0108 LRK
MB060 29726027206893568 -11.0163 LRK
MB060 29717543878926336 -11.0123 LRK
MB060 29712384855642114 -11.0175 LRK
MB060 29709683308625920 -11.0092 LRK
MB060 29705297664671744 -11.0139 LRK
MB060 29675551593598976 -11.0131 LRK
MB060 29675264728371200 -11.0147 LRK
MB060 29667576967593984 -11.0163 LRK
MB060 29662689458388992 -10.68 LRK
MB060 29656748692348929 -11.0123 LRK
MB060 29652571551440896 -11.0127 LRK
MB060 29639393610305536 -11.0127 LRK
MB060 29631879036534785 -11.0147 LRK
MB060 29629082937327616 -11.0088 LRK
MB060 29608084414402560 -11.0183 LRK
MB060 29605916726788097 -11.0163 LRK
MB060 29599260441837568 -10.68 LRK
MB060 29593685628821506 -9.37425 LRK
MB060 29583076854079488 -11.01 LRK
MB060 29578813029486593 -11.0135 LRK
MB060 29571477997101056 -11.0147 LRK
MB060 29571474918473728 -11.0119 LRK
MB060 29566862849220608 -11.0115 LRK
MB060 29561661484433408 -11.0159 LRK
MB060 29556885262696449 -11.0155 LRK
MB060 29555420544638976 -11.0123 LRK
MB060 29546508198084608 -11.0151 LRK
MB060 29544741423026176 -11.0167 LRK
MB060 29543243590926337 -11.0143 LRK
MB060 29540933515083776 -11.0167 LRK
MB060 29534793855148033 -11.0108 LRK
MB060 29522709046099968 -11.0111 LRK
MB060 29517940504137729 -11.0151 LRK
MB060 29517238008553473 -11.0155 LRK
MB060 29514405133684736 -11.0155 LRK
MB060 29510166013550592 -11.0127 LRK
MB060 29503167339167744 -11.0151 LRK
MB060 29498516329988096 -11.0147 LRK
MB060 29481716678660096 -11.0139 LRK
MB060 29480824051077120 -10.6764 LRK
MB060 29462420049104897 -11.0143 LRK
MB060 29459255841001472 -11.0163 LRK
MB060 29455877622730752 -11.0191 LRK
MB060 29447012155920384 -11.0175 LRK
MB060 29437563794104320 -11.0155 LRK
MB060 29436803878490112 -10.6764 LRK
MB060 29431560562282496 -10.4814 LRK
MB060 29422130202415104 -11.01 LRK
MB060 29417193758269440 -11.0127 LRK
MB060 29416616659779584 -11.0108 LRK
MB060 29416551786483712 -11.0135 LRK
MB060 29416479157915648 -11.0123 LRK
MB060 29406431119671296 -11.0167 LRK
MB060 29404462439206912 -11.0147 LRK
MB060 29401850142785536 -11.0104 LRK
MB060 29383329295896576 -11.0175 LRK
MB060 29379320292048896 -11.0115 LRK
MB060 29372616569524224 -11.0096 LRK
MB060 29372615957151745 -11.0179 LRK
MB060 29356159487967233 -11.0123 LRK
MB060 29341219486175232 -11.0131 LRK
MB060 29340051905191937 -11.0163 LRK
MB060 29327931427786752 -11.0127 LRK
MB060 29325217474023424 -11.0123 LRK
MB060 29323783848329217 -11.0163 LRK
MB060 29311598619262976 -11.0171 LRK
MB060 29311442557599744 -11.0127 LRK
MB060 29305434984685568 -11.0151 LRK
MB060 29300983699869696 -11.0104 LRK
MB060 29296928357351424 -11.0159 LRK
MB060 29295343174688769 -11.0119 LRK
MB060 29274757601959936 -11.0179 LRK
MB060 29263176147140608 -11.0171 LRK
MB060 29263112657965056 -11.0143 LRK
MB060 29237611558080512 -10.6792 LRK
MB060 29232618335637504 -11.0179 LRK
MB060 29208077458735104 -11.0092 LRK
MB060 29176539719409666 -11.0155 LRK
MB060 29173760179310592 -11.0131 LRK
MB060 29160545152139264 -11.0119 LRK
MB060 29147943172837376 -11.0155 LRK
MB060 29146553318903809 -11.0143 LRK
MB060 29146414491635712 -11.0111 LRK
MB060 29143766619131906 -11.01 LRK
MB060 29140024943448064 -11.0147 LRK
MB060 29123189728616448 -11.0127 LRK
MB060 29123083109408768 -11.0163 LRK
MB060 29115103752228864 -11.0167 LRK
MB060 29114803469422592 -11.0167 LRK
MB060 29105358521769984 -10.4818 LRK
MB060 29104314123292672 -11.0167 LRK
MB060 29097687013920768 -10.68 LRK
MB060 29095951092162560 -11.0131 LRK
MB060 29070877672865792 -10.6796 LRK
MB060 29043623660097536 -11.0119 LRK
MB060 29036864241405953 -11.0123 LRK
MB060 29033611101470720 -11.0155 LRK
MB060 29028510521630720 -11.0167 LRK
MB060 29013847473913857 -11.0139 LRK
MB060 28994415271878656 -11.0191 LRK
MB060 28994302659006464 -10.6812 LRK
MB060 28988679422738432 -11.0163 LRK
MB060 28985882807631872 -11.0155 LRK
MB060 28981073769660416 -11.0111 LRK
MB060 28979576382169088 -11.0123 LRK
MB060 28967672074993664 -11.0115 LRK
