MB072 32184374107578368 -9.19761 LRK
MB072 32183905817722883 -8.95791 LRK
MB072 32178546445123584 -8.62531 LRK
MB072 32175397370077184 -9.51474 LRK
MB072 32174310617513984 -9.51832 LRK
MB072 32172566697213952 -9.52188 LRK
MB072 32172197103538176 -9.51753 LRK
MB072 32170517230260227 -8.96466 LRK
MB072 32169568638078976 -9.51753 LRK
MB072 32162502288609280 -9.5203 LRK
MB072 32161899210612737 -9.51514 LRK
MB072 32161791626711040 -9.51474 LRK
MB072 32156479037378560 -9.51753 LRK
MB072 32153845056409601 -8.96387 LRK
MB072 32153029385920512 -8.96029 LRK
MB072 32153000017403904 -9.51872 LRK
MB072 32152109084319744 -9.51594 LRK
MB072 32151394043559940 -9.51911 LRK
MB072 32149314574745600 -9.51951 LRK
MB072 32148931974533120 -9.51594 LRK
MB072 32148367886782464 -8.62451 LRK
MB072 32146224840708096 -8.96268 LRK
MB072 32146137116835840 -9.51951 LRK
MB072 32146065083867136 -9.51395 LRK
MB072 32143993340952576 -8.9599 LRK
MB072 32142895079231488 -9.52149 LRK
MB072 32142595786285056 -9.51673 LRK
MB072 32141522778460160 -9.51911 LRK
MB072 32138248042057728 -9.51554 LRK
MB072 32133574094229504 -9.51474 LRK
MB072 32132940955648001 -8.96069 LRK
MB072 32132471336210432 -9.51911 LRK
MB072 32130990461685760 -8.96545 LRK
MB072 32129568777179136 -9.51435 LRK
MB072 32129242883948544 -9.51594 LRK
MB072 32128489591144449 -9.51872 LRK
MB072 32125454051713024 -9.51832 LRK
MB072 32124356184252416 -9.51832 LRK
MB072 32120206197268480 -9.51713 LRK
MB072 32119386756087808 -9.51435 LRK
MB072 32119303088119808 -9.51673 LRK
MB072 32118041382756352 -9.51832 LRK
MB072 32117768044154880 -9.51911 LRK
MB072 32117150336417792 -9.52188 LRK
MB072 32115146235056128 -9.51713 LRK
MB072 32114303410642944 -9.51673 LRK
MB072 32108334681165825 -8.9587 LRK
MB072 32108274039914496 -9.51911 LRK
MB072 32108140312924160 -9.51514 LRK
MB072 32108048193429504 -9.5203 LRK
MB072 32104141975195648 -9.51753 LRK
MB072 32103115322826753 -9.51951 LRK
MB072 32102815379750912 -9.51872 LRK
MB072 32099354961510402 -8.9599 LRK
MB072 32098771173117952 -8.9595 LRK
MB072 32095718508331009 -9.51872 LRK
MB072 32092277383888897 -9.51673 LRK
MB072 32090939220566016 -8.9591 LRK
MB072 32090040297328640 -9.51275 LRK
MB072 32089095496925184 -9.51195 LRK
MB072 32088644093218817 -9.51673 LRK
MB072 32087784575467520 -9.51792 LRK
MB072 32081337447882752 -9.19563 LRK
MB072 32076934011686912 -9.51713 LRK
MB072 32076194857877504 -9.51951 LRK
MB072 32073222891507713 -9.51872 LRK
MB072 32068230990274563 -8.95671 LRK
MB072 32066689810042881 -9.51951 LRK
MB072 32065306239180800 -8.96308 LRK
MB072 32061445365567489 -9.51355 LRK
MB072 32056683115057152 -8.96069 LRK
MB072 32055785999564801 -9.5203 LRK
MB072 32054547790692353 -9.51395 LRK
MB072 32053193600929792 -9.51991 LRK
MB072 32046698880565248 -9.51911 LRK
MB072 32046081030230017 -9.51991 LRK
MB072 32039684330758144 -9.51594 LRK
MB072 32039127960522752 -9.51872 LRK
MB072 32038212293627905 -9.5207 LRK
MB072 32037972916314112 -9.5203 LRK
MB072 32037286308745216 -8.96308 LRK
MB072 32029335317643264 -8.96268 LRK
MB072 32024574598062080 -9.52149 LRK
MB072 32021670503915520 -8.96149 LRK
MB072 32015580462579712 -8.96029 LRK
MB072 32005369668571137 -9.51554 LRK
MB072 32002663369408514 -8.96308 LRK
MB072 31997852842463232 -9.51633 LRK
MB072 31994188115476481 -8.96228 LRK
MB072 31988803442835456 -8.96228 LRK
MB072 31983014548348929 -9.51474 LRK
MB072 31982002064334848 -9.51792 LRK
MB072 31979861580972032 -9.51872 LRK
MB072 31979797185822720 -9.51991 LRK
MB072 31978168491446272 -9.19682 LRK
MB072 31975584640802816 -9.51673 LRK
MB072 31974965351817216 -9.51832 LRK
MB072 31974247781900288 -9.5207 LRK
MB072 31971377695162368 -9.51753 LRK
MB072 31963208101134336 -9.51832 LRK
MB072 31960690243670016 -9.51832 LRK
MB072 31959744314871808 -8.6257 LRK
MB072 31958932226318336 -8.62372 LRK
MB072 31955934490136576 -9.51514 LRK
MB072 31955867054112769 -9.51554 LRK
MB072 31954858688905216 -8.95751 LRK
MB072 31949079982374912 -9.51951 LRK
MB072 31946061555699712 -8.96228 LRK
MB072 31946032287842304 -9.5207 LRK
MB072 31945810920869889 -9.52109 LRK
MB072 31945159700643840 -9.51275 LRK
MB072 31941477105934336 -8.95631 LRK
MB072 31939678613544960 -9.51673 LRK
MB072 31935695966707712 -9.51792 LRK
MB072 31935125902073856 -9.51155 LRK
MB072 31930238048927744 -9.51315 LRK
MB072 31928864011722752 -8.96109 LRK
MB072 31928571140251648 -9.51951 LRK
MB072 31928520573714432 -9.51792 LRK
MB072 31927250093875200 -9.51235 LRK
MB072 31926529868959744 -9.51474 LRK
MB072 31925763305381888 -9.51474 LRK
MB072 31925020565438465 -8.9583 LRK
MB072 31922950353453056 -9.51832 LRK
MB072 31922429240545281 -9.51911 LRK
MB072 31921684286017536 -9.51832 LRK
MB072 31921296887517184 -9.51554 LRK
MB072 31920981509410817 -8.96308 LRK
MB072 31920568794095616 -8.95711 LRK
MB072 31919442984181760 -9.51554 LRK
MB072 31916037440012288 -9.51911 LRK
MB072 31914293402279937 -8.95671 LRK
MB072 31914113957367808 -8.96109 LRK
MB072 31912947466903554 -8.9591 LRK
MB072 31912698358796288 -8.9583 LRK
MB072 31911651640868864 -9.51633 LRK
MB072 31911573471633408 -9.51991 LRK
MB072 31909781912420352 -9.51713 LRK
MB072 31906911553064960 -9.51235 LRK
MB072 31905963640365056 -9.51514 LRK
MB072 31905515827101696 -9.51713 LRK
MB072 31904036894547968 -9.51951 LRK
MB072 31903926630481920 -9.51633 LRK
MB072 31903880014987264 -9.51753 LRK
MB072 31901586095607808 -8.9599 LRK
MB072 31901015548633088 -9.51275 LRK
MB072 31900317587079168 -9.51514 LRK
MB072 31898994313527296 -9.51633 LRK
MB072 31896027967524864 -9.51911 LRK
MB072 31893787877838848 -9.51673 LRK
MB072 31892030418321408 -9.5207 LRK
MB072 31891416091205633 -9.51991 LRK
MB072 31887246005108736 -9.5207 LRK
MB072 31886816831340544 -9.51514 LRK
MB072 31881375464300544 -9.51435 LRK
MB072 31878943241932800 -9.51951 LRK
MB072 31878654489264128 -8.9583 LRK
MB072 31877914127507456 -8.96109 LRK
MB072 31875590940266496 -9.51554 LRK
MB072 31874514409234434 -9.51395 LRK
MB072 31874073894068225 -9.51911 LRK
MB072 31866066820927489 -8.96308 LRK
MB072 31865098880421889 -9.51673 LRK
MB072 31864962649432067 -8.96188 LRK
MB072 31861373742882817 -9.5207 LRK
MB072 31860644168859648 -9.51872 LRK
MB072 31859657827946496 -9.19722 LRK
MB072 31854990184161281 -9.51594 LRK
MB072 31854398493696000 -9.51911 LRK
MB072 31854046985850880 -9.51911 LRK
MB072 31851558748561408 -9.51753 LRK
MB072 31851486715576320 -8.96545 LRK
MB072 31844292045570048 -9.51872 LRK
MB072 31844270453293056 -9.5203 LRK
MB072 31844044749410306 -9.51951 LRK
MB072 31840106314735616 -9.51554 LRK
MB072 31839457850163201 -8.96109 LRK
MB072 31836699302559744 -8.96069 LRK
MB072 31835504135639040 -9.51832 LRK
MB072 31831552233054208 -9.51633 LRK
MB072 31829694936514560 -9.51633 LRK
MB072 31828881635807232 -8.96347 LRK
MB072 31826272715804672 -9.51355 LRK
MB072 31824494846812160 -8.96069 LRK
MB072 31824285752360961 -8.96228 LRK
MB072 31823534330220544 -9.52228 LRK
MB072 31821928809365504 -9.51991 LRK
MB072 31819527352229890 -8.96387 LRK
MB072 31817418661699584 -9.51594 LRK
MB072 31817054969401345 -9.51594 LRK
MB072 31809660918960128 -8.9591 LRK
MB072 31807613968580608 -9.51753 LRK
MB072 31807015810506752 -9.5207 LRK
MB072 31800084706365440 -9.51713 LRK
MB072 31799940485218304 -9.51633 LRK
MB072 31797477115961345 -9.51594 LRK
MB072 31792129172840448 -8.62094 LRK
MB072 31790448578138112 -9.51673 LRK
MB072 31789639891161088 -9.51633 LRK
MB072 31787770544398336 -9.5207 LRK
MB072 31784734082211842 -8.96069 LRK
MB072 31781425451630593 -9.51514 LRK
MB072 31780993832583168 -9.51554 LRK
MB072 31779841158152192 -9.51832 LRK
MB072 31779209080737793 -9.52188 LRK
MB072 31778698306781184 -8.96069 LRK
MB072 31776961864929280 -9.52149 LRK
MB072 31776437430132736 -9.51872 LRK
MB072 31775584853950466 -8.9599 LRK
MB072 31775321896259584 -8.9599 LRK
MB072 31774617722953729 -9.51395 LRK
MB072 31773551069495296 -8.9599 LRK
MB072 31771669160796160 -8.96029 LRK
MB072 31769621795176448 -9.51474 LRK
MB072 31767818676469760 -9.51951 LRK
MB072 31766307510685696 -9.51911 LRK
MB072 31764853433573376 -9.51872 LRK
MB072 31764804729307136 -8.9595 LRK
MB072 31762667114856448 -9.51872 LRK
MB072 31761332567023617 -9.51753 LRK
MB072 31756435847122944 -9.51713 LRK
MB072 31755733104066560 -9.51832 LRK
MB072 31749910688702464 -9.5207 LRK
MB072 31745160001884160 -9.51554 LRK
MB072 31744534794739713 -9.51235 LRK
MB072 31744453328764929 -9.51355 LRK
MB072 31742121534816257 -9.51514 LRK
MB072 31741941288796160 -9.51911 LRK
MB072 31738174820585472 -8.96029 LRK
MB072 31736475569623040 -9.51554 LRK
MB072 31733507193573376 -9.51554 LRK
MB072 31727640255664129 -9.5207 LRK
MB072 31727484173033473 -9.51713 LRK
MB072 31727136326815744 -9.51753 LRK
MB072 31725863846281216 -9.51713 LRK
MB072 31722707166953472 -9.51514 LRK
MB072 31722486236192769 -9.51435 LRK
MB072 31721749330530304 -8.96109 LRK
MB072 31717065488334848 -9.51633 LRK
MB072 31716048071819264 -9.51832 LRK
MB072 31712570616315906 -9.52109 LRK
MB072 31706916363182080 -9.51872 LRK
MB072 31705860413587456 -9.51832 LRK
MB072 31701490255003648 -9.51872 LRK
MB072 31696006970085376 -9.51435 LRK
MB072 31693540945825792 -9.51832 LRK
MB072 31686795271864320 -9.51792 LRK
MB072 31682530671337473 -9.52109 LRK
MB072 31676949726232576 -9.51435 LRK
MB072 31676208265564160 -9.51872 LRK
MB072 31670355483426817 -9.51554 LRK
MB072 31669872656125952 -9.52386 LRK
MB072 31664296270241792 -9.51554 LRK
MB072 31662328529289216 -9.5203 LRK
MB072 31651515919761408 -9.51753 LRK
MB072 31648660752175104 -9.51435 LRK
MB072 31641031011213312 -8.96268 LRK
MB072 31638209158975488 -9.51753 LRK
MB072 31636486055006208 -8.96149 LRK
MB072 31634863316541441 -8.95751 LRK
MB072 31634739823648769 -9.51395 LRK
MB072 31634634164932608 -9.51673 LRK
MB072 31627113228410880 -9.51395 LRK
MB072 31624262154452993 -8.96149 LRK
MB072 31619481759383552 -9.51872 LRK
MB072 31617680024797184 -8.96149 LRK
MB072 31612711611670528 -9.51315 LRK
MB072 31610586223607808 -9.51713 LRK
MB072 31606225619652608 -9.51514 LRK
MB072 31599231890366464 -8.96268 LRK
MB072 31588377073549313 -9.51792 LRK
MB072 31582747306754049 -9.52228 LRK
MB072 31578791906115584 -9.19405 LRK
MB072 31576404868993025 -8.9595 LRK
MB072 31571956025262080 -9.52109 LRK
MB072 31570472080515072 -9.52386 LRK
MB072 31569342604771328 -8.96069 LRK
MB072 31564577179176962 -9.51514 LRK
MB072 31553737688358912 -9.51474 LRK
MB072 31547917084925953 -9.51991 LRK
MB072 31532180417024000 -9.51951 LRK
MB072 31529638358425600 -8.61815 LRK
MB072 31522325971075072 -9.51514 LRK
MB072 31521819450155008 -9.51753 LRK
MB072 31519619453816832 -8.96268 LRK
MB072 31516371032473600 -9.51792 LRK
MB072 31512055752163328 -9.51991 LRK
MB072 31511102869213184 -9.51872 LRK
MB072 31509743411404800 -9.51514 LRK
MB072 31509331467837440 -8.62491 LRK
MB072 31507693118160897 -9.51235 LRK
MB072 31505759304945664 -9.51991 LRK
MB072 31502441753083904 -8.96387 LRK
MB072 31467905501634560 -8.95711 LRK
MB072 31465120831905793 -9.51554 LRK
MB072 31454240371113984 -9.51594 LRK
MB072 31450684301778944 -9.51355 LRK
MB072 31449731024551937 -9.51911 LRK
MB072 31449552233959424 -9.51355 LRK
MB072 31448832009052160 -9.51911 LRK
MB072 31447097685311489 -9.51753 LRK
MB072 31439905175375873 -9.51951 LRK
MB072 31435730261643264 -9.51753 LRK
MB072 31433704970653697 -9.51633 LRK
MB072 31426911863312384 -8.96347 LRK
MB072 31426794376667136 -9.51832 LRK
MB072 31425099500363776 -9.51594 LRK
MB072 31419712990609408 -9.51315 LRK
MB072 31415899697192960 -9.51911 LRK
MB072 31414883790626817 -9.51911 LRK
MB072 31414348991696896 -9.5203 LRK
MB072 31413816310894593 -9.51951 LRK
MB072 31413517814857728 -9.51832 LRK
MB072 31413512005750784 -9.51911 LRK
MB072 31408027705802752 -9.51832 LRK
MB072 31405501656862720 -9.51832 LRK
MB072 31400713699459072 -9.51911 LRK
MB072 31393028052619265 -9.51911 LRK
MB072 31392749437591552 -9.51395 LRK
MB072 31390867109453825 -9.51315 LRK
MB072 31388252782993408 -9.51155 LRK
MB072 31379679227154432 -9.51991 LRK
MB072 31378769214185473 -9.51673 LRK
MB072 31374367086612480 -9.51673 LRK
MB072 31373412530130944 -9.51235 LRK
MB072 31361963388829696 -9.51951 LRK
MB072 31361209915670528 -9.51792 LRK
MB072 31353935247712256 -9.51951 LRK
MB072 31352176567656449 -9.51554 LRK
MB072 31351128675319808 -9.51633 LRK
MB072 31348649267040256 -9.51594 LRK
MB072 31335956527190017 -8.96149 LRK
MB072 31332143284092928 -8.96149 LRK
MB072 31327533475561473 -9.51832 LRK
MB072 31327301224366080 -9.51872 LRK
MB072 31326078656057344 -9.51991 LRK
MB072 31322968294428672 -9.51514 LRK
MB072 31321059332456448 -9.5207 LRK
MB072 31318525024927744 -9.51872 LRK
MB072 31317803118100480 -9.51474 LRK
MB072 31314930720309248 -9.51832 LRK
MB072 31314136579182592 -8.96149 LRK
MB072 31308295415275520 -8.9591 LRK
MB072 31307756031975424 -9.51753 LRK
MB072 31306251749040128 -9.51753 LRK
MB072 31301693664657408 -9.51872 LRK
MB072 31293401093644288 -9.51514 LRK
MB072 31283038914609152 -9.51594 LRK
MB072 31275461531144192 -9.5203 LRK
MB072 31274798323601409 -8.9583 LRK
MB072 31267593415294977 -9.51395 LRK
MB072 31267287218520064 -9.5207 LRK
MB072 31261321282461696 -9.51554 LRK
MB072 31259115783196672 -8.9599 LRK
MB072 31258498499092480 -9.51991 LRK
MB072 31252700591034368 -9.51474 LRK
MB072 31251355104448512 -9.51991 LRK
MB072 31249652393185280 -9.51395 LRK
MB072 31245801795624961 -9.51514 LRK
MB072 31243676160106496 -9.51832 LRK
MB072 31237244589182976 -9.52109 LRK
MB072 31236256247582720 -9.51872 LRK
MB072 31231046007660544 -9.51713 LRK
MB072 31226335917514754 -9.51435 LRK
MB072 31223226113728512 -8.95751 LRK
MB072 31222280478531584 -9.5207 LRK
MB072 31219949385023488 -9.52346 LRK
MB072 31213890209579008 -9.51554 LRK
MB072 31206497413242882 -9.51792 LRK
MB072 31205683466604544 -9.51673 LRK
MB072 31196635400773632 -9.51872 LRK
MB072 31194373509091328 -8.96149 LRK
MB072 31189384292204544 -9.51673 LRK
MB072 31187922514350080 -9.51832 LRK
MB072 31181300282949632 -9.51673 LRK
MB072 31180944962494464 -9.51554 LRK
MB072 31178779703382017 -8.95751 LRK
MB072 31178236964638720 -9.51474 LRK
MB072 31177845292142592 -9.19524 LRK
MB072 31176230325714944 -8.96069 LRK
MB072 31174167256637441 -8.96109 LRK
MB072 31171512773906432 -9.51594 LRK
MB072 31169217587843072 -9.51514 LRK
MB072 31168588995891200 -9.51951 LRK
MB072 31166481827889152 -9.51633 LRK
MB072 31164632198553600 -9.51792 LRK
MB072 31161672131416065 -9.51753 LRK
MB072 31156151945003010 -9.51395 LRK
MB072 31155590088622080 -8.96268 LRK
MB072 31152750628708352 -9.51872 LRK
MB072 31152749680787456 -9.51872 LRK
MB072 31151542610427904 -8.96069 LRK
MB072 31147883092779008 -9.51872 LRK
MB072 31147614292418560 -8.96585 LRK
MB072 31147247710240768 -9.51832 LRK
MB072 31142805745176576 -9.51872 LRK
MB072 31142123562598400 -9.5203 LRK
MB072 31136536066007041 -9.51792 LRK
MB072 31131964153004032 -9.51911 LRK
MB072 31130173185196033 -9.51753 LRK
MB072 31129311389941760 -9.5203 LRK
MB072 31127360694652930 -9.52346 LRK
MB072 31122904586395648 -9.51594 LRK
MB072 31119543506046977 -8.96308 LRK
MB072 31117081957109761 -9.51951 LRK
MB072 31116830709907456 -9.51792 LRK
MB072 31115835426742272 -9.51355 LRK
MB072 31112288777805824 -9.51832 LRK
MB072 31112169324019712 -8.96268 LRK
MB072 31109237656518657 -9.51435 LRK
MB072 31107637055590400 -9.5203 LRK
MB072 31105612947398656 -9.51832 LRK
MB072 31105585399201792 -9.51951 LRK
MB072 31104612333264896 -9.51991 LRK
MB072 31104492057403392 -8.95791 LRK
MB072 31102478900527104 -9.52109 LRK
MB072 31101531163983874 -9.51594 LRK
MB072 31099069287895041 -8.96308 LRK
MB072 31097921030066176 -9.51594 LRK
MB072 31097611419123712 -8.96069 LRK
MB072 31096431783710720 -9.51991 LRK
MB072 31094222006259712 -9.51673 LRK
MB072 31092596210143232 -9.51474 LRK
MB072 31091332793507840 -9.51951 LRK
MB072 31087053093474304 -9.51991 LRK
MB072 31084595734650881 -9.51435 LRK
MB072 31081825409437696 -9.51633 LRK
MB072 31081108183457794 -8.96308 LRK
MB072 31080542933884929 -9.51991 LRK
MB072 31076420092428288 -9.51911 LRK
MB072 31076104571723776 -9.51713 LRK
MB072 31074328552415233 -9.51474 LRK
MB072 31073557177962496 -9.5203 LRK
MB072 31072701468639232 -9.5203 LRK
MB072 31072674021122048 -9.5203 LRK
MB072 31072394932133888 -9.51713 LRK
MB072 31072333619798016 -9.51991 LRK
MB072 31072033185992704 -9.51753 LRK
MB072 31071626611134465 -9.51832 LRK
MB072 31071133830750208 -9.51951 LRK
MB072 31068858617954304 -9.51832 LRK
MB072 31067716840325120 -9.5203 LRK
MB072 31067437046693889 -9.51872 LRK
MB072 31067294851403776 -9.51911 LRK
MB072 31066131548602368 -8.96268 LRK
MB072 31065614986510336 -9.52188 LRK
MB072 31063428432924673 -9.5203 LRK
MB072 31059290697637888 -9.51195 LRK
MB072 31057739081850880 -9.51951 LRK
MB072 31057351620431872 -8.96347 LRK
MB072 31055214911954944 -9.51911 LRK
MB072 31054164154912768 -9.51753 LRK
MB072 31048344633606147 -8.9591 LRK
MB072 31047931373035520 -9.51911 LRK
MB072 31047104205946880 -9.51554 LRK
MB072 31044768817487872 -9.51792 LRK
MB072 31041561055723520 -9.51951 LRK
MB072 31040609879855105 -9.51315 LRK
MB072 31039711497682944 -9.51474 LRK
MB072 31038352664821760 -9.51951 LRK
MB072 31035431688605696 -9.51832 LRK
MB072 31033151035801600 -8.96029 LRK
MB072 31030990784696320 -9.51395 LRK
MB072 31023318219882497 -9.51713 LRK
MB072 31018836186628097 -9.52267 LRK
MB072 31015983216852992 -9.51753 LRK
MB072 31014382141964288 -9.51315 LRK
MB072 31012041342853120 -9.51594 LRK
MB072 31011618477309952 -9.51872 LRK
MB072 31011489523437568 -8.96188 LRK
MB072 30999570297126912 -9.51395 LRK
MB072 30998960210448384 -9.51235 LRK
MB072 30998572119883776 -9.51673 LRK
MB072 30997856055730176 -9.51832 LRK
MB072 30995213187022848 -8.96308 LRK
MB072 30991167667576832 -9.51395 LRK
MB072 30990536345128960 -9.52267 LRK
MB072 30984782632456193 -9.51832 LRK
MB072 30968600835657729 -9.51911 LRK
MB072 30964670177222656 -9.51951 LRK
MB072 30961762425638913 -9.51792 LRK
MB072 30960962655756288 -9.51713 LRK
MB072 30953694941945856 -8.9595 LRK
MB072 30953244792459264 -8.96149 LRK
MB072 30945168584605696 -9.51673 LRK
MB072 30943278467653632 -9.51792 LRK
MB072 30940179367731200 -8.62491 LRK
MB072 30938584773042176 -9.51951 LRK
MB072 30935187839787009 -9.51753 LRK
MB072 30930107010912256 -8.96466 LRK
MB072 30928133309857792 -9.51951 LRK
MB072 30926460558512128 -9.51554 LRK
MB072 30923394497118208 -9.5203 LRK
MB072 30922444449513472 -9.52109 LRK
MB072 30913169555722242 -9.51633 LRK
MB072 30908005138571264 -9.5207 LRK
MB072 30906675577757696 -8.96268 LRK
MB072 30905114373914624 -9.51633 LRK
MB072 30902893976489984 -8.9591 LRK
MB072 30902005442551808 -9.51832 LRK
MB072 30897928339984384 -9.51315 LRK
MB072 30895702825635840 -9.51872 LRK
MB072 30883576400576512 -9.5207 LRK
MB072 30875612562333696 -9.51554 LRK
MB072 30874453483200512 -9.51951 LRK
MB072 30871840167563264 -9.51951 LRK
MB072 30870442415755264 -9.51633 LRK
MB072 30870232423735296 -9.51673 LRK
MB072 30870004438142976 -9.51872 LRK
MB072 30869975010910208 -8.9599 LRK
MB072 30862367956930560 -9.51951 LRK
MB072 30860946536660993 -9.51792 LRK
MB072 30857739185954816 -9.51991 LRK
MB072 30854434107957248 -9.51474 LRK
MB072 30851485885534208 -9.51355 LRK
MB072 30849342772355073 -8.9587 LRK
MB072 30847435345502208 -9.51275 LRK
MB072 30845083322425344 -9.51753 LRK
MB072 30841282146344960 -9.51911 LRK
MB072 30839307073757184 -9.51832 LRK
MB072 30837483281326080 -9.51713 LRK
MB072 30836682869706754 -9.51633 LRK
MB072 30836195625795584 -8.96308 LRK
MB072 30833701537447937 -8.96149 LRK
MB072 30833589889273856 -9.51911 LRK
MB072 30832480697188354 -9.51474 LRK
MB072 30831609410228225 -9.51514 LRK
MB072 30830858936000512 -9.51991 LRK
MB072 30824165078474753 -9.51951 LRK
MB072 30821007715471361 -9.51235 LRK
MB072 30818801893249025 -8.96188 LRK
MB072 30818430751875072 -8.96506 LRK
MB072 30817465315364864 -9.51275 LRK
MB072 30815410869772288 -9.51435 LRK
MB072 30813512854933505 -9.51911 LRK
MB072 30813443867021312 -9.51872 LRK
MB072 30812421044043776 -9.51951 LRK
MB072 30808535314997248 -9.51435 LRK
MB072 30808242217033728 -9.51713 LRK
MB072 30807356090617856 -9.51832 LRK
MB072 30805119641591808 -9.52109 LRK
MB072 30799987864510465 -9.51872 LRK
MB072 30798571187998720 -9.52267 LRK
MB072 30794899896934400 -9.51753 LRK
MB072 30793422184906752 -9.51514 LRK
MB072 30791315243409408 -8.96149 LRK
MB072 30790366953209856 -9.51514 LRK
MB072 30790290935644161 -8.96228 LRK
MB072 30788770924072960 -9.51275 LRK
MB072 30786161655943168 -9.51594 LRK
MB072 30782692714881025 -8.9583 LRK
MB072 30782176257642496 -9.51395 LRK
MB072 30780094154809344 -9.51872 LRK
MB072 30779791984558080 -9.51792 LRK
MB072 30779763463294976 -9.51991 LRK
MB072 30778960375709698 -9.51673 LRK
MB072 30778364029575168 -8.96109 LRK
MB072 30776671208480768 -9.51832 LRK
MB072 30776263681515521 -9.51872 LRK
MB072 30775499370274816 -9.5207 LRK
MB072 30772394142466048 -8.96268 LRK
MB072 30771600236216320 -9.51673 LRK
MB072 30770646627647488 -9.51594 LRK
MB072 30770487801942017 -9.51753 LRK
MB072 30770154811953152 -9.51554 LRK
MB072 30769941804220416 -8.96029 LRK
MB072 30766657483841537 -9.51315 LRK
MB072 30766326733611008 -9.5207 LRK
MB072 30766049423007744 -9.51474 LRK
MB072 30763967450193920 -9.51554 LRK
MB072 30763900748177408 -9.19444 LRK
MB072 30763868045189120 -8.96308 LRK
MB072 30763228485124096 -9.51673 LRK
MB072 30763179147530240 -9.51395 LRK
MB072 30762567915802624 -8.96228 LRK
MB072 30762116738719745 -8.95671 LRK
MB072 30754480056180738 -8.96268 LRK
MB072 30752311353540608 -9.51713 LRK
MB072 30751510392475648 -9.51792 LRK
MB072 30751268452442112 -9.51951 LRK
MB072 30750977803943936 -9.51315 LRK
MB072 30750585238065152 -9.5203 LRK
MB072 30750461279600640 -9.5207 LRK
MB072 30748618390503424 -9.51395 LRK
MB072 30746785479659520 -9.5207 LRK
MB072 30743969600110593 -9.51514 LRK
MB072 30739093746876416 -8.96308 LRK
MB072 30734737907650560 -9.51275 LRK
MB072 30734028873142272 -9.51633 LRK
MB072 30731943725240321 -8.9595 LRK
MB072 30729210947444736 -9.51673 LRK
MB072 30727154253697024 -9.51554 LRK
MB072 30724208161984512 -9.51911 LRK
MB072 30722167301734400 -9.51832 LRK
MB072 30716283104272384 -9.51594 LRK
MB072 30714659417886720 -9.51474 LRK
MB072 30714195414622208 -9.51435 LRK
MB072 30713742337507328 -9.51991 LRK
MB072 30713044375965696 -8.96149 LRK
MB072 30712038342787072 -9.51554 LRK
MB072 30710918102913025 -9.51633 LRK
MB072 30709282534072320 -8.96387 LRK
MB072 30701271019163648 -9.51395 LRK
MB072 30699502616707072 -9.51514 LRK
MB072 30697137872306176 -9.51514 LRK
MB072 30696467865804800 -9.51435 LRK
MB072 30696368368517120 -9.51872 LRK
MB072 30694982960553984 -8.96029 LRK
MB072 30694083634663425 -9.51514 LRK
MB072 30692312577216512 -9.51753 LRK
MB072 30691383828287488 -9.51315 LRK
MB072 30690964775370753 -9.51713 LRK
MB072 30690823737712640 -9.51832 LRK
MB072 30686517345132544 -8.9595 LRK
MB072 30685309725310976 -9.51514 LRK
MB072 30684332968386560 -8.96149 LRK
MB072 30681777571897345 -9.52307 LRK
MB072 30681551381463040 -9.5203 LRK
MB072 30679955914362881 -9.51872 LRK
MB072 30672933818990593 -9.51235 LRK
MB072 30672024317726720 -8.96347 LRK
MB072 30671321528532992 -8.96149 LRK
MB072 30669714917167104 -8.96308 LRK
MB072 30667171768049664 -9.51792 LRK
MB072 30664710395273216 -8.62372 LRK
MB072 30662995453415424 -9.51355 LRK
MB072 30661586238570496 -9.51395 LRK
MB072 30659618808004610 -8.9591 LRK
MB072 30657889014124544 -9.51474 LRK
MB072 30657427909115905 -9.5207 LRK
MB072 30651192312856576 -9.51435 LRK
MB072 30650971419844608 -9.51872 LRK
MB072 30649171396534272 -9.51435 LRK
MB072 30643595660759041 -9.51753 LRK
MB072 30639773173424128 -9.19643 LRK
MB072 30635646544515073 -8.96228 LRK
MB072 30634256824803328 -9.51435 LRK
MB072 30625219961946112 -9.51594 LRK
MB072 30618660598972416 -8.96268 LRK
MB072 30615977150390272 -9.19919 LRK
MB072 30615314051891200 -9.51355 LRK
MB072 30614305766379520 -9.51991 LRK
MB072 30601929914585088 -8.96347 LRK
MB072 30595638483746817 -9.51832 LRK
MB072 30592987834621952 -9.51832 LRK
MB072 30585870062985217 -9.51355 LRK
MB072 30581125520818176 -9.51951 LRK
MB072 30569778598903808 -8.96149 LRK
MB072 30563722166538240 -8.62491 LRK
MB072 30557856180740096 -8.96387 LRK
MB072 30556270469578752 -9.51713 LRK
MB072 30549623198187520 -9.51355 LRK
MB072 30549025245634560 -9.51991 LRK
MB072 30545826249969664 -9.51355 LRK
MB072 30543702879371264 -9.51474 LRK
MB072 30540786676269056 -9.51911 LRK
MB072 30538180528709632 -9.51673 LRK
MB072 30529603961364480 -9.51753 LRK
MB072 30526398422581248 -9.51911 LRK
MB072 30524612123037696 -9.51633 LRK
MB072 30524076824989696 -8.96109 LRK
MB072 30521648134225920 -8.96188 LRK
MB072 30517958929285120 -9.51713 LRK
MB072 30516590109790208 -9.51713 LRK
MB072 30514820772007937 -9.51713 LRK
MB072 30506005389381632 -9.51673 LRK
MB072 30502239982329856 -9.51633 LRK
MB072 30500473555390464 -8.62332 LRK
MB072 30500385101717504 -9.51673 LRK
MB072 30499023391563776 -9.51673 LRK
MB072 30493204042223616 -9.51951 LRK
MB072 30490547009359872 -9.51474 LRK
MB072 30483913461731328 -9.51991 LRK
MB072 30482305424302080 -9.51792 LRK
MB072 30477873856905217 -8.96426 LRK
MB072 30476598134181888 -9.51554 LRK
MB072 30475742101905409 -9.51832 LRK
MB072 30471715112882178 -9.51753 LRK
MB072 30471321435512833 -9.51435 LRK
MB072 30469449651851264 -9.51554 LRK
MB072 30468452208607232 -9.51235 LRK
MB072 30468378221088769 -8.96109 LRK
MB072 30467758261010434 -9.51872 LRK
MB072 30463652599435264 -9.51911 LRK
MB072 30462801617092608 -9.51355 LRK
MB072 30459367010598912 -9.51753 LRK
MB072 30458766696648704 -9.51275 LRK
MB072 30458286151049216 -8.96069 LRK
MB072 30457937163984897 -9.52109 LRK
MB072 30454514481889280 -9.51792 LRK
MB072 30449605388795906 -9.51355 LRK
MB072 30445357590650880 -9.51514 LRK
MB072 30442565245341696 -9.51713 LRK
MB072 30439914550067201 -9.51792 LRK
MB072 30438586406936576 -9.51474 LRK
MB072 30434238348132352 -8.96268 LRK
MB072 30433846554001408 -9.51832 LRK
MB072 30432934615851008 -9.51991 LRK
MB072 30430489026232320 -8.96347 LRK
MB072 30430448958050304 -9.51594 LRK
MB072 30427636471697409 -9.5207 LRK
MB072 30425541001617408 -9.51872 LRK
MB072 30423088436875264 -9.51951 LRK
MB072 30421327760334848 -8.95591 LRK
MB072 30421003972648961 -9.51792 LRK
MB072 30417670738288640 -9.51872 LRK
MB072 30415826007887872 -9.51195 LRK
MB072 30410551960010752 -9.51395 LRK
MB072 30410009464541186 -9.5207 LRK
MB072 30406955428216832 -8.96347 LRK
MB072 30405496267612161 -9.51673 LRK
MB072 30403599464931328 -9.51514 LRK
MB072 30402508992024576 -9.51673 LRK
MB072 30401678645661696 -9.51713 LRK
MB072 30396115668963328 -9.52228 LRK
MB072 30394640792289281 -9.51991 LRK
MB072 30394586094374913 -9.52109 LRK
MB072 30392597289639937 -9.51872 LRK
MB072 30392310797701120 -9.51474 LRK
MB072 30392064097124352 -8.96308 LRK
MB072 30391270648053760 -9.51911 LRK
MB072 30390334399709184 -8.62412 LRK
MB072 30390065150566400 -8.9591 LRK
MB072 30387986306699264 -8.9587 LRK
MB072 30387236650360833 -9.5203 LRK
MB072 30387018122928128 -9.51673 LRK
MB072 30382069070696448 -9.51872 LRK
MB072 30380095730352128 -9.51951 LRK
MB072 30379318999785472 -9.52109 LRK
MB072 30378854216368129 -9.51911 LRK
MB072 30377350315114497 -8.9599 LRK
MB072 30375538317066240 -9.51951 LRK
MB072 30375388152598528 -9.51991 LRK
MB072 30373703787225088 -9.51951 LRK
MB072 30368214860963840 -9.51395 LRK
MB072 30368104072609792 -8.9583 LRK
MB072 30366833362083840 -9.51832 LRK
MB072 30366311158644736 -9.5203 LRK
MB072 30366127284559872 -9.51673 LRK
MB072 30363838440284160 -9.51673 LRK
MB072 30361441181638656 -9.51753 LRK
MB072 30360469801803776 -9.51753 LRK
MB072 30359475206492160 -9.51872 LRK
MB072 30359217172914176 -8.96109 LRK
MB072 30358615722303488 -8.96109 LRK
MB072 30357310559756288 -9.51633 LRK
MB072 30357074563043328 -9.51355 LRK
MB072 30353065563389952 -8.96387 LRK
MB072 30346990499926016 -9.51832 LRK
MB072 30343203852910592 -9.51275 LRK
MB072 30341080025145344 -9.51753 LRK
MB072 30336979732267008 -9.51753 LRK
MB072 30335363855679488 -9.51633 LRK
MB072 30335236030078976 -9.51474 LRK
MB072 30334852440006656 -9.51514 LRK
MB072 30334178436321280 -9.51395 LRK
MB072 30329435676741632 -8.96506 LRK
MB072 30326288975659008 -9.52109 LRK
MB072 30325727236718592 -9.51474 LRK
MB072 30323249485185024 -9.51792 LRK
MB072 30322854255927296 -9.51355 LRK
MB072 30321973963784192 -8.96426 LRK
MB072 30319429141143553 -9.51951 LRK
MB072 30313026263453697 -9.51911 LRK
MB072 30311840793755648 -9.51911 LRK
MB072 30310007081799681 -9.51673 LRK
MB072 30309470701625344 -9.51911 LRK
MB072 30308387635855360 -9.51435 LRK
MB072 30305383079743488 -9.52188 LRK
MB072 30305106503143424 -9.19444 LRK
MB072 30299080865353728 -9.51792 LRK
MB072 30298515250872320 -9.51633 LRK
MB072 30294739139956736 -9.51951 LRK
MB072 30292759810154496 -9.51514 LRK
MB072 30292006961938432 -9.51911 LRK
MB072 30291170202488832 -9.51514 LRK
MB072 30291109531881473 -8.96228 LRK
MB072 30289780314996736 -9.51275 LRK
MB072 30289537536102400 -9.51911 LRK
MB072 30288910353432576 -8.96109 LRK
MB072 30286052941893632 -9.51991 LRK
MB072 30277830755487744 -8.96109 LRK
MB072 30275941557075968 -9.51832 LRK
MB072 30273450811596800 -9.51315 LRK
MB072 30272690841460736 -9.51951 LRK
MB072 30269183853858818 -8.96506 LRK
MB072 30267178997522432 -9.51951 LRK
MB072 30266417353850880 -9.51435 LRK
MB072 30259723169177601 -9.51832 LRK
MB072 30259684023730176 -9.51435 LRK
MB072 30256025357524992 -9.51792 LRK
MB072 30254682119077888 -9.51911 LRK
MB072 30251942085136385 -9.52149 LRK
MB072 30251380702715904 -9.51951 LRK
MB072 30250907400671232 -9.51911 LRK
MB072 30246843615027200 -8.96149 LRK
MB072 30241249130708992 -9.51235 LRK
MB072 30234450759524352 -9.51832 LRK
MB072 30231577413820418 -9.5203 LRK
MB072 30229784986394624 -9.51514 LRK
MB072 30206225585012736 -8.9591 LRK
MB072 30194777941082112 -9.51911 LRK
MB072 30191560322719744 -9.51753 LRK
MB072 30190644420943872 -9.51991 LRK
MB072 30174031193841664 -9.51792 LRK
MB072 30161023801499649 -9.51554 LRK
MB072 30152211002556416 -9.51554 LRK
MB072 30142791765983232 -9.51911 LRK
MB072 30137946275323905 -8.9587 LRK
MB072 30136918301741057 -9.51554 LRK
MB072 30136550675185664 -8.96703 LRK
MB072 30135205129883648 -9.51872 LRK
MB072 30134605247938561 -9.51633 LRK
MB072 30133767104368640 -9.51753 LRK
MB072 30128190093529088 -8.9595 LRK
MB072 30125424470130689 -9.51514 LRK
MB072 30123490031968257 -9.51792 LRK
MB072 30123192366407680 -8.9591 LRK
MB072 30121647960760320 -9.51951 LRK
MB072 30121573998399489 -8.96149 LRK
MB072 30121564204703744 -9.51872 LRK
MB072 30121532873248768 -8.9583 LRK
MB072 30121488535265281 -9.51792 LRK
MB072 30117322089824256 -9.51673 LRK
MB072 30107862973812736 -9.52149 LRK
MB072 30106896375480320 -9.51911 LRK
MB072 30106080692408320 -9.19563 LRK
MB072 30105537018339328 -9.5203 LRK
MB072 30105048998481920 -9.51474 LRK
MB072 30103459596345345 -9.51911 LRK
MB072 30102471867109378 -9.51792 LRK
MB072 30102232292655104 -9.51594 LRK
MB072 30101807216730112 -9.51832 LRK
MB072 30101678283816960 -9.51514 LRK
MB072 30100532605489152 -9.5203 LRK
MB072 30096286237589504 -8.9583 LRK
MB072 30095832535539712 -9.51633 LRK
MB072 30095422500380672 -9.51832 LRK
MB072 30094953648488448 -9.51633 LRK
MB072 30093539350151169 -9.51872 LRK
MB072 30093225557491713 -9.51991 LRK
MB072 30091283993198594 -9.51753 LRK
MB072 30091262350589952 -9.51713 LRK
MB072 30089096089042944 -9.51395 LRK
MB072 30088156174876672 -9.51315 LRK
MB072 30087925588819968 -9.51753 LRK
MB072 30086295590014976 -9.51633 LRK
MB072 30086243102498816 -9.51435 LRK
MB072 30084265983086592 -9.51514 LRK
MB072 30083702964887553 -8.62213 LRK
MB072 30076934549409792 -9.51753 LRK
MB072 30076060947189760 -9.51673 LRK
MB072 30075036995952641 -9.51594 LRK
MB072 30074365001342976 -9.51435 LRK
MB072 30073436483100672 -9.51832 LRK
MB072 30070070247948289 -9.51832 LRK
MB072 30068484641656832 -9.51395 LRK
MB072 30067441354674176 -9.19166 LRK
MB072 30066146199740417 -8.95791 LRK
MB072 30064058598162432 -8.9595 LRK
MB072 30063259428065280 -9.51753 LRK
MB072 30063122433703936 -9.51594 LRK
MB072 30062797547114496 -8.9595 LRK
MB072 30061477381545984 -9.51991 LRK
MB072 30060332315582467 -9.51951 LRK
MB072 30057118967005184 -8.96069 LRK
MB072 30055989684211712 -9.51633 LRK
MB072 30053769337118720 -9.51195 LRK
MB072 30053670775164928 -9.51872 LRK
MB072 30052380661784577 -9.51554 LRK
MB072 30052321324957696 -9.19682 LRK
MB072 30044551099973632 -9.51753 LRK
MB072 30041681977942016 -9.51991 LRK
MB072 30032974929989632 -9.51753 LRK
MB072 30032408124325888 -9.51872 LRK
MB072 30031777074511872 -9.52228 LRK
MB072 30029418239893504 -9.51554 LRK
MB072 30026972075659264 -9.51673 LRK
MB072 30026659126054912 -9.52109 LRK
MB072 30024209908367360 -9.51951 LRK
MB072 30022548540358656 -9.51395 LRK
MB072 30021895453675520 -9.5203 LRK
MB072 30021577168912384 -9.5203 LRK
MB072 30020997344141312 -8.96029 LRK
MB072 30019360831574016 -8.96149 LRK
MB072 30018083632455680 -8.96069 LRK
MB072 30016054197489664 -8.62293 LRK
MB072 30011025168269312 -9.51633 LRK
MB072 30008523261739008 -9.51355 LRK
MB072 30007525583622144 -9.51872 LRK
MB072 30005542193733632 -8.96347 LRK
MB072 30005470282391553 -8.62412 LRK
MB072 30005276945944576 -9.51633 LRK
MB072 30003271787614208 -9.51594 LRK
MB072 30003036029984768 -9.51474 LRK
MB072 30002749663870976 -9.51911 LRK
MB072 30001766896500737 -9.51792 LRK
MB072 30000826462244864 -8.96188 LRK
MB072 29998521608314881 -9.51633 LRK
MB072 29998440100401152 -9.52504 LRK
MB072 29996070377361408 -9.51673 LRK
MB072 29993422915903488 -9.51594 LRK
MB072 29992378546786304 -8.62412 LRK
MB072 29990674778554370 -9.5203 LRK
MB072 29989419255599104 -9.51633 LRK
MB072 29989359352545280 -9.52228 LRK
MB072 29988564146069505 -9.51514 LRK
MB072 29988420294017024 -9.51713 LRK
MB072 29987260447334401 -9.51355 LRK
MB072 29985975392280576 -9.51554 LRK
MB072 29982763574624256 -9.51951 LRK
MB072 29982699896709121 -9.52307 LRK
MB072 29981856279568384 -9.51474 LRK
MB072 29980948812529664 -8.96426 LRK
MB072 29980488676417537 -9.51474 LRK
MB072 29977864870825984 -9.51951 LRK
MB072 29972419850534912 -8.96109 LRK
MB072 29968861306560513 -9.51713 LRK
MB072 29968263303667712 -9.51951 LRK
MB072 29967367844921345 -9.5207 LRK
MB072 29965663036510208 -9.51633 LRK
MB072 29965111535865856 -9.51713 LRK
MB072 29963632884326400 -9.51832 LRK
MB072 29963540395724800 -9.51633 LRK
MB072 29961796131487744 -9.51275 LRK
MB072 29961527972855808 -9.51991 LRK
MB072 29961311328673792 -9.51713 LRK
MB072 29960844590714880 -9.51951 LRK
MB072 29960006874963968 -8.62451 LRK
MB072 29959475586662400 -9.51832 LRK
MB072 29958751058399233 -9.51713 LRK
MB072 29956350096183296 -9.51872 LRK
MB072 29955716676583426 -9.51911 LRK
MB072 29954644444717056 -9.51395 LRK
MB072 29952993352749057 -9.51753 LRK
MB072 29952495342067712 -9.51633 LRK
MB072 29949813504090112 -8.96029 LRK
MB072 29948154526826497 -9.51991 LRK
MB072 29947518892646400 -9.51673 LRK
MB072 29945598530560000 -9.51792 LRK
MB072 29944091835895808 -9.51633 LRK
MB072 29940034828247041 -9.51633 LRK
MB072 29938954832707584 -9.51753 LRK
MB072 29934149783527424 -9.51872 LRK
MB072 29934103033806849 -9.51872 LRK
MB072 29930587741491201 -9.51514 LRK
MB072 29929353940832256 -9.51951 LRK
MB072 29926578678923264 -9.51753 LRK
MB072 29924884310134784 -8.62451 LRK
MB072 29923595857694720 -9.51832 LRK
MB072 29921356128722944 -8.96624 LRK
MB072 29920813809410048 -9.51753 LRK
MB072 29920401110859776 -9.52109 LRK
MB072 29917990271062016 -9.51235 LRK
MB072 29917985275645952 -8.95671 LRK
MB072 29914825521897472 -9.51991 LRK
MB072 29913140774834176 -9.51872 LRK
MB072 29912208645296128 -9.51235 LRK
MB072 29909032621834240 -9.51792 LRK
MB072 29907798435307521 -9.5203 LRK
MB072 29900659843141633 -9.51355 LRK
MB072 29895355881488384 -8.96308 LRK
MB072 29892551595008001 -9.51911 LRK
MB072 29890342249566208 -9.51911 LRK
MB072 29881364727730176 -8.62491 LRK
MB072 29880439090978816 -9.51872 LRK
MB072 29871478010810368 -9.19365 LRK
MB072 29865851125501953 -9.51355 LRK
MB072 29863691365122048 -9.51911 LRK
MB072 29862518285402113 -9.51832 LRK
MB072 29857942517850112 -9.51951 LRK
MB072 29842736693641216 -9.51951 LRK
MB072 29837506828574720 -8.9599 LRK
MB072 29823413740638209 -9.51195 LRK
MB072 29823028242157568 -9.51832 LRK
MB072 29819080911355904 -9.51792 LRK
MB072 29818923251666944 -9.19643 LRK
MB072 29818078351073280 -8.96347 LRK
MB072 29815613857734657 -9.51474 LRK
MB072 29813881362710528 -9.19563 LRK
MB072 29812474551214080 -9.51514 LRK
MB072 29806602114568192 -9.52109 LRK
MB072 29805897958039552 -9.51435 LRK
MB072 29805077401174016 -8.96308 LRK
MB072 29802782395469825 -8.96347 LRK
MB072 29798871810965504 -8.96069 LRK
MB072 29791781512028160 -9.51195 LRK
MB072 29789891306987520 -9.51911 LRK
MB072 29777531812970496 -8.96268 LRK
MB072 29773873994010624 -9.51633 LRK
MB072 29773767563550720 -9.51275 LRK
MB072 29771348771348480 -8.95791 LRK
MB072 29768926921498624 -9.5207 LRK
MB072 29768112635117568 -9.51872 LRK
MB072 29766666392969216 -9.51554 LRK
MB072 29765140819746816 -9.51832 LRK
MB072 29764972158390273 -8.96347 LRK
MB072 29764203518627840 -9.51594 LRK
MB072 29762469123588096 -9.51753 LRK
MB072 29760923283488769 -9.51673 LRK
MB072 29760844749344768 -9.51832 LRK
MB072 29759877131804672 -9.51155 LRK
MB072 29756894784520193 -9.5207 LRK
MB072 29752937672605697 -9.51474 LRK
MB072 29752419944497152 -9.51951 LRK
MB072 29749773804240896 -9.51872 LRK
MB072 29749772302684160 -9.51872 LRK
MB072 29748757797019650 -8.9595 LRK
MB072 29744646473125888 -9.51435 LRK
MB072 29743336256446464 -9.51713 LRK
MB072 29742348195864576 -9.5203 LRK
MB072 29741595737722880 -8.9599 LRK
MB072 29740068746829824 -9.51951 LRK
MB072 29739974739886082 -9.51395 LRK
MB072 29734651887099904 -8.96387 LRK
MB072 29728121343180800 -8.9599 LRK
MB072 29725688881745920 -9.51594 LRK
MB072 29720436614889473 -8.95631 LRK
MB072 29718644569153536 -9.51554 LRK
MB072 29714208107008000 -9.51633 LRK
MB072 29711717957107712 -9.5203 LRK
MB072 29711288779145217 -9.19643 LRK
MB072 29709434456379392 -9.51355 LRK
MB072 29705656923586560 -9.51514 LRK
MB072 29702270950055936 -9.51792 LRK
MB072 29699825645649920 -9.51753 LRK
MB072 29699119995953152 -9.51872 LRK
MB072 29698755867447296 -9.51275 LRK
MB072 29696987699871744 -8.9595 LRK
MB072 29696941470257153 -8.96109 LRK
MB072 29696928581156864 -9.51435 LRK
MB072 29691735785340928 -8.95591 LRK
MB072 29688498520858624 -8.95791 LRK
MB072 29688006537383936 -8.95791 LRK
MB072 29687604437843969 -9.51195 LRK
MB072 29686646785966080 -8.96426 LRK
MB072 29682110176436225 -9.51911 LRK
MB072 29681923991281664 -9.51474 LRK
MB072 29676272317632512 -9.52346 LRK
MB072 29675733135659008 -9.51514 LRK
MB072 29674139514052609 -9.51355 LRK
MB072 29672146796027904 -9.51395 LRK
MB072 29671204537237504 -9.51633 LRK
MB072 29671053408083969 -9.51633 LRK
MB072 29666577079078912 -9.51911 LRK
MB072 29666153378873344 -9.51594 LRK
MB072 29665527823605760 -9.51633 LRK
MB072 29665357635518465 -9.51435 LRK
MB072 29664522805444608 -9.51633 LRK
MB072 29662847701090304 -8.96149 LRK
MB072 29662381034442752 -8.9595 LRK
MB072 29661671219793920 -9.51474 LRK
MB072 29661455146029056 -9.51911 LRK
MB072 29660575764054016 -9.51713 LRK
MB072 29653611399094272 -9.51792 LRK
MB072 29651422291169280 -9.51792 LRK
MB072 29650245621129217 -9.51753 LRK
MB072 29647388096335873 -8.9591 LRK
MB072 29646891784347648 -9.51633 LRK
MB072 29644553929629696 -9.51872 LRK
MB072 29643405013291009 -9.51673 LRK
MB072 29643373946085376 -8.9599 LRK
MB072 29641375829991424 -8.96069 LRK
MB072 29640833061888000 -9.51872 LRK
MB072 29640289979207680 -9.51911 LRK
MB072 29638072060612609 -9.19563 LRK
MB072 29636675407712256 -8.9599 LRK
MB072 29635515221282816 -9.5203 LRK
MB072 29630987063271425 -8.96545 LRK
MB072 29624882316705792 -9.51753 LRK
MB072 29620873967173632 -9.51355 LRK
MB072 29618507398250496 -9.5203 LRK
MB072 29618459721601025 -8.96466 LRK
MB072 29617340123455488 -9.51673 LRK
MB072 29614765097623552 -9.51911 LRK
MB072 29614099776151552 -8.9595 LRK
MB072 29613277407354881 -9.51355 LRK
MB072 29612958489255936 -9.51275 LRK
MB072 29612616766722048 -9.51792 LRK
MB072 29609758314995712 -9.51911 LRK
MB072 29602360867160064 -9.51355 LRK
MB072 29599716522065920 -9.51951 LRK
MB072 29599597756157952 -8.96228 LRK
MB072 29597845287870465 -9.51355 LRK
MB072 29595011242786816 -9.51594 LRK
MB072 29593608315207680 -9.52109 LRK
MB072 29591882690461696 -9.51633 LRK
MB072 29590262166589440 -9.51753 LRK
MB072 29587368067465216 -9.51554 LRK
MB072 29584871156355072 -9.51474 LRK
MB072 29582602897723392 -9.5207 LRK
MB072 29581572164292608 -9.51991 LRK
MB072 29581120764907520 -9.51792 LRK
MB072 29577281483579392 -9.51832 LRK
MB072 29575232981311489 -9.51713 LRK
MB072 29571302536777728 -9.51911 LRK
MB072 29569260623765504 -9.51275 LRK
MB072 29565884494249984 -9.51792 LRK
MB072 29563027611189248 -9.51832 LRK
MB072 29562178264633344 -9.51951 LRK
MB072 29559572448411648 -9.51792 LRK
MB072 29553186427641857 -9.51435 LRK
MB072 29551676176203776 -8.96188 LRK
MB072 29550578845622272 -8.96347 LRK
MB072 29550316902948864 -9.51633 LRK
MB072 29546693556965376 -9.51832 LRK
MB072 29545370858037249 -8.96268 LRK
MB072 29541900000174080 -9.51514 LRK
MB072 29539643582062592 -9.51315 LRK
MB072 29539502854770688 -8.9599 LRK
MB072 29537357883506688 -9.51991 LRK
MB072 29536863723192321 -9.51991 LRK
MB072 29536434490707968 -9.51991 LRK
MB072 29536006390681600 -8.9599 LRK
MB072 29535331367780353 -9.51872 LRK
MB072 29534010157826048 -8.95751 LRK
MB072 29533398586359808 -9.51991 LRK
MB072 29529622181842944 -8.62372 LRK
MB072 29528948203331584 -9.51872 LRK
MB072 29528143257665536 -8.96109 LRK
MB072 29519692389416962 -9.51832 LRK
MB072 29514080800735232 -9.51673 LRK
MB072 29510879577899009 -9.51554 LRK
MB072 29509905022980096 -8.96545 LRK
MB072 29495933821521920 -9.51594 LRK
MB072 29493813957361664 -8.96029 LRK
MB072 29493348335095808 -8.96188 LRK
MB072 29491320846286848 -9.51713 LRK
MB072 29484867729231872 -9.51633 LRK
MB072 29484330740883456 -9.19365 LRK
MB072 29482816983015424 -9.51474 LRK
MB072 29466590135197696 -8.96188 LRK
MB072 29454257275019265 -8.96029 LRK
MB072 29447300887613440 -9.51753 LRK
MB072 29444821848432640 -9.19801 LRK
MB072 29444528658190336 -9.51951 LRK
MB072 29442544366518272 -9.51991 LRK
MB072 29436908278910976 -9.51713 LRK
MB072 29428940514787328 -8.96506 LRK
MB072 29428579901112320 -9.51435 LRK
MB072 29423124244074496 -8.96109 LRK
MB072 29422588073607169 -8.96387 LRK
MB072 29421891668148225 -9.51753 LRK
MB072 29420993629921280 -8.96109 LRK
MB072 29420650309357568 -9.19682 LRK
MB072 29419621505302528 -8.95751 LRK
MB072 29419145250480128 -9.51195 LRK
MB072 29418710460538880 -8.96149 LRK
MB072 29418653980033024 -8.95711 LRK
MB072 29416792497586176 -8.9591 LRK
MB072 29411332075823105 -9.51275 LRK
MB072 29409504244273152 -9.51991 LRK
MB072 29404220675330048 -9.51474 LRK
MB072 29401344158736384 -9.51435 LRK
MB072 29401341935747072 -9.51991 LRK
MB072 29400280634236928 -9.5203 LRK
MB072 29397279878156288 -9.51872 LRK
MB072 29395725179691008 -8.62412 LRK
MB072 29394524883128320 -9.51315 LRK
MB072 29393692871622656 -8.96308 LRK
MB072 29393543432769536 -9.51911 LRK
MB072 29391931402358784 -8.9591 LRK
MB072 29391782345187328 -8.96585 LRK
MB072 29385748109070336 -8.96109 LRK
MB072 29384301472649216 -8.9595 LRK
MB072 29384239837351936 -9.51554 LRK
MB072 29383116711788544 -8.95791 LRK
MB072 29382998457581571 -8.9587 LRK
MB072 29382983156764673 -9.52504 LRK
MB072 29382621502898176 -9.51872 LRK
MB072 29382545590190080 -8.96188 LRK
MB072 29381625846431744 -9.51951 LRK
MB072 29381604245770240 -9.51792 LRK
MB072 29381333444722688 -8.96069 LRK
MB072 29380696074096640 -8.96029 LRK
MB072 29379769967583232 -8.9591 LRK
MB072 29377730986377216 -9.51514 LRK
MB072 29377651575627776 -8.95791 LRK
MB072 29377019464654848 -8.96109 LRK
MB072 29376472439324672 -9.19086 LRK
MB072 29376132864282624 -9.51315 LRK
MB072 29376121262837762 -9.51951 LRK
MB072 29375293227536384 -9.51633 LRK
MB072 29375252798636032 -8.9599 LRK
MB072 29373390066290690 -8.96188 LRK
MB072 29372923810680832 -8.96228 LRK
MB072 29372560491675649 -8.96268 LRK
MB072 29370273744560128 -9.51355 LRK
MB072 29367753764769792 -8.95791 LRK
MB072 29366156410224640 -9.51633 LRK
MB072 29364958877712384 -9.51554 LRK
MB072 29364615552958464 -8.62412 LRK
MB072 29364462163066880 -8.96268 LRK
MB072 29364393342935040 -9.51395 LRK
MB072 29353647741599745 -9.51753 LRK
MB072 29353642788126721 -9.51832 LRK
MB072 29348272413872128 -9.51872 LRK
MB072 29348181426831360 -9.51713 LRK
MB072 29345355195748352 -9.51435 LRK
MB072 29344119268573184 -9.51753 LRK
MB072 29343029890392064 -9.51991 LRK
MB072 29337464636182528 -8.96109 LRK
MB072 29337060322058241 -9.51514 LRK
MB072 29336562999230464 -9.51753 LRK
MB072 29336144931987456 -8.96347 LRK
MB072 29329768449052672 -9.51872 LRK
MB072 29327229401964544 -9.51514 LRK
MB072 29325684350386176 -9.51832 LRK
MB072 29316999532253184 -9.51435 LRK
MB072 29316956561612800 -9.51315 LRK
MB072 29315582532780032 -9.51554 LRK
MB072 29313800972804096 -9.51832 LRK
MB072 29313601693032448 -9.51713 LRK
MB072 29311018144374784 -9.51792 LRK
MB072 29310145271963648 -9.51911 LRK
MB072 29309948613627904 -9.51792 LRK
MB072 29308679400460288 -8.96347 LRK
MB072 29307689653772288 -9.5203 LRK
MB072 29305370480476160 -9.51435 LRK
MB072 29303420783427584 -9.51514 LRK
MB072 29303317775523840 -9.51832 LRK
MB072 29301869884997632 -9.51951 LRK
MB072 29298921708716032 -8.9595 LRK
MB072 29298670205669378 -9.51832 LRK
MB072 29295646607413249 -9.51474 LRK
MB072 29295529502445568 -8.9595 LRK
MB072 29292564532174848 -9.51911 LRK
MB072 29291922157740034 -8.96029 LRK
MB072 29289215497863168 -9.51435 LRK
MB072 29286156944281600 -9.51872 LRK
MB072 29279389703217152 -8.96426 LRK
MB072 29277868462702592 -8.96387 LRK
MB072 29277690552909824 -9.51753 LRK
MB072 29277279058132993 -8.96545 LRK
MB072 29276617817726976 -8.2806 LRK
MB072 29275393303252993 -9.5203 LRK
MB072 29272861822685184 -8.96029 LRK
MB072 29270989707677697 -8.96387 LRK
MB072 29270232463843330 -8.96029 LRK
MB072 29269713401942016 -9.51991 LRK
MB072 29265877161476096 -9.51911 LRK
MB072 29262490630103040 -9.51991 LRK
MB072 29258208652562433 -8.9599 LRK
MB072 29257579548909568 -8.96268 LRK
MB072 29257299906269184 -8.9587 LRK
MB072 29257289340817408 -8.96268 LRK
MB072 29256853389058048 -9.51554 LRK
MB072 29256669464633344 -9.51633 LRK
MB072 29252576495009792 -8.9599 LRK
MB072 29252530785492992 -9.51911 LRK
MB072 29251074925789184 -9.51911 LRK
MB072 29246228470435840 -9.51753 LRK
MB072 29237379655008256 -9.51753 LRK
MB072 29236372019617792 -9.51435 LRK
MB072 29234496406560768 -8.96268 LRK
MB072 29234276427894786 -9.5207 LRK
MB072 29234012258050048 -9.51594 LRK
MB072 29233869060313088 -9.51991 LRK
MB072 29231523467104256 -9.51435 LRK
MB072 29231180352065536 -9.51633 LRK
MB072 29231175327293440 -9.51395 LRK
MB072 29230671083868162 -9.51951 LRK
MB072 29224404474925056 -9.51713 LRK
MB072 29221814861303808 -9.51594 LRK
MB072 29219361617092608 -9.51991 LRK
MB072 29218043871629313 -9.51673 LRK
MB072 29217510343577600 -9.51395 LRK
MB072 29217192847343616 -9.51951 LRK
MB072 29217156587593728 -9.51753 LRK
MB072 29213600346279936 -9.51753 LRK
MB072 29210819107495936 -9.51395 LRK
MB072 29210033019428865 -9.51713 LRK
MB072 29208859797098496 -9.51911 LRK
MB072 29205936501432320 -9.51633 LRK
MB072 29202022523731969 -9.52701 LRK
MB072 29199806236729344 -9.51872 LRK
MB072 29196369260453889 -9.51832 LRK
MB072 29194904588517376 -9.5203 LRK
MB072 29194562220072960 -9.52149 LRK
MB072 29193662227283968 -9.51753 LRK
MB072 29192854769242112 -8.96228 LRK
MB072 29190916002553857 -9.51435 LRK
MB072 29188847954821121 -9.5203 LRK
MB072 29179793249402881 -9.51951 LRK
MB072 29176422916427776 -9.51951 LRK
MB072 29168348776370176 -9.51315 LRK
MB072 29168207961006080 -9.51435 LRK
MB072 29164976832774144 -8.9595 LRK
MB072 29164226643755008 -9.51872 LRK
MB072 29155498783670272 -9.51991 LRK
MB072 29151324377448448 -9.51753 LRK
MB072 29150953458376704 -9.51275 LRK
MB072 29144934535663616 -9.51713 LRK
MB072 29138931421282304 -9.51355 LRK
MB072 29136106607869952 -9.5203 LRK
MB072 29130532382052352 -9.51514 LRK
MB072 29128006010146816 -9.51872 LRK
MB072 29127850644733953 -9.51594 LRK
MB072 29127569689280512 -9.51355 LRK
MB072 29116763828387841 -8.96308 LRK
MB072 29109678654881792 -8.9595 LRK
MB072 29107281526267904 -9.51713 LRK
MB072 29104412186124288 -9.51872 LRK
MB072 29104328153235456 -9.51911 LRK
MB072 29100396303618048 -8.96188 LRK
MB072 29096285847949312 -9.51155 LRK
MB072 29083027908857856 -8.96109 LRK
MB072 29077692510904320 -9.52109 LRK
MB072 29066468700200960 -8.62689 LRK
MB072 29066413201166337 -9.51435 LRK
MB072 29064337582723072 -9.51673 LRK
MB072 29050246185099265 -9.51753 LRK
MB072 29045268225728512 -8.96387 LRK
MB072 29042369970049024 -8.96308 LRK
MB072 29037351095238656 -9.51355 LRK
MB072 29035320792059904 -9.51792 LRK
MB072 29035293323567104 -9.51991 LRK
MB072 29029137804951552 -9.51872 LRK
MB072 29028424404176897 -9.51514 LRK
MB072 29026660556734464 -9.51951 LRK
MB072 29016110598717440 -8.96029 LRK
MB072 29010110038671360 -8.96387 LRK
MB072 29006119158415360 -8.9595 LRK
MB072 28997868274585601 -9.51315 LRK
MB072 28997671272325121 -9.51474 LRK
MB072 28993758183821312 -9.51911 LRK
MB072 28993398715195392 -9.51673 LRK
MB072 28989644037169152 -9.5203 LRK
MB072 28988058586058753 -9.51673 LRK
MB072 28987305054175232 -9.51832 LRK
MB072 28987221675614208 -9.51235 LRK
MB072 28987077802590208 -8.96347 LRK
MB072 28984352360632320 -9.51753 LRK
MB072 28983368385302529 -9.51395 LRK
MB072 28978887396433920 -8.62491 LRK
MB072 28978670743846912 -9.51991 LRK
MB072 28969515723264000 -9.51673 LRK
MB072 28968023566061568 -9.51554 LRK
