MB080 35067092726185984 -7.47159 LRK
MB080 35065908682555393 -9.96231 LRK
MB080 35061569259835392 -9.96231 LRK
MB080 35056307010539520 -9.95675 LRK
MB080 35054097644257280 -9.95555 LRK
MB080 35051479760900096 -9.95754 LRK
MB080 35048148439281664 -9.96271 LRK
MB080 35047014668439552 -9.95794 LRK
MB080 35042628051410944 -9.95675 LRK
MB080 35039892329201664 -9.95754 LRK
MB080 35036877648039936 -9.60448 LRK
MB080 35031787809804289 -9.95913 LRK
MB080 35029619413356544 -9.60885 LRK
MB080 35028438465265664 -9.96231 LRK
MB080 35026114107674624 -9.95913 LRK
MB080 35023408223756288 -9.96271 LRK
MB080 35016012411699200 -9.60567 LRK
MB080 35010347093991425 -9.96191 LRK
MB080 35007727008743424 -9.96112 LRK
MB080 35007095292035072 -9.61043 LRK
MB080 35004307413794817 -9.62147 LRK
MB080 34996060568944641 -9.96271 LRK
MB080 34991592234287104 -9.95675 LRK
MB080 34966667666653185 -9.60845 LRK
MB080 34957187000303616 -9.96033 LRK
MB080 34937612527468546 -9.26528 LRK
MB080 34936582360272896 -9.95754 LRK
MB080 34935557981208576 -9.60766 LRK
MB080 34934916911206400 -9.26608 LRK
MB080 34918561755439104 -9.95714 LRK
MB080 34918470453825536 -9.60607 LRK
MB080 34912715730321408 -9.60806 LRK
MB080 34893832940167168 -9.60726 LRK
MB080 34866941579497472 -9.95834 LRK
MB080 34865348335378432 -9.61162 LRK
MB080 34864959305428992 -9.61162 LRK
MB080 34861074347982848 -9.95794 LRK
MB080 34850707773329408 -9.95714 LRK
MB080 34843871066198016 -9.60806 LRK
MB080 34830345312411649 -9.95953 LRK
MB080 34826167076782080 -9.95475 LRK
MB080 34819298597806080 -9.95555 LRK
MB080 34817564848689153 -9.95515 LRK
MB080 34811206485155840 -9.60607 LRK
MB080 34810837612888064 -9.95913 LRK
MB080 34809751690944512 -9.96112 LRK
MB080 34807288745172993 -9.96152 LRK
MB080 34804332218032129 -9.60448 LRK
MB080 34787293063553024 -9.95675 LRK
MB080 34784664719867904 -9.60288 LRK
MB080 34777333416067073 -9.62107 LRK
MB080 34765043480395777 -9.95555 LRK
MB080 34758284959293440 -9.95635 LRK
MB080 34751386797219840 -9.60368 LRK
MB080 34748304797609984 -9.95714 LRK
MB080 34736365266542592 -9.60925 LRK
MB080 34732349778305025 -9.96191 LRK
MB080 34731888744595456 -9.96191 LRK
MB080 34721512317652992 -9.96271 LRK
MB080 34710433889779712 -9.95555 LRK
MB080 34701800539955200 -9.95874 LRK
MB080 34701653491843072 -9.95874 LRK
MB080 34700095739928576 -9.61004 LRK
MB080 34699971089408000 -9.95834 LRK
MB080 34688100231815168 -9.95475 LRK
MB080 34687711239475200 -9.95993 LRK
MB080 34683517921132544 -9.95953 LRK
MB080 34682968417116160 -9.95754 LRK
MB080 34671230636269568 -9.9635 LRK
MB080 34670725491068929 -9.62107 LRK
MB080 34668652254994432 -9.95754 LRK
MB080 34643141218803712 -9.60567 LRK
MB080 34625425523085313 -9.60925 LRK
MB080 34587893964091393 -9.60845 LRK
MB080 34564133856743425 -9.61043 LRK
MB080 34560731823210496 -9.60647 LRK
MB080 34556348045869056 -9.60647 LRK
MB080 34519237968003072 -9.61004 LRK
MB080 34490215691194368 -9.96191 LRK
MB080 34479430860541952 -9.60368 LRK
MB080 34462374119346176 -9.96191 LRK
MB080 34462071131217920 -9.95475 LRK
MB080 34440093477380096 -9.95794 LRK
MB080 34417673802620929 -9.95555 LRK
MB080 34414311472504832 -9.95953 LRK
MB080 34405109064540161 -9.95435 LRK
MB080 34396104900481024 -9.96033 LRK
MB080 34389094800818176 -9.95635 LRK
MB080 34384099011461120 -9.95475 LRK
MB080 34383445182382080 -9.60845 LRK
MB080 34381562468368384 -9.95754 LRK
MB080 34378536848457728 -9.95395 LRK
MB080 34371174108504064 -9.95953 LRK
MB080 34365307938148352 -9.95595 LRK
MB080 34363469591486464 -9.95675 LRK
MB080 34362503345479680 -9.61083 LRK
MB080 34361521672818688 -9.95515 LRK
MB080 34341024142729216 -9.95714 LRK
MB080 34340662493057024 -9.95675 LRK
MB080 34334988111446016 -9.96072 LRK
MB080 34326466816647168 -9.96152 LRK
MB080 34311440307322880 -9.95794 LRK
MB080 34310559096639488 -9.95675 LRK
MB080 34301563560271873 -9.95435 LRK
MB080 34293003321352193 -9.96152 LRK
MB080 34275648872652800 -9.95874 LRK
MB080 34270301638369280 -9.60448 LRK
MB080 34241530134798336 -9.60607 LRK
MB080 34147703613030400 -9.60885 LRK
MB080 34126896383918080 -9.95555 LRK
MB080 34102104817668096 -9.60328 LRK
MB080 34098824591052800 -9.60607 LRK
MB080 34098254782140416 -9.96072 LRK
MB080 34091102743040000 -9.95834 LRK
MB080 34085190779273216 -9.61043 LRK
MB080 34080555481960448 -9.60964 LRK
MB080 34068540919128066 -9.96112 LRK
MB080 34065926030626816 -9.96072 LRK
MB080 34054263139348480 -9.60766 LRK
MB080 34048257734742016 -9.95635 LRK
MB080 34045062555893760 -9.95595 LRK
MB080 34043628548521984 -9.95635 LRK
MB080 34043418061570048 -9.95555 LRK
MB080 34038765496311808 -9.95555 LRK
MB080 34038575204925441 -9.95595 LRK
MB080 34035360900063233 -9.95874 LRK
MB080 33949942380765184 -9.95993 LRK
MB080 33926506816217088 -9.95435 LRK
MB080 33914476390658048 -9.60408 LRK
MB080 33910634965901313 -9.60607 LRK
MB080 33889453294489600 -9.60169 LRK
MB080 33887486178500609 -9.26647 LRK
MB080 33880326002450432 -9.60368 LRK
MB080 33806860045787136 -9.60726 LRK
MB080 33803055895937024 -9.60488 LRK
MB080 33756843687804929 -9.95714 LRK
MB080 33736595114827777 -9.96271 LRK
MB080 33735327810068480 -9.95993 LRK
MB080 33731388897230848 -9.60328 LRK
MB080 33722703991013377 -9.96152 LRK
MB080 33708915128541184 -9.95714 LRK
MB080 33707243924885504 -9.95475 LRK
MB080 33688592530276352 -9.61869 LRK
MB080 33682063383072768 -9.95874 LRK
MB080 33681979287277569 -9.96191 LRK
MB080 33681144088248320 -9.95555 LRK
MB080 33679862715785216 -9.96231 LRK
MB080 33677795129294848 -9.95993 LRK
MB080 33677777177673728 -9.60567 LRK
MB080 33673102747631616 -9.95953 LRK
MB080 33671521457152000 -9.95515 LRK
MB080 33665275513536512 -9.95675 LRK
MB080 33663421656342529 -9.95874 LRK
MB080 33651985043431424 -9.95675 LRK
MB080 33646487715975168 -9.96033 LRK
MB080 33645440981274625 -9.95515 LRK
MB080 33644706596392960 -9.62107 LRK
MB080 33642244133101568 -9.60527 LRK
MB080 33639844592746497 -9.95555 LRK
MB080 33544071880380416 -9.96231 LRK
MB080 33524333473177600 -9.9631 LRK
MB080 33518890055114752 -9.95953 LRK
MB080 33507527371005952 -9.61004 LRK
MB080 33439176615526401 -9.60607 LRK
MB080 33420638869790721 -9.95913 LRK
MB080 33394074815827968 -9.60567 LRK
MB080 33382362507120640 -9.96191 LRK
MB080 33380022907576320 -9.95515 LRK
MB080 33374346164572160 -9.60328 LRK
MB080 33371225933750273 -9.96271 LRK
MB080 33367287733948416 -9.60925 LRK
MB080 33363799188705280 -9.95555 LRK
MB080 33361131829465088 -9.95595 LRK
MB080 33358927869509633 -9.95475 LRK
MB080 33348362421927937 -9.95515 LRK
MB080 33347633493835776 -9.60806 LRK
MB080 33335688497860608 -9.95874 LRK
MB080 33335503700885504 -9.60607 LRK
MB080 33328800620089344 -9.95595 LRK
MB080 33326807067541504 -9.60328 LRK
MB080 33325995310186496 -9.95953 LRK
MB080 33325330496233472 -9.95794 LRK
MB080 33319845449699328 -9.95515 LRK
MB080 33315592362528768 -9.95675 LRK
MB080 33306588827615232 -9.95635 LRK
MB080 33306280701464576 -9.95953 LRK
MB080 33306009191579649 -9.60488 LRK
MB080 33300097236213761 -9.96112 LRK
MB080 33294735548358656 -9.95675 LRK
MB080 33294049800622080 -9.60925 LRK
MB080 33283843335131136 -9.26687 LRK
MB080 33283292216168448 -9.96152 LRK
MB080 33283001316016128 -9.95355 LRK
MB080 33271088062406656 -9.95475 LRK
MB080 33263936765693953 -9.95675 LRK
MB080 33245796333785088 -9.61004 LRK
MB080 33242487011155968 -9.96033 LRK
MB080 33236873329516545 -9.95435 LRK
MB080 33236350715039744 -9.95635 LRK
MB080 33235123549769728 -9.95714 LRK
MB080 33234955333013504 -9.95635 LRK
MB080 33229082493845504 -9.60845 LRK
MB080 33227565690781696 -9.60964 LRK
MB080 33221632247996416 -9.95595 LRK
MB080 33212463482798080 -9.95714 LRK
MB080 33180998183157760 -9.60686 LRK
MB080 33173159251279873 -9.61043 LRK
MB080 33152701109899264 -9.60607 LRK
MB080 33091616231137280 -9.9631 LRK
MB080 33057088024350720 -9.96152 LRK
MB080 33050958959362048 -9.60448 LRK
MB080 33040906613428224 -9.95595 LRK
MB080 33022642185310208 -9.95675 LRK
MB080 33021552886808576 -9.95675 LRK
MB080 33016075058679808 -9.26489 LRK
MB080 33006346710290432 -9.96072 LRK
MB080 33000271248359424 -9.96152 LRK
MB080 32981220337913856 -9.95435 LRK
MB080 32976064317755393 -9.96033 LRK
MB080 32956414733324288 -9.60964 LRK
MB080 32955882434199552 -9.95555 LRK
MB080 32954479850561536 -9.60766 LRK
MB080 32952048332840963 -9.95874 LRK
MB080 32940260719595520 -9.95754 LRK
MB080 32939022225506304 -9.95555 LRK
MB080 32931720462344192 -9.95595 LRK
MB080 32930514159534080 -9.95913 LRK
MB080 32923262241476608 -9.95555 LRK
MB080 32922762179776512 -9.95913 LRK
MB080 32916336472494080 -9.95993 LRK
MB080 32913585503997953 -9.95874 LRK
MB080 32911748277207040 -9.60328 LRK
MB080 32909818184339456 -9.95475 LRK
MB080 32901982326886400 -9.95993 LRK
MB080 32901601014321152 -9.96191 LRK
MB080 32899693985927168 -9.95754 LRK
MB080 32897316016885761 -9.95913 LRK
MB080 32895539351650304 -9.95355 LRK
MB080 32891848569651200 -9.95475 LRK
MB080 32890744603672576 -9.60806 LRK
MB080 32887720158167040 -9.95834 LRK
MB080 32886937375219712 -9.95555 LRK
MB080 32879191892434944 -9.95953 LRK
MB080 32877744589111296 -9.96033 LRK
MB080 32872314924179457 -9.95675 LRK
MB080 32868719168331776 -9.95555 LRK
MB080 32865736208683008 -9.96468 LRK
MB080 32864952326819840 -9.95475 LRK
MB080 32862664656945154 -9.95834 LRK
MB080 32849092929388544 -9.2629 LRK
MB080 32848608038486016 -9.41549 LRK
MB080 32846351242895360 -9.60806 LRK
MB080 32842919383666688 -9.60726 LRK
MB080 32838502135627777 -9.95754 LRK
MB080 32833786248953857 -9.60766 LRK
MB080 32830732820811776 -9.60726 LRK
MB080 32829536362045440 -9.95794 LRK
MB080 32811091578847234 -9.95675 LRK
MB080 32797687778648064 -9.95395 LRK
MB080 32792495695855616 -9.60647 LRK
MB080 32783041046773761 -9.60248 LRK
MB080 32708230861824000 -9.60448 LRK
MB080 32708201271001088 -9.60448 LRK
MB080 32699041594744832 -9.60607 LRK
MB080 32685366372728833 -9.96072 LRK
MB080 32676863763550208 -9.95515 LRK
MB080 32627337161867264 -9.95435 LRK
MB080 32625125006249984 -9.95475 LRK
MB080 32623782820577281 -9.95913 LRK
MB080 32621469678698496 -9.95595 LRK
MB080 32614657801854977 -9.95675 LRK
MB080 32605803131179008 -9.95515 LRK
MB080 32602055222755328 -9.96112 LRK
MB080 32595740895223808 -9.2637 LRK
MB080 32590925263802368 -9.60845 LRK
MB080 32582708030869504 -9.95953 LRK
MB080 32578570127675392 -9.95714 LRK
MB080 32577195574566912 -9.95714 LRK
MB080 32572078171361280 -9.95794 LRK
MB080 32570937622667265 -9.95475 LRK
MB080 32558299819802624 -9.26806 LRK
MB080 32554106065260544 -9.60925 LRK
MB080 32552134855622656 -9.95515 LRK
MB080 32547996314898432 -9.95595 LRK
MB080 32546597342547968 -9.9631 LRK
MB080 32543620640804865 -9.95475 LRK
MB080 32543545084608512 -9.95515 LRK
MB080 32531620615426048 -9.95913 LRK
MB080 32530971291029505 -9.62187 LRK
MB080 32523079104073728 -9.95794 LRK
MB080 32521186009161729 -9.95675 LRK
MB080 32511551755784192 -9.95834 LRK
MB080 32510607819280384 -9.60806 LRK
MB080 32504338584702976 -9.60488 LRK
MB080 32504251674529792 -9.60408 LRK
MB080 32502400082251776 -9.95754 LRK
MB080 32502315042734080 -9.95515 LRK
MB080 32501179665620992 -9.95435 LRK
MB080 32494226822397952 -9.95953 LRK
MB080 32493938321395712 -9.60845 LRK
MB080 32485952026845184 -9.96152 LRK
MB080 32475948230123520 -9.95754 LRK
MB080 32466078349135872 -9.95953 LRK
MB080 32458284174671873 -9.95555 LRK
MB080 32448528596860929 -9.60726 LRK
MB080 32387927258439680 -9.60368 LRK
MB080 32378866861350912 -9.96152 LRK
MB080 32351143338180608 -9.60408 LRK
MB080 32315532938051584 -9.60408 LRK
MB080 32295267264897024 -9.95555 LRK
MB080 32295011458490368 -9.95635 LRK
MB080 32292355524530176 -9.95675 LRK
MB080 32287276201410560 -9.95993 LRK
MB080 32282871855058944 -9.96231 LRK
MB080 32280440622555136 -9.95435 LRK
MB080 32271865414156289 -9.95595 LRK
MB080 32264547830075392 -9.96152 LRK
MB080 32263416978604032 -9.95714 LRK
MB080 32262482953248768 -9.95675 LRK
MB080 32261384632803328 -9.95475 LRK
MB080 32256108361940993 -9.61829 LRK
MB080 32247872783126528 -9.95555 LRK
MB080 32244994735603713 -9.95834 LRK
MB080 32239768238563328 -9.95754 LRK
MB080 32237286384992257 -9.95435 LRK
MB080 32235415758962688 -9.95555 LRK
MB080 32234444362350592 -9.96033 LRK
MB080 32226822305353728 -9.95435 LRK
MB080 32225561577259008 -9.95714 LRK
MB080 32215743231688704 -9.95993 LRK
MB080 32205214849179649 -9.60845 LRK
MB080 32202044769042433 -9.61043 LRK
MB080 32188454620110848 -9.95635 LRK
MB080 32185368895823872 -9.96389 LRK
MB080 32182049662050304 -9.60885 LRK
MB080 32177255929085952 -9.95714 LRK
MB080 32173534784520193 -9.60806 LRK
MB080 32168941417668608 -9.95435 LRK
MB080 32156110827814912 -9.95874 LRK
MB080 32145017044738049 -9.96271 LRK
MB080 32130701289594880 -9.95595 LRK
MB080 32129405547577344 -9.95834 LRK
MB080 32126598526271488 -9.95675 LRK
MB080 32125321092276224 -9.95714 LRK
MB080 32109000258486272 -9.96271 LRK
MB080 32107918136446976 -9.95515 LRK
MB080 32088679467982848 -9.60885 LRK
MB080 32055589785837568 -9.96112 LRK
MB080 32029063971340288 -9.60686 LRK
MB080 31989705121726464 -9.9631 LRK
MB080 31958186252566528 -9.96112 LRK
MB080 31934582756478977 -9.60766 LRK
MB080 31931818030669824 -9.9631 LRK
MB080 31901642173456384 -9.95515 LRK
MB080 31901125766549504 -9.60686 LRK
MB080 31897184064503808 -9.9631 LRK
MB080 31893340614041601 -9.95635 LRK
MB080 31889926333136896 -9.95794 LRK
MB080 31876375811981312 -9.60766 LRK
MB080 31870134725382144 -9.9631 LRK
MB080 31867314227912704 -9.95794 LRK
MB080 31860905184739328 -9.95794 LRK
MB080 31860063299698688 -9.95913 LRK
MB080 31856846964785152 -9.95635 LRK
MB080 31855541017903104 -9.95754 LRK
MB080 31852227295444992 -9.60488 LRK
MB080 31842260245024768 -9.96033 LRK
MB080 31841038888861696 -9.95635 LRK
MB080 31840383130406912 -9.96033 LRK
MB080 31839497419227136 -9.95635 LRK
MB080 31836603957649409 -9.95515 LRK
MB080 31826459081318400 -9.60845 LRK
MB080 31820263070892032 -9.95675 LRK
MB080 31817830429106176 -9.95834 LRK
MB080 31811060528840704 -9.60885 LRK
MB080 31808131386318848 -9.95475 LRK
MB080 31798430451892225 -9.95675 LRK
MB080 31796177896734720 -9.95555 LRK
MB080 31795793530716160 -9.95754 LRK
MB080 31794577916559360 -9.95515 LRK
MB080 31787519032954880 -9.95515 LRK
MB080 31778424557142016 -9.60368 LRK
MB080 31776155749060608 -9.95913 LRK
MB080 31776099344060416 -9.95834 LRK
MB080 31770300643282944 -9.95913 LRK
MB080 31762072102510592 -9.60766 LRK
MB080 31757844864831489 -9.95714 LRK
MB080 31756961091420161 -9.95395 LRK
MB080 31743903719759872 -9.95953 LRK
MB080 31742095865675776 -9.95675 LRK
MB080 31739119033917440 -9.96072 LRK
MB080 31734240383074304 -9.95993 LRK
MB080 31697058083635200 -9.60368 LRK
MB080 31662592632029184 -9.60925 LRK
MB080 31646595854368768 -9.60766 LRK
MB080 31641184434651138 -9.95475 LRK
MB080 31637834959949824 -9.60567 LRK
MB080 31600172299456513 -9.60726 LRK
MB080 31595903177457664 -9.95595 LRK
MB080 31588115567091712 -9.61004 LRK
MB080 31571643176325121 -9.60885 LRK
MB080 31552888614428673 -9.60647 LRK
MB080 31548610390786048 -9.9631 LRK
MB080 31539258602815488 -9.95754 LRK
MB080 31538042439208960 -9.60726 LRK
MB080 31524564785692672 -9.95874 LRK
MB080 31507009731829760 -9.61749 LRK
MB080 31472316525318144 -9.95435 LRK
MB080 31470294665269248 -9.95714 LRK
MB080 31469467317833728 -9.60845 LRK
MB080 31468438023049216 -9.95953 LRK
MB080 31468146023993344 -9.95675 LRK
MB080 31460897759170560 -9.95834 LRK
MB080 31458712841363456 -9.60845 LRK
MB080 31453883750559744 -9.60328 LRK
MB080 31446168839917569 -9.95714 LRK
MB080 31437389909987328 -9.95555 LRK
MB080 31434056407191552 -9.95675 LRK
MB080 31427404635308032 -9.95395 LRK
MB080 31425767426490368 -9.95475 LRK
MB080 31424547622227968 -9.95874 LRK
MB080 31422173172207616 -9.95714 LRK
MB080 31415606527926272 -9.95435 LRK
MB080 31413437376495617 -9.61908 LRK
MB080 31412238086574080 -9.95555 LRK
MB080 31408735603662848 -9.60726 LRK
MB080 31404291067478019 -9.96072 LRK
MB080 31400522833465345 -9.95754 LRK
MB080 31396172392304640 -9.60647 LRK
MB080 31392701345701888 -9.95834 LRK
MB080 31391397357551616 -9.95355 LRK
MB080 31391018230226946 -9.96152 LRK
MB080 31351126364266497 -9.60885 LRK
MB080 31338486699130880 -9.60527 LRK
MB080 31299382003367936 -9.60488 LRK
MB080 31240911551729664 -9.95953 LRK
MB080 31210089155133440 -9.95635 LRK
MB080 31206397899182080 -9.60209 LRK
MB080 31197463079559168 -9.95953 LRK
MB080 31185319567032320 -9.61004 LRK
MB080 31181239922724865 -9.95635 LRK
MB080 31177453347012608 -9.60328 LRK
MB080 31175325715005440 -9.95953 LRK
MB080 31169872792657921 -9.95635 LRK
MB080 31160001603043328 -9.96072 LRK
MB080 31150947216396288 -9.96191 LRK
MB080 31150592831258624 -9.60448 LRK
MB080 31148238643929088 -9.95754 LRK
MB080 31147362839695361 -9.95635 LRK
MB080 31147025701543938 -9.95794 LRK
MB080 31145636589993984 -9.96033 LRK
MB080 31143522681749505 -9.60845 LRK
MB080 31137406358917120 -9.95555 LRK
MB080 31137236267311104 -9.95475 LRK
MB080 31137051814400000 -9.96191 LRK
MB080 31134825062604802 -9.95635 LRK
MB080 31130304320110592 -9.60328 LRK
MB080 31126551160430592 -9.60806 LRK
MB080 31125074106912768 -9.96072 LRK
MB080 31123961198682112 -9.95953 LRK
MB080 31112629971849217 -9.96191 LRK
MB080 31110230943211520 -9.61043 LRK
MB080 31105654819127296 -9.95754 LRK
MB080 31100117670961155 -9.9635 LRK
MB080 31095857298284545 -9.95834 LRK
MB080 31094885478047745 -9.95515 LRK
MB080 31093957240823808 -9.95834 LRK
MB080 31091013338533889 -9.95754 LRK
MB080 31088746619215872 -9.96112 LRK
MB080 31086483024650240 -9.95913 LRK
MB080 31084076207181824 -9.95714 LRK
MB080 31077677980979200 -9.95834 LRK
MB080 31072004064940032 -9.95714 LRK
MB080 31071280996286464 -9.96231 LRK
MB080 31070686856351745 -9.96231 LRK
MB080 31068038266621953 -9.9631 LRK
MB080 31065628135653376 -9.95953 LRK
MB080 31058465090707456 -9.96389 LRK
MB080 31056742209036288 -9.95515 LRK
MB080 31054454627241984 -9.60169 LRK
MB080 31054243003629568 -9.95635 LRK
MB080 31049731358597120 -9.95794 LRK
MB080 31045452279324672 -9.61908 LRK
MB080 31042514853044224 -9.95714 LRK
MB080 31042024194965504 -9.9635 LRK
MB080 31039326133420033 -9.95993 LRK
MB080 31035734798372864 -9.26687 LRK
MB080 31030981364293632 -9.60885 LRK
MB080 31029054765268992 -9.60686 LRK
MB080 31024519665684481 -9.60448 LRK
MB080 31015935871557632 -9.96152 LRK
MB080 31008266683154432 -9.95595 LRK
MB080 31004881682694144 -9.95993 LRK
MB080 30997739022065664 -9.60567 LRK
MB080 30976404866736128 -9.61043 LRK
MB080 30951073350950912 -9.60964 LRK
MB080 30943796892008448 -9.60607 LRK
MB080 30922193466556416 -9.61241 LRK
MB080 30868421923053568 -9.95754 LRK
MB080 30856040782237696 -9.95635 LRK
MB080 30854784273616896 -9.60925 LRK
MB080 30849810122674176 -9.60607 LRK
MB080 30847444669440000 -9.95595 LRK
MB080 30842382790426625 -9.96152 LRK
MB080 30840452609478656 -9.60925 LRK
MB080 30834387142578177 -9.61162 LRK
MB080 30823903009972225 -9.26409 LRK
MB080 30821846630801408 -9.95555 LRK
MB080 30821685372391424 -9.60607 LRK
MB080 30816611791282176 -9.96033 LRK
MB080 30814415360098305 -9.60488 LRK
MB080 30810422961508352 -9.95595 LRK
MB080 30798652440055808 -9.95913 LRK
MB080 30793869725532160 -9.95834 LRK
MB080 30786751857434624 -9.95675 LRK
MB080 30780649853947904 -9.95555 LRK
MB080 30779908976287745 -9.95953 LRK
MB080 30778249411821568 -9.95555 LRK
MB080 30775235707928576 -9.95555 LRK
MB080 30775047069114368 -9.60607 LRK
MB080 30772194866888705 -9.95794 LRK
MB080 30765818186825728 -9.96191 LRK
MB080 30762890294206464 -9.95635 LRK
MB080 30752334946504704 -9.60964 LRK
MB080 30748788427595776 -9.95754 LRK
MB080 30741361447665664 -9.95555 LRK
MB080 30725817503846400 -9.95555 LRK
MB080 30722167280766976 -9.95834 LRK
MB080 30720858322378752 -9.95834 LRK
MB080 30719105367547904 -9.95435 LRK
MB080 30710478837645312 -9.95395 LRK
MB080 30710259349716992 -9.95435 LRK
MB080 30706285234098176 -9.95395 LRK
MB080 30701729343340544 -9.60686 LRK
MB080 30698351020220416 -9.96072 LRK
MB080 30696315474149376 -9.95913 LRK
MB080 30695564811177984 -9.95595 LRK
MB080 30690535635161088 -9.95874 LRK
MB080 30687338518544384 -9.60964 LRK
MB080 30685921271611393 -9.95515 LRK
MB080 30683756004114432 -9.60845 LRK
MB080 30677052805877760 -9.95635 LRK
MB080 30676999957647361 -9.61083 LRK
MB080 30675298445950976 -9.26528 LRK
MB080 30670468172226560 -9.96033 LRK
MB080 30665468788346880 -9.96072 LRK
MB080 30653185207050240 -9.95953 LRK
MB080 30648794655760384 -9.95675 LRK
MB080 30642029335683072 -9.95953 LRK
MB080 30640450457047041 -9.61043 LRK
MB080 30635253009752065 -9.60567 LRK
MB080 30627512161673216 -9.60845 LRK
MB080 30623869316366337 -9.60567 LRK
MB080 30596393135513600 -9.61004 LRK
MB080 30586172849786880 -9.60925 LRK
MB080 30541965711900672 -9.95953 LRK
MB080 30541029727801344 -9.96112 LRK
MB080 30521567511322624 -9.95475 LRK
MB080 30460766129754112 -9.60806 LRK
MB080 30453237769306112 -9.26528 LRK
MB080 30450153852772353 -9.60408 LRK
MB080 30449517115482112 -9.95754 LRK
MB080 30445067470639107 -9.95555 LRK
MB080 30435994750689280 -9.95555 LRK
MB080 30434473334022144 -9.96072 LRK
MB080 30430567329693696 -9.95754 LRK
MB080 30423233996005377 -9.95993 LRK
MB080 30420957541695488 -9.96271 LRK
MB080 30409804312743936 -9.60368 LRK
MB080 30408631472095232 -9.95675 LRK
MB080 30399853494272000 -9.95714 LRK
MB080 30383774944464896 -9.95794 LRK
MB080 30379652396613632 -9.95834 LRK
MB080 30377865505669120 -9.95834 LRK
MB080 30367155430100992 -9.60885 LRK
MB080 30363021851238401 -9.60209 LRK
MB080 30361750926786561 -9.95515 LRK
MB080 30360864490000384 -9.96072 LRK
MB080 30359453823926273 -9.95993 LRK
MB080 30356002587021313 -9.60885 LRK
MB080 30351961756794880 -9.95754 LRK
MB080 30351697595334656 -9.42384 LRK
MB080 30341415812726786 -9.95913 LRK
MB080 30340046615748610 -9.95675 LRK
MB080 30335952081653760 -9.95355 LRK
MB080 30329409781104641 -9.95675 LRK
MB080 30313683489923075 -9.95635 LRK
MB080 30311175002525696 -9.95754 LRK
MB080 30302336274407424 -9.95475 LRK
MB080 30300797975658498 -9.60885 LRK
MB080 30300224362643457 -9.95475 LRK
MB080 30297850252369920 -9.95913 LRK
MB080 30295546107265024 -9.60647 LRK
MB080 30289608214319104 -9.06528 LRK
MB080 30281838299713536 -9.60806 LRK
MB080 30266769549557760 -9.60806 LRK
MB080 30243957896118272 -9.96191 LRK
MB080 30242976336715776 -9.60964 LRK
MB080 30215259851595776 -9.60408 LRK
MB080 30207819059826690 -9.96271 LRK
MB080 30197408348504065 -9.60368 LRK
MB080 30125656658415616 -9.96033 LRK
MB080 30124822793031680 -9.95993 LRK
MB080 30121063094423552 -9.96072 LRK
MB080 30119811220508672 -9.95595 LRK
MB080 30113428219629568 -9.95953 LRK
MB080 30106130218749952 -9.95435 LRK
MB080 30102108388724736 -9.95515 LRK
MB080 30098381162422272 -9.95475 LRK
MB080 30095297770168320 -9.96271 LRK
MB080 30093327202258944 -9.9635 LRK
MB080 30093168242335744 -9.95874 LRK
MB080 30084850065080320 -9.95675 LRK
MB080 30083393790156802 -9.95555 LRK
MB080 30080328076894208 -9.96231 LRK
MB080 30078906992164864 -9.95754 LRK
MB080 30075275110776832 -9.95555 LRK
MB080 30069977218289664 -9.95913 LRK
MB080 30059344062058496 -9.95794 LRK
MB080 30055238450806784 -9.95555 LRK
MB080 30055209031958528 -9.9635 LRK
MB080 30052597675069440 -9.96152 LRK
MB080 30049380077666304 -9.95555 LRK
MB080 30046830251212800 -9.95475 LRK
MB080 30043654965960705 -9.62305 LRK
MB080 30040066264928256 -9.95913 LRK
MB080 30036263079780352 -9.95714 LRK
MB080 30030863529938945 -9.95874 LRK
MB080 30027225034129408 -9.95515 LRK
MB080 30020417796186113 -9.95675 LRK
MB080 30018306052202496 -9.26568 LRK
MB080 30008729751519232 -9.95794 LRK
MB080 29998831156330497 -9.96112 LRK
MB080 29998472090361856 -9.60488 LRK
MB080 29997605337436161 -9.95515 LRK
MB080 29994411257499648 -9.95913 LRK
MB080 29993011194626049 -9.95515 LRK
MB080 29990885844324353 -9.60448 LRK
MB080 29990451788382210 -9.96231 LRK
MB080 29988137891532800 -9.95475 LRK
MB080 29985820517601280 -9.96231 LRK
MB080 29973735637254144 -9.60647 LRK
MB080 29968222581161984 -9.95953 LRK
MB080 29959631296012289 -9.96033 LRK
MB080 29959588237287424 -9.95913 LRK
MB080 29957812192804864 -9.60925 LRK
MB080 29956594770907137 -9.96191 LRK
MB080 29955050717577216 -9.60209 LRK
MB080 29954585581846530 -9.60885 LRK
MB080 29947376475054080 -9.95555 LRK
MB080 29927344676278273 -9.95834 LRK
MB080 29916487909117952 -9.60448 LRK
MB080 29864303972585472 -9.96191 LRK
MB080 29857228173352960 -9.60686 LRK
MB080 29856673757663232 -9.60885 LRK
MB080 29856014761201664 -9.60647 LRK
MB080 29847538764881920 -9.60527 LRK
MB080 29837691252113408 -9.60607 LRK
MB080 29822370768228352 -9.61043 LRK
MB080 29814235420688384 -9.95475 LRK
MB080 29791355488182272 -9.60647 LRK
MB080 29778023779663872 -9.96231 LRK
MB080 29763160344887296 -9.96112 LRK
MB080 29751569905881088 -9.95475 LRK
MB080 29748112000028673 -9.95435 LRK
MB080 29746735882440704 -9.95635 LRK
MB080 29742208282267648 -9.60686 LRK
MB080 29737552281866240 -9.95555 LRK
MB080 29736672979591169 -9.95475 LRK
MB080 29735253924904960 -9.60248 LRK
MB080 29724493366693889 -9.60885 LRK
MB080 29711626932322304 -9.95794 LRK
MB080 29700318631567360 -9.95993 LRK
MB080 29698863623311360 -9.96112 LRK
MB080 29698307668320256 -9.95834 LRK
MB080 29683139685122048 -9.96191 LRK
MB080 29682596451454976 -9.95595 LRK
MB080 29679678625161216 -9.60328 LRK
MB080 29674060883431424 -9.60686 LRK
MB080 29662807007961088 -9.95355 LRK
MB080 29661337499996160 -9.95675 LRK
MB080 29648869201551361 -9.95595 LRK
MB080 29646289838800896 -9.95355 LRK
MB080 29637497281576960 -9.60686 LRK
MB080 29634990526439424 -9.95555 LRK
MB080 29620074952261632 -9.95475 LRK
MB080 29619200460857344 -9.96112 LRK
MB080 29615811781984257 -9.95993 LRK
MB080 29610566905499648 -9.95515 LRK
MB080 29610100243046400 -9.95595 LRK
MB080 29605517479387136 -9.96112 LRK
MB080 29604300535635968 -9.95435 LRK
MB080 29601340791455744 -9.96033 LRK
MB080 29600787319496705 -9.96231 LRK
MB080 29600356103098368 -9.95475 LRK
MB080 29595224036614144 -9.95635 LRK
MB080 29581490962563073 -9.26845 LRK
MB080 29579652309721088 -9.95874 LRK
MB080 29574564690264065 -9.95475 LRK
MB080 29573004350459906 -9.95993 LRK
MB080 29563947552083968 -9.61043 LRK
MB080 29555033532010496 -9.60527 LRK
MB080 29546959756853248 -9.95794 LRK
MB080 29540831954210816 -9.60567 LRK
MB080 29519323986923520 -9.60488 LRK
MB080 29518796171513858 -9.60209 LRK
MB080 29464208328364032 -9.60885 LRK
MB080 29460025739059202 -9.9631 LRK
MB080 29437622602436609 -9.60647 LRK
MB080 29436715592589312 -9.60567 LRK
MB080 29415139719516160 -9.60567 LRK
MB080 29410548521115648 -9.95714 LRK
MB080 29408360084279296 -9.61083 LRK
MB080 29398860233183232 -9.61043 LRK
MB080 29383255614558208 -9.60845 LRK
MB080 29378053318643712 -9.60527 LRK
MB080 29374563523502080 -9.95754 LRK
MB080 29370421916737536 -9.96112 LRK
MB080 29360570884956162 -9.96072 LRK
MB080 29357263030321153 -9.95675 LRK
MB080 29352879965868032 -9.95475 LRK
MB080 29352857614422016 -9.60726 LRK
MB080 29347161862836225 -9.60488 LRK
MB080 29326265567678465 -9.95754 LRK
MB080 29325299514609665 -9.95515 LRK
MB080 29324867962675200 -9.60488 LRK
MB080 29317993884291072 -9.95595 LRK
MB080 29317917803814912 -9.60607 LRK
MB080 29316925603450881 -9.60647 LRK
MB080 29313827027820544 -9.95874 LRK
MB080 29311700658290688 -9.95754 LRK
MB080 29305112572723200 -9.95555 LRK
MB080 29299323170717696 -9.96429 LRK
MB080 29299052713611264 -9.61083 LRK
MB080 29295826685665280 -9.95555 LRK
MB080 29293699166904320 -9.60567 LRK
MB080 29293349768798208 -9.26766 LRK
MB080 29283256801165312 -9.95555 LRK
MB080 29277937245097984 -9.96112 LRK
MB080 29277764360077312 -9.95874 LRK
MB080 29273314887213056 -9.96271 LRK
MB080 29266927436173312 -9.60925 LRK
MB080 29264367606308865 -9.60607 LRK
MB080 29261808380420096 -9.96072 LRK
MB080 29255149528547329 -9.95754 LRK
MB080 29249482604421120 -9.60686 LRK
MB080 29247501127122944 -9.96112 LRK
MB080 29245188178186240 -9.95834 LRK
MB080 29244089614475264 -9.60726 LRK
MB080 29240886231564288 -9.60845 LRK
MB080 29239714158485504 -9.60845 LRK
MB080 29237779560931328 -9.95515 LRK
MB080 29232696144166912 -9.95913 LRK
MB080 29230934972698624 -9.95595 LRK
MB080 29230846342860801 -9.26528 LRK
MB080 29229258991730688 -9.95714 LRK
MB080 29226025279819776 -9.95993 LRK
MB080 29225427197231105 -9.95754 LRK
MB080 29222828591026176 -9.95595 LRK
MB080 29221801133346816 -9.60845 LRK
MB080 29217647275016192 -9.26449 LRK
MB080 29217257359941634 -9.26608 LRK
MB080 29215846547062784 -9.95635 LRK
MB080 29212087167225856 -9.60448 LRK
MB080 29210208949510144 -9.60845 LRK
MB080 29209693847035904 -9.60567 LRK
MB080 29206398801809408 -9.60647 LRK
MB080 29194898657771520 -9.60925 LRK
MB080 29191789780926465 -9.60806 LRK
MB080 29191296732106753 -9.60607 LRK
MB080 29180145436725249 -9.60686 LRK
MB080 29169634112446465 -9.26647 LRK
MB080 29167367250518016 -9.60527 LRK
MB080 29166490427064321 -9.60885 LRK
MB080 29165262716534784 -9.60806 LRK
MB080 29155130389561345 -9.60806 LRK
MB080 29155130213408768 -9.60766 LRK
MB080 29113804021305344 -9.26608 LRK
MB080 29074956251832321 -9.60607 LRK
MB080 29038830015217664 -9.95635 LRK
MB080 29029958416343040 -9.60567 LRK
MB080 29028489424277505 -9.95395 LRK
MB080 29020838762123265 -9.60368 LRK
MB080 29006526282735616 -9.96231 LRK
MB080 28992963463880704 -9.95953 LRK
MB080 28987704687460352 -9.95714 LRK
MB080 28983431585079297 -9.95675 LRK
MB080 28980381680140288 -9.95515 LRK
MB080 28979478738767872 -9.95475 LRK
MB080 28975177526157313 -9.95475 LRK
MB080 28965853865185280 -9.60607 LRK
MB080 28965565213184000 -9.95515 LRK
