MB084 35060229741744128 -9.90849 LRK
MB084 35049683688620033 -9.91048 LRK
MB084 35047531998089216 -10.3918 LRK
MB084 35047343258742785 -10.3998 LRK
MB084 35039962940309504 -10.3966 LRK
MB084 35031209163628544 -10.397 LRK
MB084 35018180145451008 -10.3934 LRK
MB084 34999916392755200 -9.90849 LRK
MB084 34993327937953793 -9.91008 LRK
MB084 34990501505536000 -9.90769 LRK
MB084 34982142656122881 -9.91048 LRK
MB084 34964933561163777 -10.395 LRK
MB084 34949055423578112 -10.3982 LRK
MB084 34947310391664642 -9.91246 LRK
MB084 34938660860207104 -9.91127 LRK
MB084 34914215026229249 -9.91048 LRK
MB084 34906380972331008 -9.91325 LRK
MB084 34898592065921025 -10.3974 LRK
MB084 34890493133459456 -10.3958 LRK
MB084 34853477079326722 -10.3966 LRK
MB084 34829372879798272 -9.91483 LRK
MB084 34824914775048192 -10.3974 LRK
MB084 34812338850758656 -10.395 LRK
MB084 34803420015624193 -10.397 LRK
MB084 34800291282948096 -10.3934 LRK
MB084 34789008810844160 -10.3938 LRK
MB084 34776005608480768 -9.90769 LRK
MB084 34769575476199424 -9.91246 LRK
MB084 34749202311421952 -10.3966 LRK
MB084 34728445531398144 -9.91167 LRK
MB084 34722260942192640 -9.91127 LRK
MB084 34694452912070656 -9.91087 LRK
MB084 34693095006277632 -10.3994 LRK
MB084 34692475364839424 -9.9069 LRK
MB084 34658709195984897 -9.91167 LRK
MB084 34641024118689792 -10.0495 LRK
MB084 34640917965185024 -9.9049 LRK
MB084 34637485464096768 -10.3994 LRK
MB084 34624048956850176 -10.397 LRK
MB084 34623470964834304 -10.3994 LRK
MB084 34603347042369537 -10.397 LRK
MB084 34585146099236864 -10.3942 LRK
MB084 34576991076220928 -10.3902 LRK
MB084 34533692089049088 -9.9057 LRK
MB084 34527619055624192 -10.3974 LRK
MB084 34523212889063424 -10.3978 LRK
MB084 34514806685827072 -10.3926 LRK
MB084 34483966757048320 -10.3986 LRK
MB084 34477926703439872 -9.9049 LRK
MB084 34456674362204160 -10.3946 LRK
MB084 34439633714548736 -10.3926 LRK
MB084 34431191524311040 -10.3982 LRK
MB084 34426707469410304 -10.399 LRK
MB084 34421812817301504 -10.393 LRK
MB084 34407593736671233 -10.399 LRK
MB084 34404812862787584 -10.3974 LRK
MB084 34400856245805056 -10.3958 LRK
MB084 34393719788544001 -10.399 LRK
MB084 34367971312795648 -10.3914 LRK
MB084 34361536210276352 -10.395 LRK
MB084 34358903663898624 -10.3906 LRK
MB084 34352212993904641 -10.3946 LRK
MB084 34337764161884160 -9.90928 LRK
MB084 34318233058156544 -10.3982 LRK
MB084 34308767348695040 -10.3994 LRK
MB084 34290747679318016 -10.3982 LRK
MB084 34278546046197760 -9.90769 LRK
MB084 34261319506989056 -10.3946 LRK
MB084 34217137023225857 -10.3942 LRK
MB084 34211595689132032 -10.3902 LRK
MB084 34177703879905280 -10.3986 LRK
MB084 34159522570305536 -10.393 LRK
MB084 34122071202070528 -10.3958 LRK
MB084 34120067574669312 -10.3966 LRK
MB084 34105787274117120 -10.3958 LRK
MB084 34093264311160832 -10.3954 LRK
MB084 34076311597096960 -10.395 LRK
MB084 34064597044432896 -9.9069 LRK
MB084 34049943534567424 -10.397 LRK
MB084 33939938718392320 -10.3962 LRK
MB084 33901413511733249 -10.397 LRK
MB084 33886526559485952 -10.4002 LRK
MB084 33856622551900160 -10.3958 LRK
MB084 33850024282562560 -9.91246 LRK
MB084 33835260634599424 -9.90849 LRK
MB084 33764969791102976 -10.397 LRK
MB084 33754018660487168 -9.91087 LRK
MB084 33743978545291264 -10.3934 LRK
MB084 33743959029194752 -9.91167 LRK
MB084 33717866272530432 -9.91285 LRK
MB084 33707513199202304 -9.91008 LRK
MB084 33694932376100864 -10.3914 LRK
MB084 33502925351424000 -9.90889 LRK
MB084 33437101030645761 -10.401 LRK
MB084 33432950846525440 -10.0519 LRK
MB084 33419615472197632 -10.393 LRK
MB084 33414969219485696 -10.3978 LRK
MB084 33410759199301632 -9.56654 LRK
MB084 33390769695891457 -9.9061 LRK
MB084 33375530476634112 -10.3986 LRK
MB084 33369697160269824 -10.3974 LRK
MB084 33356888963817472 -9.90849 LRK
MB084 33351853974491137 -10.3962 LRK
MB084 33344672516546560 -10.399 LRK
MB084 33336247590060033 -10.3982 LRK
MB084 33331504843206656 -9.91365 LRK
MB084 33327913415741440 -10.3994 LRK
MB084 33313086748372992 -10.3962 LRK
MB084 33304277246025728 -9.90849 LRK
MB084 33298917491736576 -10.3914 LRK
MB084 33295941213626368 -10.3934 LRK
MB084 33272147921076224 -10.3978 LRK
MB084 33265344554475520 -10.395 LRK
MB084 33262946465357824 -10.3958 LRK
MB084 33252003106783232 -9.90769 LRK
MB084 33251091936321536 -9.91206 LRK
MB084 33245735579295744 -9.90889 LRK
MB084 33241620409225216 -10.391 LRK
MB084 33238336374050816 -9.91206 LRK
MB084 33233360780410880 -10.3954 LRK
MB084 33206903760748544 -9.90928 LRK
MB084 33206708150996993 -9.91206 LRK
MB084 33201943178387456 -10.3966 LRK
MB084 33114522961059840 -10.3974 LRK
MB084 33109382006841344 -10.397 LRK
MB084 33098567270793217 -10.3946 LRK
MB084 33014959273148416 -10.3902 LRK
MB084 33006050965721088 -9.90928 LRK
MB084 32961024919347201 -10.3926 LRK
MB084 32949405787095040 -10.399 LRK
MB084 32939077598715904 -10.3974 LRK
MB084 32931552333668353 -10.3938 LRK
MB084 32922097713942528 -10.3946 LRK
MB084 32911873741426688 -10.3978 LRK
MB084 32899611458805760 -9.91127 LRK
MB084 32896602406391808 -10.3978 LRK
MB084 32896494021386240 -10.3978 LRK
MB084 32895672516612096 -9.91167 LRK
MB084 32891218677465088 -9.91325 LRK
MB084 32888904910643200 -9.90889 LRK
MB084 32886306384121856 -10.399 LRK
MB084 32872778180853760 -10.3982 LRK
MB084 32850791035314176 -9.91048 LRK
MB084 32845546213351427 -10.397 LRK
MB084 32841408180125696 -10.395 LRK
MB084 32818704584540160 -10.399 LRK
MB084 32800475820593153 -10.3958 LRK
MB084 32792267286650880 -10.3986 LRK
MB084 32767145280540672 -10.3982 LRK
MB084 32743849193381888 -10.3998 LRK
MB084 32716266196180992 -10.3974 LRK
MB084 32715722467573760 -10.3994 LRK
MB084 32690633411928064 -10.393 LRK
MB084 32680585524674561 -10.3986 LRK
MB084 32678329022681088 -10.3954 LRK
MB084 32677605526216704 -10.399 LRK
MB084 32671817101475840 -10.397 LRK
MB084 32654594727219200 -10.3914 LRK
MB084 32646002599010304 -10.3942 LRK
MB084 32630753393123328 -10.3974 LRK
MB084 32628425667649536 -10.399 LRK
MB084 32621545583026176 -10.397 LRK
MB084 32614549098078208 -10.3954 LRK
MB084 32609312182370304 -10.0551 LRK
MB084 32602152887132160 -10.3946 LRK
MB084 32587510852886529 -10.3958 LRK
MB084 32572981897068545 -9.91087 LRK
MB084 32566664696430592 -10.4002 LRK
MB084 32545677376495616 -10.3954 LRK
MB084 32543772990513152 -9.56654 LRK
MB084 32529104607645696 -10.3966 LRK
MB084 32518460634300416 -10.3966 LRK
MB084 32514787170586625 -10.393 LRK
MB084 32512240426942464 -10.0539 LRK
MB084 32505978561765376 -10.3986 LRK
MB084 32485452514594816 -9.91008 LRK
MB084 32484647174676480 -10.3974 LRK
MB084 32473522089496576 -10.3974 LRK
MB084 32471972126400512 -10.3982 LRK
MB084 32470728267796480 -10.397 LRK
MB084 32453547098374145 -10.3974 LRK
MB084 32422955921186816 -9.90809 LRK
MB084 32422940112850944 -10.3934 LRK
MB084 32406476156829696 -9.90889 LRK
MB084 32395064340643840 -10.3994 LRK
MB084 32359701953912832 -10.3954 LRK
MB084 32294421860978688 -9.90809 LRK
MB084 32265293682188289 -10.397 LRK
MB084 32245713479933952 -10.3986 LRK
MB084 32223458226081792 -10.3982 LRK
MB084 32221764268331008 -10.4006 LRK
MB084 32201491875889153 -10.3958 LRK
MB084 32192455285673984 -10.0563 LRK
MB084 32174449428008961 -10.3954 LRK
MB084 32131302685671425 -10.3934 LRK
MB084 32114628926382080 -10.3986 LRK
MB084 32112203758837760 -10.3994 LRK
MB084 32044128212623360 -10.3974 LRK
MB084 32020980163411968 -10.3974 LRK
MB084 31970926882979841 -9.90769 LRK
MB084 31950606952300544 -10.3934 LRK
MB084 31935808525049856 -10.3962 LRK
MB084 31917669590499328 -10.397 LRK
MB084 31911416256532480 -10.399 LRK
MB084 31897001025085442 -10.3926 LRK
MB084 31895386385817600 -10.3962 LRK
MB084 31878717458350080 -10.4002 LRK
MB084 31844927990145026 -10.3986 LRK
MB084 31842705214537728 -10.3994 LRK
MB084 31820048213475328 -10.3962 LRK
MB084 31795436956160001 -10.3974 LRK
MB084 31793735578685441 -10.3986 LRK
MB084 31793645770248193 -10.3954 LRK
MB084 31783074660352000 -10.3994 LRK
MB084 31753784480759808 -9.90928 LRK
MB084 31751008367419392 -9.90769 LRK
MB084 31714020926947328 -9.90809 LRK
MB084 31697588822482944 -10.3986 LRK
MB084 31651300659695617 -10.3934 LRK
MB084 31643709988675585 -10.3974 LRK
MB084 31633171959259136 -10.3982 LRK
MB084 31611112269029376 -9.91167 LRK
MB084 31586334455894016 -10.0555 LRK
MB084 31576130175639552 -10.3934 LRK
MB084 31554061517979648 -9.91246 LRK
MB084 31527479197835264 -10.393 LRK
MB084 31522355641581569 -10.399 LRK
MB084 31518732048146432 -9.91365 LRK
MB084 31513336176705538 -9.91246 LRK
MB084 31502355832770560 -10.4002 LRK
MB084 31465794932051969 -10.3966 LRK
MB084 31450208873222145 -9.90968 LRK
MB084 31448931997061120 -10.3934 LRK
MB084 31403888816947201 -10.397 LRK
MB084 31400360341934080 -10.3974 LRK
MB084 31398041776824321 -9.91087 LRK
MB084 31396272128659456 -10.391 LRK
MB084 31392462052261888 -10.0551 LRK
MB084 31384249965748224 -10.3954 LRK
MB084 31363482683187200 -9.85245 LRK
MB084 31286928858939392 -9.9053 LRK
MB084 31275633774436353 -10.3946 LRK
MB084 31235953490141184 -9.90729 LRK
MB084 31198743525072896 -10.3966 LRK
MB084 31194961164636160 -10.3966 LRK
MB084 31180856257150976 -10.3966 LRK
MB084 31151031035367424 -10.4006 LRK
MB084 31116661457166336 -10.3954 LRK
MB084 31114580725866496 -10.3918 LRK
MB084 31104665051471873 -9.90889 LRK
MB084 31084584175140864 -10.3922 LRK
MB084 31081443073462273 -10.3934 LRK
MB084 31068791337132032 -10.3962 LRK
MB084 31060830552334336 -9.90928 LRK
MB084 31060559726125056 -10.3974 LRK
MB084 31008378574606336 -10.3982 LRK
MB084 30888544054542336 -10.3899 LRK
MB084 30862729937948672 -9.90968 LRK
MB084 30857992417058816 -10.395 LRK
MB084 30850432431558656 -9.90809 LRK
MB084 30835823628779521 -10.4002 LRK
MB084 30825821224566784 -9.90729 LRK
MB084 30817872510980096 -10.3918 LRK
MB084 30815104849158144 -10.397 LRK
MB084 30813092619231233 -10.3946 LRK
MB084 30812241792073728 -9.91127 LRK
MB084 30803146364166144 -10.397 LRK
MB084 30802764497948673 -9.91127 LRK
MB084 30802265216385024 -10.3922 LRK
MB084 30801653896581120 -10.3958 LRK
MB084 30787133388103680 -9.91087 LRK
MB084 30775505280049152 -10.397 LRK
MB084 30739035114708993 -9.91008 LRK
MB084 30730965840035840 -9.91008 LRK
MB084 30727779339214848 -10.3958 LRK
MB084 30725901431865344 -10.3982 LRK
MB084 30717627127037952 -9.91048 LRK
MB084 30715438866374656 -9.91246 LRK
MB084 30714147477917696 -10.399 LRK
MB084 30686939422130177 -10.3946 LRK
MB084 30672240995471360 -10.3926 LRK
MB084 30662651117838336 -10.3974 LRK
MB084 30662362675552256 -10.3986 LRK
MB084 30658730265673728 -10.3978 LRK
MB084 30655510466273281 -10.3974 LRK
MB084 30632298709786624 -10.3922 LRK
MB084 30609991681445890 -9.90968 LRK
MB084 30583304176541696 -10.3962 LRK
MB084 30517949659877376 -10.3978 LRK
MB084 30517479172218881 -10.3982 LRK
MB084 30502970885931008 -10.399 LRK
MB084 30466801460584448 -10.3926 LRK
MB084 30448041391558657 -10.3922 LRK
MB084 30439530716729344 -10.3974 LRK
MB084 30424035380699136 -9.90889 LRK
MB084 30422392920608768 -10.0543 LRK
MB084 30401645191892992 -10.3942 LRK
MB084 30375107645939713 -10.397 LRK
MB084 30373938240425984 -9.9065 LRK
MB084 30373852953448448 -10.3966 LRK
MB084 30372126145908736 -10.399 LRK
MB084 30362035489349632 -9.90729 LRK
MB084 30342374827753472 -10.399 LRK
MB084 30339117283811328 -10.3994 LRK
MB084 30329430106701824 -10.3962 LRK
MB084 30324616421445633 -10.3914 LRK
MB084 30300288774569984 -10.3942 LRK
MB084 30299828709752832 -10.3998 LRK
MB084 30298646327066625 -10.3978 LRK
MB084 30298436779642880 -10.3982 LRK
MB084 30287391906336770 -9.90769 LRK
MB084 30259205092941825 -9.90968 LRK
MB084 30242970187857920 -9.91167 LRK
MB084 30240854249578496 -9.90769 LRK
MB084 30237085059260416 -10.395 LRK
MB084 30152754383036416 -10.3994 LRK
MB084 30139248283750400 -10.397 LRK
MB084 30137893745852416 -10.3974 LRK
MB084 30129442604978176 -10.3974 LRK
MB084 30123014855069696 -10.397 LRK
MB084 30121731242852352 -10.3962 LRK
MB084 30111438697668608 -10.397 LRK
MB084 30086516659195905 -10.3998 LRK
MB084 30055568559316992 -10.397 LRK
MB084 30046836467179521 -9.90769 LRK
MB084 30028403021185024 -10.3914 LRK
MB084 30025248686473217 -10.3978 LRK
MB084 30015564571217921 -9.91206 LRK
MB084 30013385336688640 -10.397 LRK
MB084 30012907110539265 -9.91048 LRK
MB084 30011415892852736 -9.91048 LRK
MB084 30009607036346368 -10.3966 LRK
MB084 29971980786606080 -10.3946 LRK
MB084 29964868442390529 -10.399 LRK
MB084 29948698704216064 -10.3958 LRK
MB084 29916691609690112 -10.3958 LRK
MB084 29893158997327872 -9.91285 LRK
MB084 29887093849198592 -10.397 LRK
MB084 29878274918191104 -10.3962 LRK
MB084 29793741854220288 -10.3986 LRK
MB084 29765210638123008 -9.90928 LRK
MB084 29749721325113344 -10.3938 LRK
MB084 29743029317271552 -10.4002 LRK
MB084 29738175966482433 -9.91206 LRK
MB084 29721108538204160 -9.9065 LRK
MB084 29718032578256896 -9.56694 LRK
MB084 29715819613134848 -9.9053 LRK
MB084 29701097530589184 -10.3962 LRK
MB084 29698551625809920 -10.3954 LRK
MB084 29693182564372480 -9.91087 LRK
MB084 29668431028559872 -10.3974 LRK
MB084 29652388365205505 -10.3958 LRK
MB084 29643165573062656 -10.3974 LRK
MB084 29639816350015489 -10.3942 LRK
MB084 29621327639871488 -10.3986 LRK
MB084 29610425934946304 -9.90889 LRK
MB084 29606300098760705 -10.399 LRK
MB084 29593485271113728 -10.0547 LRK
MB084 29576449568546816 -10.3982 LRK
MB084 29573231933394944 -10.399 LRK
MB084 29557706670997504 -10.395 LRK
MB084 29528573232545792 -10.3926 LRK
MB084 29506600016289792 -10.3938 LRK
MB084 29498823826997248 -10.3978 LRK
MB084 29453702565724160 -9.91087 LRK
MB084 29441483312463872 -10.395 LRK
MB084 29412660885856257 -9.91127 LRK
MB084 29412017571893249 -9.91127 LRK
MB084 29381521588625408 -10.3962 LRK
MB084 29375141532143616 -10.3958 LRK
MB084 29370073810477056 -9.9069 LRK
MB084 29364879982858241 -9.9057 LRK
MB084 29352593452957696 -10.3982 LRK
MB084 29337316132659200 -10.3986 LRK
MB084 29325132497424384 -10.399 LRK
MB084 29321311545204736 -10.3978 LRK
MB084 29321300115726336 -10.397 LRK
MB084 29319520405430272 -9.91285 LRK
MB084 29315014959570944 -10.3938 LRK
MB084 29310848358944768 -9.91087 LRK
MB084 29308570122067968 -9.91087 LRK
MB084 29306745088118784 -10.3934 LRK
MB084 29306284259938306 -9.9057 LRK
MB084 29302663778668545 -10.395 LRK
MB084 29301206698430464 -10.3946 LRK
MB084 29300705047089152 -10.3918 LRK
MB084 29293560050225152 -9.91008 LRK
MB084 29287702092324865 -10.3966 LRK
MB084 29287125060943872 -10.3966 LRK
MB084 29284475003211776 -10.3982 LRK
MB084 29284379284996096 -10.3982 LRK
MB084 29273834334982145 -10.3966 LRK
MB084 29273242355113984 -9.91246 LRK
MB084 29272628422246400 -10.3954 LRK
MB084 29255430475616256 -10.3974 LRK
MB084 29246989694664704 -9.9069 LRK
MB084 29233209443090432 -10.3958 LRK
MB084 29228696200019968 -10.395 LRK
MB084 29214909623439360 -10.3978 LRK
MB084 29199045150900226 -9.90849 LRK
MB084 29127932190396416 -10.3914 LRK
MB084 29120730444603392 -10.399 LRK
MB084 29102525051314177 -10.3946 LRK
MB084 29095359032590336 -10.3994 LRK
MB084 29090900529381377 -9.91404 LRK
MB084 29083425679867904 -10.3986 LRK
MB084 29054441290211328 -10.3982 LRK
MB084 28966443194257408 -10.3974 LRK
