MB086 32075949373652992 -12.0633 LRK
MB086 32064383794282500 -12.7852 LRK
MB086 32050879104290816 -12.0629 LRK
MB086 32046607587344384 -12.7872 LRK
MB086 32036245399937024 -12.7856 LRK
MB086 32031082635329537 -12.784 LRK
MB086 32012997698256896 -12.7907 LRK
MB086 32003733579632640 -12.7907 LRK
MB086 32000884665749506 -12.7923 LRK
MB086 31999613875527680 -12.7876 LRK
MB086 31989749929476097 -12.7903 LRK
MB086 31974683532333056 -12.0577 LRK
MB086 31970840450965506 -12.7911 LRK
MB086 31949621618024448 -12.7931 LRK
MB086 31945325258211328 -12.7868 LRK
MB086 31942214154190849 -12.7883 LRK
MB086 31936729204260864 -12.786 LRK
MB086 31934685340762112 -12.7848 LRK
MB086 31934373204852736 -12.7923 LRK
MB086 31933049541230592 -12.0585 LRK
MB086 31932998324715520 -12.7899 LRK
MB086 31926612425449472 -12.7911 LRK
MB086 31919449917366273 -12.7879 LRK
MB086 31915046166601728 -11.8341 LRK
MB086 31884764654862336 -12.7911 LRK
MB086 31880549085749248 -12.7876 LRK
MB086 31877998965686273 -12.7852 LRK
MB086 31876986511032321 -12.7887 LRK
MB086 31876486982008832 -12.7907 LRK
MB086 31866026358480896 -12.7899 LRK
MB086 31865156346576896 -12.7868 LRK
MB086 31859329762074624 -12.7903 LRK
MB086 31858175628025856 -12.7907 LRK
MB086 31856838332915712 -12.7879 LRK
MB086 31850074778632192 -12.7915 LRK
MB086 31842193484283904 -12.7876 LRK
MB086 31829220749475840 -12.7907 LRK
MB086 31823087842361344 -12.7911 LRK
MB086 31822156740431872 -12.0589 LRK
MB086 31812198657429505 -12.7872 LRK
MB086 31809513208156160 -12.7876 LRK
MB086 31809098387292160 -12.5674 LRK
MB086 31802708600029184 -12.7868 LRK
MB086 31799664349020161 -12.7891 LRK
MB086 31799046859399168 -12.7872 LRK
MB086 31796026197147648 -12.7887 LRK
MB086 31795812023410688 -12.7864 LRK
MB086 31777088734240768 -12.7876 LRK
MB086 31769458661916672 -12.7903 LRK
MB086 31756113745551360 -12.786 LRK
MB086 31753762661990400 -12.0661 LRK
MB086 31749096431689728 -12.7887 LRK
MB086 31737117251997696 -12.7864 LRK
MB086 31732826017636352 -12.7852 LRK
MB086 31711553585684480 -12.7868 LRK
MB086 31703901442932736 -12.7872 LRK
MB086 31698178281574401 -12.7935 LRK
MB086 31681161759559680 -12.7844 LRK
MB086 31655324167442432 -12.7879 LRK
MB086 31653565671936000 -12.7879 LRK
MB086 31653348906110976 -12.7915 LRK
MB086 31651538292178944 -12.7872 LRK
MB086 31643752757989376 -12.7915 LRK
MB086 31639781775515648 -12.7852 LRK
MB086 31632539563069440 -12.7915 LRK
MB086 31594286717861890 -12.0613 LRK
MB086 31578948240416768 -12.7836 LRK
MB086 31564371146571776 -12.7852 LRK
MB086 31562076090535937 -12.7864 LRK
MB086 31558127857967104 -12.5698 LRK
MB086 31555144055259136 -12.7876 LRK
MB086 31552324073693184 -12.7883 LRK
MB086 31551444393922560 -12.7868 LRK
MB086 31550179672858624 -12.7864 LRK
MB086 31546820970680320 -12.0593 LRK
MB086 31544444155076608 -12.0633 LRK
MB086 31542440582189056 -12.7927 LRK
MB086 31541573137203200 -12.7848 LRK
MB086 31530233823760384 -12.7879 LRK
MB086 31528042241200129 -12.7864 LRK
MB086 31526571156185088 -12.786 LRK
MB086 31524551263264768 -12.7844 LRK
MB086 31511215666630657 -12.7868 LRK
MB086 31506684039925761 -12.7887 LRK
MB086 31506298981851136 -12.7911 LRK
MB086 31504613333016576 -12.7895 LRK
MB086 31502163540705280 -12.786 LRK
MB086 31470086606815232 -12.7828 LRK
MB086 31469866737205248 -12.7915 LRK
MB086 31469394336948224 -12.7868 LRK
MB086 31469364234428417 -12.7879 LRK
MB086 31464583453478912 -12.0645 LRK
MB086 31464534585647104 -12.7899 LRK
MB086 31462223834513409 -12.7864 LRK
MB086 31455745308364800 -12.7844 LRK
MB086 31444952584028160 -12.7868 LRK
MB086 31442829737725952 -12.0641 LRK
MB086 31441703793590272 -12.0641 LRK
MB086 31434712597663744 -12.7876 LRK
MB086 31433407808405505 -12.7907 LRK
MB086 31431817437380608 -12.7899 LRK
MB086 31430565123063808 -12.7844 LRK
MB086 31419899645530112 -12.0657 LRK
MB086 31415047490117634 -12.7864 LRK
MB086 31410167299969025 -12.7844 LRK
MB086 31401122333724673 -12.7872 LRK
MB086 31397260872912896 -12.7891 LRK
MB086 31395551530459136 -12.0605 LRK
MB086 31394190898241536 -12.7899 LRK
MB086 31389049419735040 -12.0589 LRK
MB086 31386199008477184 -12.7879 LRK
MB086 31385999770648576 -12.7883 LRK
MB086 31381002626535425 -12.7911 LRK
MB086 31380089232957441 -12.7903 LRK
MB086 31369017079894016 -12.7848 LRK
MB086 31345456776744961 -12.7887 LRK
MB086 31336722985910272 -12.7907 LRK
MB086 31323093460844544 -12.7872 LRK
MB086 31317537132118017 -12.0653 LRK
MB086 31306247214997504 -12.786 LRK
MB086 31301958899867648 -12.7903 LRK
MB086 31295502456717312 -12.0633 LRK
MB086 31288024667004928 -12.0629 LRK
MB086 31284921209200641 -12.569 LRK
MB086 31280973882593281 -12.7899 LRK
MB086 31273977473146880 -12.7876 LRK
MB086 31262806833635328 -12.7868 LRK
MB086 31258404697673728 -12.7868 LRK
MB086 31248809627484160 -12.7864 LRK
MB086 31234744930795520 -12.7856 LRK
MB086 31231541749219328 -12.7844 LRK
MB086 31228524996075520 -12.0581 LRK
MB086 31225799411499008 -12.7895 LRK
MB086 31221325917855744 -12.0645 LRK
MB086 31219652172455936 -12.0593 LRK
MB086 31216760136933376 -12.7891 LRK
MB086 31210137301553152 -12.7872 LRK
MB086 31205606949920768 -12.7915 LRK
MB086 31204961165508608 -12.7876 LRK
MB086 31198370315898881 -12.7856 LRK
MB086 31197451826241536 -12.7883 LRK
MB086 31190920485412864 -12.7876 LRK
MB086 31186326225162240 -12.7899 LRK
MB086 31184842511089664 -12.7856 LRK
MB086 31184254771658752 -12.7879 LRK
MB086 31182887877353472 -12.7927 LRK
MB086 31180697142042624 -12.7899 LRK
MB086 31171218950328320 -12.7891 LRK
MB086 31162727036620800 -12.7856 LRK
MB086 31159912562171904 -12.786 LRK
MB086 31158377006505985 -12.7903 LRK
MB086 31152561889214464 -12.7895 LRK
MB086 31152086456467456 -12.7907 LRK
MB086 31151082398810112 -12.7927 LRK
MB086 31150017846853632 -12.7911 LRK
MB086 31144147456892928 -12.7903 LRK
MB086 31142417381982209 -12.7848 LRK
MB086 31138561503793153 -12.7848 LRK
MB086 31136208658636800 -12.7895 LRK
MB086 31131276580757504 -12.7868 LRK
MB086 31115990683099136 -12.7883 LRK
MB086 31114866634788864 -12.7876 LRK
MB086 31114204622626816 -12.7919 LRK
MB086 31113716225286144 -12.0605 LRK
MB086 31112699475660800 -12.7915 LRK
MB086 31112213561348096 -12.7891 LRK
MB086 31104017597734912 -12.7895 LRK
MB086 31100751245737984 -12.7883 LRK
MB086 31095735273390080 -12.7911 LRK
MB086 31090218291437569 -12.0645 LRK
MB086 31083487079440385 -12.0637 LRK
MB086 31083015689998337 -12.7876 LRK
MB086 31075684218576896 -12.7899 LRK
MB086 31064238692769792 -12.7891 LRK
MB086 31060392931229696 -12.7876 LRK
MB086 31058661182799872 -12.0641 LRK
MB086 31055329227710464 -12.7872 LRK
MB086 31053656509911040 -12.7879 LRK
MB086 31052413297229825 -12.7903 LRK
MB086 31051304029655040 -12.7891 LRK
MB086 31051183942533120 -12.0613 LRK
MB086 31046884734795776 -12.7868 LRK
MB086 31046242725273600 -12.784 LRK
MB086 31045339037310977 -12.7887 LRK
MB086 31043418247401472 -12.7876 LRK
MB086 31028232455200768 -12.7883 LRK
MB086 31027941995454464 -12.7915 LRK
MB086 31022406134931456 -12.7907 LRK
MB086 31019038398226432 -12.5761 LRK
MB086 31018941128118272 -12.7899 LRK
MB086 31014958258982912 -12.7868 LRK
MB086 31011657253650432 -12.5714 LRK
MB086 31011517604306944 -12.7907 LRK
MB086 31009227434622976 -12.7887 LRK
MB086 31006409738948610 -12.569 LRK
MB086 31004139957780481 -12.0613 LRK
MB086 31001768372469760 -12.0613 LRK
MB086 31000463302205441 -12.7876 LRK
MB086 30997253653004288 -12.7907 LRK
MB086 30995788070916096 -12.7868 LRK
MB086 30986676373299200 -12.7844 LRK
MB086 30980352872816640 -12.0629 LRK
MB086 30978020407771136 -12.7955 LRK
MB086 30974062620573697 -12.7864 LRK
MB086 30971264348725248 -12.0585 LRK
MB086 30966722299170816 -12.5694 LRK
MB086 30966159528435712 -12.0665 LRK
MB086 30965261251117056 -12.7864 LRK
MB086 30950530419261440 -12.7872 LRK
MB086 30941177725329408 -12.7868 LRK
MB086 30938959714451456 -12.7883 LRK
MB086 30934995304456192 -12.7872 LRK
MB086 30933182039728128 -12.7899 LRK
MB086 30927527216152576 -12.7876 LRK
MB086 30917648887840768 -12.7864 LRK
MB086 30916036156981249 -12.5674 LRK
MB086 30909954219053056 -12.5694 LRK
MB086 30902572705390592 -12.7915 LRK
MB086 30899515204575232 -12.7868 LRK
MB086 30897918403682304 -12.7856 LRK
MB086 30887092338827264 -12.5698 LRK
MB086 30874824087699456 -12.7864 LRK
MB086 30869097650585600 -12.7923 LRK
MB086 30855477260722176 -12.7915 LRK
MB086 30853072976609280 -12.7911 LRK
MB086 30853015657259008 -12.784 LRK
MB086 30837647228280834 -12.7903 LRK
MB086 30837028836872192 -12.7868 LRK
MB086 30832021626429440 -12.7864 LRK
MB086 30828910996365314 -12.7868 LRK
MB086 30827989386137601 -12.7895 LRK
MB086 30824960087818240 -12.7899 LRK
MB086 30823386087165952 -12.7883 LRK
MB086 30809856231342080 -12.7891 LRK
MB086 30807307528962048 -12.7907 LRK
MB086 30807032063856640 -12.7852 LRK
MB086 30798313896804352 -12.7899 LRK
MB086 30796891574763520 -12.7868 LRK
MB086 30795613545168897 -12.7895 LRK
MB086 30791505140523008 -12.7899 LRK
MB086 30791032337604608 -12.7911 LRK
MB086 30785190888480768 -12.7852 LRK
MB086 30782154858303488 -12.7852 LRK
MB086 30779566821736448 -12.7883 LRK
MB086 30779207692845058 -12.7879 LRK
MB086 30776805124218880 -12.7856 LRK
MB086 30774161164996608 -12.7891 LRK
MB086 30772160096116736 -12.7903 LRK
MB086 30771929514250241 -12.7876 LRK
MB086 30767725764677632 -12.7911 LRK
MB086 30767399326195712 -12.7864 LRK
MB086 30766608506953728 -12.7911 LRK
MB086 30761273268375552 -12.5643 LRK
MB086 30759684172419073 -12.7876 LRK
MB086 30759670763233280 -12.7907 LRK
MB086 30751482856873985 -12.0617 LRK
MB086 30749316276559873 -12.7943 LRK
MB086 30747653998387200 -12.7844 LRK
MB086 30747418995724288 -12.786 LRK
MB086 30745658168180736 -12.7887 LRK
MB086 30745308690386945 -12.7868 LRK
MB086 30744164857552896 -12.7923 LRK
MB086 30742842766794752 -12.7895 LRK
MB086 30741238407757824 -12.7876 LRK
MB086 30736383156948992 -12.7911 LRK
MB086 30729307835863040 -12.7891 LRK
MB086 30728774312001536 -12.7879 LRK
MB086 30728097892401152 -12.7864 LRK
MB086 30720083894468608 -12.7883 LRK
MB086 30718232734208000 -12.7872 LRK
MB086 30718027745992704 -12.7868 LRK
MB086 30717855687245824 -12.5694 LRK
MB086 30712023918583808 -12.786 LRK
MB086 30709497538285568 -12.7919 LRK
MB086 30703283312009218 -12.5686 LRK
MB086 30695811394310144 -12.7883 LRK
MB086 30695810555445248 -12.7883 LRK
MB086 30684228928671744 -12.4384 LRK
MB086 30678042397384704 -12.7915 LRK
MB086 30677780928659457 -12.5757 LRK
MB086 30676929996652544 -12.7872 LRK
MB086 30675242280034304 -12.784 LRK
MB086 30672165112123392 -12.7903 LRK
MB086 30671333884960770 -12.569 LRK
MB086 30670904518254594 -12.7919 LRK
MB086 30667405860540417 -12.7911 LRK
MB086 30664661326110720 -12.7876 LRK
MB086 30663888601092097 -12.7879 LRK
MB086 30663357258272768 -12.7872 LRK
MB086 30658881596166145 -12.7876 LRK
MB086 30658143398662144 -12.571 LRK
MB086 30653034388267008 -12.7895 LRK
MB086 30645343645339648 -12.7895 LRK
MB086 30643716314112000 -12.7915 LRK
MB086 30637035324710913 -12.7911 LRK
MB086 30633090309165057 -12.7868 LRK
MB086 30621930084110336 -12.7879 LRK
MB086 30610766532976640 -12.7895 LRK
MB086 30607835935019009 -12.7879 LRK
MB086 30601690541461504 -12.0641 LRK
MB086 30599023714893824 -12.784 LRK
MB086 30587853255737344 -12.7891 LRK
MB086 30583708369031169 -12.7907 LRK
MB086 30583095837069312 -12.7879 LRK
MB086 30582253490802689 -12.7899 LRK
MB086 30571110252683264 -12.7864 LRK
MB086 30548542846144513 -12.7899 LRK
MB086 30543246849474561 -12.573 LRK
MB086 30542500087209984 -12.7864 LRK
MB086 30539059692572672 -12.7903 LRK
MB086 30538295825928192 -12.7864 LRK
MB086 30529334087262208 -12.7876 LRK
MB086 30524364021563392 -12.7876 LRK
MB086 30518439294541825 -12.7864 LRK
MB086 30517228143116288 -12.7899 LRK
MB086 30513658916245504 -12.7915 LRK
MB086 30512645576589312 -12.7923 LRK
MB086 30510380082012160 -12.7891 LRK
MB086 30499113011257344 -12.7876 LRK
MB086 30498483299422208 -12.7927 LRK
MB086 30497586745974784 -12.7903 LRK
MB086 30493958324879360 -12.7836 LRK
MB086 30488422455971841 -12.7848 LRK
MB086 30486526777364481 -12.7887 LRK
MB086 30486198329806849 -12.7891 LRK
MB086 30483749548331008 -12.7911 LRK
MB086 30466979076775937 -12.786 LRK
MB086 30463779686846464 -12.0641 LRK
MB086 30462916687831043 -12.7903 LRK
MB086 30461795810410496 -12.7868 LRK
MB086 30455761637212160 -12.7868 LRK
MB086 30455039919132672 -12.7852 LRK
MB086 30454832917651456 -12.7907 LRK
MB086 30452965663838209 -12.7844 LRK
MB086 30442895722938370 -12.7856 LRK
MB086 30438507772125184 -12.569 LRK
MB086 30435582614183936 -12.786 LRK
MB086 30433969078013952 -12.7911 LRK
MB086 30433201826566144 -12.7891 LRK
MB086 30430182196121600 -12.7899 LRK
MB086 30425913564860416 -12.7923 LRK
MB086 30421458878464001 -12.7907 LRK
MB086 30420468355825664 -12.7907 LRK
MB086 30418414853951488 -12.7836 LRK
MB086 30417289937424384 -12.0688 LRK
MB086 30416787325583360 -12.7899 LRK
MB086 30413660270632960 -12.7919 LRK
MB086 30413166630408192 -12.7899 LRK
MB086 30412875373748224 -12.0601 LRK
MB086 30412073208913922 -12.7903 LRK
MB086 30404788009041923 -12.7911 LRK
MB086 30404634510106624 -12.7903 LRK
MB086 30397849199968257 -12.7923 LRK
MB086 30396142785138690 -12.7879 LRK
MB086 30395441858220033 -12.7864 LRK
MB086 30391762459557889 -12.7903 LRK
MB086 30380164475002881 -12.7879 LRK
MB086 30379095762149376 -12.7864 LRK
MB086 30378757017567233 -12.7879 LRK
MB086 30378265159929857 -12.7879 LRK
MB086 30377546201694208 -12.786 LRK
MB086 30375952143884289 -12.7852 LRK
MB086 30375479324188672 -12.7903 LRK
MB086 30375162822004736 -12.0637 LRK
MB086 30373049995886592 -12.7903 LRK
MB086 30368972012523520 -12.7887 LRK
MB086 30367491200913409 -12.7903 LRK
MB086 30363645179330560 -12.0569 LRK
MB086 30348990276964352 -12.7887 LRK
MB086 30348206588043265 -12.7911 LRK
MB086 30330223408971778 -12.7911 LRK
MB086 30325398441037824 -12.7876 LRK
MB086 30319791889719296 -12.7872 LRK
MB086 30316847572193280 -12.7864 LRK
MB086 30316794950451200 -12.7911 LRK
MB086 30311020048154624 -12.7868 LRK
MB086 30305656284123136 -12.7887 LRK
MB086 30288158696411136 -12.7911 LRK
MB086 30279027746934785 -12.7911 LRK
MB086 30277453368786944 -12.0621 LRK
MB086 30272363870294016 -12.7923 LRK
MB086 30263771117125632 -12.7907 LRK
MB086 30258629760258049 -12.0645 LRK
MB086 30250128128344064 -12.7903 LRK
MB086 30244862943039488 -12.7907 LRK
MB086 30244737835339776 -12.7907 LRK
MB086 30240069235249152 -12.7883 LRK
MB086 30234258631036928 -12.7903 LRK
MB086 30233316070268928 -12.7883 LRK
MB086 30223799307730944 -12.7911 LRK
MB086 30203089914961921 -12.7832 LRK
MB086 30202638561710080 -12.7883 LRK
MB086 30198621387358208 -12.7876 LRK
MB086 30184661133037571 -12.7876 LRK
MB086 30179487928811520 -12.786 LRK
MB086 30178701425512448 -12.7872 LRK
MB086 30176304095563776 -12.7895 LRK
MB086 30172668875513856 -12.5682 LRK
MB086 30171250743578624 -12.7868 LRK
MB086 30169874592436224 -12.7864 LRK
MB086 30160666098667521 -12.7923 LRK
MB086 30146947197177857 -12.5757 LRK
MB086 30140600766435328 -12.7915 LRK
MB086 30123323853635584 -12.7911 LRK
MB086 30122514470408192 -12.7911 LRK
MB086 30116417256820737 -12.7923 LRK
MB086 30106687658524673 -12.7864 LRK
MB086 30104915481198592 -12.7848 LRK
MB086 30095999934402561 -12.7868 LRK
MB086 30091511530004480 -12.784 LRK
MB086 30088166446731266 -12.7876 LRK
MB086 30084912103038976 -12.7852 LRK
MB086 30081542608912384 -12.7919 LRK
MB086 30068631345831936 -12.7895 LRK
MB086 30067549177647105 -12.7899 LRK
MB086 30066845557981185 -12.7903 LRK
MB086 30063531483209728 -12.5694 LRK
MB086 30062045768450048 -12.7907 LRK
MB086 30060298375274496 -12.786 LRK
MB086 30058591570370560 -12.7895 LRK
MB086 30056218047287296 -12.7864 LRK
MB086 30054381718085632 -12.7911 LRK
MB086 30054360633315328 -12.7911 LRK
MB086 30047279641530368 -12.7899 LRK
MB086 30038169726492672 -12.7891 LRK
MB086 30029559411773440 -12.7883 LRK
MB086 30024621822582784 -12.7911 LRK
MB086 30021210309918720 -12.7911 LRK
MB086 30018599179526145 -12.7915 LRK
MB086 30015762395561985 -12.7856 LRK
MB086 30014601596764160 -12.7895 LRK
MB086 30013899466084352 -12.0641 LRK
MB086 30013015449411584 -12.7868 LRK
MB086 29995509405978625 -12.7931 LRK
MB086 29990350961516545 -11.1129 LRK
MB086 29987957767151616 -12.7907 LRK
MB086 29985632289820672 -12.0569 LRK
MB086 29980618624335873 -12.7868 LRK
MB086 29973423811727360 -12.7899 LRK
MB086 29970197326594048 -12.7899 LRK
MB086 29965575237140480 -12.7911 LRK
MB086 29960927767961600 -12.7907 LRK
MB086 29956847007961088 -12.7887 LRK
MB086 29951456115171328 -12.0637 LRK
MB086 29941395812786177 -12.7891 LRK
MB086 29938407081779201 -12.7915 LRK
MB086 29937325668573184 -11.1125 LRK
MB086 29937026249789440 -12.786 LRK
MB086 29936538108297217 -12.7887 LRK
MB086 29930801151877120 -12.7907 LRK
MB086 29918140443926528 -12.7872 LRK
MB086 29916715408166913 -12.7876 LRK
MB086 29915875469434880 -12.7923 LRK
MB086 29913978117300224 -12.7864 LRK
MB086 29902796727779330 -12.7899 LRK
MB086 29894505872236545 -12.7903 LRK
MB086 29886962143854592 -12.7868 LRK
MB086 29885549351280640 -12.7903 LRK
MB086 29869089979633664 -12.0617 LRK
MB086 29866394778599425 -12.7919 LRK
MB086 29860870808936449 -12.7915 LRK
MB086 29857167506931712 -12.569 LRK
MB086 29846527547543552 -12.5694 LRK
MB086 29844199524274176 -12.7891 LRK
MB086 29834043126194177 -12.5694 LRK
MB086 29832975470305280 -12.7903 LRK
MB086 29831063102554112 -12.7899 LRK
MB086 29827445376942080 -12.7903 LRK
MB086 29824874235035648 -12.7891 LRK
MB086 29815336723283969 -12.7903 LRK
MB086 29805345765335041 -12.569 LRK
MB086 29802935240101889 -12.7872 LRK
MB086 29799186077589505 -12.5734 LRK
MB086 29784663161573376 -12.7883 LRK
MB086 29783596797530113 -12.7876 LRK
MB086 29779073651703808 -12.7887 LRK
MB086 29773927471382529 -12.7872 LRK
MB086 29773865412460545 -12.7895 LRK
MB086 29768217274621952 -12.7864 LRK
MB086 29766892201713664 -12.7891 LRK
MB086 29755257735086081 -12.7836 LRK
MB086 29752305800708096 -12.7883 LRK
MB086 29750003706634240 -12.7899 LRK
MB086 29748170787397632 -12.0593 LRK
MB086 29744332361699328 -12.7872 LRK
MB086 29742473332920320 -12.7844 LRK
MB086 29734051074015232 -12.7899 LRK
MB086 29731985010196480 -12.7848 LRK
MB086 29730177667829760 -12.7907 LRK
MB086 29726807246770176 -12.7868 LRK
MB086 29726169683197952 -12.7907 LRK
MB086 29723480316444672 -12.7876 LRK
MB086 29717360587841536 -12.571 LRK
MB086 29715991520874496 -12.0649 LRK
MB086 29706398333927425 -12.7895 LRK
MB086 29697599837577216 -12.7891 LRK
MB086 29688890453393408 -12.7891 LRK
MB086 29688104860254209 -12.7927 LRK
MB086 29681785755410433 -12.7856 LRK
MB086 29678420153606145 -12.7844 LRK
MB086 29676217019932672 -12.7852 LRK
MB086 29670909463756801 -12.7899 LRK
MB086 29669094923964416 -12.7923 LRK
MB086 29656965734993920 -12.7899 LRK
MB086 29654358702428161 -12.7868 LRK
MB086 29653983232532480 -12.7895 LRK
MB086 29649858008715265 -12.7891 LRK
MB086 29648841972121600 -12.0649 LRK
MB086 29646756241219585 -12.7919 LRK
MB086 29642200241414144 -12.0625 LRK
MB086 29640160798834688 -12.7923 LRK
MB086 29637025531437056 -12.7899 LRK
MB086 29624902826852352 -12.7915 LRK
MB086 29617035436625920 -12.0609 LRK
MB086 29600024887296000 -12.7848 LRK
MB086 29593756491579392 -12.7872 LRK
MB086 29588514202984449 -12.786 LRK
MB086 29586798711672832 -12.7911 LRK
MB086 29585549970898945 -12.7879 LRK
MB086 29583441351680002 -12.5678 LRK
MB086 29576023934763008 -12.7915 LRK
MB086 29570380972695552 -12.7848 LRK
MB086 29569668519825408 -12.7876 LRK
MB086 29564886354763776 -12.7895 LRK
MB086 29559375261601792 -12.7919 LRK
MB086 29556269169774592 -12.5698 LRK
MB086 29554157409013760 -12.7876 LRK
MB086 29545122429407232 -12.784 LRK
MB086 29539369320718338 -12.7927 LRK
MB086 29529620386676736 -12.7887 LRK
MB086 29515041929691137 -12.7919 LRK
MB086 29513205877313536 -12.7872 LRK
MB086 29501373070446592 -12.0641 LRK
MB086 29498026905051136 -12.7887 LRK
MB086 29494391810818048 -12.7919 LRK
MB086 29492447847383041 -12.7887 LRK
MB086 29491383353999360 -12.7856 LRK
MB086 29488990407098368 -12.7864 LRK
MB086 29485632304717824 -12.7915 LRK
MB086 29469216423813121 -12.7872 LRK
MB086 29463996230799360 -12.7883 LRK
MB086 29459452583215104 -12.7931 LRK
MB086 29453459002499072 -12.7911 LRK
MB086 29442086180749312 -11.8333 LRK
MB086 29441608327892992 -12.7864 LRK
MB086 29439914063953920 -12.7868 LRK
MB086 29438683413221376 -12.7856 LRK
MB086 29435676638314496 -12.7923 LRK
MB086 29435673865879552 -12.7923 LRK
MB086 29428612545380352 -12.0597 LRK
MB086 29414758830571520 -12.7911 LRK
MB086 29405576991612928 -12.7828 LRK
MB086 29404802370772992 -12.0609 LRK
MB086 29404485226856448 -12.7887 LRK
MB086 29402165919350784 -12.7907 LRK
MB086 29399825455783936 -12.7903 LRK
MB086 29398510877024256 -12.7887 LRK
MB086 29392983799365632 -12.7876 LRK
MB086 29388008155258880 -12.7879 LRK
MB086 29386574865104896 -12.7931 LRK
MB086 29385081176981505 -12.7852 LRK
MB086 29384234535755777 -12.7876 LRK
MB086 29383227986677760 -11.1085 LRK
MB086 29380520303394816 -12.786 LRK
MB086 29375797848444929 -12.7852 LRK
MB086 29374628942053376 -12.7899 LRK
MB086 29373247833251840 -12.7883 LRK
MB086 29371773623476225 -12.7915 LRK
MB086 29369515326312448 -12.7848 LRK
MB086 29355438835240960 -12.7868 LRK
MB086 29355238905348098 -12.7852 LRK
MB086 29347479497482240 -12.7864 LRK
MB086 29345535580180480 -12.7915 LRK
MB086 29335001745063936 -12.7899 LRK
MB086 29328378410573824 -12.7879 LRK
MB086 29327363422556160 -12.7919 LRK
MB086 29325434873192448 -12.7868 LRK
MB086 29298393402572801 -12.7903 LRK
MB086 29297487437103104 -12.7903 LRK
MB086 29297475609174016 -12.7899 LRK
MB086 29296356346560512 -12.7895 LRK
MB086 29296097251819521 -12.7852 LRK
MB086 29287874578882560 -12.7919 LRK
MB086 29286177517346816 -12.7915 LRK
MB086 29284152725475328 -12.7907 LRK
MB086 29271317354123264 -12.7876 LRK
MB086 29265201169694721 -12.5706 LRK
MB086 29262420102881280 -12.7899 LRK
MB086 29258998540668928 -12.7872 LRK
MB086 29244981755514880 -12.784 LRK
MB086 29243219967483904 -12.7927 LRK
MB086 29234173906522112 -12.7911 LRK
MB086 29232030084505600 -12.7907 LRK
MB086 29227317930762240 -12.7919 LRK
MB086 29222231989035008 -12.7879 LRK
MB086 29212764283076608 -12.0629 LRK
MB086 29209902102618112 -12.7899 LRK
MB086 29204467731660800 -12.7876 LRK
MB086 29189252570939392 -12.0653 LRK
MB086 29188875788226561 -12.7879 LRK
MB086 29187973064953856 -12.0661 LRK
MB086 29181814337699840 -12.7919 LRK
MB086 29163765572304897 -12.7872 LRK
MB086 29162492747845632 -12.7919 LRK
MB086 29159007616761856 -12.7879 LRK
MB086 29158158857408513 -12.7864 LRK
MB086 29146763931680768 -11.1097 LRK
MB086 29144305486528512 -12.7903 LRK
MB086 29143135825174528 -12.7903 LRK
MB086 29127486059061248 -12.7879 LRK
MB086 29121866333425664 -12.7907 LRK
MB086 29119923103989760 -12.569 LRK
MB086 29118332934295552 -12.7919 LRK
MB086 29117396539150336 -12.7899 LRK
MB086 29094089513238528 -12.786 LRK
MB086 29086199763181568 -12.7931 LRK
MB086 29070177752584192 -12.0657 LRK
MB086 29067530056245248 -12.7895 LRK
MB086 29065212611002369 -12.7879 LRK
MB086 29052491538628609 -12.7907 LRK
MB086 29050649618415616 -12.7864 LRK
MB086 29049115472044032 -12.7919 LRK
MB086 29040482524856321 -12.7911 LRK
MB086 29039139458383872 -12.7868 LRK
MB086 29036632392863744 -12.5694 LRK
MB086 29028594143461377 -12.7923 LRK
MB086 29025135629438977 -12.786 LRK
MB086 29018191883673600 -12.7911 LRK
MB086 29015151210405889 -12.7907 LRK
MB086 29014715824873472 -12.7939 LRK
MB086 29013764443475969 -12.0669 LRK
MB086 29001106029805569 -12.7852 LRK
MB086 28986909833297920 -12.7883 LRK
MB086 28981043449044992 -12.7915 LRK
MB086 28978703102902273 -12.7856 LRK
MB086 28978692289994752 -12.7907 LRK
MB086 28978641706684416 -11.1097 LRK
MB086 28974893693411328 -12.7852 LRK
MB086 28971749961891840 -12.7911 LRK
