MB096 31146959217631232 -11.2752 LRK
MB096 31143839632728064 -11.2693 LRK
MB096 31141530945196033 -10.946 LRK
MB096 31132697707413505 -11.2748 LRK
MB096 31124752957440000 -11.2768 LRK
MB096 31124582609981441 -11.2733 LRK
MB096 31123136002916353 -11.2756 LRK
MB096 31118494430924800 -11.2717 LRK
MB096 31108464117809152 -11.2717 LRK
MB096 31106693106507776 -11.2733 LRK
MB096 31105189071036417 -11.2685 LRK
MB096 31101212262662144 -11.2717 LRK
MB096 31100738906099714 -11.2701 LRK
MB096 31099915169955840 -11.2717 LRK
MB096 31093338153156610 -11.2709 LRK
MB096 31092794651054080 -11.2752 LRK
MB096 31089142360182784 -10.9429 LRK
MB096 31088200415973376 -11.2729 LRK
MB096 31086418851794944 -11.2748 LRK
MB096 31086415391490048 -11.2721 LRK
MB096 31084052219961344 -11.2733 LRK
MB096 31082487463550976 -11.2752 LRK
MB096 31079186332389376 -11.276 LRK
MB096 31065844029067264 -11.2709 LRK
MB096 31062622128316416 -11.2733 LRK
MB096 31058906281152513 -11.2748 LRK
MB096 31051296890949632 -11.2705 LRK
MB096 31041082313678849 -11.2713 LRK
MB096 31038540506730496 -11.2701 LRK
MB096 31037367720607744 -11.2737 LRK
MB096 31034389991264256 -11.2744 LRK
MB096 31030637691408384 -11.276 LRK
MB096 31025789801594881 -11.2721 LRK
MB096 31021732710055936 -11.2748 LRK
MB096 31011234711080961 -11.2733 LRK
MB096 30990647825534976 -11.2717 LRK
MB096 30917174801469440 -11.2733 LRK
MB096 30904170546466816 -10.946 LRK
MB096 30884178111234048 -11.2737 LRK
MB096 30879538359570432 -10.946 LRK
MB096 30837851985809409 -11.2709 LRK
MB096 30831177237532672 -11.274 LRK
MB096 30816105832382464 -11.2721 LRK
MB096 30815554189131776 -11.2725 LRK
MB096 30808429232656384 -11.2733 LRK
MB096 30808052298940416 -11.2717 LRK
MB096 30806875154948096 -11.2756 LRK
MB096 30803885387943936 -11.276 LRK
MB096 30803428846346240 -11.2713 LRK
MB096 30801703657799681 -10.9453 LRK
MB096 30798427885412352 -11.274 LRK
MB096 30797432077950976 -11.274 LRK
MB096 30794027473313792 -11.2689 LRK
MB096 30793507413168129 -11.2717 LRK
MB096 30792544333864960 -11.2725 LRK
MB096 30791309602070528 -11.2748 LRK
MB096 30789460249550848 -11.2709 LRK
MB096 30787917794250752 -11.2764 LRK
MB096 30782140102737920 -11.2733 LRK
MB096 30779274155786241 -11.2725 LRK
MB096 30774982124511232 -11.2725 LRK
MB096 30773692904505344 -11.2756 LRK
MB096 30768860906917888 -11.2713 LRK
MB096 30761496719917056 -11.2737 LRK
MB096 30760710820597760 -11.2748 LRK
MB096 30754494006431744 -11.2717 LRK
MB096 30754168465522688 -11.2729 LRK
MB096 30752167727996929 -11.2729 LRK
MB096 30744378272129024 -11.2689 LRK
MB096 30743373090394113 -11.2744 LRK
MB096 30741828105928705 -11.2705 LRK
MB096 30732007998754817 -10.9484 LRK
MB096 30729311363268608 -11.2713 LRK
MB096 30725843470786560 -11.2705 LRK
MB096 30724743707500544 -11.2713 LRK
MB096 30724636010348544 -11.2752 LRK
MB096 30720939691868160 -11.2733 LRK
MB096 30718248609644544 -11.2705 LRK
MB096 30717481148485632 -11.2748 LRK
MB096 30716005659451394 -11.2744 LRK
MB096 30712111638249473 -11.2721 LRK
MB096 30711589497741312 -10.9559 LRK
MB096 30708075954446337 -11.274 LRK
MB096 30705418871246849 -11.2737 LRK
MB096 30697285922852864 -11.2768 LRK
MB096 30696455144476673 -11.2713 LRK
MB096 30694511046819841 -11.2717 LRK
MB096 30693758219583489 -11.2729 LRK
MB096 30692417791328256 -11.2713 LRK
MB096 30688506292473857 -11.2709 LRK
MB096 30686640804462593 -11.2733 LRK
MB096 30685769240682496 -11.2721 LRK
MB096 30682571528474625 -11.2725 LRK
MB096 30682010980716544 -11.2737 LRK
MB096 30681768222785538 -10.9476 LRK
MB096 30678734231052288 -11.2776 LRK
MB096 30674587989577732 -11.2752 LRK
MB096 30673734155112449 -11.2697 LRK
MB096 30672626976296960 -11.2752 LRK
MB096 30667377909698561 -11.274 LRK
MB096 30663360232038400 -11.2701 LRK
MB096 30660093770993664 -11.2756 LRK
MB096 30650769640263680 -11.2756 LRK
MB096 30643817208094721 -11.276 LRK
MB096 30630018384138240 -11.2721 LRK
MB096 30623733236367360 -11.2729 LRK
MB096 30620282926403586 -11.2705 LRK
MB096 30615843549224961 -11.2748 LRK
MB096 30606094262870016 -10.946 LRK
MB096 30592183606181888 -11.2705 LRK
MB096 30588015197814785 -11.276 LRK
MB096 30586778016555008 -10.9468 LRK
MB096 30572861492043776 -11.2748 LRK
MB096 30555539452723200 -11.276 LRK
MB096 30538068553371648 -11.2733 LRK
MB096 30529515016945665 -11.2748 LRK
MB096 30521246529626112 -11.2717 LRK
MB096 30520154823589889 -11.2733 LRK
MB096 30516292553277441 -11.276 LRK
MB096 30509766656663552 -10.946 LRK
MB096 30507989349703680 -11.2744 LRK
MB096 30506072846368768 -11.276 LRK
MB096 30502297821773824 -11.2744 LRK
MB096 30498819334479873 -11.274 LRK
MB096 30498542015483904 -11.2752 LRK
MB096 30495900610600960 -11.2756 LRK
MB096 30488963688960000 -11.2721 LRK
MB096 30485680375209985 -11.2713 LRK
MB096 30477438714650624 -11.2713 LRK
MB096 30474989941559296 -11.2721 LRK
MB096 30471888819982336 -11.2717 LRK
MB096 30470058908065792 -11.2733 LRK
MB096 30458775651487745 -11.2729 LRK
MB096 30457505075167232 -11.2725 LRK
MB096 30454255525564416 -11.2713 LRK
MB096 30446673683546112 -11.2685 LRK
MB096 30439343227146240 -11.2752 LRK
MB096 30436694226378752 -11.2729 LRK
MB096 30434637184499713 -10.946 LRK
MB096 30433641528041472 -11.2752 LRK
MB096 30431426381877249 -11.2717 LRK
MB096 30427200947748864 -11.2721 LRK
MB096 30425945718398977 -11.2729 LRK
MB096 30424890628644864 -11.2737 LRK
MB096 30423510601957376 -11.2689 LRK
MB096 30412574151409666 -11.2705 LRK
MB096 30408701626028033 -11.2705 LRK
MB096 30407185510965248 -10.9472 LRK
MB096 30406549176320000 -11.2713 LRK
MB096 30405726165794817 -11.2721 LRK
MB096 30404081516285952 -10.9453 LRK
MB096 30401299585441794 -11.2744 LRK
MB096 30391166872584192 -11.2744 LRK
MB096 30390248491982848 -10.946 LRK
MB096 30386670897471488 -11.2725 LRK
MB096 30383807265771520 -11.2756 LRK
MB096 30381707496525828 -10.946 LRK
MB096 30378297334435841 -11.2764 LRK
MB096 30377307197669376 -9.10565 LRK
MB096 30375997190705153 -11.2725 LRK
MB096 30375924964790273 -11.2705 LRK
MB096 30375352425521152 -11.2744 LRK
MB096 30375276701548544 -11.2764 LRK
MB096 30373791309762560 -9.10406 LRK
MB096 30373299770888192 -11.2725 LRK
MB096 30373188349206528 -11.2717 LRK
MB096 30369880804954112 -9.10565 LRK
MB096 30369777197252609 -9.10327 LRK
MB096 30364613040144384 -11.2693 LRK
MB096 30363558986391553 -11.2709 LRK
MB096 30363522240094208 -11.2717 LRK
MB096 30362715050483712 -11.2756 LRK
MB096 30361303935619072 -11.2752 LRK
MB096 30355108457873408 -11.274 LRK
MB096 30346948200366080 -11.2737 LRK
MB096 30344460025995264 -11.2752 LRK
MB096 30338085833154560 -10.9449 LRK
MB096 30330349514915840 -11.2721 LRK
MB096 30328558802968576 -11.2713 LRK
MB096 30326405107552256 -11.2721 LRK
MB096 30325582671642624 -11.2693 LRK
MB096 30324320572014594 -9.09969 LRK
MB096 30320859151335424 -11.2721 LRK
MB096 30318599885291521 -11.2733 LRK
MB096 30318217020837889 -11.2697 LRK
MB096 30315977883254784 -11.276 LRK
MB096 30315224259104768 -11.2737 LRK
MB096 30312761338626048 -11.2709 LRK
MB096 30305227429122048 -10.9453 LRK
MB096 30303471261458433 -11.2729 LRK
MB096 30303360913506304 -11.2744 LRK
MB096 30301743258542080 -11.2748 LRK
MB096 30292257361891329 -11.2705 LRK
MB096 30277574173134848 -11.2729 LRK
MB096 30272035993161728 -11.274 LRK
MB096 30267417691160576 -11.2701 LRK
MB096 30265567491399680 -11.2768 LRK
MB096 30262731235921921 -11.2729 LRK
MB096 30224757127389184 -11.2744 LRK
MB096 30209763061010432 -11.2705 LRK
MB096 30187987379687424 -10.7505 LRK
MB096 30173889518637057 -11.2717 LRK
MB096 30173308058083328 -11.274 LRK
MB096 30154134346792960 -11.2744 LRK
MB096 30148062970126336 -11.2737 LRK
MB096 30145992246427648 -11.2756 LRK
MB096 30134715268730880 -11.2705 LRK
MB096 30127892851589120 -11.2744 LRK
MB096 30126321799532544 -11.2705 LRK
MB096 30125049046372352 -11.2705 LRK
MB096 30122055915536384 -11.274 LRK
MB096 30120295868137472 -11.274 LRK
MB096 30115141613780992 -11.2729 LRK
MB096 30114592864608256 -11.2713 LRK
MB096 30111977615392768 -11.2721 LRK
MB096 30110295154237441 -11.2744 LRK
MB096 30100934449172481 -11.2717 LRK
MB096 30100864605622272 -11.2725 LRK
MB096 30097643929604097 -11.2721 LRK
MB096 30094254898421761 -11.2748 LRK
MB096 30093101347381248 -11.2697 LRK
MB096 30093067302215680 -11.2701 LRK
MB096 30087813399576576 -11.2729 LRK
MB096 30087537099804673 -11.2709 LRK
MB096 30076609025282048 -10.9476 LRK
MB096 30062428016345088 -11.274 LRK
MB096 30062422576336896 -11.2756 LRK
MB096 30060347985494016 -11.2721 LRK
MB096 30058678233071616 -11.2748 LRK
MB096 30055589400813568 -11.274 LRK
MB096 30055145937043456 -11.2744 LRK
MB096 30054436952870912 -11.2752 LRK
MB096 30052429919690752 -11.2737 LRK
MB096 30052161668775936 -11.2768 LRK
MB096 30039858076454912 -11.2744 LRK
MB096 30039037666394112 -11.2733 LRK
MB096 30039009019297792 -11.2697 LRK
MB096 30037947763916800 -11.2737 LRK
MB096 30032478945148928 -11.2748 LRK
MB096 30031649274068992 -11.2744 LRK
MB096 30031479236984834 -11.2744 LRK
MB096 30029869786075137 -11.2725 LRK
MB096 30028986042028033 -11.2756 LRK
MB096 30022330415587328 -11.2693 LRK
MB096 30020457008726016 -11.2744 LRK
MB096 30020078904811520 -11.2689 LRK
MB096 30018780700606464 -11.2756 LRK
MB096 30018726657003520 -11.2729 LRK
MB096 30018410427457536 -11.2733 LRK
MB096 30009957734678529 -11.2705 LRK
MB096 30009933927809024 -11.2764 LRK
MB096 30005343475994624 -11.2729 LRK
MB096 30004400030220288 -11.2709 LRK
MB096 29992611263553536 -11.2744 LRK
MB096 29990868341489664 -11.2744 LRK
MB096 29990290223800321 -11.2748 LRK
MB096 29986876462993408 -10.9464 LRK
MB096 29984984123056128 -10.948 LRK
MB096 29982964318212096 -11.2717 LRK
MB096 29982226984730624 -11.2748 LRK
MB096 29978634789855232 -11.2725 LRK
MB096 29977738597105664 -11.2717 LRK
MB096 29975733250031617 -11.2705 LRK
MB096 29973612786098177 -10.9445 LRK
MB096 29970743043297282 -11.2725 LRK
MB096 29969971731763200 -11.2709 LRK
MB096 29968622453526528 -11.2748 LRK
MB096 29957763345948673 -11.2752 LRK
MB096 29957250411925504 -11.2748 LRK
MB096 29954805472432128 -11.2725 LRK
MB096 29951342579548160 -11.2737 LRK
MB096 29947258413776896 -11.2729 LRK
MB096 29934479816523777 -11.2737 LRK
MB096 29934339449954304 -11.2756 LRK
MB096 29932856050458625 -11.274 LRK
MB096 29922248823406592 -11.2721 LRK
MB096 29921918421303296 -11.2713 LRK
MB096 29912415286071296 -11.2697 LRK
MB096 29909228093181953 -11.2748 LRK
MB096 29885532666331136 -11.2713 LRK
MB096 29866854377857024 -11.2725 LRK
MB096 29857943499317248 -11.2729 LRK
MB096 29855550460133376 -11.2737 LRK
MB096 29832119660318720 -11.2701 LRK
MB096 29831520420102144 -11.2721 LRK
MB096 29816945675075586 -11.2737 LRK
MB096 29816092146798592 -11.2709 LRK
MB096 29790304798244864 -11.2744 LRK
MB096 29789489547186177 -11.274 LRK
MB096 29784440548884481 -11.2729 LRK
MB096 29784054542893056 -11.2713 LRK
MB096 29783111403307008 -11.2713 LRK
MB096 29782794351673344 -11.2744 LRK
MB096 29781878110167040 -11.2701 LRK
MB096 29768161691697152 -11.2713 LRK
MB096 29767422915383296 -11.2713 LRK
MB096 29764014028365825 -11.2677 LRK
MB096 29763031474896896 -11.2748 LRK
MB096 29761256378339328 -11.2725 LRK
MB096 29750837530066944 -11.2721 LRK
MB096 29750076360364033 -11.2725 LRK
MB096 29742734247989249 -11.2709 LRK
MB096 29735093052379136 -11.2752 LRK
MB096 29722931307216896 -11.2689 LRK
MB096 29714988574707713 -11.2697 LRK
MB096 29710916626939904 -11.2725 LRK
MB096 29710318464663553 -11.274 LRK
MB096 29706747924975617 -11.2752 LRK
MB096 29702540148875264 -11.2725 LRK
MB096 29701926505422850 -11.2721 LRK
MB096 29696095248457728 -11.2752 LRK
MB096 29691352975413248 -10.9476 LRK
MB096 29687995678330883 -11.2717 LRK
MB096 29686820694396928 -11.276 LRK
MB096 29686599658770433 -11.2756 LRK
MB096 29686043330478080 -11.274 LRK
MB096 29686042680365056 -11.274 LRK
MB096 29683628841639937 -11.2725 LRK
MB096 29681562882674689 -11.2748 LRK
MB096 29681096245387264 -11.2752 LRK
MB096 29679395820011520 -11.2733 LRK
MB096 29678817949777921 -11.2717 LRK
MB096 29678703910854656 -11.2729 LRK
MB096 29675124856717313 -11.2744 LRK
MB096 29669909201948673 -11.2737 LRK
MB096 29668896369807361 -11.2737 LRK
MB096 29658208410796032 -10.9504 LRK
MB096 29657773172064256 -11.2744 LRK
MB096 29655554670469120 -11.2752 LRK
MB096 29654436691316736 -11.2756 LRK
MB096 29651702625869824 -11.2748 LRK
MB096 29650590917201920 -10.9456 LRK
MB096 29648631103492096 -11.2752 LRK
MB096 29644622011568128 -11.2709 LRK
MB096 29643520310517760 -11.2717 LRK
MB096 29637500142100480 -11.2764 LRK
MB096 29635504257372160 -11.2744 LRK
MB096 29634885278769152 -11.2733 LRK
MB096 29632800994885632 -11.2725 LRK
MB096 29632594391863297 -11.274 LRK
MB096 29631832987279361 -11.2744 LRK
MB096 29628059602657281 -11.2737 LRK
MB096 29626540014702592 -11.2756 LRK
MB096 29625813531889664 -11.2697 LRK
MB096 29622573750812672 -10.9468 LRK
MB096 29619667924422656 -11.2697 LRK
MB096 29614373358010368 -11.2733 LRK
MB096 29607812124377089 -11.2725 LRK
MB096 29602384787283968 -10.9476 LRK
MB096 29602062153023488 -11.2697 LRK
MB096 29601630324269056 -11.2752 LRK
MB096 29601203251847168 -11.2713 LRK
MB096 29598802742607872 -11.2768 LRK
MB096 29597814132572160 -11.2744 LRK
MB096 29594244788256769 -11.2729 LRK
MB096 29594059467132928 -9.10248 LRK
MB096 29590877076721664 -11.2733 LRK
MB096 29588975958106113 -11.2764 LRK
MB096 29588654942851072 -11.2764 LRK
MB096 29588060400259072 -11.2733 LRK
MB096 29585315488333825 -11.2756 LRK
MB096 29584884204838912 -10.9476 LRK
MB096 29584371321151488 -11.2721 LRK
MB096 29583795262853121 -11.2733 LRK
MB096 29582349108776960 -11.2697 LRK
MB096 29576869535817728 -11.2744 LRK
MB096 29575383770726400 -11.274 LRK
MB096 29571333507514368 -10.9456 LRK
MB096 29569696583913472 -11.278 LRK
MB096 29564031354273792 -11.2776 LRK
MB096 29561527145078786 -11.2752 LRK
MB096 29555430615158784 -11.2725 LRK
MB096 29553886402445313 -11.2717 LRK
MB096 29547043429023744 -11.2748 LRK
MB096 29544314979745792 -10.952 LRK
MB096 29540134382735360 -11.2721 LRK
MB096 29536585452093440 -11.2721 LRK
MB096 29535796448993280 -11.2697 LRK
MB096 29525649467117568 -11.274 LRK
MB096 29508182212616192 -11.2744 LRK
MB096 29501868765876224 -11.276 LRK
MB096 29490865109995520 -11.2744 LRK
MB096 29484795406843904 -11.2737 LRK
MB096 29482696187060224 -11.2713 LRK
MB096 29476982622257152 -11.274 LRK
MB096 29470096313290753 -11.2729 LRK
MB096 29463557699538944 -11.2713 LRK
MB096 29462377116209152 -11.2733 LRK
MB096 29462246866292736 -11.2705 LRK
MB096 29454516508168193 -11.2752 LRK
MB096 29438739365232640 -11.2713 LRK
MB096 29438356861485056 -11.2717 LRK
MB096 29433278888943616 -11.2705 LRK
MB096 29424205585981440 -11.2701 LRK
MB096 29413388522094592 -11.2756 LRK
MB096 29410578996924416 -11.2693 LRK
MB096 29406657368825857 -11.2701 LRK
MB096 29406354548465664 -11.2744 LRK
MB096 29402773862748161 -11.2764 LRK
MB096 29400947352403968 -11.2725 LRK
MB096 29400430714822657 -11.2756 LRK
MB096 29394257399783424 -11.2717 LRK
MB096 29384279930707968 -11.2717 LRK
MB096 29383661279256576 -11.2733 LRK
MB096 29382613344976897 -11.2737 LRK
MB096 29381540853063680 -11.2768 LRK
MB096 29378827184504832 -11.274 LRK
MB096 29378132708425729 -11.2729 LRK
MB096 29376866024427521 -11.2733 LRK
MB096 29376508501954560 -11.2729 LRK
MB096 29370345785925633 -11.2764 LRK
MB096 29356167775916032 -11.2713 LRK
MB096 29353369575362560 -11.2705 LRK
MB096 29352216045297664 -11.2725 LRK
MB096 29350312703692800 -11.2713 LRK
MB096 29348620343967746 -11.2764 LRK
MB096 29348050367414272 -11.2689 LRK
MB096 29344772489486336 -10.9405 LRK
MB096 29344371757289472 -11.2725 LRK
MB096 29343904239194112 -11.2701 LRK
MB096 29341983025668096 -11.2772 LRK
MB096 29340380390498304 -11.2772 LRK
MB096 29338826614775808 -11.2721 LRK
MB096 29334488668438528 -10.9464 LRK
MB096 29317896664514561 -11.2721 LRK
MB096 29317193061634048 -11.2717 LRK
MB096 29317122970624001 -11.2705 LRK
MB096 29316493388816384 -11.2705 LRK
MB096 29316453584867328 -10.9476 LRK
MB096 29316248466624513 -11.274 LRK
MB096 29315810925223936 -11.2752 LRK
MB096 29315357684539392 -10.9464 LRK
MB096 29313252131340291 -11.2709 LRK
MB096 29310126884130816 -11.276 LRK
MB096 29307433402765313 -11.2725 LRK
MB096 29307416726216704 -11.2717 LRK
MB096 29306705099624448 -11.2748 LRK
MB096 29306331676545026 -11.2709 LRK
MB096 29304476456194049 -11.2717 LRK
MB096 29304241659052033 -11.2713 LRK
MB096 29291427800293376 -11.2685 LRK
MB096 29291154696577025 -9.10248 LRK
MB096 29285206586302465 -11.2748 LRK
MB096 29284399547686913 -11.2721 LRK
MB096 29282965934571520 -11.2729 LRK
MB096 29282916886380544 -11.2744 LRK
MB096 29282813089947649 -11.2709 LRK
MB096 29276536792158208 -11.2756 LRK
MB096 29273551546617856 -11.2737 LRK
MB096 29272099025588224 -10.9445 LRK
MB096 29271934105550849 -11.2744 LRK
MB096 29266412123979776 -11.274 LRK
MB096 29263388676726785 -11.2717 LRK
MB096 29262698759856128 -11.2748 LRK
MB096 29261767334952961 -11.2725 LRK
MB096 29260306416926721 -11.2756 LRK
MB096 29258131817107456 -11.2713 LRK
MB096 29256183307042816 -11.2705 LRK
MB096 29254888105967616 -11.2713 LRK
MB096 29253793996607489 -10.9492 LRK
MB096 29247785748398082 -11.2721 LRK
MB096 29246731241660416 -11.2725 LRK
MB096 29246402953482240 -11.2729 LRK
MB096 29244181213872128 -11.2729 LRK
MB096 29242412538793985 -11.2748 LRK
MB096 29241157359767552 -11.2737 LRK
MB096 29238925562220544 -11.2744 LRK
MB096 29238441258520577 -10.9429 LRK
MB096 29237730416263168 -11.2725 LRK
MB096 29235373515214848 -11.2756 LRK
MB096 29233445783740417 -11.2752 LRK
MB096 29233393245884416 -11.2685 LRK
MB096 29230765652840448 -11.2717 LRK
MB096 29230496688906240 -11.2729 LRK
MB096 29229471554871296 -11.2709 LRK
MB096 29228773077422080 -11.2733 LRK
MB096 29226255119290368 -11.2733 LRK
MB096 29224223822057472 -10.9468 LRK
MB096 29223340312887296 -10.9468 LRK
MB096 29219029604376577 -11.2685 LRK
MB096 29214285989158913 -11.2677 LRK
MB096 29203466870063105 -11.2713 LRK
MB096 29195285909471232 -11.2709 LRK
MB096 29191677381967872 -11.2717 LRK
MB096 29187722795024385 -11.2713 LRK
MB096 29180827543801856 -11.2697 LRK
MB096 29177332178620416 -11.2756 LRK
MB096 29170642867716096 -11.2752 LRK
MB096 29162481142210561 -11.2713 LRK
MB096 29159405417136129 -11.2721 LRK
MB096 29136000466817025 -11.2705 LRK
MB096 29125863362531328 -10.946 LRK
MB096 29110871913406464 -11.2721 LRK
MB096 29106020013838336 -11.2705 LRK
MB096 29101649716842496 -11.274 LRK
MB096 29093195606401024 -11.2705 LRK
MB096 29090249187528705 -11.2713 LRK
MB096 29079824827940864 -11.2729 LRK
MB096 29078960922955776 -11.2737 LRK
MB096 29074479665643521 -11.2701 LRK
MB096 29073860754149377 -11.2737 LRK
MB096 29065968076455936 -11.2737 LRK
MB096 29065426277244928 -10.9449 LRK
MB096 29065010684633089 -11.2725 LRK
MB096 29062201738264577 -11.2737 LRK
MB096 29060569956880384 -11.2689 LRK
MB096 29054742508347393 -11.2733 LRK
MB096 29050296327995392 -11.2737 LRK
MB096 29047015467917312 -11.2768 LRK
MB096 29044873021628416 -10.9456 LRK
MB096 29042615496216577 -11.2744 LRK
MB096 29041532879249409 -10.946 LRK
MB096 29041503305203712 -11.2709 LRK
MB096 29039598793392128 -11.2717 LRK
MB096 29031242255044608 -11.2701 LRK
MB096 29027590014504960 -11.2717 LRK
MB096 29027324745744384 -11.2744 LRK
MB096 29023241632751616 -11.2705 LRK
MB096 29014462782504960 -11.2705 LRK
MB096 29014093859917824 -11.2701 LRK
MB096 29013741173481472 -11.2697 LRK
MB096 29011436185325568 -11.2733 LRK
MB096 29011142726651904 -11.2733 LRK
MB096 29007740508577792 -11.2725 LRK
MB096 29005993958440961 -10.9472 LRK
MB096 29000023681269760 -11.2752 LRK
MB096 28994234363154432 -11.274 LRK
MB096 28994160543408128 -11.2721 LRK
MB096 28990073705861120 -11.2713 LRK
MB096 28989616258293760 -11.2705 LRK
MB096 28989402587856896 -11.2729 LRK
MB096 28988906590441472 -11.2717 LRK
MB096 28986077549174784 -11.2705 LRK
MB096 28982747544428544 -11.2717 LRK
MB096 28982468296056833 -11.2737 LRK
MB096 28981986542493697 -11.2744 LRK
MB096 28979633890267136 -11.2733 LRK
MB096 28977806142603264 -11.2756 LRK
MB096 28976730760806400 -11.2744 LRK
MB096 28974892850348032 -11.2737 LRK
MB096 28966653265973249 -11.274 LRK
